Mplus VERSION 8.6 (Mac)
MUTHEN & MUTHEN
09/07/2023  12:01 PM

INPUT INSTRUCTIONS

  TITLE:
  D3STEP_CPZw_24 - GMM_CI_isq@0cub@0_C_332_331;
  DATA:
  FILE = "/Users/olivierpercie/Desktop/LGM/SANS/Results/D3STEP/CPZw_24_D3STEP.dat";

  VARIABLE:
  NAMES = PIN SANS_0 SANS_1 SANS_2 SANS_3 SANS_6 SANS_9 SANS_12 SANS_18 SANS_24 I S Q
       CUB C_I C_S C_Q C_CUB CPROB1 CPROB2 CPROB3 N CPZw_24;
   MISSING=.;
   USEVAR = CPZw_24 N;
  NOMINAL = N;
  CLASSES = c(3);
  ANALYSIS:
  TYPE = MIXTURE;
  STARTS = 1000 250;
  PROCESSORS = 8;
  MODEL:
  %OVERALL%
  %C#1%
  [N#1@0.806];
  [N#2@-0.173];
  [CPZw_24](M1); CPZw_24;
  %C#2%
  [N#1@-1.455];
  [N#2@1.406];
  [CPZw_24](M2); CPZw_24;
  %C#3%
  [N#1@-2.938];
  [N#2@-1.577];
  [CPZw_24](M3); CPZw_24;
  MODEL CONSTRAINT:
  New (diff12 diff13 diff23);
  diff12 = M1 - M2;
  diff13 = M1 - M3;
  diff23 = M2 - M3;
  MODEL TEST:
  M1 = M2;
  M2 = M3;
  OUTPUT:
  SAMPSTAT;
  STANDARDIZED;
  CINTERVAL;
  TECH7;
  TECH12;



*** WARNING in MODEL command
  All variables are uncorrelated with all other variables within class.
  Check that this is what is intended.
*** WARNING
  Data set contains cases with missing on all variables.
  These cases were not included in the analysis.
  Number of cases with missing on all variables:  10
   2 WARNING(S) FOUND IN THE INPUT INSTRUCTIONS




D3STEP_CPZw_24 - GMM_CI_isq@0cub@0_C_332_331;

SUMMARY OF ANALYSIS

Number of groups                                                 1
Number of observations                                         679

Number of dependent variables                                    2
Number of independent variables                                  0
Number of continuous latent variables                            0
Number of categorical latent variables                           1

Observed dependent variables

  Continuous
   CPZW_24

  Unordered categorical (nominal)
   N

Categorical latent variables
   C


Estimator                                                      MLR
Information matrix                                        OBSERVED
Optimization Specifications for the Quasi-Newton Algorithm for
Continuous Outcomes
  Maximum number of iterations                                 100
  Convergence criterion                                  0.100D-05
Optimization Specifications for the EM Algorithm
  Maximum number of iterations                                 500
  Convergence criteria
    Loglikelihood change                                 0.100D-06
    Relative loglikelihood change                        0.100D-06
    Derivative                                           0.100D-05
Optimization Specifications for the M step of the EM Algorithm for
Categorical Latent variables
  Number of M step iterations                                    1
  M step convergence criterion                           0.100D-05
  Basis for M step termination                           ITERATION
Optimization Specifications for the M step of the EM Algorithm for
Censored, Binary or Ordered Categorical (Ordinal), Unordered
Categorical (Nominal) and Count Outcomes
  Number of M step iterations                                    1
  M step convergence criterion                           0.100D-05
  Basis for M step termination                           ITERATION
  Maximum value for logit thresholds                            15
  Minimum value for logit thresholds                           -15
  Minimum expected cell size for chi-square              0.100D-01
Maximum number of iterations for H1                           2000
Convergence criterion for H1                             0.100D-03
Optimization algorithm                                         EMA
Random Starts Specifications
  Number of initial stage random starts                       1000
  Number of final stage optimizations                          250
  Number of initial stage iterations                            10
  Initial stage convergence criterion                    0.100D+01
  Random starts scale                                    0.500D+01
  Random seed for generating random starts                       0

Input data file(s)
  /Users/olivierpercie/Desktop/LGM/SANS/Results/D3STEP/CPZw_24_D3STEP.dat
Input data format  FREE


SUMMARY OF DATA

     Number of missing data patterns             2
     Number of y missing data patterns           2
     Number of u missing data patterns           0


COVARIANCE COVERAGE OF DATA

Minimum covariance coverage value   0.100


     PROPORTION OF DATA PRESENT FOR Y


           Covariance Coverage
              CPZW_24
              ________
 CPZW_24        0.661


UNIVARIATE PROPORTIONS AND COUNTS FOR CATEGORICAL VARIABLES

    N
      Category 1    0.153          104.000
      Category 2    0.408          277.000
      Category 3    0.439          298.000


SAMPLE STATISTICS


     ESTIMATED SAMPLE STATISTICS


           Means
              CPZW_24
              ________
              185.068


           Covariances
              CPZW_24
              ________
 CPZW_24    58550.514


           Correlations
              CPZW_24
              ________
 CPZW_24        1.000


     MAXIMUM LOG-LIKELIHOOD VALUE FOR THE UNRESTRICTED (H1) MODEL IS -3101.585


UNIVARIATE SAMPLE STATISTICS


     UNIVARIATE HIGHER-ORDER MOMENT DESCRIPTIVE STATISTICS

         Variable/         Mean/     Skewness/   Minimum/ % with                Percentiles
        Sample Size      Variance    Kurtosis    Maximum  Min/Max      20%/60%    40%/80%    Median

     CPZW_24             185.068       2.465       0.000   25.39%       0.000     75.000    100.000
             449.000   58550.513       7.622    1464.871    0.22%     143.625    300.000

RANDOM STARTS RESULTS RANKED FROM THE BEST TO THE WORST LOGLIKELIHOOD VALUES


42 perturbed starting value run(s) did not converge or were rejected in the third stage.
Final stage loglikelihood values at local maxima, seeds, and initial stage start numbers:

           -3632.305  153394           429
           -3632.305  175199           247
           -3632.305  496762           870
           -3632.305  72344            897
           -3632.305  321390           133
           -3632.305  168762           200
           -3632.305  42523            730
           -3632.305  784664           75
           -3632.305  345070           114
           -3632.305  435506           988
           -3632.305  977800           853
           -3632.305  96617            955
           -3632.305  297518           166
           -3632.305  527050           948
           -3632.305  282464           283
           -3632.305  46502            714
           -3632.305  131856           90
           -3632.305  150531           154
           -3632.305  939870           655
           -3632.305  314084           81
           -3632.305  520177           262
           -3632.305  440395           917
           -3632.305  521575           313
           -3632.305  286735           175
           -3632.305  85114            385
           -3632.305  937885           426
           -3632.305  484687           306
           -3632.305  476498           179
           -3632.305  263049           454
           -3632.305  178181           753
           -3632.305  561664           392
           -3632.305  195353           225
           -3632.305  922042           492
           -3632.305  914505           838
           -3632.305  802644           874
           -3632.305  700270           855
           -3632.305  153942           31
           -3632.305  635245           121
           -3632.305  967902           52
           -3632.305  638611           524
           -3632.305  301717           823
           -3632.305  427006           839
           -3632.305  314034           513
           -3632.305  788796           145
           -3632.305  663090           906
           -3632.305  802256           477
           -3632.305  146900           391
           -3632.305  535063           329
           -3632.305  679832           302
           -3632.305  113138           585
           -3632.305  568859           49
           -3632.305  458181           189
           -3632.305  283492           435
           -3632.305  302046           863
           -3632.305  373702           669
           -3632.305  848331           137
           -3632.305  534193           689
           -3632.305  931874           141
           -3632.305  761633           50
           -3632.305  120506           45
           -3632.305  915642           40
           -3632.305  109946           771
           -3632.305  991329           182
           -3632.305  86651            993
           -3632.305  580405           286
           -3632.305  278661           674
           -3632.305  502532           445
           -3632.305  39136            226
           -3632.305  177175           851
           -3632.305  121425           511
           -3632.305  843555           952
           -3632.305  576220           115
           -3632.305  529496           343
           -3632.305  570908           98
           -3632.305  436460           89
           -3632.305  281558           184
           -3632.305  67009            564
           -3632.305  875667           367
           -3632.305  551639           55
           -3632.305  72662            729
           -3632.305  817298           967
           -3632.305  581196           921
           -3632.305  640833           434
           -3632.305  597614           284
           -3632.305  220492           743
           -3632.305  165853           105
           -3632.305  396614           918
           -3632.305  369602           146
           -3632.305  78862            529
           -3632.305  253358           2
           -3632.305  88437            761
           -3632.305  576783           866
           -3632.305  722748           346
           -3632.305  836066           372
           -3632.305  508482           446
           -3632.305  268217           83
           -3632.305  215353           164
           -3632.305  507218           613
           -3632.305  592219           119
           -3632.305  278692           342
           -3632.305  22362            365
           -3632.305  459221           652
           -3632.305  699834           723
           -3632.305  350608           334
           -3632.305  193042           316
           -3632.305  251680           794
           -3632.305  343926           624
           -3632.305  49293            707
           -3632.305  303634           169
           -3632.305  838615           677
           -3632.305  856536           144
           -3632.305  383979           603
           -3632.305  545108           667
           -3632.305  370481           742
           -3632.305  876943           650
           -3632.305  789985           67
           -3632.305  570681           777
           -3632.305  546943           865
           -3632.305  349562           359
           -3632.305  779820           877
           -3632.305  641794           591
           -3632.305  170118           238
           -3632.305  575700           100
           -3632.305  455617           242
           -3634.348  549244           756
           -3634.348  82200            830
           -3634.348  485256           371
           -3634.348  147440           514
           -3634.348  109357           765
           -3634.348  629720           926
           -3634.348  1548             384
           -3634.348  878749           728
           -3634.348  288738           940
           -3634.348  848590           694
           -3634.348  699810           571
           -3634.348  148918           682
           -3634.348  81951            907
           -3634.348  749453           33
           -3634.348  616917           261
           -3634.348  372176           23
           -3634.348  490123           995
           -3634.348  507154           387
           -3634.348  622290           880
           -3634.348  57226            208
           -3634.348  980970           894
           -3634.348  119513           821
           -3634.348  830529           279
           -3634.348  483369           270
           -3634.348  903633           553
           -3634.348  685657           69
           -3634.348  140849           515
           -3634.348  79212            517
           -3634.348  341519           653
           -3634.348  749635           420
           -3634.348  964570           701
           -3634.348  831410           567
           -3634.348  603842           61
           -3634.348  570782           193
           -3634.348  306768           978
           -3634.348  391179           78
           -3634.348  331681           549
           -3634.348  391368           802
           -3634.348  484116           915
           -3634.348  155749           960
           -3634.348  777492           972
           -3634.348  11397            944
           -3634.348  319144           176
           -3634.348  539389           544
           -3634.348  204959           695
           -3634.348  533738           11
           -3634.348  775884           639
           -3634.348  192071           142
           -3634.348  74518            927
           -3634.348  265218           924
           -3634.348  22075            659
           -3634.348  781190           219
           -3634.348  86698            893
           -3634.348  29591            633
           -3634.348  308582           752

71 perturbed starting value run(s) did not converge or were rejected in the third stage.



THE BEST LOGLIKELIHOOD VALUE HAS BEEN REPLICATED.  RERUN WITH AT LEAST TWICE THE
RANDOM STARTS TO CHECK THAT THE BEST LOGLIKELIHOOD IS STILL OBTAINED AND REPLICATED.


THE MODEL ESTIMATION TERMINATED NORMALLY



MODEL FIT INFORMATION

Number of Free Parameters                        8

Loglikelihood

          H0 Value                       -3632.305
          H0 Scaling Correction Factor      1.4846
            for MLR

Information Criteria

          Akaike (AIC)                    7280.609
          Bayesian (BIC)                  7316.774
          Sample-Size Adjusted BIC        7291.373
            (n* = (n + 2) / 24)

Wald Test of Parameter Constraints

          Value                             76.004
          Degrees of Freedom                     2
          P-Value                           0.0000



FINAL CLASS COUNTS AND PROPORTIONS FOR THE LATENT CLASSES
BASED ON THE ESTIMATED MODEL

    Latent
   Classes

       1        182.49631          0.26877
       2        282.41216          0.41592
       3        214.09153          0.31530


FINAL CLASS COUNTS AND PROPORTIONS FOR THE LATENT CLASSES
BASED ON ESTIMATED POSTERIOR PROBABILITIES

    Latent
   Classes

       1        182.49631          0.26877
       2        282.41216          0.41592
       3        214.09153          0.31530


FINAL CLASS COUNTS AND PROPORTIONS FOR THE LATENT CLASSES
BASED ON THEIR MOST LIKELY LATENT CLASS MEMBERSHIP

Class Counts and Proportions

    Latent
   Classes

       1              138          0.20324
       2              316          0.46539
       3              225          0.33137


CLASSIFICATION QUALITY

     Entropy                         0.423


Average Latent Class Probabilities for Most Likely Latent Class Membership (Row)
by Latent Class (Column)

           1        2        3

    1   0.740    0.144    0.116
    2   0.125    0.763    0.112
    3   0.182    0.095    0.723


Classification Probabilities for the Most Likely Latent Class Membership (Column)
by Latent Class (Row)

           1        2        3

    1   0.559    0.216    0.225
    2   0.070    0.854    0.075
    3   0.075    0.165    0.760


Logits for the Classification Probabilities for the Most Likely Latent Class Membership (Column)
by Latent Class (Row)

              1        2        3

    1      0.912   -0.039    0.000
    2     -0.068    2.428    0.000
    3     -2.317   -1.527    0.000


MODEL RESULTS

                                                    Two-Tailed
                    Estimate       S.E.  Est./S.E.    P-Value

Latent Class 1

 Means
    CPZW_24          157.711     22.072      7.145      0.000

 Means
    N#1                0.806      0.000    999.000    999.000
    N#2               -0.173      0.000    999.000    999.000

 Variances
    CPZW_24        12578.959   3929.364      3.201      0.001

Latent Class 2

 Means
    CPZW_24           47.166     15.019      3.140      0.002

 Means
    N#1               -1.455      0.000    999.000    999.000
    N#2                1.406      0.000    999.000    999.000

 Variances
    CPZW_24         2615.266   1165.174      2.245      0.025

Latent Class 3

 Means
    CPZW_24          403.114     38.994     10.338      0.000

 Means
    N#1               -2.938      0.000    999.000    999.000
    N#2               -1.577      0.000    999.000    999.000

 Variances
    CPZW_24        *********  20780.586      5.076      0.000

Categorical Latent Variables

 Means
    C#1               -0.160      0.222     -0.718      0.473
    C#2                0.277      0.199      1.394      0.163

New/Additional Parameters
    DIFF12           110.545     24.389      4.533      0.000
    DIFF13          -245.403     37.625     -6.522      0.000
    DIFF23          -355.948     41.038     -8.674      0.000


QUALITY OF NUMERICAL RESULTS

     Condition Number for the Information Matrix              0.937E-02
       (ratio of smallest to largest eigenvalue)


STANDARDIZED MODEL RESULTS


STDYX Standardization

                                                    Two-Tailed
                    Estimate       S.E.  Est./S.E.    P-Value

Latent Class 1

 Means
    CPZW_24            1.406      0.160      8.770      0.000

 Variances
    CPZW_24            1.000      0.000    999.000    999.000

Latent Class 2

 Means
    CPZW_24            0.922      0.098      9.384      0.000

 Variances
    CPZW_24            1.000      0.000    999.000    999.000

Latent Class 3

 Means
    CPZW_24            1.241      0.064     19.343      0.000

 Variances
    CPZW_24            1.000      0.000    999.000    999.000


STDY Standardization

                                                    Two-Tailed
                    Estimate       S.E.  Est./S.E.    P-Value

Latent Class 1

 Means
    CPZW_24            1.406      0.160      8.770      0.000

 Variances
    CPZW_24            1.000      0.000    999.000    999.000

Latent Class 2

 Means
    CPZW_24            0.922      0.098      9.384      0.000

 Variances
    CPZW_24            1.000      0.000    999.000    999.000

Latent Class 3

 Means
    CPZW_24            1.241      0.064     19.343      0.000

 Variances
    CPZW_24            1.000      0.000    999.000    999.000


STD Standardization

                                                    Two-Tailed
                    Estimate       S.E.  Est./S.E.    P-Value

Latent Class 1

 Means
    CPZW_24          157.711     22.072      7.145      0.000

 Variances
    CPZW_24        12578.959   3929.364      3.201      0.001

Latent Class 2

 Means
    CPZW_24           47.166     15.019      3.140      0.002

 Variances
    CPZW_24         2615.266   1165.174      2.245      0.025

Latent Class 3

 Means
    CPZW_24          403.114     38.994     10.338      0.000

 Variances
    CPZW_24        *********  20780.586      5.076      0.000


R-SQUARE

Class 1

Class 2

Class 3


CONFIDENCE INTERVALS OF MODEL RESULTS

                  Lower .5%  Lower 2.5%    Lower 5%    Estimate    Upper 5%  Upper 2.5%   Upper .5%

Latent Class 1

 Means
    CPZW_24        100.857     114.449     121.402     157.711     194.020     200.973     214.565

 Means
    N#1              0.806       0.806       0.806       0.806       0.806       0.806       0.806
    N#2             -0.173      -0.173      -0.173      -0.173      -0.173      -0.173      -0.173

 Variances
    CPZW_24       2457.703    4877.405    6115.155   12578.959   19042.762   20280.512   22700.215

Latent Class 2

 Means
    CPZW_24          8.479      17.728      22.459      47.166      71.872      76.603      85.852

 Means
    N#1             -1.455      -1.455      -1.455      -1.455      -1.455      -1.455      -1.455
    N#2              1.406       1.406       1.406       1.406       1.406       1.406       1.406

 Variances
    CPZW_24       -385.990     331.524     698.554    2615.266    4531.978    4899.008    5616.522

Latent Class 3

 Means
    CPZW_24        302.674     326.686     338.969     403.114     467.259     479.542     503.554

 Means
    N#1             -2.938      -2.938      -2.938      -2.938      -2.938      -2.938      -2.938
    N#2             -1.577      -1.577      -1.577      -1.577      -1.577      -1.577      -1.577

 Variances
    CPZW_24      51955.180   64751.863   71297.750  105481.812  139665.875  146211.766  159008.438

Categorical Latent Variables

 Means
    C#1             -0.733      -0.596      -0.526      -0.160       0.206       0.276       0.413
    C#2             -0.235      -0.112      -0.050       0.277       0.604       0.666       0.789

New/Additional Parameters
    DIFF12          47.723      62.742      70.425     110.545     150.666     158.348     173.367
    DIFF13        -342.319    -319.149    -307.297    -245.403    -183.510    -171.658    -148.488
    DIFF23        -461.653    -436.382    -423.455    -355.948    -288.441    -275.515    -250.244


CONFIDENCE INTERVALS OF STANDARDIZED MODEL RESULTS


STDYX Standardization

                  Lower .5%  Lower 2.5%    Lower 5%    Estimate    Upper 5%  Upper 2.5%   Upper .5%

Latent Class 1

 Means
    CPZW_24          0.993       1.092       1.142       1.406       1.670       1.720       1.819

 Variances
    CPZW_24          1.000       1.000       1.000       1.000       1.000       1.000       1.000

Latent Class 2

 Means
    CPZW_24          0.669       0.730       0.761       0.922       1.084       1.115       1.175

 Variances
    CPZW_24          1.000       1.000       1.000       1.000       1.000       1.000       1.000

Latent Class 3

 Means
    CPZW_24          1.076       1.115       1.136       1.241       1.347       1.367       1.406

 Variances
    CPZW_24          1.000       1.000       1.000       1.000       1.000       1.000       1.000


STDY Standardization

                  Lower .5%  Lower 2.5%    Lower 5%    Estimate    Upper 5%  Upper 2.5%   Upper .5%

Latent Class 1

 Means
    CPZW_24          0.993       1.092       1.142       1.406       1.670       1.720       1.819

 Variances
    CPZW_24          1.000       1.000       1.000       1.000       1.000       1.000       1.000

Latent Class 2

 Means
    CPZW_24          0.669       0.730       0.761       0.922       1.084       1.115       1.175

 Variances
    CPZW_24          1.000       1.000       1.000       1.000       1.000       1.000       1.000

Latent Class 3

 Means
    CPZW_24          1.076       1.115       1.136       1.241       1.347       1.367       1.406

 Variances
    CPZW_24          1.000       1.000       1.000       1.000       1.000       1.000       1.000


STD Standardization

                  Lower .5%  Lower 2.5%    Lower 5%    Estimate    Upper 5%  Upper 2.5%   Upper .5%

Latent Class 1

 Means
    CPZW_24        100.857     114.449     121.402     157.711     194.020     200.973     214.565

 Variances
    CPZW_24       2457.703    4877.405    6115.155   12578.959   19042.762   20280.512   22700.215

Latent Class 2

 Means
    CPZW_24          8.479      17.728      22.459      47.166      71.872      76.603      85.852

 Variances
    CPZW_24       -385.990     331.524     698.554    2615.266    4531.978    4899.008    5616.522

Latent Class 3

 Means
    CPZW_24        302.674     326.686     338.969     403.114     467.259     479.542     503.554

 Variances
    CPZW_24      51955.180   64751.863   71297.750  105481.812  139665.875  146211.766  159008.438


TECHNICAL 7 OUTPUT


     SAMPLE STATISTICS WEIGHTED BY ESTIMATED CLASS PROBABILITIES FOR CLASS 1


           Means
              CPZW_24
              ________
              157.710


           Covariances
              CPZW_24
              ________
 CPZW_24    12579.327


     SAMPLE STATISTICS WEIGHTED BY ESTIMATED CLASS PROBABILITIES FOR CLASS 2


           Means
              CPZW_24
              ________
               47.161


           Covariances
              CPZW_24
              ________
 CPZW_24     2614.740


     SAMPLE STATISTICS WEIGHTED BY ESTIMATED CLASS PROBABILITIES FOR CLASS 3


           Means
              CPZW_24
              ________
              403.082


           Covariances
              CPZW_24
              ________
 CPZW_24   105504.439


     UNIVARIATE SAMPLE DISTRIBUTIONS FOR CLASS 1

     Variable
     N
       Category 1        0.431
       Category 2        0.257
       Category 3        0.312


     UNIVARIATE SAMPLE DISTRIBUTIONS FOR CLASS 2

     Variable
     N
       Category 1        0.046
       Category 2        0.670
       Category 3        0.284


     UNIVARIATE SAMPLE DISTRIBUTIONS FOR CLASS 3

     Variable
     N
       Category 1        0.057
       Category 2        0.191
       Category 3        0.752


TECHNICAL 12 OUTPUT


     ESTIMATED MIXED MODEL AND RESIDUALS (OBSERVED - EXPECTED)


           Observed Means
              CPZW_24
              ________
              185.068


           Estimated Mixed Means
              CPZW_24
              ________
              189.109


           Residuals for Mixed Means
              CPZW_24
              ________
               -4.041


           Observed Covariances
              CPZW_24
              ________
 CPZW_24    58550.514


           Estimated Mixed Covariances
              CPZW_24
              ________
 CPZW_24    60812.798


           Residuals for Mixed Covariances
              CPZW_24
              ________
 CPZW_24    -2262.284


           Observed Skewness
              CPZW_24
              ________
                2.465


           Estimated Mixed Skewness
              CPZW_24
              ________
                1.498


           Residuals for Mixed Skewness
              CPZW_24
              ________
                0.967


           Observed Kurtosis
              CPZW_24
              ________
                7.622


           Estimated Mixed Kurtosis
              CPZW_24
              ________
                2.619


           Residuals for Mixed Kurtosis
              CPZW_24
              ________
                5.002


     Beginning Time:  12:01:56
        Ending Time:  12:02:03
       Elapsed Time:  00:00:07



MUTHEN & MUTHEN
3463 Stoner Ave.
Los Angeles, CA  90066

Tel: (310) 391-9971
Fax: (310) 391-8971
Web: www.StatModel.com
Support: Support@StatModel.com

Copyright (c) 1998-2021 Muthen & Muthen
