Mplus VERSION 8.6 (Mac)
MUTHEN & MUTHEN
09/07/2023  11:43 AM

INPUT INSTRUCTIONS

  TITLE:
  D3STEP_SUMD1_24 - GMM_CI_isq@0cub@0_C_332_331;
  DATA:
  FILE = "/Users/olivierpercie/Desktop/LGM/SANS/Results/D3STEP/SUMD1_24_D3STEP.dat";

  VARIABLE:
  NAMES = PIN SANS_0 SANS_1 SANS_2 SANS_3 SANS_6 SANS_9 SANS_12 SANS_18 SANS_24 I S Q
       CUB C_I C_S C_Q C_CUB CPROB1 CPROB2 CPROB3 N SUMD1_24;
   MISSING=.;
   USEVAR = SUMD1_24 N;
  NOMINAL = N;
  CLASSES = c(3);
  ANALYSIS:
  TYPE = MIXTURE;
  STARTS = 256000 64000;
  PROCESSORS = 8;
  MODEL:
  %OVERALL%
  %C#1%
  [N#1@0.806];
  [N#2@-0.173];
  [SUMD1_24](M1); SUMD1_24;
  %C#2%
  [N#1@-1.455];
  [N#2@1.406];
  [SUMD1_24](M2); SUMD1_24;
  %C#3%
  [N#1@-2.938];
  [N#2@-1.577];
  [SUMD1_24](M3); SUMD1_24;
  MODEL CONSTRAINT:
  New (diff12 diff13 diff23);
  diff12 = M1 - M2;
  diff13 = M1 - M3;
  diff23 = M2 - M3;
  MODEL TEST:
  M1 = M2;
  M2 = M3;
  OUTPUT:
  SAMPSTAT;
  STANDARDIZED;
  CINTERVAL;
  TECH7;
  TECH12;



*** WARNING in MODEL command
  All variables are uncorrelated with all other variables within class.
  Check that this is what is intended.
*** WARNING
  Data set contains cases with missing on all variables.
  These cases were not included in the analysis.
  Number of cases with missing on all variables:  10
   2 WARNING(S) FOUND IN THE INPUT INSTRUCTIONS




D3STEP_SUMD1_24 - GMM_CI_isq@0cub@0_C_332_331;

SUMMARY OF ANALYSIS

Number of groups                                                 1
Number of observations                                         679

Number of dependent variables                                    2
Number of independent variables                                  0
Number of continuous latent variables                            0
Number of categorical latent variables                           1

Observed dependent variables

  Continuous
   SUMD1_24

  Unordered categorical (nominal)
   N

Categorical latent variables
   C


Estimator                                                      MLR
Information matrix                                        OBSERVED
Optimization Specifications for the Quasi-Newton Algorithm for
Continuous Outcomes
  Maximum number of iterations                                 100
  Convergence criterion                                  0.100D-05
Optimization Specifications for the EM Algorithm
  Maximum number of iterations                                 500
  Convergence criteria
    Loglikelihood change                                 0.100D-06
    Relative loglikelihood change                        0.100D-06
    Derivative                                           0.100D-05
Optimization Specifications for the M step of the EM Algorithm for
Categorical Latent variables
  Number of M step iterations                                    1
  M step convergence criterion                           0.100D-05
  Basis for M step termination                           ITERATION
Optimization Specifications for the M step of the EM Algorithm for
Censored, Binary or Ordered Categorical (Ordinal), Unordered
Categorical (Nominal) and Count Outcomes
  Number of M step iterations                                    1
  M step convergence criterion                           0.100D-05
  Basis for M step termination                           ITERATION
  Maximum value for logit thresholds                            15
  Minimum value for logit thresholds                           -15
  Minimum expected cell size for chi-square              0.100D-01
Maximum number of iterations for H1                           2000
Convergence criterion for H1                             0.100D-03
Optimization algorithm                                         EMA
Random Starts Specifications
  Number of initial stage random starts                     256000
  Number of final stage optimizations                        64000
  Number of initial stage iterations                            10
  Initial stage convergence criterion                    0.100D+01
  Random starts scale                                    0.500D+01
  Random seed for generating random starts                       0

Input data file(s)
  /Users/olivierpercie/Desktop/LGM/SANS/Results/D3STEP/SUMD1_24_D3STEP.dat
Input data format  FREE


SUMMARY OF DATA

     Number of missing data patterns             2
     Number of y missing data patterns           2
     Number of u missing data patterns           0


COVARIANCE COVERAGE OF DATA

Minimum covariance coverage value   0.100


     PROPORTION OF DATA PRESENT FOR Y


           Covariance Coverage
              SUMD1_24
              ________
 SUMD1_24       0.289


UNIVARIATE PROPORTIONS AND COUNTS FOR CATEGORICAL VARIABLES

    N
      Category 1    0.153          104.000
      Category 2    0.408          277.000
      Category 3    0.439          298.000


SAMPLE STATISTICS


     ESTIMATED SAMPLE STATISTICS


           Means
              SUMD1_24
              ________
                2.153


           Covariances
              SUMD1_24
              ________
 SUMD1_24       1.319


           Correlations
              SUMD1_24
              ________
 SUMD1_24       1.000


     MAXIMUM LOG-LIKELIHOOD VALUE FOR THE UNRESTRICTED (H1) MODEL IS -305.244


UNIVARIATE SAMPLE STATISTICS


     UNIVARIATE HIGHER-ORDER MOMENT DESCRIPTIVE STATISTICS

         Variable/         Mean/     Skewness/   Minimum/ % with                Percentiles
        Sample Size      Variance    Kurtosis    Maximum  Min/Max      20%/60%    40%/80%    Median

     SUMD1_24              2.153       0.812       1.000   30.10%       1.000      1.333      2.000
             196.000       1.319      -0.346       5.000    2.55%       2.333      3.000

RANDOM STARTS RESULTS RANKED FROM THE BEST TO THE WORST LOGLIKELIHOOD VALUES


107928 perturbed starting value run(s) did not converge or were rejected in the third stage.
Final stage loglikelihood values at local maxima, seeds, and initial stage start numbers:


Unperturbed starting value run did not converge or was rejected in the third stage.

63999 perturbed starting value run(s) did not converge or were rejected in the third stage.


     THE MODEL ESTIMATION DID NOT TERMINATE NORMALLY.  ESTIMATES CANNOT
     BE TRUSTED.






FINAL CLASS COUNTS AND PROPORTIONS FOR THE LATENT CLASSES
BASED ON THE ESTIMATED MODEL

    Latent
   Classes

       1        164.47706          0.24223
       2        245.09931          0.36097
       3        269.42363          0.39679


FINAL CLASS COUNTS AND PROPORTIONS FOR THE LATENT CLASSES
BASED ON ESTIMATED POSTERIOR PROBABILITIES

    Latent
   Classes

       1        179.41057          0.26423
       2        179.59451          0.26450
       3        319.99492          0.47127


FINAL CLASS COUNTS AND PROPORTIONS FOR THE LATENT CLASSES
BASED ON THEIR MOST LIKELY LATENT CLASS MEMBERSHIP

Class Counts and Proportions

    Latent
   Classes

       1              139          0.20471
       2              243          0.35788
       3              297          0.43741


CLASSIFICATION QUALITY

     Entropy                         0.371


Average Latent Class Probabilities for Most Likely Latent Class Membership (Row)
by Latent Class (Column)

           1        2        3

    1   0.796    0.126    0.078
    2   0.104    0.731    0.165
    3   0.096    0.168    0.736


Classification Probabilities for the Most Likely Latent Class Membership (Column)
by Latent Class (Row)

           1        2        3

    1   0.673    0.154    0.173
    2   0.072    0.724    0.204
    3   0.040    0.149    0.811


Logits for the Classification Probabilities for the Most Likely Latent Class Membership (Column)
by Latent Class (Row)

              1        2        3

    1      1.356   -0.117    0.000
    2     -1.046    1.267    0.000
    3     -3.007   -1.695    0.000


MODEL RESULTS

                    Estimate

Latent Class 1

 Means
    SUMD1_24           1.041

 Means
    N#1                0.806
    N#2               -0.173

 Variances
    SUMD1_24           0.012

Latent Class 2

 Means
    SUMD1_24           1.967

 Means
    N#1               -1.455
    N#2                1.406

 Variances
    SUMD1_24           0.583

Latent Class 3

 Means
    SUMD1_24           3.013

 Means
    N#1               -2.938
    N#2               -1.577

 Variances
    SUMD1_24           1.207

Categorical Latent Variables

 Means
    C#1               -0.494
    C#2               -0.095

New/Additional Parameters
    DIFF12            -0.926
    DIFF13            -1.972
    DIFF23            -1.046


MODEL COMMAND WITH FINAL ESTIMATES USED AS STARTING VALUES

     %OVERALL%

     [ c#1*-0.49351 ];
     [ c#2*-0.09462 ];

     %C#1%

     [ sumd1_24*1.04105 ] (m1);
     [ n#1@0.80600 ];
     [ n#2@-0.17300 ];

     sumd1_24*0.01201;

     %C#2%

     [ sumd1_24*1.96710 ] (m2);
     [ n#1@-1.45500 ];
     [ n#2@1.40600 ];

     sumd1_24*0.58257;

     %C#3%

     [ sumd1_24*3.01261 ] (m3);
     [ n#1@-2.93800 ];
     [ n#2@-1.57700 ];

     sumd1_24*1.20723;

     ! NEW statements in MODEL CONSTRAINT
     NEW(diff12*-0.92605);
     NEW(diff13*-1.97156);
     NEW(diff23*-1.04551);




TECHNICAL 7 OUTPUT


     SAMPLE STATISTICS WEIGHTED BY ESTIMATED CLASS PROBABILITIES FOR CLASS 1


           Means
              SUMD1_24
              ________
                1.023


           Covariances
              SUMD1_24
              ________
 SUMD1_24       0.007


     SAMPLE STATISTICS WEIGHTED BY ESTIMATED CLASS PROBABILITIES FOR CLASS 2


           Means
              SUMD1_24
              ________
                1.976


           Covariances
              SUMD1_24
              ________
 SUMD1_24       0.553


     SAMPLE STATISTICS WEIGHTED BY ESTIMATED CLASS PROBABILITIES FOR CLASS 3


           Means
              SUMD1_24
              ________
                3.019


           Covariances
              SUMD1_24
              ________
 SUMD1_24       1.200


     UNIVARIATE SAMPLE DISTRIBUTIONS FOR CLASS 1

     Variable
     N
       Category 1        0.428
       Category 2        0.270
       Category 3        0.301


     UNIVARIATE SAMPLE DISTRIBUTIONS FOR CLASS 2

     Variable
     N
       Category 1        0.062
       Category 2        0.746
       Category 3        0.191


     UNIVARIATE SAMPLE DISTRIBUTIONS FOR CLASS 3

     Variable
     N
       Category 1        0.068
       Category 2        0.184
       Category 3        0.748


TECHNICAL 12 OUTPUT


     ESTIMATED MIXED MODEL AND RESIDUALS (OBSERVED - EXPECTED)


           Observed Means
              SUMD1_24
              ________
                2.153


           Estimated Mixed Means
              SUMD1_24
              ________
                2.215


           Residuals for Mixed Means
              SUMD1_24
              ________
               -0.062


           Observed Covariances
              SUMD1_24
              ________
 SUMD1_24       1.319


           Estimated Mixed Covariances
              SUMD1_24
              ________
 SUMD1_24       1.406


           Residuals for Mixed Covariances
              SUMD1_24
              ________
 SUMD1_24      -0.087


           Observed Skewness
              SUMD1_24
              ________
                0.812


           Estimated Mixed Skewness
              SUMD1_24
              ________
                0.625


           Residuals for Mixed Skewness
              SUMD1_24
              ________
                0.187


           Observed Kurtosis
              SUMD1_24
              ________
               -0.347


           Estimated Mixed Kurtosis
              SUMD1_24
              ________
               -0.332


           Residuals for Mixed Kurtosis
              SUMD1_24
              ________
               -0.015


     Beginning Time:  11:43:19
        Ending Time:  11:49:53
       Elapsed Time:  00:06:34



MUTHEN & MUTHEN
3463 Stoner Ave.
Los Angeles, CA  90066

Tel: (310) 391-9971
Fax: (310) 391-8971
Web: www.StatModel.com
Support: Support@StatModel.com

Copyright (c) 1998-2021 Muthen & Muthen
