Mplus VERSION 8.6 (Mac)
MUTHEN & MUTHEN
11/23/2022   4:37 PM

INPUT INSTRUCTIONS

  TITLE:
  D3STEP_SUD;
  DATA:
  FILE = "/Users/olivierpercie/Desktop/MplusLGM/SOFAS/Results/D3STEP/D3STEP_SUD.dat";

  VARIABLE:
  NAMES = PIN I S Q C_I C_S C_Q CPROB1 CPROB2 N SUD;
   MISSING=.;
   USEVAR = SUD N;
  NOMINAL = N;
  CATEGORICAL = SUD;
  CLASSES = c(2);
  ANALYSIS:

    TYPE = MIXTURE;
    STARTS = 0;
    PROCESSORS = 8;

  MODEL:
  %OVERALL%

  %C#1%
  [N#1@2.378];
  [SUD$1](M1);

  %C#2%
  [N#1@-1.949];
  [SUD$1](M2);
  MODEL CONSTRAINT:

    New (diff12);
    diff12 = M1 - M2;

  MODEL TEST:
  M1 = M2;



INPUT READING TERMINATED NORMALLY




D3STEP_SUD;

SUMMARY OF ANALYSIS

Number of groups                                                 1
Number of observations                                         369

Number of dependent variables                                    2
Number of independent variables                                  0
Number of continuous latent variables                            0
Number of categorical latent variables                           1

Observed dependent variables

  Binary and ordered categorical (ordinal)
   SUD

  Unordered categorical (nominal)
   N

Categorical latent variables
   C


Estimator                                                      MLR
Information matrix                                        OBSERVED
Optimization Specifications for the Quasi-Newton Algorithm for
Continuous Outcomes
  Maximum number of iterations                                 100
  Convergence criterion                                  0.100D-05
Optimization Specifications for the EM Algorithm
  Maximum number of iterations                                 500
  Convergence criteria
    Loglikelihood change                                 0.100D-06
    Relative loglikelihood change                        0.100D-06
    Derivative                                           0.100D-05
Optimization Specifications for the M step of the EM Algorithm for
Categorical Latent variables
  Number of M step iterations                                    1
  M step convergence criterion                           0.100D-05
  Basis for M step termination                           ITERATION
Optimization Specifications for the M step of the EM Algorithm for
Censored, Binary or Ordered Categorical (Ordinal), Unordered
Categorical (Nominal) and Count Outcomes
  Number of M step iterations                                    1
  M step convergence criterion                           0.100D-05
  Basis for M step termination                           ITERATION
  Maximum value for logit thresholds                            15
  Minimum value for logit thresholds                           -15
  Minimum expected cell size for chi-square              0.100D-01
Maximum number of iterations for H1                           2000
Convergence criterion for H1                             0.100D-03
Optimization algorithm                                         EMA
Link                                                         LOGIT

Input data file(s)
  /Users/olivierpercie/Desktop/MplusLGM/SOFAS/Results/D3STEP/D3STEP_SUD.dat
Input data format  FREE


SUMMARY OF DATA

     Number of missing data patterns             2
     Number of y missing data patterns           0
     Number of u missing data patterns           2


COVARIANCE COVERAGE OF DATA

Minimum covariance coverage value   0.100


     PROPORTION OF DATA PRESENT FOR U


           Covariance Coverage
              SUD
              ________
 SUD            0.496


UNIVARIATE PROPORTIONS AND COUNTS FOR CATEGORICAL VARIABLES

    SUD
      Category 1    0.656          120.000
      Category 2    0.344           63.000
    N
      Category 1    0.564          208.000
      Category 2    0.436          161.000



THE MODEL ESTIMATION TERMINATED NORMALLY



MODEL FIT INFORMATION

Number of Free Parameters                        3

Loglikelihood

          H0 Value                        -368.314
          H0 Scaling Correction Factor      1.0000
            for MLR

Information Criteria

          Akaike (AIC)                     742.627
          Bayesian (BIC)                   754.360
          Sample-Size Adjusted BIC         744.842
            (n* = (n + 2) / 24)

Chi-Square Test of Model Fit for the Binary and Ordered Categorical
(Ordinal) Outcomes

          Pearson Chi-Square

          Value                              0.000
          Degrees of freedom cannot be computed for this model part.

          Likelihood Ratio Chi-Square

          Value                              0.000
          Degrees of freedom cannot be computed for this model part.

Chi-Square Test for MCAR under the Unrestricted Latent Class Indicator Model

          Pearson Chi-Square

          Value                              0.000
          Degrees of Freedom                     0
          P-Value                           1.0000

          Likelihood Ratio Chi-Square

          Value                              0.000
          Degrees of Freedom                     0
          P-Value                           1.0000

Wald Test of Parameter Constraints

          Value                              4.397
          Degrees of Freedom                     1
          P-Value                           0.0360



FINAL CLASS COUNTS AND PROPORTIONS FOR THE LATENT CLASSES
BASED ON THE ESTIMATED MODEL

    Latent
   Classes

       1        204.94029          0.55539
       2        164.05971          0.44461


FINAL CLASS COUNTS AND PROPORTIONS FOR THE LATENT CLASSES
BASED ON ESTIMATED POSTERIOR PROBABILITIES

    Latent
   Classes

       1        204.94029          0.55539
       2        164.05971          0.44461


FINAL CLASS COUNTS AND PROPORTIONS FOR THE LATENT CLASSES
BASED ON THEIR MOST LIKELY LATENT CLASS MEMBERSHIP

Class Counts and Proportions

    Latent
   Classes

       1              208          0.56369
       2              161          0.43631


CLASSIFICATION QUALITY

     Entropy                         0.528


Average Latent Class Probabilities for Most Likely Latent Class Membership (Row)
by Latent Class (Column)

           1        2

    1   0.902    0.098
    2   0.108    0.892


Classification Probabilities for the Most Likely Latent Class Membership (Column)
by Latent Class (Row)

           1        2

    1   0.915    0.085
    2   0.125    0.875


Logits for the Classification Probabilities for the Most Likely Latent Class Membership (Column)
by Latent Class (Row)

              1        2

    1      2.378    0.000
    2     -1.949    0.000


MODEL RESULTS

                                                    Two-Tailed
                    Estimate       S.E.  Est./S.E.    P-Value

Latent Class 1

 Means
    N#1                2.378      0.000    999.000    999.000

 Thresholds
    SUD$1              1.046      0.260      4.028      0.000

Latent Class 2

 Means
    N#1               -1.949      0.000    999.000    999.000

 Thresholds
    SUD$1              0.197      0.257      0.765      0.444

Categorical Latent Variables

 Means
    C#1                0.222      0.132      1.682      0.093

New/Additional Parameters
    DIFF12             0.849      0.405      2.097      0.036


QUALITY OF NUMERICAL RESULTS

     Condition Number for the Information Matrix              0.174E-01
       (ratio of smallest to largest eigenvalue)


RESULTS IN PROBABILITY SCALE

                                                    Two-Tailed
                    Estimate       S.E.  Est./S.E.    P-Value

Latent Class 1

 SUD
    Category 1         0.740      0.050     14.814      0.000
    Category 2         0.260      0.050      5.207      0.000

Latent Class 2

 SUD
    Category 1         0.549      0.064      8.629      0.000
    Category 2         0.451      0.064      7.089      0.000


LATENT CLASS INDICATOR ODDS RATIOS FOR THE LATENT CLASSES

                                                95% C.I.
                    Estimate       S.E.  Lower 2.5% Upper 2.5%

Latent Class 1 Compared to Latent Class 2

 SUD
    Category > 1       0.428      0.173      0.193      0.946


     Beginning Time:  16:37:22
        Ending Time:  16:37:22
       Elapsed Time:  00:00:00



MUTHEN & MUTHEN
3463 Stoner Ave.
Los Angeles, CA  90066

Tel: (310) 391-9971
Fax: (310) 391-8971
Web: www.StatModel.com
Support: Support@StatModel.com

Copyright (c) 1998-2021 Muthen & Muthen
