Mplus VERSION 8.6 (Mac)
MUTHEN & MUTHEN
07/21/2023   7:14 PM

INPUT INSTRUCTIONS

  TITLE:
  D3STEP_JSR_24 - GBTM_P2_K2_S1000;

  DATA:
  FILE = "/Users/olivierpercie/Desktop/MplusLGM/SOFAS/Results/D3STEP/JSR_24_D3STEP.dat";

  VARIABLE:
  NAMES = PIN SOFAS_0 SOFAS_12 SOFAS_24 I S Q C_I C_S C_Q CPROB1 CPROB2 N JSR_24;
   MISSING=.;
   USEVAR = JSR_24 N;
  NOMINAL = N;
  CATEGORICAL = JSR_24;
  CLASSES = c(2);
  ANALYSIS:
  TYPE = MIXTURE;
  ALGORITHM = INTEGRATION;
  STARTS = 0;
  PROCESSORS = 8;
  MODEL:
  %OVERALL%
  %C#1%
  [N#1@2.417];
  [JSR_24$1](M1);
  %C#2%
  [N#1@-1.957];
  [JSR_24$1](M2);
  MODEL CONSTRAINT:
  New (diff12);
  diff12 = M1 - M2;
  MODEL TEST:
  M1 = M2;
  OUTPUT:
  TECH7;
  SAMPSTAT;
  STANDARDIZED;
  CINTERVAL;



*** WARNING in MODEL command
  All variables are uncorrelated with all other variables within class.
  Check that this is what is intended.
*** WARNING in OUTPUT command
  SAMPSTAT option is not available when all outcomes are censored, ordered
  categorical, unordered categorical (nominal), count or continuous-time
  survival variables.  Request for SAMPSTAT is ignored.
   2 WARNING(S) FOUND IN THE INPUT INSTRUCTIONS




D3STEP_JSR_24 - GBTM_P2_K2_S1000;

SUMMARY OF ANALYSIS

Number of groups                                                 1
Number of observations                                         368

Number of dependent variables                                    2
Number of independent variables                                  0
Number of continuous latent variables                            0
Number of categorical latent variables                           1

Observed dependent variables

  Binary and ordered categorical (ordinal)
   JSR_24

  Unordered categorical (nominal)
   N

Categorical latent variables
   C


Estimator                                                      MLR
Information matrix                                        OBSERVED
Optimization Specifications for the Quasi-Newton Algorithm for
Continuous Outcomes
  Maximum number of iterations                                 100
  Convergence criterion                                  0.100D-05
Optimization Specifications for the EM Algorithm
  Maximum number of iterations                                 500
  Convergence criteria
    Loglikelihood change                                 0.100D-02
    Relative loglikelihood change                        0.100D-05
    Derivative                                           0.100D-02
Optimization Specifications for the M step of the EM Algorithm for
Categorical Latent variables
  Number of M step iterations                                    1
  M step convergence criterion                           0.100D-02
  Basis for M step termination                           ITERATION
Optimization Specifications for the M step of the EM Algorithm for
Censored, Binary or Ordered Categorical (Ordinal), Unordered
Categorical (Nominal) and Count Outcomes
  Number of M step iterations                                    1
  M step convergence criterion                           0.100D-02
  Basis for M step termination                           ITERATION
  Maximum value for logit thresholds                            15
  Minimum value for logit thresholds                           -15
  Minimum expected cell size for chi-square              0.100D-01
Maximum number of iterations for H1                           2000
Convergence criterion for H1                             0.100D-03
Optimization algorithm                                         EMA
Integration Specifications
  Type                                                    STANDARD
  Number of integration points                                  15
  Dimensions of numerical integration                            0
  Adaptive quadrature                                           ON
Link                                                         LOGIT
Cholesky                                                       OFF

Input data file(s)
  /Users/olivierpercie/Desktop/MplusLGM/SOFAS/Results/D3STEP/JSR_24_D3STEP.dat
Input data format  FREE


SUMMARY OF DATA

     Number of missing data patterns             2
     Number of y missing data patterns           0
     Number of u missing data patterns           2


COVARIANCE COVERAGE OF DATA

Minimum covariance coverage value   0.100


     PROPORTION OF DATA PRESENT FOR U


           Covariance Coverage
              JSR_24
              ________
 JSR_24         0.750


UNIVARIATE PROPORTIONS AND COUNTS FOR CATEGORICAL VARIABLES

    JSR_24
      Category 1    0.536          148.000
      Category 2    0.464          128.000
    N
      Category 1    0.565          208.000
      Category 2    0.435          160.000



THE MODEL ESTIMATION TERMINATED NORMALLY



MODEL FIT INFORMATION

Number of Free Parameters                        3

Loglikelihood

          H0 Value                        -399.639
          H0 Scaling Correction Factor      0.9980
            for MLR

Information Criteria

          Akaike (AIC)                     805.277
          Bayesian (BIC)                   817.002
          Sample-Size Adjusted BIC         807.484
            (n* = (n + 2) / 24)

Chi-Square Test of Model Fit for the Binary and Ordered Categorical
(Ordinal) Outcomes

          Pearson Chi-Square

          Value                              0.108
          Degrees of freedom cannot be computed for this model part.

          Likelihood Ratio Chi-Square

          Value                              0.108
          Degrees of freedom cannot be computed for this model part.

Chi-Square Test for MCAR under the Unrestricted Latent Class Indicator Model

          Pearson Chi-Square

          Value                              0.000
          Degrees of Freedom                     0
          P-Value                           1.0000

          Likelihood Ratio Chi-Square

          Value                              0.000
          Degrees of Freedom                     0
          P-Value                           1.0000

Wald Test of Parameter Constraints

          Value                             41.020
          Degrees of Freedom                     1
          P-Value                           0.0000



FINAL CLASS COUNTS AND PROPORTIONS FOR THE LATENT CLASSES
BASED ON THE ESTIMATED MODEL

    Latent
   Classes

       1        204.45728          0.55559
       2        163.54272          0.44441


FINAL CLASS COUNTS AND PROPORTIONS FOR THE LATENT CLASSES
BASED ON ESTIMATED POSTERIOR PROBABILITIES

    Latent
   Classes

       1        204.45728          0.55559
       2        163.54272          0.44441


FINAL CLASS COUNTS AND PROPORTIONS FOR THE LATENT CLASSES
BASED ON THEIR MOST LIKELY LATENT CLASS MEMBERSHIP

Class Counts and Proportions

    Latent
   Classes

       1              208          0.56522
       2              160          0.43478


CLASSIFICATION QUALITY

     Entropy                         0.638


Average Latent Class Probabilities for Most Likely Latent Class Membership (Row)
by Latent Class (Column)

           1        2

    1   0.903    0.097
    2   0.104    0.896


Classification Probabilities for the Most Likely Latent Class Membership (Column)
by Latent Class (Row)

           1        2

    1   0.918    0.082
    2   0.124    0.876


Logits for the Classification Probabilities for the Most Likely Latent Class Membership (Column)
by Latent Class (Row)

              1        2

    1      2.419    0.000
    2     -1.957    0.000


MODEL RESULTS

                                                    Two-Tailed
                    Estimate       S.E.  Est./S.E.    P-Value

Latent Class 1

 Means
    N#1                2.417      0.000    999.000    999.000

 Thresholds
    JSR_24$1          -1.233      0.243     -5.081      0.000

Latent Class 2

 Means
    N#1               -1.957      0.000    999.000    999.000

 Thresholds
    JSR_24$1           2.223      0.441      5.035      0.000

Categorical Latent Variables

 Means
    C#1                0.223      0.132      1.696      0.090

New/Additional Parameters
    DIFF12            -3.456      0.540     -6.405      0.000


QUALITY OF NUMERICAL RESULTS

     Condition Number for the Information Matrix              0.152E-01
       (ratio of smallest to largest eigenvalue)


RESULTS IN PROBABILITY SCALE

                                                    Two-Tailed
                    Estimate       S.E.  Est./S.E.    P-Value

Latent Class 1

 JSR_24
    Category 1         0.226      0.042      5.322      0.000
    Category 2         0.774      0.042     18.261      0.000

Latent Class 2

 JSR_24
    Category 1         0.902      0.039     23.182      0.000
    Category 2         0.098      0.039      2.511      0.012


LATENT CLASS INDICATOR ODDS RATIOS FOR THE LATENT CLASSES

                                                95% C.I.
                    Estimate       S.E.  Lower 2.5% Upper 2.5%

Latent Class 1 Compared to Latent Class 2

 JSR_24
    Category > 1      31.682     17.094     11.003     91.221


STANDARDIZED MODEL RESULTS


STDYX Standardization

                                                    Two-Tailed
                    Estimate       S.E.  Est./S.E.    P-Value

Latent Class 1

 Means
    N#1                2.417      0.000    999.000    999.000

 Thresholds
    JSR_24$1          -0.680      0.134     -5.081      0.000

Latent Class 2

 Means
    N#1               -1.957      0.000    999.000    999.000

 Thresholds
    JSR_24$1           1.226      0.243      5.035      0.000


STDY Standardization

                                                    Two-Tailed
                    Estimate       S.E.  Est./S.E.    P-Value

Latent Class 1

 Means
    N#1                2.417      0.000    999.000    999.000

 Thresholds
    JSR_24$1          -0.680      0.134     -5.081      0.000

Latent Class 2

 Means
    N#1               -1.957      0.000    999.000    999.000

 Thresholds
    JSR_24$1           1.226      0.243      5.035      0.000


STD Standardization

                                                    Two-Tailed
                    Estimate       S.E.  Est./S.E.    P-Value

Latent Class 1

 Means
    N#1                2.417      0.000    999.000    999.000

 Thresholds
    JSR_24$1          -1.233      0.243     -5.081      0.000

Latent Class 2

 Means
    N#1               -1.957      0.000    999.000    999.000

 Thresholds
    JSR_24$1           2.223      0.441      5.035      0.000


CONFIDENCE INTERVALS OF MODEL RESULTS

                  Lower .5%  Lower 2.5%    Lower 5%    Estimate    Upper 5%  Upper 2.5%   Upper .5%

Latent Class 1

 Means
    N#1              2.417       2.417       2.417       2.417       2.417       2.417       2.417

 Thresholds
    JSR_24$1        -1.858      -1.708      -1.632      -1.233      -0.834      -0.757      -0.608

Latent Class 2

 Means
    N#1             -1.957      -1.957      -1.957      -1.957      -1.957      -1.957      -1.957

 Thresholds
    JSR_24$1         1.086       1.358       1.497       2.223       2.949       3.088       3.360

Categorical Latent Variables

 Means
    C#1             -0.116      -0.035       0.007       0.223       0.440       0.481       0.562

New/Additional Parameters
    DIFF12          -4.846      -4.513      -4.343      -3.456      -2.568      -2.398      -2.066


CONFIDENCE INTERVALS IN PROBABILITY SCALE

Latent Class 1

 JSR_24
    Category 1       0.116       0.143       0.156       0.226       0.295       0.309       0.335
    Category 2       0.665       0.691       0.705       0.774       0.844       0.857       0.884

Latent Class 2

 JSR_24
    Category 1       0.802       0.826       0.838       0.902       0.966       0.979       1.003
    Category 2      -0.003       0.021       0.034       0.098       0.162       0.174       0.198


CONFIDENCE INTERVALS FOR THE LATENT CLASS ODDS RATIO RESULTS

Latent Class 1 Compared to Latent Class 2

 JSR_24
    Category > 1     7.893      11.003      13.042      31.682      76.963      91.221     127.173


CONFIDENCE INTERVALS OF STANDARDIZED MODEL RESULTS


STDYX Standardization

                  Lower .5%  Lower 2.5%    Lower 5%    Estimate    Upper 5%  Upper 2.5%   Upper .5%

Latent Class 1

 Means
    N#1              2.417       2.417       2.417       2.417       2.417       2.417       2.417

 Thresholds
    JSR_24$1        -1.024      -0.942      -0.900      -0.680      -0.460      -0.418      -0.335

Latent Class 2

 Means
    N#1             -1.957      -1.957      -1.957      -1.957      -1.957      -1.957      -1.957

 Thresholds
    JSR_24$1         0.599       0.749       0.825       1.226       1.626       1.703       1.852


STDY Standardization

                  Lower .5%  Lower 2.5%    Lower 5%    Estimate    Upper 5%  Upper 2.5%   Upper .5%

Latent Class 1

 Means
    N#1              2.417       2.417       2.417       2.417       2.417       2.417       2.417

 Thresholds
    JSR_24$1        -1.024      -0.942      -0.900      -0.680      -0.460      -0.418      -0.335

Latent Class 2

 Means
    N#1             -1.957      -1.957      -1.957      -1.957      -1.957      -1.957      -1.957

 Thresholds
    JSR_24$1         0.599       0.749       0.825       1.226       1.626       1.703       1.852


STD Standardization

                  Lower .5%  Lower 2.5%    Lower 5%    Estimate    Upper 5%  Upper 2.5%   Upper .5%

Latent Class 1

 Means
    N#1              2.417       2.417       2.417       2.417       2.417       2.417       2.417

 Thresholds
    JSR_24$1        -1.858      -1.708      -1.632      -1.233      -0.834      -0.757      -0.608

Latent Class 2

 Means
    N#1             -1.957      -1.957      -1.957      -1.957      -1.957      -1.957      -1.957

 Thresholds
    JSR_24$1         1.086       1.358       1.497       2.223       2.949       3.088       3.360


TECHNICAL 7 OUTPUT


     UNIVARIATE SAMPLE DISTRIBUTIONS FOR CLASS 1

     Variable
     N
       Category 1        0.918
       Category 2        0.082
     JSR_24
       Category 1        0.226
       Category 2        0.774


     UNIVARIATE SAMPLE DISTRIBUTIONS FOR CLASS 2

     Variable
     N
       Category 1        0.124
       Category 2        0.876
     JSR_24
       Category 1        0.903
       Category 2        0.097


     Beginning Time:  19:14:12
        Ending Time:  19:14:12
       Elapsed Time:  00:00:00



MUTHEN & MUTHEN
3463 Stoner Ave.
Los Angeles, CA  90066

Tel: (310) 391-9971
Fax: (310) 391-8971
Web: www.StatModel.com
Support: Support@StatModel.com

Copyright (c) 1998-2021 Muthen & Muthen
