Mplus VERSION 8.6 (Mac)
MUTHEN & MUTHEN
07/21/2023   7:14 PM

INPUT INSTRUCTIONS

  TITLE:
  D3STEP_NSR_24 - GBTM_P2_K2_S1000;

  DATA:
  FILE = "/Users/olivierpercie/Desktop/MplusLGM/SOFAS/Results/D3STEP/NSR_24_D3STEP.dat";

  VARIABLE:
  NAMES = PIN SOFAS_0 SOFAS_12 SOFAS_24 I S Q C_I C_S C_Q CPROB1 CPROB2 N NSR_24;
   MISSING=.;
   USEVAR = NSR_24 N;
  NOMINAL = N;
  CATEGORICAL = NSR_24;
  CLASSES = c(2);
  ANALYSIS:
  TYPE = MIXTURE;
  ALGORITHM = INTEGRATION;
  STARTS = 0;
  PROCESSORS = 8;
  MODEL:
  %OVERALL%
  %C#1%
  [N#1@2.417];
  [NSR_24$1](M1);
  %C#2%
  [N#1@-1.957];
  [NSR_24$1](M2);
  MODEL CONSTRAINT:
  New (diff12);
  diff12 = M1 - M2;
  MODEL TEST:
  M1 = M2;
  OUTPUT:
  TECH7;
  SAMPSTAT;
  STANDARDIZED;
  CINTERVAL;



*** WARNING in MODEL command
  All variables are uncorrelated with all other variables within class.
  Check that this is what is intended.
*** WARNING in OUTPUT command
  SAMPSTAT option is not available when all outcomes are censored, ordered
  categorical, unordered categorical (nominal), count or continuous-time
  survival variables.  Request for SAMPSTAT is ignored.
   2 WARNING(S) FOUND IN THE INPUT INSTRUCTIONS




D3STEP_NSR_24 - GBTM_P2_K2_S1000;

SUMMARY OF ANALYSIS

Number of groups                                                 1
Number of observations                                         368

Number of dependent variables                                    2
Number of independent variables                                  0
Number of continuous latent variables                            0
Number of categorical latent variables                           1

Observed dependent variables

  Binary and ordered categorical (ordinal)
   NSR_24

  Unordered categorical (nominal)
   N

Categorical latent variables
   C


Estimator                                                      MLR
Information matrix                                        OBSERVED
Optimization Specifications for the Quasi-Newton Algorithm for
Continuous Outcomes
  Maximum number of iterations                                 100
  Convergence criterion                                  0.100D-05
Optimization Specifications for the EM Algorithm
  Maximum number of iterations                                 500
  Convergence criteria
    Loglikelihood change                                 0.100D-02
    Relative loglikelihood change                        0.100D-05
    Derivative                                           0.100D-02
Optimization Specifications for the M step of the EM Algorithm for
Categorical Latent variables
  Number of M step iterations                                    1
  M step convergence criterion                           0.100D-02
  Basis for M step termination                           ITERATION
Optimization Specifications for the M step of the EM Algorithm for
Censored, Binary or Ordered Categorical (Ordinal), Unordered
Categorical (Nominal) and Count Outcomes
  Number of M step iterations                                    1
  M step convergence criterion                           0.100D-02
  Basis for M step termination                           ITERATION
  Maximum value for logit thresholds                            15
  Minimum value for logit thresholds                           -15
  Minimum expected cell size for chi-square              0.100D-01
Maximum number of iterations for H1                           2000
Convergence criterion for H1                             0.100D-03
Optimization algorithm                                         EMA
Integration Specifications
  Type                                                    STANDARD
  Number of integration points                                  15
  Dimensions of numerical integration                            0
  Adaptive quadrature                                           ON
Link                                                         LOGIT
Cholesky                                                       OFF

Input data file(s)
  /Users/olivierpercie/Desktop/MplusLGM/SOFAS/Results/D3STEP/NSR_24_D3STEP.dat
Input data format  FREE


SUMMARY OF DATA

     Number of missing data patterns             2
     Number of y missing data patterns           0
     Number of u missing data patterns           2


COVARIANCE COVERAGE OF DATA

Minimum covariance coverage value   0.100


     PROPORTION OF DATA PRESENT FOR U


           Covariance Coverage
              NSR_24
              ________
 NSR_24         0.750


UNIVARIATE PROPORTIONS AND COUNTS FOR CATEGORICAL VARIABLES

    NSR_24
      Category 1    0.489          135.000
      Category 2    0.511          141.000
    N
      Category 1    0.565          208.000
      Category 2    0.435          160.000



THE MODEL ESTIMATION TERMINATED NORMALLY



MODEL FIT INFORMATION

Number of Free Parameters                        3

Loglikelihood

          H0 Value                        -405.908
          H0 Scaling Correction Factor      0.9993
            for MLR

Information Criteria

          Akaike (AIC)                     817.815
          Bayesian (BIC)                   829.539
          Sample-Size Adjusted BIC         820.021
            (n* = (n + 2) / 24)

Chi-Square Test of Model Fit for the Binary and Ordered Categorical
(Ordinal) Outcomes

          Pearson Chi-Square

          Value                              0.095
          Degrees of freedom cannot be computed for this model part.

          Likelihood Ratio Chi-Square

          Value                              0.095
          Degrees of freedom cannot be computed for this model part.

Chi-Square Test for MCAR under the Unrestricted Latent Class Indicator Model

          Pearson Chi-Square

          Value                              0.000
          Degrees of Freedom                     0
          P-Value                           1.0000

          Likelihood Ratio Chi-Square

          Value                              0.000
          Degrees of Freedom                     0
          P-Value                           1.0000

Wald Test of Parameter Constraints

          Value                             46.569
          Degrees of Freedom                     1
          P-Value                           0.0000



FINAL CLASS COUNTS AND PROPORTIONS FOR THE LATENT CLASSES
BASED ON THE ESTIMATED MODEL

    Latent
   Classes

       1        204.48548          0.55567
       2        163.51452          0.44433


FINAL CLASS COUNTS AND PROPORTIONS FOR THE LATENT CLASSES
BASED ON ESTIMATED POSTERIOR PROBABILITIES

    Latent
   Classes

       1        204.48549          0.55567
       2        163.51451          0.44433


FINAL CLASS COUNTS AND PROPORTIONS FOR THE LATENT CLASSES
BASED ON THEIR MOST LIKELY LATENT CLASS MEMBERSHIP

Class Counts and Proportions

    Latent
   Classes

       1              208          0.56522
       2              160          0.43478


CLASSIFICATION QUALITY

     Entropy                         0.621


Average Latent Class Probabilities for Most Likely Latent Class Membership (Row)
by Latent Class (Column)

           1        2

    1   0.903    0.097
    2   0.105    0.895


Classification Probabilities for the Most Likely Latent Class Membership (Column)
by Latent Class (Row)

           1        2

    1   0.918    0.082
    2   0.124    0.876


Logits for the Classification Probabilities for the Most Likely Latent Class Membership (Column)
by Latent Class (Row)

              1        2

    1      2.418    0.000
    2     -1.957    0.000


MODEL RESULTS

                                                    Two-Tailed
                    Estimate       S.E.  Est./S.E.    P-Value

Latent Class 1

 Means
    N#1                2.417      0.000    999.000    999.000

 Thresholds
    NSR_24$1          -1.410      0.259     -5.440      0.000

Latent Class 2

 Means
    N#1               -1.957      0.000    999.000    999.000

 Thresholds
    NSR_24$1           1.618      0.316      5.119      0.000

Categorical Latent Variables

 Means
    C#1                0.224      0.132      1.697      0.090

New/Additional Parameters
    DIFF12            -3.028      0.444     -6.824      0.000


QUALITY OF NUMERICAL RESULTS

     Condition Number for the Information Matrix              0.155E-01
       (ratio of smallest to largest eigenvalue)


RESULTS IN PROBABILITY SCALE

                                                    Two-Tailed
                    Estimate       S.E.  Est./S.E.    P-Value

Latent Class 1

 NSR_24
    Category 1         0.196      0.041      4.801      0.000
    Category 2         0.804      0.041     19.659      0.000

Latent Class 2

 NSR_24
    Category 1         0.834      0.044     19.118      0.000
    Category 2         0.166      0.044      3.792      0.000


LATENT CLASS INDICATOR ODDS RATIOS FOR THE LATENT CLASSES

                                                95% C.I.
                    Estimate       S.E.  Lower 2.5% Upper 2.5%

Latent Class 1 Compared to Latent Class 2

 NSR_24
    Category > 1      20.647      9.160      8.654     49.261


STANDARDIZED MODEL RESULTS


STDYX Standardization

                                                    Two-Tailed
                    Estimate       S.E.  Est./S.E.    P-Value

Latent Class 1

 Means
    N#1                2.417      0.000    999.000    999.000

 Thresholds
    NSR_24$1          -0.777      0.143     -5.440      0.000

Latent Class 2

 Means
    N#1               -1.957      0.000    999.000    999.000

 Thresholds
    NSR_24$1           0.892      0.174      5.119      0.000


STDY Standardization

                                                    Two-Tailed
                    Estimate       S.E.  Est./S.E.    P-Value

Latent Class 1

 Means
    N#1                2.417      0.000    999.000    999.000

 Thresholds
    NSR_24$1          -0.777      0.143     -5.440      0.000

Latent Class 2

 Means
    N#1               -1.957      0.000    999.000    999.000

 Thresholds
    NSR_24$1           0.892      0.174      5.119      0.000


STD Standardization

                                                    Two-Tailed
                    Estimate       S.E.  Est./S.E.    P-Value

Latent Class 1

 Means
    N#1                2.417      0.000    999.000    999.000

 Thresholds
    NSR_24$1          -1.410      0.259     -5.440      0.000

Latent Class 2

 Means
    N#1               -1.957      0.000    999.000    999.000

 Thresholds
    NSR_24$1           1.618      0.316      5.119      0.000


CONFIDENCE INTERVALS OF MODEL RESULTS

                  Lower .5%  Lower 2.5%    Lower 5%    Estimate    Upper 5%  Upper 2.5%   Upper .5%

Latent Class 1

 Means
    N#1              2.417       2.417       2.417       2.417       2.417       2.417       2.417

 Thresholds
    NSR_24$1        -2.077      -1.918      -1.836      -1.410      -0.983      -0.902      -0.742

Latent Class 2

 Means
    N#1             -1.957      -1.957      -1.957      -1.957      -1.957      -1.957      -1.957

 Thresholds
    NSR_24$1         0.804       0.998       1.098       1.618       2.138       2.237       2.432

Categorical Latent Variables

 Means
    C#1             -0.116      -0.035       0.007       0.224       0.440       0.482       0.563

New/Additional Parameters
    DIFF12          -4.170      -3.897      -3.757      -3.028      -2.298      -2.158      -1.885


CONFIDENCE INTERVALS IN PROBABILITY SCALE

Latent Class 1

 NSR_24
    Category 1       0.091       0.116       0.129       0.196       0.264       0.276       0.302
    Category 2       0.698       0.724       0.736       0.804       0.871       0.884       0.909

Latent Class 2

 NSR_24
    Category 1       0.722       0.749       0.763       0.834       0.906       0.920       0.947
    Category 2       0.053       0.080       0.094       0.166       0.237       0.251       0.278


CONFIDENCE INTERVALS FOR THE LATENT CLASS ODDS RATIO RESULTS

Latent Class 1 Compared to Latent Class 2

 NSR_24
    Category > 1     6.585       8.654       9.952      20.647      42.836      49.261      64.738


CONFIDENCE INTERVALS OF STANDARDIZED MODEL RESULTS


STDYX Standardization

                  Lower .5%  Lower 2.5%    Lower 5%    Estimate    Upper 5%  Upper 2.5%   Upper .5%

Latent Class 1

 Means
    N#1              2.417       2.417       2.417       2.417       2.417       2.417       2.417

 Thresholds
    NSR_24$1        -1.145      -1.057      -1.012      -0.777      -0.542      -0.497      -0.409

Latent Class 2

 Means
    N#1             -1.957      -1.957      -1.957      -1.957      -1.957      -1.957      -1.957

 Thresholds
    NSR_24$1         0.443       0.550       0.605       0.892       1.179       1.233       1.341


STDY Standardization

                  Lower .5%  Lower 2.5%    Lower 5%    Estimate    Upper 5%  Upper 2.5%   Upper .5%

Latent Class 1

 Means
    N#1              2.417       2.417       2.417       2.417       2.417       2.417       2.417

 Thresholds
    NSR_24$1        -1.145      -1.057      -1.012      -0.777      -0.542      -0.497      -0.409

Latent Class 2

 Means
    N#1             -1.957      -1.957      -1.957      -1.957      -1.957      -1.957      -1.957

 Thresholds
    NSR_24$1         0.443       0.550       0.605       0.892       1.179       1.233       1.341


STD Standardization

                  Lower .5%  Lower 2.5%    Lower 5%    Estimate    Upper 5%  Upper 2.5%   Upper .5%

Latent Class 1

 Means
    N#1              2.417       2.417       2.417       2.417       2.417       2.417       2.417

 Thresholds
    NSR_24$1        -2.077      -1.918      -1.836      -1.410      -0.983      -0.902      -0.742

Latent Class 2

 Means
    N#1             -1.957      -1.957      -1.957      -1.957      -1.957      -1.957      -1.957

 Thresholds
    NSR_24$1         0.804       0.998       1.098       1.618       2.138       2.237       2.432


TECHNICAL 7 OUTPUT


     UNIVARIATE SAMPLE DISTRIBUTIONS FOR CLASS 1

     Variable
     N
       Category 1        0.918
       Category 2        0.082
     NSR_24
       Category 1        0.196
       Category 2        0.804


     UNIVARIATE SAMPLE DISTRIBUTIONS FOR CLASS 2

     Variable
     N
       Category 1        0.124
       Category 2        0.876
     NSR_24
       Category 1        0.835
       Category 2        0.165


     Beginning Time:  19:14:12
        Ending Time:  19:14:12
       Elapsed Time:  00:00:00



MUTHEN & MUTHEN
3463 Stoner Ave.
Los Angeles, CA  90066

Tel: (310) 391-9971
Fax: (310) 391-8971
Web: www.StatModel.com
Support: Support@StatModel.com

Copyright (c) 1998-2021 Muthen & Muthen
