Mplus VERSION 8.6 (Mac)
MUTHEN & MUTHEN
07/04/2023   3:57 PM

INPUT INSTRUCTIONS

  TITLE:
  D3STEP_SUMD2_24 - GBTM_P2_K2_S1000;

  DATA:
  FILE = "/Users/olivierpercie/Desktop/MplusLGM/SOFAS/Results/D3STEP/SUMD2_24_D3STEP.dat";

  VARIABLE:
  NAMES = PIN SOFAS_0 SOFAS_12 SOFAS_24 I S Q C_I C_S C_Q CPROB1 CPROB2 N SUMD2_24;
   MISSING=.;
   USEVAR = SUMD2_24 N;
  NOMINAL = N;
  CLASSES = c(2);
  ANALYSIS:
  TYPE = MIXTURE;
  STARTS = 0;
  PROCESSORS = 8;
  MODEL:
  %OVERALL%
  %C#1%
  [N#1@2.378];
  [SUMD2_24](M1); SUMD2_24;
  %C#2%
  [N#1@-1.949];
  [SUMD2_24](M2); SUMD2_24;
  MODEL CONSTRAINT:
  New (diff12);
  diff12 = M1 - M2;
  MODEL TEST:
  M1 = M2;
  OUTPUT:
  TECH7;
  SAMPSTAT;
  STANDARDIZED;
  CINTERVAL;



*** WARNING in MODEL command
  All variables are uncorrelated with all other variables within class.
  Check that this is what is intended.
   1 WARNING(S) FOUND IN THE INPUT INSTRUCTIONS




D3STEP_SUMD2_24 - GBTM_P2_K2_S1000;

SUMMARY OF ANALYSIS

Number of groups                                                 1
Number of observations                                         369

Number of dependent variables                                    2
Number of independent variables                                  0
Number of continuous latent variables                            0
Number of categorical latent variables                           1

Observed dependent variables

  Continuous
   SUMD2_24

  Unordered categorical (nominal)
   N

Categorical latent variables
   C


Estimator                                                      MLR
Information matrix                                        OBSERVED
Optimization Specifications for the Quasi-Newton Algorithm for
Continuous Outcomes
  Maximum number of iterations                                 100
  Convergence criterion                                  0.100D-05
Optimization Specifications for the EM Algorithm
  Maximum number of iterations                                 500
  Convergence criteria
    Loglikelihood change                                 0.100D-06
    Relative loglikelihood change                        0.100D-06
    Derivative                                           0.100D-05
Optimization Specifications for the M step of the EM Algorithm for
Categorical Latent variables
  Number of M step iterations                                    1
  M step convergence criterion                           0.100D-05
  Basis for M step termination                           ITERATION
Optimization Specifications for the M step of the EM Algorithm for
Censored, Binary or Ordered Categorical (Ordinal), Unordered
Categorical (Nominal) and Count Outcomes
  Number of M step iterations                                    1
  M step convergence criterion                           0.100D-05
  Basis for M step termination                           ITERATION
  Maximum value for logit thresholds                            15
  Minimum value for logit thresholds                           -15
  Minimum expected cell size for chi-square              0.100D-01
Maximum number of iterations for H1                           2000
Convergence criterion for H1                             0.100D-03
Optimization algorithm                                         EMA

Input data file(s)
  /Users/olivierpercie/Desktop/MplusLGM/SOFAS/Results/D3STEP/SUMD2_24_D3STEP.dat
Input data format  FREE


SUMMARY OF DATA

     Number of missing data patterns             2
     Number of y missing data patterns           2
     Number of u missing data patterns           0


COVARIANCE COVERAGE OF DATA

Minimum covariance coverage value   0.100


     PROPORTION OF DATA PRESENT FOR Y


           Covariance Coverage
              SUMD2_24
              ________
 SUMD2_24       0.084

     THE COVARIANCE COVERAGE FALLS BELOW THE SPECIFIED LIMIT.  THE MISSING
     DATA EM ALGORITHM WILL NOT BE INITIATED.  CHECK YOUR DATA OR LOWER THE
     COVARIANCE COVERAGE LIMIT.


UNIVARIATE PROPORTIONS AND COUNTS FOR CATEGORICAL VARIABLES

    N
      Category 1    0.564          208.000
      Category 2    0.436          161.000


SAMPLE STATISTICS


UNIVARIATE SAMPLE STATISTICS


     UNIVARIATE HIGHER-ORDER MOMENT DESCRIPTIVE STATISTICS

         Variable/         Mean/     Skewness/   Minimum/ % with                Percentiles
        Sample Size      Variance    Kurtosis    Maximum  Min/Max      20%/60%    40%/80%    Median

     SUMD2_24              2.355       0.625       1.000   25.81%       1.000      1.750      2.000
              31.000       1.459      -0.650       5.000    6.45%       2.500      3.500


THE MODEL ESTIMATION TERMINATED NORMALLY



MODEL FIT INFORMATION

Number of Free Parameters                        5

Loglikelihood

          H0 Value                        -297.884
          H0 Scaling Correction Factor      0.8577
            for MLR

Information Criteria

          Akaike (AIC)                     605.768
          Bayesian (BIC)                   625.322
          Sample-Size Adjusted BIC         609.458
            (n* = (n + 2) / 24)

Wald Test of Parameter Constraints

          Value                              7.673
          Degrees of Freedom                     1
          P-Value                           0.0056



FINAL CLASS COUNTS AND PROPORTIONS FOR THE LATENT CLASSES
BASED ON THE ESTIMATED MODEL

    Latent
   Classes

       1        205.09250          0.55581
       2        163.90750          0.44419


FINAL CLASS COUNTS AND PROPORTIONS FOR THE LATENT CLASSES
BASED ON ESTIMATED POSTERIOR PROBABILITIES

    Latent
   Classes

       1        205.09250          0.55581
       2        163.90750          0.44419


FINAL CLASS COUNTS AND PROPORTIONS FOR THE LATENT CLASSES
BASED ON THEIR MOST LIKELY LATENT CLASS MEMBERSHIP

Class Counts and Proportions

    Latent
   Classes

       1              207          0.56098
       2              162          0.43902


CLASSIFICATION QUALITY

     Entropy                         0.532


Average Latent Class Probabilities for Most Likely Latent Class Membership (Row)
by Latent Class (Column)

           1        2

    1   0.904    0.096
    2   0.110    0.890


Classification Probabilities for the Most Likely Latent Class Membership (Column)
by Latent Class (Row)

           1        2

    1   0.913    0.087
    2   0.121    0.879


Logits for the Classification Probabilities for the Most Likely Latent Class Membership (Column)
by Latent Class (Row)

              1        2

    1      2.348    0.000
    2     -1.985    0.000


MODEL RESULTS

                                                    Two-Tailed
                    Estimate       S.E.  Est./S.E.    P-Value

Latent Class 1

 Means
    SUMD2_24           1.750      0.256      6.847      0.000

 Means
    N#1                2.378      0.000    999.000    999.000

 Variances
    SUMD2_24           0.577      0.247      2.334      0.020

Latent Class 2

 Means
    SUMD2_24           3.164      0.393      8.052      0.000

 Means
    N#1               -1.949      0.000    999.000    999.000

 Variances
    SUMD2_24           1.493      0.394      3.790      0.000

Categorical Latent Variables

 Means
    C#1                0.224      0.132      1.692      0.091

New/Additional Parameters
    DIFF12            -1.414      0.511     -2.770      0.006


QUALITY OF NUMERICAL RESULTS

     Condition Number for the Information Matrix              0.162E-01
       (ratio of smallest to largest eigenvalue)


STANDARDIZED MODEL RESULTS


STDYX Standardization

                                                    Two-Tailed
                    Estimate       S.E.  Est./S.E.    P-Value

Latent Class 1

 Means
    SUMD2_24           2.303      0.289      7.974      0.000

 Variances
    SUMD2_24           1.000      0.000    999.000    999.000

Latent Class 2

 Means
    SUMD2_24           2.589      0.534      4.845      0.000

 Variances
    SUMD2_24           1.000      0.000    999.000    999.000


STDY Standardization

                                                    Two-Tailed
                    Estimate       S.E.  Est./S.E.    P-Value

Latent Class 1

 Means
    SUMD2_24           2.303      0.289      7.974      0.000

 Variances
    SUMD2_24           1.000      0.000    999.000    999.000

Latent Class 2

 Means
    SUMD2_24           2.589      0.534      4.845      0.000

 Variances
    SUMD2_24           1.000      0.000    999.000    999.000


STD Standardization

                                                    Two-Tailed
                    Estimate       S.E.  Est./S.E.    P-Value

Latent Class 1

 Means
    SUMD2_24           1.750      0.256      6.847      0.000

 Variances
    SUMD2_24           0.577      0.247      2.334      0.020

Latent Class 2

 Means
    SUMD2_24           3.164      0.393      8.052      0.000

 Variances
    SUMD2_24           1.493      0.394      3.790      0.000


R-SQUARE

Class 1

Class 2


CONFIDENCE INTERVALS OF MODEL RESULTS

                  Lower .5%  Lower 2.5%    Lower 5%    Estimate    Upper 5%  Upper 2.5%   Upper .5%

Latent Class 1

 Means
    SUMD2_24         1.091       1.249       1.329       1.750       2.170       2.251       2.408

 Means
    N#1              2.378       2.378       2.378       2.378       2.378       2.378       2.378

 Variances
    SUMD2_24        -0.060       0.093       0.170       0.577       0.984       1.062       1.214

Latent Class 2

 Means
    SUMD2_24         2.152       2.394       2.518       3.164       3.810       3.934       4.176

 Means
    N#1             -1.949      -1.949      -1.949      -1.949      -1.949      -1.949      -1.949

 Variances
    SUMD2_24         0.478       0.721       0.845       1.493       2.141       2.265       2.508

Categorical Latent Variables

 Means
    C#1             -0.117      -0.035       0.006       0.224       0.442       0.484       0.565

New/Additional Parameters
    DIFF12          -2.729      -2.415      -2.254      -1.414      -0.574      -0.414      -0.099


CONFIDENCE INTERVALS OF STANDARDIZED MODEL RESULTS


STDYX Standardization

                  Lower .5%  Lower 2.5%    Lower 5%    Estimate    Upper 5%  Upper 2.5%   Upper .5%

Latent Class 1

 Means
    SUMD2_24         1.559       1.737       1.828       2.303       2.778       2.869       3.047

 Variances
    SUMD2_24         1.000       1.000       1.000       1.000       1.000       1.000       1.000

Latent Class 2

 Means
    SUMD2_24         1.213       1.542       1.710       2.589       3.468       3.637       3.966

 Variances
    SUMD2_24         1.000       1.000       1.000       1.000       1.000       1.000       1.000


STDY Standardization

                  Lower .5%  Lower 2.5%    Lower 5%    Estimate    Upper 5%  Upper 2.5%   Upper .5%

Latent Class 1

 Means
    SUMD2_24         1.559       1.737       1.828       2.303       2.778       2.869       3.047

 Variances
    SUMD2_24         1.000       1.000       1.000       1.000       1.000       1.000       1.000

Latent Class 2

 Means
    SUMD2_24         1.213       1.542       1.710       2.589       3.468       3.637       3.966

 Variances
    SUMD2_24         1.000       1.000       1.000       1.000       1.000       1.000       1.000


STD Standardization

                  Lower .5%  Lower 2.5%    Lower 5%    Estimate    Upper 5%  Upper 2.5%   Upper .5%

Latent Class 1

 Means
    SUMD2_24         1.091       1.249       1.329       1.750       2.170       2.251       2.408

 Variances
    SUMD2_24        -0.060       0.093       0.170       0.577       0.984       1.062       1.214

Latent Class 2

 Means
    SUMD2_24         2.152       2.394       2.518       3.164       3.810       3.934       4.176

 Variances
    SUMD2_24         0.478       0.721       0.845       1.493       2.141       2.265       2.508


TECHNICAL 7 OUTPUT


     SAMPLE STATISTICS WEIGHTED BY ESTIMATED CLASS PROBABILITIES FOR CLASS 1


           Means
              SUMD2_24
              ________
                1.750


           Covariances
              SUMD2_24
              ________
 SUMD2_24       0.577


     SAMPLE STATISTICS WEIGHTED BY ESTIMATED CLASS PROBABILITIES FOR CLASS 2


           Means
              SUMD2_24
              ________
                3.164


           Covariances
              SUMD2_24
              ________
 SUMD2_24       1.493


     UNIVARIATE SAMPLE DISTRIBUTIONS FOR CLASS 1

     Variable
     N
       Category 1        0.914
       Category 2        0.086


     UNIVARIATE SAMPLE DISTRIBUTIONS FOR CLASS 2

     Variable
     N
       Category 1        0.126
       Category 2        0.874


     Beginning Time:  15:57:47
        Ending Time:  15:57:47
       Elapsed Time:  00:00:00



MUTHEN & MUTHEN
3463 Stoner Ave.
Los Angeles, CA  90066

Tel: (310) 391-9971
Fax: (310) 391-8971
Web: www.StatModel.com
Support: Support@StatModel.com

Copyright (c) 1998-2021 Muthen & Muthen
