Mplus VERSION 8.6 (Mac)
MUTHEN & MUTHEN
05/08/2023   1:05 PM

INPUT INSTRUCTIONS

  TITLE:
   GMM4v_i s q cub@0; - MixREG_SANS;
  DATA:
  FILE = "/Users/olivierpercie/Desktop/MplusLGM/SAPS/Results/MixREG/SANS_MixREG.dat";

  VARIABLE:
  NAMES = PIN SAPS_0 SAPS_1 SAPS_2 SAPS_3 SAPS_6 SAPS_9 SAPS_12 SAPS_18 SAPS_24 I S Q
       CUB C_I C_S C_Q C_CUB CPROB1 CPROB2 N SANS_0 SANS_1 SANS_2 SANS_3 SANS_6 SANS_9
       SANS_12 SANS_18 SANS_24;
   MISSING=.;
   USEVAR = N S SANS_0 SANS_1 SANS_2 SANS_3 SANS_6 SANS_9 SANS_12 SANS_18 SANS_24;
  NOMINAL = N;
  CLASSES = c(2);
  ANALYSIS:
  TYPE = MIXTURE;
  STARTS = 0;
  PROCESSORS = 8;
  MODEL:
  %OVERALL%
  iw sw | SANS_0@0 SANS_1@1 SANS_2@2 SANS_3@3 SANS_6@6 SANS_9@9 SANS_12@12 SANS_18@18
  SANS_24@24;
  S ON iw sw;
  %C#1%
  [N#1@3.513];
  S ON iw sw (S1 - S2);
  [iw] (iw1);
  [sw] (sw1);
  iw sw;
  iw WITH sw;
  SANS_0 SANS_1 SANS_2 SANS_3 SANS_6 SANS_9 SANS_12 SANS_18 SANS_24;
  %C#2%
  [N#1@-3.952];
  S ON iw sw (S3 - S4);
  [iw] (iw2);
  [sw] (sw2);
  iw sw;
  iw WITH sw;
  SANS_0 SANS_1 SANS_2 SANS_3 SANS_6 SANS_9 SANS_12 SANS_18 SANS_24;
  MODEL TEST:
  S1 = S3;
  OUTPUT:
  SAMPSTAT;
  CINTERVAL;



INPUT READING TERMINATED NORMALLY




GMM4v_i s q cub@0; - MixREG_SANS;

SUMMARY OF ANALYSIS

Number of groups                                                 1
Number of observations                                         405

Number of dependent variables                                   11
Number of independent variables                                  0
Number of continuous latent variables                            2
Number of categorical latent variables                           1

Observed dependent variables

  Continuous
   S           SANS_0      SANS_1      SANS_2      SANS_3      SANS_6
   SANS_9      SANS_12     SANS_18     SANS_24

  Unordered categorical (nominal)
   N

Continuous latent variables
   IW          SW

Categorical latent variables
   C


Estimator                                                      MLR
Information matrix                                        OBSERVED
Optimization Specifications for the Quasi-Newton Algorithm for
Continuous Outcomes
  Maximum number of iterations                                 100
  Convergence criterion                                  0.100D-05
Optimization Specifications for the EM Algorithm
  Maximum number of iterations                                 500
  Convergence criteria
    Loglikelihood change                                 0.100D-06
    Relative loglikelihood change                        0.100D-06
    Derivative                                           0.100D-05
Optimization Specifications for the M step of the EM Algorithm for
Categorical Latent variables
  Number of M step iterations                                    1
  M step convergence criterion                           0.100D-05
  Basis for M step termination                           ITERATION
Optimization Specifications for the M step of the EM Algorithm for
Censored, Binary or Ordered Categorical (Ordinal), Unordered
Categorical (Nominal) and Count Outcomes
  Number of M step iterations                                    1
  M step convergence criterion                           0.100D-05
  Basis for M step termination                           ITERATION
  Maximum value for logit thresholds                            15
  Minimum value for logit thresholds                           -15
  Minimum expected cell size for chi-square              0.100D-01
Maximum number of iterations for H1                           2000
Convergence criterion for H1                             0.100D-03
Optimization algorithm                                         EMA

Input data file(s)
  /Users/olivierpercie/Desktop/MplusLGM/SAPS/Results/MixREG/SANS_MixREG.dat
Input data format  FREE


SUMMARY OF DATA

     Number of missing data patterns            63
     Number of y missing data patterns          63
     Number of u missing data patterns           0


COVARIANCE COVERAGE OF DATA

Minimum covariance coverage value   0.100


     PROPORTION OF DATA PRESENT FOR Y


           Covariance Coverage
              S             SANS_0        SANS_1        SANS_2        SANS_3
              ________      ________      ________      ________      ________
 S              1.000
 SANS_0         1.000         1.000
 SANS_1         0.674         0.674         0.674
 SANS_2         0.852         0.852         0.602         0.852
 SANS_3         0.941         0.941         0.627         0.822         0.941
 SANS_6         0.911         0.911         0.605         0.785         0.872
 SANS_9         0.862         0.862         0.578         0.756         0.807
 SANS_12        0.872         0.872         0.573         0.733         0.815
 SANS_18        0.820         0.820         0.538         0.686         0.765
 SANS_24        0.793         0.793         0.519         0.694         0.743


           Covariance Coverage
              SANS_6        SANS_9        SANS_12       SANS_18       SANS_24
              ________      ________      ________      ________      ________
 SANS_6         0.911
 SANS_9         0.795         0.862
 SANS_12        0.793         0.775         0.872
 SANS_18        0.746         0.719         0.746         0.820
 SANS_24        0.723         0.721         0.723         0.709         0.793


UNIVARIATE PROPORTIONS AND COUNTS FOR CATEGORICAL VARIABLES

    N
      Category 1    0.341          138.000
      Category 2    0.659          267.000


SAMPLE STATISTICS


     ESTIMATED SAMPLE STATISTICS


           Means
              S             SANS_0        SANS_1        SANS_2        SANS_3
              ________      ________      ________      ________      ________
               -1.071        10.062         8.575         7.902         7.846


           Means
              SANS_6        SANS_9        SANS_12       SANS_18       SANS_24
              ________      ________      ________      ________      ________
                7.160         6.785         6.563         6.235         5.863


           Covariances
              S             SANS_0        SANS_1        SANS_2        SANS_3
              ________      ________      ________      ________      ________
 S              0.149
 SANS_0        -0.163        14.384
 SANS_1        -0.319         7.959        13.990
 SANS_2        -0.400         7.750        11.609        15.253
 SANS_3        -0.480         7.436        10.103        12.055        15.417
 SANS_6        -0.462         6.489         8.752        10.007        10.472
 SANS_9        -0.434         6.582         7.861         9.144        10.072
 SANS_12       -0.476         5.967         7.318         8.027         8.493
 SANS_18       -0.473         5.633         7.441         7.884         7.848
 SANS_24       -0.651         5.052         6.151         6.431         7.421


           Covariances
              SANS_6        SANS_9        SANS_12       SANS_18       SANS_24
              ________      ________      ________      ________      ________
 SANS_6        16.403
 SANS_9        11.653        17.770
 SANS_12       11.132        13.099        18.554
 SANS_18        9.736        11.405        12.831        18.507
 SANS_24        8.804        10.382        11.048        13.028        19.194


           Correlations
              S             SANS_0        SANS_1        SANS_2        SANS_3
              ________      ________      ________      ________      ________
 S              1.000
 SANS_0        -0.111         1.000
 SANS_1        -0.221         0.561         1.000
 SANS_2        -0.265         0.523         0.795         1.000
 SANS_3        -0.317         0.499         0.688         0.786         1.000
 SANS_6        -0.296         0.422         0.578         0.633         0.659
 SANS_9        -0.267         0.412         0.499         0.555         0.608
 SANS_12       -0.286         0.365         0.454         0.477         0.502
 SANS_18       -0.285         0.345         0.462         0.469         0.465
 SANS_24       -0.385         0.304         0.375         0.376         0.431


           Correlations
              SANS_6        SANS_9        SANS_12       SANS_18       SANS_24
              ________      ________      ________      ________      ________
 SANS_6         1.000
 SANS_9         0.683         1.000
 SANS_12        0.638         0.721         1.000
 SANS_18        0.559         0.629         0.692         1.000
 SANS_24        0.496         0.562         0.585         0.691         1.000


     MAXIMUM LOG-LIKELIHOOD VALUE FOR THE UNRESTRICTED (H1) MODEL IS -7989.794


UNIVARIATE SAMPLE STATISTICS


     UNIVARIATE HIGHER-ORDER MOMENT DESCRIPTIVE STATISTICS

         Variable/         Mean/     Skewness/   Minimum/ % with                Percentiles
        Sample Size      Variance    Kurtosis    Maximum  Min/Max      20%/60%    40%/80%    Median

     S                    -1.071       0.642      -1.721    0.25%      -1.403     -1.298     -1.255
             405.000       0.149      -1.102      -0.217    0.49%      -1.156     -0.592
     SANS_0               10.062      -0.101       0.000    0.49%       7.000      9.000     10.000
             405.000      14.384      -0.412      19.000    0.25%      11.000     14.000
     SANS_1                8.758       0.109       0.000    0.73%       6.000      7.000      9.000
             273.000      13.846      -0.295      19.000    0.37%      10.000     12.000
     SANS_2                7.933       0.117       0.000    2.32%       4.000      7.000      8.000
             345.000      15.001      -0.539      19.000    0.29%       9.000     12.000
     SANS_3                7.837       0.134       0.000    2.62%       4.000      7.000      8.000
             381.000      15.428      -0.399      19.000    0.26%       9.000     11.000
     SANS_6                7.100       0.258       0.000    4.34%       3.000      6.000      7.000
             369.000      16.204      -0.467      19.000    0.27%       8.000     11.000
     SANS_9                6.708       0.326       0.000    6.88%       3.000      5.000      6.000
             349.000      17.445      -0.621      17.000    0.86%       7.000     10.000
     SANS_12               6.544       0.382       0.000    7.37%       2.000      5.000      6.000
             353.000      18.180      -0.603      19.000    0.28%       7.000     10.000
     SANS_18               6.250       0.506       0.000    8.13%       2.000      4.000      6.000
             332.000      18.591      -0.491      19.000    0.30%       7.000     10.000
     SANS_24               5.866       0.677       0.000   10.90%       2.000      4.000      5.000
             321.000      18.745      -0.108      20.000    0.31%       6.000     10.000


THE MODEL ESTIMATION TERMINATED NORMALLY



MODEL FIT INFORMATION

Number of Free Parameters                       36

Loglikelihood

          H0 Value                       -7999.730
          H0 Scaling Correction Factor      1.1793
            for MLR

Information Criteria

          Akaike (AIC)                   16071.461
          Bayesian (BIC)                 16215.601
          Sample-Size Adjusted BIC       16101.368
            (n* = (n + 2) / 24)

Wald Test of Parameter Constraints

          Value                              0.006
          Degrees of Freedom                     1
          P-Value                           0.9406



FINAL CLASS COUNTS AND PROPORTIONS FOR THE LATENT CLASSES
BASED ON THE ESTIMATED MODEL

    Latent
   Classes

       1        139.33756          0.34404
       2        265.66244          0.65596


FINAL CLASS COUNTS AND PROPORTIONS FOR THE LATENT CLASSES
BASED ON ESTIMATED POSTERIOR PROBABILITIES

    Latent
   Classes

       1        139.33756          0.34404
       2        265.66244          0.65596


FINAL CLASS COUNTS AND PROPORTIONS FOR THE LATENT CLASSES
BASED ON THEIR MOST LIKELY LATENT CLASS MEMBERSHIP

Class Counts and Proportions

    Latent
   Classes

       1              140          0.34568
       2              265          0.65432


CLASSIFICATION QUALITY

     Entropy                         0.992


Average Latent Class Probabilities for Most Likely Latent Class Membership (Row)
by Latent Class (Column)

           1        2

    1   0.995    0.005
    2   0.000    1.000


Classification Probabilities for the Most Likely Latent Class Membership (Column)
by Latent Class (Row)

           1        2

    1   1.000    0.000
    2   0.003    0.997


Logits for the Classification Probabilities for the Most Likely Latent Class Membership (Column)
by Latent Class (Row)

              1        2

    1      9.461    0.000
    2     -5.975    0.000


MODEL RESULTS

                                                    Two-Tailed
                    Estimate       S.E.  Est./S.E.    P-Value

Latent Class 1

 IW       |
    SANS_0             1.000      0.000    999.000    999.000
    SANS_1             1.000      0.000    999.000    999.000
    SANS_2             1.000      0.000    999.000    999.000
    SANS_3             1.000      0.000    999.000    999.000
    SANS_6             1.000      0.000    999.000    999.000
    SANS_9             1.000      0.000    999.000    999.000
    SANS_12            1.000      0.000    999.000    999.000
    SANS_18            1.000      0.000    999.000    999.000
    SANS_24            1.000      0.000    999.000    999.000

 SW       |
    SANS_0             0.000      0.000    999.000    999.000
    SANS_1             1.000      0.000    999.000    999.000
    SANS_2             2.000      0.000    999.000    999.000
    SANS_3             3.000      0.000    999.000    999.000
    SANS_6             6.000      0.000    999.000    999.000
    SANS_9             9.000      0.000    999.000    999.000
    SANS_12           12.000      0.000    999.000    999.000
    SANS_18           18.000      0.000    999.000    999.000
    SANS_24           24.000      0.000    999.000    999.000

 S          ON
    IW                -0.005      0.007     -0.701      0.483
    SW                 0.135      0.310      0.436      0.663

 SW       WITH
    IW                -0.245      0.068     -3.589      0.000

 Means
    IW                 7.124      0.318     22.377      0.000
    SW                -0.168      0.017    -10.205      0.000

 Means
    N#1                3.513      0.000    999.000    999.000

 Intercepts
    S                 -0.515      0.038    -13.719      0.000
    SANS_0             0.000      0.000    999.000    999.000
    SANS_1             0.000      0.000    999.000    999.000
    SANS_2             0.000      0.000    999.000    999.000
    SANS_3             0.000      0.000    999.000    999.000
    SANS_6             0.000      0.000    999.000    999.000
    SANS_9             0.000      0.000    999.000    999.000
    SANS_12            0.000      0.000    999.000    999.000
    SANS_18            0.000      0.000    999.000    999.000
    SANS_24            0.000      0.000    999.000    999.000

 Variances
    IW                10.768      1.513      7.116      0.000
    SW                 0.020      0.004      4.549      0.000

 Residual Variances
    S                  0.019      0.002     11.646      0.000
    SANS_0            21.926      3.196      6.861      0.000
    SANS_1             5.594      0.953      5.868      0.000
    SANS_2             3.849      0.743      5.183      0.000
    SANS_3             4.251      0.676      6.288      0.000
    SANS_6             5.781      0.866      6.674      0.000
    SANS_9             5.358      1.000      5.358      0.000
    SANS_12            5.492      0.942      5.827      0.000
    SANS_18            5.171      1.150      4.495      0.000
    SANS_24            3.687      1.728      2.133      0.033

Latent Class 2

 IW       |
    SANS_0             1.000      0.000    999.000    999.000
    SANS_1             1.000      0.000    999.000    999.000
    SANS_2             1.000      0.000    999.000    999.000
    SANS_3             1.000      0.000    999.000    999.000
    SANS_6             1.000      0.000    999.000    999.000
    SANS_9             1.000      0.000    999.000    999.000
    SANS_12            1.000      0.000    999.000    999.000
    SANS_18            1.000      0.000    999.000    999.000
    SANS_24            1.000      0.000    999.000    999.000

 SW       |
    SANS_0             0.000      0.000    999.000    999.000
    SANS_1             1.000      0.000    999.000    999.000
    SANS_2             2.000      0.000    999.000    999.000
    SANS_3             3.000      0.000    999.000    999.000
    SANS_6             6.000      0.000    999.000    999.000
    SANS_9             9.000      0.000    999.000    999.000
    SANS_12           12.000      0.000    999.000    999.000
    SANS_18           18.000      0.000    999.000    999.000
    SANS_24           24.000      0.000    999.000    999.000

 S          ON
    IW                -0.006      0.003     -2.045      0.041
    SW                 0.172      0.061      2.838      0.005

 SW       WITH
    IW                -0.198      0.049     -4.064      0.000

 Means
    IW                 9.014      0.217     41.476      0.000
    SW                -0.100      0.013     -7.428      0.000

 Means
    N#1               -3.952      0.000    999.000    999.000

 Intercepts
    S                 -1.262      0.022    -56.685      0.000
    SANS_0             0.000      0.000    999.000    999.000
    SANS_1             0.000      0.000    999.000    999.000
    SANS_2             0.000      0.000    999.000    999.000
    SANS_3             0.000      0.000    999.000    999.000
    SANS_6             0.000      0.000    999.000    999.000
    SANS_9             0.000      0.000    999.000    999.000
    SANS_12            0.000      0.000    999.000    999.000
    SANS_18            0.000      0.000    999.000    999.000
    SANS_24            0.000      0.000    999.000    999.000

 Variances
    IW                 9.911      1.035      9.574      0.000
    SW                 0.026      0.004      6.515      0.000

 Residual Variances
    S                  0.019      0.002     11.646      0.000
    SANS_0             8.449      0.998      8.467      0.000
    SANS_1             3.746      0.560      6.695      0.000
    SANS_2             3.702      0.488      7.592      0.000
    SANS_3             4.415      0.490      9.018      0.000
    SANS_6             6.963      0.931      7.475      0.000
    SANS_9             8.258      0.884      9.342      0.000
    SANS_12            8.432      0.961      8.772      0.000
    SANS_18            5.701      0.937      6.084      0.000
    SANS_24            7.117      1.299      5.477      0.000

Categorical Latent Variables

 Means
    C#1               -0.645      0.105     -6.157      0.000


QUALITY OF NUMERICAL RESULTS

     Condition Number for the Information Matrix              0.416E-05
       (ratio of smallest to largest eigenvalue)


CONFIDENCE INTERVALS OF MODEL RESULTS

                  Lower .5%  Lower 2.5%    Lower 5%    Estimate    Upper 5%  Upper 2.5%   Upper .5%

Latent Class 1

 IW       |
    SANS_0           1.000       1.000       1.000       1.000       1.000       1.000       1.000
    SANS_1           1.000       1.000       1.000       1.000       1.000       1.000       1.000
    SANS_2           1.000       1.000       1.000       1.000       1.000       1.000       1.000
    SANS_3           1.000       1.000       1.000       1.000       1.000       1.000       1.000
    SANS_6           1.000       1.000       1.000       1.000       1.000       1.000       1.000
    SANS_9           1.000       1.000       1.000       1.000       1.000       1.000       1.000
    SANS_12          1.000       1.000       1.000       1.000       1.000       1.000       1.000
    SANS_18          1.000       1.000       1.000       1.000       1.000       1.000       1.000
    SANS_24          1.000       1.000       1.000       1.000       1.000       1.000       1.000

 SW       |
    SANS_0           0.000       0.000       0.000       0.000       0.000       0.000       0.000
    SANS_1           1.000       1.000       1.000       1.000       1.000       1.000       1.000
    SANS_2           2.000       2.000       2.000       2.000       2.000       2.000       2.000
    SANS_3           3.000       3.000       3.000       3.000       3.000       3.000       3.000
    SANS_6           6.000       6.000       6.000       6.000       6.000       6.000       6.000
    SANS_9           9.000       9.000       9.000       9.000       9.000       9.000       9.000
    SANS_12         12.000      12.000      12.000      12.000      12.000      12.000      12.000
    SANS_18         18.000      18.000      18.000      18.000      18.000      18.000      18.000
    SANS_24         24.000      24.000      24.000      24.000      24.000      24.000      24.000

 S        ON
    IW              -0.024      -0.020      -0.017      -0.005       0.007       0.009       0.014
    SW              -0.663      -0.472      -0.375       0.135       0.645       0.743       0.934

 SW       WITH
    IW              -0.421      -0.379      -0.357      -0.245      -0.133      -0.111      -0.069

 Means
    IW               6.304       6.500       6.600       7.124       7.648       7.748       7.944
    SW              -0.211      -0.201      -0.196      -0.168      -0.141      -0.136      -0.126

 Means
    N#1              3.513       3.513       3.513       3.513       3.513       3.513       3.513

 Intercepts
    S               -0.611      -0.588      -0.576      -0.515      -0.453      -0.441      -0.418
    SANS_0           0.000       0.000       0.000       0.000       0.000       0.000       0.000
    SANS_1           0.000       0.000       0.000       0.000       0.000       0.000       0.000
    SANS_2           0.000       0.000       0.000       0.000       0.000       0.000       0.000
    SANS_3           0.000       0.000       0.000       0.000       0.000       0.000       0.000
    SANS_6           0.000       0.000       0.000       0.000       0.000       0.000       0.000
    SANS_9           0.000       0.000       0.000       0.000       0.000       0.000       0.000
    SANS_12          0.000       0.000       0.000       0.000       0.000       0.000       0.000
    SANS_18          0.000       0.000       0.000       0.000       0.000       0.000       0.000
    SANS_24          0.000       0.000       0.000       0.000       0.000       0.000       0.000

 Variances
    IW               6.870       7.802       8.278      10.768      13.257      13.734      14.665
    SW               0.009       0.012       0.013       0.020       0.028       0.029       0.032

 Residual Variances
    S                0.015       0.015       0.016       0.019       0.021       0.022       0.023
    SANS_0          13.695      15.663      16.669      21.926      27.183      28.189      30.157
    SANS_1           3.138       3.725       4.026       5.594       7.162       7.462       8.049
    SANS_2           1.936       2.393       2.627       3.849       5.070       5.304       5.762
    SANS_3           2.510       2.926       3.139       4.251       5.363       5.576       5.992
    SANS_6           3.550       4.083       4.356       5.781       7.206       7.478       8.012
    SANS_9           2.782       3.398       3.713       5.358       7.003       7.318       7.934
    SANS_12          3.064       3.645       3.942       5.492       7.042       7.339       7.919
    SANS_18          2.208       2.916       3.279       5.171       7.063       7.425       8.133
    SANS_24         -0.765       0.299       0.844       3.687       6.530       7.074       8.139

Latent Class 2

 IW       |
    SANS_0           1.000       1.000       1.000       1.000       1.000       1.000       1.000
    SANS_1           1.000       1.000       1.000       1.000       1.000       1.000       1.000
    SANS_2           1.000       1.000       1.000       1.000       1.000       1.000       1.000
    SANS_3           1.000       1.000       1.000       1.000       1.000       1.000       1.000
    SANS_6           1.000       1.000       1.000       1.000       1.000       1.000       1.000
    SANS_9           1.000       1.000       1.000       1.000       1.000       1.000       1.000
    SANS_12          1.000       1.000       1.000       1.000       1.000       1.000       1.000
    SANS_18          1.000       1.000       1.000       1.000       1.000       1.000       1.000
    SANS_24          1.000       1.000       1.000       1.000       1.000       1.000       1.000

 SW       |
    SANS_0           0.000       0.000       0.000       0.000       0.000       0.000       0.000
    SANS_1           1.000       1.000       1.000       1.000       1.000       1.000       1.000
    SANS_2           2.000       2.000       2.000       2.000       2.000       2.000       2.000
    SANS_3           3.000       3.000       3.000       3.000       3.000       3.000       3.000
    SANS_6           6.000       6.000       6.000       6.000       6.000       6.000       6.000
    SANS_9           9.000       9.000       9.000       9.000       9.000       9.000       9.000
    SANS_12         12.000      12.000      12.000      12.000      12.000      12.000      12.000
    SANS_18         18.000      18.000      18.000      18.000      18.000      18.000      18.000
    SANS_24         24.000      24.000      24.000      24.000      24.000      24.000      24.000

 S        ON
    IW              -0.013      -0.011      -0.010      -0.006      -0.001       0.000       0.002
    SW               0.016       0.053       0.072       0.172       0.272       0.291       0.328

 SW       WITH
    IW              -0.323      -0.293      -0.278      -0.198      -0.118      -0.102      -0.072

 Means
    IW               8.454       8.588       8.656       9.014       9.371       9.440       9.574
    SW              -0.135      -0.126      -0.122      -0.100      -0.078      -0.074      -0.065

 Means
    N#1             -3.952      -3.952      -3.952      -3.952      -3.952      -3.952      -3.952

 Intercepts
    S               -1.319      -1.305      -1.298      -1.262      -1.225      -1.218      -1.204
    SANS_0           0.000       0.000       0.000       0.000       0.000       0.000       0.000
    SANS_1           0.000       0.000       0.000       0.000       0.000       0.000       0.000
    SANS_2           0.000       0.000       0.000       0.000       0.000       0.000       0.000
    SANS_3           0.000       0.000       0.000       0.000       0.000       0.000       0.000
    SANS_6           0.000       0.000       0.000       0.000       0.000       0.000       0.000
    SANS_9           0.000       0.000       0.000       0.000       0.000       0.000       0.000
    SANS_12          0.000       0.000       0.000       0.000       0.000       0.000       0.000
    SANS_18          0.000       0.000       0.000       0.000       0.000       0.000       0.000
    SANS_24          0.000       0.000       0.000       0.000       0.000       0.000       0.000

 Variances
    IW               7.245       7.882       8.208       9.911      11.614      11.941      12.578
    SW               0.016       0.018       0.020       0.026       0.033       0.034       0.037

 Residual Variances
    S                0.015       0.015       0.016       0.019       0.021       0.022       0.023
    SANS_0           5.879       6.493       6.807       8.449      10.090      10.404      11.019
    SANS_1           2.305       2.650       2.826       3.746       4.667       4.843       5.188
    SANS_2           2.446       2.746       2.900       3.702       4.504       4.658       4.958
    SANS_3           3.154       3.455       3.610       4.415       5.220       5.374       5.676
    SANS_6           4.563       5.137       5.430       6.963       8.495       8.788       9.362
    SANS_9           5.981       6.526       6.804       8.258       9.712       9.991      10.535
    SANS_12          5.956       6.548       6.850       8.432      10.013      10.316      10.907
    SANS_18          3.287       3.864       4.159       5.701       7.242       7.537       8.114
    SANS_24          3.770       4.570       4.979       7.117       9.254       9.664      10.464

Categorical Latent Variables

 Means
    C#1             -0.915      -0.851      -0.818      -0.645      -0.473      -0.440      -0.375


     Beginning Time:  13:05:19
        Ending Time:  13:05:19
       Elapsed Time:  00:00:00



MUTHEN & MUTHEN
3463 Stoner Ave.
Los Angeles, CA  90066

Tel: (310) 391-9971
Fax: (310) 391-8971
Web: www.StatModel.com
Support: Support@StatModel.com

Copyright (c) 1998-2021 Muthen & Muthen
