  -9052.14260716942           800454         751
  -6841.55114917821           308582         752
  -7044.12031363688           178181         753
  -7655.17394063943           659832         754
  -11230.4664719057           569338         755
  -7277.14491267846           549244         756
  -6249.14772026853           127362         757
  -9387.48639223797           496703         758
  -7715.27354767274           326091         759
  -8770.55359358294           860029         760
  -7286.83284945144            88437         761
  -8138.32108096099           403801         762
  -7201.15860059561           520865         763
  -7800.78154096865           940533         764
  -9422.94630946850           109357         765
  -9967.06811755022           551340         766
  -10040.4601820214           547702         767
  -8230.37101531921           721392         768
  -8827.18656630945           638577         769
  -7344.95645525117           859432         770
  -9027.97422356409           109946         771
  -5988.24048315954           167409         772
  -7026.90802681286           298553         773
  -8275.98060030947           900631         774
  -9017.62226142977           312587         775
  -8265.13413064861           820977         776
  -6472.55580042835           570681         777
  -10191.1088853896           775881         778
  -10086.1042821780           595619         779
  -7660.46031383085           134830         780
  -7002.77161923699            14262         781
  -10376.5514206557           921023         782
  -9048.64429554235           138695         783
  -7719.51263213640           251641         784
  -6306.36125459859           590834         785
  -6964.28945331819           580539         786
  -9514.91097411320           995913         787
  -7657.89944577219           657994         788
  -9200.70646203597           474357         789
  -7066.36121913720           958107         790
  -7347.83798411431           501995         791
  -8086.42693777408           710445         792
  -7799.85584618097            58507         793
  -8555.32683017984           251680         794
  -6247.87327015588           907810         795
  -7101.48145955370           355254         796
  -8032.51690802354           440368         797
  -10109.3070409990           303834         798
  -8188.02262347882           502157         799
  -6670.51309686073           604861         800
  -10182.2458814540           246794         801
  -8286.70911572817           391368         802
  -9506.32904095481           432513         803
  -7238.68052405456             7886         804
  -8734.90298937576           845580         805
  -8390.23109344139           203508         806
  -7158.69399469396           739214         807
  -9457.26428488632           496344         808
  -7237.28940460847           544077         809
  -10184.0909928726           200041         810
  -9525.48520762864           599136         811
  -8430.97009966523           238317         812
  -8673.02845193406           328661         813
  -9643.35243094759           671390         814
  -8250.32263991288           494149         815
  -8547.05354375765           941975         816
  -7420.14579139404           168888         817
  -7172.82946362353           548245         818
  -8990.36897830133           467561         819
  -9073.65008260430           300697         820
  -7770.95225681305           119513         821
  -7963.43145156156           752148         822
  -7618.54814281820           301717         823
  -7670.26868652508           214681         824
  -10113.3274218214            81233         825
  -14587.4917178102           323588         826
  -8928.85892482147           990504         827
  -10427.9646993718           588699         828
  -8075.09487449014            49910         829
  -7387.30415722646            82200         830
  -7388.74931501629           710154         831
  -7930.68641500783           760599         832
  -9274.74299461827           461687         833
  -6410.62875569141            50983         834
  -12742.6315251224           782179         835
  -7191.84365650612           648035         836
  -6577.54278640594           789528         837
  -7855.26326894044           914505         838
  -7664.40774393816           427006         839
  -8484.00808460410           954354         840
  -7783.65279741671           339073         841
  -6266.09533838147           544009         842
  -11343.6571578523           131063         843
  -8316.21846875754           473343         844
  -8245.98488022559           810594         845
  -8425.92773996662           271809         846
  -6406.38373051153           225995         847
  -7959.02313021139           451258         848
  -7748.28483641542           773195         849
  -6577.07993904048           807534         850
  -7233.29602577697           177175         851
  -7102.07755283397           942848         852
  -8726.83824844416           977800         853
  -7133.62249851216           628143         854
  -7386.11724759324           700270         855
  -9658.66794245925           296162         856
  -8304.62975652157            39756         857
  -7792.49907485352           690596         858
  -7716.61718938312           792993         859
  -7778.52564759202           444228         860
  -8904.93706987083           727176         861
  -8285.79470733129           465160         862
  -7339.41717104357           302046         863
  -7402.62424832090           287107         864
  -8059.43810294736           546943         865
  -8179.85068878308           576783         866
  -8287.38168087945           700846         867
  -9414.88205113070           804616         868
  -9111.24952978788           869564         869
  -9323.75693952110           496762         870
  -7412.24737807726            87586         871
  -7808.38907510972           462662         872
  -10379.5551357831             3607         873
  -11299.0747814333           802644         874
  -7145.44168087084           423661         875
  -2864.67851374103           551340         766
  -2864.67851374103            87586         871
  -2864.67851374104           580539         786
  -2864.67851374104           671390         814
  -2864.67851374104           907810         795
  -2864.67851374104            49910         829
  -2864.67851374104           326091         759
  -2864.67851374104           921023         782
  -2864.67851374104           802644         874
  -2864.67851374104           547702         767
  -2864.67851374104           900631         774
  -2864.67851374104             7886         804
  -2864.67851374104           323588         826
  -2864.67851374104           461687         833
  -2864.67851374104            58507         793
  -2864.67851374104           308582         752
  -2864.67851374104           496344         808
  -2864.67851374104           168888         817
  -2864.67851374104           462662         872
  -2864.67851374104           569338         755
  -2864.67851374104           251680         794
  -2864.67851374104           303834         798
  -2864.67851374104           990504         827
  -2864.67851374104           339073         841
  -2864.67851374104           473343         844
  -2864.67851374104           804616         868
  -2864.67851374104           496762         870
  -2864.67851374104           590834         785
  -2864.67851374104           648035         836
  -2864.67851374104           544009         842
  -2864.67851374104           810594         845
  -2864.67851374104           287107         864
  -2864.67851374104           546943         865
  -2864.67851374104           200041         810
  -2864.67851374104           657994         788
  -2864.67851374104           467561         819
  -2864.67851374104           296162         856
  -2864.67851374104           138695         783
  -2864.67851374104           942848         852
  -2866.71482868836           127362         757
  -2866.71482868836           628143         854
  -2866.71482868836           203508         806
  -2866.71482868836           807534         850
  -2866.71482868836           700270         855
  -2866.71482868836            88437         761
  -2866.71482868836           391368         802
  -2866.71482868836           588699         828
  -2866.71482868836           760599         832
  -2866.71482868836           576783         866
  -2866.71482868836           700846         867
  -2866.71482868836           520865         763
  -2866.71482868836           131063         843
  -2866.71482868836           940533         764
  -2866.71482868836           604861         800
  -2866.71482868836           914505         838
  -2883.59021839453           721392         768
  -3770.73709987240           328661         813
  -3770.73709987240           109357         765
  -3770.73709987240           298553         773
  -3770.73709987273           570681         777
  -3770.73709987401           549244         756
  -3770.73709990341           599136         811
  -3770.73710003586           271809         846
  -4167.51893378038           423661         875
  -4167.51893398600           119513         821
 -3.402823466385289E+038        3607         873
 -3.402823466385289E+038      869564         869
 -3.402823466385289E+038      302046         863
 -3.402823466385289E+038      465160         862
 -3.402823466385289E+038      727176         861
 -3.402823466385289E+038      444228         860
 -3.402823466385289E+038      792993         859
 -3.402823466385289E+038      690596         858
 -3.402823466385289E+038       39756         857
 -3.402823466385289E+038      977800         853
 -3.402823466385289E+038      177175         851
 -3.402823466385289E+038      773195         849
 -3.402823466385289E+038      451258         848
 -3.402823466385289E+038      225995         847
 -3.402823466385289E+038      954354         840
 -3.402823466385289E+038      427006         839
 -3.402823466385289E+038      789528         837
 -3.402823466385289E+038      782179         835
 -3.402823466385289E+038       50983         834
 -3.402823466385289E+038      710154         831
 -3.402823466385289E+038       82200         830
 -3.402823466385289E+038       81233         825
 -3.402823466385289E+038      214681         824
 -3.402823466385289E+038      301717         823
 -3.402823466385289E+038      752148         822
 -3.402823466385289E+038      300697         820
 -3.402823466385289E+038      548245         818
 -3.402823466385289E+038      941975         816
 -3.402823466385289E+038      494149         815
 -3.402823466385289E+038      238317         812
 -3.402823466385289E+038      544077         809
 -3.402823466385289E+038      739214         807
 -3.402823466385289E+038      845580         805
 -3.402823466385289E+038      432513         803
 -3.402823466385289E+038      246794         801
 -3.402823466385289E+038      502157         799
 -3.402823466385289E+038      440368         797
 -3.402823466385289E+038      355254         796
 -3.402823466385289E+038      710445         792
 -3.402823466385289E+038      501995         791
 -3.402823466385289E+038      958107         790
 -3.402823466385289E+038      474357         789
 -3.402823466385289E+038      995913         787
 -3.402823466385289E+038      251641         784
 -3.402823466385289E+038       14262         781
 -3.402823466385289E+038      134830         780
 -3.402823466385289E+038      595619         779
 -3.402823466385289E+038      775881         778
 -3.402823466385289E+038      820977         776
 -3.402823466385289E+038      312587         775
 -3.402823466385289E+038      167409         772
 -3.402823466385289E+038      109946         771
 -3.402823466385289E+038      859432         770
 -3.402823466385289E+038      638577         769
 -3.402823466385289E+038      403801         762
 -3.402823466385289E+038      860029         760
 -3.402823466385289E+038      496703         758
 -3.402823466385289E+038      659832         754
 -3.402823466385289E+038      178181         753
 -3.402823466385289E+038      800454         751
   520.489396160073     
   27.5589236660783     
   9.18426855466093     
   5.76595458433671     
   3.74975778248881     
   2.97123580416289     
   9.80564723426489     
   6.05387058825194     
   2.99508361021989     
   2.46867518366473     
 -3.160881131122799E-002
 -0.569203851478322     
  2.729655940575913E-002
   2.43425706151871     
   5.72112613127869     
 -0.138059299449575     
  6.248722888114710E-003
  7.554827941244201E-003
   357.889885934369     
   42.5887028053632     
   26.3928088980701     
   46.9356797102638     
   73.6180946599479     
   90.0986842196453     
   99.4464096746578     
   64.8508780721564     
   98.1454187232601     
   9.84979651027660     
 -2.070346927041963E-002
  -1.29333507912439     
 -3.575872406964769E-003
  0.189003984560305     
   35.9588919756260     
  -1.60960911721766     
  0.131113843184266     
 -0.631285949387653     
          14
           0
