Mplus VERSION 8.6 (Mac)
MUTHEN & MUTHEN
07/21/2023   7:15 PM

INPUT INSTRUCTIONS

  TITLE:
  GMM_CV_isq@0cub@0_CT - R3STEP_gender;
  DATA:
  FILE = "/Users/olivierpercie/Desktop/MplusLGM/SAPS/Results/R3STEP/gender_R3STEP.dat";

  VARIABLE:
  NAMES = PIN SAPS_0 SAPS_1 SAPS_2 SAPS_3 SAPS_6 SAPS_9 SAPS_12 SAPS_18 SAPS_24 CPROB1
       CPROB2 N gender;
   MISSING=.;
   USEVAR = N gender;
  NOMINAL = N;
  CLASSES = c(2);
  ANALYSIS:
  TYPE = MIXTURE;
  ALGORITHM = INTEGRATION;
  INTEGRATION = MONTECARLO;
  STARTS = 0;
  PROCESSORS = 8;
  MODEL:
  %OVERALL%
  C ON gender;
  gender;
  %C#1%
  [N#1@3.7];
  %C#2%
  [N#1@-3.603];
  OUTPUT:
  SAMPSTAT;
  STANDARDIZED;
  CINTERVAL;
  TECH7;



INPUT READING TERMINATED NORMALLY




GMM_CV_isq@0cub@0_CT - R3STEP_gender;

SUMMARY OF ANALYSIS

Number of groups                                                 1
Number of observations                                         404

Number of dependent variables                                    1
Number of independent variables                                  1
Number of continuous latent variables                            0
Number of categorical latent variables                           1

Observed dependent variables

  Unordered categorical (nominal)
   N

Observed independent variables
   GENDER

Categorical latent variables
   C


Estimator                                                      MLR
Information matrix                                        OBSERVED
Optimization Specifications for the Quasi-Newton Algorithm for
Continuous Outcomes
  Maximum number of iterations                                 100
  Convergence criterion                                  0.100D-05
Optimization Specifications for the EM Algorithm
  Maximum number of iterations                                 500
  Convergence criteria
    Loglikelihood change                                 0.100D-02
    Relative loglikelihood change                        0.100D-05
    Derivative                                           0.100D-02
Optimization Specifications for the M step of the EM Algorithm for
Categorical Latent variables
  Number of M step iterations                                    1
  M step convergence criterion                           0.100D-02
  Basis for M step termination                           ITERATION
Optimization Specifications for the M step of the EM Algorithm for
Censored, Binary or Ordered Categorical (Ordinal), Unordered
Categorical (Nominal) and Count Outcomes
  Number of M step iterations                                    1
  M step convergence criterion                           0.100D-02
  Basis for M step termination                           ITERATION
  Maximum value for logit thresholds                            15
  Minimum value for logit thresholds                           -15
  Minimum expected cell size for chi-square              0.100D-01
Maximum number of iterations for H1                           2000
Convergence criterion for H1                             0.100D-03
Optimization algorithm                                         EMA
Integration Specifications
  Type                                                  MONTECARLO
  Number of integration points                                   1
  Dimensions of numerical integration                            0
  Adaptive quadrature                                           ON
  Monte Carlo integration seed                                   0
Cholesky                                                       OFF

Input data file(s)
  /Users/olivierpercie/Desktop/MplusLGM/SAPS/Results/R3STEP/gender_R3STEP.dat
Input data format  FREE


SUMMARY OF DATA

     Number of missing data patterns             1
     Number of y missing data patterns           1
     Number of u missing data patterns           0


COVARIANCE COVERAGE OF DATA

Minimum covariance coverage value   0.100


     PROPORTION OF DATA PRESENT FOR Y


           Covariance Coverage
              GENDER
              ________
 GENDER         1.000


UNIVARIATE PROPORTIONS AND COUNTS FOR CATEGORICAL VARIABLES

    N
      Category 1    0.339          137.000
      Category 2    0.661          267.000


SAMPLE STATISTICS


     ESTIMATED SAMPLE STATISTICS


           Means
              GENDER
              ________
                1.666


           Covariances
              GENDER
              ________
 GENDER         0.222


           Correlations
              GENDER
              ________
 GENDER         1.000


     MAXIMUM LOG-LIKELIHOOD VALUE FOR THE UNRESTRICTED (H1) MODEL IS -269.677


UNIVARIATE SAMPLE STATISTICS


     UNIVARIATE HIGHER-ORDER MOMENT DESCRIPTIVE STATISTICS

         Variable/         Mean/     Skewness/   Minimum/ % with                Percentiles
        Sample Size      Variance    Kurtosis    Maximum  Min/Max      20%/60%    40%/80%    Median

     GENDER                1.666      -0.703       1.000   33.42%       1.000      2.000      2.000
             404.000       0.222      -1.506       2.000   66.58%       2.000      2.000

     THE STANDARD ERRORS OF THE MODEL PARAMETER ESTIMATES MAY NOT BE
     TRUSTWORTHY FOR SOME PARAMETERS DUE TO A NON-POSITIVE DEFINITE
     FIRST-ORDER DERIVATIVE PRODUCT MATRIX.  THIS MAY BE DUE TO THE STARTING
     VALUES BUT MAY ALSO BE AN INDICATION OF MODEL NONIDENTIFICATION.  THE
     CONDITION NUMBER IS       0.290D-14.  PROBLEM INVOLVING THE FOLLOWING PARAMETER:
     Parameter 2, %C#1%: GENDER (equality/label)


THE MODEL ESTIMATION TERMINATED NORMALLY



MODEL FIT INFORMATION

Number of Free Parameters                        4

Loglikelihood

          H0 Value                        -524.148
          H0 Scaling Correction Factor      0.8118
            for MLR

Information Criteria

          Akaike (AIC)                    1056.297
          Bayesian (BIC)                  1072.302
          Sample-Size Adjusted BIC        1059.610
            (n* = (n + 2) / 24)



FINAL CLASS COUNTS AND PROPORTIONS FOR THE LATENT CLASSES
BASED ON THE ESTIMATED MODEL

    Latent
   Classes

       1        133.02564          0.32927
       2        270.97436          0.67073


FINAL CLASS COUNTS AND PROPORTIONS FOR THE LATENT CLASSES
BASED ON ESTIMATED POSTERIOR PROBABILITIES

    Latent
   Classes

       1        133.02564          0.32927
       2        270.97436          0.67073


FINAL CLASS COUNTS AND PROPORTIONS FOR THE LATENT CLASSES
BASED ON THEIR MOST LIKELY LATENT CLASS MEMBERSHIP

Class Counts and Proportions

    Latent
   Classes

       1              137          0.33911
       2              267          0.66089


CLASSIFICATION QUALITY

     Entropy                         0.839


Average Latent Class Probabilities for Most Likely Latent Class Membership (Row)
by Latent Class (Column)

           1        2

    1   0.948    0.052
    2   0.012    0.988


Classification Probabilities for the Most Likely Latent Class Membership (Column)
by Latent Class (Row)

           1        2

    1   0.976    0.024
    2   0.027    0.973


Logits for the Classification Probabilities for the Most Likely Latent Class Membership (Column)
by Latent Class (Row)

              1        2

    1      3.700    0.000
    2     -3.603    0.000


MODEL RESULTS

                                                    Two-Tailed
                    Estimate       S.E.  Est./S.E.    P-Value

Latent Class 1

 Means
    GENDER             1.666      0.023     70.984      0.000
    N#1                3.700      0.000    999.000    999.000

 Variances
    GENDER             0.222      0.008     28.584      0.000

Latent Class 2

 Means
    GENDER             1.666      0.023     70.984      0.000
    N#1               -3.603      0.000    999.000    999.000

 Variances
    GENDER             0.222      0.008     28.584      0.000

Categorical Latent Variables

 C#1        ON
    GENDER            -0.685      0.234     -2.929      0.003

 Intercepts
    C#1                0.413      0.394      1.047      0.295


QUALITY OF NUMERICAL RESULTS

     Condition Number for the Information Matrix              0.290E-14
       (ratio of smallest to largest eigenvalue)


LOGISTIC REGRESSION ODDS RATIO RESULTS

                                                95% C.I.
                    Estimate       S.E.  Lower 2.5% Upper 2.5%

Categorical Latent Variables

 C#1      ON
    GENDER             0.504      0.118      0.319      0.797


ALTERNATIVE PARAMETERIZATIONS FOR THE CATEGORICAL LATENT VARIABLE REGRESSION

                                                    Two-Tailed
                    Estimate       S.E.  Est./S.E.    P-Value

Parameterization using Reference Class 1

 C#2      ON
    GENDER             0.685      0.234      2.929      0.003

 Intercepts
    C#2               -0.413      0.394     -1.047      0.295


ODDS RATIO FOR THE ALTERNATIVE PARAMETERIZATIONS FOR THE CATEGORICAL LATENT VARIABLE REGRESSION

                                                95% C.I.
                    Estimate       S.E.  Lower 2.5% Upper 2.5%

Parameterization using Reference Class 1

 C#2      ON
    GENDER             1.984      0.464      1.254      3.137


STANDARDIZED MODEL RESULTS


STDYX Standardization

                                                    Two-Tailed
                    Estimate       S.E.  Est./S.E.    P-Value

Latent Class 1

 Means
    GENDER             3.532      0.112     31.666      0.000
    N#1                3.700      0.000    999.000    999.000

 Variances
    GENDER             1.000      0.000    999.000    999.000

Latent Class 2

 Means
    GENDER             3.532      0.112     31.666      0.000
    N#1               -3.603      0.000    999.000    999.000

 Variances
    GENDER             1.000      0.000    999.000    999.000


STDY Standardization

                                                    Two-Tailed
                    Estimate       S.E.  Est./S.E.    P-Value

Latent Class 1

 Means
    GENDER             3.532      0.112     31.666      0.000
    N#1                3.700      0.000    999.000    999.000

 Variances
    GENDER             1.000      0.000    999.000    999.000

Latent Class 2

 Means
    GENDER             3.532      0.112     31.666      0.000
    N#1               -3.603      0.000    999.000    999.000

 Variances
    GENDER             1.000      0.000    999.000    999.000


STD Standardization

                                                    Two-Tailed
                    Estimate       S.E.  Est./S.E.    P-Value

Latent Class 1

 Means
    GENDER             1.666      0.023     70.984      0.000
    N#1                3.700      0.000    999.000    999.000

 Variances
    GENDER             0.222      0.008     28.584      0.000

Latent Class 2

 Means
    GENDER             1.666      0.023     70.984      0.000
    N#1               -3.603      0.000    999.000    999.000

 Variances
    GENDER             0.222      0.008     28.584      0.000


CONFIDENCE INTERVALS OF MODEL RESULTS

                  Lower .5%  Lower 2.5%    Lower 5%    Estimate    Upper 5%  Upper 2.5%   Upper .5%

Latent Class 1

 Means
    GENDER           1.605       1.620       1.627       1.666       1.704       1.712       1.726
    N#1              3.700       3.700       3.700       3.700       3.700       3.700       3.700

 Variances
    GENDER           0.202       0.207       0.210       0.222       0.235       0.238       0.243

Latent Class 2

 Means
    GENDER           1.605       1.620       1.627       1.666       1.704       1.712       1.726
    N#1             -3.603      -3.603      -3.603      -3.603      -3.603      -3.603      -3.603

 Variances
    GENDER           0.202       0.207       0.210       0.222       0.235       0.238       0.243

Categorical Latent Variables

 C#1      ON
    GENDER          -1.287      -1.143      -1.070      -0.685      -0.300      -0.227      -0.083

 Intercepts
    C#1             -0.602      -0.360      -0.236       0.413       1.061       1.186       1.428


CONFIDENCE INTERVALS FOR THE LOGISTIC REGRESSION ODDS RATIO RESULTS

Categorical Latent Variables

 C#1      ON
    GENDER           0.276       0.319       0.343       0.504       0.741       0.797       0.921


CONFIDENCE INTERVALS FOR THE ALTERNATIVE PARAMETERIZATIONS FOR THE CATEGORICAL LATENT VARIABLE REGRESSION

Parameterization using Reference Class 1

 C#2      ON
    GENDER           0.083       0.227       0.300       0.685       1.070       1.143       1.287

 Intercepts
    C#2             -1.428      -1.186      -1.061      -0.413       0.236       0.360       0.602


CONFIDENCE INTERVALS FOR THE ODDS RATIO FOR THE ALTERNATIVE PARAMETERIZATIONS FOR THE
CATEGORICAL LATENT VARIABLE REGRESSION

Parameterization using Reference Class 1

 C#2      ON
    GENDER           1.086       1.254       1.350       1.984       2.914       3.137       3.623


CONFIDENCE INTERVALS OF STANDARDIZED MODEL RESULTS


STDYX Standardization

                  Lower .5%  Lower 2.5%    Lower 5%    Estimate    Upper 5%  Upper 2.5%   Upper .5%

Latent Class 1

 Means
    GENDER           3.244       3.313       3.348       3.532       3.715       3.750       3.819
    N#1              3.700       3.700       3.700       3.700       3.700       3.700       3.700

 Variances
    GENDER           1.000       1.000       1.000       1.000       1.000       1.000       1.000

Latent Class 2

 Means
    GENDER           3.244       3.313       3.348       3.532       3.715       3.750       3.819
    N#1             -3.603      -3.603      -3.603      -3.603      -3.603      -3.603      -3.603

 Variances
    GENDER           1.000       1.000       1.000       1.000       1.000       1.000       1.000


STDY Standardization

                  Lower .5%  Lower 2.5%    Lower 5%    Estimate    Upper 5%  Upper 2.5%   Upper .5%

Latent Class 1

 Means
    GENDER           3.244       3.313       3.348       3.532       3.715       3.750       3.819
    N#1              3.700       3.700       3.700       3.700       3.700       3.700       3.700

 Variances
    GENDER           1.000       1.000       1.000       1.000       1.000       1.000       1.000

Latent Class 2

 Means
    GENDER           3.244       3.313       3.348       3.532       3.715       3.750       3.819
    N#1             -3.603      -3.603      -3.603      -3.603      -3.603      -3.603      -3.603

 Variances
    GENDER           1.000       1.000       1.000       1.000       1.000       1.000       1.000


STD Standardization

                  Lower .5%  Lower 2.5%    Lower 5%    Estimate    Upper 5%  Upper 2.5%   Upper .5%

Latent Class 1

 Means
    GENDER           1.605       1.620       1.627       1.666       1.704       1.712       1.726
    N#1              3.700       3.700       3.700       3.700       3.700       3.700       3.700

 Variances
    GENDER           0.202       0.207       0.210       0.222       0.235       0.238       0.243

Latent Class 2

 Means
    GENDER           1.605       1.620       1.627       1.666       1.704       1.712       1.726
    N#1             -3.603      -3.603      -3.603      -3.603      -3.603      -3.603      -3.603

 Variances
    GENDER           0.202       0.207       0.210       0.222       0.235       0.238       0.243


TECHNICAL 1 OUTPUT


     PARAMETER SPECIFICATION FOR LATENT CLASS 1


           NU
              N#1           GENDER
              ________      ________
                    0             0


           LAMBDA
              GENDER
              ________
 N#1                0
 GENDER             0


           THETA
              N#1           GENDER
              ________      ________
 N#1                0
 GENDER             0             0


           ALPHA
              GENDER
              ________
                    1


           BETA
              GENDER
              ________
 GENDER             0


           PSI
              GENDER
              ________
 GENDER             2


     PARAMETER SPECIFICATION FOR LATENT CLASS 2


           NU
              N#1           GENDER
              ________      ________
                    0             0


           LAMBDA
              GENDER
              ________
 N#1                0
 GENDER             0


           THETA
              N#1           GENDER
              ________      ________
 N#1                0
 GENDER             0             0


           ALPHA
              GENDER
              ________
                    1


           BETA
              GENDER
              ________
 GENDER             0


           PSI
              GENDER
              ________
 GENDER             2


     PARAMETER SPECIFICATION FOR LATENT CLASS REGRESSION MODEL PART


           ALPHA(C)
              C#1           C#2
              ________      ________
                    3             0


           GAMMA(C)
              GENDER
              ________
 C#1                4
 C#2                0


     STARTING VALUES FOR LATENT CLASS 1


           NU
              N#1           GENDER
              ________      ________
                3.700         0.000


           LAMBDA
              GENDER
              ________
 N#1            0.000
 GENDER         1.000


           THETA
              N#1           GENDER
              ________      ________
 N#1            0.000
 GENDER         0.000         0.000


           ALPHA
              GENDER
              ________
                1.666


           BETA
              GENDER
              ________
 GENDER         0.000


           PSI
              GENDER
              ________
 GENDER         0.111


     STARTING VALUES FOR LATENT CLASS 2


           NU
              N#1           GENDER
              ________      ________
               -3.603         0.000


           LAMBDA
              GENDER
              ________
 N#1            0.000
 GENDER         1.000


           THETA
              N#1           GENDER
              ________      ________
 N#1            0.000
 GENDER         0.000         0.000


           ALPHA
              GENDER
              ________
                1.666


           BETA
              GENDER
              ________
 GENDER         0.000


           PSI
              GENDER
              ________
 GENDER         0.111


     STARTING VALUES FOR LATENT CLASS REGRESSION MODEL PART


           ALPHA(C)
              C#1           C#2
              ________      ________
                0.000         0.000


           GAMMA(C)
              GENDER
              ________
 C#1            0.000
 C#2            0.000


TECHNICAL 7 OUTPUT


     SAMPLE STATISTICS WEIGHTED BY ESTIMATED CLASS PROBABILITIES FOR CLASS 1


           Means
              GENDER
              ________
                1.561


           Covariances
              GENDER
              ________
 GENDER         0.246


     SAMPLE STATISTICS WEIGHTED BY ESTIMATED CLASS PROBABILITIES FOR CLASS 2


           Means
              GENDER
              ________
                1.717


           Covariances
              GENDER
              ________
 GENDER         0.203


     UNIVARIATE SAMPLE DISTRIBUTIONS FOR CLASS 1

     Variable
     N
       Category 1        0.976
       Category 2        0.024


     UNIVARIATE SAMPLE DISTRIBUTIONS FOR CLASS 2

     Variable
     N
       Category 1        0.027
       Category 2        0.973


     Beginning Time:  19:15:06
        Ending Time:  19:15:06
       Elapsed Time:  00:00:00



MUTHEN & MUTHEN
3463 Stoner Ave.
Los Angeles, CA  90066

Tel: (310) 391-9971
Fax: (310) 391-8971
Web: www.StatModel.com
Support: Support@StatModel.com

Copyright (c) 1998-2021 Muthen & Muthen
