Mplus VERSION 8.6 (Mac)
MUTHEN & MUTHEN
02/16/2023   8:36 PM

INPUT INSTRUCTIONS

  TITLE:
   GMM4v_i s q-cub@0; - R3STEP_housing;
  DATA:
  FILE = "/Users/olivierpercie/Desktop/MplusLGM/SAPS/Results/R3STEP/housing_R3STEP.dat";

  VARIABLE:
  NAMES = PIN SAPS_0 SAPS_1 SAPS_2 SAPS_3 SAPS_6 SAPS_9 SAPS_12 SAPS_18 SAPS_24 I S Q
       CUB C_I C_S C_Q C_CUB CPROB1 CPROB2 N housing;
   MISSING=.;
   USEVAR = N housing1 housing2 housing3;
  NOMINAL = N;
  CLASSES = c(2);
  DEFINE:
  housing1 = housing == 1;
  housing2 = housing == 2;
  housing3 = housing == 3;
  ANALYSIS:
  TYPE = MIXTURE;
  ALGORITHM = INTEGRATION;
  INTEGRATION = MONTECARLO;
  STARTS = 0;
  PROCESSORS = 8;
  MODEL:
  %OVERALL%
  C ON housing1 housing2 housing3;
  housing1 housing2 housing3;
  %C#1%
  [N#1@3.558];
  %C#2%
  [N#1@-3.697];
  OUTPUT:
  SAMPSTAT;
  STANDARDIZED;
  CINTERVAL;



INPUT READING TERMINATED NORMALLY




GMM4v_i s q-cub@0; - R3STEP_housing;

SUMMARY OF ANALYSIS

Number of groups                                                 1
Number of observations                                         405

Number of dependent variables                                    1
Number of independent variables                                  3
Number of continuous latent variables                            0
Number of categorical latent variables                           1

Observed dependent variables

  Unordered categorical (nominal)
   N

Observed independent variables
   HOUSING1    HOUSING2    HOUSING3

Categorical latent variables
   C


Estimator                                                      MLR
Information matrix                                        OBSERVED
Optimization Specifications for the Quasi-Newton Algorithm for
Continuous Outcomes
  Maximum number of iterations                                 100
  Convergence criterion                                  0.100D-05
Optimization Specifications for the EM Algorithm
  Maximum number of iterations                                 500
  Convergence criteria
    Loglikelihood change                                 0.100D-02
    Relative loglikelihood change                        0.100D-05
    Derivative                                           0.100D-02
Optimization Specifications for the M step of the EM Algorithm for
Categorical Latent variables
  Number of M step iterations                                    1
  M step convergence criterion                           0.100D-02
  Basis for M step termination                           ITERATION
Optimization Specifications for the M step of the EM Algorithm for
Censored, Binary or Ordered Categorical (Ordinal), Unordered
Categorical (Nominal) and Count Outcomes
  Number of M step iterations                                    1
  M step convergence criterion                           0.100D-02
  Basis for M step termination                           ITERATION
  Maximum value for logit thresholds                            15
  Minimum value for logit thresholds                           -15
  Minimum expected cell size for chi-square              0.100D-01
Maximum number of iterations for H1                           2000
Convergence criterion for H1                             0.100D-03
Optimization algorithm                                         EMA
Integration Specifications
  Type                                                  MONTECARLO
  Number of integration points                                 750
  Dimensions of numerical integration                            3
  Adaptive quadrature                                           ON
  Monte Carlo integration seed                                   0
Cholesky                                                       OFF

Input data file(s)
  /Users/olivierpercie/Desktop/MplusLGM/SAPS/Results/R3STEP/housing_R3STEP.dat
Input data format  FREE


SUMMARY OF DATA

     Number of missing data patterns             2
     Number of y missing data patterns           2
     Number of u missing data patterns           0


COVARIANCE COVERAGE OF DATA

Minimum covariance coverage value   0.100


     PROPORTION OF DATA PRESENT FOR Y


           Covariance Coverage
              HOUSING1      HOUSING2      HOUSING3
              ________      ________      ________
 HOUSING1       0.973
 HOUSING2       0.973         0.973
 HOUSING3       0.973         0.973         0.973


UNIVARIATE PROPORTIONS AND COUNTS FOR CATEGORICAL VARIABLES

    N
      Category 1    0.346          140.000
      Category 2    0.654          265.000


SAMPLE STATISTICS


     ESTIMATED SAMPLE STATISTICS


           Means
              HOUSING1      HOUSING2      HOUSING3
              ________      ________      ________
                0.815         0.147         0.023


           Covariances
              HOUSING1      HOUSING2      HOUSING3
              ________      ________      ________
 HOUSING1       0.151
 HOUSING2      -0.120         0.126
 HOUSING3      -0.019        -0.003         0.022


           Correlations
              HOUSING1      HOUSING2      HOUSING3
              ________      ________      ________
 HOUSING1       1.000
 HOUSING2      -0.871         1.000
 HOUSING3      -0.321        -0.064         1.000


     MAXIMUM LOG-LIKELIHOOD VALUE FOR THE UNRESTRICTED (H1) MODEL IS 309.468


UNIVARIATE SAMPLE STATISTICS


     UNIVARIATE HIGHER-ORDER MOMENT DESCRIPTIVE STATISTICS

         Variable/         Mean/     Skewness/   Minimum/ % with                Percentiles
        Sample Size      Variance    Kurtosis    Maximum  Min/Max      20%/60%    40%/80%    Median

     HOUSING1              0.815      -1.620       0.000   18.53%       1.000      1.000      1.000
             394.000       0.151       0.625       1.000   81.47%       1.000      1.000
     HOUSING2              0.147       1.991       0.000   85.28%       0.000      0.000      0.000
             394.000       0.126       1.966       1.000   14.72%       0.000      0.000
     HOUSING3              0.023       6.388       0.000   97.72%       0.000      0.000      0.000
             394.000       0.022      38.801       1.000    2.28%       0.000      0.000

     THE STANDARD ERRORS OF THE MODEL PARAMETER ESTIMATES MAY NOT BE
     TRUSTWORTHY FOR SOME PARAMETERS DUE TO A NON-POSITIVE DEFINITE
     FIRST-ORDER DERIVATIVE PRODUCT MATRIX.  THIS MAY BE DUE TO THE STARTING
     VALUES BUT MAY ALSO BE AN INDICATION OF MODEL NONIDENTIFICATION.  THE
     CONDITION NUMBER IS       0.456D-13.  PROBLEM INVOLVING THE FOLLOWING PARAMETER:
     Parameter 13, C#1 ON HOUSING3


THE MODEL ESTIMATION TERMINATED NORMALLY



MODEL FIT INFORMATION

Number of Free Parameters                       13

Loglikelihood

          H0 Value                          51.256
          H0 Scaling Correction Factor      4.6339
            for MLR

Information Criteria

          Akaike (AIC)                     -76.511
          Bayesian (BIC)                   -24.461
          Sample-Size Adjusted BIC         -65.711
            (n* = (n + 2) / 24)



FINAL CLASS COUNTS AND PROPORTIONS FOR THE LATENT CLASSES
BASED ON THE ESTIMATED MODEL

    Latent
   Classes

       1        137.26909          0.33894
       2        267.73091          0.66106


FINAL CLASS COUNTS AND PROPORTIONS FOR THE LATENT CLASSES
BASED ON ESTIMATED POSTERIOR PROBABILITIES

    Latent
   Classes

       1        137.45905          0.33941
       2        267.54095          0.66059


FINAL CLASS COUNTS AND PROPORTIONS FOR THE LATENT CLASSES
BASED ON THEIR MOST LIKELY LATENT CLASS MEMBERSHIP

Class Counts and Proportions

    Latent
   Classes

       1              140          0.34568
       2              265          0.65432


CLASSIFICATION QUALITY

     Entropy                         0.838


Average Latent Class Probabilities for Most Likely Latent Class Membership (Row)
by Latent Class (Column)

           1        2

    1   0.955    0.045
    2   0.014    0.986


Classification Probabilities for the Most Likely Latent Class Membership (Column)
by Latent Class (Row)

           1        2

    1   0.972    0.028
    2   0.024    0.976


Logits for the Classification Probabilities for the Most Likely Latent Class Membership (Column)
by Latent Class (Row)

              1        2

    1      3.561    0.000
    2     -3.718    0.000


MODEL RESULTS

                                                    Two-Tailed
                    Estimate       S.E.  Est./S.E.    P-Value

Latent Class 1

 HOUSING2 WITH
    HOUSING1          -0.120      0.012     -9.895      0.000

 HOUSING3 WITH
    HOUSING1          -0.019      0.006     -3.087      0.002
    HOUSING2          -0.003      0.001     -2.952      0.003

 Means
    HOUSING1           0.815      0.020     41.639      0.000
    HOUSING2           0.147      0.018      8.246      0.000
    HOUSING3           0.023      0.007      3.045      0.002
    N#1                3.558      0.000    999.000    999.000

 Variances
    HOUSING1           0.151      0.012     12.249      0.000
    HOUSING2           0.126      0.013      9.966      0.000
    HOUSING3           0.022      0.007      3.106      0.002

Latent Class 2

 HOUSING2 WITH
    HOUSING1          -0.120      0.012     -9.895      0.000

 HOUSING3 WITH
    HOUSING1          -0.019      0.006     -3.087      0.002
    HOUSING2          -0.003      0.001     -2.952      0.003

 Means
    HOUSING1           0.815      0.020     41.639      0.000
    HOUSING2           0.147      0.018      8.246      0.000
    HOUSING3           0.023      0.007      3.045      0.002
    N#1               -3.697      0.000    999.000    999.000

 Variances
    HOUSING1           0.151      0.012     12.249      0.000
    HOUSING2           0.126      0.013      9.966      0.000
    HOUSING3           0.022      0.007      3.106      0.002

Categorical Latent Variables

 C#1        ON
    HOUSING1          91.670    330.378      0.277      0.781
    HOUSING2          91.569    330.369      0.277      0.782
    HOUSING3          92.096    330.357      0.279      0.780

 Intercepts
    C#1              -92.322    330.380     -0.279      0.780


QUALITY OF NUMERICAL RESULTS

     Condition Number for the Information Matrix              0.456E-13
       (ratio of smallest to largest eigenvalue)


LOGISTIC REGRESSION ODDS RATIO RESULTS

                                                95% C.I.
                    Estimate       S.E.  Lower 2.5% Upper 2.5%

Categorical Latent Variables

 C#1      ON
    HOUSING1         999.000    999.000    999.000    999.000
    HOUSING2         999.000    999.000    999.000    999.000
    HOUSING3         999.000    999.000    999.000    999.000


ALTERNATIVE PARAMETERIZATIONS FOR THE CATEGORICAL LATENT VARIABLE REGRESSION

                                                    Two-Tailed
                    Estimate       S.E.  Est./S.E.    P-Value

Parameterization using Reference Class 1

 C#2      ON
    HOUSING1         -91.670    330.378     -0.277      0.781
    HOUSING2         -91.569    330.369     -0.277      0.782
    HOUSING3         -92.096    330.357     -0.279      0.780

 Intercepts
    C#2               92.322    330.380      0.279      0.780


ODDS RATIO FOR THE ALTERNATIVE PARAMETERIZATIONS FOR THE CATEGORICAL LATENT VARIABLE REGRESSION

                                                95% C.I.
                    Estimate       S.E.  Lower 2.5% Upper 2.5%

Parameterization using Reference Class 1

 C#2      ON
    HOUSING1           0.000      0.000      0.000  *********
    HOUSING2           0.000      0.000      0.000  *********
    HOUSING3           0.000      0.000      0.000  *********


STANDARDIZED MODEL RESULTS


STDYX Standardization

                                                    Two-Tailed
                    Estimate       S.E.  Est./S.E.    P-Value

Latent Class 1

 HOUSING2 WITH
    HOUSING1          -0.871      0.031    -28.539      0.000

 HOUSING3 WITH
    HOUSING1          -0.320      0.052     -6.203      0.000
    HOUSING2          -0.064      0.011     -5.754      0.000

 Means
    HOUSING1           2.098      0.136     15.424      0.000
    HOUSING2           0.416      0.030     14.061      0.000
    HOUSING3           0.153      0.026      5.970      0.000
    N#1                3.558      0.000    999.000    999.000

 Variances
    HOUSING1           1.000      0.000    999.000    999.000
    HOUSING2           1.000      0.000    999.000    999.000
    HOUSING3           1.000      0.000    999.000    999.000

Latent Class 2

 HOUSING2 WITH
    HOUSING1          -0.871      0.031    -28.539      0.000

 HOUSING3 WITH
    HOUSING1          -0.320      0.052     -6.203      0.000
    HOUSING2          -0.064      0.011     -5.754      0.000

 Means
    HOUSING1           2.098      0.136     15.424      0.000
    HOUSING2           0.416      0.030     14.061      0.000
    HOUSING3           0.153      0.026      5.970      0.000
    N#1               -3.697      0.000    999.000    999.000

 Variances
    HOUSING1           1.000      0.000    999.000    999.000
    HOUSING2           1.000      0.000    999.000    999.000
    HOUSING3           1.000      0.000    999.000    999.000


STDY Standardization

                                                    Two-Tailed
                    Estimate       S.E.  Est./S.E.    P-Value

Latent Class 1

 HOUSING2 WITH
    HOUSING1          -0.871      0.031    -28.539      0.000

 HOUSING3 WITH
    HOUSING1          -0.320      0.052     -6.203      0.000
    HOUSING2          -0.064      0.011     -5.754      0.000

 Means
    HOUSING1           2.098      0.136     15.424      0.000
    HOUSING2           0.416      0.030     14.061      0.000
    HOUSING3           0.153      0.026      5.970      0.000
    N#1                3.558      0.000    999.000    999.000

 Variances
    HOUSING1           1.000      0.000    999.000    999.000
    HOUSING2           1.000      0.000    999.000    999.000
    HOUSING3           1.000      0.000    999.000    999.000

Latent Class 2

 HOUSING2 WITH
    HOUSING1          -0.871      0.031    -28.539      0.000

 HOUSING3 WITH
    HOUSING1          -0.320      0.052     -6.203      0.000
    HOUSING2          -0.064      0.011     -5.754      0.000

 Means
    HOUSING1           2.098      0.136     15.424      0.000
    HOUSING2           0.416      0.030     14.061      0.000
    HOUSING3           0.153      0.026      5.970      0.000
    N#1               -3.697      0.000    999.000    999.000

 Variances
    HOUSING1           1.000      0.000    999.000    999.000
    HOUSING2           1.000      0.000    999.000    999.000
    HOUSING3           1.000      0.000    999.000    999.000


STD Standardization

                                                    Two-Tailed
                    Estimate       S.E.  Est./S.E.    P-Value

Latent Class 1

 HOUSING2 WITH
    HOUSING1          -0.120      0.012     -9.895      0.000

 HOUSING3 WITH
    HOUSING1          -0.019      0.006     -3.087      0.002
    HOUSING2          -0.003      0.001     -2.952      0.003

 Means
    HOUSING1           0.815      0.020     41.639      0.000
    HOUSING2           0.147      0.018      8.246      0.000
    HOUSING3           0.023      0.007      3.045      0.002
    N#1                3.558      0.000    999.000    999.000

 Variances
    HOUSING1           0.151      0.012     12.249      0.000
    HOUSING2           0.126      0.013      9.966      0.000
    HOUSING3           0.022      0.007      3.106      0.002

Latent Class 2

 HOUSING2 WITH
    HOUSING1          -0.120      0.012     -9.895      0.000

 HOUSING3 WITH
    HOUSING1          -0.019      0.006     -3.087      0.002
    HOUSING2          -0.003      0.001     -2.952      0.003

 Means
    HOUSING1           0.815      0.020     41.639      0.000
    HOUSING2           0.147      0.018      8.246      0.000
    HOUSING3           0.023      0.007      3.045      0.002
    N#1               -3.697      0.000    999.000    999.000

 Variances
    HOUSING1           0.151      0.012     12.249      0.000
    HOUSING2           0.126      0.013      9.966      0.000
    HOUSING3           0.022      0.007      3.106      0.002


CONFIDENCE INTERVALS OF MODEL RESULTS

                  Lower .5%  Lower 2.5%    Lower 5%    Estimate    Upper 5%  Upper 2.5%   Upper .5%

Latent Class 1

 HOUSING2 WITH
    HOUSING1        -0.151      -0.144      -0.140      -0.120      -0.100      -0.096      -0.089

 HOUSING3 WITH
    HOUSING1        -0.034      -0.030      -0.028      -0.019      -0.009      -0.007      -0.003
    HOUSING2        -0.006      -0.006      -0.005      -0.003      -0.001      -0.001       0.000

 Means
    HOUSING1         0.764       0.776       0.783       0.815       0.847       0.853       0.865
    HOUSING2         0.101       0.112       0.118       0.147       0.177       0.182       0.193
    HOUSING3         0.004       0.008       0.010       0.023       0.035       0.038       0.042
    N#1              3.558       3.558       3.558       3.558       3.558       3.558       3.558

 Variances
    HOUSING1         0.119       0.127       0.131       0.151       0.171       0.175       0.183
    HOUSING2         0.093       0.101       0.105       0.126       0.146       0.150       0.158
    HOUSING3         0.004       0.008       0.010       0.022       0.034       0.036       0.041

Latent Class 2

 HOUSING2 WITH
    HOUSING1        -0.151      -0.144      -0.140      -0.120      -0.100      -0.096      -0.089

 HOUSING3 WITH
    HOUSING1        -0.034      -0.030      -0.028      -0.019      -0.009      -0.007      -0.003
    HOUSING2        -0.006      -0.006      -0.005      -0.003      -0.001      -0.001       0.000

 Means
    HOUSING1         0.764       0.776       0.783       0.815       0.847       0.853       0.865
    HOUSING2         0.101       0.112       0.118       0.147       0.177       0.182       0.193
    HOUSING3         0.004       0.008       0.010       0.023       0.035       0.038       0.042
    N#1             -3.697      -3.697      -3.697      -3.697      -3.697      -3.697      -3.697

 Variances
    HOUSING1         0.119       0.127       0.131       0.151       0.171       0.175       0.183
    HOUSING2         0.093       0.101       0.105       0.126       0.146       0.150       0.158
    HOUSING3         0.004       0.008       0.010       0.022       0.034       0.036       0.041

Categorical Latent Variables

 C#1      ON
    HOUSING1      -759.319    -555.872    -451.803      91.670     635.143     739.212     942.659
    HOUSING2      -759.395    -555.954    -451.888      91.569     635.026     739.093     942.534
    HOUSING3      -758.839    -555.405    -451.342      92.096     635.533     739.596     943.030

 Intercepts
    C#1           -943.315    -739.867    -635.797     -92.322     451.153     555.223     758.671


CONFIDENCE INTERVALS FOR THE LOGISTIC REGRESSION ODDS RATIO RESULTS

Categorical Latent Variables

 C#1      ON
    HOUSING1         0.000       0.000       0.000  **********  **********  **********  **********
    HOUSING2         0.000       0.000       0.000  **********  **********  **********  **********
    HOUSING3         0.000       0.000       0.000  **********  **********  **********  **********


CONFIDENCE INTERVALS FOR THE ALTERNATIVE PARAMETERIZATIONS FOR THE CATEGORICAL LATENT VARIABLE REGRESSION

Parameterization using Reference Class 1

 C#2      ON
    HOUSING1      -942.659    -739.212    -635.143     -91.670     451.803     555.872     759.319
    HOUSING2      -942.534    -739.093    -635.026     -91.569     451.888     555.954     759.395
    HOUSING3      -943.030    -739.596    -635.533     -92.096     451.342     555.405     758.839

 Intercepts
    C#2           -758.671    -555.223    -451.153      92.322     635.797     739.867     943.315


CONFIDENCE INTERVALS FOR THE ODDS RATIO FOR THE ALTERNATIVE PARAMETERIZATIONS FOR THE
CATEGORICAL LATENT VARIABLE REGRESSION

Parameterization using Reference Class 1

 C#2      ON
    HOUSING1         0.000       0.000       0.000       0.000  **********  **********  **********
    HOUSING2         0.000       0.000       0.000       0.000  **********  **********  **********
    HOUSING3         0.000       0.000       0.000       0.000  **********  **********  **********


CONFIDENCE INTERVALS OF STANDARDIZED MODEL RESULTS


STDYX Standardization

                  Lower .5%  Lower 2.5%    Lower 5%    Estimate    Upper 5%  Upper 2.5%   Upper .5%

Latent Class 1

 HOUSING2 WITH
    HOUSING1        -0.950      -0.931      -0.921      -0.871      -0.821      -0.811      -0.793

 HOUSING3 WITH
    HOUSING1        -0.453      -0.422      -0.405      -0.320      -0.235      -0.219      -0.187
    HOUSING2        -0.092      -0.085      -0.082      -0.064      -0.046      -0.042      -0.035

 Means
    HOUSING1         1.747       1.831       1.874       2.098       2.321       2.364       2.448
    HOUSING2         0.340       0.358       0.367       0.416       0.464       0.474       0.492
    HOUSING3         0.087       0.103       0.111       0.153       0.195       0.203       0.219
    N#1              3.558       3.558       3.558       3.558       3.558       3.558       3.558

 Variances
    HOUSING1         1.000       1.000       1.000       1.000       1.000       1.000       1.000
    HOUSING2         1.000       1.000       1.000       1.000       1.000       1.000       1.000
    HOUSING3         1.000       1.000       1.000       1.000       1.000       1.000       1.000

Latent Class 2

 HOUSING2 WITH
    HOUSING1        -0.950      -0.931      -0.921      -0.871      -0.821      -0.811      -0.793

 HOUSING3 WITH
    HOUSING1        -0.453      -0.422      -0.405      -0.320      -0.235      -0.219      -0.187
    HOUSING2        -0.092      -0.085      -0.082      -0.064      -0.046      -0.042      -0.035

 Means
    HOUSING1         1.747       1.831       1.874       2.098       2.321       2.364       2.448
    HOUSING2         0.340       0.358       0.367       0.416       0.464       0.474       0.492
    HOUSING3         0.087       0.103       0.111       0.153       0.195       0.203       0.219
    N#1             -3.697      -3.697      -3.697      -3.697      -3.697      -3.697      -3.697

 Variances
    HOUSING1         1.000       1.000       1.000       1.000       1.000       1.000       1.000
    HOUSING2         1.000       1.000       1.000       1.000       1.000       1.000       1.000
    HOUSING3         1.000       1.000       1.000       1.000       1.000       1.000       1.000


STDY Standardization

                  Lower .5%  Lower 2.5%    Lower 5%    Estimate    Upper 5%  Upper 2.5%   Upper .5%

Latent Class 1

 HOUSING2 WITH
    HOUSING1        -0.950      -0.931      -0.921      -0.871      -0.821      -0.811      -0.793

 HOUSING3 WITH
    HOUSING1        -0.453      -0.422      -0.405      -0.320      -0.235      -0.219      -0.187
    HOUSING2        -0.092      -0.085      -0.082      -0.064      -0.046      -0.042      -0.035

 Means
    HOUSING1         1.747       1.831       1.874       2.098       2.321       2.364       2.448
    HOUSING2         0.340       0.358       0.367       0.416       0.464       0.474       0.492
    HOUSING3         0.087       0.103       0.111       0.153       0.195       0.203       0.219
    N#1              3.558       3.558       3.558       3.558       3.558       3.558       3.558

 Variances
    HOUSING1         1.000       1.000       1.000       1.000       1.000       1.000       1.000
    HOUSING2         1.000       1.000       1.000       1.000       1.000       1.000       1.000
    HOUSING3         1.000       1.000       1.000       1.000       1.000       1.000       1.000

Latent Class 2

 HOUSING2 WITH
    HOUSING1        -0.950      -0.931      -0.921      -0.871      -0.821      -0.811      -0.793

 HOUSING3 WITH
    HOUSING1        -0.453      -0.422      -0.405      -0.320      -0.235      -0.219      -0.187
    HOUSING2        -0.092      -0.085      -0.082      -0.064      -0.046      -0.042      -0.035

 Means
    HOUSING1         1.747       1.831       1.874       2.098       2.321       2.364       2.448
    HOUSING2         0.340       0.358       0.367       0.416       0.464       0.474       0.492
    HOUSING3         0.087       0.103       0.111       0.153       0.195       0.203       0.219
    N#1             -3.697      -3.697      -3.697      -3.697      -3.697      -3.697      -3.697

 Variances
    HOUSING1         1.000       1.000       1.000       1.000       1.000       1.000       1.000
    HOUSING2         1.000       1.000       1.000       1.000       1.000       1.000       1.000
    HOUSING3         1.000       1.000       1.000       1.000       1.000       1.000       1.000


STD Standardization

                  Lower .5%  Lower 2.5%    Lower 5%    Estimate    Upper 5%  Upper 2.5%   Upper .5%

Latent Class 1

 HOUSING2 WITH
    HOUSING1        -0.151      -0.144      -0.140      -0.120      -0.100      -0.096      -0.089

 HOUSING3 WITH
    HOUSING1        -0.034      -0.030      -0.028      -0.019      -0.009      -0.007      -0.003
    HOUSING2        -0.006      -0.006      -0.005      -0.003      -0.001      -0.001       0.000

 Means
    HOUSING1         0.764       0.776       0.783       0.815       0.847       0.853       0.865
    HOUSING2         0.101       0.112       0.118       0.147       0.177       0.182       0.193
    HOUSING3         0.004       0.008       0.010       0.023       0.035       0.038       0.042
    N#1              3.558       3.558       3.558       3.558       3.558       3.558       3.558

 Variances
    HOUSING1         0.119       0.127       0.131       0.151       0.171       0.175       0.183
    HOUSING2         0.093       0.101       0.105       0.126       0.146       0.150       0.158
    HOUSING3         0.004       0.008       0.010       0.022       0.034       0.036       0.041

Latent Class 2

 HOUSING2 WITH
    HOUSING1        -0.151      -0.144      -0.140      -0.120      -0.100      -0.096      -0.089

 HOUSING3 WITH
    HOUSING1        -0.034      -0.030      -0.028      -0.019      -0.009      -0.007      -0.003
    HOUSING2        -0.006      -0.006      -0.005      -0.003      -0.001      -0.001       0.000

 Means
    HOUSING1         0.764       0.776       0.783       0.815       0.847       0.853       0.865
    HOUSING2         0.101       0.112       0.118       0.147       0.177       0.182       0.193
    HOUSING3         0.004       0.008       0.010       0.023       0.035       0.038       0.042
    N#1             -3.697      -3.697      -3.697      -3.697      -3.697      -3.697      -3.697

 Variances
    HOUSING1         0.119       0.127       0.131       0.151       0.171       0.175       0.183
    HOUSING2         0.093       0.101       0.105       0.126       0.146       0.150       0.158
    HOUSING3         0.004       0.008       0.010       0.022       0.034       0.036       0.041


TECHNICAL 1 OUTPUT


     PARAMETER SPECIFICATION FOR LATENT CLASS 1


           NU
              N#1           HOUSING1      HOUSING2      HOUSING3
              ________      ________      ________      ________
                    0             0             0             0


           LAMBDA
              HOUSING1      HOUSING2      HOUSING3
              ________      ________      ________
 N#1                0             0             0
 HOUSING1           0             0             0
 HOUSING2           0             0             0
 HOUSING3           0             0             0


           THETA
              N#1           HOUSING1      HOUSING2      HOUSING3
              ________      ________      ________      ________
 N#1                0
 HOUSING1           0             0
 HOUSING2           0             0             0
 HOUSING3           0             0             0             0


           ALPHA
              HOUSING1      HOUSING2      HOUSING3
              ________      ________      ________
                    1             2             3


           BETA
              HOUSING1      HOUSING2      HOUSING3
              ________      ________      ________
 HOUSING1           0             0             0
 HOUSING2           0             0             0
 HOUSING3           0             0             0


           PSI
              HOUSING1      HOUSING2      HOUSING3
              ________      ________      ________
 HOUSING1           4
 HOUSING2           5             6
 HOUSING3           7             8             9


     PARAMETER SPECIFICATION FOR LATENT CLASS 2


           NU
              N#1           HOUSING1      HOUSING2      HOUSING3
              ________      ________      ________      ________
                    0             0             0             0


           LAMBDA
              HOUSING1      HOUSING2      HOUSING3
              ________      ________      ________
 N#1                0             0             0
 HOUSING1           0             0             0
 HOUSING2           0             0             0
 HOUSING3           0             0             0


           THETA
              N#1           HOUSING1      HOUSING2      HOUSING3
              ________      ________      ________      ________
 N#1                0
 HOUSING1           0             0
 HOUSING2           0             0             0
 HOUSING3           0             0             0             0


           ALPHA
              HOUSING1      HOUSING2      HOUSING3
              ________      ________      ________
                    1             2             3


           BETA
              HOUSING1      HOUSING2      HOUSING3
              ________      ________      ________
 HOUSING1           0             0             0
 HOUSING2           0             0             0
 HOUSING3           0             0             0


           PSI
              HOUSING1      HOUSING2      HOUSING3
              ________      ________      ________
 HOUSING1           4
 HOUSING2           5             6
 HOUSING3           7             8             9


     PARAMETER SPECIFICATION FOR LATENT CLASS REGRESSION MODEL PART


           ALPHA(C)
              C#1           C#2
              ________      ________
                   10             0


           GAMMA(C)
              HOUSING1      HOUSING2      HOUSING3
              ________      ________      ________
 C#1               11            12            13
 C#2                0             0             0


     STARTING VALUES FOR LATENT CLASS 1


           NU
              N#1           HOUSING1      HOUSING2      HOUSING3
              ________      ________      ________      ________
                3.558         0.000         0.000         0.000


           LAMBDA
              HOUSING1      HOUSING2      HOUSING3
              ________      ________      ________
 N#1            0.000         0.000         0.000
 HOUSING1       1.000         0.000         0.000
 HOUSING2       0.000         1.000         0.000
 HOUSING3       0.000         0.000         1.000


           THETA
              N#1           HOUSING1      HOUSING2      HOUSING3
              ________      ________      ________      ________
 N#1            0.000
 HOUSING1       0.000         0.000
 HOUSING2       0.000         0.000         0.000
 HOUSING3       0.000         0.000         0.000         0.000


           ALPHA
              HOUSING1      HOUSING2      HOUSING3
              ________      ________      ________
                0.815         0.147         0.023


           BETA
              HOUSING1      HOUSING2      HOUSING3
              ________      ________      ________
 HOUSING1       0.000         0.000         0.000
 HOUSING2       0.000         0.000         0.000
 HOUSING3       0.000         0.000         0.000


           PSI
              HOUSING1      HOUSING2      HOUSING3
              ________      ________      ________
 HOUSING1       0.075
 HOUSING2       0.000         0.063
 HOUSING3       0.000         0.000         0.011


     STARTING VALUES FOR LATENT CLASS 2


           NU
              N#1           HOUSING1      HOUSING2      HOUSING3
              ________      ________      ________      ________
               -3.697         0.000         0.000         0.000


           LAMBDA
              HOUSING1      HOUSING2      HOUSING3
              ________      ________      ________
 N#1            0.000         0.000         0.000
 HOUSING1       1.000         0.000         0.000
 HOUSING2       0.000         1.000         0.000
 HOUSING3       0.000         0.000         1.000


           THETA
              N#1           HOUSING1      HOUSING2      HOUSING3
              ________      ________      ________      ________
 N#1            0.000
 HOUSING1       0.000         0.000
 HOUSING2       0.000         0.000         0.000
 HOUSING3       0.000         0.000         0.000         0.000


           ALPHA
              HOUSING1      HOUSING2      HOUSING3
              ________      ________      ________
                0.815         0.147         0.023


           BETA
              HOUSING1      HOUSING2      HOUSING3
              ________      ________      ________
 HOUSING1       0.000         0.000         0.000
 HOUSING2       0.000         0.000         0.000
 HOUSING3       0.000         0.000         0.000


           PSI
              HOUSING1      HOUSING2      HOUSING3
              ________      ________      ________
 HOUSING1       0.075
 HOUSING2       0.000         0.063
 HOUSING3       0.000         0.000         0.011


     STARTING VALUES FOR LATENT CLASS REGRESSION MODEL PART


           ALPHA(C)
              C#1           C#2
              ________      ________
                0.000         0.000


           GAMMA(C)
              HOUSING1      HOUSING2      HOUSING3
              ________      ________      ________
 C#1            0.000         0.000         0.000
 C#2            0.000         0.000         0.000


     Beginning Time:  20:36:43
        Ending Time:  20:36:58
       Elapsed Time:  00:00:15



MUTHEN & MUTHEN
3463 Stoner Ave.
Los Angeles, CA  90066

Tel: (310) 391-9971
Fax: (310) 391-8971
Web: www.StatModel.com
Support: Support@StatModel.com

Copyright (c) 1998-2021 Muthen & Muthen
