Mplus VERSION 8.6 (Mac)
MUTHEN & MUTHEN
09/29/2023   2:01 PM

INPUT INSTRUCTIONS

  TITLE:
  GMM_CV_isq@0cub@0_CT - R3STEP_JSR_at6;
  DATA:
  FILE = "/Users/olivierpercie/Desktop/LGM/SAPS/Results/R3STEP/JSR_at6_R3STEP.dat";

  VARIABLE:
  NAMES = PIN SAPS_0 SAPS_1 SAPS_2 SAPS_3 SAPS_6 SAPS_9 SAPS_12 SAPS_18 SAPS_24 I S Q
       CUB C_I C_S C_Q C_CUB CPROB1 CPROB2 N JSR_at6;
   MISSING=.;
   USEVAR = N JSR_at6;
  NOMINAL = N;
  CLASSES = c(2);
  ANALYSIS:
  TYPE = MIXTURE;
  ALGORITHM = INTEGRATION;
  INTEGRATION = MONTECARLO;
  STARTS = 0 0;
  PROCESSORS = 8;
  MODEL:
  %OVERALL%
  C ON JSR_at6;
  JSR_at6;
  %C#1%
  [N#1@3.109];
  %C#2%
  [N#1@-2.37];
  OUTPUT:
  SAMPSTAT;
  STANDARDIZED;
  CINTERVAL;
  TECH7;
  TECH12;



*** WARNING
  Data set contains cases with missing on all variables.
  These cases were not included in the analysis.
  Number of cases with missing on all variables:  10
   1 WARNING(S) FOUND IN THE INPUT INSTRUCTIONS




GMM_CV_isq@0cub@0_CT - R3STEP_JSR_at6;

SUMMARY OF ANALYSIS

Number of groups                                                 1
Number of observations                                         679

Number of dependent variables                                    1
Number of independent variables                                  1
Number of continuous latent variables                            0
Number of categorical latent variables                           1

Observed dependent variables

  Unordered categorical (nominal)
   N

Observed independent variables
   JSR_AT6

Categorical latent variables
   C


Estimator                                                      MLR
Information matrix                                        OBSERVED
Optimization Specifications for the Quasi-Newton Algorithm for
Continuous Outcomes
  Maximum number of iterations                                 100
  Convergence criterion                                  0.100D-05
Optimization Specifications for the EM Algorithm
  Maximum number of iterations                                 500
  Convergence criteria
    Loglikelihood change                                 0.100D-02
    Relative loglikelihood change                        0.100D-05
    Derivative                                           0.100D-02
Optimization Specifications for the M step of the EM Algorithm for
Categorical Latent variables
  Number of M step iterations                                    1
  M step convergence criterion                           0.100D-02
  Basis for M step termination                           ITERATION
Optimization Specifications for the M step of the EM Algorithm for
Censored, Binary or Ordered Categorical (Ordinal), Unordered
Categorical (Nominal) and Count Outcomes
  Number of M step iterations                                    1
  M step convergence criterion                           0.100D-02
  Basis for M step termination                           ITERATION
  Maximum value for logit thresholds                            15
  Minimum value for logit thresholds                           -15
  Minimum expected cell size for chi-square              0.100D-01
Maximum number of iterations for H1                           2000
Convergence criterion for H1                             0.100D-03
Optimization algorithm                                         EMA
Integration Specifications
  Type                                                  MONTECARLO
  Number of integration points                                 250
  Dimensions of numerical integration                            1
  Adaptive quadrature                                           ON
  Monte Carlo integration seed                                   0
Cholesky                                                       OFF

Input data file(s)
  /Users/olivierpercie/Desktop/LGM/SAPS/Results/R3STEP/JSR_at6_R3STEP.dat
Input data format  FREE


SUMMARY OF DATA

     Number of missing data patterns             2
     Number of y missing data patterns           2
     Number of u missing data patterns           0


COVARIANCE COVERAGE OF DATA

Minimum covariance coverage value   0.100


     PROPORTION OF DATA PRESENT FOR Y


           Covariance Coverage
              JSR_AT6
              ________
 JSR_AT6        0.847


UNIVARIATE PROPORTIONS AND COUNTS FOR CATEGORICAL VARIABLES

    N
      Category 1    0.677          460.000
      Category 2    0.323          219.000


SAMPLE STATISTICS


     ESTIMATED SAMPLE STATISTICS


           Means
              JSR_AT6
              ________
                1.024


           Covariances
              JSR_AT6
              ________
 JSR_AT6        0.024


           Correlations
              JSR_AT6
              ________
 JSR_AT6        1.000


     MAXIMUM LOG-LIKELIHOOD VALUE FOR THE UNRESTRICTED (H1) MODEL IS 259.349


UNIVARIATE SAMPLE STATISTICS


     UNIVARIATE HIGHER-ORDER MOMENT DESCRIPTIVE STATISTICS

         Variable/         Mean/     Skewness/   Minimum/ % with                Percentiles
        Sample Size      Variance    Kurtosis    Maximum  Min/Max      20%/60%    40%/80%    Median

     JSR_AT6               1.024       6.172       1.000   97.57%       1.000      1.000      1.000
             575.000       0.024      36.096       2.000    2.43%       1.000      1.000


THE MODEL ESTIMATION TERMINATED NORMALLY



MODEL FIT INFORMATION

Number of Free Parameters                        4

Loglikelihood

          H0 Value                        -157.213
          H0 Scaling Correction Factor      5.4945
            for MLR

Information Criteria

          Akaike (AIC)                     322.426
          Bayesian (BIC)                   340.508
          Sample-Size Adjusted BIC         327.808
            (n* = (n + 2) / 24)



FINAL CLASS COUNTS AND PROPORTIONS FOR THE LATENT CLASSES
BASED ON THE ESTIMATED MODEL

    Latent
   Classes

       1        460.48398          0.67818
       2        218.51602          0.32182


FINAL CLASS COUNTS AND PROPORTIONS FOR THE LATENT CLASSES
BASED ON ESTIMATED POSTERIOR PROBABILITIES

    Latent
   Classes

       1        460.23203          0.67781
       2        218.76797          0.32219


FINAL CLASS COUNTS AND PROPORTIONS FOR THE LATENT CLASSES
BASED ON THEIR MOST LIKELY LATENT CLASS MEMBERSHIP

Class Counts and Proportions

    Latent
   Classes

       1              458          0.67452
       2              221          0.32548


CLASSIFICATION QUALITY

     Entropy                         0.705


Average Latent Class Probabilities for Most Likely Latent Class Membership (Row)
by Latent Class (Column)

           1        2

    1   0.962    0.038
    2   0.089    0.911


Classification Probabilities for the Most Likely Latent Class Membership (Column)
by Latent Class (Row)

           1        2

    1   0.957    0.043
    2   0.080    0.920


Logits for the Classification Probabilities for the Most Likely Latent Class Membership (Column)
by Latent Class (Row)

              1        2

    1      3.107    0.000
    2     -2.444    0.000


MODEL RESULTS

                                                    Two-Tailed
                    Estimate       S.E.  Est./S.E.    P-Value

Latent Class 1

 Means
    JSR_AT6            1.025      0.006    159.138      0.000
    N#1                3.109      0.000    999.000    999.000

 Variances
    JSR_AT6            0.024      0.006      3.887      0.000

Latent Class 2

 Means
    JSR_AT6            1.025      0.006    159.138      0.000
    N#1               -2.370      0.000    999.000    999.000

 Variances
    JSR_AT6            0.024      0.006      3.887      0.000

Categorical Latent Variables

 C#1        ON
    JSR_AT6          -10.665      6.445     -1.655      0.098

 Intercepts
    C#1               11.556      6.478      1.784      0.074


QUALITY OF NUMERICAL RESULTS

     Condition Number for the Information Matrix              0.110E-08
       (ratio of smallest to largest eigenvalue)


LOGISTIC REGRESSION ODDS RATIO RESULTS

                                                95% C.I.
                    Estimate       S.E.  Lower 2.5% Upper 2.5%

Categorical Latent Variables

 C#1      ON
    JSR_AT6            0.000      0.000      0.000      7.145


ALTERNATIVE PARAMETERIZATIONS FOR THE CATEGORICAL LATENT VARIABLE REGRESSION

                                                    Two-Tailed
                    Estimate       S.E.  Est./S.E.    P-Value

Parameterization using Reference Class 1

 C#2      ON
    JSR_AT6           10.665      6.445      1.655      0.098

 Intercepts
    C#2              -11.556      6.478     -1.784      0.074


ODDS RATIO FOR THE ALTERNATIVE PARAMETERIZATIONS FOR THE CATEGORICAL LATENT VARIABLE REGRESSION

                                                95% C.I.
                    Estimate       S.E.  Lower 2.5% Upper 2.5%

Parameterization using Reference Class 1

 C#2      ON
    JSR_AT6        42824.984  *********      0.140  *********


STANDARDIZED MODEL RESULTS


STDYX Standardization

                                                    Two-Tailed
                    Estimate       S.E.  Est./S.E.    P-Value

Latent Class 1

 Means
    JSR_AT6            6.645      0.813      8.172      0.000
    N#1                3.109      0.000    999.000    999.000

 Variances
    JSR_AT6            1.000      0.000    999.000    999.000

Latent Class 2

 Means
    JSR_AT6            6.645      0.813      8.172      0.000
    N#1               -2.370      0.000    999.000    999.000

 Variances
    JSR_AT6            1.000      0.000    999.000    999.000


STDY Standardization

                                                    Two-Tailed
                    Estimate       S.E.  Est./S.E.    P-Value

Latent Class 1

 Means
    JSR_AT6            6.645      0.813      8.172      0.000
    N#1                3.109      0.000    999.000    999.000

 Variances
    JSR_AT6            1.000      0.000    999.000    999.000

Latent Class 2

 Means
    JSR_AT6            6.645      0.813      8.172      0.000
    N#1               -2.370      0.000    999.000    999.000

 Variances
    JSR_AT6            1.000      0.000    999.000    999.000


STD Standardization

                                                    Two-Tailed
                    Estimate       S.E.  Est./S.E.    P-Value

Latent Class 1

 Means
    JSR_AT6            1.025      0.006    159.138      0.000
    N#1                3.109      0.000    999.000    999.000

 Variances
    JSR_AT6            0.024      0.006      3.887      0.000

Latent Class 2

 Means
    JSR_AT6            1.025      0.006    159.138      0.000
    N#1               -2.370      0.000    999.000    999.000

 Variances
    JSR_AT6            0.024      0.006      3.887      0.000


CONFIDENCE INTERVALS OF MODEL RESULTS

                  Lower .5%  Lower 2.5%    Lower 5%    Estimate    Upper 5%  Upper 2.5%   Upper .5%

Latent Class 1

 Means
    JSR_AT6          1.008       1.012       1.014       1.025       1.035       1.037       1.041
    N#1              3.109       3.109       3.109       3.109       3.109       3.109       3.109

 Variances
    JSR_AT6          0.008       0.012       0.014       0.024       0.034       0.036       0.040

Latent Class 2

 Means
    JSR_AT6          1.008       1.012       1.014       1.025       1.035       1.037       1.041
    N#1             -2.370      -2.370      -2.370      -2.370      -2.370      -2.370      -2.370

 Variances
    JSR_AT6          0.008       0.012       0.014       0.024       0.034       0.036       0.040

Categorical Latent Variables

 C#1      ON
    JSR_AT6        -27.265     -23.296     -21.266     -10.665      -0.064       1.966       5.935

 Intercepts
    C#1             -5.129      -1.140       0.900      11.556      22.212      24.252      28.241


CONFIDENCE INTERVALS FOR THE LOGISTIC REGRESSION ODDS RATIO RESULTS

Categorical Latent Variables

 C#1      ON
    JSR_AT6          0.000       0.000       0.000       0.000       0.938       7.145     378.024


CONFIDENCE INTERVALS FOR THE ALTERNATIVE PARAMETERIZATIONS FOR THE CATEGORICAL LATENT VARIABLE REGRESSION

Parameterization using Reference Class 1

 C#2      ON
    JSR_AT6         -5.935      -1.966       0.064      10.665      21.266      23.296      27.265

 Intercepts
    C#2            -28.241     -24.252     -22.212     -11.556      -0.900       1.140       5.129


CONFIDENCE INTERVALS FOR THE ODDS RATIO FOR THE ALTERNATIVE PARAMETERIZATIONS FOR THE
CATEGORICAL LATENT VARIABLE REGRESSION

Parameterization using Reference Class 1

 C#2      ON
    JSR_AT6          0.003       0.140       1.066   42824.984  **********  **********  **********


CONFIDENCE INTERVALS OF STANDARDIZED MODEL RESULTS


STDYX Standardization

                  Lower .5%  Lower 2.5%    Lower 5%    Estimate    Upper 5%  Upper 2.5%   Upper .5%

Latent Class 1

 Means
    JSR_AT6          4.551       5.052       5.308       6.645       7.983       8.239       8.740
    N#1              3.109       3.109       3.109       3.109       3.109       3.109       3.109

 Variances
    JSR_AT6          1.000       1.000       1.000       1.000       1.000       1.000       1.000

Latent Class 2

 Means
    JSR_AT6          4.551       5.052       5.308       6.645       7.983       8.239       8.740
    N#1             -2.370      -2.370      -2.370      -2.370      -2.370      -2.370      -2.370

 Variances
    JSR_AT6          1.000       1.000       1.000       1.000       1.000       1.000       1.000


STDY Standardization

                  Lower .5%  Lower 2.5%    Lower 5%    Estimate    Upper 5%  Upper 2.5%   Upper .5%

Latent Class 1

 Means
    JSR_AT6          4.551       5.052       5.308       6.645       7.983       8.239       8.740
    N#1              3.109       3.109       3.109       3.109       3.109       3.109       3.109

 Variances
    JSR_AT6          1.000       1.000       1.000       1.000       1.000       1.000       1.000

Latent Class 2

 Means
    JSR_AT6          4.551       5.052       5.308       6.645       7.983       8.239       8.740
    N#1             -2.370      -2.370      -2.370      -2.370      -2.370      -2.370      -2.370

 Variances
    JSR_AT6          1.000       1.000       1.000       1.000       1.000       1.000       1.000


STD Standardization

                  Lower .5%  Lower 2.5%    Lower 5%    Estimate    Upper 5%  Upper 2.5%   Upper .5%

Latent Class 1

 Means
    JSR_AT6          1.008       1.012       1.014       1.025       1.035       1.037       1.041
    N#1              3.109       3.109       3.109       3.109       3.109       3.109       3.109

 Variances
    JSR_AT6          0.008       0.012       0.014       0.024       0.034       0.036       0.040

Latent Class 2

 Means
    JSR_AT6          1.008       1.012       1.014       1.025       1.035       1.037       1.041
    N#1             -2.370      -2.370      -2.370      -2.370      -2.370      -2.370      -2.370

 Variances
    JSR_AT6          0.008       0.012       0.014       0.024       0.034       0.036       0.040


TECHNICAL 7 OUTPUT


     SAMPLE STATISTICS WEIGHTED BY ESTIMATED CLASS PROBABILITIES FOR CLASS 1


           Means
              JSR_AT6
              ________
                1.000


           Covariances
              JSR_AT6
              ________
 JSR_AT6        0.000


     SAMPLE STATISTICS WEIGHTED BY ESTIMATED CLASS PROBABILITIES FOR CLASS 2


           Means
              JSR_AT6
              ________
                1.079


           Covariances
              JSR_AT6
              ________
 JSR_AT6        0.073


     UNIVARIATE SAMPLE DISTRIBUTIONS FOR CLASS 1

     Variable
     N
       Category 1        0.957
       Category 2        0.043


     UNIVARIATE SAMPLE DISTRIBUTIONS FOR CLASS 2

     Variable
     N
       Category 1        0.089
       Category 2        0.911


TECHNICAL 12 OUTPUT


     ESTIMATED MIXED MODEL AND RESIDUALS (OBSERVED - EXPECTED)


           Observed Means
              JSR_AT6
              ________
                1.024


           Estimated Mixed Means
              JSR_AT6
              ________
                1.025


           Residuals for Mixed Means
              JSR_AT6
              ________
                0.000


           Observed Covariances
              JSR_AT6
              ________
 JSR_AT6        0.024


           Estimated Mixed Covariances
              JSR_AT6
              ________
 JSR_AT6        0.024


           Residuals for Mixed Covariances
              JSR_AT6
              ________
 JSR_AT6        0.000


           Observed Skewness
              JSR_AT6
              ________
                6.172


           Estimated Mixed Skewness
              JSR_AT6
              ________
                0.000


           Residuals for Mixed Skewness
              JSR_AT6
              ________
                6.172


           Observed Kurtosis
              JSR_AT6
              ________
               36.096


           Estimated Mixed Kurtosis
              JSR_AT6
              ________
                0.000


           Residuals for Mixed Kurtosis
              JSR_AT6
              ________
               36.096


     Beginning Time:  14:01:19
        Ending Time:  14:01:23
       Elapsed Time:  00:00:04



MUTHEN & MUTHEN
3463 Stoner Ave.
Los Angeles, CA  90066

Tel: (310) 391-9971
Fax: (310) 391-8971
Web: www.StatModel.com
Support: Support@StatModel.com

Copyright (c) 1998-2021 Muthen & Muthen
