Mplus VERSION 8.6 (Mac)
MUTHEN & MUTHEN
04/16/2024   5:33 PM

INPUT INSTRUCTIONS

  TITLE:
  GMM_CV_isq@0cub@0_CT - R3STEP_JSR_1st;
  DATA:
  FILE = "/Users/olivierpercie/Desktop/LGM/SAPS/Results/R3STEP/JSR_1st_R3STEP.dat";

  VARIABLE:
  NAMES = PIN SAPS_0 SAPS_1 SAPS_2 SAPS_3 SAPS_6 SAPS_9 SAPS_12 SAPS_18 SAPS_24 I S Q
       CUB C_I C_S C_Q C_CUB CPROB1 CPROB2 N JSR_1st;
   MISSING=.;
   USEVAR = N JSR_1st;
  NOMINAL = N;
  CLASSES = c(2);
  ANALYSIS:
  TYPE = MIXTURE;
  ALGORITHM = INTEGRATION;
  INTEGRATION = MONTECARLO;
  STARTS = 0 0;
  PROCESSORS = 8;
  MODEL:
  %OVERALL%
  C ON JSR_1st;
  JSR_1st;
  %C#1%
  [N#1@3.109];
  %C#2%
  [N#1@-2.37];
  OUTPUT:
  SAMPSTAT;
  STANDARDIZED;
  CINTERVAL;
  TECH7;
  TECH12;



*** WARNING
  Data set contains cases with missing on all variables.
  These cases were not included in the analysis.
  Number of cases with missing on all variables:  10
   1 WARNING(S) FOUND IN THE INPUT INSTRUCTIONS




GMM_CV_isq@0cub@0_CT - R3STEP_JSR_1st;

SUMMARY OF ANALYSIS

Number of groups                                                 1
Number of observations                                         679

Number of dependent variables                                    1
Number of independent variables                                  1
Number of continuous latent variables                            0
Number of categorical latent variables                           1

Observed dependent variables

  Unordered categorical (nominal)
   N

Observed independent variables
   JSR_1ST

Categorical latent variables
   C


Estimator                                                      MLR
Information matrix                                        OBSERVED
Optimization Specifications for the Quasi-Newton Algorithm for
Continuous Outcomes
  Maximum number of iterations                                 100
  Convergence criterion                                  0.100D-05
Optimization Specifications for the EM Algorithm
  Maximum number of iterations                                 500
  Convergence criteria
    Loglikelihood change                                 0.100D-02
    Relative loglikelihood change                        0.100D-05
    Derivative                                           0.100D-02
Optimization Specifications for the M step of the EM Algorithm for
Categorical Latent variables
  Number of M step iterations                                    1
  M step convergence criterion                           0.100D-02
  Basis for M step termination                           ITERATION
Optimization Specifications for the M step of the EM Algorithm for
Censored, Binary or Ordered Categorical (Ordinal), Unordered
Categorical (Nominal) and Count Outcomes
  Number of M step iterations                                    1
  M step convergence criterion                           0.100D-02
  Basis for M step termination                           ITERATION
  Maximum value for logit thresholds                            15
  Minimum value for logit thresholds                           -15
  Minimum expected cell size for chi-square              0.100D-01
Maximum number of iterations for H1                           2000
Convergence criterion for H1                             0.100D-03
Optimization algorithm                                         EMA
Integration Specifications
  Type                                                  MONTECARLO
  Number of integration points                                 250
  Dimensions of numerical integration                            1
  Adaptive quadrature                                           ON
  Monte Carlo integration seed                                   0
Cholesky                                                       OFF

Input data file(s)
  /Users/olivierpercie/Desktop/LGM/SAPS/Results/R3STEP/JSR_1st_R3STEP.dat
Input data format  FREE


SUMMARY OF DATA

     Number of missing data patterns             2
     Number of y missing data patterns           2
     Number of u missing data patterns           0


COVARIANCE COVERAGE OF DATA

Minimum covariance coverage value   0.100


     PROPORTION OF DATA PRESENT FOR Y


           Covariance Coverage
              JSR_1ST
              ________
 JSR_1ST        0.454


UNIVARIATE PROPORTIONS AND COUNTS FOR CATEGORICAL VARIABLES

    N
      Category 1    0.677          460.000
      Category 2    0.323          219.000


SAMPLE STATISTICS


     ESTIMATED SAMPLE STATISTICS


           Means
              JSR_1ST
              ________
              204.961


           Covariances
              JSR_1ST
              ________
 JSR_1ST    35299.119


           Correlations
              JSR_1ST
              ________
 JSR_1ST        1.000


     MAXIMUM LOG-LIKELIHOOD VALUE FOR THE UNRESTRICTED (H1) MODEL IS -2049.661


UNIVARIATE SAMPLE STATISTICS


     UNIVARIATE HIGHER-ORDER MOMENT DESCRIPTIVE STATISTICS

         Variable/         Mean/     Skewness/   Minimum/ % with                Percentiles
        Sample Size      Variance    Kurtosis    Maximum  Min/Max      20%/60%    40%/80%    Median

     JSR_1ST             204.961       1.408       0.000    1.30%      62.000     90.000    132.000
             308.000   35299.037       1.365     792.000    0.32%     190.000    348.000


THE MODEL ESTIMATION TERMINATED NORMALLY



MODEL FIT INFORMATION

Number of Free Parameters                        4

Loglikelihood

          H0 Value                       -2472.206
          H0 Scaling Correction Factor      1.2624
            for MLR

Information Criteria

          Akaike (AIC)                    4952.412
          Bayesian (BIC)                  4970.495
          Sample-Size Adjusted BIC        4957.794
            (n* = (n + 2) / 24)



FINAL CLASS COUNTS AND PROPORTIONS FOR THE LATENT CLASSES
BASED ON THE ESTIMATED MODEL

    Latent
   Classes

       1        459.67415          0.67699
       2        219.32585          0.32301


FINAL CLASS COUNTS AND PROPORTIONS FOR THE LATENT CLASSES
BASED ON ESTIMATED POSTERIOR PROBABILITIES

    Latent
   Classes

       1        461.34443          0.67945
       2        217.65557          0.32055


FINAL CLASS COUNTS AND PROPORTIONS FOR THE LATENT CLASSES
BASED ON THEIR MOST LIKELY LATENT CLASS MEMBERSHIP

Class Counts and Proportions

    Latent
   Classes

       1              460          0.67747
       2              219          0.32253


CLASSIFICATION QUALITY

     Entropy                         0.697


Average Latent Class Probabilities for Most Likely Latent Class Membership (Row)
by Latent Class (Column)

           1        2

    1   0.960    0.040
    2   0.091    0.909


Classification Probabilities for the Most Likely Latent Class Membership (Column)
by Latent Class (Row)

           1        2

    1   0.957    0.043
    2   0.085    0.915


Logits for the Classification Probabilities for the Most Likely Latent Class Membership (Column)
by Latent Class (Row)

              1        2

    1      3.097    0.000
    2     -2.371    0.000


MODEL RESULTS

                                                    Two-Tailed
                    Estimate       S.E.  Est./S.E.    P-Value

Latent Class 1

 Means
    JSR_1ST          216.889     11.696     18.544      0.000
    N#1                3.109      0.000    999.000    999.000

 Variances
    JSR_1ST        35079.742   3575.571      9.811      0.000

Latent Class 2

 Means
    JSR_1ST          216.889     11.696     18.544      0.000
    N#1               -2.370      0.000    999.000    999.000

 Variances
    JSR_1ST        35079.742   3575.571      9.811      0.000

Categorical Latent Variables

 C#1        ON
    JSR_1ST            0.002      0.001      2.185      0.029

 Intercepts
    C#1                0.266      0.231      1.152      0.249


QUALITY OF NUMERICAL RESULTS

     Condition Number for the Information Matrix              0.137E-02
       (ratio of smallest to largest eigenvalue)


LOGISTIC REGRESSION ODDS RATIO RESULTS

                                                95% C.I.
                    Estimate       S.E.  Lower 2.5% Upper 2.5%

Categorical Latent Variables

 C#1      ON
    JSR_1ST            1.002      0.001      1.000      1.005


ALTERNATIVE PARAMETERIZATIONS FOR THE CATEGORICAL LATENT VARIABLE REGRESSION

                                                    Two-Tailed
                    Estimate       S.E.  Est./S.E.    P-Value

Parameterization using Reference Class 1

 C#2      ON
    JSR_1ST           -0.002      0.001     -2.185      0.029

 Intercepts
    C#2               -0.266      0.231     -1.152      0.249


ODDS RATIO FOR THE ALTERNATIVE PARAMETERIZATIONS FOR THE CATEGORICAL LATENT VARIABLE REGRESSION

                                                95% C.I.
                    Estimate       S.E.  Lower 2.5% Upper 2.5%

Parameterization using Reference Class 1

 C#2      ON
    JSR_1ST            0.998      0.001      0.995      1.000


STANDARDIZED MODEL RESULTS


STDYX Standardization

                                                    Two-Tailed
                    Estimate       S.E.  Est./S.E.    P-Value

Latent Class 1

 Means
    JSR_1ST            1.158      0.046     25.028      0.000
    N#1                3.109      0.000    999.000    999.000

 Variances
    JSR_1ST            1.000      0.000    999.000    999.000

Latent Class 2

 Means
    JSR_1ST            1.158      0.046     25.028      0.000
    N#1               -2.370      0.000    999.000    999.000

 Variances
    JSR_1ST            1.000      0.000    999.000    999.000


STDY Standardization

                                                    Two-Tailed
                    Estimate       S.E.  Est./S.E.    P-Value

Latent Class 1

 Means
    JSR_1ST            1.158      0.046     25.028      0.000
    N#1                3.109      0.000    999.000    999.000

 Variances
    JSR_1ST            1.000      0.000    999.000    999.000

Latent Class 2

 Means
    JSR_1ST            1.158      0.046     25.028      0.000
    N#1               -2.370      0.000    999.000    999.000

 Variances
    JSR_1ST            1.000      0.000    999.000    999.000


STD Standardization

                                                    Two-Tailed
                    Estimate       S.E.  Est./S.E.    P-Value

Latent Class 1

 Means
    JSR_1ST          216.889     11.696     18.544      0.000
    N#1                3.109      0.000    999.000    999.000

 Variances
    JSR_1ST        35079.742   3575.571      9.811      0.000

Latent Class 2

 Means
    JSR_1ST          216.889     11.696     18.544      0.000
    N#1               -2.370      0.000    999.000    999.000

 Variances
    JSR_1ST        35079.742   3575.571      9.811      0.000


CONFIDENCE INTERVALS OF MODEL RESULTS

                  Lower .5%  Lower 2.5%    Lower 5%    Estimate    Upper 5%  Upper 2.5%   Upper .5%

Latent Class 1

 Means
    JSR_1ST        186.763     193.965     197.649     216.889     236.129     239.813     247.015
    N#1              3.109       3.109       3.109       3.109       3.109       3.109       3.109

 Variances
    JSR_1ST      25869.785   28071.623   29197.928   35079.742   40961.555   42087.859   44289.699

Latent Class 2

 Means
    JSR_1ST        186.763     193.965     197.649     216.889     236.129     239.813     247.015
    N#1             -2.370      -2.370      -2.370      -2.370      -2.370      -2.370      -2.370

 Variances
    JSR_1ST      25869.785   28071.623   29197.928   35079.742   40961.555   42087.859   44289.699

Categorical Latent Variables

 C#1      ON
    JSR_1ST          0.000       0.000       0.001       0.002       0.004       0.005       0.005

 Intercepts
    C#1             -0.329      -0.187      -0.114       0.266       0.646       0.719       0.861


CONFIDENCE INTERVALS FOR THE LOGISTIC REGRESSION ODDS RATIO RESULTS

Categorical Latent Variables

 C#1      ON
    JSR_1ST          1.000       1.000       1.001       1.002       1.004       1.005       1.005


CONFIDENCE INTERVALS FOR THE ALTERNATIVE PARAMETERIZATIONS FOR THE CATEGORICAL LATENT VARIABLE REGRESSION

Parameterization using Reference Class 1

 C#2      ON
    JSR_1ST         -0.005      -0.005      -0.004      -0.002      -0.001       0.000       0.000

 Intercepts
    C#2             -0.861      -0.719      -0.646      -0.266       0.114       0.187       0.329


CONFIDENCE INTERVALS FOR THE ODDS RATIO FOR THE ALTERNATIVE PARAMETERIZATIONS FOR THE
CATEGORICAL LATENT VARIABLE REGRESSION

Parameterization using Reference Class 1

 C#2      ON
    JSR_1ST          0.995       0.995       0.996       0.998       0.999       1.000       1.000


CONFIDENCE INTERVALS OF STANDARDIZED MODEL RESULTS


STDYX Standardization

                  Lower .5%  Lower 2.5%    Lower 5%    Estimate    Upper 5%  Upper 2.5%   Upper .5%

Latent Class 1

 Means
    JSR_1ST          1.039       1.067       1.082       1.158       1.234       1.249       1.277
    N#1              3.109       3.109       3.109       3.109       3.109       3.109       3.109

 Variances
    JSR_1ST          1.000       1.000       1.000       1.000       1.000       1.000       1.000

Latent Class 2

 Means
    JSR_1ST          1.039       1.067       1.082       1.158       1.234       1.249       1.277
    N#1             -2.370      -2.370      -2.370      -2.370      -2.370      -2.370      -2.370

 Variances
    JSR_1ST          1.000       1.000       1.000       1.000       1.000       1.000       1.000


STDY Standardization

                  Lower .5%  Lower 2.5%    Lower 5%    Estimate    Upper 5%  Upper 2.5%   Upper .5%

Latent Class 1

 Means
    JSR_1ST          1.039       1.067       1.082       1.158       1.234       1.249       1.277
    N#1              3.109       3.109       3.109       3.109       3.109       3.109       3.109

 Variances
    JSR_1ST          1.000       1.000       1.000       1.000       1.000       1.000       1.000

Latent Class 2

 Means
    JSR_1ST          1.039       1.067       1.082       1.158       1.234       1.249       1.277
    N#1             -2.370      -2.370      -2.370      -2.370      -2.370      -2.370      -2.370

 Variances
    JSR_1ST          1.000       1.000       1.000       1.000       1.000       1.000       1.000


STD Standardization

                  Lower .5%  Lower 2.5%    Lower 5%    Estimate    Upper 5%  Upper 2.5%   Upper .5%

Latent Class 1

 Means
    JSR_1ST        186.763     193.965     197.649     216.889     236.129     239.813     247.015
    N#1              3.109       3.109       3.109       3.109       3.109       3.109       3.109

 Variances
    JSR_1ST      25869.785   28071.623   29197.928   35079.742   40961.555   42087.859   44289.699

Latent Class 2

 Means
    JSR_1ST        186.763     193.965     197.649     216.889     236.129     239.813     247.015
    N#1             -2.370      -2.370      -2.370      -2.370      -2.370      -2.370      -2.370

 Variances
    JSR_1ST      25869.785   28071.623   29197.928   35079.742   40961.555   42087.859   44289.699


TECHNICAL 7 OUTPUT


     SAMPLE STATISTICS WEIGHTED BY ESTIMATED CLASS PROBABILITIES FOR CLASS 1


           Means
              JSR_1ST
              ________
              238.333


           Covariances
              JSR_1ST
              ________
 JSR_1ST    39719.544


     SAMPLE STATISTICS WEIGHTED BY ESTIMATED CLASS PROBABILITIES FOR CLASS 2


           Means
              JSR_1ST
              ________
              164.998


           Covariances
              JSR_1ST
              ________
 JSR_1ST    27074.736


     UNIVARIATE SAMPLE DISTRIBUTIONS FOR CLASS 1

     Variable
     N
       Category 1        0.957
       Category 2        0.043


     UNIVARIATE SAMPLE DISTRIBUTIONS FOR CLASS 2

     Variable
     N
       Category 1        0.085
       Category 2        0.915


TECHNICAL 12 OUTPUT


     ESTIMATED MIXED MODEL AND RESIDUALS (OBSERVED - EXPECTED)


           Observed Means
              JSR_1ST
              ________
              204.961


           Estimated Mixed Means
              JSR_1ST
              ________
              216.889


           Residuals for Mixed Means
              JSR_1ST
              ________
              -11.928


           Observed Covariances
              JSR_1ST
              ________
 JSR_1ST    35299.119


           Estimated Mixed Covariances
              JSR_1ST
              ________
 JSR_1ST    35079.742


           Residuals for Mixed Covariances
              JSR_1ST
              ________
 JSR_1ST      219.377


           Observed Skewness
              JSR_1ST
              ________
                1.408


           Estimated Mixed Skewness
              JSR_1ST
              ________
                0.000


           Residuals for Mixed Skewness
              JSR_1ST
              ________
                1.408


           Observed Kurtosis
              JSR_1ST
              ________
                1.365


           Estimated Mixed Kurtosis
              JSR_1ST
              ________
                0.000


           Residuals for Mixed Kurtosis
              JSR_1ST
              ________
                1.365


     Beginning Time:  17:33:00
        Ending Time:  17:33:00
       Elapsed Time:  00:00:00



MUTHEN & MUTHEN
3463 Stoner Ave.
Los Angeles, CA  90066

Tel: (310) 391-9971
Fax: (310) 391-8971
Web: www.StatModel.com
Support: Support@StatModel.com

Copyright (c) 1998-2021 Muthen & Muthen
