Mplus VERSION 8.6 (Mac)
MUTHEN & MUTHEN
05/13/2022   3:52 PM

INPUT INSTRUCTIONS

  TITLE:
  R3STEPm_NSR_24;
  DATA:
  FILE = "/Users/olivierpercie/Desktop/MplusLGM/SAPS/Results/R3STEP/R3STEPm_NSR_24.dat";

  VARIABLE:
  NAMES = PIN I S Q CUB C_I C_S C_Q C_CUB CPROB1 CPROB2 N NSR_24;
   MISSING=.;
   USEVAR = NSR_24 N;
  NOMINAL= N;
  CLASSES = c(2);
  ANALYSIS:

    TYPE = MIXTURE;
    ALGORITHM=INTEGRATION;
    INTEGRATION=MONTECARLO;
    STARTS = 0;
    PROCESSORS = 8;
  MODEL:
  %OVERALL%
  C on NSR_24; NSR_24;

  %C#1%
  [N#1@3.558];

  %C#2%
  [N#1@-3.697];



INPUT READING TERMINATED NORMALLY




R3STEPm_NSR_24;

SUMMARY OF ANALYSIS

Number of groups                                                 1
Number of observations                                         405

Number of dependent variables                                    1
Number of independent variables                                  1
Number of continuous latent variables                            0
Number of categorical latent variables                           1

Observed dependent variables

  Unordered categorical (nominal)
   N

Observed independent variables
   NSR_24

Categorical latent variables
   C


Estimator                                                      MLR
Information matrix                                        OBSERVED
Optimization Specifications for the Quasi-Newton Algorithm for
Continuous Outcomes
  Maximum number of iterations                                 100
  Convergence criterion                                  0.100D-05
Optimization Specifications for the EM Algorithm
  Maximum number of iterations                                 500
  Convergence criteria
    Loglikelihood change                                 0.100D-02
    Relative loglikelihood change                        0.100D-05
    Derivative                                           0.100D-02
Optimization Specifications for the M step of the EM Algorithm for
Categorical Latent variables
  Number of M step iterations                                    1
  M step convergence criterion                           0.100D-02
  Basis for M step termination                           ITERATION
Optimization Specifications for the M step of the EM Algorithm for
Censored, Binary or Ordered Categorical (Ordinal), Unordered
Categorical (Nominal) and Count Outcomes
  Number of M step iterations                                    1
  M step convergence criterion                           0.100D-02
  Basis for M step termination                           ITERATION
  Maximum value for logit thresholds                            15
  Minimum value for logit thresholds                           -15
  Minimum expected cell size for chi-square              0.100D-01
Maximum number of iterations for H1                           2000
Convergence criterion for H1                             0.100D-03
Optimization algorithm                                         EMA
Integration Specifications
  Type                                                  MONTECARLO
  Number of integration points                                 250
  Dimensions of numerical integration                            1
  Adaptive quadrature                                           ON
  Monte Carlo integration seed                                   0
Cholesky                                                       OFF

Input data file(s)
  /Users/olivierpercie/Desktop/MplusLGM/SAPS/Results/R3STEP/R3STEPm_NSR_24.dat
Input data format  FREE


SUMMARY OF DATA

     Number of missing data patterns             2
     Number of y missing data patterns           2
     Number of u missing data patterns           0


COVARIANCE COVERAGE OF DATA

Minimum covariance coverage value   0.100


     PROPORTION OF DATA PRESENT FOR Y


           Covariance Coverage
              NSR_24
              ________
 NSR_24         0.793


UNIVARIATE PROPORTIONS AND COUNTS FOR CATEGORICAL VARIABLES

    N
      Category 1    0.346          140.000
      Category 2    0.654          265.000



UNIVARIATE SAMPLE STATISTICS


     UNIVARIATE HIGHER-ORDER MOMENT DESCRIPTIVE STATISTICS

         Variable/         Mean/     Skewness/   Minimum/ % with                Percentiles
        Sample Size      Variance    Kurtosis    Maximum  Min/Max      20%/60%    40%/80%    Median

     NSR_24                0.517      -0.069       0.000   48.29%       0.000      0.000      1.000
             321.000       0.250      -1.995       1.000   51.71%       1.000      1.000


THE MODEL ESTIMATION TERMINATED NORMALLY



MODEL FIT INFORMATION

Number of Free Parameters                        4

Loglikelihood

          H0 Value                        -470.991
          H0 Scaling Correction Factor      0.7570
            for MLR

Information Criteria

          Akaike (AIC)                     949.982
          Bayesian (BIC)                   965.998
          Sample-Size Adjusted BIC         953.305
            (n* = (n + 2) / 24)



FINAL CLASS COUNTS AND PROPORTIONS FOR THE LATENT CLASSES
BASED ON THE ESTIMATED MODEL

    Latent
   Classes

       1        138.03044          0.34082
       2        266.96956          0.65918


FINAL CLASS COUNTS AND PROPORTIONS FOR THE LATENT CLASSES
BASED ON ESTIMATED POSTERIOR PROBABILITIES

    Latent
   Classes

       1        137.29982          0.33901
       2        267.70018          0.66099


FINAL CLASS COUNTS AND PROPORTIONS FOR THE LATENT CLASSES
BASED ON THEIR MOST LIKELY LATENT CLASS MEMBERSHIP

Class Counts and Proportions

    Latent
   Classes

       1              140          0.34568
       2              265          0.65432


CLASSIFICATION QUALITY

     Entropy                         0.846


Average Latent Class Probabilities for Most Likely Latent Class Membership (Row)
by Latent Class (Column)

           1        2

    1   0.954    0.046
    2   0.014    0.986


Classification Probabilities for the Most Likely Latent Class Membership (Column)
by Latent Class (Row)

           1        2

    1   0.972    0.028
    2   0.024    0.976


Logits for the Classification Probabilities for the Most Likely Latent Class Membership (Column)
by Latent Class (Row)

              1        2

    1      3.558    0.000
    2     -3.693    0.000


MODEL RESULTS

                                                    Two-Tailed
                    Estimate       S.E.  Est./S.E.    P-Value

Latent Class 1

 Means
    NSR_24             0.511      0.028     18.584      0.000
    N#1                3.558      0.000    999.000    999.000

 Variances
    NSR_24             0.249      0.001    182.789      0.000

Latent Class 2

 Means
    NSR_24             0.511      0.028     18.584      0.000
    N#1               -3.697      0.000    999.000    999.000

 Variances
    NSR_24             0.249      0.001    182.789      0.000

Categorical Latent Variables

 C#1        ON
    NSR_24             1.808      0.297      6.087      0.000

 Intercepts
    C#1               -1.727      0.236     -7.321      0.000


QUALITY OF NUMERICAL RESULTS

     Condition Number for the Information Matrix              0.293E-02
       (ratio of smallest to largest eigenvalue)


LOGISTIC REGRESSION ODDS RATIO RESULTS

                                                95% C.I.
                    Estimate       S.E.  Lower 2.5% Upper 2.5%

Categorical Latent Variables

 C#1      ON
    NSR_24             6.099      1.812      3.408     10.917


ALTERNATIVE PARAMETERIZATIONS FOR THE CATEGORICAL LATENT VARIABLE REGRESSION

                                                    Two-Tailed
                    Estimate       S.E.  Est./S.E.    P-Value

Parameterization using Reference Class 1

 C#2      ON
    NSR_24            -1.808      0.297     -6.087      0.000

 Intercepts
    C#2                1.727      0.236      7.321      0.000


ODDS RATIO FOR THE ALTERNATIVE PARAMETERIZATIONS FOR THE CATEGORICAL LATENT VARIABLE REGRESSION

                                                95% C.I.
                    Estimate       S.E.  Lower 2.5% Upper 2.5%

Parameterization using Reference Class 1

 C#2      ON
    NSR_24             0.164      0.049      0.092      0.293


     Beginning Time:  15:52:00
        Ending Time:  15:52:00
       Elapsed Time:  00:00:00



MUTHEN & MUTHEN
3463 Stoner Ave.
Los Angeles, CA  90066

Tel: (310) 391-9971
Fax: (310) 391-8971
Web: www.StatModel.com
Support: Support@StatModel.com

Copyright (c) 1998-2021 Muthen & Muthen
