Mplus VERSION 8.6 (Mac)
MUTHEN & MUTHEN
05/11/2022   4:42 PM

INPUT INSTRUCTIONS

  TITLE:
  R3STEPm_NSR_1;
  DATA:
  FILE = "/Users/olivierpercie/Desktop/MplusLGM/SAPS/Results/R3STEP/R3STEPm_NSR_1.dat";

  VARIABLE:
  NAMES = PIN I S Q CUB C_I C_S C_Q C_CUB CPROB1 CPROB2 N NSR_1;
   MISSING=.;
   USEVAR = NSR_1 N;
  NOMINAL= N;
  CLASSES = c(2);
  ANALYSIS:

    TYPE = MIXTURE;
    ALGORITHM=INTEGRATION;
    INTEGRATION=MONTECARLO;
    STARTS = 0;
    PROCESSORS = 8;
  MODEL:
  %OVERALL%
  C on NSR_1; NSR_1;

  %C#1%
  [N#1@3.558];

  %C#2%
  [N#1@-3.697];



INPUT READING TERMINATED NORMALLY




R3STEPm_NSR_1;

SUMMARY OF ANALYSIS

Number of groups                                                 1
Number of observations                                         405

Number of dependent variables                                    1
Number of independent variables                                  1
Number of continuous latent variables                            0
Number of categorical latent variables                           1

Observed dependent variables

  Unordered categorical (nominal)
   N

Observed independent variables
   NSR_1

Categorical latent variables
   C


Estimator                                                      MLR
Information matrix                                        OBSERVED
Optimization Specifications for the Quasi-Newton Algorithm for
Continuous Outcomes
  Maximum number of iterations                                 100
  Convergence criterion                                  0.100D-05
Optimization Specifications for the EM Algorithm
  Maximum number of iterations                                 500
  Convergence criteria
    Loglikelihood change                                 0.100D-02
    Relative loglikelihood change                        0.100D-05
    Derivative                                           0.100D-02
Optimization Specifications for the M step of the EM Algorithm for
Categorical Latent variables
  Number of M step iterations                                    1
  M step convergence criterion                           0.100D-02
  Basis for M step termination                           ITERATION
Optimization Specifications for the M step of the EM Algorithm for
Censored, Binary or Ordered Categorical (Ordinal), Unordered
Categorical (Nominal) and Count Outcomes
  Number of M step iterations                                    1
  M step convergence criterion                           0.100D-02
  Basis for M step termination                           ITERATION
  Maximum value for logit thresholds                            15
  Minimum value for logit thresholds                           -15
  Minimum expected cell size for chi-square              0.100D-01
Maximum number of iterations for H1                           2000
Convergence criterion for H1                             0.100D-03
Optimization algorithm                                         EMA
Integration Specifications
  Type                                                  MONTECARLO
  Number of integration points                                 250
  Dimensions of numerical integration                            1
  Adaptive quadrature                                           ON
  Monte Carlo integration seed                                   0
Cholesky                                                       OFF

Input data file(s)
  /Users/olivierpercie/Desktop/MplusLGM/SAPS/Results/R3STEP/R3STEPm_NSR_1.dat
Input data format  FREE


SUMMARY OF DATA

     Number of missing data patterns             2
     Number of y missing data patterns           2
     Number of u missing data patterns           0


COVARIANCE COVERAGE OF DATA

Minimum covariance coverage value   0.100


     PROPORTION OF DATA PRESENT FOR Y


           Covariance Coverage
              NSR_1
              ________
 NSR_1          0.674


UNIVARIATE PROPORTIONS AND COUNTS FOR CATEGORICAL VARIABLES

    N
      Category 1    0.346          140.000
      Category 2    0.654          265.000



UNIVARIATE SAMPLE STATISTICS


     UNIVARIATE HIGHER-ORDER MOMENT DESCRIPTIVE STATISTICS

         Variable/         Mean/     Skewness/   Minimum/ % with                Percentiles
        Sample Size      Variance    Kurtosis    Maximum  Min/Max      20%/60%    40%/80%    Median

     NSR_1                 0.176       1.703       0.000   82.42%       0.000      0.000      0.000
             273.000       0.145       0.901       1.000   17.58%       0.000      0.000


THE MODEL ESTIMATION TERMINATED NORMALLY



MODEL FIT INFORMATION

Number of Free Parameters                        4

Loglikelihood

          H0 Value                        -379.857
          H0 Scaling Correction Factor      1.1098
            for MLR

Information Criteria

          Akaike (AIC)                     767.713
          Bayesian (BIC)                   783.729
          Sample-Size Adjusted BIC         771.037
            (n* = (n + 2) / 24)



FINAL CLASS COUNTS AND PROPORTIONS FOR THE LATENT CLASSES
BASED ON THE ESTIMATED MODEL

    Latent
   Classes

       1        137.13971          0.33862
       2        267.86029          0.66138


FINAL CLASS COUNTS AND PROPORTIONS FOR THE LATENT CLASSES
BASED ON ESTIMATED POSTERIOR PROBABILITIES

    Latent
   Classes

       1        137.33570          0.33910
       2        267.66430          0.66090


FINAL CLASS COUNTS AND PROPORTIONS FOR THE LATENT CLASSES
BASED ON THEIR MOST LIKELY LATENT CLASS MEMBERSHIP

Class Counts and Proportions

    Latent
   Classes

       1              140          0.34568
       2              265          0.65432


CLASSIFICATION QUALITY

     Entropy                         0.838


Average Latent Class Probabilities for Most Likely Latent Class Membership (Row)
by Latent Class (Column)

           1        2

    1   0.954    0.046
    2   0.014    0.986


Classification Probabilities for the Most Likely Latent Class Membership (Column)
by Latent Class (Row)

           1        2

    1   0.972    0.028
    2   0.024    0.976


Logits for the Classification Probabilities for the Most Likely Latent Class Membership (Column)
by Latent Class (Row)

              1        2

    1      3.557    0.000
    2     -3.698    0.000


MODEL RESULTS

                                                    Two-Tailed
                    Estimate       S.E.  Est./S.E.    P-Value

Latent Class 1

 Means
    NSR_1              0.180      0.023      7.814      0.000
    N#1                3.558      0.000    999.000    999.000

 Variances
    NSR_1              0.145      0.015      9.845      0.000

Latent Class 2

 Means
    NSR_1              0.180      0.023      7.814      0.000
    N#1               -3.697      0.000    999.000    999.000

 Variances
    NSR_1              0.145      0.015      9.845      0.000

Categorical Latent Variables

 C#1        ON
    NSR_1              1.095      0.352      3.112      0.002

 Intercepts
    C#1               -0.887      0.138     -6.438      0.000


QUALITY OF NUMERICAL RESULTS

     Condition Number for the Information Matrix              0.724E-03
       (ratio of smallest to largest eigenvalue)


LOGISTIC REGRESSION ODDS RATIO RESULTS

                                                95% C.I.
                    Estimate       S.E.  Lower 2.5% Upper 2.5%

Categorical Latent Variables

 C#1      ON
    NSR_1              2.988      1.051      1.500      5.952


ALTERNATIVE PARAMETERIZATIONS FOR THE CATEGORICAL LATENT VARIABLE REGRESSION

                                                    Two-Tailed
                    Estimate       S.E.  Est./S.E.    P-Value

Parameterization using Reference Class 1

 C#2      ON
    NSR_1             -1.095      0.352     -3.112      0.002

 Intercepts
    C#2                0.887      0.138      6.438      0.000


ODDS RATIO FOR THE ALTERNATIVE PARAMETERIZATIONS FOR THE CATEGORICAL LATENT VARIABLE REGRESSION

                                                95% C.I.
                    Estimate       S.E.  Lower 2.5% Upper 2.5%

Parameterization using Reference Class 1

 C#2      ON
    NSR_1              0.335      0.118      0.168      0.667


     Beginning Time:  16:42:51
        Ending Time:  16:42:52
       Elapsed Time:  00:00:01



MUTHEN & MUTHEN
3463 Stoner Ave.
Los Angeles, CA  90066

Tel: (310) 391-9971
Fax: (310) 391-8971
Web: www.StatModel.com
Support: Support@StatModel.com

Copyright (c) 1998-2021 Muthen & Muthen
