Mplus VERSION 8.6 (Mac)
MUTHEN & MUTHEN
05/05/2022  12:54 PM

INPUT INSTRUCTIONS

  TITLE:
  LCGA1_P2_K2_S1000

  DATA:
  FILE = "/Users/olivierpercie/Desktop/MplusLGM/SOFAS/Results/LCGA1/P=2/K=2/K2_S1000.dat";

  VARIABLE:
  NAMES = pin SOFAS_0 SOFAS_12 SOFAS_24;
   MISSING=.;
   USEVAR = SOFAS_0 SOFAS_12 SOFAS_24;
  IDVAR = pin;
  CLASSES = c(2);

  ANALYSIS:
  TYPE = MIXTURE;
  STARTS = 1000 250;
  K-1STARTS = 500 125;
  PROCESSORS = 8;

  MODEL:
  %OVERALL%
  i s q |
  SOFAS_0@0 SOFAS_12@12 SOFAS_24@24;
  i-q@0;
  %c#1%
  [i s q];
  SOFAS_0-SOFAS_24 (1);
  %c#2%
  [i s q];
  SOFAS_0-SOFAS_24 (2);

  OUTPUT:
  sampstat standardized
  TECH1;
  TECH11;

  SAVEDATA:
  file = K2_S1000_res.dat;
  save = CPROBABILITIES;

  PLOT:
  TYPE = plot3;
  SERIES = SOFAS_0 (s) SOFAS_12 (s) SOFAS_24 (s);




*** WARNING in MODEL command
  All continuous latent variable covariances involving I have been fixed to 0
  because the variance of I is fixed at 0.
*** WARNING in MODEL command
  All continuous latent variable covariances involving S have been fixed to 0
  because the variance of S is fixed at 0.
   2 WARNING(S) FOUND IN THE INPUT INSTRUCTIONS




LCGA1_P2_K2_S1000

SUMMARY OF ANALYSIS

Number of groups                                                 1
Number of observations                                         369

Number of dependent variables                                    3
Number of independent variables                                  0
Number of continuous latent variables                            3
Number of categorical latent variables                           1

Observed dependent variables

  Continuous
   SOFAS_0     SOFAS_12    SOFAS_24

Continuous latent variables
   I           S           Q

Categorical latent variables
   C

Variables with special functions

  ID variable           PIN

Estimator                                                      MLR
Information matrix                                        OBSERVED
Optimization Specifications for the Quasi-Newton Algorithm for
Continuous Outcomes
  Maximum number of iterations                                 100
  Convergence criterion                                  0.100D-05
Optimization Specifications for the EM Algorithm
  Maximum number of iterations                                 500
  Convergence criteria
    Loglikelihood change                                 0.100D-06
    Relative loglikelihood change                        0.100D-06
    Derivative                                           0.100D-05
Optimization Specifications for the M step of the EM Algorithm for
Categorical Latent variables
  Number of M step iterations                                    1
  M step convergence criterion                           0.100D-05
  Basis for M step termination                           ITERATION
Optimization Specifications for the M step of the EM Algorithm for
Censored, Binary or Ordered Categorical (Ordinal), Unordered
Categorical (Nominal) and Count Outcomes
  Number of M step iterations                                    1
  M step convergence criterion                           0.100D-05
  Basis for M step termination                           ITERATION
  Maximum value for logit thresholds                            15
  Minimum value for logit thresholds                           -15
  Minimum expected cell size for chi-square              0.100D-01
Maximum number of iterations for H1                           2000
Convergence criterion for H1                             0.100D-03
Optimization algorithm                                         EMA
Random Starts Specifications
  Number of initial stage random starts                       1000
  Number of final stage optimizations                          250
  Number of initial stage iterations                            10
  Initial stage convergence criterion                    0.100D+01
  Random starts scale                                    0.500D+01
  Random seed for generating random starts                       0

Input data file(s)
  /Users/olivierpercie/Desktop/MplusLGM/SOFAS/Results/LCGA1/P=2/K=2/K2_S1000.dat
Input data format  FREE


SUMMARY OF DATA

     Number of missing data patterns             4
     Number of y missing data patterns           4
     Number of u missing data patterns           0


COVARIANCE COVERAGE OF DATA

Minimum covariance coverage value   0.100


     PROPORTION OF DATA PRESENT FOR Y


           Covariance Coverage
              SOFAS_0       SOFAS_12      SOFAS_24
              ________      ________      ________
 SOFAS_0        0.978
 SOFAS_12       0.889         0.911
 SOFAS_24       0.615         0.547         0.637


SAMPLE STATISTICS


     ESTIMATED SAMPLE STATISTICS


           Means
              SOFAS_0       SOFAS_12      SOFAS_24
              ________      ________      ________
               40.510        61.692        64.149


           Covariances
              SOFAS_0       SOFAS_12      SOFAS_24
              ________      ________      ________
 SOFAS_0      164.315
 SOFAS_12      62.737       287.366
 SOFAS_24      49.436       180.581       322.936


           Correlations
              SOFAS_0       SOFAS_12      SOFAS_24
              ________      ________      ________
 SOFAS_0        1.000
 SOFAS_12       0.289         1.000
 SOFAS_24       0.215         0.593         1.000


     MAXIMUM LOG-LIKELIHOOD VALUE FOR THE UNRESTRICTED (H1) MODEL IS -3814.089


UNIVARIATE SAMPLE STATISTICS


     UNIVARIATE HIGHER-ORDER MOMENT DESCRIPTIVE STATISTICS

         Variable/         Mean/     Skewness/   Minimum/ % with                Percentiles
        Sample Size      Variance    Kurtosis    Maximum  Min/Max      20%/60%    40%/80%    Median

     SOFAS_0              40.526       0.659      15.000    0.28%      30.000     35.000     40.000
             361.000     164.388       0.129      85.000    0.28%      41.000     51.000
     SOFAS_12             61.652      -0.130      22.000    0.30%      45.000     55.000     61.000
             336.000     284.876      -0.861      95.000    0.30%      68.000     80.000
     SOFAS_24             63.472      -0.261       5.000    0.43%      49.000     60.000     65.000
             235.000     328.649      -0.615     100.000    0.85%      70.000     80.000

RANDOM STARTS RESULTS RANKED FROM THE BEST TO THE WORST LOGLIKELIHOOD VALUES


5 perturbed starting value run(s) did not converge or were rejected in the third stage.
Final stage loglikelihood values at local maxima, seeds, and initial stage start numbers:

           -3804.719  154575           539
           -3804.719  484687           306
           -3804.719  853781           716
           -3804.719  461687           833
           -3804.719  835767           210
           -3804.719  431271           943
           -3804.719  823392           479
           -3804.719  432148           30
           -3804.719  945065           255
           -3804.719  689529           516
           -3804.719  486622           522
           -3804.719  78862            529
           -3804.719  371737           532
           -3804.719  926283           269
           -3804.719  574942           558
           -3804.719  831410           567
           -3804.719  641794           591
           -3804.719  17896            592
           -3804.719  284384           600
           -3804.719  393232           152
           -3804.719  150531           154
           -3804.719  822698           621
           -3804.719  999211           628
           -3804.719  396795           323
           -3804.719  724519           333
           -3804.719  838615           677
           -3804.719  82357            339
           -3804.719  179022           687
           -3804.719  950604           172
           -3804.719  580181           691
           -3804.719  114433           708
           -3804.719  46502            714
           -3804.719  206099           363
           -3804.719  407108           366
           -3804.719  185071           370
           -3804.719  485256           371
           -3804.719  220492           743
           -3804.719  496703           758
           -3804.719  458181           189
           -3804.719  496881           192
           -3804.719  570782           193
           -3804.719  595619           779
           -3804.719  501995           791
           -3804.719  137377           397
           -3804.719  496344           808
           -3804.719  200041           810
           -3804.719  168888           817
           -3804.719  473343           844
           -3804.719  65651            214
           -3804.719  238906           430
           -3804.719  302046           863
           -3804.719  802644           874
           -3804.719  81951            907
           -3804.719  581196           921
           -3804.719  208797           931
           -3804.719  679615           942
           -3804.719  406935           958
           -3804.719  39810            966
           -3804.719  53621            483
           -3804.719  357866           968
           -3804.719  485483           498
           -3804.719  497522           502
           -3804.719  155622           507
           -3804.719  49221            254
           -3804.719  696773           80
           -3804.719  782200           84
           -3804.719  153942           31
           -3804.719  443917           60
           -3804.719  76974            16
           -3804.719  645664           39
           -3804.719  587946           120
           -3804.719  85462            51
           -3804.719  268217           83
           -3804.719  436460           89
           -3804.719  415931           10
           -3804.719  464179           106
           -3804.719  939709           112
           -3804.719  152496           123
           -3804.719  471398           74
           -3804.719  247224           94
           -3804.719  533738           11
           -3804.719  535804           111
           -3804.719  292884           103
           -3804.719  195873           6
           -3804.719  259507           53
           -3804.719  715255           523
           -3804.719  347222           533
           -3804.719  291149           536
           -3804.719  809240           543
           -3804.719  15715            274
           -3804.719  545140           278
           -3804.719  22089            143
           -3804.719  92564            583
           -3804.719  507218           613
           -3804.719  805935           615
           -3804.719  377584           630
           -3804.719  821011           161
           -3804.719  514326           325
           -3804.719  215353           164
           -3804.719  263268           165
           -3804.719  307843           664
           -3804.719  545108           667
           -3804.719  669634           335
           -3804.719  404426           344
           -3804.719  534193           689
           -3804.719  686384           690
           -3804.719  531546           702
           -3804.719  21132            351
           -3804.719  476498           179
           -3804.719  441191           361
           -3804.719  699834           723
           -3804.719  502495           724
           -3804.719  177936           726
           -3804.719  878749           728
           -3804.719  478341           731
           -3804.719  308582           752
           -3804.719  137305           379
           -3804.719  860029           760
           -3804.719  551340           766
           -3804.719  210870           383
           -3804.719  721392           768
           -3804.719  1548             384
           -3804.719  312587           775
           -3804.719  921023           782
           -3804.719  138695           783
           -3804.719  58507            793
           -3804.719  7886             804
           -3804.719  605565           404
           -3804.719  926797           406
           -3804.719  49910            829
           -3804.719  637095           207
           -3804.719  665121           417
           -3804.719  25127            107
           -3804.719  853195           431
           -3804.719  496762           870
           -3804.719  462662           872
           -3804.719  66276            217
           -3804.719  631413           439
           -3804.719  857122           889
           -3804.719  737601           891
           -3804.719  137888           901
           -3804.719  898745           466
           -3804.719  288738           940
           -3804.719  617243           237
           -3804.719  988761           475
           -3804.719  863691           481
           -3804.719  40327            971
           -3804.719  608460           244
           -3804.719  972430           491
           -3804.719  435506           988
           -3804.719  490123           995

99 perturbed starting value run(s) did not converge or were rejected in the third stage.



THE BEST LOGLIKELIHOOD VALUE HAS BEEN REPLICATED.  RERUN WITH AT LEAST TWICE THE
RANDOM STARTS TO CHECK THAT THE BEST LOGLIKELIHOOD IS STILL OBTAINED AND REPLICATED.


THE MODEL ESTIMATION TERMINATED NORMALLY



MODEL FIT INFORMATION

Number of Free Parameters                        9

Loglikelihood

          H0 Value                       -3804.719
          H0 Scaling Correction Factor      1.2423
            for MLR

Information Criteria

          Akaike (AIC)                    7627.439
          Bayesian (BIC)                  7662.636
          Sample-Size Adjusted BIC        7634.082
            (n* = (n + 2) / 24)



FINAL CLASS COUNTS AND PROPORTIONS FOR THE LATENT CLASSES
BASED ON THE ESTIMATED MODEL

    Latent
   Classes

       1        144.77702          0.39235
       2        224.22298          0.60765


FINAL CLASS COUNTS AND PROPORTIONS FOR THE LATENT CLASSES
BASED ON ESTIMATED POSTERIOR PROBABILITIES

    Latent
   Classes

       1        144.77702          0.39235
       2        224.22298          0.60765


FINAL CLASS COUNTS AND PROPORTIONS FOR THE LATENT CLASSES
BASED ON THEIR MOST LIKELY LATENT CLASS MEMBERSHIP

Class Counts and Proportions

    Latent
   Classes

       1              143          0.38753
       2              226          0.61247


CLASSIFICATION QUALITY

     Entropy                         0.687


Average Latent Class Probabilities for Most Likely Latent Class Membership (Row)
by Latent Class (Column)

           1        2

    1   0.884    0.116
    2   0.081    0.919


Classification Probabilities for the Most Likely Latent Class Membership (Column)
by Latent Class (Row)

           1        2

    1   0.873    0.127
    2   0.074    0.926


Logits for the Classification Probabilities for the Most Likely Latent Class Membership (Column)
by Latent Class (Row)

              1        2

    1      1.927    0.000
    2     -2.525    0.000


MODEL RESULTS

                                                    Two-Tailed
                    Estimate       S.E.  Est./S.E.    P-Value

Latent Class 1

 I        |
    SOFAS_0            1.000      0.000    999.000    999.000
    SOFAS_12           1.000      0.000    999.000    999.000
    SOFAS_24           1.000      0.000    999.000    999.000

 S        |
    SOFAS_0            0.000      0.000    999.000    999.000
    SOFAS_12          12.000      0.000    999.000    999.000
    SOFAS_24          24.000      0.000    999.000    999.000

 Q        |
    SOFAS_0            0.000      0.000    999.000    999.000
    SOFAS_12         144.000      0.000    999.000    999.000
    SOFAS_24         576.000      0.000    999.000    999.000

 Means
    I                 34.876      1.425     24.479      0.000
    S                  1.442      0.243      5.924      0.000
    Q                 -0.038      0.010     -3.680      0.000

 Intercepts
    SOFAS_0            0.000      0.000    999.000    999.000
    SOFAS_12           0.000      0.000    999.000    999.000
    SOFAS_24           0.000      0.000    999.000    999.000

 Variances
    I                  0.000      0.000    999.000    999.000
    S                  0.000      0.000    999.000    999.000
    Q                  0.000      0.000    999.000    999.000

 Residual Variances
    SOFAS_0          120.704     24.411      4.945      0.000
    SOFAS_12         120.704     24.411      4.945      0.000
    SOFAS_24         120.704     24.411      4.945      0.000

Latent Class 2

 I        |
    SOFAS_0            1.000      0.000    999.000    999.000
    SOFAS_12           1.000      0.000    999.000    999.000
    SOFAS_24           1.000      0.000    999.000    999.000

 S        |
    SOFAS_0            0.000      0.000    999.000    999.000
    SOFAS_12          12.000      0.000    999.000    999.000
    SOFAS_24          24.000      0.000    999.000    999.000

 Q        |
    SOFAS_0            0.000      0.000    999.000    999.000
    SOFAS_12         144.000      0.000    999.000    999.000
    SOFAS_24         576.000      0.000    999.000    999.000

 Means
    I                 44.171      0.970     45.533      0.000
    S                  3.231      0.226     14.301      0.000
    Q                 -0.082      0.008    -10.459      0.000

 Intercepts
    SOFAS_0            0.000      0.000    999.000    999.000
    SOFAS_12           0.000      0.000    999.000    999.000
    SOFAS_24           0.000      0.000    999.000    999.000

 Variances
    I                  0.000      0.000    999.000    999.000
    S                  0.000      0.000    999.000    999.000
    Q                  0.000      0.000    999.000    999.000

 Residual Variances
    SOFAS_0          161.414     15.474     10.431      0.000
    SOFAS_12         161.414     15.474     10.431      0.000
    SOFAS_24         161.414     15.474     10.431      0.000

Categorical Latent Variables

 Means
    C#1               -0.437      0.272     -1.608      0.108


QUALITY OF NUMERICAL RESULTS

     Condition Number for the Information Matrix              0.406E-04
       (ratio of smallest to largest eigenvalue)


STANDARDIZED MODEL RESULTS


STDYX Standardization

                                                    Two-Tailed
                    Estimate       S.E.  Est./S.E.    P-Value

Latent Class 1

 I        |
    SOFAS_0          999.000    999.000    999.000    999.000
    SOFAS_12         999.000    999.000    999.000    999.000
    SOFAS_24         999.000    999.000    999.000    999.000

 S        |
    SOFAS_0          999.000    999.000    999.000    999.000
    SOFAS_12         999.000    999.000    999.000    999.000
    SOFAS_24         999.000    999.000    999.000    999.000

 Q        |
    SOFAS_0          999.000    999.000    999.000    999.000
    SOFAS_12         999.000    999.000    999.000    999.000
    SOFAS_24         999.000    999.000    999.000    999.000

 Means
    I                999.000    999.000    999.000    999.000
    S                999.000    999.000    999.000    999.000
    Q                999.000    999.000    999.000    999.000

 Intercepts
    SOFAS_0            0.000      0.000    999.000    999.000
    SOFAS_12           0.000      0.000    999.000    999.000
    SOFAS_24           0.000      0.000    999.000    999.000

 Variances
    I                999.000    999.000    999.000    999.000
    S                999.000    999.000    999.000    999.000
    Q                999.000    999.000    999.000    999.000

 Residual Variances
    SOFAS_0            1.000      0.000    999.000    999.000
    SOFAS_12           1.000      0.000    999.000    999.000
    SOFAS_24           1.000      0.000    999.000    999.000

Latent Class 2

 I        |
    SOFAS_0          999.000    999.000    999.000    999.000
    SOFAS_12         999.000    999.000    999.000    999.000
    SOFAS_24         999.000    999.000    999.000    999.000

 S        |
    SOFAS_0          999.000    999.000    999.000    999.000
    SOFAS_12         999.000    999.000    999.000    999.000
    SOFAS_24         999.000    999.000    999.000    999.000

 Q        |
    SOFAS_0          999.000    999.000    999.000    999.000
    SOFAS_12         999.000    999.000    999.000    999.000
    SOFAS_24         999.000    999.000    999.000    999.000

 Means
    I                999.000    999.000    999.000    999.000
    S                999.000    999.000    999.000    999.000
    Q                999.000    999.000    999.000    999.000

 Intercepts
    SOFAS_0            0.000      0.000    999.000    999.000
    SOFAS_12           0.000      0.000    999.000    999.000
    SOFAS_24           0.000      0.000    999.000    999.000

 Variances
    I                999.000    999.000    999.000    999.000
    S                999.000    999.000    999.000    999.000
    Q                999.000    999.000    999.000    999.000

 Residual Variances
    SOFAS_0            1.000      0.000    999.000    999.000
    SOFAS_12           1.000      0.000    999.000    999.000
    SOFAS_24           1.000      0.000    999.000    999.000


STDY Standardization

                                                    Two-Tailed
                    Estimate       S.E.  Est./S.E.    P-Value

Latent Class 1

 I        |
    SOFAS_0          999.000    999.000    999.000    999.000
    SOFAS_12         999.000    999.000    999.000    999.000
    SOFAS_24         999.000    999.000    999.000    999.000

 S        |
    SOFAS_0          999.000    999.000    999.000    999.000
    SOFAS_12         999.000    999.000    999.000    999.000
    SOFAS_24         999.000    999.000    999.000    999.000

 Q        |
    SOFAS_0          999.000    999.000    999.000    999.000
    SOFAS_12         999.000    999.000    999.000    999.000
    SOFAS_24         999.000    999.000    999.000    999.000

 Means
    I                999.000    999.000    999.000    999.000
    S                999.000    999.000    999.000    999.000
    Q                999.000    999.000    999.000    999.000

 Intercepts
    SOFAS_0            0.000      0.000    999.000    999.000
    SOFAS_12           0.000      0.000    999.000    999.000
    SOFAS_24           0.000      0.000    999.000    999.000

 Variances
    I                999.000    999.000    999.000    999.000
    S                999.000    999.000    999.000    999.000
    Q                999.000    999.000    999.000    999.000

 Residual Variances
    SOFAS_0            1.000      0.000    999.000    999.000
    SOFAS_12           1.000      0.000    999.000    999.000
    SOFAS_24           1.000      0.000    999.000    999.000

Latent Class 2

 I        |
    SOFAS_0          999.000    999.000    999.000    999.000
    SOFAS_12         999.000    999.000    999.000    999.000
    SOFAS_24         999.000    999.000    999.000    999.000

 S        |
    SOFAS_0          999.000    999.000    999.000    999.000
    SOFAS_12         999.000    999.000    999.000    999.000
    SOFAS_24         999.000    999.000    999.000    999.000

 Q        |
    SOFAS_0          999.000    999.000    999.000    999.000
    SOFAS_12         999.000    999.000    999.000    999.000
    SOFAS_24         999.000    999.000    999.000    999.000

 Means
    I                999.000    999.000    999.000    999.000
    S                999.000    999.000    999.000    999.000
    Q                999.000    999.000    999.000    999.000

 Intercepts
    SOFAS_0            0.000      0.000    999.000    999.000
    SOFAS_12           0.000      0.000    999.000    999.000
    SOFAS_24           0.000      0.000    999.000    999.000

 Variances
    I                999.000    999.000    999.000    999.000
    S                999.000    999.000    999.000    999.000
    Q                999.000    999.000    999.000    999.000

 Residual Variances
    SOFAS_0            1.000      0.000    999.000    999.000
    SOFAS_12           1.000      0.000    999.000    999.000
    SOFAS_24           1.000      0.000    999.000    999.000


STD Standardization

                                                    Two-Tailed
                    Estimate       S.E.  Est./S.E.    P-Value

Latent Class 1

 I        |
    SOFAS_0          999.000    999.000    999.000    999.000
    SOFAS_12         999.000    999.000    999.000    999.000
    SOFAS_24         999.000    999.000    999.000    999.000

 S        |
    SOFAS_0          999.000    999.000    999.000    999.000
    SOFAS_12         999.000    999.000    999.000    999.000
    SOFAS_24         999.000    999.000    999.000    999.000

 Q        |
    SOFAS_0          999.000    999.000    999.000    999.000
    SOFAS_12         999.000    999.000    999.000    999.000
    SOFAS_24         999.000    999.000    999.000    999.000

 Means
    I                999.000    999.000    999.000    999.000
    S                999.000    999.000    999.000    999.000
    Q                999.000    999.000    999.000    999.000

 Intercepts
    SOFAS_0            0.000      0.000    999.000    999.000
    SOFAS_12           0.000      0.000    999.000    999.000
    SOFAS_24           0.000      0.000    999.000    999.000

 Variances
    I                999.000    999.000    999.000    999.000
    S                999.000    999.000    999.000    999.000
    Q                999.000    999.000    999.000    999.000

 Residual Variances
    SOFAS_0          120.704     24.411      4.945      0.000
    SOFAS_12         120.704     24.411      4.945      0.000
    SOFAS_24         120.704     24.411      4.945      0.000

Latent Class 2

 I        |
    SOFAS_0          999.000    999.000    999.000    999.000
    SOFAS_12         999.000    999.000    999.000    999.000
    SOFAS_24         999.000    999.000    999.000    999.000

 S        |
    SOFAS_0          999.000    999.000    999.000    999.000
    SOFAS_12         999.000    999.000    999.000    999.000
    SOFAS_24         999.000    999.000    999.000    999.000

 Q        |
    SOFAS_0          999.000    999.000    999.000    999.000
    SOFAS_12         999.000    999.000    999.000    999.000
    SOFAS_24         999.000    999.000    999.000    999.000

 Means
    I                999.000    999.000    999.000    999.000
    S                999.000    999.000    999.000    999.000
    Q                999.000    999.000    999.000    999.000

 Intercepts
    SOFAS_0            0.000      0.000    999.000    999.000
    SOFAS_12           0.000      0.000    999.000    999.000
    SOFAS_24           0.000      0.000    999.000    999.000

 Variances
    I                999.000    999.000    999.000    999.000
    S                999.000    999.000    999.000    999.000
    Q                999.000    999.000    999.000    999.000

 Residual Variances
    SOFAS_0          161.414     15.474     10.431      0.000
    SOFAS_12         161.414     15.474     10.431      0.000
    SOFAS_24         161.414     15.474     10.431      0.000


R-SQUARE

Class 1

    Observed                                        Two-Tailed
    Variable        Estimate       S.E.  Est./S.E.    P-Value

    SOFAS_0            0.000      0.000    999.000    999.000
    SOFAS_12           0.000      0.000    999.000    999.000
    SOFAS_24           0.000      0.000    999.000    999.000

Class 2

    Observed                                        Two-Tailed
    Variable        Estimate       S.E.  Est./S.E.    P-Value

    SOFAS_0            0.000      0.000    999.000    999.000
    SOFAS_12           0.000      0.000    999.000    999.000
    SOFAS_24           0.000      0.000    999.000    999.000


TECHNICAL 1 OUTPUT


     PARAMETER SPECIFICATION FOR LATENT CLASS 1


           NU
              SOFAS_0       SOFAS_12      SOFAS_24
              ________      ________      ________
                    0             0             0


           LAMBDA
              I             S             Q
              ________      ________      ________
 SOFAS_0            0             0             0
 SOFAS_12           0             0             0
 SOFAS_24           0             0             0


           THETA
              SOFAS_0       SOFAS_12      SOFAS_24
              ________      ________      ________
 SOFAS_0            1
 SOFAS_12           0             1
 SOFAS_24           0             0             1


           ALPHA
              I             S             Q
              ________      ________      ________
                    2             3             4


           BETA
              I             S             Q
              ________      ________      ________
 I                  0             0             0
 S                  0             0             0
 Q                  0             0             0


           PSI
              I             S             Q
              ________      ________      ________
 I                  0
 S                  0             0
 Q                  0             0             0


     PARAMETER SPECIFICATION FOR LATENT CLASS 2


           NU
              SOFAS_0       SOFAS_12      SOFAS_24
              ________      ________      ________
                    0             0             0


           LAMBDA
              I             S             Q
              ________      ________      ________
 SOFAS_0            0             0             0
 SOFAS_12           0             0             0
 SOFAS_24           0             0             0


           THETA
              SOFAS_0       SOFAS_12      SOFAS_24
              ________      ________      ________
 SOFAS_0            5
 SOFAS_12           0             5
 SOFAS_24           0             0             5


           ALPHA
              I             S             Q
              ________      ________      ________
                    6             7             8


           BETA
              I             S             Q
              ________      ________      ________
 I                  0             0             0
 S                  0             0             0
 Q                  0             0             0


           PSI
              I             S             Q
              ________      ________      ________
 I                  0
 S                  0             0
 Q                  0             0             0


     PARAMETER SPECIFICATION FOR LATENT CLASS REGRESSION MODEL PART


           ALPHA(C)
              C#1           C#2
              ________      ________
                    9             0


     STARTING VALUES FOR LATENT CLASS 1


           NU
              SOFAS_0       SOFAS_12      SOFAS_24
              ________      ________      ________
                0.000         0.000         0.000


           LAMBDA
              I             S             Q
              ________      ________      ________
 SOFAS_0        1.000         0.000         0.000
 SOFAS_12       1.000        12.000       144.000
 SOFAS_24       1.000        24.000       576.000


           THETA
              SOFAS_0       SOFAS_12      SOFAS_24
              ________      ________      ________
 SOFAS_0       82.194
 SOFAS_12       0.000       142.438
 SOFAS_24       0.000         0.000       164.325


           ALPHA
              I             S             Q
              ________      ________      ________
               39.887         2.474        -0.063


           BETA
              I             S             Q
              ________      ________      ________
 I              0.000         0.000         0.000
 S              0.000         0.000         0.000
 Q              0.000         0.000         0.000


           PSI
              I             S             Q
              ________      ________      ________
 I              0.000
 S              0.000         0.000
 Q              0.000         0.000         0.000


     STARTING VALUES FOR LATENT CLASS 2


           NU
              SOFAS_0       SOFAS_12      SOFAS_24
              ________      ________      ________
                0.000         0.000         0.000


           LAMBDA
              I             S             Q
              ________      ________      ________
 SOFAS_0        1.000         0.000         0.000
 SOFAS_12       1.000        12.000       144.000
 SOFAS_24       1.000        24.000       576.000


           THETA
              SOFAS_0       SOFAS_12      SOFAS_24
              ________      ________      ________
 SOFAS_0       82.194
 SOFAS_12       0.000       142.438
 SOFAS_24       0.000         0.000       164.325


           ALPHA
              I             S             Q
              ________      ________      ________
               39.887         2.474        -0.063


           BETA
              I             S             Q
              ________      ________      ________
 I              0.000         0.000         0.000
 S              0.000         0.000         0.000
 Q              0.000         0.000         0.000


           PSI
              I             S             Q
              ________      ________      ________
 I              0.000
 S              0.000         0.000
 Q              0.000         0.000         0.000


     STARTING VALUES FOR LATENT CLASS REGRESSION MODEL PART


           ALPHA(C)
              C#1           C#2
              ________      ________
                0.000         0.000


TECHNICAL 11 OUTPUT

     Random Starts Specifications for the k-1 Class Analysis Model
        Number of initial stage random starts                 500
        Number of final stage optimizations                   125



     VUONG-LO-MENDELL-RUBIN LIKELIHOOD RATIO TEST FOR 1 (H0) VERSUS 2 CLASSES

          H0 Loglikelihood Value                        -3894.039
          2 Times the Loglikelihood Difference            178.639
          Difference in the Number of Parameters                5
          Mean                                             14.045
          Standard Deviation                               15.391
          P-Value                                          0.0000

     LO-MENDELL-RUBIN ADJUSTED LRT TEST

          Value                                           172.793
          P-Value                                          0.0000


SAMPLE STATISTICS FOR ESTIMATED FACTOR SCORES


     SAMPLE STATISTICS


           Means
              I             S             Q             C_I           C_S
              ________      ________      ________      ________      ________
               40.524         2.529        -0.064        40.569         2.538


           Means
              C_Q
              ________
               -0.065


           Covariances
              I             S             Q             C_I           C_S
              ________      ________      ________      ________      ________
 I             14.804
 S              2.849         0.548
 Q             -0.070        -0.013         0.000
 C_I           16.454         3.166        -0.078        20.507
 C_S            3.166         0.609        -0.015         3.946         0.759
 C_Q           -0.078        -0.015         0.000        -0.097        -0.019


           Covariances
              C_Q
              ________
 C_Q            0.000


           Correlations
              I             S             Q             C_I           C_S
              ________      ________      ________      ________      ________
 I              1.000
 S              1.000         1.000
 Q             -1.000        -1.000         1.000
 C_I            0.944         0.944        -0.944         1.000
 C_S            0.944         0.944        -0.944         1.000         1.000
 C_Q           -0.944        -0.944         0.944        -1.000        -1.000


           Correlations
              C_Q
              ________
 C_Q            1.000


PLOT INFORMATION

The following plots are available:

  Histograms (sample values, estimated factor scores, estimated values, residuals)
  Scatterplots (sample values, estimated factor scores, estimated values, residuals)
  Sample means
  Estimated means, medians, modes, and percentiles
  Sample and estimated means
  Latent variable distribution plots
  Observed individual values
  Estimated individual values
  Estimated means and observed individual values
  Estimated means and estimated individual values
  Estimated overall and class-specific distributions

SAVEDATA INFORMATION


  Save file
    K2_S1000_res.dat

  Order and format of variables

    SOFAS_0        F10.3
    SOFAS_12       F10.3
    SOFAS_24       F10.3
    I              F10.3
    S              F10.3
    Q              F10.3
    C_I            F10.3
    C_S            F10.3
    C_Q            F10.3
    CPROB1         F10.3
    CPROB2         F10.3
    C              F10.3
    PIN            I4

  Save file format
    12F10.3 I4

  Save file record length    10000

  Save missing symbol        *


     Beginning Time:  12:54:24
        Ending Time:  12:54:26
       Elapsed Time:  00:00:02



MUTHEN & MUTHEN
3463 Stoner Ave.
Los Angeles, CA  90066

Tel: (310) 391-9971
Fax: (310) 391-8971
Web: www.StatModel.com
Support: Support@StatModel.com

Copyright (c) 1998-2021 Muthen & Muthen
