Mplus VERSION 8.6 (Mac)
MUTHEN & MUTHEN
02/09/2023   3:00 PM

INPUT INSTRUCTIONS

  TITLE:
  GBTM_P2_K2_S1000;
   - TVCreg_CDS;
  DATA:
  FILE = "/Users/olivierpercie/Desktop/MplusLGM/SOFAS/Results/TVCreg/CDS_TVCreg.dat";

  VARIABLE:
  NAMES = PIN SOFAS_0 SOFAS_12 SOFAS_24 I S Q C_I C_S C_Q CPROB1 CPROB2 N CDS_0 CDS_12
       CDS_24;
   MISSING=.;
   USEVAR = CDS_0 CDS_12 CDS_24 SOFAS_0 SOFAS_12 SOFAS_24 N;
   NOMINAL = N;
   CLASSES = c(2);

  ANALYSIS:
  TYPE = MIXTURE;
  STARTS = 0;
  PROCESSORS = 8;
  MODEL:
  %OVERALL%
  SOFAS_0 ON CDS_0;
  SOFAS_12 ON CDS_12;
  SOFAS_24 ON CDS_24;
  CDS_0 CDS_12 CDS_24;
  %C#1%
  [N#1@2.378];
  SOFAS_0 ON CDS_0;
  SOFAS_12 ON CDS_12;
  SOFAS_24 ON CDS_24;
  CDS_0 CDS_12 CDS_24;
  %C#2%
  [N#1@-1.949];
  SOFAS_0 ON CDS_0;
  SOFAS_12 ON CDS_12;
  SOFAS_24 ON CDS_24;
  CDS_0 CDS_12 CDS_24;
  OUTPUT:
  SAMPSTAT;
  STANDARDIZED;
  CINTERVAL;



INPUT READING TERMINATED NORMALLY




GBTM_P2_K2_S1000;
- TVCreg_CDS;

SUMMARY OF ANALYSIS

Number of groups                                                 1
Number of observations                                         369

Number of dependent variables                                    4
Number of independent variables                                  3
Number of continuous latent variables                            0
Number of categorical latent variables                           1

Observed dependent variables

  Continuous
   SOFAS_0     SOFAS_12    SOFAS_24

  Unordered categorical (nominal)
   N

Observed independent variables
   CDS_0       CDS_12      CDS_24

Categorical latent variables
   C


Estimator                                                      MLR
Information matrix                                        OBSERVED
Optimization Specifications for the Quasi-Newton Algorithm for
Continuous Outcomes
  Maximum number of iterations                                 100
  Convergence criterion                                  0.100D-05
Optimization Specifications for the EM Algorithm
  Maximum number of iterations                                 500
  Convergence criteria
    Loglikelihood change                                 0.100D-06
    Relative loglikelihood change                        0.100D-06
    Derivative                                           0.100D-05
Optimization Specifications for the M step of the EM Algorithm for
Categorical Latent variables
  Number of M step iterations                                    1
  M step convergence criterion                           0.100D-05
  Basis for M step termination                           ITERATION
Optimization Specifications for the M step of the EM Algorithm for
Censored, Binary or Ordered Categorical (Ordinal), Unordered
Categorical (Nominal) and Count Outcomes
  Number of M step iterations                                    1
  M step convergence criterion                           0.100D-05
  Basis for M step termination                           ITERATION
  Maximum value for logit thresholds                            15
  Minimum value for logit thresholds                           -15
  Minimum expected cell size for chi-square              0.100D-01
Maximum number of iterations for H1                           2000
Convergence criterion for H1                             0.100D-03
Optimization algorithm                                         EMA

Input data file(s)
  /Users/olivierpercie/Desktop/MplusLGM/SOFAS/Results/TVCreg/CDS_TVCreg.dat
Input data format  FREE


SUMMARY OF DATA

     Number of missing data patterns            18
     Number of y missing data patterns          18
     Number of u missing data patterns           0


COVARIANCE COVERAGE OF DATA

Minimum covariance coverage value   0.100


     PROPORTION OF DATA PRESENT FOR Y


           Covariance Coverage
              SOFAS_0       SOFAS_12      SOFAS_24      CDS_0         CDS_12
              ________      ________      ________      ________      ________
 SOFAS_0        0.978
 SOFAS_12       0.889         0.911
 SOFAS_24       0.615         0.547         0.637
 CDS_0          0.935         0.867         0.596         0.951
 CDS_12         0.829         0.799         0.572         0.810         0.851
 CDS_24         0.626         0.564         0.556         0.607         0.585


           Covariance Coverage
              CDS_24
              ________
 CDS_24         0.648


UNIVARIATE PROPORTIONS AND COUNTS FOR CATEGORICAL VARIABLES

    N
      Category 1    0.564          208.000
      Category 2    0.436          161.000


SAMPLE STATISTICS


     ESTIMATED SAMPLE STATISTICS


           Means
              SOFAS_0       SOFAS_12      SOFAS_24      CDS_0         CDS_12
              ________      ________      ________      ________      ________
               40.507        61.787        64.084         5.264         1.666


           Means
              CDS_24
              ________
                1.165


           Covariances
              SOFAS_0       SOFAS_12      SOFAS_24      CDS_0         CDS_12
              ________      ________      ________      ________      ________
 SOFAS_0      164.189
 SOFAS_12      61.751       286.081
 SOFAS_24      49.934       180.568       323.078
 CDS_0         -0.321         5.330         4.628        23.113
 CDS_12        -2.723       -14.114        -8.932         3.174         8.838
 CDS_24        -0.257        -8.232       -14.474         1.442         2.321


           Covariances
              CDS_24
              ________
 CDS_24         4.812


           Correlations
              SOFAS_0       SOFAS_12      SOFAS_24      CDS_0         CDS_12
              ________      ________      ________      ________      ________
 SOFAS_0        1.000
 SOFAS_12       0.285         1.000
 SOFAS_24       0.217         0.594         1.000
 CDS_0         -0.005         0.066         0.054         1.000
 CDS_12        -0.071        -0.281        -0.167         0.222         1.000
 CDS_24        -0.009        -0.222        -0.367         0.137         0.356


           Correlations
              CDS_24
              ________
 CDS_24         1.000


     MAXIMUM LOG-LIKELIHOOD VALUE FOR THE UNRESTRICTED (H1) MODEL IS -6124.310


UNIVARIATE SAMPLE STATISTICS


     UNIVARIATE HIGHER-ORDER MOMENT DESCRIPTIVE STATISTICS

         Variable/         Mean/     Skewness/   Minimum/ % with                Percentiles
        Sample Size      Variance    Kurtosis    Maximum  Min/Max      20%/60%    40%/80%    Median

     SOFAS_0              40.526       0.659      15.000    0.28%      30.000     35.000     40.000
             361.000     164.388       0.129      85.000    0.28%      41.000     51.000
     SOFAS_12             61.652      -0.130      22.000    0.30%      45.000     55.000     61.000
             336.000     284.876      -0.861      95.000    0.30%      68.000     80.000
     SOFAS_24             63.472      -0.261       5.000    0.43%      49.000     60.000     65.000
             235.000     328.649      -0.615     100.000    0.85%      70.000     80.000
     CDS_0                 5.265       0.928       0.000   18.23%       1.000      3.000      4.000
             351.000      23.129       0.227      22.000    0.28%       5.000      9.000
     CDS_12                1.666       2.410       0.000   57.32%       0.000      0.000      0.000
             314.000       8.834       5.808      15.000    0.64%       1.000      3.000
     CDS_24                1.100       3.155       0.000   63.18%       0.000      0.000      0.000
             239.000       4.710      13.800      17.000    0.42%       0.000      2.000


THE MODEL ESTIMATION TERMINATED NORMALLY



MODEL FIT INFORMATION

Number of Free Parameters                       34

Loglikelihood

          H0 Value                       -6044.831
          H0 Scaling Correction Factor      1.2463
            for MLR

Information Criteria

          Akaike (AIC)                   12157.662
          Bayesian (BIC)                 12290.629
          Sample-Size Adjusted BIC       12182.759
            (n* = (n + 2) / 24)



FINAL CLASS COUNTS AND PROPORTIONS FOR THE LATENT CLASSES
BASED ON THE ESTIMATED MODEL

    Latent
   Classes

       1        199.70717          0.54121
       2        169.29283          0.45879


FINAL CLASS COUNTS AND PROPORTIONS FOR THE LATENT CLASSES
BASED ON ESTIMATED POSTERIOR PROBABILITIES

    Latent
   Classes

       1        199.70717          0.54121
       2        169.29283          0.45879


FINAL CLASS COUNTS AND PROPORTIONS FOR THE LATENT CLASSES
BASED ON THEIR MOST LIKELY LATENT CLASS MEMBERSHIP

Class Counts and Proportions

    Latent
   Classes

       1              195          0.52846
       2              174          0.47154


CLASSIFICATION QUALITY

     Entropy                         0.864


Average Latent Class Probabilities for Most Likely Latent Class Membership (Row)
by Latent Class (Column)

           1        2

    1   0.979    0.021
    2   0.051    0.949


Classification Probabilities for the Most Likely Latent Class Membership (Column)
by Latent Class (Row)

           1        2

    1   0.956    0.044
    2   0.024    0.976


Logits for the Classification Probabilities for the Most Likely Latent Class Membership (Column)
by Latent Class (Row)

              1        2

    1      3.075    0.000
    2     -3.694    0.000


MODEL RESULTS

                                                    Two-Tailed
                    Estimate       S.E.  Est./S.E.    P-Value

Latent Class 1

 SOFAS_0    ON
    CDS_0             -0.104      0.201     -0.518      0.605

 SOFAS_12   ON
    CDS_12            -1.138      0.912     -1.248      0.212

 SOFAS_24   ON
    CDS_24            -3.690      1.859     -1.984      0.047

 SOFAS_12 WITH
    SOFAS_0           16.191      8.844      1.831      0.067

 SOFAS_24 WITH
    SOFAS_0            9.186     13.662      0.672      0.501
    SOFAS_12          31.077     11.857      2.621      0.009

 CDS_12   WITH
    CDS_0              1.564      0.510      3.065      0.002

 CDS_24   WITH
    CDS_0              0.402      0.277      1.450      0.147
    CDS_12             0.093      0.062      1.503      0.133

 Means
    CDS_0              5.323      0.381     13.954      0.000
    CDS_12             0.589      0.093      6.315      0.000
    CDS_24             0.334      0.065      5.116      0.000

 Means
    N#1                2.378      0.000    999.000    999.000

 Intercepts
    SOFAS_0           44.584      1.489     29.950      0.000
    SOFAS_12          73.371      1.165     63.002      0.000
    SOFAS_24          77.571      1.361     56.980      0.000

 Variances
    CDS_0             26.101      3.000      8.701      0.000
    CDS_12             1.107      0.208      5.333      0.000
    CDS_24             0.430      0.095      4.545      0.000

 Residual Variances
    SOFAS_0          149.594     11.841     12.633      0.000
    SOFAS_12         143.251     12.882     11.120      0.000
    SOFAS_24         146.980     18.153      8.097      0.000

Latent Class 2

 SOFAS_0    ON
    CDS_0              0.020      0.195      0.100      0.920

 SOFAS_12   ON
    CDS_12            -0.081      0.281     -0.288      0.773

 SOFAS_24   ON
    CDS_24            -0.940      0.401     -2.346      0.019

 SOFAS_12 WITH
    SOFAS_0           16.191      8.844      1.831      0.067

 SOFAS_24 WITH
    SOFAS_0            9.186     13.662      0.672      0.501
    SOFAS_12          31.077     11.857      2.621      0.009

 CDS_12   WITH
    CDS_0              1.564      0.510      3.065      0.002

 CDS_24   WITH
    CDS_0              0.402      0.277      1.450      0.147
    CDS_12             0.093      0.062      1.503      0.133

 Means
    CDS_0              5.222      0.396     13.193      0.000
    CDS_12             2.947      0.341      8.641      0.000
    CDS_24             2.021      0.286      7.064      0.000

 Means
    N#1               -1.949      0.000    999.000    999.000

 Intercepts
    SOFAS_0           36.272      1.450     25.017      0.000
    SOFAS_12          48.975      1.381     35.474      0.000
    SOFAS_24          51.582      1.510     34.154      0.000

 Variances
    CDS_0             19.843      2.791      7.110      0.000
    CDS_12            14.539      2.170      6.701      0.000
    CDS_24             8.208      2.248      3.652      0.000

 Residual Variances
    SOFAS_0          149.594     11.841     12.633      0.000
    SOFAS_12         143.251     12.882     11.120      0.000
    SOFAS_24         146.980     18.153      8.097      0.000

Categorical Latent Variables

 Means
    C#1                0.165      0.113      1.458      0.145


QUALITY OF NUMERICAL RESULTS

     Condition Number for the Information Matrix              0.979E-04
       (ratio of smallest to largest eigenvalue)


STANDARDIZED MODEL RESULTS


STDYX Standardization

                                                    Two-Tailed
                    Estimate       S.E.  Est./S.E.    P-Value

Latent Class 1

 SOFAS_0    ON
    CDS_0             -0.043      0.083     -0.523      0.601

 SOFAS_12   ON
    CDS_12            -0.100      0.081     -1.231      0.218

 SOFAS_24   ON
    CDS_24            -0.196      0.092     -2.138      0.033

 SOFAS_12 WITH
    SOFAS_0            0.111      0.058      1.905      0.057

 SOFAS_24 WITH
    SOFAS_0            0.062      0.092      0.671      0.502
    SOFAS_12           0.214      0.075      2.860      0.004

 CDS_12   WITH
    CDS_0              0.291      0.077      3.798      0.000

 CDS_24   WITH
    CDS_0              0.120      0.082      1.457      0.145
    CDS_12             0.134      0.088      1.521      0.128

 Means
    CDS_0              1.042      0.057     18.407      0.000
    CDS_12             0.560      0.048     11.738      0.000
    CDS_24             0.509      0.054      9.389      0.000

 Intercepts
    SOFAS_0            3.642      0.161     22.597      0.000
    SOFAS_12           6.100      0.307     19.842      0.000
    SOFAS_24           6.275      0.415     15.121      0.000

 Variances
    CDS_0              1.000      0.000    999.000    999.000
    CDS_12             1.000      0.000    999.000    999.000
    CDS_24             1.000      0.000    999.000    999.000

 Residual Variances
    SOFAS_0            0.998      0.007    138.014      0.000
    SOFAS_12           0.990      0.016     61.542      0.000
    SOFAS_24           0.962      0.036     26.846      0.000

Latent Class 2

 SOFAS_0    ON
    CDS_0              0.007      0.071      0.100      0.920

 SOFAS_12   ON
    CDS_12            -0.026      0.089     -0.289      0.773

 SOFAS_24   ON
    CDS_24            -0.217      0.106     -2.046      0.041

 SOFAS_12 WITH
    SOFAS_0            0.111      0.058      1.905      0.057

 SOFAS_24 WITH
    SOFAS_0            0.062      0.092      0.671      0.502
    SOFAS_12           0.214      0.075      2.860      0.004

 CDS_12   WITH
    CDS_0              0.092      0.033      2.768      0.006

 CDS_24   WITH
    CDS_0              0.032      0.023      1.375      0.169
    CDS_12             0.008      0.006      1.440      0.150

 Means
    CDS_0              1.172      0.069     17.077      0.000
    CDS_12             0.773      0.055     14.011      0.000
    CDS_24             0.705      0.073      9.596      0.000

 Intercepts
    SOFAS_0            2.966      0.144     20.663      0.000
    SOFAS_12           4.091      0.185     22.107      0.000
    SOFAS_24           4.153      0.258     16.095      0.000

 Variances
    CDS_0              1.000      0.000    999.000    999.000
    CDS_12             1.000      0.000    999.000    999.000
    CDS_24             1.000      0.000    999.000    999.000

 Residual Variances
    SOFAS_0            1.000      0.001    989.214      0.000
    SOFAS_12           0.999      0.005    217.423      0.000
    SOFAS_24           0.953      0.046     20.722      0.000


STDY Standardization

                                                    Two-Tailed
                    Estimate       S.E.  Est./S.E.    P-Value

Latent Class 1

 SOFAS_0    ON
    CDS_0             -0.043      0.083     -0.523      0.601

 SOFAS_12   ON
    CDS_12            -0.100      0.081     -1.231      0.218

 SOFAS_24   ON
    CDS_24            -0.196      0.092     -2.138      0.033

 SOFAS_12 WITH
    SOFAS_0            0.111      0.058      1.905      0.057

 SOFAS_24 WITH
    SOFAS_0            0.062      0.092      0.671      0.502
    SOFAS_12           0.214      0.075      2.860      0.004

 CDS_12   WITH
    CDS_0              0.291      0.077      3.798      0.000

 CDS_24   WITH
    CDS_0              0.120      0.082      1.457      0.145
    CDS_12             0.134      0.088      1.521      0.128

 Means
    CDS_0              1.042      0.057     18.407      0.000
    CDS_12             0.560      0.048     11.738      0.000
    CDS_24             0.509      0.054      9.389      0.000

 Intercepts
    SOFAS_0            3.642      0.161     22.597      0.000
    SOFAS_12           6.100      0.307     19.842      0.000
    SOFAS_24           6.275      0.415     15.121      0.000

 Variances
    CDS_0              1.000      0.000    999.000    999.000
    CDS_12             1.000      0.000    999.000    999.000
    CDS_24             1.000      0.000    999.000    999.000

 Residual Variances
    SOFAS_0            0.998      0.007    138.014      0.000
    SOFAS_12           0.990      0.016     61.542      0.000
    SOFAS_24           0.962      0.036     26.846      0.000

Latent Class 2

 SOFAS_0    ON
    CDS_0              0.007      0.071      0.100      0.920

 SOFAS_12   ON
    CDS_12            -0.026      0.089     -0.289      0.773

 SOFAS_24   ON
    CDS_24            -0.217      0.106     -2.046      0.041

 SOFAS_12 WITH
    SOFAS_0            0.111      0.058      1.905      0.057

 SOFAS_24 WITH
    SOFAS_0            0.062      0.092      0.671      0.502
    SOFAS_12           0.214      0.075      2.860      0.004

 CDS_12   WITH
    CDS_0              0.092      0.033      2.768      0.006

 CDS_24   WITH
    CDS_0              0.032      0.023      1.375      0.169
    CDS_12             0.008      0.006      1.440      0.150

 Means
    CDS_0              1.172      0.069     17.077      0.000
    CDS_12             0.773      0.055     14.011      0.000
    CDS_24             0.705      0.073      9.596      0.000

 Intercepts
    SOFAS_0            2.966      0.144     20.663      0.000
    SOFAS_12           4.091      0.185     22.107      0.000
    SOFAS_24           4.153      0.258     16.095      0.000

 Variances
    CDS_0              1.000      0.000    999.000    999.000
    CDS_12             1.000      0.000    999.000    999.000
    CDS_24             1.000      0.000    999.000    999.000

 Residual Variances
    SOFAS_0            1.000      0.001    989.214      0.000
    SOFAS_12           0.999      0.005    217.423      0.000
    SOFAS_24           0.953      0.046     20.722      0.000


STD Standardization

                                                    Two-Tailed
                    Estimate       S.E.  Est./S.E.    P-Value

Latent Class 1

 SOFAS_0    ON
    CDS_0             -0.104      0.201     -0.518      0.605

 SOFAS_12   ON
    CDS_12            -1.138      0.912     -1.248      0.212

 SOFAS_24   ON
    CDS_24            -3.690      1.859     -1.984      0.047

 SOFAS_12 WITH
    SOFAS_0           16.191      8.844      1.831      0.067

 SOFAS_24 WITH
    SOFAS_0            9.186     13.662      0.672      0.501
    SOFAS_12          31.077     11.857      2.621      0.009

 CDS_12   WITH
    CDS_0              1.564      0.510      3.065      0.002

 CDS_24   WITH
    CDS_0              0.402      0.277      1.450      0.147
    CDS_12             0.093      0.062      1.503      0.133

 Means
    CDS_0              5.323      0.381     13.954      0.000
    CDS_12             0.589      0.093      6.315      0.000
    CDS_24             0.334      0.065      5.116      0.000

 Intercepts
    SOFAS_0           44.584      1.489     29.950      0.000
    SOFAS_12          73.371      1.165     63.002      0.000
    SOFAS_24          77.571      1.361     56.980      0.000

 Variances
    CDS_0             26.101      3.000      8.701      0.000
    CDS_12             1.107      0.208      5.333      0.000
    CDS_24             0.430      0.095      4.545      0.000

 Residual Variances
    SOFAS_0          149.594     11.841     12.633      0.000
    SOFAS_12         143.251     12.882     11.120      0.000
    SOFAS_24         146.980     18.153      8.097      0.000

Latent Class 2

 SOFAS_0    ON
    CDS_0              0.020      0.195      0.100      0.920

 SOFAS_12   ON
    CDS_12            -0.081      0.281     -0.288      0.773

 SOFAS_24   ON
    CDS_24            -0.940      0.401     -2.346      0.019

 SOFAS_12 WITH
    SOFAS_0           16.191      8.844      1.831      0.067

 SOFAS_24 WITH
    SOFAS_0            9.186     13.662      0.672      0.501
    SOFAS_12          31.077     11.857      2.621      0.009

 CDS_12   WITH
    CDS_0              1.564      0.510      3.065      0.002

 CDS_24   WITH
    CDS_0              0.402      0.277      1.450      0.147
    CDS_12             0.093      0.062      1.503      0.133

 Means
    CDS_0              5.222      0.396     13.193      0.000
    CDS_12             2.947      0.341      8.641      0.000
    CDS_24             2.021      0.286      7.064      0.000

 Intercepts
    SOFAS_0           36.272      1.450     25.017      0.000
    SOFAS_12          48.975      1.381     35.474      0.000
    SOFAS_24          51.582      1.510     34.154      0.000

 Variances
    CDS_0             19.843      2.791      7.110      0.000
    CDS_12            14.539      2.170      6.701      0.000
    CDS_24             8.208      2.248      3.652      0.000

 Residual Variances
    SOFAS_0          149.594     11.841     12.633      0.000
    SOFAS_12         143.251     12.882     11.120      0.000
    SOFAS_24         146.980     18.153      8.097      0.000


R-SQUARE

Class 1

    Observed                                        Two-Tailed
    Variable        Estimate       S.E.  Est./S.E.    P-Value

    SOFAS_0            0.002      0.007      0.261      0.794
    SOFAS_12           0.010      0.016      0.616      0.538
    SOFAS_24           0.038      0.036      1.069      0.285

Class 2

    Observed                                        Two-Tailed
    Variable        Estimate       S.E.  Est./S.E.    P-Value

    SOFAS_0            0.000      0.001      0.050      0.960
    SOFAS_12           0.001      0.005      0.145      0.885
    SOFAS_24           0.047      0.046      1.023      0.306


CONFIDENCE INTERVALS OF MODEL RESULTS

                  Lower .5%  Lower 2.5%    Lower 5%    Estimate    Upper 5%  Upper 2.5%   Upper .5%

Latent Class 1

 SOFAS_0  ON
    CDS_0           -0.622      -0.499      -0.435      -0.104       0.227       0.290       0.414

 SOFAS_12 ON
    CDS_12          -3.487      -2.926      -2.638      -1.138       0.362       0.650       1.211

 SOFAS_24 ON
    CDS_24          -8.479      -7.334      -6.748      -3.690      -0.631      -0.045       1.100

 SOFAS_12 WITH
    SOFAS_0         -6.590      -1.143       1.642      16.191      30.739      33.525      38.971

 SOFAS_24 WITH
    SOFAS_0        -26.006     -17.593     -13.289       9.186      31.660      35.964      44.377
    SOFAS_12         0.535       7.837      11.572      31.077      50.582      54.317      61.618

 CDS_12   WITH
    CDS_0            0.250       0.564       0.725       1.564       2.404       2.564       2.879

 CDS_24   WITH
    CDS_0           -0.312      -0.141      -0.054       0.402       0.859       0.946       1.117
    CDS_12          -0.066      -0.028      -0.009       0.093       0.194       0.214       0.252

 Means
    CDS_0            4.340       4.575       4.695       5.323       5.950       6.070       6.305
    CDS_12           0.349       0.406       0.436       0.589       0.743       0.772       0.829
    CDS_24           0.166       0.206       0.226       0.334       0.441       0.462       0.502

 Means
    N#1              2.378       2.378       2.378       2.378       2.378       2.378       2.378

 Intercepts
    SOFAS_0         40.750      41.667      42.136      44.584      47.033      47.502      48.419
    SOFAS_12        70.371      71.088      71.455      73.371      75.286      75.653      76.370
    SOFAS_24        74.064      74.902      75.331      77.571      79.810      80.239      81.077

 Variances
    CDS_0           18.374      20.222      21.167      26.101      31.036      31.981      33.828
    CDS_12           0.572       0.700       0.765       1.107       1.448       1.513       1.641
    CDS_24           0.186       0.244       0.274       0.430       0.585       0.615       0.673

 Residual Variances
    SOFAS_0        119.093     126.385     130.115     149.594     169.073     172.803     180.095
    SOFAS_12       110.068     118.001     122.059     143.251     164.443     168.501     176.434
    SOFAS_24       100.222     111.401     117.119     146.980     176.842     182.560     193.739

Latent Class 2

 SOFAS_0  ON
    CDS_0           -0.483      -0.363      -0.301       0.020       0.341       0.402       0.522

 SOFAS_12 ON
    CDS_12          -0.805      -0.632      -0.543      -0.081       0.381       0.470       0.643

 SOFAS_24 ON
    CDS_24          -1.972      -1.726      -1.599      -0.940      -0.281      -0.155       0.092

 SOFAS_12 WITH
    SOFAS_0         -6.590      -1.143       1.642      16.191      30.739      33.525      38.971

 SOFAS_24 WITH
    SOFAS_0        -26.006     -17.593     -13.289       9.186      31.660      35.964      44.377
    SOFAS_12         0.535       7.837      11.572      31.077      50.582      54.317      61.618

 CDS_12   WITH
    CDS_0            0.250       0.564       0.725       1.564       2.404       2.564       2.879

 CDS_24   WITH
    CDS_0           -0.312      -0.141      -0.054       0.402       0.859       0.946       1.117
    CDS_12          -0.066      -0.028      -0.009       0.093       0.194       0.214       0.252

 Means
    CDS_0            4.203       4.446       4.571       5.222       5.873       5.998       6.242
    CDS_12           2.068       2.278       2.386       2.947       3.507       3.615       3.825
    CDS_24           1.284       1.460       1.550       2.021       2.491       2.581       2.757

 Means
    N#1             -1.949      -1.949      -1.949      -1.949      -1.949      -1.949      -1.949

 Intercepts
    SOFAS_0         32.537      33.430      33.887      36.272      38.657      39.113      40.006
    SOFAS_12        45.419      46.269      46.704      48.975      51.246      51.681      52.531
    SOFAS_24        47.692      48.622      49.097      51.582      54.066      54.542      55.472

 Variances
    CDS_0           12.654      14.373      15.252      19.843      24.434      25.313      27.032
    CDS_12           8.950      10.286      10.969      14.539      18.108      18.791      20.127
    CDS_24           2.419       3.803       4.511       8.208      11.906      12.614      13.998

 Residual Variances
    SOFAS_0        119.093     126.385     130.115     149.594     169.073     172.803     180.095
    SOFAS_12       110.068     118.001     122.059     143.251     164.443     168.501     176.434
    SOFAS_24       100.222     111.401     117.119     146.980     176.842     182.560     193.739

Categorical Latent Variables

 Means
    C#1             -0.127      -0.057      -0.021       0.165       0.352       0.387       0.457


CONFIDENCE INTERVALS OF STANDARDIZED MODEL RESULTS


STDYX Standardization

                  Lower .5%  Lower 2.5%    Lower 5%    Estimate    Upper 5%  Upper 2.5%   Upper .5%

Latent Class 1

 SOFAS_0  ON
    CDS_0           -0.258      -0.207      -0.180      -0.043       0.093       0.120       0.171

 SOFAS_12 ON
    CDS_12          -0.308      -0.258      -0.232      -0.100       0.033       0.059       0.109

 SOFAS_24 ON
    CDS_24          -0.431      -0.375      -0.346      -0.196      -0.045      -0.016       0.040

 SOFAS_12 WITH
    SOFAS_0         -0.039      -0.003       0.015       0.111       0.206       0.224       0.260

 SOFAS_24 WITH
    SOFAS_0         -0.176      -0.119      -0.090       0.062       0.214       0.243       0.300
    SOFAS_12         0.021       0.067       0.091       0.214       0.337       0.361       0.407

 CDS_12   WITH
    CDS_0            0.094       0.141       0.165       0.291       0.417       0.441       0.488

 CDS_24   WITH
    CDS_0           -0.092      -0.042      -0.016       0.120       0.256       0.282       0.333
    CDS_12          -0.093      -0.039      -0.011       0.134       0.280       0.308       0.362

 Means
    CDS_0            0.896       0.931       0.949       1.042       1.135       1.153       1.188
    CDS_12           0.437       0.467       0.482       0.560       0.639       0.654       0.683
    CDS_24           0.369       0.403       0.420       0.509       0.598       0.615       0.649

 Intercepts
    SOFAS_0          3.227       3.326       3.377       3.642       3.907       3.958       4.057
    SOFAS_12         5.308       5.497       5.594       6.100       6.605       6.702       6.892
    SOFAS_24         5.206       5.461       5.592       6.275       6.957       7.088       7.344

 Variances
    CDS_0            1.000       1.000       1.000       1.000       1.000       1.000       1.000
    CDS_12           1.000       1.000       1.000       1.000       1.000       1.000       1.000
    CDS_24           1.000       1.000       1.000       1.000       1.000       1.000       1.000

 Residual Variances
    SOFAS_0          0.979       0.984       0.986       0.998       1.010       1.012       1.017
    SOFAS_12         0.949       0.959       0.964       0.990       1.017       1.022       1.032
    SOFAS_24         0.869       0.891       0.903       0.962       1.021       1.032       1.054

Latent Class 2

 SOFAS_0  ON
    CDS_0           -0.176      -0.132      -0.110       0.007       0.124       0.146       0.190

 SOFAS_12 ON
    CDS_12          -0.255      -0.201      -0.172      -0.026       0.121       0.149       0.204

 SOFAS_24 ON
    CDS_24          -0.490      -0.425      -0.391      -0.217      -0.042      -0.009       0.056

 SOFAS_12 WITH
    SOFAS_0         -0.039      -0.003       0.015       0.111       0.206       0.224       0.260

 SOFAS_24 WITH
    SOFAS_0         -0.176      -0.119      -0.090       0.062       0.214       0.243       0.300
    SOFAS_12         0.021       0.067       0.091       0.214       0.337       0.361       0.407

 CDS_12   WITH
    CDS_0            0.006       0.027       0.037       0.092       0.147       0.157       0.178

 CDS_24   WITH
    CDS_0           -0.028      -0.013      -0.006       0.032       0.069       0.076       0.091
    CDS_12          -0.007      -0.003      -0.001       0.008       0.018       0.020       0.024

 Means
    CDS_0            0.996       1.038       1.059       1.172       1.285       1.307       1.349
    CDS_12           0.631       0.665       0.682       0.773       0.863       0.881       0.915
    CDS_24           0.516       0.561       0.584       0.705       0.826       0.849       0.895

 Intercepts
    SOFAS_0          2.596       2.684       2.729       2.966       3.202       3.247       3.335
    SOFAS_12         3.614       3.728       3.786       4.091       4.395       4.453       4.567
    SOFAS_24         3.489       3.648       3.729       4.153       4.578       4.659       4.818

 Variances
    CDS_0            1.000       1.000       1.000       1.000       1.000       1.000       1.000
    CDS_12           1.000       1.000       1.000       1.000       1.000       1.000       1.000
    CDS_24           1.000       1.000       1.000       1.000       1.000       1.000       1.000

 Residual Variances
    SOFAS_0          0.997       0.998       0.998       1.000       1.002       1.002       1.003
    SOFAS_12         0.987       0.990       0.992       0.999       1.007       1.008       1.011
    SOFAS_24         0.835       0.863       0.877       0.953       1.029       1.043       1.071


STDY Standardization

                  Lower .5%  Lower 2.5%    Lower 5%    Estimate    Upper 5%  Upper 2.5%   Upper .5%

Latent Class 1

 SOFAS_0  ON
    CDS_0           -0.258      -0.207      -0.180      -0.043       0.093       0.120       0.171

 SOFAS_12 ON
    CDS_12          -0.308      -0.258      -0.232      -0.100       0.033       0.059       0.109

 SOFAS_24 ON
    CDS_24          -0.431      -0.375      -0.346      -0.196      -0.045      -0.016       0.040

 SOFAS_12 WITH
    SOFAS_0         -0.039      -0.003       0.015       0.111       0.206       0.224       0.260

 SOFAS_24 WITH
    SOFAS_0         -0.176      -0.119      -0.090       0.062       0.214       0.243       0.300
    SOFAS_12         0.021       0.067       0.091       0.214       0.337       0.361       0.407

 CDS_12   WITH
    CDS_0            0.094       0.141       0.165       0.291       0.417       0.441       0.488

 CDS_24   WITH
    CDS_0           -0.092      -0.042      -0.016       0.120       0.256       0.282       0.333
    CDS_12          -0.093      -0.039      -0.011       0.134       0.280       0.308       0.362

 Means
    CDS_0            0.896       0.931       0.949       1.042       1.135       1.153       1.188
    CDS_12           0.437       0.467       0.482       0.560       0.639       0.654       0.683
    CDS_24           0.369       0.403       0.420       0.509       0.598       0.615       0.649

 Intercepts
    SOFAS_0          3.227       3.326       3.377       3.642       3.907       3.958       4.057
    SOFAS_12         5.308       5.497       5.594       6.100       6.605       6.702       6.892
    SOFAS_24         5.206       5.461       5.592       6.275       6.957       7.088       7.344

 Variances
    CDS_0            1.000       1.000       1.000       1.000       1.000       1.000       1.000
    CDS_12           1.000       1.000       1.000       1.000       1.000       1.000       1.000
    CDS_24           1.000       1.000       1.000       1.000       1.000       1.000       1.000

 Residual Variances
    SOFAS_0          0.979       0.984       0.986       0.998       1.010       1.012       1.017
    SOFAS_12         0.949       0.959       0.964       0.990       1.017       1.022       1.032
    SOFAS_24         0.869       0.891       0.903       0.962       1.021       1.032       1.054

Latent Class 2

 SOFAS_0  ON
    CDS_0           -0.176      -0.132      -0.110       0.007       0.124       0.146       0.190

 SOFAS_12 ON
    CDS_12          -0.255      -0.201      -0.172      -0.026       0.121       0.149       0.204

 SOFAS_24 ON
    CDS_24          -0.490      -0.425      -0.391      -0.217      -0.042      -0.009       0.056

 SOFAS_12 WITH
    SOFAS_0         -0.039      -0.003       0.015       0.111       0.206       0.224       0.260

 SOFAS_24 WITH
    SOFAS_0         -0.176      -0.119      -0.090       0.062       0.214       0.243       0.300
    SOFAS_12         0.021       0.067       0.091       0.214       0.337       0.361       0.407

 CDS_12   WITH
    CDS_0            0.006       0.027       0.037       0.092       0.147       0.157       0.178

 CDS_24   WITH
    CDS_0           -0.028      -0.013      -0.006       0.032       0.069       0.076       0.091
    CDS_12          -0.007      -0.003      -0.001       0.008       0.018       0.020       0.024

 Means
    CDS_0            0.996       1.038       1.059       1.172       1.285       1.307       1.349
    CDS_12           0.631       0.665       0.682       0.773       0.863       0.881       0.915
    CDS_24           0.516       0.561       0.584       0.705       0.826       0.849       0.895

 Intercepts
    SOFAS_0          2.596       2.684       2.729       2.966       3.202       3.247       3.335
    SOFAS_12         3.614       3.728       3.786       4.091       4.395       4.453       4.567
    SOFAS_24         3.489       3.648       3.729       4.153       4.578       4.659       4.818

 Variances
    CDS_0            1.000       1.000       1.000       1.000       1.000       1.000       1.000
    CDS_12           1.000       1.000       1.000       1.000       1.000       1.000       1.000
    CDS_24           1.000       1.000       1.000       1.000       1.000       1.000       1.000

 Residual Variances
    SOFAS_0          0.997       0.998       0.998       1.000       1.002       1.002       1.003
    SOFAS_12         0.987       0.990       0.992       0.999       1.007       1.008       1.011
    SOFAS_24         0.835       0.863       0.877       0.953       1.029       1.043       1.071


STD Standardization

                  Lower .5%  Lower 2.5%    Lower 5%    Estimate    Upper 5%  Upper 2.5%   Upper .5%

Latent Class 1

 SOFAS_0  ON
    CDS_0           -0.622      -0.499      -0.435      -0.104       0.227       0.290       0.414

 SOFAS_12 ON
    CDS_12          -3.487      -2.926      -2.638      -1.138       0.362       0.650       1.211

 SOFAS_24 ON
    CDS_24          -8.479      -7.334      -6.748      -3.690      -0.631      -0.045       1.100

 SOFAS_12 WITH
    SOFAS_0         -6.590      -1.143       1.642      16.191      30.739      33.525      38.971

 SOFAS_24 WITH
    SOFAS_0        -26.006     -17.593     -13.289       9.186      31.660      35.964      44.377
    SOFAS_12         0.535       7.837      11.572      31.077      50.582      54.317      61.618

 CDS_12   WITH
    CDS_0            0.250       0.564       0.725       1.564       2.404       2.564       2.879

 CDS_24   WITH
    CDS_0           -0.312      -0.141      -0.054       0.402       0.859       0.946       1.117
    CDS_12          -0.066      -0.028      -0.009       0.093       0.194       0.214       0.252

 Means
    CDS_0            4.340       4.575       4.695       5.323       5.950       6.070       6.305
    CDS_12           0.349       0.406       0.436       0.589       0.743       0.772       0.829
    CDS_24           0.166       0.206       0.226       0.334       0.441       0.462       0.502

 Intercepts
    SOFAS_0         40.750      41.667      42.136      44.584      47.033      47.502      48.419
    SOFAS_12        70.371      71.088      71.455      73.371      75.286      75.653      76.370
    SOFAS_24        74.064      74.902      75.331      77.571      79.810      80.239      81.077

 Variances
    CDS_0           18.374      20.222      21.167      26.101      31.036      31.981      33.828
    CDS_12           0.572       0.700       0.765       1.107       1.448       1.513       1.641
    CDS_24           0.186       0.244       0.274       0.430       0.585       0.615       0.673

 Residual Variances
    SOFAS_0        119.093     126.385     130.115     149.594     169.073     172.803     180.095
    SOFAS_12       110.068     118.001     122.059     143.251     164.443     168.501     176.434
    SOFAS_24       100.222     111.401     117.119     146.980     176.842     182.560     193.739

Latent Class 2

 SOFAS_0  ON
    CDS_0           -0.483      -0.363      -0.301       0.020       0.341       0.402       0.522

 SOFAS_12 ON
    CDS_12          -0.805      -0.632      -0.543      -0.081       0.381       0.470       0.643

 SOFAS_24 ON
    CDS_24          -1.972      -1.726      -1.599      -0.940      -0.281      -0.155       0.092

 SOFAS_12 WITH
    SOFAS_0         -6.590      -1.143       1.642      16.191      30.739      33.525      38.971

 SOFAS_24 WITH
    SOFAS_0        -26.006     -17.593     -13.289       9.186      31.660      35.964      44.377
    SOFAS_12         0.535       7.837      11.572      31.077      50.582      54.317      61.618

 CDS_12   WITH
    CDS_0            0.250       0.564       0.725       1.564       2.404       2.564       2.879

 CDS_24   WITH
    CDS_0           -0.312      -0.141      -0.054       0.402       0.859       0.946       1.117
    CDS_12          -0.066      -0.028      -0.009       0.093       0.194       0.214       0.252

 Means
    CDS_0            4.203       4.446       4.571       5.222       5.873       5.998       6.242
    CDS_12           2.068       2.278       2.386       2.947       3.507       3.615       3.825
    CDS_24           1.284       1.460       1.550       2.021       2.491       2.581       2.757

 Intercepts
    SOFAS_0         32.537      33.430      33.887      36.272      38.657      39.113      40.006
    SOFAS_12        45.419      46.269      46.704      48.975      51.246      51.681      52.531
    SOFAS_24        47.692      48.622      49.097      51.582      54.066      54.542      55.472

 Variances
    CDS_0           12.654      14.373      15.252      19.843      24.434      25.313      27.032
    CDS_12           8.950      10.286      10.969      14.539      18.108      18.791      20.127
    CDS_24           2.419       3.803       4.511       8.208      11.906      12.614      13.998

 Residual Variances
    SOFAS_0        119.093     126.385     130.115     149.594     169.073     172.803     180.095
    SOFAS_12       110.068     118.001     122.059     143.251     164.443     168.501     176.434
    SOFAS_24       100.222     111.401     117.119     146.980     176.842     182.560     193.739


     Beginning Time:  15:00:30
        Ending Time:  15:00:30
       Elapsed Time:  00:00:00



MUTHEN & MUTHEN
3463 Stoner Ave.
Los Angeles, CA  90066

Tel: (310) 391-9971
Fax: (310) 391-8971
Web: www.StatModel.com
Support: Support@StatModel.com

Copyright (c) 1998-2021 Muthen & Muthen
