Mplus VERSION 8.6 (Mac)
MUTHEN & MUTHEN
02/17/2024   9:34 PM

INPUT INSTRUCTIONS

  TITLE:
  GMM_CV_isqcub_T
  DATA:
  FILE = "/Users/olivierpercie/Desktop/LGM/SAPS/458/SAPS/Results/GMM/CV/isqcub/GMM15.dat";

  VARIABLE:
  NAMES = pin SAPS_0 SAPS_1 SAPS_2 SAPS_3 SAPS_6 SAPS_9 SAPS_12 SAPS_18 SAPS_24;
   MISSING=.;
   USEVAR = SAPS_0 SAPS_1 SAPS_2 SAPS_3 SAPS_6 SAPS_9 SAPS_12 SAPS_18 SAPS_24;
  IDVAR = pin;
  CLASSES = c(2);
  ANALYSIS:
  TYPE = MIXTURE;
  STARTS = 4000 1000;
  K-1STARTS = 2000 500;
  DISTRIBUTION = NORMAL;
  PROCESSORS = 8;
  MODEL:
  %OVERALL%
  i s q cub | SAPS_0@0 SAPS_1@1 SAPS_2@2 SAPS_3@3 SAPS_6@6 SAPS_9@9 SAPS_12@12 SAPS_18@18
  SAPS_24@24;
  i s q cub;
  i WITH s q cub;
  s WITH q cub;
  q WITH cub;
  SAPS_0 SAPS_1 SAPS_2 SAPS_3 SAPS_6 SAPS_9 SAPS_12 SAPS_18 SAPS_24;
  %C#1%
  i s q cub;
  i WITH s q cub;
  s WITH q cub;
  q WITH cub;
  SAPS_0 (1);
  SAPS_1 (2);
  SAPS_2 (3);
  SAPS_3 (4);
  SAPS_6 (5);
  SAPS_9 (6);
  SAPS_12 (7);
  SAPS_18 (8);
  SAPS_24 (9);
  %C#2%
  i s q cub;
  i WITH s q cub;
  s WITH q cub;
  q WITH cub;
  SAPS_0 (1);
  SAPS_1 (2);
  SAPS_2 (3);
  SAPS_3 (4);
  SAPS_6 (5);
  SAPS_9 (6);
  SAPS_12 (7);
  SAPS_18 (8);
  SAPS_24 (9);
  OUTPUT:
  TECH7;
  TECH11;
  SAMPSTAT;
  STANDARDIZED;
  CINTERVAL;
  SAVEDATA:
  FILE = GMM_CV_isqcub_T_est.dat;
  SAVE = CPROBABILITIES FSCORES;



INPUT READING TERMINATED NORMALLY




GMM_CV_isqcub_T

SUMMARY OF ANALYSIS

Number of groups                                                 1
Number of observations                                         458

Number of dependent variables                                    9
Number of independent variables                                  0
Number of continuous latent variables                            4
Number of categorical latent variables                           1

Observed dependent variables

  Continuous
   SAPS_0      SAPS_1      SAPS_2      SAPS_3      SAPS_6      SAPS_9
   SAPS_12     SAPS_18     SAPS_24

Continuous latent variables
   I           S           Q           CUB

Categorical latent variables
   C

Variables with special functions

  ID variable           PIN

Estimator                                                      MLR
Information matrix                                        OBSERVED
Optimization Specifications for the Quasi-Newton Algorithm for
Continuous Outcomes
  Maximum number of iterations                                 100
  Convergence criterion                                  0.100D-05
Optimization Specifications for the EM Algorithm
  Maximum number of iterations                                 500
  Convergence criteria
    Loglikelihood change                                 0.100D-06
    Relative loglikelihood change                        0.100D-06
    Derivative                                           0.100D-05
Optimization Specifications for the M step of the EM Algorithm for
Categorical Latent variables
  Number of M step iterations                                    1
  M step convergence criterion                           0.100D-05
  Basis for M step termination                           ITERATION
Optimization Specifications for the M step of the EM Algorithm for
Censored, Binary or Ordered Categorical (Ordinal), Unordered
Categorical (Nominal) and Count Outcomes
  Number of M step iterations                                    1
  M step convergence criterion                           0.100D-05
  Basis for M step termination                           ITERATION
  Maximum value for logit thresholds                            15
  Minimum value for logit thresholds                           -15
  Minimum expected cell size for chi-square              0.100D-01
Maximum number of iterations for H1                           2000
Convergence criterion for H1                             0.100D-03
Optimization algorithm                                         EMA
Random Starts Specifications
  Number of initial stage random starts                       4000
  Number of final stage optimizations                         1000
  Number of initial stage iterations                            10
  Initial stage convergence criterion                    0.100D+01
  Random starts scale                                    0.500D+01
  Random seed for generating random starts                       0

Input data file(s)
  /Users/olivierpercie/Desktop/LGM/SAPS/458/SAPS/Results/GMM/CV/isqcub/GMM15.dat
Input data format  FREE


SUMMARY OF DATA

     Number of missing data patterns            53
     Number of y missing data patterns          53
     Number of u missing data patterns           0


COVARIANCE COVERAGE OF DATA

Minimum covariance coverage value   0.100


     PROPORTION OF DATA PRESENT FOR Y


           Covariance Coverage
              SAPS_0        SAPS_1        SAPS_2        SAPS_3        SAPS_6
              ________      ________      ________      ________      ________
 SAPS_0         0.998
 SAPS_1         0.686         0.688
 SAPS_2         0.884         0.614         0.886
 SAPS_3         0.948         0.646         0.858         0.950
 SAPS_6         0.924         0.627         0.825         0.886         0.926
 SAPS_9         0.910         0.616         0.812         0.865         0.847
 SAPS_12        0.889         0.607         0.779         0.841         0.825
 SAPS_18        0.849         0.579         0.740         0.803         0.788
 SAPS_24        0.834         0.557         0.740         0.795         0.773


           Covariance Coverage
              SAPS_9        SAPS_12       SAPS_18       SAPS_24
              ________      ________      ________      ________
 SAPS_9         0.913
 SAPS_12        0.819         0.891
 SAPS_18        0.777         0.771         0.852
 SAPS_24        0.764         0.762         0.760         0.836


SAMPLE STATISTICS


     ESTIMATED SAMPLE STATISTICS


           Means
              SAPS_0        SAPS_1        SAPS_2        SAPS_3        SAPS_6
              ________      ________      ________      ________      ________
               11.660         5.496         3.986         3.350         3.484


           Means
              SAPS_9        SAPS_12       SAPS_18       SAPS_24
              ________      ________      ________      ________
                3.384         3.507         3.378         3.319


           Covariances
              SAPS_0        SAPS_1        SAPS_2        SAPS_3        SAPS_6
              ________      ________      ________      ________      ________
 SAPS_0        10.072
 SAPS_1         3.526        15.084
 SAPS_2         2.770        10.193        13.499
 SAPS_3         2.234         7.353         9.111        12.229
 SAPS_6         2.132         5.879         6.811         6.861        13.753
 SAPS_9         1.403         4.103         5.221         5.561         7.631
 SAPS_12        2.134         3.700         4.230         5.180         6.335
 SAPS_18        0.928         3.192         4.019         5.107         5.212
 SAPS_24        0.485         2.202         3.108         3.596         3.355


           Covariances
              SAPS_9        SAPS_12       SAPS_18       SAPS_24
              ________      ________      ________      ________
 SAPS_9        12.954
 SAPS_12        6.532        14.742
 SAPS_18        4.612         7.043        14.467
 SAPS_24        4.745         5.056         5.975        15.220


           Correlations
              SAPS_0        SAPS_1        SAPS_2        SAPS_3        SAPS_6
              ________      ________      ________      ________      ________
 SAPS_0         1.000
 SAPS_1         0.286         1.000
 SAPS_2         0.238         0.714         1.000
 SAPS_3         0.201         0.541         0.709         1.000
 SAPS_6         0.181         0.408         0.500         0.529         1.000
 SAPS_9         0.123         0.293         0.395         0.442         0.572
 SAPS_12        0.175         0.248         0.300         0.386         0.445
 SAPS_18        0.077         0.216         0.288         0.384         0.370
 SAPS_24        0.039         0.145         0.217         0.264         0.232


           Correlations
              SAPS_9        SAPS_12       SAPS_18       SAPS_24
              ________      ________      ________      ________
 SAPS_9         1.000
 SAPS_12        0.473         1.000
 SAPS_18        0.337         0.482         1.000
 SAPS_24        0.338         0.338         0.403         1.000


     MAXIMUM LOG-LIKELIHOOD VALUE FOR THE UNRESTRICTED (H1) MODEL IS -9264.023


UNIVARIATE SAMPLE STATISTICS


     UNIVARIATE HIGHER-ORDER MOMENT DESCRIPTIVE STATISTICS

         Variable/         Mean/     Skewness/   Minimum/ % with                Percentiles
        Sample Size      Variance    Kurtosis    Maximum  Min/Max      20%/60%    40%/80%    Median

     SAPS_0               11.663      -0.201       2.000    0.44%       9.000     11.000     12.000
             457.000      10.070      -0.208      20.000    0.22%      13.000     14.000
     SAPS_1                5.384       0.489       0.000   10.48%       2.000      4.000      5.000
             315.000      14.694      -0.423      17.000    0.32%       6.000      9.000
     SAPS_2                3.943       1.016       0.000   19.70%       1.000      2.000      3.000
             406.000      13.482       0.592      18.000    0.25%       4.000      7.000
     SAPS_3                3.329       1.110       0.000   29.43%       0.000      1.000      2.000
             435.000      12.087       0.781      16.000    0.23%       3.000      6.000
     SAPS_6                3.441       1.026       0.000   32.08%       0.000      1.000      2.000
             424.000      13.657       0.266      16.000    0.24%       3.000      6.000
     SAPS_9                3.354       1.188       0.000   30.14%       0.000      1.000      2.000
             418.000      13.080       0.983      16.000    0.48%       3.000      6.000
     SAPS_12               3.539       1.267       0.000   28.68%       0.000      2.000      2.000
             408.000      14.793       1.090      18.000    0.25%       3.000      6.000
     SAPS_18               3.338       1.333       0.000   30.77%       0.000      1.000      2.000
             390.000      14.270       1.298      17.000    0.51%       3.000      6.000
     SAPS_24               3.295       1.351       0.000   33.94%       0.000      1.000      2.000
             383.000      15.289       1.164      17.000    0.26%       3.000      6.000

RANDOM STARTS RESULTS RANKED FROM THE BEST TO THE WORST LOGLIKELIHOOD VALUES


2643 perturbed starting value run(s) did not converge or were rejected in the third stage.
Final stage loglikelihood values at local maxima, seeds, and initial stage start numbers:

           -9726.308  747551           1190
           -9726.308  540436           2528
           -9726.308  863643           1619
           -9726.308  293963           3447
           -9726.308  431271           943
           -9726.308  518791           3884
           -9726.308  786984           2035
           -9726.308  635599           1361
           -9726.308  202790           198
           -9726.308  197223           332
           -9726.308  311214           64
           -9726.308  161421           519
           -9726.308  207299           1039
           -9726.308  3086             2112
           -9726.308  36090            2158
           -9726.308  672942           1098
           -9726.308  434915           552
           -9726.308  735121           2294
           -9726.308  400937           1152
           -9726.308  249557           2545
           -9726.308  134413           1290
           -9726.308  459221           652
           -9726.308  242319           2616
           -9726.308  303216           2622
           -9726.308  502546           2633
           -9726.308  599729           658
           -9726.308  245947           2732
           -9726.308  74838            1367
           -9726.308  501369           2800
           -9726.308  692531           2838
           -9726.308  288190           2844
           -9726.308  911144           2933
           -9726.308  360215           1475
           -9726.308  630834           2964
           -9726.308  862277           3022
           -9726.308  210846           3030
           -9726.308  445903           3038
           -9726.308  587750           3135
           -9726.308  865890           1571
           -9726.308  499951           3153
           -9726.308  227770           3166
           -9726.308  810241           1634
           -9726.308  705057           3313
           -9726.308  786713           3343
           -9726.308  546943           865
           -9726.308  695453           902
           -9726.308  867231           1846
           -9726.308  94573            983
           -9726.308  371138           2042
           -9726.308  790059           469
           -9726.308  264935           281
           -9726.308  724519           333
           -9726.308  415502           194
           -9726.308  57226            208
           -9726.308  258142           2049
           -9726.308  468036           131
           -9726.308  280721           2118
           -9726.308  864006           1075
           -9726.308  704051           1083
           -9726.308  964201           2175
           -9726.308  147878           2322
           -9726.308  261601           1163
           -9726.308  321574           1185
           -9726.308  51375            148
           -9726.308  213189           605
           -9726.308  478421           311
           -9726.308  330591           2510
           -9726.308  490008           2542
           -9726.308  778953           635
           -9726.308  294811           637
           -9726.308  123102           1302
           -9726.308  626789           1304
           -9726.308  77289            2693
           -9726.308  862221           2694
           -9726.308  779009           1458
           -9726.308  30019            1476
           -9726.308  559901           2956
           -9726.308  892537           2957
           -9726.308  943158           3059
           -9726.308  354564           3098
           -9726.308  365814           3110
           -9726.308  57148            1561
           -9726.308  580539           786
           -9726.308  131202           1575
           -9726.308  702449           3161
           -9726.308  355254           796
           -9726.308  786887           3242
           -9726.308  599136           811
           -9726.308  36369            3258
           -9726.308  500237           3358
           -9726.308  724245           3384
           -9726.308  715647           3390
           -9726.308  762690           1732
           -9726.308  966243           1751
           -9726.308  425149           878
           -9726.308  125727           899
           -9726.308  309523           3620
           -9726.308  704532           3637
           -9726.308  851553           3675
           -9726.308  697297           3697
           -9726.308  63712            3771
           -9726.308  11397            944
           -9726.308  900041           3785
           -9726.308  354693           2038
           -9726.308  915642           40
           -9726.308  780698           337
           -9726.308  789985           67
           -9726.308  797594           234
           -9726.308  46437            153
           -9726.308  157832           2560
           -9726.308  617658           660
           -9726.308  36183            1349
           -9726.308  7195             697
           -9726.308  585553           3136
           -9726.308  591290           1607
           -9726.308  627047           3288
           -9726.308  746304           3335
           -9726.308  278885           3366

882 perturbed starting value run(s) did not converge or were rejected in the third stage.



THE BEST LOGLIKELIHOOD VALUE HAS BEEN REPLICATED.  RERUN WITH AT LEAST TWICE THE
RANDOM STARTS TO CHECK THAT THE BEST LOGLIKELIHOOD IS STILL OBTAINED AND REPLICATED.

     THE STANDARD ERRORS OF THE MODEL PARAMETER ESTIMATES MAY NOT BE
     TRUSTWORTHY FOR SOME PARAMETERS DUE TO A NON-POSITIVE DEFINITE
     FIRST-ORDER DERIVATIVE PRODUCT MATRIX.  THIS MAY BE DUE TO THE STARTING
     VALUES BUT MAY ALSO BE AN INDICATION OF MODEL NONIDENTIFICATION.  THE
     CONDITION NUMBER IS       0.132D-14.  PROBLEM INVOLVING THE FOLLOWING PARAMETER:
     Parameter 1, %C#1%: SAPS_0 (equality/label)

     THE MODEL ESTIMATION DID NOT TERMINATE NORMALLY DUE TO AN ILL-CONDITIONED
     FISHER INFORMATION MATRIX.  CHANGE YOUR MODEL AND/OR STARTING VALUES.

     THE MODEL ESTIMATION DID NOT TERMINATE NORMALLY DUE TO A NON-POSITIVE
     DEFINITE FISHER INFORMATION MATRIX.  THIS MAY BE DUE TO THE STARTING VALUES
     BUT MAY ALSO BE AN INDICATION OF MODEL NONIDENTIFICATION.  THE CONDITION
     NUMBER IS       0.255D-14.

     THE STANDARD ERRORS OF THE MODEL PARAMETER ESTIMATES COULD NOT BE
     COMPUTED.  THIS IS OFTEN DUE TO THE STARTING VALUES BUT MAY ALSO BE
     AN INDICATION OF MODEL NONIDENTIFICATION.  CHANGE YOUR MODEL AND/OR
     STARTING VALUES.  PROBLEM INVOLVING THE FOLLOWING PARAMETER:
     Parameter 1, %C#1%: SAPS_0 (equality/label)






FINAL CLASS COUNTS AND PROPORTIONS FOR THE LATENT CLASSES
BASED ON THE ESTIMATED MODEL

    Latent
   Classes

       1          0.00000          0.00000
       2        458.00000          1.00000


FINAL CLASS COUNTS AND PROPORTIONS FOR THE LATENT CLASSES
BASED ON ESTIMATED POSTERIOR PROBABILITIES

    Latent
   Classes

       1          0.00000          0.00000
       2        458.00000          1.00000


FINAL CLASS COUNTS AND PROPORTIONS FOR THE LATENT CLASSES
BASED ON THEIR MOST LIKELY LATENT CLASS MEMBERSHIP

Class Counts and Proportions

    Latent
   Classes

       1                0          0.00000
       2              458          1.00000


CLASSIFICATION QUALITY

     Entropy                         1.000


Average Latent Class Probabilities for Most Likely Latent Class Membership (Row)
by Latent Class (Column)

           1        2

    1   0.000    0.000
    2   0.000    1.000


Classification Probabilities for the Most Likely Latent Class Membership (Column)
by Latent Class (Row)

           1        2

    1   0.000    0.000
    2   0.000    1.000


Logits for the Classification Probabilities for the Most Likely Latent Class Membership (Column)
by Latent Class (Row)

              1        2

    1      0.000    0.000
    2    -13.816    0.000


MODEL RESULTS

                    Estimate

Latent Class 1

 I        |
    SAPS_0             1.000
    SAPS_1             1.000
    SAPS_2             1.000
    SAPS_3             1.000
    SAPS_6             1.000
    SAPS_9             1.000
    SAPS_12            1.000
    SAPS_18            1.000
    SAPS_24            1.000

 S        |
    SAPS_0             0.000
    SAPS_1             1.000
    SAPS_2             2.000
    SAPS_3             3.000
    SAPS_6             6.000
    SAPS_9             9.000
    SAPS_12           12.000
    SAPS_18           18.000
    SAPS_24           24.000

 Q        |
    SAPS_0             0.000
    SAPS_1             1.000
    SAPS_2             4.000
    SAPS_3             9.000
    SAPS_6            36.000
    SAPS_9            81.000
    SAPS_12          144.000
    SAPS_18          324.000
    SAPS_24          576.000

 CUB      |
    SAPS_0             0.000
    SAPS_1             1.000
    SAPS_2             8.000
    SAPS_3            27.000
    SAPS_6           216.000
    SAPS_9           729.000
    SAPS_12         1728.000
    SAPS_18         5832.000
    SAPS_24        13824.000

 I        WITH
    S                  0.000
    Q                  0.000
    CUB                0.000

 S        WITH
    Q                  0.000
    CUB                0.000

 Q        WITH
    CUB                0.000

 Means
    I                 26.301
    S                -13.949
    Q                 -0.845
    CUB                4.115

 Intercepts
    SAPS_0             0.000
    SAPS_1             0.000
    SAPS_2             0.000
    SAPS_3             0.000
    SAPS_6             0.000
    SAPS_9             0.000
    SAPS_12            0.000
    SAPS_18            0.000
    SAPS_24            0.000

 Variances
    I                  9.815
    S                 11.789
    Q                  1.018
    CUB                0.006

 Residual Variances
    SAPS_0            40.986
    SAPS_1             6.043
    SAPS_2             4.876
    SAPS_3             5.007
    SAPS_6             6.717
    SAPS_9             6.889
    SAPS_12            8.192
    SAPS_18            9.760
    SAPS_24           11.847

Latent Class 2

 I        |
    SAPS_0             1.000
    SAPS_1             1.000
    SAPS_2             1.000
    SAPS_3             1.000
    SAPS_6             1.000
    SAPS_9             1.000
    SAPS_12            1.000
    SAPS_18            1.000
    SAPS_24            1.000

 S        |
    SAPS_0             0.000
    SAPS_1             1.000
    SAPS_2             2.000
    SAPS_3             3.000
    SAPS_6             6.000
    SAPS_9             9.000
    SAPS_12           12.000
    SAPS_18           18.000
    SAPS_24           24.000

 Q        |
    SAPS_0             0.000
    SAPS_1             1.000
    SAPS_2             4.000
    SAPS_3             9.000
    SAPS_6            36.000
    SAPS_9            81.000
    SAPS_12          144.000
    SAPS_18          324.000
    SAPS_24          576.000

 CUB      |
    SAPS_0             0.000
    SAPS_1             1.000
    SAPS_2             8.000
    SAPS_3            27.000
    SAPS_6           216.000
    SAPS_9           729.000
    SAPS_12         1728.000
    SAPS_18         5832.000
    SAPS_24        13824.000

 I        WITH
    S                 -0.339
    Q                 -0.026
    CUB                0.001

 S        WITH
    Q                 -0.004
    CUB                0.000

 Q        WITH
    CUB                0.000

 Means
    I                  6.421
    S                 -1.056
    Q                  0.094
    CUB               -0.002

 Intercepts
    SAPS_0             0.000
    SAPS_1             0.000
    SAPS_2             0.000
    SAPS_3             0.000
    SAPS_6             0.000
    SAPS_9             0.000
    SAPS_12            0.000
    SAPS_18            0.000
    SAPS_24            0.000

 Variances
    I                  8.495
    S                  0.177
    Q                  0.000
    CUB                0.000

 Residual Variances
    SAPS_0            40.986
    SAPS_1             6.043
    SAPS_2             4.876
    SAPS_3             5.007
    SAPS_6             6.717
    SAPS_9             6.889
    SAPS_12            8.192
    SAPS_18            9.760
    SAPS_24           11.847

Categorical Latent Variables

 Means
    C#1             -672.408


MODEL COMMAND WITH FINAL ESTIMATES USED AS STARTING VALUES

     %OVERALL%

     i s q cub | saps_0@0 saps_1@1 saps_2@2 saps_3@3 saps_6@6 saps_9@9 saps_12@12 saps_18@18
     saps_24@24;

     [ c#1*-672.40808 ];

     %C#1%

     i WITH s*0;
     i WITH q*0;
     i WITH cub*0;
     s WITH q*0;
     s WITH cub*0;
     q WITH cub*0;

     [ saps_0@0 ];
     [ saps_1@0 ];
     [ saps_2@0 ];
     [ saps_3@0 ];
     [ saps_6@0 ];
     [ saps_9@0 ];
     [ saps_12@0 ];
     [ saps_18@0 ];
     [ saps_24@0 ];
     [ i*26.30119 ];
     [ s*-13.94942 ];
     [ q*-0.84525 ];
     [ cub*4.11483 ];

     saps_0*40.98594 (1);
     saps_1*6.04334 (2);
     saps_2*4.87620 (3);
     saps_3*5.00656 (4);
     saps_6*6.71748 (5);
     saps_9*6.88912 (6);
     saps_12*8.19193 (7);
     saps_18*9.75966 (8);
     saps_24*11.84700 (9);
     i*9.81492;
     s*11.78904;
     q*1.01758;
     cub*0.00550;

     %C#2%

     i WITH s*-0.33896;
     i WITH q*-0.02614;
     i WITH cub*0.00127;
     s WITH q*-0.00440;
     s WITH cub*-0.00009;
     q WITH cub*0.00002;

     [ saps_0@0 ];
     [ saps_1@0 ];
     [ saps_2@0 ];
     [ saps_3@0 ];
     [ saps_6@0 ];
     [ saps_9@0 ];
     [ saps_12@0 ];
     [ saps_18@0 ];
     [ saps_24@0 ];
     [ i*6.42097 ];
     [ s*-1.05569 ];
     [ q*0.09379 ];
     [ cub*-0.00232 ];

     saps_0*40.98594 (1);
     saps_1*6.04334 (2);
     saps_2*4.87620 (3);
     saps_3*5.00656 (4);
     saps_6*6.71748 (5);
     saps_9*6.88912 (6);
     saps_12*8.19193 (7);
     saps_18*9.75966 (8);
     saps_24*11.84700 (9);
     i*8.49548;
     s*0.17731;
     q*-0.00023;
     cub*0.00000;



TECHNICAL 1 OUTPUT


     PARAMETER SPECIFICATION FOR LATENT CLASS 1


           NU
              SAPS_0        SAPS_1        SAPS_2        SAPS_3        SAPS_6
              ________      ________      ________      ________      ________
                    0             0             0             0             0


           NU
              SAPS_9        SAPS_12       SAPS_18       SAPS_24
              ________      ________      ________      ________
                    0             0             0             0


           LAMBDA
              I             S             Q             CUB
              ________      ________      ________      ________
 SAPS_0             0             0             0             0
 SAPS_1             0             0             0             0
 SAPS_2             0             0             0             0
 SAPS_3             0             0             0             0
 SAPS_6             0             0             0             0
 SAPS_9             0             0             0             0
 SAPS_12            0             0             0             0
 SAPS_18            0             0             0             0
 SAPS_24            0             0             0             0


           THETA
              SAPS_0        SAPS_1        SAPS_2        SAPS_3        SAPS_6
              ________      ________      ________      ________      ________
 SAPS_0             1
 SAPS_1             0             2
 SAPS_2             0             0             3
 SAPS_3             0             0             0             4
 SAPS_6             0             0             0             0             5
 SAPS_9             0             0             0             0             0
 SAPS_12            0             0             0             0             0
 SAPS_18            0             0             0             0             0
 SAPS_24            0             0             0             0             0


           THETA
              SAPS_9        SAPS_12       SAPS_18       SAPS_24
              ________      ________      ________      ________
 SAPS_9             6
 SAPS_12            0             7
 SAPS_18            0             0             8
 SAPS_24            0             0             0             9


           ALPHA
              I             S             Q             CUB
              ________      ________      ________      ________
                   10            11            12            13


           BETA
              I             S             Q             CUB
              ________      ________      ________      ________
 I                  0             0             0             0
 S                  0             0             0             0
 Q                  0             0             0             0
 CUB                0             0             0             0


           PSI
              I             S             Q             CUB
              ________      ________      ________      ________
 I                 14
 S                 15            16
 Q                 17            18            19
 CUB               20            21            22            23


     PARAMETER SPECIFICATION FOR LATENT CLASS 2


           NU
              SAPS_0        SAPS_1        SAPS_2        SAPS_3        SAPS_6
              ________      ________      ________      ________      ________
                    0             0             0             0             0


           NU
              SAPS_9        SAPS_12       SAPS_18       SAPS_24
              ________      ________      ________      ________
                    0             0             0             0


           LAMBDA
              I             S             Q             CUB
              ________      ________      ________      ________
 SAPS_0             0             0             0             0
 SAPS_1             0             0             0             0
 SAPS_2             0             0             0             0
 SAPS_3             0             0             0             0
 SAPS_6             0             0             0             0
 SAPS_9             0             0             0             0
 SAPS_12            0             0             0             0
 SAPS_18            0             0             0             0
 SAPS_24            0             0             0             0


           THETA
              SAPS_0        SAPS_1        SAPS_2        SAPS_3        SAPS_6
              ________      ________      ________      ________      ________
 SAPS_0             1
 SAPS_1             0             2
 SAPS_2             0             0             3
 SAPS_3             0             0             0             4
 SAPS_6             0             0             0             0             5
 SAPS_9             0             0             0             0             0
 SAPS_12            0             0             0             0             0
 SAPS_18            0             0             0             0             0
 SAPS_24            0             0             0             0             0


           THETA
              SAPS_9        SAPS_12       SAPS_18       SAPS_24
              ________      ________      ________      ________
 SAPS_9             6
 SAPS_12            0             7
 SAPS_18            0             0             8
 SAPS_24            0             0             0             9


           ALPHA
              I             S             Q             CUB
              ________      ________      ________      ________
                   24            25            26            27


           BETA
              I             S             Q             CUB
              ________      ________      ________      ________
 I                  0             0             0             0
 S                  0             0             0             0
 Q                  0             0             0             0
 CUB                0             0             0             0


           PSI
              I             S             Q             CUB
              ________      ________      ________      ________
 I                 28
 S                 29            30
 Q                 31            32            33
 CUB               34            35            36            37


     PARAMETER SPECIFICATION FOR LATENT CLASS REGRESSION MODEL PART


           ALPHA(C)
              C#1           C#2
              ________      ________
                   38             0


     STARTING VALUES FOR LATENT CLASS 1


           NU
              SAPS_0        SAPS_1        SAPS_2        SAPS_3        SAPS_6
              ________      ________      ________      ________      ________
                0.000         0.000         0.000         0.000         0.000


           NU
              SAPS_9        SAPS_12       SAPS_18       SAPS_24
              ________      ________      ________      ________
                0.000         0.000         0.000         0.000


           LAMBDA
              I             S             Q             CUB
              ________      ________      ________      ________
 SAPS_0         1.000         0.000         0.000         0.000
 SAPS_1         1.000         1.000         1.000         1.000
 SAPS_2         1.000         2.000         4.000         8.000
 SAPS_3         1.000         3.000         9.000        27.000
 SAPS_6         1.000         6.000        36.000       216.000
 SAPS_9         1.000         9.000        81.000       729.000
 SAPS_12        1.000        12.000       144.000      1728.000
 SAPS_18        1.000        18.000       324.000      5832.000
 SAPS_24        1.000        24.000       576.000     13824.000


           THETA
              SAPS_0        SAPS_1        SAPS_2        SAPS_3        SAPS_6
              ________      ________      ________      ________      ________
 SAPS_0         5.035
 SAPS_1         0.000         7.347
 SAPS_2         0.000         0.000         6.741
 SAPS_3         0.000         0.000         0.000         6.044
 SAPS_6         0.000         0.000         0.000         0.000         6.828
 SAPS_9         0.000         0.000         0.000         0.000         0.000
 SAPS_12        0.000         0.000         0.000         0.000         0.000
 SAPS_18        0.000         0.000         0.000         0.000         0.000
 SAPS_24        0.000         0.000         0.000         0.000         0.000


           THETA
              SAPS_9        SAPS_12       SAPS_18       SAPS_24
              ________      ________      ________      ________
 SAPS_9         6.540
 SAPS_12        0.000         7.396
 SAPS_18        0.000         0.000         7.135
 SAPS_24        0.000         0.000         0.000         7.644


           ALPHA
              I             S             Q             CUB
              ________      ________      ________      ________
               10.726        -5.429         1.104        -0.066


           BETA
              I             S             Q             CUB
              ________      ________      ________      ________
 I              0.000         0.000         0.000         0.000
 S              0.000         0.000         0.000         0.000
 Q              0.000         0.000         0.000         0.000
 CUB            0.000         0.000         0.000         0.000


           PSI
              I             S             Q             CUB
              ________      ________      ________      ________
 I              9.815
 S              0.000        11.789
 Q              0.000         0.000         1.018
 CUB            0.000         0.000         0.000         0.006


     STARTING VALUES FOR LATENT CLASS 2


           NU
              SAPS_0        SAPS_1        SAPS_2        SAPS_3        SAPS_6
              ________      ________      ________      ________      ________
                0.000         0.000         0.000         0.000         0.000


           NU
              SAPS_9        SAPS_12       SAPS_18       SAPS_24
              ________      ________      ________      ________
                0.000         0.000         0.000         0.000


           LAMBDA
              I             S             Q             CUB
              ________      ________      ________      ________
 SAPS_0         1.000         0.000         0.000         0.000
 SAPS_1         1.000         1.000         1.000         1.000
 SAPS_2         1.000         2.000         4.000         8.000
 SAPS_3         1.000         3.000         9.000        27.000
 SAPS_6         1.000         6.000        36.000       216.000
 SAPS_9         1.000         9.000        81.000       729.000
 SAPS_12        1.000        12.000       144.000      1728.000
 SAPS_18        1.000        18.000       324.000      5832.000
 SAPS_24        1.000        24.000       576.000     13824.000


           THETA
              SAPS_0        SAPS_1        SAPS_2        SAPS_3        SAPS_6
              ________      ________      ________      ________      ________
 SAPS_0         5.035
 SAPS_1         0.000         7.347
 SAPS_2         0.000         0.000         6.741
 SAPS_3         0.000         0.000         0.000         6.044
 SAPS_6         0.000         0.000         0.000         0.000         6.828
 SAPS_9         0.000         0.000         0.000         0.000         0.000
 SAPS_12        0.000         0.000         0.000         0.000         0.000
 SAPS_18        0.000         0.000         0.000         0.000         0.000
 SAPS_24        0.000         0.000         0.000         0.000         0.000


           THETA
              SAPS_9        SAPS_12       SAPS_18       SAPS_24
              ________      ________      ________      ________
 SAPS_9         6.540
 SAPS_12        0.000         7.396
 SAPS_18        0.000         0.000         7.135
 SAPS_24        0.000         0.000         0.000         7.644


           ALPHA
              I             S             Q             CUB
              ________      ________      ________      ________
               10.726        -5.429         1.104        -0.066


           BETA
              I             S             Q             CUB
              ________      ________      ________      ________
 I              0.000         0.000         0.000         0.000
 S              0.000         0.000         0.000         0.000
 Q              0.000         0.000         0.000         0.000
 CUB            0.000         0.000         0.000         0.000


           PSI
              I             S             Q             CUB
              ________      ________      ________      ________
 I              9.815
 S              0.000        11.789
 Q              0.000         0.000         1.018
 CUB            0.000         0.000         0.000         0.006


     STARTING VALUES FOR LATENT CLASS REGRESSION MODEL PART


           ALPHA(C)
              C#1           C#2
              ________      ________
                0.000         0.000


TECHNICAL 7 OUTPUT


     SAMPLE STATISTICS WEIGHTED BY ESTIMATED CLASS PROBABILITIES FOR CLASS 1


           Means
              SAPS_0        SAPS_1        SAPS_2        SAPS_3        SAPS_6
              ________      ________      ________      ________      ________
               13.167         0.046         0.577         0.215         9.460


           Means
              SAPS_9        SAPS_12       SAPS_18       SAPS_24
              ________      ________      ________      ________
               14.447         2.719         0.404         4.246


           Covariances
              SAPS_0        SAPS_1        SAPS_2        SAPS_3        SAPS_6
              ________      ________      ________      ________      ________
 SAPS_0         0.599
 SAPS_1         0.044         0.421
 SAPS_2         1.298         0.260         6.684
 SAPS_3         0.552         0.281         2.556         1.509
 SAPS_6        -1.492        -0.074        -4.582        -1.650         4.745
 SAPS_9        -1.627        -0.414        -4.300        -2.126         4.201
 SAPS_12        1.895         0.388         5.850         2.604        -5.343
 SAPS_18        1.162         0.306         5.254         2.700        -3.379
 SAPS_24        0.068        -0.013         2.525         0.159        -1.822


           Covariances
              SAPS_9        SAPS_12       SAPS_18       SAPS_24
              ________      ________      ________      ________
 SAPS_9         5.669
 SAPS_12       -6.646         8.489
 SAPS_18       -4.200         5.145         5.520
 SAPS_24       -0.159         1.211         0.497         3.529


     SAMPLE STATISTICS WEIGHTED BY ESTIMATED CLASS PROBABILITIES FOR CLASS 2


           Means
              SAPS_0        SAPS_1        SAPS_2        SAPS_3        SAPS_6
              ________      ________      ________      ________      ________
               11.663         5.384         3.943         3.329         3.441


           Means
              SAPS_9        SAPS_12       SAPS_18       SAPS_24
              ________      ________      ________      ________
                3.354         3.539         3.338         3.295


           Covariances
              SAPS_0        SAPS_1        SAPS_2        SAPS_3        SAPS_6
              ________      ________      ________      ________      ________
 SAPS_0        10.070
 SAPS_1         3.565        14.694
 SAPS_2         2.984         8.327        13.482
 SAPS_3         2.269         6.388         8.759        12.087
 SAPS_6         2.439         6.720         7.039         6.314        13.657
 SAPS_9         1.670         4.555         5.760         5.570         7.059
 SAPS_12        2.299         5.412         5.007         5.842         6.033
 SAPS_18        1.025         5.191         5.210         5.058         5.310
 SAPS_24        1.125         3.369         3.411         4.444         3.399


           Covariances
              SAPS_9        SAPS_12       SAPS_18       SAPS_24
              ________      ________      ________      ________
 SAPS_9        13.080
 SAPS_12        6.844        14.793
 SAPS_18        4.589         5.879        14.270
 SAPS_24        4.348         5.258         5.508        15.289


TECHNICAL 11 OUTPUT

     Random Starts Specifications for the k-1 Class Analysis Model
        Number of initial stage random starts                2000
        Number of final stage optimizations                   500



SAVEDATA INFORMATION

     Factor scores were not computed.
     Class probabilities were not computed.
     No data were saved.


     Beginning Time:  21:34:23
        Ending Time:  21:52:24
       Elapsed Time:  00:18:01



MUTHEN & MUTHEN
3463 Stoner Ave.
Los Angeles, CA  90066

Tel: (310) 391-9971
Fax: (310) 391-8971
Web: www.StatModel.com
Support: Support@StatModel.com

Copyright (c) 1998-2021 Muthen & Muthen
