Mplus VERSION 8.6 (Mac)
MUTHEN & MUTHEN
02/13/2024   5:09 PM

INPUT INSTRUCTIONS

  TITLE:
  GMM_CI_isqcub_T
  DATA:
  FILE = "/Users/olivierpercie/Desktop/LGM/SAPS/458/SAPS/Results/GMM/CI/isqcub/GMM15.dat";

  VARIABLE:
  NAMES = pin SAPS_0 SAPS_1 SAPS_2 SAPS_3 SAPS_6 SAPS_9 SAPS_12 SAPS_18 SAPS_24;
   MISSING=.;
   USEVAR = SAPS_0 SAPS_1 SAPS_2 SAPS_3 SAPS_6 SAPS_9 SAPS_12 SAPS_18 SAPS_24;
  IDVAR = pin;
  CLASSES = c(2);
  ANALYSIS:
  TYPE = MIXTURE;
  STARTS = 4000 1000;
  K-1STARTS = 2000 500;
  DISTRIBUTION = NORMAL;
  PROCESSORS = 8;
  MODEL:
  %OVERALL%
  i s q cub | SAPS_0@0 SAPS_1@1 SAPS_2@2 SAPS_3@3 SAPS_6@6 SAPS_9@9 SAPS_12@12 SAPS_18@18
  SAPS_24@24;
  i s q cub;
  i WITH s q cub;
  s WITH q cub;
  q WITH cub;
  SAPS_0 SAPS_1 SAPS_2 SAPS_3 SAPS_6 SAPS_9 SAPS_12 SAPS_18 SAPS_24;
  %C#1%
  SAPS_0 (1);
  SAPS_1 (2);
  SAPS_2 (3);
  SAPS_3 (4);
  SAPS_6 (5);
  SAPS_9 (6);
  SAPS_12 (7);
  SAPS_18 (8);
  SAPS_24 (9);
  %C#2%
  SAPS_0 (1);
  SAPS_1 (2);
  SAPS_2 (3);
  SAPS_3 (4);
  SAPS_6 (5);
  SAPS_9 (6);
  SAPS_12 (7);
  SAPS_18 (8);
  SAPS_24 (9);
  OUTPUT:
  TECH7;
  TECH11;
  SAMPSTAT;
  STANDARDIZED;
  CINTERVAL;
  SAVEDATA:
  FILE = GMM_CI_isqcub_T_est.dat;
  SAVE = CPROBABILITIES FSCORES;



INPUT READING TERMINATED NORMALLY




GMM_CI_isqcub_T

SUMMARY OF ANALYSIS

Number of groups                                                 1
Number of observations                                         458

Number of dependent variables                                    9
Number of independent variables                                  0
Number of continuous latent variables                            4
Number of categorical latent variables                           1

Observed dependent variables

  Continuous
   SAPS_0      SAPS_1      SAPS_2      SAPS_3      SAPS_6      SAPS_9
   SAPS_12     SAPS_18     SAPS_24

Continuous latent variables
   I           S           Q           CUB

Categorical latent variables
   C

Variables with special functions

  ID variable           PIN

Estimator                                                      MLR
Information matrix                                        OBSERVED
Optimization Specifications for the Quasi-Newton Algorithm for
Continuous Outcomes
  Maximum number of iterations                                 100
  Convergence criterion                                  0.100D-05
Optimization Specifications for the EM Algorithm
  Maximum number of iterations                                 500
  Convergence criteria
    Loglikelihood change                                 0.100D-06
    Relative loglikelihood change                        0.100D-06
    Derivative                                           0.100D-05
Optimization Specifications for the M step of the EM Algorithm for
Categorical Latent variables
  Number of M step iterations                                    1
  M step convergence criterion                           0.100D-05
  Basis for M step termination                           ITERATION
Optimization Specifications for the M step of the EM Algorithm for
Censored, Binary or Ordered Categorical (Ordinal), Unordered
Categorical (Nominal) and Count Outcomes
  Number of M step iterations                                    1
  M step convergence criterion                           0.100D-05
  Basis for M step termination                           ITERATION
  Maximum value for logit thresholds                            15
  Minimum value for logit thresholds                           -15
  Minimum expected cell size for chi-square              0.100D-01
Maximum number of iterations for H1                           2000
Convergence criterion for H1                             0.100D-03
Optimization algorithm                                         EMA
Random Starts Specifications
  Number of initial stage random starts                       4000
  Number of final stage optimizations                         1000
  Number of initial stage iterations                            10
  Initial stage convergence criterion                    0.100D+01
  Random starts scale                                    0.500D+01
  Random seed for generating random starts                       0

Input data file(s)
  /Users/olivierpercie/Desktop/LGM/SAPS/458/SAPS/Results/GMM/CI/isqcub/GMM15.dat
Input data format  FREE


SUMMARY OF DATA

     Number of missing data patterns            53
     Number of y missing data patterns          53
     Number of u missing data patterns           0


COVARIANCE COVERAGE OF DATA

Minimum covariance coverage value   0.100


     PROPORTION OF DATA PRESENT FOR Y


           Covariance Coverage
              SAPS_0        SAPS_1        SAPS_2        SAPS_3        SAPS_6
              ________      ________      ________      ________      ________
 SAPS_0         0.998
 SAPS_1         0.686         0.688
 SAPS_2         0.884         0.614         0.886
 SAPS_3         0.948         0.646         0.858         0.950
 SAPS_6         0.924         0.627         0.825         0.886         0.926
 SAPS_9         0.910         0.616         0.812         0.865         0.847
 SAPS_12        0.889         0.607         0.779         0.841         0.825
 SAPS_18        0.849         0.579         0.740         0.803         0.788
 SAPS_24        0.834         0.557         0.740         0.795         0.773


           Covariance Coverage
              SAPS_9        SAPS_12       SAPS_18       SAPS_24
              ________      ________      ________      ________
 SAPS_9         0.913
 SAPS_12        0.819         0.891
 SAPS_18        0.777         0.771         0.852
 SAPS_24        0.764         0.762         0.760         0.836


SAMPLE STATISTICS


     ESTIMATED SAMPLE STATISTICS


           Means
              SAPS_0        SAPS_1        SAPS_2        SAPS_3        SAPS_6
              ________      ________      ________      ________      ________
               11.660         5.496         3.986         3.350         3.484


           Means
              SAPS_9        SAPS_12       SAPS_18       SAPS_24
              ________      ________      ________      ________
                3.384         3.507         3.378         3.319


           Covariances
              SAPS_0        SAPS_1        SAPS_2        SAPS_3        SAPS_6
              ________      ________      ________      ________      ________
 SAPS_0        10.072
 SAPS_1         3.526        15.084
 SAPS_2         2.770        10.193        13.499
 SAPS_3         2.234         7.353         9.111        12.229
 SAPS_6         2.132         5.879         6.811         6.861        13.753
 SAPS_9         1.403         4.103         5.221         5.561         7.631
 SAPS_12        2.134         3.700         4.230         5.180         6.335
 SAPS_18        0.928         3.192         4.019         5.107         5.212
 SAPS_24        0.485         2.202         3.108         3.596         3.355


           Covariances
              SAPS_9        SAPS_12       SAPS_18       SAPS_24
              ________      ________      ________      ________
 SAPS_9        12.954
 SAPS_12        6.532        14.742
 SAPS_18        4.612         7.043        14.467
 SAPS_24        4.745         5.056         5.975        15.220


           Correlations
              SAPS_0        SAPS_1        SAPS_2        SAPS_3        SAPS_6
              ________      ________      ________      ________      ________
 SAPS_0         1.000
 SAPS_1         0.286         1.000
 SAPS_2         0.238         0.714         1.000
 SAPS_3         0.201         0.541         0.709         1.000
 SAPS_6         0.181         0.408         0.500         0.529         1.000
 SAPS_9         0.123         0.293         0.395         0.442         0.572
 SAPS_12        0.175         0.248         0.300         0.386         0.445
 SAPS_18        0.077         0.216         0.288         0.384         0.370
 SAPS_24        0.039         0.145         0.217         0.264         0.232


           Correlations
              SAPS_9        SAPS_12       SAPS_18       SAPS_24
              ________      ________      ________      ________
 SAPS_9         1.000
 SAPS_12        0.473         1.000
 SAPS_18        0.337         0.482         1.000
 SAPS_24        0.338         0.338         0.403         1.000


     MAXIMUM LOG-LIKELIHOOD VALUE FOR THE UNRESTRICTED (H1) MODEL IS -9264.023


UNIVARIATE SAMPLE STATISTICS


     UNIVARIATE HIGHER-ORDER MOMENT DESCRIPTIVE STATISTICS

         Variable/         Mean/     Skewness/   Minimum/ % with                Percentiles
        Sample Size      Variance    Kurtosis    Maximum  Min/Max      20%/60%    40%/80%    Median

     SAPS_0               11.663      -0.201       2.000    0.44%       9.000     11.000     12.000
             457.000      10.070      -0.208      20.000    0.22%      13.000     14.000
     SAPS_1                5.384       0.489       0.000   10.48%       2.000      4.000      5.000
             315.000      14.694      -0.423      17.000    0.32%       6.000      9.000
     SAPS_2                3.943       1.016       0.000   19.70%       1.000      2.000      3.000
             406.000      13.482       0.592      18.000    0.25%       4.000      7.000
     SAPS_3                3.329       1.110       0.000   29.43%       0.000      1.000      2.000
             435.000      12.087       0.781      16.000    0.23%       3.000      6.000
     SAPS_6                3.441       1.026       0.000   32.08%       0.000      1.000      2.000
             424.000      13.657       0.266      16.000    0.24%       3.000      6.000
     SAPS_9                3.354       1.188       0.000   30.14%       0.000      1.000      2.000
             418.000      13.080       0.983      16.000    0.48%       3.000      6.000
     SAPS_12               3.539       1.267       0.000   28.68%       0.000      2.000      2.000
             408.000      14.793       1.090      18.000    0.25%       3.000      6.000
     SAPS_18               3.338       1.333       0.000   30.77%       0.000      1.000      2.000
             390.000      14.270       1.298      17.000    0.51%       3.000      6.000
     SAPS_24               3.295       1.351       0.000   33.94%       0.000      1.000      2.000
             383.000      15.289       1.164      17.000    0.26%       3.000      6.000

RANDOM STARTS RESULTS RANKED FROM THE BEST TO THE WORST LOGLIKELIHOOD VALUES


2413 perturbed starting value run(s) did not converge or were rejected in the third stage.
Final stage loglikelihood values at local maxima, seeds, and initial stage start numbers:

           -9726.308  650387           2345
           -9726.308  947714           573
           -9726.308  635599           1361
           -9726.308  370434           1832
           -9726.308  216330           2607
           -9726.308  412135           3072
           -9726.308  725009           3633
           -9726.308  347515           24
           -9726.308  311214           64
           -9726.308  3086             2112
           -9726.308  318388           2196
           -9726.308  672942           1098
           -9726.308  34050            2235
           -9726.308  67009            564
           -9726.308  886821           2291
           -9726.308  735121           2294
           -9726.308  974762           2360
           -9726.308  681992           2466
           -9726.308  738393           619
           -9726.308  810705           626
           -9726.308  330591           2510
           -9726.308  644989           2513
           -9726.308  802015           2527
           -9726.308  777178           2530
           -9726.308  209421           2547
           -9726.308  667455           2558
           -9726.308  134413           1290
           -9726.308  13472            1294
           -9726.308  303216           2622
           -9726.308  502546           2633
           -9726.308  426364           1325
           -9726.308  104836           2659
           -9726.308  785822           1339
           -9726.308  36183            1349
           -9726.308  245947           2732
           -9726.308  74838            1367
           -9726.308  153920           2767
           -9726.308  692531           2838
           -9726.308  602306           2856
           -9726.308  707067           2876
           -9726.308  512403           719
           -9726.308  999935           2882
           -9726.308  502495           724
           -9726.308  709906           2904
           -9726.308  294228           2942
           -9726.308  953003           1478
           -9726.308  892537           2957
           -9726.308  536017           2977
           -9726.308  440963           3012
           -9726.308  210846           3030
           -9726.308  528696           3037
           -9726.308  914462           3094
           -9726.308  587750           3135
           -9726.308  227770           3166
           -9726.308  110389           3178
           -9726.308  168870           3295
           -9726.308  705057           3313
           -9726.308  172133           1697
           -9726.308  438127           3425
           -9726.308  977507           1716
           -9726.308  293963           3447
           -9726.308  774692           1764
           -9726.308  18840            3536
           -9726.308  867231           1846
           -9726.308  460304           3764
           -9726.308  242970           1945
           -9726.308  39176            3899
           -9726.308  94573            983
           -9726.308  250631           2013
           -9726.308  253358           2
           -9726.308  80438            246
           -9726.308  529455           268
           -9726.308  483369           270
           -9726.308  798839           312
           -9726.308  415502           194
           -9726.308  57226            208
           -9726.308  568405           233
           -9726.308  432148           30
           -9726.308  137863           1030
           -9726.308  957792           2069
           -9726.308  786248           2076
           -9726.308  32106            2108
           -9726.308  830292           527
           -9726.308  280721           2118
           -9726.308  570842           2137
           -9726.308  77237            2141
           -9726.308  964201           2175
           -9726.308  480675           1112
           -9726.308  191781           2318
           -9726.308  147878           2322
           -9726.308  346838           1170
           -9726.308  855696           2357
           -9726.308  321574           1185
           -9726.308  51375            148
           -9726.308  332986           1193
           -9726.308  483431           2433
           -9726.308  355253           1233
           -9726.308  108382           2471
           -9726.308  778953           635
           -9726.308  626789           1304
           -9726.308  817593           2682
           -9726.308  862221           2694
           -9726.308  199491           1364
           -9726.308  570388           2819
           -9726.308  876370           2855
           -9726.308  779009           1458
           -9726.308  202379           2921
           -9726.308  478341           731
           -9726.308  584602           2973
           -9726.308  575089           2980
           -9726.308  846194           93
           -9726.308  487062           3009
           -9726.308  161831           3016
           -9726.308  137305           379
           -9726.308  979276           3085
           -9726.308  705989           3097
           -9726.308  312587           775
           -9726.308  57148            1561
           -9726.308  921023           782
           -9726.308  131202           1575
           -9726.308  326355           1576
           -9726.308  235969           1579
           -9726.308  675755           3189
           -9726.308  568859           49
           -9726.308  419858           1617
           -9726.308  200041           810
           -9726.308  738379           3247
           -9726.308  58195            3254
           -9726.308  109669           3257
           -9726.308  36369            3258
           -9726.308  144257           3262
           -9726.308  786713           3343
           -9726.308  715647           3390
           -9726.308  106840           3404
           -9726.308  132965           3405
           -9726.308  138555           1712
           -9726.308  641252           3455
           -9726.308  762690           1732
           -9726.308  836345           1752
           -9726.308  636919           3559
           -9726.308  845533           1789
           -9726.308  125727           899
           -9726.308  987487           3627
           -9726.308  704532           3637
           -9726.308  189568           3651
           -9726.308  979450           913
           -9726.308  851553           3675
           -9726.308  697297           3697
           -9726.308  908067           3734
           -9726.308  538872           949
           -9726.308  242560           3868
           -9726.308  633073           3871
           -9726.308  516206           3877
           -9726.308  518791           3884
           -9726.308  224151           973
           -9726.308  116136           1960
           -9726.308  468217           3940
           -9726.308  12177            3942
           -9726.308  835019           1985
           -9726.308  79902            3971
           -9726.308  965994           396
           -9726.308  790059           469
           -9726.308  417035           149
           -9726.308  342019           301
           -9726.308  576596           99
           -9726.308  781190           219
           -9726.308  65651            214
           -9726.308  188498           258
           -9726.308  391179           78
           -9726.308  718336           2280
           -9726.308  624575           2315
           -9726.308  157832           2560
           -9726.308  636052           2569
           -9726.308  652539           2596
           -9726.308  92091            649
           -9726.308  627421           2670
           -9726.308  78021            2731
           -9726.308  7195             697
           -9726.308  696107           1452
           -9726.308  246488           2947
           -9726.308  417002           1499
           -9726.308  703235           3001
           -9726.308  485816           3092
           -9726.308  141203           1639
           -9726.308  627047           3288
           -9726.308  534052           3298
           -9726.308  746304           3335
           -9726.308  278885           3366
           -9726.308  116609           3394
           -9726.308  753939           1785
           -9726.308  414110           1821
           -9726.308  312951           3935
           -9726.308  900921           984

807 perturbed starting value run(s) did not converge or were rejected in the third stage.



THE BEST LOGLIKELIHOOD VALUE HAS BEEN REPLICATED.  RERUN WITH AT LEAST TWICE THE
RANDOM STARTS TO CHECK THAT THE BEST LOGLIKELIHOOD IS STILL OBTAINED AND REPLICATED.

     THE STANDARD ERRORS OF THE MODEL PARAMETER ESTIMATES MAY NOT BE
     TRUSTWORTHY FOR SOME PARAMETERS DUE TO A NON-POSITIVE DEFINITE
     FIRST-ORDER DERIVATIVE PRODUCT MATRIX.  THIS MAY BE DUE TO THE STARTING
     VALUES BUT MAY ALSO BE AN INDICATION OF MODEL NONIDENTIFICATION.  THE
     CONDITION NUMBER IS       0.132D-14.  PROBLEM INVOLVING THE FOLLOWING PARAMETER:
     Parameter 1, %C#1%: SAPS_0 (equality/label)

     THE MODEL ESTIMATION DID NOT TERMINATE NORMALLY DUE TO AN ILL-CONDITIONED
     FISHER INFORMATION MATRIX.  CHANGE YOUR MODEL AND/OR STARTING VALUES.

     THE MODEL ESTIMATION DID NOT TERMINATE NORMALLY DUE TO A NON-POSITIVE
     DEFINITE FISHER INFORMATION MATRIX.  THIS MAY BE DUE TO THE STARTING VALUES
     BUT MAY ALSO BE AN INDICATION OF MODEL NONIDENTIFICATION.  THE CONDITION
     NUMBER IS       0.255D-14.

     THE STANDARD ERRORS OF THE MODEL PARAMETER ESTIMATES COULD NOT BE
     COMPUTED.  THIS IS OFTEN DUE TO THE STARTING VALUES BUT MAY ALSO BE
     AN INDICATION OF MODEL NONIDENTIFICATION.  CHANGE YOUR MODEL AND/OR
     STARTING VALUES.  PROBLEM INVOLVING THE FOLLOWING PARAMETER:
     Parameter 1, %C#1%: SAPS_0 (equality/label)






FINAL CLASS COUNTS AND PROPORTIONS FOR THE LATENT CLASSES
BASED ON THE ESTIMATED MODEL

    Latent
   Classes

       1          0.00000          0.00000
       2        458.00000          1.00000


FINAL CLASS COUNTS AND PROPORTIONS FOR THE LATENT CLASSES
BASED ON ESTIMATED POSTERIOR PROBABILITIES

    Latent
   Classes

       1          0.00000          0.00000
       2        458.00000          1.00000


FINAL CLASS COUNTS AND PROPORTIONS FOR THE LATENT CLASSES
BASED ON THEIR MOST LIKELY LATENT CLASS MEMBERSHIP

Class Counts and Proportions

    Latent
   Classes

       1                0          0.00000
       2              458          1.00000


CLASSIFICATION QUALITY

     Entropy                         1.000


Average Latent Class Probabilities for Most Likely Latent Class Membership (Row)
by Latent Class (Column)

           1        2

    1   0.000    0.000
    2   0.000    1.000


Classification Probabilities for the Most Likely Latent Class Membership (Column)
by Latent Class (Row)

           1        2

    1   0.000    1.000
    2   0.000    1.000


Logits for the Classification Probabilities for the Most Likely Latent Class Membership (Column)
by Latent Class (Row)

              1        2

    1    -13.816    0.000
    2    -13.816    0.000


MODEL RESULTS

                    Estimate

Latent Class 1

 I        |
    SAPS_0             1.000
    SAPS_1             1.000
    SAPS_2             1.000
    SAPS_3             1.000
    SAPS_6             1.000
    SAPS_9             1.000
    SAPS_12            1.000
    SAPS_18            1.000
    SAPS_24            1.000

 S        |
    SAPS_0             0.000
    SAPS_1             1.000
    SAPS_2             2.000
    SAPS_3             3.000
    SAPS_6             6.000
    SAPS_9             9.000
    SAPS_12           12.000
    SAPS_18           18.000
    SAPS_24           24.000

 Q        |
    SAPS_0             0.000
    SAPS_1             1.000
    SAPS_2             4.000
    SAPS_3             9.000
    SAPS_6            36.000
    SAPS_9            81.000
    SAPS_12          144.000
    SAPS_18          324.000
    SAPS_24          576.000

 CUB      |
    SAPS_0             0.000
    SAPS_1             1.000
    SAPS_2             8.000
    SAPS_3            27.000
    SAPS_6           216.000
    SAPS_9           729.000
    SAPS_12         1728.000
    SAPS_18         5832.000
    SAPS_24        13824.000

 I        WITH
    S                 -0.339
    Q                 -0.026
    CUB                0.001

 S        WITH
    Q                 -0.004
    CUB                0.000

 Q        WITH
    CUB                0.000

 Means
    I                 11.250
    S                -10.846
    Q                  3.208
    CUB               -0.238

 Intercepts
    SAPS_0             0.000
    SAPS_1             0.000
    SAPS_2             0.000
    SAPS_3             0.000
    SAPS_6             0.000
    SAPS_9             0.000
    SAPS_12            0.000
    SAPS_18            0.000
    SAPS_24            0.000

 Variances
    I                  8.495
    S                  0.177
    Q                  0.000
    CUB                0.000

 Residual Variances
    SAPS_0            40.986
    SAPS_1             6.043
    SAPS_2             4.876
    SAPS_3             5.007
    SAPS_6             6.717
    SAPS_9             6.889
    SAPS_12            8.192
    SAPS_18            9.760
    SAPS_24           11.847

Latent Class 2

 I        |
    SAPS_0             1.000
    SAPS_1             1.000
    SAPS_2             1.000
    SAPS_3             1.000
    SAPS_6             1.000
    SAPS_9             1.000
    SAPS_12            1.000
    SAPS_18            1.000
    SAPS_24            1.000

 S        |
    SAPS_0             0.000
    SAPS_1             1.000
    SAPS_2             2.000
    SAPS_3             3.000
    SAPS_6             6.000
    SAPS_9             9.000
    SAPS_12           12.000
    SAPS_18           18.000
    SAPS_24           24.000

 Q        |
    SAPS_0             0.000
    SAPS_1             1.000
    SAPS_2             4.000
    SAPS_3             9.000
    SAPS_6            36.000
    SAPS_9            81.000
    SAPS_12          144.000
    SAPS_18          324.000
    SAPS_24          576.000

 CUB      |
    SAPS_0             0.000
    SAPS_1             1.000
    SAPS_2             8.000
    SAPS_3            27.000
    SAPS_6           216.000
    SAPS_9           729.000
    SAPS_12         1728.000
    SAPS_18         5832.000
    SAPS_24        13824.000

 I        WITH
    S                 -0.339
    Q                 -0.026
    CUB                0.001

 S        WITH
    Q                 -0.004
    CUB                0.000

 Q        WITH
    CUB                0.000

 Means
    I                  6.421
    S                 -1.056
    Q                  0.094
    CUB               -0.002

 Intercepts
    SAPS_0             0.000
    SAPS_1             0.000
    SAPS_2             0.000
    SAPS_3             0.000
    SAPS_6             0.000
    SAPS_9             0.000
    SAPS_12            0.000
    SAPS_18            0.000
    SAPS_24            0.000

 Variances
    I                  8.495
    S                  0.177
    Q                  0.000
    CUB                0.000

 Residual Variances
    SAPS_0            40.986
    SAPS_1             6.043
    SAPS_2             4.876
    SAPS_3             5.007
    SAPS_6             6.717
    SAPS_9             6.889
    SAPS_12            8.192
    SAPS_18            9.760
    SAPS_24           11.847

Categorical Latent Variables

 Means
    C#1              -20.930


MODEL COMMAND WITH FINAL ESTIMATES USED AS STARTING VALUES

     %OVERALL%

     i s q cub | saps_0@0 saps_1@1 saps_2@2 saps_3@3 saps_6@6 saps_9@9 saps_12@12 saps_18@18
     saps_24@24;

     [ c#1*-20.93038 ];

     %C#1%

     i WITH s*-0.33896 (15);
     i WITH q*-0.02614 (17);
     i WITH cub*0.00127 (20);
     s WITH q*-0.00440 (18);
     s WITH cub*-0.00009 (21);
     q WITH cub*0.00002 (22);

     [ saps_0@0 ];
     [ saps_1@0 ];
     [ saps_2@0 ];
     [ saps_3@0 ];
     [ saps_6@0 ];
     [ saps_9@0 ];
     [ saps_12@0 ];
     [ saps_18@0 ];
     [ saps_24@0 ];
     [ i*11.25014 ];
     [ s*-10.84625 ];
     [ q*3.20803 ];
     [ cub*-0.23806 ];

     saps_0*40.98594 (1);
     saps_1*6.04334 (2);
     saps_2*4.87620 (3);
     saps_3*5.00656 (4);
     saps_6*6.71748 (5);
     saps_9*6.88912 (6);
     saps_12*8.19193 (7);
     saps_18*9.75966 (8);
     saps_24*11.84700 (9);
     i*8.49548 (14);
     s*0.17731 (16);
     q*-0.00023 (19);
     cub*0.00000 (23);

     %C#2%

     i WITH s*-0.33896 (15);
     i WITH q*-0.02614 (17);
     i WITH cub*0.00127 (20);
     s WITH q*-0.00440 (18);
     s WITH cub*-0.00009 (21);
     q WITH cub*0.00002 (22);

     [ saps_0@0 ];
     [ saps_1@0 ];
     [ saps_2@0 ];
     [ saps_3@0 ];
     [ saps_6@0 ];
     [ saps_9@0 ];
     [ saps_12@0 ];
     [ saps_18@0 ];
     [ saps_24@0 ];
     [ i*6.42097 ];
     [ s*-1.05569 ];
     [ q*0.09379 ];
     [ cub*-0.00232 ];

     saps_0*40.98594 (1);
     saps_1*6.04334 (2);
     saps_2*4.87620 (3);
     saps_3*5.00656 (4);
     saps_6*6.71748 (5);
     saps_9*6.88912 (6);
     saps_12*8.19193 (7);
     saps_18*9.75966 (8);
     saps_24*11.84700 (9);
     i*8.49548 (14);
     s*0.17731 (16);
     q*-0.00023 (19);
     cub*0.00000 (23);



TECHNICAL 1 OUTPUT


     PARAMETER SPECIFICATION FOR LATENT CLASS 1


           NU
              SAPS_0        SAPS_1        SAPS_2        SAPS_3        SAPS_6
              ________      ________      ________      ________      ________
                    0             0             0             0             0


           NU
              SAPS_9        SAPS_12       SAPS_18       SAPS_24
              ________      ________      ________      ________
                    0             0             0             0


           LAMBDA
              I             S             Q             CUB
              ________      ________      ________      ________
 SAPS_0             0             0             0             0
 SAPS_1             0             0             0             0
 SAPS_2             0             0             0             0
 SAPS_3             0             0             0             0
 SAPS_6             0             0             0             0
 SAPS_9             0             0             0             0
 SAPS_12            0             0             0             0
 SAPS_18            0             0             0             0
 SAPS_24            0             0             0             0


           THETA
              SAPS_0        SAPS_1        SAPS_2        SAPS_3        SAPS_6
              ________      ________      ________      ________      ________
 SAPS_0             1
 SAPS_1             0             2
 SAPS_2             0             0             3
 SAPS_3             0             0             0             4
 SAPS_6             0             0             0             0             5
 SAPS_9             0             0             0             0             0
 SAPS_12            0             0             0             0             0
 SAPS_18            0             0             0             0             0
 SAPS_24            0             0             0             0             0


           THETA
              SAPS_9        SAPS_12       SAPS_18       SAPS_24
              ________      ________      ________      ________
 SAPS_9             6
 SAPS_12            0             7
 SAPS_18            0             0             8
 SAPS_24            0             0             0             9


           ALPHA
              I             S             Q             CUB
              ________      ________      ________      ________
                   10            11            12            13


           BETA
              I             S             Q             CUB
              ________      ________      ________      ________
 I                  0             0             0             0
 S                  0             0             0             0
 Q                  0             0             0             0
 CUB                0             0             0             0


           PSI
              I             S             Q             CUB
              ________      ________      ________      ________
 I                 14
 S                 15            16
 Q                 17            18            19
 CUB               20            21            22            23


     PARAMETER SPECIFICATION FOR LATENT CLASS 2


           NU
              SAPS_0        SAPS_1        SAPS_2        SAPS_3        SAPS_6
              ________      ________      ________      ________      ________
                    0             0             0             0             0


           NU
              SAPS_9        SAPS_12       SAPS_18       SAPS_24
              ________      ________      ________      ________
                    0             0             0             0


           LAMBDA
              I             S             Q             CUB
              ________      ________      ________      ________
 SAPS_0             0             0             0             0
 SAPS_1             0             0             0             0
 SAPS_2             0             0             0             0
 SAPS_3             0             0             0             0
 SAPS_6             0             0             0             0
 SAPS_9             0             0             0             0
 SAPS_12            0             0             0             0
 SAPS_18            0             0             0             0
 SAPS_24            0             0             0             0


           THETA
              SAPS_0        SAPS_1        SAPS_2        SAPS_3        SAPS_6
              ________      ________      ________      ________      ________
 SAPS_0             1
 SAPS_1             0             2
 SAPS_2             0             0             3
 SAPS_3             0             0             0             4
 SAPS_6             0             0             0             0             5
 SAPS_9             0             0             0             0             0
 SAPS_12            0             0             0             0             0
 SAPS_18            0             0             0             0             0
 SAPS_24            0             0             0             0             0


           THETA
              SAPS_9        SAPS_12       SAPS_18       SAPS_24
              ________      ________      ________      ________
 SAPS_9             6
 SAPS_12            0             7
 SAPS_18            0             0             8
 SAPS_24            0             0             0             9


           ALPHA
              I             S             Q             CUB
              ________      ________      ________      ________
                   24            25            26            27


           BETA
              I             S             Q             CUB
              ________      ________      ________      ________
 I                  0             0             0             0
 S                  0             0             0             0
 Q                  0             0             0             0
 CUB                0             0             0             0


           PSI
              I             S             Q             CUB
              ________      ________      ________      ________
 I                 14
 S                 15            16
 Q                 17            18            19
 CUB               20            21            22            23


     PARAMETER SPECIFICATION FOR LATENT CLASS REGRESSION MODEL PART


           ALPHA(C)
              C#1           C#2
              ________      ________
                   28             0


     STARTING VALUES FOR LATENT CLASS 1


           NU
              SAPS_0        SAPS_1        SAPS_2        SAPS_3        SAPS_6
              ________      ________      ________      ________      ________
                0.000         0.000         0.000         0.000         0.000


           NU
              SAPS_9        SAPS_12       SAPS_18       SAPS_24
              ________      ________      ________      ________
                0.000         0.000         0.000         0.000


           LAMBDA
              I             S             Q             CUB
              ________      ________      ________      ________
 SAPS_0         1.000         0.000         0.000         0.000
 SAPS_1         1.000         1.000         1.000         1.000
 SAPS_2         1.000         2.000         4.000         8.000
 SAPS_3         1.000         3.000         9.000        27.000
 SAPS_6         1.000         6.000        36.000       216.000
 SAPS_9         1.000         9.000        81.000       729.000
 SAPS_12        1.000        12.000       144.000      1728.000
 SAPS_18        1.000        18.000       324.000      5832.000
 SAPS_24        1.000        24.000       576.000     13824.000


           THETA
              SAPS_0        SAPS_1        SAPS_2        SAPS_3        SAPS_6
              ________      ________      ________      ________      ________
 SAPS_0         5.035
 SAPS_1         0.000         7.347
 SAPS_2         0.000         0.000         6.741
 SAPS_3         0.000         0.000         0.000         6.044
 SAPS_6         0.000         0.000         0.000         0.000         6.828
 SAPS_9         0.000         0.000         0.000         0.000         0.000
 SAPS_12        0.000         0.000         0.000         0.000         0.000
 SAPS_18        0.000         0.000         0.000         0.000         0.000
 SAPS_24        0.000         0.000         0.000         0.000         0.000


           THETA
              SAPS_9        SAPS_12       SAPS_18       SAPS_24
              ________      ________      ________      ________
 SAPS_9         6.540
 SAPS_12        0.000         7.396
 SAPS_18        0.000         0.000         7.135
 SAPS_24        0.000         0.000         0.000         7.644


           ALPHA
              I             S             Q             CUB
              ________      ________      ________      ________
               10.726        -5.429         1.104        -0.066


           BETA
              I             S             Q             CUB
              ________      ________      ________      ________
 I              0.000         0.000         0.000         0.000
 S              0.000         0.000         0.000         0.000
 Q              0.000         0.000         0.000         0.000
 CUB            0.000         0.000         0.000         0.000


           PSI
              I             S             Q             CUB
              ________      ________      ________      ________
 I              9.815
 S              0.000        11.789
 Q              0.000         0.000         1.018
 CUB            0.000         0.000         0.000         0.006


     STARTING VALUES FOR LATENT CLASS 2


           NU
              SAPS_0        SAPS_1        SAPS_2        SAPS_3        SAPS_6
              ________      ________      ________      ________      ________
                0.000         0.000         0.000         0.000         0.000


           NU
              SAPS_9        SAPS_12       SAPS_18       SAPS_24
              ________      ________      ________      ________
                0.000         0.000         0.000         0.000


           LAMBDA
              I             S             Q             CUB
              ________      ________      ________      ________
 SAPS_0         1.000         0.000         0.000         0.000
 SAPS_1         1.000         1.000         1.000         1.000
 SAPS_2         1.000         2.000         4.000         8.000
 SAPS_3         1.000         3.000         9.000        27.000
 SAPS_6         1.000         6.000        36.000       216.000
 SAPS_9         1.000         9.000        81.000       729.000
 SAPS_12        1.000        12.000       144.000      1728.000
 SAPS_18        1.000        18.000       324.000      5832.000
 SAPS_24        1.000        24.000       576.000     13824.000


           THETA
              SAPS_0        SAPS_1        SAPS_2        SAPS_3        SAPS_6
              ________      ________      ________      ________      ________
 SAPS_0         5.035
 SAPS_1         0.000         7.347
 SAPS_2         0.000         0.000         6.741
 SAPS_3         0.000         0.000         0.000         6.044
 SAPS_6         0.000         0.000         0.000         0.000         6.828
 SAPS_9         0.000         0.000         0.000         0.000         0.000
 SAPS_12        0.000         0.000         0.000         0.000         0.000
 SAPS_18        0.000         0.000         0.000         0.000         0.000
 SAPS_24        0.000         0.000         0.000         0.000         0.000


           THETA
              SAPS_9        SAPS_12       SAPS_18       SAPS_24
              ________      ________      ________      ________
 SAPS_9         6.540
 SAPS_12        0.000         7.396
 SAPS_18        0.000         0.000         7.135
 SAPS_24        0.000         0.000         0.000         7.644


           ALPHA
              I             S             Q             CUB
              ________      ________      ________      ________
               10.726        -5.429         1.104        -0.066


           BETA
              I             S             Q             CUB
              ________      ________      ________      ________
 I              0.000         0.000         0.000         0.000
 S              0.000         0.000         0.000         0.000
 Q              0.000         0.000         0.000         0.000
 CUB            0.000         0.000         0.000         0.000


           PSI
              I             S             Q             CUB
              ________      ________      ________      ________
 I              9.815
 S              0.000        11.789
 Q              0.000         0.000         1.018
 CUB            0.000         0.000         0.000         0.006


     STARTING VALUES FOR LATENT CLASS REGRESSION MODEL PART


           ALPHA(C)
              C#1           C#2
              ________      ________
                0.000         0.000


TECHNICAL 7 OUTPUT


     SAMPLE STATISTICS WEIGHTED BY ESTIMATED CLASS PROBABILITIES FOR CLASS 1


           Means
              SAPS_0        SAPS_1        SAPS_2        SAPS_3        SAPS_6
              ________      ________      ________      ________      ________
               16.945         1.022         2.022         1.011         9.988


           Means
              SAPS_9        SAPS_12       SAPS_18       SAPS_24
              ________      ________      ________      ________
                0.022         0.035         0.404         4.246


           Covariances
              SAPS_0        SAPS_1        SAPS_2        SAPS_3        SAPS_6
              ________      ________      ________      ________      ________
 SAPS_0         0.274
 SAPS_1        -0.109         0.046
 SAPS_2        -0.106         0.044         0.043
 SAPS_3        -0.053         0.021         0.021         0.011
 SAPS_6         0.060        -0.023        -0.021        -0.010         0.020
 SAPS_9        -0.108         0.044         0.043         0.021        -0.023
 SAPS_12       -0.102         0.275         0.206         0.207        29.637
 SAPS_18       -0.365        -0.088         4.670         2.379        -3.593
 SAPS_24      -15.974        -4.158        -3.606        -3.218        -4.063


           Covariances
              SAPS_9        SAPS_12       SAPS_18       SAPS_24
              ________      ________      ________      ________
 SAPS_9         0.043
 SAPS_12       -0.001         0.102
 SAPS_18        1.629         6.230         5.520
 SAPS_24       61.087        12.610         0.497         3.529


     SAMPLE STATISTICS WEIGHTED BY ESTIMATED CLASS PROBABILITIES FOR CLASS 2


           Means
              SAPS_0        SAPS_1        SAPS_2        SAPS_3        SAPS_6
              ________      ________      ________      ________      ________
               11.663         5.384         3.943         3.329         3.441


           Means
              SAPS_9        SAPS_12       SAPS_18       SAPS_24
              ________      ________      ________      ________
                3.354         3.539         3.338         3.295


           Covariances
              SAPS_0        SAPS_1        SAPS_2        SAPS_3        SAPS_6
              ________      ________      ________      ________      ________
 SAPS_0        10.070
 SAPS_1         3.565        14.694
 SAPS_2         2.984         8.327        13.482
 SAPS_3         2.269         6.388         8.759        12.087
 SAPS_6         2.439         6.720         7.039         6.314        13.657
 SAPS_9         1.670         4.555         5.760         5.570         7.059
 SAPS_12        2.299         5.412         5.007         5.842         6.033
 SAPS_18        1.025         5.191         5.210         5.058         5.310
 SAPS_24        1.125         3.369         3.411         4.444         3.399


           Covariances
              SAPS_9        SAPS_12       SAPS_18       SAPS_24
              ________      ________      ________      ________
 SAPS_9        13.080
 SAPS_12        6.844        14.793
 SAPS_18        4.589         5.879        14.270
 SAPS_24        4.348         5.258         5.508        15.289


TECHNICAL 11 OUTPUT

     Random Starts Specifications for the k-1 Class Analysis Model
        Number of initial stage random starts                2000
        Number of final stage optimizations                   500



SAVEDATA INFORMATION

     Factor scores were not computed.
     Class probabilities were not computed.
     No data were saved.


     Beginning Time:  17:09:10
        Ending Time:  17:19:04
       Elapsed Time:  00:09:54



MUTHEN & MUTHEN
3463 Stoner Ave.
Los Angeles, CA  90066

Tel: (310) 391-9971
Fax: (310) 391-8971
Web: www.StatModel.com
Support: Support@StatModel.com

Copyright (c) 1998-2021 Muthen & Muthen
