Mplus VERSION 8.6 (Mac)
MUTHEN & MUTHEN
05/12/2022  10:40 PM

INPUT INSTRUCTIONS

  TITLE:
   GMM4i_i s q cub;
  DATA:
  FILE = "/Users/olivierpercie/Desktop/MplusLGM/SANS/Results/GMMi/GMM4/GMM4i_i s q cub.dat";

  VARIABLE:
  NAMES = pin SANS_0 SANS_1 SANS_2 SANS_3 SANS_6 SANS_9 SANS_12 SANS_18 SANS_24;
   MISSING=.;
   USEVAR = SANS_0 SANS_1 SANS_2 SANS_3 SANS_6 SANS_9 SANS_12
  SANS_18 SANS_24;
  IDVAR = pin;
  CLASSES = c(3);

  ANALYSIS:
  TYPE = MIXTURE;
  STARTS = 1000 250;
  K-1STARTS = 500 125;
  PROCESSORS = 8;

  MODEL:
  %OVERALL%
  i s q cub |
  SANS_0@0 SANS_1@1 SANS_2@2 SANS_3@3 SANS_6@6
  SANS_9@9 SANS_12@12 SANS_18@18 SANS_24@24;
  i s q cub;
  %c#1%
  [i s q cub];
  SANS_0 (1)
  SANS_1 (2)
  SANS_2 (3)
  SANS_3 (4)
  SANS_6 (5)
  SANS_9 (6)
  SANS_12 (7)
  SANS_18 (8)
  SANS_24 (9)
  %c#2%
  [i s q cub];
  SANS_0 (10)
  SANS_1 (11)
  SANS_2 (12)
  SANS_3 (13)
  SANS_6 (14)
  SANS_9 (15)
  SANS_12 (16)
  SANS_18 (17)
  SANS_24 (18)
  %c#3%
  [i s q cub];
  SANS_0 (19)
  SANS_1 (20)
  SANS_2 (21)
  SANS_3 (22)
  SANS_6 (23)
  SANS_9 (24)
  SANS_12 (25)
  SANS_18 (26)
  SANS_24 (27)

  OUTPUT:
  sampstat standardized
  TECH1;
  TECH11;

  SAVEDATA:

  FILE = GMM4i_i s q cub_res.dat;
  SAVE = CPROBABILITIES;
  PLOT:
  TYPE = plot3;
  SERIES = SANS_0 (s) SANS_1 (s) SANS_2 (s) SANS_3 (s)
  SANS_6 (s) SANS_9 (s) SANS_12 (s) SANS_18 (s)
  SANS_24 (s);




INPUT READING TERMINATED NORMALLY




GMM4i_i s q cub;

SUMMARY OF ANALYSIS

Number of groups                                                 1
Number of observations                                         405

Number of dependent variables                                    9
Number of independent variables                                  0
Number of continuous latent variables                            4
Number of categorical latent variables                           1

Observed dependent variables

  Continuous
   SANS_0      SANS_1      SANS_2      SANS_3      SANS_6      SANS_9
   SANS_12     SANS_18     SANS_24

Continuous latent variables
   I           S           Q           CUB

Categorical latent variables
   C

Variables with special functions

  ID variable           PIN

Estimator                                                      MLR
Information matrix                                        OBSERVED
Optimization Specifications for the Quasi-Newton Algorithm for
Continuous Outcomes
  Maximum number of iterations                                 100
  Convergence criterion                                  0.100D-05
Optimization Specifications for the EM Algorithm
  Maximum number of iterations                                 500
  Convergence criteria
    Loglikelihood change                                 0.100D-06
    Relative loglikelihood change                        0.100D-06
    Derivative                                           0.100D-05
Optimization Specifications for the M step of the EM Algorithm for
Categorical Latent variables
  Number of M step iterations                                    1
  M step convergence criterion                           0.100D-05
  Basis for M step termination                           ITERATION
Optimization Specifications for the M step of the EM Algorithm for
Censored, Binary or Ordered Categorical (Ordinal), Unordered
Categorical (Nominal) and Count Outcomes
  Number of M step iterations                                    1
  M step convergence criterion                           0.100D-05
  Basis for M step termination                           ITERATION
  Maximum value for logit thresholds                            15
  Minimum value for logit thresholds                           -15
  Minimum expected cell size for chi-square              0.100D-01
Maximum number of iterations for H1                           2000
Convergence criterion for H1                             0.100D-03
Optimization algorithm                                         EMA
Random Starts Specifications
  Number of initial stage random starts                       1000
  Number of final stage optimizations                          250
  Number of initial stage iterations                            10
  Initial stage convergence criterion                    0.100D+01
  Random starts scale                                    0.500D+01
  Random seed for generating random starts                       0

Input data file(s)
  /Users/olivierpercie/Desktop/MplusLGM/SANS/Results/GMMi/GMM4/GMM4i_i s q cub.d
Input data format  FREE


SUMMARY OF DATA

     Number of missing data patterns            63
     Number of y missing data patterns          63
     Number of u missing data patterns           0


COVARIANCE COVERAGE OF DATA

Minimum covariance coverage value   0.100


     PROPORTION OF DATA PRESENT FOR Y


           Covariance Coverage
              SANS_0        SANS_1        SANS_2        SANS_3        SANS_6
              ________      ________      ________      ________      ________
 SANS_0         1.000
 SANS_1         0.674         0.674
 SANS_2         0.852         0.602         0.852
 SANS_3         0.941         0.627         0.822         0.941
 SANS_6         0.911         0.605         0.785         0.872         0.911
 SANS_9         0.862         0.578         0.756         0.807         0.795
 SANS_12        0.872         0.573         0.733         0.815         0.793
 SANS_18        0.820         0.538         0.686         0.765         0.746
 SANS_24        0.793         0.519         0.694         0.743         0.723


           Covariance Coverage
              SANS_9        SANS_12       SANS_18       SANS_24
              ________      ________      ________      ________
 SANS_9         0.862
 SANS_12        0.775         0.872
 SANS_18        0.719         0.746         0.820
 SANS_24        0.721         0.723         0.709         0.793


SAMPLE STATISTICS


     ESTIMATED SAMPLE STATISTICS


           Means
              SANS_0        SANS_1        SANS_2        SANS_3        SANS_6
              ________      ________      ________      ________      ________
               10.062         8.578         7.894         7.834         7.155


           Means
              SANS_9        SANS_12       SANS_18       SANS_24
              ________      ________      ________      ________
                6.786         6.561         6.229         5.847


           Covariances
              SANS_0        SANS_1        SANS_2        SANS_3        SANS_6
              ________      ________      ________      ________      ________
 SANS_0        14.384
 SANS_1         7.973        14.004
 SANS_2         7.764        11.612        15.248
 SANS_3         7.458        10.131        12.060        15.432
 SANS_6         6.505         8.769        10.012        10.491        16.419
 SANS_9         6.586         7.860         9.129        10.062        11.654
 SANS_12        5.976         7.309         8.024         8.481        11.147
 SANS_18        5.672         7.421         7.896         7.853         9.759
 SANS_24        5.187         6.139         6.496         7.439         8.914


           Covariances
              SANS_9        SANS_12       SANS_18       SANS_24
              ________      ________      ________      ________
 SANS_9        17.767
 SANS_12       13.098        18.567
 SANS_18       11.392        12.843        18.508
 SANS_24       10.429        11.152        13.097        19.319


           Correlations
              SANS_0        SANS_1        SANS_2        SANS_3        SANS_6
              ________      ________      ________      ________      ________
 SANS_0         1.000
 SANS_1         0.562         1.000
 SANS_2         0.524         0.795         1.000
 SANS_3         0.501         0.689         0.786         1.000
 SANS_6         0.423         0.578         0.633         0.659         1.000
 SANS_9         0.412         0.498         0.555         0.608         0.682
 SANS_12        0.366         0.453         0.477         0.501         0.638
 SANS_18        0.348         0.461         0.470         0.465         0.560
 SANS_24        0.311         0.373         0.379         0.431         0.501


           Correlations
              SANS_9        SANS_12       SANS_18       SANS_24
              ________      ________      ________      ________
 SANS_9         1.000
 SANS_12        0.721         1.000
 SANS_18        0.628         0.693         1.000
 SANS_24        0.563         0.589         0.693         1.000


     MAXIMUM LOG-LIKELIHOOD VALUE FOR THE UNRESTRICTED (H1) MODEL IS -7840.068


UNIVARIATE SAMPLE STATISTICS


     UNIVARIATE HIGHER-ORDER MOMENT DESCRIPTIVE STATISTICS

         Variable/         Mean/     Skewness/   Minimum/ % with                Percentiles
        Sample Size      Variance    Kurtosis    Maximum  Min/Max      20%/60%    40%/80%    Median

     SANS_0               10.062      -0.101       0.000    0.49%       7.000      9.000     10.000
             405.000      14.384      -0.412      19.000    0.25%      11.000     14.000
     SANS_1                8.758       0.109       0.000    0.73%       6.000      7.000      9.000
             273.000      13.846      -0.295      19.000    0.37%      10.000     12.000
     SANS_2                7.933       0.117       0.000    2.32%       4.000      7.000      8.000
             345.000      15.001      -0.539      19.000    0.29%       9.000     12.000
     SANS_3                7.837       0.134       0.000    2.62%       4.000      7.000      8.000
             381.000      15.428      -0.399      19.000    0.26%       9.000     11.000
     SANS_6                7.100       0.258       0.000    4.34%       3.000      6.000      7.000
             369.000      16.204      -0.467      19.000    0.27%       8.000     11.000
     SANS_9                6.708       0.326       0.000    6.88%       3.000      5.000      6.000
             349.000      17.445      -0.621      17.000    0.86%       7.000     10.000
     SANS_12               6.544       0.382       0.000    7.37%       2.000      5.000      6.000
             353.000      18.180      -0.603      19.000    0.28%       7.000     10.000
     SANS_18               6.250       0.506       0.000    8.13%       2.000      4.000      6.000
             332.000      18.591      -0.491      19.000    0.30%       7.000     10.000
     SANS_24               5.866       0.677       0.000   10.90%       2.000      4.000      5.000
             321.000      18.745      -0.108      20.000    0.31%       6.000     10.000

RANDOM STARTS RESULTS RANKED FROM THE BEST TO THE WORST LOGLIKELIHOOD VALUES


428 perturbed starting value run(s) did not converge or were rejected in the third stage.
Final stage loglikelihood values at local maxima, seeds, and initial stage start numbers:

           -7908.442  46437            153
           -7908.442  605161           409
           -7908.442  485635           876
           -7908.442  188498           258
           -7908.442  486622           522
           -7908.442  467561           819
           -7908.442  85114            385
           -7908.442  853195           431
           -7908.442  40327            971
           -7908.442  unperturbed      0
           -7908.442  466971           109
           -7908.442  603842           61
           -7908.442  788796           145
           -7908.442  692169           308
           -7908.442  443442           380
           -7908.442  391368           802
           -7908.442  39810            966
           -7908.442  175199           247
           -7908.442  860102           495
           -7908.442  967902           52
           -7908.442  573367           986
           -7908.442  887580           493

228 perturbed starting value run(s) did not converge or were rejected in the third stage.



THE BEST LOGLIKELIHOOD VALUE HAS BEEN REPLICATED.  RERUN WITH AT LEAST TWICE THE
RANDOM STARTS TO CHECK THAT THE BEST LOGLIKELIHOOD IS STILL OBTAINED AND REPLICATED.

     THE STANDARD ERRORS OF THE MODEL PARAMETER ESTIMATES MAY NOT BE
     TRUSTWORTHY FOR SOME PARAMETERS DUE TO A NON-POSITIVE DEFINITE
     FIRST-ORDER DERIVATIVE PRODUCT MATRIX.  THIS MAY BE DUE TO THE STARTING
     VALUES BUT MAY ALSO BE AN INDICATION OF MODEL NONIDENTIFICATION.  THE
     CONDITION NUMBER IS       0.326D-14.  PROBLEM INVOLVING THE FOLLOWING PARAMETER:
     Parameter 1, %C#1%: SANS_0

     THE MODEL ESTIMATION DID NOT TERMINATE NORMALLY DUE TO AN ILL-CONDITIONED
     FISHER INFORMATION MATRIX.  CHANGE YOUR MODEL AND/OR STARTING VALUES.

     THE MODEL ESTIMATION DID NOT TERMINATE NORMALLY DUE TO A NON-POSITIVE
     DEFINITE FISHER INFORMATION MATRIX.  THIS MAY BE DUE TO THE STARTING VALUES
     BUT MAY ALSO BE AN INDICATION OF MODEL NONIDENTIFICATION.  THE CONDITION
     NUMBER IS       0.290D-14.

     THE STANDARD ERRORS OF THE MODEL PARAMETER ESTIMATES COULD NOT BE
     COMPUTED.  THIS IS OFTEN DUE TO THE STARTING VALUES BUT MAY ALSO BE
     AN INDICATION OF MODEL NONIDENTIFICATION.  CHANGE YOUR MODEL AND/OR
     STARTING VALUES.  PROBLEM INVOLVING THE FOLLOWING PARAMETER:
     Parameter 1, %C#1%: SANS_0






FINAL CLASS COUNTS AND PROPORTIONS FOR THE LATENT CLASSES
BASED ON THE ESTIMATED MODEL

    Latent
   Classes

       1          0.00000          0.00000
       2        405.00000          1.00000
       3          0.00000          0.00000


FINAL CLASS COUNTS AND PROPORTIONS FOR THE LATENT CLASSES
BASED ON ESTIMATED POSTERIOR PROBABILITIES

    Latent
   Classes

       1          0.00000          0.00000
       2        405.00000          1.00000
       3          0.00000          0.00000


FINAL CLASS COUNTS AND PROPORTIONS FOR THE LATENT CLASSES
BASED ON THEIR MOST LIKELY LATENT CLASS MEMBERSHIP

Class Counts and Proportions

    Latent
   Classes

       1                0          0.00000
       2              405          1.00000
       3                0          0.00000


CLASSIFICATION QUALITY

     Entropy                         1.000


Average Latent Class Probabilities for Most Likely Latent Class Membership (Row)
by Latent Class (Column)

           1        2        3

    1   0.000    0.000    0.000
    2   0.000    1.000    0.000
    3   0.000    0.000    0.000


Classification Probabilities for the Most Likely Latent Class Membership (Column)
by Latent Class (Row)

           1        2        3

    1   0.000    0.000    0.000
    2   0.000    1.000    0.000
    3   0.000    0.000    0.000


Logits for the Classification Probabilities for the Most Likely Latent Class Membership (Column)
by Latent Class (Row)

              1        2        3

    1      0.000    0.000    0.000
    2      0.000   13.816    0.000
    3      0.000    0.000    0.000


MODEL RESULTS

                    Estimate

Latent Class 1

 I        |
    SANS_0             1.000
    SANS_1             1.000
    SANS_2             1.000
    SANS_3             1.000
    SANS_6             1.000
    SANS_9             1.000
    SANS_12            1.000
    SANS_18            1.000
    SANS_24            1.000

 S        |
    SANS_0             0.000
    SANS_1             1.000
    SANS_2             2.000
    SANS_3             3.000
    SANS_6             6.000
    SANS_9             9.000
    SANS_12           12.000
    SANS_18           18.000
    SANS_24           24.000

 Q        |
    SANS_0             0.000
    SANS_1             1.000
    SANS_2             4.000
    SANS_3             9.000
    SANS_6            36.000
    SANS_9            81.000
    SANS_12          144.000
    SANS_18          324.000
    SANS_24          576.000

 CUB      |
    SANS_0             0.000
    SANS_1             1.000
    SANS_2             8.000
    SANS_3            27.000
    SANS_6           216.000
    SANS_9           729.000
    SANS_12         1728.000
    SANS_18         5832.000
    SANS_24        13824.000

 S        WITH
    I                 -0.238

 Q        WITH
    I                 -0.007
    S                 -0.035

 CUB      WITH
    I                  0.000
    S                  0.001
    Q                  0.000

 Means
    I                 -2.928
    S                 -0.687
    Q                 -8.727
    CUB               -4.532

 Intercepts
    SANS_0             0.000
    SANS_1             0.000
    SANS_2             0.000
    SANS_3             0.000
    SANS_6             0.000
    SANS_9             0.000
    SANS_12            0.000
    SANS_18            0.000
    SANS_24            0.000

 Variances
    I                  9.628
    S                  0.420
    Q                  0.004
    CUB                0.000

 Residual Variances
    SANS_0             7.192
    SANS_1             6.923
    SANS_2             7.501
    SANS_3             7.714
    SANS_6             8.102
    SANS_9             8.722
    SANS_12            9.090
    SANS_18            9.296
    SANS_24            9.373

Latent Class 2

 I        |
    SANS_0             1.000
    SANS_1             1.000
    SANS_2             1.000
    SANS_3             1.000
    SANS_6             1.000
    SANS_9             1.000
    SANS_12            1.000
    SANS_18            1.000
    SANS_24            1.000

 S        |
    SANS_0             0.000
    SANS_1             1.000
    SANS_2             2.000
    SANS_3             3.000
    SANS_6             6.000
    SANS_9             9.000
    SANS_12           12.000
    SANS_18           18.000
    SANS_24           24.000

 Q        |
    SANS_0             0.000
    SANS_1             1.000
    SANS_2             4.000
    SANS_3             9.000
    SANS_6            36.000
    SANS_9            81.000
    SANS_12          144.000
    SANS_18          324.000
    SANS_24          576.000

 CUB      |
    SANS_0             0.000
    SANS_1             1.000
    SANS_2             8.000
    SANS_3            27.000
    SANS_6           216.000
    SANS_9           729.000
    SANS_12         1728.000
    SANS_18         5832.000
    SANS_24        13824.000

 S        WITH
    I                 -0.238

 Q        WITH
    I                 -0.007
    S                 -0.035

 CUB      WITH
    I                  0.000
    S                  0.001
    Q                  0.000

 Means
    I                  9.368
    S                 -0.613
    Q                  0.042
    CUB               -0.001

 Intercepts
    SANS_0             0.000
    SANS_1             0.000
    SANS_2             0.000
    SANS_3             0.000
    SANS_6             0.000
    SANS_9             0.000
    SANS_12            0.000
    SANS_18            0.000
    SANS_24            0.000

 Variances
    I                  9.628
    S                  0.420
    Q                  0.004
    CUB                0.000

 Residual Variances
    SANS_0             8.687
    SANS_1             3.724
    SANS_2             3.891
    SANS_3             4.290
    SANS_6             5.257
    SANS_9             5.282
    SANS_12            5.522
    SANS_18            4.150
    SANS_24            4.215

Latent Class 3

 I        |
    SANS_0             1.000
    SANS_1             1.000
    SANS_2             1.000
    SANS_3             1.000
    SANS_6             1.000
    SANS_9             1.000
    SANS_12            1.000
    SANS_18            1.000
    SANS_24            1.000

 S        |
    SANS_0             0.000
    SANS_1             1.000
    SANS_2             2.000
    SANS_3             3.000
    SANS_6             6.000
    SANS_9             9.000
    SANS_12           12.000
    SANS_18           18.000
    SANS_24           24.000

 Q        |
    SANS_0             0.000
    SANS_1             1.000
    SANS_2             4.000
    SANS_3             9.000
    SANS_6            36.000
    SANS_9            81.000
    SANS_12          144.000
    SANS_18          324.000
    SANS_24          576.000

 CUB      |
    SANS_0             0.000
    SANS_1             1.000
    SANS_2             8.000
    SANS_3            27.000
    SANS_6           216.000
    SANS_9           729.000
    SANS_12         1728.000
    SANS_18         5832.000
    SANS_24        13824.000

 S        WITH
    I                 -0.238

 Q        WITH
    I                 -0.007
    S                 -0.035

 CUB      WITH
    I                  0.000
    S                  0.001
    Q                  0.000

 Means
    I                 28.617
    S                 19.261
    Q                  3.571
    CUB               -5.127

 Intercepts
    SANS_0             0.000
    SANS_1             0.000
    SANS_2             0.000
    SANS_3             0.000
    SANS_6             0.000
    SANS_9             0.000
    SANS_12            0.000
    SANS_18            0.000
    SANS_24            0.000

 Variances
    I                  9.628
    S                  0.420
    Q                  0.004
    CUB                0.000

 Residual Variances
    SANS_0             7.192
    SANS_1             6.923
    SANS_2             7.501
    SANS_3             7.714
    SANS_6             8.102
    SANS_9             8.722
    SANS_12            9.090
    SANS_18            9.296
    SANS_24            9.373

Categorical Latent Variables

 Means
    C#1                0.000
    C#2              670.737


MODEL COMMAND WITH FINAL ESTIMATES USED AS STARTING VALUES

     %OVERALL%

     i s q cub |
     sans_0@0 sans_1@1 sans_2@2 sans_3@3 sans_6@6
     sans_9@9 sans_12@12 sans_18@18 sans_24@24;

     [ c#1*0 ];
     [ c#2*670.73682 ];

     %C#1%

     s WITH i*-0.23774 (15);
     q WITH i*-0.00744 (17);
     q WITH s*-0.03523 (18);
     cub WITH i*0.00042 (20);
     cub WITH s*0.00081 (21);
     cub WITH q*-0.00010 (22);

     [ sans_0@0 ];
     [ sans_1@0 ];
     [ sans_2@0 ];
     [ sans_3@0 ];
     [ sans_6@0 ];
     [ sans_9@0 ];
     [ sans_12@0 ];
     [ sans_18@0 ];
     [ sans_24@0 ];
     [ i*-2.92761 ];
     [ s*-0.68737 ];
     [ q*-8.72657 ];
     [ cub*-4.53192 ];

     sans_0*7.19192;
     sans_1*6.92316;
     sans_2*7.50068;
     sans_3*7.71379;
     sans_6*8.10202;
     sans_9*8.72233;
     sans_12*9.09004;
     sans_18*9.29556;
     sans_24*9.37265;
     i*9.62817 (14);
     s*0.41992 (16);
     q*0.00378 (19);
     cub*0.00000 (23);

     %C#2%

     s WITH i*-0.23774 (15);
     q WITH i*-0.00744 (17);
     q WITH s*-0.03523 (18);
     cub WITH i*0.00042 (20);
     cub WITH s*0.00081 (21);
     cub WITH q*-0.00010 (22);

     [ sans_0@0 ];
     [ sans_1@0 ];
     [ sans_2@0 ];
     [ sans_3@0 ];
     [ sans_6@0 ];
     [ sans_9@0 ];
     [ sans_12@0 ];
     [ sans_18@0 ];
     [ sans_24@0 ];
     [ i*9.36785 ];
     [ s*-0.61325 ];
     [ q*0.04249 ];
     [ cub*-0.00096 ];

     sans_0*8.68706;
     sans_1*3.72426;
     sans_2*3.89094;
     sans_3*4.29006;
     sans_6*5.25695;
     sans_9*5.28222;
     sans_12*5.52226;
     sans_18*4.15011;
     sans_24*4.21482;
     i*9.62817 (14);
     s*0.41992 (16);
     q*0.00378 (19);
     cub*0.00000 (23);

     %C#3%

     s WITH i*-0.23774 (15);
     q WITH i*-0.00744 (17);
     q WITH s*-0.03523 (18);
     cub WITH i*0.00042 (20);
     cub WITH s*0.00081 (21);
     cub WITH q*-0.00010 (22);

     [ sans_0@0 ];
     [ sans_1@0 ];
     [ sans_2@0 ];
     [ sans_3@0 ];
     [ sans_6@0 ];
     [ sans_9@0 ];
     [ sans_12@0 ];
     [ sans_18@0 ];
     [ sans_24@0 ];
     [ i*28.61737 ];
     [ s*19.26132 ];
     [ q*3.57135 ];
     [ cub*-5.12687 ];

     sans_0*7.19192;
     sans_1*6.92316;
     sans_2*7.50068;
     sans_3*7.71379;
     sans_6*8.10202;
     sans_9*8.72233;
     sans_12*9.09004;
     sans_18*9.29556;
     sans_24*9.37265;
     i*9.62817 (14);
     s*0.41992 (16);
     q*0.00378 (19);
     cub*0.00000 (23);



TECHNICAL 1 OUTPUT


     PARAMETER SPECIFICATION FOR LATENT CLASS 1


           NU
              SANS_0        SANS_1        SANS_2        SANS_3        SANS_6
              ________      ________      ________      ________      ________
                    0             0             0             0             0


           NU
              SANS_9        SANS_12       SANS_18       SANS_24
              ________      ________      ________      ________
                    0             0             0             0


           LAMBDA
              I             S             Q             CUB
              ________      ________      ________      ________
 SANS_0             0             0             0             0
 SANS_1             0             0             0             0
 SANS_2             0             0             0             0
 SANS_3             0             0             0             0
 SANS_6             0             0             0             0
 SANS_9             0             0             0             0
 SANS_12            0             0             0             0
 SANS_18            0             0             0             0
 SANS_24            0             0             0             0


           THETA
              SANS_0        SANS_1        SANS_2        SANS_3        SANS_6
              ________      ________      ________      ________      ________
 SANS_0             1
 SANS_1             0             2
 SANS_2             0             0             3
 SANS_3             0             0             0             4
 SANS_6             0             0             0             0             5
 SANS_9             0             0             0             0             0
 SANS_12            0             0             0             0             0
 SANS_18            0             0             0             0             0
 SANS_24            0             0             0             0             0


           THETA
              SANS_9        SANS_12       SANS_18       SANS_24
              ________      ________      ________      ________
 SANS_9             6
 SANS_12            0             7
 SANS_18            0             0             8
 SANS_24            0             0             0             9


           ALPHA
              I             S             Q             CUB
              ________      ________      ________      ________
                   10            11            12            13


           BETA
              I             S             Q             CUB
              ________      ________      ________      ________
 I                  0             0             0             0
 S                  0             0             0             0
 Q                  0             0             0             0
 CUB                0             0             0             0


           PSI
              I             S             Q             CUB
              ________      ________      ________      ________
 I                 14
 S                 15            16
 Q                 17            18            19
 CUB               20            21            22            23


     PARAMETER SPECIFICATION FOR LATENT CLASS 2


           NU
              SANS_0        SANS_1        SANS_2        SANS_3        SANS_6
              ________      ________      ________      ________      ________
                    0             0             0             0             0


           NU
              SANS_9        SANS_12       SANS_18       SANS_24
              ________      ________      ________      ________
                    0             0             0             0


           LAMBDA
              I             S             Q             CUB
              ________      ________      ________      ________
 SANS_0             0             0             0             0
 SANS_1             0             0             0             0
 SANS_2             0             0             0             0
 SANS_3             0             0             0             0
 SANS_6             0             0             0             0
 SANS_9             0             0             0             0
 SANS_12            0             0             0             0
 SANS_18            0             0             0             0
 SANS_24            0             0             0             0


           THETA
              SANS_0        SANS_1        SANS_2        SANS_3        SANS_6
              ________      ________      ________      ________      ________
 SANS_0            24
 SANS_1             0            25
 SANS_2             0             0            26
 SANS_3             0             0             0            27
 SANS_6             0             0             0             0            28
 SANS_9             0             0             0             0             0
 SANS_12            0             0             0             0             0
 SANS_18            0             0             0             0             0
 SANS_24            0             0             0             0             0


           THETA
              SANS_9        SANS_12       SANS_18       SANS_24
              ________      ________      ________      ________
 SANS_9            29
 SANS_12            0            30
 SANS_18            0             0            31
 SANS_24            0             0             0            32


           ALPHA
              I             S             Q             CUB
              ________      ________      ________      ________
                   33            34            35            36


           BETA
              I             S             Q             CUB
              ________      ________      ________      ________
 I                  0             0             0             0
 S                  0             0             0             0
 Q                  0             0             0             0
 CUB                0             0             0             0


           PSI
              I             S             Q             CUB
              ________      ________      ________      ________
 I                 14
 S                 15            16
 Q                 17            18            19
 CUB               20            21            22            23


     PARAMETER SPECIFICATION FOR LATENT CLASS 3


           NU
              SANS_0        SANS_1        SANS_2        SANS_3        SANS_6
              ________      ________      ________      ________      ________
                    0             0             0             0             0


           NU
              SANS_9        SANS_12       SANS_18       SANS_24
              ________      ________      ________      ________
                    0             0             0             0


           LAMBDA
              I             S             Q             CUB
              ________      ________      ________      ________
 SANS_0             0             0             0             0
 SANS_1             0             0             0             0
 SANS_2             0             0             0             0
 SANS_3             0             0             0             0
 SANS_6             0             0             0             0
 SANS_9             0             0             0             0
 SANS_12            0             0             0             0
 SANS_18            0             0             0             0
 SANS_24            0             0             0             0


           THETA
              SANS_0        SANS_1        SANS_2        SANS_3        SANS_6
              ________      ________      ________      ________      ________
 SANS_0            37
 SANS_1             0            38
 SANS_2             0             0            39
 SANS_3             0             0             0            40
 SANS_6             0             0             0             0            41
 SANS_9             0             0             0             0             0
 SANS_12            0             0             0             0             0
 SANS_18            0             0             0             0             0
 SANS_24            0             0             0             0             0


           THETA
              SANS_9        SANS_12       SANS_18       SANS_24
              ________      ________      ________      ________
 SANS_9            42
 SANS_12            0            43
 SANS_18            0             0            44
 SANS_24            0             0             0            45


           ALPHA
              I             S             Q             CUB
              ________      ________      ________      ________
                   46            47            48            49


           BETA
              I             S             Q             CUB
              ________      ________      ________      ________
 I                  0             0             0             0
 S                  0             0             0             0
 Q                  0             0             0             0
 CUB                0             0             0             0


           PSI
              I             S             Q             CUB
              ________      ________      ________      ________
 I                 14
 S                 15            16
 Q                 17            18            19
 CUB               20            21            22            23


     PARAMETER SPECIFICATION FOR LATENT CLASS REGRESSION MODEL PART


           ALPHA(C)
              C#1           C#2           C#3
              ________      ________      ________
                   50            51             0


     STARTING VALUES FOR LATENT CLASS 1


           NU
              SANS_0        SANS_1        SANS_2        SANS_3        SANS_6
              ________      ________      ________      ________      ________
                0.000         0.000         0.000         0.000         0.000


           NU
              SANS_9        SANS_12       SANS_18       SANS_24
              ________      ________      ________      ________
                0.000         0.000         0.000         0.000


           LAMBDA
              I             S             Q             CUB
              ________      ________      ________      ________
 SANS_0         1.000         0.000         0.000         0.000
 SANS_1         1.000         1.000         1.000         1.000
 SANS_2         1.000         2.000         4.000         8.000
 SANS_3         1.000         3.000         9.000        27.000
 SANS_6         1.000         6.000        36.000       216.000
 SANS_9         1.000         9.000        81.000       729.000
 SANS_12        1.000        12.000       144.000      1728.000
 SANS_18        1.000        18.000       324.000      5832.000
 SANS_24        1.000        24.000       576.000     13824.000


           THETA
              SANS_0        SANS_1        SANS_2        SANS_3        SANS_6
              ________      ________      ________      ________      ________
 SANS_0         7.192
 SANS_1         0.000         6.923
 SANS_2         0.000         0.000         7.501
 SANS_3         0.000         0.000         0.000         7.714
 SANS_6         0.000         0.000         0.000         0.000         8.102
 SANS_9         0.000         0.000         0.000         0.000         0.000
 SANS_12        0.000         0.000         0.000         0.000         0.000
 SANS_18        0.000         0.000         0.000         0.000         0.000
 SANS_24        0.000         0.000         0.000         0.000         0.000


           THETA
              SANS_9        SANS_12       SANS_18       SANS_24
              ________      ________      ________      ________
 SANS_9         8.722
 SANS_12        0.000         9.090
 SANS_18        0.000         0.000         9.296
 SANS_24        0.000         0.000         0.000         9.373


           ALPHA
              I             S             Q             CUB
              ________      ________      ________      ________
               10.660        -3.152         1.254        -0.132


           BETA
              I             S             Q             CUB
              ________      ________      ________      ________
 I              0.000         0.000         0.000         0.000
 S              0.000         0.000         0.000         0.000
 Q              0.000         0.000         0.000         0.000
 CUB            0.000         0.000         0.000         0.000


           PSI
              I             S             Q             CUB
              ________      ________      ________      ________
 I             19.685
 S              0.000        38.780
 Q              0.000         0.000         6.003
 CUB            0.000         0.000         0.000         0.066


     STARTING VALUES FOR LATENT CLASS 2


           NU
              SANS_0        SANS_1        SANS_2        SANS_3        SANS_6
              ________      ________      ________      ________      ________
                0.000         0.000         0.000         0.000         0.000


           NU
              SANS_9        SANS_12       SANS_18       SANS_24
              ________      ________      ________      ________
                0.000         0.000         0.000         0.000


           LAMBDA
              I             S             Q             CUB
              ________      ________      ________      ________
 SANS_0         1.000         0.000         0.000         0.000
 SANS_1         1.000         1.000         1.000         1.000
 SANS_2         1.000         2.000         4.000         8.000
 SANS_3         1.000         3.000         9.000        27.000
 SANS_6         1.000         6.000        36.000       216.000
 SANS_9         1.000         9.000        81.000       729.000
 SANS_12        1.000        12.000       144.000      1728.000
 SANS_18        1.000        18.000       324.000      5832.000
 SANS_24        1.000        24.000       576.000     13824.000


           THETA
              SANS_0        SANS_1        SANS_2        SANS_3        SANS_6
              ________      ________      ________      ________      ________
 SANS_0         7.192
 SANS_1         0.000         6.923
 SANS_2         0.000         0.000         7.501
 SANS_3         0.000         0.000         0.000         7.714
 SANS_6         0.000         0.000         0.000         0.000         8.102
 SANS_9         0.000         0.000         0.000         0.000         0.000
 SANS_12        0.000         0.000         0.000         0.000         0.000
 SANS_18        0.000         0.000         0.000         0.000         0.000
 SANS_24        0.000         0.000         0.000         0.000         0.000


           THETA
              SANS_9        SANS_12       SANS_18       SANS_24
              ________      ________      ________      ________
 SANS_9         8.722
 SANS_12        0.000         9.090
 SANS_18        0.000         0.000         9.296
 SANS_24        0.000         0.000         0.000         9.373


           ALPHA
              I             S             Q             CUB
              ________      ________      ________      ________
               10.660        -3.152         1.254        -0.132


           BETA
              I             S             Q             CUB
              ________      ________      ________      ________
 I              0.000         0.000         0.000         0.000
 S              0.000         0.000         0.000         0.000
 Q              0.000         0.000         0.000         0.000
 CUB            0.000         0.000         0.000         0.000


           PSI
              I             S             Q             CUB
              ________      ________      ________      ________
 I             19.685
 S              0.000        38.780
 Q              0.000         0.000         6.003
 CUB            0.000         0.000         0.000         0.066


     STARTING VALUES FOR LATENT CLASS 3


           NU
              SANS_0        SANS_1        SANS_2        SANS_3        SANS_6
              ________      ________      ________      ________      ________
                0.000         0.000         0.000         0.000         0.000


           NU
              SANS_9        SANS_12       SANS_18       SANS_24
              ________      ________      ________      ________
                0.000         0.000         0.000         0.000


           LAMBDA
              I             S             Q             CUB
              ________      ________      ________      ________
 SANS_0         1.000         0.000         0.000         0.000
 SANS_1         1.000         1.000         1.000         1.000
 SANS_2         1.000         2.000         4.000         8.000
 SANS_3         1.000         3.000         9.000        27.000
 SANS_6         1.000         6.000        36.000       216.000
 SANS_9         1.000         9.000        81.000       729.000
 SANS_12        1.000        12.000       144.000      1728.000
 SANS_18        1.000        18.000       324.000      5832.000
 SANS_24        1.000        24.000       576.000     13824.000


           THETA
              SANS_0        SANS_1        SANS_2        SANS_3        SANS_6
              ________      ________      ________      ________      ________
 SANS_0         7.192
 SANS_1         0.000         6.923
 SANS_2         0.000         0.000         7.501
 SANS_3         0.000         0.000         0.000         7.714
 SANS_6         0.000         0.000         0.000         0.000         8.102
 SANS_9         0.000         0.000         0.000         0.000         0.000
 SANS_12        0.000         0.000         0.000         0.000         0.000
 SANS_18        0.000         0.000         0.000         0.000         0.000
 SANS_24        0.000         0.000         0.000         0.000         0.000


           THETA
              SANS_9        SANS_12       SANS_18       SANS_24
              ________      ________      ________      ________
 SANS_9         8.722
 SANS_12        0.000         9.090
 SANS_18        0.000         0.000         9.296
 SANS_24        0.000         0.000         0.000         9.373


           ALPHA
              I             S             Q             CUB
              ________      ________      ________      ________
               10.660        -3.152         1.254        -0.132


           BETA
              I             S             Q             CUB
              ________      ________      ________      ________
 I              0.000         0.000         0.000         0.000
 S              0.000         0.000         0.000         0.000
 Q              0.000         0.000         0.000         0.000
 CUB            0.000         0.000         0.000         0.000


           PSI
              I             S             Q             CUB
              ________      ________      ________      ________
 I             19.685
 S              0.000        38.780
 Q              0.000         0.000         6.003
 CUB            0.000         0.000         0.000         0.066


     STARTING VALUES FOR LATENT CLASS REGRESSION MODEL PART


           ALPHA(C)
              C#1           C#2           C#3
              ________      ________      ________
                0.000         0.000         0.000


TECHNICAL 11 OUTPUT

     Random Starts Specifications for the k-1 Class Analysis Model
        Number of initial stage random starts                 500
        Number of final stage optimizations                   125



SAVEDATA INFORMATION

     Class probabilities were not computed.
     No data were saved.


     Beginning Time:  22:40:31
        Ending Time:  22:44:57
       Elapsed Time:  00:04:26



MUTHEN & MUTHEN
3463 Stoner Ave.
Los Angeles, CA  90066

Tel: (310) 391-9971
Fax: (310) 391-8971
Web: www.StatModel.com
Support: Support@StatModel.com

Copyright (c) 1998-2021 Muthen & Muthen
