Mplus VERSION 8.6 (Mac)
MUTHEN & MUTHEN
09/05/2023   9:11 PM

INPUT INSTRUCTIONS

  TITLE:
  LCGA2_P3_K2_S500

  DATA:
  FILE = "/Users/olivierpercie/Desktop/LGM/SAPS/689/Results/LCGA2/P=3/K=2/K2_S500.dat";

  VARIABLE:
  NAMES = pin SAPS_0 SAPS_1 SAPS_2 SAPS_3 SAPS_6 SAPS_9 SAPS_12 SAPS_18 SAPS_24;
   MISSING=.;
   USEVAR = SAPS_0 SAPS_1 SAPS_2 SAPS_3 SAPS_6 SAPS_9 SAPS_12
  SAPS_18 SAPS_24;
  IDVAR = pin;
  CLASSES = c(2);

  ANALYSIS:
  TYPE = MIXTURE;
  STARTS = 500 125;
  K-1STARTS = 250 62.5;
  PROCESSORS = 8;

  MODEL:
  %OVERALL%
  i s q cub |
  SAPS_0@0 SAPS_1@1 SAPS_2@2 SAPS_3@3 SAPS_6@6
  SAPS_9@9 SAPS_12@12 SAPS_18@18 SAPS_24@24;
  i-cub@0;
  SAPS_0 (1);
  SAPS_1 (2);
  SAPS_2 (3);
  SAPS_3 (4);
  SAPS_6 (5);
  SAPS_9 (6);
  SAPS_12 (7);
  SAPS_18 (8);
  SAPS_24 (9);
  %c#1%
  [i s q cub];
  %c#2%
  [i s q cub];

  OUTPUT:
  SAMPSTAT STANDARDIZED;
  TECH1;
  TECH11;

  SAVEDATA:
  FILE = K2_S500_res.dat;
  SAVE = CPROBABILITIES FSCORES;

  PLOT:
  TYPE = plot3;
  SERIES = SAPS_0 (s) SAPS_1 (s) SAPS_2 (s) SAPS_3 (s)
  SAPS_6 (s) SAPS_9 (s) SAPS_12 (s) SAPS_18 (s)
  SAPS_24 (s);




*** WARNING in MODEL command
  All continuous latent variable covariances involving I have been fixed to 0
  because the variance of I is fixed at 0.
*** WARNING in MODEL command
  All continuous latent variable covariances involving S have been fixed to 0
  because the variance of S is fixed at 0.
*** WARNING in MODEL command
  All continuous latent variable covariances involving Q have been fixed to 0
  because the variance of Q is fixed at 0.
*** WARNING
  Data set contains cases with missing on all variables.
  These cases were not included in the analysis.
  Number of cases with missing on all variables:  10
   4 WARNING(S) FOUND IN THE INPUT INSTRUCTIONS




LCGA2_P3_K2_S500

SUMMARY OF ANALYSIS

Number of groups                                                 1
Number of observations                                         679

Number of dependent variables                                    9
Number of independent variables                                  0
Number of continuous latent variables                            4
Number of categorical latent variables                           1

Observed dependent variables

  Continuous
   SAPS_0      SAPS_1      SAPS_2      SAPS_3      SAPS_6      SAPS_9
   SAPS_12     SAPS_18     SAPS_24

Continuous latent variables
   I           S           Q           CUB

Categorical latent variables
   C

Variables with special functions

  ID variable           PIN

Estimator                                                      MLR
Information matrix                                        OBSERVED
Optimization Specifications for the Quasi-Newton Algorithm for
Continuous Outcomes
  Maximum number of iterations                                 100
  Convergence criterion                                  0.100D-05
Optimization Specifications for the EM Algorithm
  Maximum number of iterations                                 500
  Convergence criteria
    Loglikelihood change                                 0.100D-06
    Relative loglikelihood change                        0.100D-06
    Derivative                                           0.100D-05
Optimization Specifications for the M step of the EM Algorithm for
Categorical Latent variables
  Number of M step iterations                                    1
  M step convergence criterion                           0.100D-05
  Basis for M step termination                           ITERATION
Optimization Specifications for the M step of the EM Algorithm for
Censored, Binary or Ordered Categorical (Ordinal), Unordered
Categorical (Nominal) and Count Outcomes
  Number of M step iterations                                    1
  M step convergence criterion                           0.100D-05
  Basis for M step termination                           ITERATION
  Maximum value for logit thresholds                            15
  Minimum value for logit thresholds                           -15
  Minimum expected cell size for chi-square              0.100D-01
Maximum number of iterations for H1                           2000
Convergence criterion for H1                             0.100D-03
Optimization algorithm                                         EMA
Random Starts Specifications
  Number of initial stage random starts                        500
  Number of final stage optimizations                          125
  Number of initial stage iterations                            10
  Initial stage convergence criterion                    0.100D+01
  Random starts scale                                    0.500D+01
  Random seed for generating random starts                       0

Input data file(s)
  /Users/olivierpercie/Desktop/LGM/SAPS/689/Results/LCGA2/P=3/K=2/K2_S500.dat
Input data format  FREE


SUMMARY OF DATA

     Number of missing data patterns           111
     Number of y missing data patterns         111
     Number of u missing data patterns           0


COVARIANCE COVERAGE OF DATA

Minimum covariance coverage value   0.100


     PROPORTION OF DATA PRESENT FOR Y


           Covariance Coverage
              SAPS_0        SAPS_1        SAPS_2        SAPS_3        SAPS_6
              ________      ________      ________      ________      ________
 SAPS_0         0.991
 SAPS_1         0.533         0.536
 SAPS_2         0.672         0.454         0.673
 SAPS_3         0.826         0.471         0.629         0.828
 SAPS_6         0.760         0.445         0.586         0.722         0.764
 SAPS_9         0.647         0.423         0.554         0.598         0.586
 SAPS_12        0.673         0.417         0.533         0.619         0.610
 SAPS_18        0.626         0.398         0.508         0.571         0.558
 SAPS_24        0.588         0.381         0.502         0.541         0.529


           Covariance Coverage
              SAPS_9        SAPS_12       SAPS_18       SAPS_24
              ________      ________      ________      ________
 SAPS_9         0.651
 SAPS_12        0.570         0.679
 SAPS_18        0.536         0.557         0.632
 SAPS_24        0.526         0.533         0.533         0.595


SAMPLE STATISTICS


     ESTIMATED SAMPLE STATISTICS


           Means
              SAPS_0        SAPS_1        SAPS_2        SAPS_3        SAPS_6
              ________      ________      ________      ________      ________
               11.401         5.620         4.214         3.605         3.639


           Means
              SAPS_9        SAPS_12       SAPS_18       SAPS_24
              ________      ________      ________      ________
                3.516         3.565         3.460         3.378


           Covariances
              SAPS_0        SAPS_1        SAPS_2        SAPS_3        SAPS_6
              ________      ________      ________      ________      ________
 SAPS_0        10.540
 SAPS_1         3.457        15.080
 SAPS_2         2.269        10.386        13.858
 SAPS_3         1.479         7.515         9.584        13.304
 SAPS_6         1.361         5.736         6.841         6.928        13.800
 SAPS_9         1.117         4.100         5.363         5.845         7.433
 SAPS_12        1.636         3.492         4.238         5.413         5.876
 SAPS_18        0.585         3.200         4.163         5.209         5.015
 SAPS_24        0.345         2.231         3.194         3.727         3.266


           Covariances
              SAPS_9        SAPS_12       SAPS_18       SAPS_24
              ________      ________      ________      ________
 SAPS_9        13.154
 SAPS_12        6.330        15.032
 SAPS_18        4.641         6.892        14.351
 SAPS_24        4.612         4.985         6.137        15.065


           Correlations
              SAPS_0        SAPS_1        SAPS_2        SAPS_3        SAPS_6
              ________      ________      ________      ________      ________
 SAPS_0         1.000
 SAPS_1         0.274         1.000
 SAPS_2         0.188         0.718         1.000
 SAPS_3         0.125         0.531         0.706         1.000
 SAPS_6         0.113         0.398         0.495         0.511         1.000
 SAPS_9         0.095         0.291         0.397         0.442         0.552
 SAPS_12        0.130         0.232         0.294         0.383         0.408
 SAPS_18        0.048         0.218         0.295         0.377         0.356
 SAPS_24        0.027         0.148         0.221         0.263         0.226


           Correlations
              SAPS_9        SAPS_12       SAPS_18       SAPS_24
              ________      ________      ________      ________
 SAPS_9         1.000
 SAPS_12        0.450         1.000
 SAPS_18        0.338         0.469         1.000
 SAPS_24        0.328         0.331         0.417         1.000


     MAXIMUM LOG-LIKELIHOOD VALUE FOR THE UNRESTRICTED (H1) MODEL IS -11088.331


UNIVARIATE SAMPLE STATISTICS


     UNIVARIATE HIGHER-ORDER MOMENT DESCRIPTIVE STATISTICS

         Variable/         Mean/     Skewness/   Minimum/ % with                Percentiles
        Sample Size      Variance    Kurtosis    Maximum  Min/Max      20%/60%    40%/80%    Median

     SAPS_0               11.403      -0.174       2.000    0.45%       8.000     11.000     12.000
             673.000      10.538      -0.293      20.000    0.15%      13.000     14.000
     SAPS_1                5.440       0.457       0.000   10.16%       2.000      4.000      5.000
             364.000      14.543      -0.491      17.000    0.27%       6.000      9.000
     SAPS_2                4.046       0.922       0.000   19.26%       1.000      2.000      3.000
             457.000      13.466       0.343      18.000    0.22%       4.000      7.000
     SAPS_3                3.520       1.117       0.000   27.40%       0.000      2.000      2.000
             562.000      13.139       0.783      17.000    0.18%       4.000      6.000
     SAPS_6                3.572       0.963       0.000   30.25%       0.000      2.000      2.000
             519.000      13.678       0.100      16.000    0.19%       4.000      7.000
     SAPS_9                3.446       1.146       0.000   29.19%       0.000      1.000      2.000
             442.000      13.310       0.862      16.000    0.45%       3.000      6.000
     SAPS_12               3.577       1.257       0.000   28.63%       0.000      2.000      2.000
             461.000      15.081       1.015      18.000    0.22%       3.000      6.000
     SAPS_18               3.375       1.295       0.000   30.30%       0.000      1.000      2.000
             429.000      14.206       1.176      17.000    0.47%       3.000      6.000
     SAPS_24               3.297       1.336       0.000   33.91%       0.000      1.000      2.000
             404.000      15.080       1.145      17.000    0.25%       3.000      6.000

RANDOM STARTS RESULTS RANKED FROM THE BEST TO THE WORST LOGLIKELIHOOD VALUES

Final stage loglikelihood values at local maxima, seeds, and initial stage start numbers:

          -11671.751  871851           257
          -11671.751  393232           152
          -11671.751  396795           323
          -11671.751  146900           391
          -11671.751  629320           222
          -11671.751  614535           449
          -11671.751  345070           114
          -11671.751  7959             256
          -11671.751  227563           63
          -11671.751  616917           261
          -11671.751  930323           267
          -11671.751  789985           67
          -11671.751  15715            274
          -11671.751  848331           137
          -11671.751  387701           275
          -11671.751  948615           140
          -11671.751  475420           71
          -11671.751  220454           288
          -11671.751  534483           290
          -11671.751  211281           292
          -11671.751  863094           147
          -11671.751  391949           295
          -11671.751  51375            148
          -11671.751  43523            297
          -11671.751  695155           150
          -11671.751  92689            304
          -11671.751  692169           308
          -11671.751  12477            155
          -11671.751  479273           156
          -11671.751  521575           313
          -11671.751  391179           78
          -11671.751  972873           157
          -11671.751  414284           158
          -11671.751  414828           322
          -11671.751  829540           324
          -11671.751  535063           329
          -11671.751  197223           332
          -11671.751  669634           335
          -11671.751  303634           169
          -11671.751  783165           170
          -11671.751  569833           85
          -11671.751  529496           343
          -11671.751  404426           344
          -11671.751  314757           345
          -11671.751  625191           350
          -11671.751  319144           176
          -11671.751  373505           88
          -11671.751  850545           357
          -11671.751  195763           358
          -11671.751  131856           90
          -11671.751  22362            365
          -11671.751  813779           92
          -11671.751  621542           375
          -11671.751  153053           378
          -11671.751  443442           380
          -11671.751  210870           383
          -11671.751  496881           192
          -11671.751  416250           390
          -11671.751  723775           97
          -11671.751  202790           198
          -11671.751  61587            400
          -11671.751  168762           200
          -11671.751  700349           401
          -11671.751  575700           100
          -11671.751  748692           204
          -11671.751  97158            205
          -11671.751  85734            411
          -11671.751  791285           416
          -11671.751  665121           417
          -11671.751  30098            209
          -11671.751  802682           419
          -11671.751  65651            214
          -11671.751  640833           434
          -11671.751  399380           436
          -11671.751  781190           219
          -11671.751  631413           439
          -11671.751  392407           221
          -11671.751  217130           443
          -11671.751  508482           446
          -11671.751  408713           450
          -11671.751  267983           228
          -11671.751  997222           229
          -11671.751  662718           460
          -11671.751  345726           461
          -11671.751  960438           116
          -11671.751  416463           467
          -11671.751  862607           468
          -11671.751  170118           238
          -11671.751  226322           478
          -11671.751  455617           242
          -11671.751  425982           485
          -11671.751  635245           121
          -11671.751  887580           493
          -11671.751  175199           247
          -11671.751  978781           497
          -11671.751  268896           124
          -11671.751  471438           252
          -11671.751  340112           126
          -11671.751  637345           19
          -11671.751  848163           47
          -11671.751  830392           35
          -11671.751  407168           44
          -11671.751  415931           10
          -11671.751  804561           59
          -11671.751  568859           49
          -11671.751  399671           13
          -11671.751  127215           9
          -11671.751  68985            17
          -11671.751  551639           55
          -11671.751  76974            16
          -11671.751  851945           18
          -11671.751  120506           45
          -11671.751  313407           132
          -11671.751  437181           135
          -11671.751  724519           333
          -11671.751  765392           382
          -11671.751  395754           388
          -11671.751  263221           447

7 perturbed starting value run(s) did not converge or were rejected in the third stage.



THE BEST LOGLIKELIHOOD VALUE HAS BEEN REPLICATED.  RERUN WITH AT LEAST TWICE THE
RANDOM STARTS TO CHECK THAT THE BEST LOGLIKELIHOOD IS STILL OBTAINED AND REPLICATED.


THE MODEL ESTIMATION TERMINATED NORMALLY



MODEL FIT INFORMATION

Number of Free Parameters                       18

Loglikelihood

          H0 Value                      -11671.751
          H0 Scaling Correction Factor      1.5496
            for MLR

Information Criteria

          Akaike (AIC)                   23379.503
          Bayesian (BIC)                 23460.874
          Sample-Size Adjusted BIC       23403.722
            (n* = (n + 2) / 24)



FINAL CLASS COUNTS AND PROPORTIONS FOR THE LATENT CLASSES
BASED ON THE ESTIMATED MODEL

    Latent
   Classes

       1        455.43459          0.67074
       2        223.56541          0.32926


FINAL CLASS COUNTS AND PROPORTIONS FOR THE LATENT CLASSES
BASED ON ESTIMATED POSTERIOR PROBABILITIES

    Latent
   Classes

       1        455.43459          0.67074
       2        223.56541          0.32926


FINAL CLASS COUNTS AND PROPORTIONS FOR THE LATENT CLASSES
BASED ON THEIR MOST LIKELY LATENT CLASS MEMBERSHIP

Class Counts and Proportions

    Latent
   Classes

       1              472          0.69514
       2              207          0.30486


CLASSIFICATION QUALITY

     Entropy                         0.732


Average Latent Class Probabilities for Most Likely Latent Class Membership (Row)
by Latent Class (Column)

           1        2

    1   0.921    0.079
    2   0.100    0.900


Classification Probabilities for the Most Likely Latent Class Membership (Column)
by Latent Class (Row)

           1        2

    1   0.955    0.045
    2   0.166    0.834


Logits for the Classification Probabilities for the Most Likely Latent Class Membership (Column)
by Latent Class (Row)

              1        2

    1      3.049    0.000
    2     -1.612    0.000


MODEL RESULTS

                                                    Two-Tailed
                    Estimate       S.E.  Est./S.E.    P-Value

Latent Class 1

 I        |
    SAPS_0             1.000      0.000    999.000    999.000
    SAPS_1             1.000      0.000    999.000    999.000
    SAPS_2             1.000      0.000    999.000    999.000
    SAPS_3             1.000      0.000    999.000    999.000
    SAPS_6             1.000      0.000    999.000    999.000
    SAPS_9             1.000      0.000    999.000    999.000
    SAPS_12            1.000      0.000    999.000    999.000
    SAPS_18            1.000      0.000    999.000    999.000
    SAPS_24            1.000      0.000    999.000    999.000

 S        |
    SAPS_0             0.000      0.000    999.000    999.000
    SAPS_1             1.000      0.000    999.000    999.000
    SAPS_2             2.000      0.000    999.000    999.000
    SAPS_3             3.000      0.000    999.000    999.000
    SAPS_6             6.000      0.000    999.000    999.000
    SAPS_9             9.000      0.000    999.000    999.000
    SAPS_12           12.000      0.000    999.000    999.000
    SAPS_18           18.000      0.000    999.000    999.000
    SAPS_24           24.000      0.000    999.000    999.000

 Q        |
    SAPS_0             0.000      0.000    999.000    999.000
    SAPS_1             1.000      0.000    999.000    999.000
    SAPS_2             4.000      0.000    999.000    999.000
    SAPS_3             9.000      0.000    999.000    999.000
    SAPS_6            36.000      0.000    999.000    999.000
    SAPS_9            81.000      0.000    999.000    999.000
    SAPS_12          144.000      0.000    999.000    999.000
    SAPS_18          324.000      0.000    999.000    999.000
    SAPS_24          576.000      0.000    999.000    999.000

 CUB      |
    SAPS_0             0.000      0.000    999.000    999.000
    SAPS_1             1.000      0.000    999.000    999.000
    SAPS_2             8.000      0.000    999.000    999.000
    SAPS_3            27.000      0.000    999.000    999.000
    SAPS_6           216.000      0.000    999.000    999.000
    SAPS_9           729.000      0.000    999.000    999.000
    SAPS_12         1728.000      0.000    999.000    999.000
    SAPS_18         5832.000      0.000    999.000    999.000
    SAPS_24        13824.000      0.000    999.000    999.000

 Means
    I                  7.948      0.410     19.381      0.000
    S                 -2.091      0.121    -17.222      0.000
    Q                  0.185      0.012     15.458      0.000
    CUB               -0.005      0.000    -14.117      0.000

 Intercepts
    SAPS_0             0.000      0.000    999.000    999.000
    SAPS_1             0.000      0.000    999.000    999.000
    SAPS_2             0.000      0.000    999.000    999.000
    SAPS_3             0.000      0.000    999.000    999.000
    SAPS_6             0.000      0.000    999.000    999.000
    SAPS_9             0.000      0.000    999.000    999.000
    SAPS_12            0.000      0.000    999.000    999.000
    SAPS_18            0.000      0.000    999.000    999.000
    SAPS_24            0.000      0.000    999.000    999.000

 Variances
    I                  0.000      0.000    999.000    999.000
    S                  0.000      0.000    999.000    999.000
    Q                  0.000      0.000    999.000    999.000
    CUB                0.000      0.000    999.000    999.000

 Residual Variances
    SAPS_0            17.944      2.139      8.387      0.000
    SAPS_1            14.102      1.363     10.344      0.000
    SAPS_2            11.611      1.147     10.127      0.000
    SAPS_3             9.144      0.872     10.483      0.000
    SAPS_6             8.031      0.784     10.243      0.000
    SAPS_9             8.084      1.190      6.792      0.000
    SAPS_12           10.549      1.285      8.212      0.000
    SAPS_18           13.199      1.469      8.987      0.000
    SAPS_24           12.870      1.483      8.676      0.000

Latent Class 2

 I        |
    SAPS_0             1.000      0.000    999.000    999.000
    SAPS_1             1.000      0.000    999.000    999.000
    SAPS_2             1.000      0.000    999.000    999.000
    SAPS_3             1.000      0.000    999.000    999.000
    SAPS_6             1.000      0.000    999.000    999.000
    SAPS_9             1.000      0.000    999.000    999.000
    SAPS_12            1.000      0.000    999.000    999.000
    SAPS_18            1.000      0.000    999.000    999.000
    SAPS_24            1.000      0.000    999.000    999.000

 S        |
    SAPS_0             0.000      0.000    999.000    999.000
    SAPS_1             1.000      0.000    999.000    999.000
    SAPS_2             2.000      0.000    999.000    999.000
    SAPS_3             3.000      0.000    999.000    999.000
    SAPS_6             6.000      0.000    999.000    999.000
    SAPS_9             9.000      0.000    999.000    999.000
    SAPS_12           12.000      0.000    999.000    999.000
    SAPS_18           18.000      0.000    999.000    999.000
    SAPS_24           24.000      0.000    999.000    999.000

 Q        |
    SAPS_0             0.000      0.000    999.000    999.000
    SAPS_1             1.000      0.000    999.000    999.000
    SAPS_2             4.000      0.000    999.000    999.000
    SAPS_3             9.000      0.000    999.000    999.000
    SAPS_6            36.000      0.000    999.000    999.000
    SAPS_9            81.000      0.000    999.000    999.000
    SAPS_12          144.000      0.000    999.000    999.000
    SAPS_18          324.000      0.000    999.000    999.000
    SAPS_24          576.000      0.000    999.000    999.000

 CUB      |
    SAPS_0             0.000      0.000    999.000    999.000
    SAPS_1             1.000      0.000    999.000    999.000
    SAPS_2             8.000      0.000    999.000    999.000
    SAPS_3            27.000      0.000    999.000    999.000
    SAPS_6           216.000      0.000    999.000    999.000
    SAPS_9           729.000      0.000    999.000    999.000
    SAPS_12         1728.000      0.000    999.000    999.000
    SAPS_18         5832.000      0.000    999.000    999.000
    SAPS_24        13824.000      0.000    999.000    999.000

 Means
    I                 10.213      0.356     28.661      0.000
    S                 -1.027      0.131     -7.846      0.000
    Q                  0.085      0.014      5.985      0.000
    CUB               -0.002      0.000     -5.387      0.000

 Intercepts
    SAPS_0             0.000      0.000    999.000    999.000
    SAPS_1             0.000      0.000    999.000    999.000
    SAPS_2             0.000      0.000    999.000    999.000
    SAPS_3             0.000      0.000    999.000    999.000
    SAPS_6             0.000      0.000    999.000    999.000
    SAPS_9             0.000      0.000    999.000    999.000
    SAPS_12            0.000      0.000    999.000    999.000
    SAPS_18            0.000      0.000    999.000    999.000
    SAPS_24            0.000      0.000    999.000    999.000

 Variances
    I                  0.000      0.000    999.000    999.000
    S                  0.000      0.000    999.000    999.000
    Q                  0.000      0.000    999.000    999.000
    CUB                0.000      0.000    999.000    999.000

 Residual Variances
    SAPS_0            17.944      2.139      8.387      0.000
    SAPS_1            14.102      1.363     10.344      0.000
    SAPS_2            11.611      1.147     10.127      0.000
    SAPS_3             9.144      0.872     10.483      0.000
    SAPS_6             8.031      0.784     10.243      0.000
    SAPS_9             8.084      1.190      6.792      0.000
    SAPS_12           10.549      1.285      8.212      0.000
    SAPS_18           13.199      1.469      8.987      0.000
    SAPS_24           12.870      1.483      8.676      0.000

Categorical Latent Variables

 Means
    C#1                0.712      0.129      5.513      0.000


QUALITY OF NUMERICAL RESULTS

     Condition Number for the Information Matrix              0.815E-06
       (ratio of smallest to largest eigenvalue)


STANDARDIZED MODEL RESULTS


STDYX Standardization

                                                    Two-Tailed
                    Estimate       S.E.  Est./S.E.    P-Value

Latent Class 1

 I        |
    SAPS_0           999.000    999.000    999.000    999.000
    SAPS_1           999.000    999.000    999.000    999.000
    SAPS_2           999.000    999.000    999.000    999.000
    SAPS_3           999.000    999.000    999.000    999.000
    SAPS_6           999.000    999.000    999.000    999.000
    SAPS_9           999.000    999.000    999.000    999.000
    SAPS_12          999.000    999.000    999.000    999.000
    SAPS_18          999.000    999.000    999.000    999.000
    SAPS_24          999.000    999.000    999.000    999.000

 S        |
    SAPS_0           999.000    999.000    999.000    999.000
    SAPS_1           999.000    999.000    999.000    999.000
    SAPS_2           999.000    999.000    999.000    999.000
    SAPS_3           999.000    999.000    999.000    999.000
    SAPS_6           999.000    999.000    999.000    999.000
    SAPS_9           999.000    999.000    999.000    999.000
    SAPS_12          999.000    999.000    999.000    999.000
    SAPS_18          999.000    999.000    999.000    999.000
    SAPS_24          999.000    999.000    999.000    999.000

 Q        |
    SAPS_0           999.000    999.000    999.000    999.000
    SAPS_1           999.000    999.000    999.000    999.000
    SAPS_2           999.000    999.000    999.000    999.000
    SAPS_3           999.000    999.000    999.000    999.000
    SAPS_6           999.000    999.000    999.000    999.000
    SAPS_9           999.000    999.000    999.000    999.000
    SAPS_12          999.000    999.000    999.000    999.000
    SAPS_18          999.000    999.000    999.000    999.000
    SAPS_24          999.000    999.000    999.000    999.000

 CUB      |
    SAPS_0           999.000    999.000    999.000    999.000
    SAPS_1           999.000    999.000    999.000    999.000
    SAPS_2           999.000    999.000    999.000    999.000
    SAPS_3           999.000    999.000    999.000    999.000
    SAPS_6           999.000    999.000    999.000    999.000
    SAPS_9           999.000    999.000    999.000    999.000
    SAPS_12          999.000    999.000    999.000    999.000
    SAPS_18          999.000    999.000    999.000    999.000
    SAPS_24          999.000    999.000    999.000    999.000

 Means
    I                999.000    999.000    999.000    999.000
    S                999.000    999.000    999.000    999.000
    Q                999.000    999.000    999.000    999.000
    CUB              999.000    999.000    999.000    999.000

 Intercepts
    SAPS_0             0.000      0.000    999.000    999.000
    SAPS_1             0.000      0.000    999.000    999.000
    SAPS_2             0.000      0.000    999.000    999.000
    SAPS_3             0.000      0.000    999.000    999.000
    SAPS_6             0.000      0.000    999.000    999.000
    SAPS_9             0.000      0.000    999.000    999.000
    SAPS_12            0.000      0.000    999.000    999.000
    SAPS_18            0.000      0.000    999.000    999.000
    SAPS_24            0.000      0.000    999.000    999.000

 Variances
    I                999.000    999.000    999.000    999.000
    S                999.000    999.000    999.000    999.000
    Q                999.000    999.000    999.000    999.000
    CUB              999.000    999.000    999.000    999.000

 Residual Variances
    SAPS_0             1.000      0.000    999.000    999.000
    SAPS_1             1.000      0.000    999.000    999.000
    SAPS_2             1.000      0.000    999.000    999.000
    SAPS_3             1.000      0.000    999.000    999.000
    SAPS_6             1.000      0.000    999.000    999.000
    SAPS_9             1.000      0.000    999.000    999.000
    SAPS_12            1.000      0.000    999.000    999.000
    SAPS_18            1.000      0.000    999.000    999.000
    SAPS_24            1.000      0.000    999.000    999.000

Latent Class 2

 I        |
    SAPS_0           999.000    999.000    999.000    999.000
    SAPS_1           999.000    999.000    999.000    999.000
    SAPS_2           999.000    999.000    999.000    999.000
    SAPS_3           999.000    999.000    999.000    999.000
    SAPS_6           999.000    999.000    999.000    999.000
    SAPS_9           999.000    999.000    999.000    999.000
    SAPS_12          999.000    999.000    999.000    999.000
    SAPS_18          999.000    999.000    999.000    999.000
    SAPS_24          999.000    999.000    999.000    999.000

 S        |
    SAPS_0           999.000    999.000    999.000    999.000
    SAPS_1           999.000    999.000    999.000    999.000
    SAPS_2           999.000    999.000    999.000    999.000
    SAPS_3           999.000    999.000    999.000    999.000
    SAPS_6           999.000    999.000    999.000    999.000
    SAPS_9           999.000    999.000    999.000    999.000
    SAPS_12          999.000    999.000    999.000    999.000
    SAPS_18          999.000    999.000    999.000    999.000
    SAPS_24          999.000    999.000    999.000    999.000

 Q        |
    SAPS_0           999.000    999.000    999.000    999.000
    SAPS_1           999.000    999.000    999.000    999.000
    SAPS_2           999.000    999.000    999.000    999.000
    SAPS_3           999.000    999.000    999.000    999.000
    SAPS_6           999.000    999.000    999.000    999.000
    SAPS_9           999.000    999.000    999.000    999.000
    SAPS_12          999.000    999.000    999.000    999.000
    SAPS_18          999.000    999.000    999.000    999.000
    SAPS_24          999.000    999.000    999.000    999.000

 CUB      |
    SAPS_0           999.000    999.000    999.000    999.000
    SAPS_1           999.000    999.000    999.000    999.000
    SAPS_2           999.000    999.000    999.000    999.000
    SAPS_3           999.000    999.000    999.000    999.000
    SAPS_6           999.000    999.000    999.000    999.000
    SAPS_9           999.000    999.000    999.000    999.000
    SAPS_12          999.000    999.000    999.000    999.000
    SAPS_18          999.000    999.000    999.000    999.000
    SAPS_24          999.000    999.000    999.000    999.000

 Means
    I                999.000    999.000    999.000    999.000
    S                999.000    999.000    999.000    999.000
    Q                999.000    999.000    999.000    999.000
    CUB              999.000    999.000    999.000    999.000

 Intercepts
    SAPS_0             0.000      0.000    999.000    999.000
    SAPS_1             0.000      0.000    999.000    999.000
    SAPS_2             0.000      0.000    999.000    999.000
    SAPS_3             0.000      0.000    999.000    999.000
    SAPS_6             0.000      0.000    999.000    999.000
    SAPS_9             0.000      0.000    999.000    999.000
    SAPS_12            0.000      0.000    999.000    999.000
    SAPS_18            0.000      0.000    999.000    999.000
    SAPS_24            0.000      0.000    999.000    999.000

 Variances
    I                999.000    999.000    999.000    999.000
    S                999.000    999.000    999.000    999.000
    Q                999.000    999.000    999.000    999.000
    CUB              999.000    999.000    999.000    999.000

 Residual Variances
    SAPS_0             1.000      0.000    999.000    999.000
    SAPS_1             1.000      0.000    999.000    999.000
    SAPS_2             1.000      0.000    999.000    999.000
    SAPS_3             1.000      0.000    999.000    999.000
    SAPS_6             1.000      0.000    999.000    999.000
    SAPS_9             1.000      0.000    999.000    999.000
    SAPS_12            1.000      0.000    999.000    999.000
    SAPS_18            1.000      0.000    999.000    999.000
    SAPS_24            1.000      0.000    999.000    999.000


STDY Standardization

                                                    Two-Tailed
                    Estimate       S.E.  Est./S.E.    P-Value

Latent Class 1

 I        |
    SAPS_0           999.000    999.000    999.000    999.000
    SAPS_1           999.000    999.000    999.000    999.000
    SAPS_2           999.000    999.000    999.000    999.000
    SAPS_3           999.000    999.000    999.000    999.000
    SAPS_6           999.000    999.000    999.000    999.000
    SAPS_9           999.000    999.000    999.000    999.000
    SAPS_12          999.000    999.000    999.000    999.000
    SAPS_18          999.000    999.000    999.000    999.000
    SAPS_24          999.000    999.000    999.000    999.000

 S        |
    SAPS_0           999.000    999.000    999.000    999.000
    SAPS_1           999.000    999.000    999.000    999.000
    SAPS_2           999.000    999.000    999.000    999.000
    SAPS_3           999.000    999.000    999.000    999.000
    SAPS_6           999.000    999.000    999.000    999.000
    SAPS_9           999.000    999.000    999.000    999.000
    SAPS_12          999.000    999.000    999.000    999.000
    SAPS_18          999.000    999.000    999.000    999.000
    SAPS_24          999.000    999.000    999.000    999.000

 Q        |
    SAPS_0           999.000    999.000    999.000    999.000
    SAPS_1           999.000    999.000    999.000    999.000
    SAPS_2           999.000    999.000    999.000    999.000
    SAPS_3           999.000    999.000    999.000    999.000
    SAPS_6           999.000    999.000    999.000    999.000
    SAPS_9           999.000    999.000    999.000    999.000
    SAPS_12          999.000    999.000    999.000    999.000
    SAPS_18          999.000    999.000    999.000    999.000
    SAPS_24          999.000    999.000    999.000    999.000

 CUB      |
    SAPS_0           999.000    999.000    999.000    999.000
    SAPS_1           999.000    999.000    999.000    999.000
    SAPS_2           999.000    999.000    999.000    999.000
    SAPS_3           999.000    999.000    999.000    999.000
    SAPS_6           999.000    999.000    999.000    999.000
    SAPS_9           999.000    999.000    999.000    999.000
    SAPS_12          999.000    999.000    999.000    999.000
    SAPS_18          999.000    999.000    999.000    999.000
    SAPS_24          999.000    999.000    999.000    999.000

 Means
    I                999.000    999.000    999.000    999.000
    S                999.000    999.000    999.000    999.000
    Q                999.000    999.000    999.000    999.000
    CUB              999.000    999.000    999.000    999.000

 Intercepts
    SAPS_0             0.000      0.000    999.000    999.000
    SAPS_1             0.000      0.000    999.000    999.000
    SAPS_2             0.000      0.000    999.000    999.000
    SAPS_3             0.000      0.000    999.000    999.000
    SAPS_6             0.000      0.000    999.000    999.000
    SAPS_9             0.000      0.000    999.000    999.000
    SAPS_12            0.000      0.000    999.000    999.000
    SAPS_18            0.000      0.000    999.000    999.000
    SAPS_24            0.000      0.000    999.000    999.000

 Variances
    I                999.000    999.000    999.000    999.000
    S                999.000    999.000    999.000    999.000
    Q                999.000    999.000    999.000    999.000
    CUB              999.000    999.000    999.000    999.000

 Residual Variances
    SAPS_0             1.000      0.000    999.000    999.000
    SAPS_1             1.000      0.000    999.000    999.000
    SAPS_2             1.000      0.000    999.000    999.000
    SAPS_3             1.000      0.000    999.000    999.000
    SAPS_6             1.000      0.000    999.000    999.000
    SAPS_9             1.000      0.000    999.000    999.000
    SAPS_12            1.000      0.000    999.000    999.000
    SAPS_18            1.000      0.000    999.000    999.000
    SAPS_24            1.000      0.000    999.000    999.000

Latent Class 2

 I        |
    SAPS_0           999.000    999.000    999.000    999.000
    SAPS_1           999.000    999.000    999.000    999.000
    SAPS_2           999.000    999.000    999.000    999.000
    SAPS_3           999.000    999.000    999.000    999.000
    SAPS_6           999.000    999.000    999.000    999.000
    SAPS_9           999.000    999.000    999.000    999.000
    SAPS_12          999.000    999.000    999.000    999.000
    SAPS_18          999.000    999.000    999.000    999.000
    SAPS_24          999.000    999.000    999.000    999.000

 S        |
    SAPS_0           999.000    999.000    999.000    999.000
    SAPS_1           999.000    999.000    999.000    999.000
    SAPS_2           999.000    999.000    999.000    999.000
    SAPS_3           999.000    999.000    999.000    999.000
    SAPS_6           999.000    999.000    999.000    999.000
    SAPS_9           999.000    999.000    999.000    999.000
    SAPS_12          999.000    999.000    999.000    999.000
    SAPS_18          999.000    999.000    999.000    999.000
    SAPS_24          999.000    999.000    999.000    999.000

 Q        |
    SAPS_0           999.000    999.000    999.000    999.000
    SAPS_1           999.000    999.000    999.000    999.000
    SAPS_2           999.000    999.000    999.000    999.000
    SAPS_3           999.000    999.000    999.000    999.000
    SAPS_6           999.000    999.000    999.000    999.000
    SAPS_9           999.000    999.000    999.000    999.000
    SAPS_12          999.000    999.000    999.000    999.000
    SAPS_18          999.000    999.000    999.000    999.000
    SAPS_24          999.000    999.000    999.000    999.000

 CUB      |
    SAPS_0           999.000    999.000    999.000    999.000
    SAPS_1           999.000    999.000    999.000    999.000
    SAPS_2           999.000    999.000    999.000    999.000
    SAPS_3           999.000    999.000    999.000    999.000
    SAPS_6           999.000    999.000    999.000    999.000
    SAPS_9           999.000    999.000    999.000    999.000
    SAPS_12          999.000    999.000    999.000    999.000
    SAPS_18          999.000    999.000    999.000    999.000
    SAPS_24          999.000    999.000    999.000    999.000

 Means
    I                999.000    999.000    999.000    999.000
    S                999.000    999.000    999.000    999.000
    Q                999.000    999.000    999.000    999.000
    CUB              999.000    999.000    999.000    999.000

 Intercepts
    SAPS_0             0.000      0.000    999.000    999.000
    SAPS_1             0.000      0.000    999.000    999.000
    SAPS_2             0.000      0.000    999.000    999.000
    SAPS_3             0.000      0.000    999.000    999.000
    SAPS_6             0.000      0.000    999.000    999.000
    SAPS_9             0.000      0.000    999.000    999.000
    SAPS_12            0.000      0.000    999.000    999.000
    SAPS_18            0.000      0.000    999.000    999.000
    SAPS_24            0.000      0.000    999.000    999.000

 Variances
    I                999.000    999.000    999.000    999.000
    S                999.000    999.000    999.000    999.000
    Q                999.000    999.000    999.000    999.000
    CUB              999.000    999.000    999.000    999.000

 Residual Variances
    SAPS_0             1.000      0.000    999.000    999.000
    SAPS_1             1.000      0.000    999.000    999.000
    SAPS_2             1.000      0.000    999.000    999.000
    SAPS_3             1.000      0.000    999.000    999.000
    SAPS_6             1.000      0.000    999.000    999.000
    SAPS_9             1.000      0.000    999.000    999.000
    SAPS_12            1.000      0.000    999.000    999.000
    SAPS_18            1.000      0.000    999.000    999.000
    SAPS_24            1.000      0.000    999.000    999.000


STD Standardization

                                                    Two-Tailed
                    Estimate       S.E.  Est./S.E.    P-Value

Latent Class 1

 I        |
    SAPS_0           999.000    999.000    999.000    999.000
    SAPS_1           999.000    999.000    999.000    999.000
    SAPS_2           999.000    999.000    999.000    999.000
    SAPS_3           999.000    999.000    999.000    999.000
    SAPS_6           999.000    999.000    999.000    999.000
    SAPS_9           999.000    999.000    999.000    999.000
    SAPS_12          999.000    999.000    999.000    999.000
    SAPS_18          999.000    999.000    999.000    999.000
    SAPS_24          999.000    999.000    999.000    999.000

 S        |
    SAPS_0           999.000    999.000    999.000    999.000
    SAPS_1           999.000    999.000    999.000    999.000
    SAPS_2           999.000    999.000    999.000    999.000
    SAPS_3           999.000    999.000    999.000    999.000
    SAPS_6           999.000    999.000    999.000    999.000
    SAPS_9           999.000    999.000    999.000    999.000
    SAPS_12          999.000    999.000    999.000    999.000
    SAPS_18          999.000    999.000    999.000    999.000
    SAPS_24          999.000    999.000    999.000    999.000

 Q        |
    SAPS_0           999.000    999.000    999.000    999.000
    SAPS_1           999.000    999.000    999.000    999.000
    SAPS_2           999.000    999.000    999.000    999.000
    SAPS_3           999.000    999.000    999.000    999.000
    SAPS_6           999.000    999.000    999.000    999.000
    SAPS_9           999.000    999.000    999.000    999.000
    SAPS_12          999.000    999.000    999.000    999.000
    SAPS_18          999.000    999.000    999.000    999.000
    SAPS_24          999.000    999.000    999.000    999.000

 CUB      |
    SAPS_0           999.000    999.000    999.000    999.000
    SAPS_1           999.000    999.000    999.000    999.000
    SAPS_2           999.000    999.000    999.000    999.000
    SAPS_3           999.000    999.000    999.000    999.000
    SAPS_6           999.000    999.000    999.000    999.000
    SAPS_9           999.000    999.000    999.000    999.000
    SAPS_12          999.000    999.000    999.000    999.000
    SAPS_18          999.000    999.000    999.000    999.000
    SAPS_24          999.000    999.000    999.000    999.000

 Means
    I                999.000    999.000    999.000    999.000
    S                999.000    999.000    999.000    999.000
    Q                999.000    999.000    999.000    999.000
    CUB              999.000    999.000    999.000    999.000

 Intercepts
    SAPS_0             0.000      0.000    999.000    999.000
    SAPS_1             0.000      0.000    999.000    999.000
    SAPS_2             0.000      0.000    999.000    999.000
    SAPS_3             0.000      0.000    999.000    999.000
    SAPS_6             0.000      0.000    999.000    999.000
    SAPS_9             0.000      0.000    999.000    999.000
    SAPS_12            0.000      0.000    999.000    999.000
    SAPS_18            0.000      0.000    999.000    999.000
    SAPS_24            0.000      0.000    999.000    999.000

 Variances
    I                999.000    999.000    999.000    999.000
    S                999.000    999.000    999.000    999.000
    Q                999.000    999.000    999.000    999.000
    CUB              999.000    999.000    999.000    999.000

 Residual Variances
    SAPS_0            17.944      2.139      8.387      0.000
    SAPS_1            14.102      1.363     10.344      0.000
    SAPS_2            11.611      1.147     10.127      0.000
    SAPS_3             9.144      0.872     10.483      0.000
    SAPS_6             8.031      0.784     10.243      0.000
    SAPS_9             8.084      1.190      6.792      0.000
    SAPS_12           10.549      1.285      8.212      0.000
    SAPS_18           13.199      1.469      8.987      0.000
    SAPS_24           12.870      1.483      8.676      0.000

Latent Class 2

 I        |
    SAPS_0           999.000    999.000    999.000    999.000
    SAPS_1           999.000    999.000    999.000    999.000
    SAPS_2           999.000    999.000    999.000    999.000
    SAPS_3           999.000    999.000    999.000    999.000
    SAPS_6           999.000    999.000    999.000    999.000
    SAPS_9           999.000    999.000    999.000    999.000
    SAPS_12          999.000    999.000    999.000    999.000
    SAPS_18          999.000    999.000    999.000    999.000
    SAPS_24          999.000    999.000    999.000    999.000

 S        |
    SAPS_0           999.000    999.000    999.000    999.000
    SAPS_1           999.000    999.000    999.000    999.000
    SAPS_2           999.000    999.000    999.000    999.000
    SAPS_3           999.000    999.000    999.000    999.000
    SAPS_6           999.000    999.000    999.000    999.000
    SAPS_9           999.000    999.000    999.000    999.000
    SAPS_12          999.000    999.000    999.000    999.000
    SAPS_18          999.000    999.000    999.000    999.000
    SAPS_24          999.000    999.000    999.000    999.000

 Q        |
    SAPS_0           999.000    999.000    999.000    999.000
    SAPS_1           999.000    999.000    999.000    999.000
    SAPS_2           999.000    999.000    999.000    999.000
    SAPS_3           999.000    999.000    999.000    999.000
    SAPS_6           999.000    999.000    999.000    999.000
    SAPS_9           999.000    999.000    999.000    999.000
    SAPS_12          999.000    999.000    999.000    999.000
    SAPS_18          999.000    999.000    999.000    999.000
    SAPS_24          999.000    999.000    999.000    999.000

 CUB      |
    SAPS_0           999.000    999.000    999.000    999.000
    SAPS_1           999.000    999.000    999.000    999.000
    SAPS_2           999.000    999.000    999.000    999.000
    SAPS_3           999.000    999.000    999.000    999.000
    SAPS_6           999.000    999.000    999.000    999.000
    SAPS_9           999.000    999.000    999.000    999.000
    SAPS_12          999.000    999.000    999.000    999.000
    SAPS_18          999.000    999.000    999.000    999.000
    SAPS_24          999.000    999.000    999.000    999.000

 Means
    I                999.000    999.000    999.000    999.000
    S                999.000    999.000    999.000    999.000
    Q                999.000    999.000    999.000    999.000
    CUB              999.000    999.000    999.000    999.000

 Intercepts
    SAPS_0             0.000      0.000    999.000    999.000
    SAPS_1             0.000      0.000    999.000    999.000
    SAPS_2             0.000      0.000    999.000    999.000
    SAPS_3             0.000      0.000    999.000    999.000
    SAPS_6             0.000      0.000    999.000    999.000
    SAPS_9             0.000      0.000    999.000    999.000
    SAPS_12            0.000      0.000    999.000    999.000
    SAPS_18            0.000      0.000    999.000    999.000
    SAPS_24            0.000      0.000    999.000    999.000

 Variances
    I                999.000    999.000    999.000    999.000
    S                999.000    999.000    999.000    999.000
    Q                999.000    999.000    999.000    999.000
    CUB              999.000    999.000    999.000    999.000

 Residual Variances
    SAPS_0            17.944      2.139      8.387      0.000
    SAPS_1            14.102      1.363     10.344      0.000
    SAPS_2            11.611      1.147     10.127      0.000
    SAPS_3             9.144      0.872     10.483      0.000
    SAPS_6             8.031      0.784     10.243      0.000
    SAPS_9             8.084      1.190      6.792      0.000
    SAPS_12           10.549      1.285      8.212      0.000
    SAPS_18           13.199      1.469      8.987      0.000
    SAPS_24           12.870      1.483      8.676      0.000


R-SQUARE

Class 1

    Observed                                        Two-Tailed
    Variable        Estimate       S.E.  Est./S.E.    P-Value

    SAPS_0             0.000      0.000    999.000    999.000
    SAPS_1             0.000      0.000    999.000    999.000
    SAPS_2             0.000      0.000    999.000    999.000
    SAPS_3             0.000      0.000    999.000    999.000
    SAPS_6             0.000      0.000    999.000    999.000
    SAPS_9             0.000      0.000    999.000    999.000
    SAPS_12            0.000      0.000    999.000    999.000
    SAPS_18            0.000      0.000    999.000    999.000
    SAPS_24            0.000      0.000    999.000    999.000

Class 2

    Observed                                        Two-Tailed
    Variable        Estimate       S.E.  Est./S.E.    P-Value

    SAPS_0             0.000      0.000    999.000    999.000
    SAPS_1             0.000      0.000    999.000    999.000
    SAPS_2             0.000      0.000    999.000    999.000
    SAPS_3             0.000      0.000    999.000    999.000
    SAPS_6             0.000      0.000    999.000    999.000
    SAPS_9             0.000      0.000    999.000    999.000
    SAPS_12            0.000      0.000    999.000    999.000
    SAPS_18            0.000      0.000    999.000    999.000
    SAPS_24            0.000      0.000    999.000    999.000


TECHNICAL 1 OUTPUT


     PARAMETER SPECIFICATION FOR LATENT CLASS 1


           NU
              SAPS_0        SAPS_1        SAPS_2        SAPS_3        SAPS_6
              ________      ________      ________      ________      ________
                    0             0             0             0             0


           NU
              SAPS_9        SAPS_12       SAPS_18       SAPS_24
              ________      ________      ________      ________
                    0             0             0             0


           LAMBDA
              I             S             Q             CUB
              ________      ________      ________      ________
 SAPS_0             0             0             0             0
 SAPS_1             0             0             0             0
 SAPS_2             0             0             0             0
 SAPS_3             0             0             0             0
 SAPS_6             0             0             0             0
 SAPS_9             0             0             0             0
 SAPS_12            0             0             0             0
 SAPS_18            0             0             0             0
 SAPS_24            0             0             0             0


           THETA
              SAPS_0        SAPS_1        SAPS_2        SAPS_3        SAPS_6
              ________      ________      ________      ________      ________
 SAPS_0             1
 SAPS_1             0             2
 SAPS_2             0             0             3
 SAPS_3             0             0             0             4
 SAPS_6             0             0             0             0             5
 SAPS_9             0             0             0             0             0
 SAPS_12            0             0             0             0             0
 SAPS_18            0             0             0             0             0
 SAPS_24            0             0             0             0             0


           THETA
              SAPS_9        SAPS_12       SAPS_18       SAPS_24
              ________      ________      ________      ________
 SAPS_9             6
 SAPS_12            0             7
 SAPS_18            0             0             8
 SAPS_24            0             0             0             9


           ALPHA
              I             S             Q             CUB
              ________      ________      ________      ________
                   10            11            12            13


           BETA
              I             S             Q             CUB
              ________      ________      ________      ________
 I                  0             0             0             0
 S                  0             0             0             0
 Q                  0             0             0             0
 CUB                0             0             0             0


           PSI
              I             S             Q             CUB
              ________      ________      ________      ________
 I                  0
 S                  0             0
 Q                  0             0             0
 CUB                0             0             0             0


     PARAMETER SPECIFICATION FOR LATENT CLASS 2


           NU
              SAPS_0        SAPS_1        SAPS_2        SAPS_3        SAPS_6
              ________      ________      ________      ________      ________
                    0             0             0             0             0


           NU
              SAPS_9        SAPS_12       SAPS_18       SAPS_24
              ________      ________      ________      ________
                    0             0             0             0


           LAMBDA
              I             S             Q             CUB
              ________      ________      ________      ________
 SAPS_0             0             0             0             0
 SAPS_1             0             0             0             0
 SAPS_2             0             0             0             0
 SAPS_3             0             0             0             0
 SAPS_6             0             0             0             0
 SAPS_9             0             0             0             0
 SAPS_12            0             0             0             0
 SAPS_18            0             0             0             0
 SAPS_24            0             0             0             0


           THETA
              SAPS_0        SAPS_1        SAPS_2        SAPS_3        SAPS_6
              ________      ________      ________      ________      ________
 SAPS_0             1
 SAPS_1             0             2
 SAPS_2             0             0             3
 SAPS_3             0             0             0             4
 SAPS_6             0             0             0             0             5
 SAPS_9             0             0             0             0             0
 SAPS_12            0             0             0             0             0
 SAPS_18            0             0             0             0             0
 SAPS_24            0             0             0             0             0


           THETA
              SAPS_9        SAPS_12       SAPS_18       SAPS_24
              ________      ________      ________      ________
 SAPS_9             6
 SAPS_12            0             7
 SAPS_18            0             0             8
 SAPS_24            0             0             0             9


           ALPHA
              I             S             Q             CUB
              ________      ________      ________      ________
                   14            15            16            17


           BETA
              I             S             Q             CUB
              ________      ________      ________      ________
 I                  0             0             0             0
 S                  0             0             0             0
 Q                  0             0             0             0
 CUB                0             0             0             0


           PSI
              I             S             Q             CUB
              ________      ________      ________      ________
 I                  0
 S                  0             0
 Q                  0             0             0
 CUB                0             0             0             0


     PARAMETER SPECIFICATION FOR LATENT CLASS REGRESSION MODEL PART


           ALPHA(C)
              C#1           C#2
              ________      ________
                   18             0


     STARTING VALUES FOR LATENT CLASS 1


           NU
              SAPS_0        SAPS_1        SAPS_2        SAPS_3        SAPS_6
              ________      ________      ________      ________      ________
                0.000         0.000         0.000         0.000         0.000


           NU
              SAPS_9        SAPS_12       SAPS_18       SAPS_24
              ________      ________      ________      ________
                0.000         0.000         0.000         0.000


           LAMBDA
              I             S             Q             CUB
              ________      ________      ________      ________
 SAPS_0         1.000         0.000         0.000         0.000
 SAPS_1         1.000         1.000         1.000         1.000
 SAPS_2         1.000         2.000         4.000         8.000
 SAPS_3         1.000         3.000         9.000        27.000
 SAPS_6         1.000         6.000        36.000       216.000
 SAPS_9         1.000         9.000        81.000       729.000
 SAPS_12        1.000        12.000       144.000      1728.000
 SAPS_18        1.000        18.000       324.000      5832.000
 SAPS_24        1.000        24.000       576.000     13824.000


           THETA
              SAPS_0        SAPS_1        SAPS_2        SAPS_3        SAPS_6
              ________      ________      ________      ________      ________
 SAPS_0         5.269
 SAPS_1         0.000         7.272
 SAPS_2         0.000         0.000         6.733
 SAPS_3         0.000         0.000         0.000         6.570
 SAPS_6         0.000         0.000         0.000         0.000         6.839
 SAPS_9         0.000         0.000         0.000         0.000         0.000
 SAPS_12        0.000         0.000         0.000         0.000         0.000
 SAPS_18        0.000         0.000         0.000         0.000         0.000
 SAPS_24        0.000         0.000         0.000         0.000         0.000


           THETA
              SAPS_9        SAPS_12       SAPS_18       SAPS_24
              ________      ________      ________      ________
 SAPS_9         6.655
 SAPS_12        0.000         7.541
 SAPS_18        0.000         0.000         7.103
 SAPS_24        0.000         0.000         0.000         7.540


           ALPHA
              I             S             Q             CUB
              ________      ________      ________      ________
                9.005        -6.026         1.996        -0.186


           BETA
              I             S             Q             CUB
              ________      ________      ________      ________
 I              0.000         0.000         0.000         0.000
 S              0.000         0.000         0.000         0.000
 Q              0.000         0.000         0.000         0.000
 CUB            0.000         0.000         0.000         0.000


           PSI
              I             S             Q             CUB
              ________      ________      ________      ________
 I              0.000
 S              0.000         0.000
 Q              0.000         0.000         0.000
 CUB            0.000         0.000         0.000         0.000


     STARTING VALUES FOR LATENT CLASS 2


           NU
              SAPS_0        SAPS_1        SAPS_2        SAPS_3        SAPS_6
              ________      ________      ________      ________      ________
                0.000         0.000         0.000         0.000         0.000


           NU
              SAPS_9        SAPS_12       SAPS_18       SAPS_24
              ________      ________      ________      ________
                0.000         0.000         0.000         0.000


           LAMBDA
              I             S             Q             CUB
              ________      ________      ________      ________
 SAPS_0         1.000         0.000         0.000         0.000
 SAPS_1         1.000         1.000         1.000         1.000
 SAPS_2         1.000         2.000         4.000         8.000
 SAPS_3         1.000         3.000         9.000        27.000
 SAPS_6         1.000         6.000        36.000       216.000
 SAPS_9         1.000         9.000        81.000       729.000
 SAPS_12        1.000        12.000       144.000      1728.000
 SAPS_18        1.000        18.000       324.000      5832.000
 SAPS_24        1.000        24.000       576.000     13824.000


           THETA
              SAPS_0        SAPS_1        SAPS_2        SAPS_3        SAPS_6
              ________      ________      ________      ________      ________
 SAPS_0         5.269
 SAPS_1         0.000         7.272
 SAPS_2         0.000         0.000         6.733
 SAPS_3         0.000         0.000         0.000         6.570
 SAPS_6         0.000         0.000         0.000         0.000         6.839
 SAPS_9         0.000         0.000         0.000         0.000         0.000
 SAPS_12        0.000         0.000         0.000         0.000         0.000
 SAPS_18        0.000         0.000         0.000         0.000         0.000
 SAPS_24        0.000         0.000         0.000         0.000         0.000


           THETA
              SAPS_9        SAPS_12       SAPS_18       SAPS_24
              ________      ________      ________      ________
 SAPS_9         6.655
 SAPS_12        0.000         7.541
 SAPS_18        0.000         0.000         7.103
 SAPS_24        0.000         0.000         0.000         7.540


           ALPHA
              I             S             Q             CUB
              ________      ________      ________      ________
                9.005        -6.026         1.996        -0.186


           BETA
              I             S             Q             CUB
              ________      ________      ________      ________
 I              0.000         0.000         0.000         0.000
 S              0.000         0.000         0.000         0.000
 Q              0.000         0.000         0.000         0.000
 CUB            0.000         0.000         0.000         0.000


           PSI
              I             S             Q             CUB
              ________      ________      ________      ________
 I              0.000
 S              0.000         0.000
 Q              0.000         0.000         0.000
 CUB            0.000         0.000         0.000         0.000


     STARTING VALUES FOR LATENT CLASS REGRESSION MODEL PART


           ALPHA(C)
              C#1           C#2
              ________      ________
                0.000         0.000


TECHNICAL 11 OUTPUT

     Random Starts Specifications for the k-1 Class Analysis Model
        Number of initial stage random starts                 250
        Number of final stage optimizations                    62



     VUONG-LO-MENDELL-RUBIN LIKELIHOOD RATIO TEST FOR 1 (H0) VERSUS 2 CLASSES

          H0 Loglikelihood Value                       -12032.731
          2 Times the Loglikelihood Difference            721.959
          Difference in the Number of Parameters                5
          Mean                                             32.425
          Standard Deviation                               28.926
          P-Value                                          0.0000

     LO-MENDELL-RUBIN ADJUSTED LRT TEST

          Value                                           700.474
          P-Value                                          0.0000


SAMPLE STATISTICS FOR ESTIMATED FACTOR SCORES


     SAMPLE STATISTICS


           Means
              I             S             Q             CUB           C_I
              ________      ________      ________      ________      ________
                8.694        -1.741         0.152        -0.004         8.638


           Means
              C_S           C_Q           C_CUB
              ________      ________      ________
               -1.767         0.154        -0.004


           Covariances
              I             S             Q             CUB           C_I
              ________      ________      ________      ________      ________
 I              0.832
 S              0.391         0.183
 Q             -0.037        -0.017         0.002
 CUB            0.001         0.000         0.000         0.000
 C_I            0.893         0.420        -0.039         0.001         1.087
 C_S            0.420         0.197        -0.018         0.000         0.511
 C_Q           -0.039        -0.018         0.002         0.000        -0.048
 C_CUB          0.001         0.000         0.000         0.000         0.001


           Covariances
              C_S           C_Q           C_CUB
              ________      ________      ________
 C_S            0.240
 C_Q           -0.022         0.002
 C_CUB          0.001         0.000         0.000


           Correlations
              I             S             Q             CUB           C_I
              ________      ________      ________      ________      ________
 I              1.000
 S              1.000         1.000
 Q             -1.000        -1.000         1.000
 CUB            1.000         1.000        -1.000         1.000
 C_I            0.939         0.939        -0.939         0.939         1.000
 C_S            0.939         0.939        -0.939         0.939         1.000
 C_Q           -0.939        -0.939         0.939        -0.939        -1.000
 C_CUB          0.939         0.939        -0.939         0.939         1.000


           Correlations
              C_S           C_Q           C_CUB
              ________      ________      ________
 C_S            1.000
 C_Q           -1.000         1.000
 C_CUB          1.000        -1.000         1.000


PLOT INFORMATION

The following plots are available:

  Histograms (sample values, estimated factor scores, estimated values, residuals)
  Scatterplots (sample values, estimated factor scores, estimated values, residuals)
  Sample means
  Estimated means, medians, modes, and percentiles
  Sample and estimated means
  Latent variable distribution plots
  Observed individual values
  Estimated individual values
  Estimated means and observed individual values
  Estimated means and estimated individual values
  Estimated overall and class-specific distributions

SAVEDATA INFORMATION


  Save file
    K2_S500_res.dat

  Order and format of variables

    SAPS_0         F10.3
    SAPS_1         F10.3
    SAPS_2         F10.3
    SAPS_3         F10.3
    SAPS_6         F10.3
    SAPS_9         F10.3
    SAPS_12        F10.3
    SAPS_18        F10.3
    SAPS_24        F10.3
    I              F10.3
    S              F10.3
    Q              F10.3
    CUB            F10.3
    C_I            F10.3
    C_S            F10.3
    C_Q            F10.3
    C_CUB          F10.3
    CPROB1         F10.3
    CPROB2         F10.3
    C              F10.3
    PIN            I4

  Save file format
    20F10.3 I4

  Save file record length    10000

  Save missing symbol        *


     Beginning Time:  21:11:04
        Ending Time:  21:12:05
       Elapsed Time:  00:01:01



MUTHEN & MUTHEN
3463 Stoner Ave.
Los Angeles, CA  90066

Tel: (310) 391-9971
Fax: (310) 391-8971
Web: www.StatModel.com
Support: Support@StatModel.com

Copyright (c) 1998-2021 Muthen & Muthen
