Mplus VERSION 8.6 (Mac)
MUTHEN & MUTHEN
09/06/2023   8:46 PM

INPUT INSTRUCTIONS

  TITLE:
  GMM_CV_isq@0cub@0_CT - R3STEP_NSR_1st;
  DATA:
  FILE = "/Users/olivierpercie/Desktop/LGM/SAPS/Results/R3STEP/NSR_1st_R3STEP.dat";

  VARIABLE:
  NAMES = PIN SAPS_0 SAPS_1 SAPS_2 SAPS_3 SAPS_6 SAPS_9 SAPS_12 SAPS_18 SAPS_24 I S Q
       CUB C_I C_S C_Q C_CUB CPROB1 CPROB2 N NSR_1st;
   MISSING=.;
   USEVAR = N NSR_1st;
  NOMINAL = N;
  CLASSES = c(2);
  ANALYSIS:
  TYPE = MIXTURE;
  ALGORITHM = INTEGRATION;
  INTEGRATION = MONTECARLO;
  STARTS = 0 0;
  PROCESSORS = 8;
  MODEL:
  %OVERALL%
  C ON NSR_1st;
  NSR_1st;
  %C#1%
  [N#1@3.109];
  %C#2%
  [N#1@-2.37];
  OUTPUT:
  SAMPSTAT;
  STANDARDIZED;
  CINTERVAL;
  TECH7;
  TECH12;



*** WARNING
  Data set contains cases with missing on all variables.
  These cases were not included in the analysis.
  Number of cases with missing on all variables:  10
   1 WARNING(S) FOUND IN THE INPUT INSTRUCTIONS




GMM_CV_isq@0cub@0_CT - R3STEP_NSR_1st;

SUMMARY OF ANALYSIS

Number of groups                                                 1
Number of observations                                         679

Number of dependent variables                                    1
Number of independent variables                                  1
Number of continuous latent variables                            0
Number of categorical latent variables                           1

Observed dependent variables

  Unordered categorical (nominal)
   N

Observed independent variables
   NSR_1ST

Categorical latent variables
   C


Estimator                                                      MLR
Information matrix                                        OBSERVED
Optimization Specifications for the Quasi-Newton Algorithm for
Continuous Outcomes
  Maximum number of iterations                                 100
  Convergence criterion                                  0.100D-05
Optimization Specifications for the EM Algorithm
  Maximum number of iterations                                 500
  Convergence criteria
    Loglikelihood change                                 0.100D-02
    Relative loglikelihood change                        0.100D-05
    Derivative                                           0.100D-02
Optimization Specifications for the M step of the EM Algorithm for
Categorical Latent variables
  Number of M step iterations                                    1
  M step convergence criterion                           0.100D-02
  Basis for M step termination                           ITERATION
Optimization Specifications for the M step of the EM Algorithm for
Censored, Binary or Ordered Categorical (Ordinal), Unordered
Categorical (Nominal) and Count Outcomes
  Number of M step iterations                                    1
  M step convergence criterion                           0.100D-02
  Basis for M step termination                           ITERATION
  Maximum value for logit thresholds                            15
  Minimum value for logit thresholds                           -15
  Minimum expected cell size for chi-square              0.100D-01
Maximum number of iterations for H1                           2000
Convergence criterion for H1                             0.100D-03
Optimization algorithm                                         EMA
Integration Specifications
  Type                                                  MONTECARLO
  Number of integration points                                 250
  Dimensions of numerical integration                            1
  Adaptive quadrature                                           ON
  Monte Carlo integration seed                                   0
Cholesky                                                       OFF

Input data file(s)
  /Users/olivierpercie/Desktop/LGM/SAPS/Results/R3STEP/NSR_1st_R3STEP.dat
Input data format  FREE


SUMMARY OF DATA

     Number of missing data patterns             2
     Number of y missing data patterns           2
     Number of u missing data patterns           0


COVARIANCE COVERAGE OF DATA

Minimum covariance coverage value   0.100


     PROPORTION OF DATA PRESENT FOR Y


           Covariance Coverage
              NSR_1ST
              ________
 NSR_1ST        0.642


UNIVARIATE PROPORTIONS AND COUNTS FOR CATEGORICAL VARIABLES

    N
      Category 1    0.677          460.000
      Category 2    0.323          219.000


SAMPLE STATISTICS


     ESTIMATED SAMPLE STATISTICS


           Means
              NSR_1ST
              ________
              191.647


           Covariances
              NSR_1ST
              ________
 NSR_1ST    42915.697


           Correlations
              NSR_1ST
              ________
 NSR_1ST        1.000


     MAXIMUM LOG-LIKELIHOOD VALUE FOR THE UNRESTRICTED (H1) MODEL IS -2944.062


UNIVARIATE SAMPLE STATISTICS


     UNIVARIATE HIGHER-ORDER MOMENT DESCRIPTIVE STATISTICS

         Variable/         Mean/     Skewness/   Minimum/ % with                Percentiles
        Sample Size      Variance    Kurtosis    Maximum  Min/Max      20%/60%    40%/80%    Median

     NSR_1ST             191.647       1.343       0.000   15.60%      35.000     61.000     96.000
             436.000   42915.696       0.895     746.000    5.73%     183.000    368.000


THE MODEL ESTIMATION TERMINATED NORMALLY



MODEL FIT INFORMATION

Number of Free Parameters                        4

Loglikelihood

          H0 Value                       -3369.169
          H0 Scaling Correction Factor      1.1479
            for MLR

Information Criteria

          Akaike (AIC)                    6746.338
          Bayesian (BIC)                  6764.421
          Sample-Size Adjusted BIC        6751.720
            (n* = (n + 2) / 24)



FINAL CLASS COUNTS AND PROPORTIONS FOR THE LATENT CLASSES
BASED ON THE ESTIMATED MODEL

    Latent
   Classes

       1        460.76409          0.67859
       2        218.23591          0.32141


FINAL CLASS COUNTS AND PROPORTIONS FOR THE LATENT CLASSES
BASED ON ESTIMATED POSTERIOR PROBABILITIES

    Latent
   Classes

       1        461.14060          0.67915
       2        217.85940          0.32085


FINAL CLASS COUNTS AND PROPORTIONS FOR THE LATENT CLASSES
BASED ON THEIR MOST LIKELY LATENT CLASS MEMBERSHIP

Class Counts and Proportions

    Latent
   Classes

       1              460          0.67747
       2              219          0.32253


CLASSIFICATION QUALITY

     Entropy                         0.695


Average Latent Class Probabilities for Most Likely Latent Class Membership (Row)
by Latent Class (Column)

           1        2

    1   0.960    0.040
    2   0.090    0.910


Classification Probabilities for the Most Likely Latent Class Membership (Column)
by Latent Class (Row)

           1        2

    1   0.957    0.043
    2   0.085    0.915


Logits for the Classification Probabilities for the Most Likely Latent Class Membership (Column)
by Latent Class (Row)

              1        2

    1      3.106    0.000
    2     -2.371    0.000


MODEL RESULTS

                                                    Two-Tailed
                    Estimate       S.E.  Est./S.E.    P-Value

Latent Class 1

 Means
    NSR_1ST          195.965     10.113     19.377      0.000
    N#1                3.109      0.000    999.000    999.000

 Variances
    NSR_1ST        42792.812   3440.439     12.438      0.000

Latent Class 2

 Means
    NSR_1ST          195.965     10.113     19.377      0.000
    N#1               -2.370      0.000    999.000    999.000

 Variances
    NSR_1ST        42792.812   3440.439     12.438      0.000

Categorical Latent Variables

 C#1        ON
    NSR_1ST            0.001      0.001      1.694      0.090

 Intercepts
    C#1                0.544      0.149      3.639      0.000


QUALITY OF NUMERICAL RESULTS

     Condition Number for the Information Matrix              0.108E-02
       (ratio of smallest to largest eigenvalue)


LOGISTIC REGRESSION ODDS RATIO RESULTS

                                                95% C.I.
                    Estimate       S.E.  Lower 2.5% Upper 2.5%

Categorical Latent Variables

 C#1      ON
    NSR_1ST            1.001      0.001      1.000      1.002


ALTERNATIVE PARAMETERIZATIONS FOR THE CATEGORICAL LATENT VARIABLE REGRESSION

                                                    Two-Tailed
                    Estimate       S.E.  Est./S.E.    P-Value

Parameterization using Reference Class 1

 C#2      ON
    NSR_1ST           -0.001      0.001     -1.694      0.090

 Intercepts
    C#2               -0.544      0.149     -3.639      0.000


ODDS RATIO FOR THE ALTERNATIVE PARAMETERIZATIONS FOR THE CATEGORICAL LATENT VARIABLE REGRESSION

                                                95% C.I.
                    Estimate       S.E.  Lower 2.5% Upper 2.5%

Parameterization using Reference Class 1

 C#2      ON
    NSR_1ST            0.999      0.001      0.998      1.000


STANDARDIZED MODEL RESULTS


STDYX Standardization

                                                    Two-Tailed
                    Estimate       S.E.  Est./S.E.    P-Value

Latent Class 1

 Means
    NSR_1ST            0.947      0.032     29.960      0.000
    N#1                3.109      0.000    999.000    999.000

 Variances
    NSR_1ST            1.000      0.000    999.000    999.000

Latent Class 2

 Means
    NSR_1ST            0.947      0.032     29.960      0.000
    N#1               -2.370      0.000    999.000    999.000

 Variances
    NSR_1ST            1.000      0.000    999.000    999.000


STDY Standardization

                                                    Two-Tailed
                    Estimate       S.E.  Est./S.E.    P-Value

Latent Class 1

 Means
    NSR_1ST            0.947      0.032     29.960      0.000
    N#1                3.109      0.000    999.000    999.000

 Variances
    NSR_1ST            1.000      0.000    999.000    999.000

Latent Class 2

 Means
    NSR_1ST            0.947      0.032     29.960      0.000
    N#1               -2.370      0.000    999.000    999.000

 Variances
    NSR_1ST            1.000      0.000    999.000    999.000


STD Standardization

                                                    Two-Tailed
                    Estimate       S.E.  Est./S.E.    P-Value

Latent Class 1

 Means
    NSR_1ST          195.965     10.113     19.377      0.000
    N#1                3.109      0.000    999.000    999.000

 Variances
    NSR_1ST        42792.812   3440.439     12.438      0.000

Latent Class 2

 Means
    NSR_1ST          195.965     10.113     19.377      0.000
    N#1               -2.370      0.000    999.000    999.000

 Variances
    NSR_1ST        42792.812   3440.439     12.438      0.000


CONFIDENCE INTERVALS OF MODEL RESULTS

                  Lower .5%  Lower 2.5%    Lower 5%    Estimate    Upper 5%  Upper 2.5%   Upper .5%

Latent Class 1

 Means
    NSR_1ST        169.915     176.143     179.329     195.965     212.601     215.787     222.015
    N#1              3.109       3.109       3.109       3.109       3.109       3.109       3.109

 Variances
    NSR_1ST      33930.930   36049.551   37133.289   42792.812   48452.336   49536.074   51654.695

Latent Class 2

 Means
    NSR_1ST        169.915     176.143     179.329     195.965     212.601     215.787     222.015
    N#1             -2.370      -2.370      -2.370      -2.370      -2.370      -2.370      -2.370

 Variances
    NSR_1ST      33930.930   36049.551   37133.289   42792.812   48452.336   49536.074   51654.695

Categorical Latent Variables

 C#1      ON
    NSR_1ST         -0.001       0.000       0.000       0.001       0.002       0.002       0.003

 Intercepts
    C#1              0.159       0.251       0.298       0.544       0.789       0.836       0.928


CONFIDENCE INTERVALS FOR THE LOGISTIC REGRESSION ODDS RATIO RESULTS

Categorical Latent Variables

 C#1      ON
    NSR_1ST          0.999       1.000       1.000       1.001       1.002       1.002       1.003


CONFIDENCE INTERVALS FOR THE ALTERNATIVE PARAMETERIZATIONS FOR THE CATEGORICAL LATENT VARIABLE REGRESSION

Parameterization using Reference Class 1

 C#2      ON
    NSR_1ST         -0.003      -0.002      -0.002      -0.001       0.000       0.000       0.001

 Intercepts
    C#2             -0.928      -0.836      -0.789      -0.544      -0.298      -0.251      -0.159


CONFIDENCE INTERVALS FOR THE ODDS RATIO FOR THE ALTERNATIVE PARAMETERIZATIONS FOR THE
CATEGORICAL LATENT VARIABLE REGRESSION

Parameterization using Reference Class 1

 C#2      ON
    NSR_1ST          0.997       0.998       0.998       0.999       1.000       1.000       1.001


CONFIDENCE INTERVALS OF STANDARDIZED MODEL RESULTS


STDYX Standardization

                  Lower .5%  Lower 2.5%    Lower 5%    Estimate    Upper 5%  Upper 2.5%   Upper .5%

Latent Class 1

 Means
    NSR_1ST          0.866       0.885       0.895       0.947       0.999       1.009       1.029
    N#1              3.109       3.109       3.109       3.109       3.109       3.109       3.109

 Variances
    NSR_1ST          1.000       1.000       1.000       1.000       1.000       1.000       1.000

Latent Class 2

 Means
    NSR_1ST          0.866       0.885       0.895       0.947       0.999       1.009       1.029
    N#1             -2.370      -2.370      -2.370      -2.370      -2.370      -2.370      -2.370

 Variances
    NSR_1ST          1.000       1.000       1.000       1.000       1.000       1.000       1.000


STDY Standardization

                  Lower .5%  Lower 2.5%    Lower 5%    Estimate    Upper 5%  Upper 2.5%   Upper .5%

Latent Class 1

 Means
    NSR_1ST          0.866       0.885       0.895       0.947       0.999       1.009       1.029
    N#1              3.109       3.109       3.109       3.109       3.109       3.109       3.109

 Variances
    NSR_1ST          1.000       1.000       1.000       1.000       1.000       1.000       1.000

Latent Class 2

 Means
    NSR_1ST          0.866       0.885       0.895       0.947       0.999       1.009       1.029
    N#1             -2.370      -2.370      -2.370      -2.370      -2.370      -2.370      -2.370

 Variances
    NSR_1ST          1.000       1.000       1.000       1.000       1.000       1.000       1.000


STD Standardization

                  Lower .5%  Lower 2.5%    Lower 5%    Estimate    Upper 5%  Upper 2.5%   Upper .5%

Latent Class 1

 Means
    NSR_1ST        169.915     176.143     179.329     195.965     212.601     215.787     222.015
    N#1              3.109       3.109       3.109       3.109       3.109       3.109       3.109

 Variances
    NSR_1ST      33930.930   36049.551   37133.289   42792.812   48452.336   49536.074   51654.695

Latent Class 2

 Means
    NSR_1ST        169.915     176.143     179.329     195.965     212.601     215.787     222.015
    N#1             -2.370      -2.370      -2.370      -2.370      -2.370      -2.370      -2.370

 Variances
    NSR_1ST      33930.930   36049.551   37133.289   42792.812   48452.336   49536.074   51654.695


TECHNICAL 7 OUTPUT


     SAMPLE STATISTICS WEIGHTED BY ESTIMATED CLASS PROBABILITIES FOR CLASS 1


           Means
              NSR_1ST
              ________
              209.392


           Covariances
              NSR_1ST
              ________
 NSR_1ST    44853.515


     SAMPLE STATISTICS WEIGHTED BY ESTIMATED CLASS PROBABILITIES FOR CLASS 2


           Means
              NSR_1ST
              ________
              164.961


           Covariances
              NSR_1ST
              ________
 NSR_1ST    38816.004


     UNIVARIATE SAMPLE DISTRIBUTIONS FOR CLASS 1

     Variable
     N
       Category 1        0.957
       Category 2        0.043


     UNIVARIATE SAMPLE DISTRIBUTIONS FOR CLASS 2

     Variable
     N
       Category 1        0.085
       Category 2        0.915


TECHNICAL 12 OUTPUT


     ESTIMATED MIXED MODEL AND RESIDUALS (OBSERVED - EXPECTED)


           Observed Means
              NSR_1ST
              ________
              191.647


           Estimated Mixed Means
              NSR_1ST
              ________
              195.965


           Residuals for Mixed Means
              NSR_1ST
              ________
               -4.318


           Observed Covariances
              NSR_1ST
              ________
 NSR_1ST    42915.697


           Estimated Mixed Covariances
              NSR_1ST
              ________
 NSR_1ST    42792.814


           Residuals for Mixed Covariances
              NSR_1ST
              ________
 NSR_1ST      122.883


           Observed Skewness
              NSR_1ST
              ________
                1.343


           Estimated Mixed Skewness
              NSR_1ST
              ________
                0.000


           Residuals for Mixed Skewness
              NSR_1ST
              ________
                1.343


           Observed Kurtosis
              NSR_1ST
              ________
                0.895


           Estimated Mixed Kurtosis
              NSR_1ST
              ________
                0.000


           Residuals for Mixed Kurtosis
              NSR_1ST
              ________
                0.895


     Beginning Time:  20:46:33
        Ending Time:  20:46:33
       Elapsed Time:  00:00:00



MUTHEN & MUTHEN
3463 Stoner Ave.
Los Angeles, CA  90066

Tel: (310) 391-9971
Fax: (310) 391-8971
Web: www.StatModel.com
Support: Support@StatModel.com

Copyright (c) 1998-2021 Muthen & Muthen
