Mplus VERSION 8.6 (Mac)
MUTHEN & MUTHEN
07/04/2023  11:29 PM

INPUT INSTRUCTIONS

  TITLE:
   GMM4v_i s q cub@0; - R3STEP_PAS_ea;
  DATA:
  FILE = "/Users/olivierpercie/Desktop/MplusLGM/SAPS/Results/R3STEP/PAS_ea_R3STEP.dat";

  VARIABLE:
  NAMES = PIN SAPS_0 SAPS_1 SAPS_2 SAPS_3 SAPS_6 SAPS_9 SAPS_12 SAPS_18 SAPS_24 I S Q
       CUB C_I C_S C_Q C_CUB CPROB1 CPROB2 N PAS_ea;
   MISSING=.;
   USEVAR = N PAS_ea;
  NOMINAL = N;
  CLASSES = c(2);
  ANALYSIS:
  TYPE = MIXTURE;
  ALGORITHM = INTEGRATION;
  INTEGRATION = MONTECARLO;
  STARTS = 0;
  PROCESSORS = 8;
  MODEL:
  %OVERALL%
  C ON PAS_ea;
  PAS_ea;
  %C#1%
  [N#1@3.513];
  %C#2%
  [N#1@-3.952];
  OUTPUT:
  SAMPSTAT;
  STANDARDIZED;
  CINTERVAL;
  TECH7;



INPUT READING TERMINATED NORMALLY




GMM4v_i s q cub@0; - R3STEP_PAS_ea;

SUMMARY OF ANALYSIS

Number of groups                                                 1
Number of observations                                         405

Number of dependent variables                                    1
Number of independent variables                                  1
Number of continuous latent variables                            0
Number of categorical latent variables                           1

Observed dependent variables

  Unordered categorical (nominal)
   N

Observed independent variables
   PAS_EA

Categorical latent variables
   C


Estimator                                                      MLR
Information matrix                                        OBSERVED
Optimization Specifications for the Quasi-Newton Algorithm for
Continuous Outcomes
  Maximum number of iterations                                 100
  Convergence criterion                                  0.100D-05
Optimization Specifications for the EM Algorithm
  Maximum number of iterations                                 500
  Convergence criteria
    Loglikelihood change                                 0.100D-02
    Relative loglikelihood change                        0.100D-05
    Derivative                                           0.100D-02
Optimization Specifications for the M step of the EM Algorithm for
Categorical Latent variables
  Number of M step iterations                                    1
  M step convergence criterion                           0.100D-02
  Basis for M step termination                           ITERATION
Optimization Specifications for the M step of the EM Algorithm for
Censored, Binary or Ordered Categorical (Ordinal), Unordered
Categorical (Nominal) and Count Outcomes
  Number of M step iterations                                    1
  M step convergence criterion                           0.100D-02
  Basis for M step termination                           ITERATION
  Maximum value for logit thresholds                            15
  Minimum value for logit thresholds                           -15
  Minimum expected cell size for chi-square              0.100D-01
Maximum number of iterations for H1                           2000
Convergence criterion for H1                             0.100D-03
Optimization algorithm                                         EMA
Integration Specifications
  Type                                                  MONTECARLO
  Number of integration points                                 250
  Dimensions of numerical integration                            1
  Adaptive quadrature                                           ON
  Monte Carlo integration seed                                   0
Cholesky                                                       OFF

Input data file(s)
  /Users/olivierpercie/Desktop/MplusLGM/SAPS/Results/R3STEP/PAS_ea_R3STEP.dat
Input data format  FREE


SUMMARY OF DATA

     Number of missing data patterns             2
     Number of y missing data patterns           2
     Number of u missing data patterns           0


COVARIANCE COVERAGE OF DATA

Minimum covariance coverage value   0.100


     PROPORTION OF DATA PRESENT FOR Y


           Covariance Coverage
              PAS_EA
              ________
 PAS_EA         0.694


UNIVARIATE PROPORTIONS AND COUNTS FOR CATEGORICAL VARIABLES

    N
      Category 1    0.341          138.000
      Category 2    0.659          267.000


SAMPLE STATISTICS


     ESTIMATED SAMPLE STATISTICS


           Means
              PAS_EA
              ________
                0.268


           Covariances
              PAS_EA
              ________
 PAS_EA         0.024


           Correlations
              PAS_EA
              ________
 PAS_EA         1.000


     MAXIMUM LOG-LIKELIHOOD VALUE FOR THE UNRESTRICTED (H1) MODEL IS 125.467


UNIVARIATE SAMPLE STATISTICS


     UNIVARIATE HIGHER-ORDER MOMENT DESCRIPTIVE STATISTICS

         Variable/         Mean/     Skewness/   Minimum/ % with                Percentiles
        Sample Size      Variance    Kurtosis    Maximum  Min/Max      20%/60%    40%/80%    Median

     PAS_EA                0.268       0.855       0.000    1.07%       0.130      0.200      0.270
             281.000       0.024       0.767       0.870    0.36%       0.270      0.370


THE MODEL ESTIMATION TERMINATED NORMALLY



MODEL FIT INFORMATION

Number of Free Parameters                        4

Loglikelihood

          H0 Value                        -132.982
          H0 Scaling Correction Factor      1.1272
            for MLR

Information Criteria

          Akaike (AIC)                     273.964
          Bayesian (BIC)                   289.980
          Sample-Size Adjusted BIC         277.287
            (n* = (n + 2) / 24)



FINAL CLASS COUNTS AND PROPORTIONS FOR THE LATENT CLASSES
BASED ON THE ESTIMATED MODEL

    Latent
   Classes

       1        136.93328          0.33811
       2        268.06672          0.66189


FINAL CLASS COUNTS AND PROPORTIONS FOR THE LATENT CLASSES
BASED ON ESTIMATED POSTERIOR PROBABILITIES

    Latent
   Classes

       1        136.89068          0.33800
       2        268.10932          0.66200


FINAL CLASS COUNTS AND PROPORTIONS FOR THE LATENT CLASSES
BASED ON THEIR MOST LIKELY LATENT CLASS MEMBERSHIP

Class Counts and Proportions

    Latent
   Classes

       1              138          0.34074
       2              267          0.65926


CLASSIFICATION QUALITY

     Entropy                         0.850


Average Latent Class Probabilities for Most Likely Latent Class Membership (Row)
by Latent Class (Column)

           1        2

    1   0.963    0.037
    2   0.015    0.985


Classification Probabilities for the Most Likely Latent Class Membership (Column)
by Latent Class (Row)

           1        2

    1   0.971    0.029
    2   0.019    0.981


Logits for the Classification Probabilities for the Most Likely Latent Class Membership (Column)
by Latent Class (Row)

              1        2

    1      3.514    0.000
    2     -3.949    0.000


MODEL RESULTS

                                                    Two-Tailed
                    Estimate       S.E.  Est./S.E.    P-Value

Latent Class 1

 Means
    PAS_EA             0.269      0.009     29.159      0.000
    N#1                3.513      0.000    999.000    999.000

 Variances
    PAS_EA             0.024      0.002     10.111      0.000

Latent Class 2

 Means
    PAS_EA             0.269      0.009     29.159      0.000
    N#1               -3.952      0.000    999.000    999.000

 Variances
    PAS_EA             0.024      0.002     10.111      0.000

Categorical Latent Variables

 C#1        ON
    PAS_EA            -1.458      0.962     -1.516      0.130

 Intercepts
    C#1               -0.289      0.269     -1.072      0.284


QUALITY OF NUMERICAL RESULTS

     Condition Number for the Information Matrix              0.371E-05
       (ratio of smallest to largest eigenvalue)


LOGISTIC REGRESSION ODDS RATIO RESULTS

                                                95% C.I.
                    Estimate       S.E.  Lower 2.5% Upper 2.5%

Categorical Latent Variables

 C#1      ON
    PAS_EA             0.233      0.224      0.035      1.533


ALTERNATIVE PARAMETERIZATIONS FOR THE CATEGORICAL LATENT VARIABLE REGRESSION

                                                    Two-Tailed
                    Estimate       S.E.  Est./S.E.    P-Value

Parameterization using Reference Class 1

 C#2      ON
    PAS_EA             1.458      0.962      1.516      0.130

 Intercepts
    C#2                0.289      0.269      1.072      0.284


ODDS RATIO FOR THE ALTERNATIVE PARAMETERIZATIONS FOR THE CATEGORICAL LATENT VARIABLE REGRESSION

                                                95% C.I.
                    Estimate       S.E.  Lower 2.5% Upper 2.5%

Parameterization using Reference Class 1

 C#2      ON
    PAS_EA             4.297      4.132      0.652     28.301


STANDARDIZED MODEL RESULTS


STDYX Standardization

                                                    Two-Tailed
                    Estimate       S.E.  Est./S.E.    P-Value

Latent Class 1

 Means
    PAS_EA             1.737      0.076     22.947      0.000
    N#1                3.513      0.000    999.000    999.000

 Variances
    PAS_EA             1.000      0.000    999.000    999.000

Latent Class 2

 Means
    PAS_EA             1.737      0.076     22.947      0.000
    N#1               -3.952      0.000    999.000    999.000

 Variances
    PAS_EA             1.000      0.000    999.000    999.000


STDY Standardization

                                                    Two-Tailed
                    Estimate       S.E.  Est./S.E.    P-Value

Latent Class 1

 Means
    PAS_EA             1.737      0.076     22.947      0.000
    N#1                3.513      0.000    999.000    999.000

 Variances
    PAS_EA             1.000      0.000    999.000    999.000

Latent Class 2

 Means
    PAS_EA             1.737      0.076     22.947      0.000
    N#1               -3.952      0.000    999.000    999.000

 Variances
    PAS_EA             1.000      0.000    999.000    999.000


STD Standardization

                                                    Two-Tailed
                    Estimate       S.E.  Est./S.E.    P-Value

Latent Class 1

 Means
    PAS_EA             0.269      0.009     29.159      0.000
    N#1                3.513      0.000    999.000    999.000

 Variances
    PAS_EA             0.024      0.002     10.111      0.000

Latent Class 2

 Means
    PAS_EA             0.269      0.009     29.159      0.000
    N#1               -3.952      0.000    999.000    999.000

 Variances
    PAS_EA             0.024      0.002     10.111      0.000


CONFIDENCE INTERVALS OF MODEL RESULTS

                  Lower .5%  Lower 2.5%    Lower 5%    Estimate    Upper 5%  Upper 2.5%   Upper .5%

Latent Class 1

 Means
    PAS_EA           0.245       0.251       0.254       0.269       0.284       0.287       0.293
    N#1              3.513       3.513       3.513       3.513       3.513       3.513       3.513

 Variances
    PAS_EA           0.018       0.019       0.020       0.024       0.028       0.029       0.030

Latent Class 2

 Means
    PAS_EA           0.245       0.251       0.254       0.269       0.284       0.287       0.293
    N#1             -3.952      -3.952      -3.952      -3.952      -3.952      -3.952      -3.952

 Variances
    PAS_EA           0.018       0.019       0.020       0.024       0.028       0.029       0.030

Categorical Latent Variables

 C#1      ON
    PAS_EA          -3.935      -3.343      -3.040      -1.458       0.124       0.427       1.019

 Intercepts
    C#1             -0.982      -0.817      -0.732      -0.289       0.154       0.239       0.405


CONFIDENCE INTERVALS FOR THE LOGISTIC REGRESSION ODDS RATIO RESULTS

Categorical Latent Variables

 C#1      ON
    PAS_EA           0.020       0.035       0.048       0.233       1.132       1.533       2.772


CONFIDENCE INTERVALS FOR THE ALTERNATIVE PARAMETERIZATIONS FOR THE CATEGORICAL LATENT VARIABLE REGRESSION

Parameterization using Reference Class 1

 C#2      ON
    PAS_EA          -1.019      -0.427      -0.124       1.458       3.040       3.343       3.935

 Intercepts
    C#2             -0.405      -0.239      -0.154       0.289       0.732       0.817       0.982


CONFIDENCE INTERVALS FOR THE ODDS RATIO FOR THE ALTERNATIVE PARAMETERIZATIONS FOR THE
CATEGORICAL LATENT VARIABLE REGRESSION

Parameterization using Reference Class 1

 C#2      ON
    PAS_EA           0.361       0.652       0.883       4.297      20.904      28.301      51.170


CONFIDENCE INTERVALS OF STANDARDIZED MODEL RESULTS


STDYX Standardization

                  Lower .5%  Lower 2.5%    Lower 5%    Estimate    Upper 5%  Upper 2.5%   Upper .5%

Latent Class 1

 Means
    PAS_EA           1.542       1.588       1.612       1.737       1.861       1.885       1.932
    N#1              3.513       3.513       3.513       3.513       3.513       3.513       3.513

 Variances
    PAS_EA           1.000       1.000       1.000       1.000       1.000       1.000       1.000

Latent Class 2

 Means
    PAS_EA           1.542       1.588       1.612       1.737       1.861       1.885       1.932
    N#1             -3.952      -3.952      -3.952      -3.952      -3.952      -3.952      -3.952

 Variances
    PAS_EA           1.000       1.000       1.000       1.000       1.000       1.000       1.000


STDY Standardization

                  Lower .5%  Lower 2.5%    Lower 5%    Estimate    Upper 5%  Upper 2.5%   Upper .5%

Latent Class 1

 Means
    PAS_EA           1.542       1.588       1.612       1.737       1.861       1.885       1.932
    N#1              3.513       3.513       3.513       3.513       3.513       3.513       3.513

 Variances
    PAS_EA           1.000       1.000       1.000       1.000       1.000       1.000       1.000

Latent Class 2

 Means
    PAS_EA           1.542       1.588       1.612       1.737       1.861       1.885       1.932
    N#1             -3.952      -3.952      -3.952      -3.952      -3.952      -3.952      -3.952

 Variances
    PAS_EA           1.000       1.000       1.000       1.000       1.000       1.000       1.000


STD Standardization

                  Lower .5%  Lower 2.5%    Lower 5%    Estimate    Upper 5%  Upper 2.5%   Upper .5%

Latent Class 1

 Means
    PAS_EA           0.245       0.251       0.254       0.269       0.284       0.287       0.293
    N#1              3.513       3.513       3.513       3.513       3.513       3.513       3.513

 Variances
    PAS_EA           0.018       0.019       0.020       0.024       0.028       0.029       0.030

Latent Class 2

 Means
    PAS_EA           0.245       0.251       0.254       0.269       0.284       0.287       0.293
    N#1             -3.952      -3.952      -3.952      -3.952      -3.952      -3.952      -3.952

 Variances
    PAS_EA           0.018       0.019       0.020       0.024       0.028       0.029       0.030


TECHNICAL 7 OUTPUT


     SAMPLE STATISTICS WEIGHTED BY ESTIMATED CLASS PROBABILITIES FOR CLASS 1


           Means
              PAS_EA
              ________
                0.246


           Covariances
              PAS_EA
              ________
 PAS_EA         0.023


     SAMPLE STATISTICS WEIGHTED BY ESTIMATED CLASS PROBABILITIES FOR CLASS 2


           Means
              PAS_EA
              ________
                0.280


           Covariances
              PAS_EA
              ________
 PAS_EA         0.024


     UNIVARIATE SAMPLE DISTRIBUTIONS FOR CLASS 1

     Variable
     N
       Category 1        0.971
       Category 2        0.029


     UNIVARIATE SAMPLE DISTRIBUTIONS FOR CLASS 2

     Variable
     N
       Category 1        0.019
       Category 2        0.981


     Beginning Time:  23:29:27
        Ending Time:  23:29:27
       Elapsed Time:  00:00:00



MUTHEN & MUTHEN
3463 Stoner Ave.
Los Angeles, CA  90066

Tel: (310) 391-9971
Fax: (310) 391-8971
Web: www.StatModel.com
Support: Support@StatModel.com

Copyright (c) 1998-2021 Muthen & Muthen
