Mplus VERSION 8.6 (Mac)
MUTHEN & MUTHEN
09/06/2023   8:46 PM

INPUT INSTRUCTIONS

  TITLE:
  GMM_CV_isq@0cub@0_CT - R3STEP_PAS_tot2;
  DATA:
  FILE = "/Users/olivierpercie/Desktop/LGM/SAPS/Results/R3STEP/PAS_tot2_R3STEP.dat";

  VARIABLE:
  NAMES = PIN SAPS_0 SAPS_1 SAPS_2 SAPS_3 SAPS_6 SAPS_9 SAPS_12 SAPS_18 SAPS_24 I S Q
       CUB C_I C_S C_Q C_CUB CPROB1 CPROB2 N PAS_tot2;
   MISSING=.;
   USEVAR = N PAS_tot2;
  NOMINAL = N;
  CLASSES = c(2);
  ANALYSIS:
  TYPE = MIXTURE;
  ALGORITHM = INTEGRATION;
  INTEGRATION = MONTECARLO;
  STARTS = 0 0;
  PROCESSORS = 8;
  MODEL:
  %OVERALL%
  C ON PAS_tot2;
  PAS_tot2;
  %C#1%
  [N#1@3.109];
  %C#2%
  [N#1@-2.37];
  OUTPUT:
  SAMPSTAT;
  STANDARDIZED;
  CINTERVAL;
  TECH7;
  TECH12;



*** WARNING
  Data set contains cases with missing on all variables.
  These cases were not included in the analysis.
  Number of cases with missing on all variables:  8
   1 WARNING(S) FOUND IN THE INPUT INSTRUCTIONS




GMM_CV_isq@0cub@0_CT - R3STEP_PAS_tot2;

SUMMARY OF ANALYSIS

Number of groups                                                 1
Number of observations                                         681

Number of dependent variables                                    1
Number of independent variables                                  1
Number of continuous latent variables                            0
Number of categorical latent variables                           1

Observed dependent variables

  Unordered categorical (nominal)
   N

Observed independent variables
   PAS_TOT2

Categorical latent variables
   C


Estimator                                                      MLR
Information matrix                                        OBSERVED
Optimization Specifications for the Quasi-Newton Algorithm for
Continuous Outcomes
  Maximum number of iterations                                 100
  Convergence criterion                                  0.100D-05
Optimization Specifications for the EM Algorithm
  Maximum number of iterations                                 500
  Convergence criteria
    Loglikelihood change                                 0.100D-02
    Relative loglikelihood change                        0.100D-05
    Derivative                                           0.100D-02
Optimization Specifications for the M step of the EM Algorithm for
Categorical Latent variables
  Number of M step iterations                                    1
  M step convergence criterion                           0.100D-02
  Basis for M step termination                           ITERATION
Optimization Specifications for the M step of the EM Algorithm for
Censored, Binary or Ordered Categorical (Ordinal), Unordered
Categorical (Nominal) and Count Outcomes
  Number of M step iterations                                    1
  M step convergence criterion                           0.100D-02
  Basis for M step termination                           ITERATION
  Maximum value for logit thresholds                            15
  Minimum value for logit thresholds                           -15
  Minimum expected cell size for chi-square              0.100D-01
Maximum number of iterations for H1                           2000
Convergence criterion for H1                             0.100D-03
Optimization algorithm                                         EMA
Integration Specifications
  Type                                                  MONTECARLO
  Number of integration points                                 250
  Dimensions of numerical integration                            1
  Adaptive quadrature                                           ON
  Monte Carlo integration seed                                   0
Cholesky                                                       OFF

Input data file(s)
  /Users/olivierpercie/Desktop/LGM/SAPS/Results/R3STEP/PAS_tot2_R3STEP.dat
Input data format  FREE


SUMMARY OF DATA

     Number of missing data patterns             2
     Number of y missing data patterns           2
     Number of u missing data patterns           0


COVARIANCE COVERAGE OF DATA

Minimum covariance coverage value   0.100


     PROPORTION OF DATA PRESENT FOR Y


           Covariance Coverage
              PAS_TOT2
              ________
 PAS_TOT2       0.543


UNIVARIATE PROPORTIONS AND COUNTS FOR CATEGORICAL VARIABLES

    N
      Category 1    0.677          460.000
      Category 2    0.323          219.000


SAMPLE STATISTICS


     ESTIMATED SAMPLE STATISTICS


           Means
              PAS_TOT2
              ________
                0.241


           Covariances
              PAS_TOT2
              ________
 PAS_TOT2       0.017


           Correlations
              PAS_TOT2
              ________
 PAS_TOT2       1.000


     MAXIMUM LOG-LIKELIHOOD VALUE FOR THE UNRESTRICTED (H1) MODEL IS 229.314


UNIVARIATE SAMPLE STATISTICS


     UNIVARIATE HIGHER-ORDER MOMENT DESCRIPTIVE STATISTICS

         Variable/         Mean/     Skewness/   Minimum/ % with                Percentiles
        Sample Size      Variance    Kurtosis    Maximum  Min/Max      20%/60%    40%/80%    Median

     PAS_TOT2              0.241       0.705       0.000    0.27%       0.130      0.190      0.220
             370.000       0.017       0.440       0.790    0.27%       0.260      0.350


THE MODEL ESTIMATION TERMINATED NORMALLY



MODEL FIT INFORMATION

Number of Free Parameters                        4

Loglikelihood

          H0 Value                        -196.193
          H0 Scaling Correction Factor      1.0323
            for MLR

Information Criteria

          Akaike (AIC)                     400.387
          Bayesian (BIC)                   418.481
          Sample-Size Adjusted BIC         405.781
            (n* = (n + 2) / 24)



FINAL CLASS COUNTS AND PROPORTIONS FOR THE LATENT CLASSES
BASED ON THE ESTIMATED MODEL

    Latent
   Classes

       1        462.10734          0.67857
       2        218.89266          0.32143


FINAL CLASS COUNTS AND PROPORTIONS FOR THE LATENT CLASSES
BASED ON ESTIMATED POSTERIOR PROBABILITIES

    Latent
   Classes

       1        462.25738          0.67879
       2        218.74262          0.32121


FINAL CLASS COUNTS AND PROPORTIONS FOR THE LATENT CLASSES
BASED ON THEIR MOST LIKELY LATENT CLASS MEMBERSHIP

Class Counts and Proportions

    Latent
   Classes

       1              462          0.67841
       2              219          0.32159


CLASSIFICATION QUALITY

     Entropy                         0.693


Average Latent Class Probabilities for Most Likely Latent Class Membership (Row)
by Latent Class (Column)

           1        2

    1   0.958    0.042
    2   0.090    0.910


Classification Probabilities for the Most Likely Latent Class Membership (Column)
by Latent Class (Row)

           1        2

    1   0.957    0.043
    2   0.089    0.911


Logits for the Classification Probabilities for the Most Likely Latent Class Membership (Column)
by Latent Class (Row)

              1        2

    1      3.114    0.000
    2     -2.329    0.000


MODEL RESULTS

                                                    Two-Tailed
                    Estimate       S.E.  Est./S.E.    P-Value

Latent Class 1

 Means
    PAS_TOT2           0.243      0.007     35.334      0.000
    N#1                3.109      0.000    999.000    999.000

 Variances
    PAS_TOT2           0.017      0.001     12.468      0.000

Latent Class 2

 Means
    PAS_TOT2           0.243      0.007     35.334      0.000
    N#1               -2.370      0.000    999.000    999.000

 Variances
    PAS_TOT2           0.017      0.001     12.468      0.000

Categorical Latent Variables

 C#1        ON
    PAS_TOT2           1.647      0.952      1.730      0.084

 Intercepts
    C#1                0.356      0.244      1.460      0.144


QUALITY OF NUMERICAL RESULTS

     Condition Number for the Information Matrix              0.111E-05
       (ratio of smallest to largest eigenvalue)


LOGISTIC REGRESSION ODDS RATIO RESULTS

                                                95% C.I.
                    Estimate       S.E.  Lower 2.5% Upper 2.5%

Categorical Latent Variables

 C#1      ON
    PAS_TOT2           5.189      4.939      0.803     33.517


ALTERNATIVE PARAMETERIZATIONS FOR THE CATEGORICAL LATENT VARIABLE REGRESSION

                                                    Two-Tailed
                    Estimate       S.E.  Est./S.E.    P-Value

Parameterization using Reference Class 1

 C#2      ON
    PAS_TOT2          -1.647      0.952     -1.730      0.084

 Intercepts
    C#2               -0.356      0.244     -1.460      0.144


ODDS RATIO FOR THE ALTERNATIVE PARAMETERIZATIONS FOR THE CATEGORICAL LATENT VARIABLE REGRESSION

                                                95% C.I.
                    Estimate       S.E.  Lower 2.5% Upper 2.5%

Parameterization using Reference Class 1

 C#2      ON
    PAS_TOT2           0.193      0.183      0.030      1.245


STANDARDIZED MODEL RESULTS


STDYX Standardization

                                                    Two-Tailed
                    Estimate       S.E.  Est./S.E.    P-Value

Latent Class 1

 Means
    PAS_TOT2           1.868      0.069     27.024      0.000
    N#1                3.109      0.000    999.000    999.000

 Variances
    PAS_TOT2           1.000      0.000    999.000    999.000

Latent Class 2

 Means
    PAS_TOT2           1.868      0.069     27.024      0.000
    N#1               -2.370      0.000    999.000    999.000

 Variances
    PAS_TOT2           1.000      0.000    999.000    999.000


STDY Standardization

                                                    Two-Tailed
                    Estimate       S.E.  Est./S.E.    P-Value

Latent Class 1

 Means
    PAS_TOT2           1.868      0.069     27.024      0.000
    N#1                3.109      0.000    999.000    999.000

 Variances
    PAS_TOT2           1.000      0.000    999.000    999.000

Latent Class 2

 Means
    PAS_TOT2           1.868      0.069     27.024      0.000
    N#1               -2.370      0.000    999.000    999.000

 Variances
    PAS_TOT2           1.000      0.000    999.000    999.000


STD Standardization

                                                    Two-Tailed
                    Estimate       S.E.  Est./S.E.    P-Value

Latent Class 1

 Means
    PAS_TOT2           0.243      0.007     35.334      0.000
    N#1                3.109      0.000    999.000    999.000

 Variances
    PAS_TOT2           0.017      0.001     12.468      0.000

Latent Class 2

 Means
    PAS_TOT2           0.243      0.007     35.334      0.000
    N#1               -2.370      0.000    999.000    999.000

 Variances
    PAS_TOT2           0.017      0.001     12.468      0.000


CONFIDENCE INTERVALS OF MODEL RESULTS

                  Lower .5%  Lower 2.5%    Lower 5%    Estimate    Upper 5%  Upper 2.5%   Upper .5%

Latent Class 1

 Means
    PAS_TOT2         0.225       0.229       0.232       0.243       0.254       0.256       0.261
    N#1              3.109       3.109       3.109       3.109       3.109       3.109       3.109

 Variances
    PAS_TOT2         0.013       0.014       0.015       0.017       0.019       0.020       0.020

Latent Class 2

 Means
    PAS_TOT2         0.225       0.229       0.232       0.243       0.254       0.256       0.261
    N#1             -2.370      -2.370      -2.370      -2.370      -2.370      -2.370      -2.370

 Variances
    PAS_TOT2         0.013       0.014       0.015       0.017       0.019       0.020       0.020

Categorical Latent Variables

 C#1      ON
    PAS_TOT2        -0.805      -0.219       0.081       1.647       3.212       3.512       4.098

 Intercepts
    C#1             -0.272      -0.122      -0.045       0.356       0.758       0.835       0.985


CONFIDENCE INTERVALS FOR THE LOGISTIC REGRESSION ODDS RATIO RESULTS

Categorical Latent Variables

 C#1      ON
    PAS_TOT2         0.447       0.803       1.084       5.189      24.835      33.517      60.229


CONFIDENCE INTERVALS FOR THE ALTERNATIVE PARAMETERIZATIONS FOR THE CATEGORICAL LATENT VARIABLE REGRESSION

Parameterization using Reference Class 1

 C#2      ON
    PAS_TOT2        -4.098      -3.512      -3.212      -1.647      -0.081       0.219       0.805

 Intercepts
    C#2             -0.985      -0.835      -0.758      -0.356       0.045       0.122       0.272


CONFIDENCE INTERVALS FOR THE ODDS RATIO FOR THE ALTERNATIVE PARAMETERIZATIONS FOR THE
CATEGORICAL LATENT VARIABLE REGRESSION

Parameterization using Reference Class 1

 C#2      ON
    PAS_TOT2         0.017       0.030       0.040       0.193       0.922       1.245       2.237


CONFIDENCE INTERVALS OF STANDARDIZED MODEL RESULTS


STDYX Standardization

                  Lower .5%  Lower 2.5%    Lower 5%    Estimate    Upper 5%  Upper 2.5%   Upper .5%

Latent Class 1

 Means
    PAS_TOT2         1.690       1.733       1.755       1.868       1.982       2.004       2.047
    N#1              3.109       3.109       3.109       3.109       3.109       3.109       3.109

 Variances
    PAS_TOT2         1.000       1.000       1.000       1.000       1.000       1.000       1.000

Latent Class 2

 Means
    PAS_TOT2         1.690       1.733       1.755       1.868       1.982       2.004       2.047
    N#1             -2.370      -2.370      -2.370      -2.370      -2.370      -2.370      -2.370

 Variances
    PAS_TOT2         1.000       1.000       1.000       1.000       1.000       1.000       1.000


STDY Standardization

                  Lower .5%  Lower 2.5%    Lower 5%    Estimate    Upper 5%  Upper 2.5%   Upper .5%

Latent Class 1

 Means
    PAS_TOT2         1.690       1.733       1.755       1.868       1.982       2.004       2.047
    N#1              3.109       3.109       3.109       3.109       3.109       3.109       3.109

 Variances
    PAS_TOT2         1.000       1.000       1.000       1.000       1.000       1.000       1.000

Latent Class 2

 Means
    PAS_TOT2         1.690       1.733       1.755       1.868       1.982       2.004       2.047
    N#1             -2.370      -2.370      -2.370      -2.370      -2.370      -2.370      -2.370

 Variances
    PAS_TOT2         1.000       1.000       1.000       1.000       1.000       1.000       1.000


STD Standardization

                  Lower .5%  Lower 2.5%    Lower 5%    Estimate    Upper 5%  Upper 2.5%   Upper .5%

Latent Class 1

 Means
    PAS_TOT2         0.225       0.229       0.232       0.243       0.254       0.256       0.261
    N#1              3.109       3.109       3.109       3.109       3.109       3.109       3.109

 Variances
    PAS_TOT2         0.013       0.014       0.015       0.017       0.019       0.020       0.020

Latent Class 2

 Means
    PAS_TOT2         0.225       0.229       0.232       0.243       0.254       0.256       0.261
    N#1             -2.370      -2.370      -2.370      -2.370      -2.370      -2.370      -2.370

 Variances
    PAS_TOT2         0.013       0.014       0.015       0.017       0.019       0.020       0.020


TECHNICAL 7 OUTPUT


     SAMPLE STATISTICS WEIGHTED BY ESTIMATED CLASS PROBABILITIES FOR CLASS 1


           Means
              PAS_TOT2
              ________
                0.251


           Covariances
              PAS_TOT2
              ________
 PAS_TOT2       0.019


     SAMPLE STATISTICS WEIGHTED BY ESTIMATED CLASS PROBABILITIES FOR CLASS 2


           Means
              PAS_TOT2
              ________
                0.223


           Covariances
              PAS_TOT2
              ________
 PAS_TOT2       0.014


     UNIVARIATE SAMPLE DISTRIBUTIONS FOR CLASS 1

     Variable
     N
       Category 1        0.957
       Category 2        0.043


     UNIVARIATE SAMPLE DISTRIBUTIONS FOR CLASS 2

     Variable
     N
       Category 1        0.086
       Category 2        0.914


TECHNICAL 12 OUTPUT


     ESTIMATED MIXED MODEL AND RESIDUALS (OBSERVED - EXPECTED)


           Observed Means
              PAS_TOT2
              ________
                0.241


           Estimated Mixed Means
              PAS_TOT2
              ________
                0.243


           Residuals for Mixed Means
              PAS_TOT2
              ________
               -0.002


           Observed Covariances
              PAS_TOT2
              ________
 PAS_TOT2       0.017


           Estimated Mixed Covariances
              PAS_TOT2
              ________
 PAS_TOT2       0.017


           Residuals for Mixed Covariances
              PAS_TOT2
              ________
 PAS_TOT2       0.000


           Observed Skewness
              PAS_TOT2
              ________
                0.705


           Estimated Mixed Skewness
              PAS_TOT2
              ________
                0.000


           Residuals for Mixed Skewness
              PAS_TOT2
              ________
                0.705


           Observed Kurtosis
              PAS_TOT2
              ________
                0.440


           Estimated Mixed Kurtosis
              PAS_TOT2
              ________
                0.000


           Residuals for Mixed Kurtosis
              PAS_TOT2
              ________
                0.440


     Beginning Time:  20:46:15
        Ending Time:  20:46:15
       Elapsed Time:  00:00:00



MUTHEN & MUTHEN
3463 Stoner Ave.
Los Angeles, CA  90066

Tel: (310) 391-9971
Fax: (310) 391-8971
Web: www.StatModel.com
Support: Support@StatModel.com

Copyright (c) 1998-2021 Muthen & Muthen
