Mplus VERSION 8.6 (Mac)
MUTHEN & MUTHEN
05/13/2022   5:02 PM

INPUT INSTRUCTIONS

  TITLE:
   GMM3i_i s q@0;
  DATA:
  FILE = "/Users/olivierpercie/Desktop/MplusLGM/SOFAS/Results/GMMi/GMM3/GMM3i_i s q@0.dat";

  VARIABLE:
  NAMES = pin SOFAS_0 SOFAS_12 SOFAS_24;
   MISSING=.;
   USEVAR = SOFAS_0 SOFAS_12 SOFAS_24;
  IDVAR = pin;
  CLASSES = c(2);

  ANALYSIS:
  TYPE = MIXTURE;
  STARTS = 1000 250;
  K-1STARTS = 500 125;
  PROCESSORS = 8;

  MODEL:
  %OVERALL%
  i s q |
  SOFAS_0@0 SOFAS_12@12 SOFAS_24@24;
  i s q@0;
  SOFAS_0 (1);
  SOFAS_12 (2);
  SOFAS_24 (3);
  %c#1%
  [i s q];
  %c#2%
  [i s q];

  OUTPUT:
  sampstat standardized
  TECH1;
  TECH11;

  SAVEDATA:

  FILE = GMM3i_i s q@0_res.dat;
  SAVE = CPROBABILITIES;
  PLOT:
  TYPE = plot3;
  SERIES = SOFAS_0 (s) SOFAS_12 (s) SOFAS_24 (s);




*** WARNING in MODEL command
  All continuous latent variable covariances involving Q have been fixed to 0
  because the variance of Q is fixed at 0.
   1 WARNING(S) FOUND IN THE INPUT INSTRUCTIONS




GMM3i_i s q@0;

SUMMARY OF ANALYSIS

Number of groups                                                 1
Number of observations                                         369

Number of dependent variables                                    3
Number of independent variables                                  0
Number of continuous latent variables                            3
Number of categorical latent variables                           1

Observed dependent variables

  Continuous
   SOFAS_0     SOFAS_12    SOFAS_24

Continuous latent variables
   I           S           Q

Categorical latent variables
   C

Variables with special functions

  ID variable           PIN

Estimator                                                      MLR
Information matrix                                        OBSERVED
Optimization Specifications for the Quasi-Newton Algorithm for
Continuous Outcomes
  Maximum number of iterations                                 100
  Convergence criterion                                  0.100D-05
Optimization Specifications for the EM Algorithm
  Maximum number of iterations                                 500
  Convergence criteria
    Loglikelihood change                                 0.100D-06
    Relative loglikelihood change                        0.100D-06
    Derivative                                           0.100D-05
Optimization Specifications for the M step of the EM Algorithm for
Categorical Latent variables
  Number of M step iterations                                    1
  M step convergence criterion                           0.100D-05
  Basis for M step termination                           ITERATION
Optimization Specifications for the M step of the EM Algorithm for
Censored, Binary or Ordered Categorical (Ordinal), Unordered
Categorical (Nominal) and Count Outcomes
  Number of M step iterations                                    1
  M step convergence criterion                           0.100D-05
  Basis for M step termination                           ITERATION
  Maximum value for logit thresholds                            15
  Minimum value for logit thresholds                           -15
  Minimum expected cell size for chi-square              0.100D-01
Maximum number of iterations for H1                           2000
Convergence criterion for H1                             0.100D-03
Optimization algorithm                                         EMA
Random Starts Specifications
  Number of initial stage random starts                       1000
  Number of final stage optimizations                          250
  Number of initial stage iterations                            10
  Initial stage convergence criterion                    0.100D+01
  Random starts scale                                    0.500D+01
  Random seed for generating random starts                       0

Input data file(s)
  /Users/olivierpercie/Desktop/MplusLGM/SOFAS/Results/GMMi/GMM3/GMM3i_i s q@0.da
Input data format  FREE


SUMMARY OF DATA

     Number of missing data patterns             4
     Number of y missing data patterns           4
     Number of u missing data patterns           0


COVARIANCE COVERAGE OF DATA

Minimum covariance coverage value   0.100


     PROPORTION OF DATA PRESENT FOR Y


           Covariance Coverage
              SOFAS_0       SOFAS_12      SOFAS_24
              ________      ________      ________
 SOFAS_0        0.978
 SOFAS_12       0.889         0.911
 SOFAS_24       0.615         0.547         0.637


SAMPLE STATISTICS


     ESTIMATED SAMPLE STATISTICS


           Means
              SOFAS_0       SOFAS_12      SOFAS_24
              ________      ________      ________
               40.510        61.692        64.149


           Covariances
              SOFAS_0       SOFAS_12      SOFAS_24
              ________      ________      ________
 SOFAS_0      164.315
 SOFAS_12      62.737       287.366
 SOFAS_24      49.436       180.581       322.936


           Correlations
              SOFAS_0       SOFAS_12      SOFAS_24
              ________      ________      ________
 SOFAS_0        1.000
 SOFAS_12       0.289         1.000
 SOFAS_24       0.215         0.593         1.000


     MAXIMUM LOG-LIKELIHOOD VALUE FOR THE UNRESTRICTED (H1) MODEL IS -3814.089


UNIVARIATE SAMPLE STATISTICS


     UNIVARIATE HIGHER-ORDER MOMENT DESCRIPTIVE STATISTICS

         Variable/         Mean/     Skewness/   Minimum/ % with                Percentiles
        Sample Size      Variance    Kurtosis    Maximum  Min/Max      20%/60%    40%/80%    Median

     SOFAS_0              40.526       0.659      15.000    0.28%      30.000     35.000     40.000
             361.000     164.388       0.129      85.000    0.28%      41.000     51.000
     SOFAS_12             61.652      -0.130      22.000    0.30%      45.000     55.000     61.000
             336.000     284.876      -0.861      95.000    0.30%      68.000     80.000
     SOFAS_24             63.472      -0.261       5.000    0.43%      49.000     60.000     65.000
             235.000     328.649      -0.615     100.000    0.85%      70.000     80.000

RANDOM STARTS RESULTS RANKED FROM THE BEST TO THE WORST LOGLIKELIHOOD VALUES

Final stage loglikelihood values at local maxima, seeds, and initial stage start numbers:

           -3791.011  213532           503
           -3791.011  951709           348
           -3791.011  724087           925
           -3791.011  502495           724
           -3791.011  637095           207
           -3791.011  798821           423
           -3791.011  39756            857
           -3791.011  402224           91
           -3791.011  804561           59
           -3791.011  856536           144
           -3791.011  486646           586
           -3791.011  881886           608
           -3791.011  62835            642
           -3791.011  396795           323
           -3791.011  303634           169
           -3791.011  266340           683
           -3791.011  488581           688
           -3791.011  374219           353
           -3791.011  117391           710
           -3791.011  40340            188
           -3791.011  860029           760
           -3791.011  14262            781
           -3791.011  238317           812
           -3791.011  65651            214
           -3791.011  153394           429
           -3791.011  857122           889
           -3791.011  11984            934
           -3791.011  823392           479
           -3791.011  939709           112
           -3791.011  751153           110
           -3791.011  311214           64
           -3791.011  992389           77
           -3791.011  784664           75
           -3791.011  443917           60
           -3791.011  161421           519
           -3791.011  438144           271
           -3791.011  987090           70
           -3791.011  282464           283
           -3791.011  130011           587
           -3791.011  316165           299
           -3791.011  343926           624
           -3791.011  29591            633
           -3791.011  838615           677
           -3791.011  341960           685
           -3791.011  860772           174
           -3791.011  177936           726
           -3791.011  264081           186
           -3791.011  985387           381
           -3791.011  138695           783
           -3791.011  958107           790
           -3791.011  137377           397
           -3791.011  170118           238
           -3791.011  622173           992
           -3791.011  851945           18
           -3802.207  358488           264
           -3802.207  393232           152
           -3802.207  712531           631
           -3802.207  552272           654
           -3802.207  617658           660
           -3802.207  72866            692
           -3802.207  875667           367
           -3802.207  648035           836
           -3802.207  30098            209
           -3802.207  835767           210
           -3802.207  473343           844
           -3802.207  287107           864
           -3802.207  640833           434
           -3802.207  888905           444
           -3802.207  267983           228
           -3802.207  769907           457
           -3802.207  228459           947
           -3802.207  968846           970
           -3802.207  224151           973
           -3802.207  595759           997
           -3802.207  642909           251
           -3802.207  696773           80
           -3802.207  569131           26
           -3802.207  422103           62
           -3802.207  704798           530
           -3802.207  172913           557
           -3802.207  117731           570
           -3802.207  699810           571
           -3802.207  462228           298
           -3802.207  941525           609
           -3802.207  15270            610
           -3802.207  907810           795
           -3802.207  328661           813
           -3802.207  94610            884
           -3802.207  643311           888
           -3802.207  535303           923
           -3802.207  945065           255
           -3802.207  355674           540
           -3802.207  436892           565
           -3802.207  848356           602
           -3802.207  68985            17
           -3802.207  92091            649
           -3802.207  137888           901
           -3813.593  626208           698
           -3813.593  163110           584
           -3813.593  922042           492
           -3813.593  685657           69
           -3813.593  662983           666
           -3813.593  248742           556
           -3813.593  898745           466
           -3813.593  208620           965
           -3813.593  717754           180
           -3813.593  801717           364
           -3813.593  215353           164
           -3814.089  327140           678
           -3814.089  220492           743
           -3814.089  548673           732
           -3814.089  208797           931

138 perturbed starting value run(s) did not converge or were rejected in the third stage.



THE BEST LOGLIKELIHOOD VALUE HAS BEEN REPLICATED.  RERUN WITH AT LEAST TWICE THE
RANDOM STARTS TO CHECK THAT THE BEST LOGLIKELIHOOD IS STILL OBTAINED AND REPLICATED.


THE MODEL ESTIMATION TERMINATED NORMALLY

     WARNING:  THE LATENT VARIABLE COVARIANCE MATRIX (PSI) IN CLASS 1
     IS NOT POSITIVE DEFINITE.  THIS COULD INDICATE A NEGATIVE VARIANCE/
     RESIDUAL VARIANCE FOR A LATENT VARIABLE, A CORRELATION GREATER OR EQUAL
     TO ONE BETWEEN TWO LATENT VARIABLES, OR A LINEAR DEPENDENCY AMONG MORE
     THAN TWO LATENT VARIABLES.  CHECK THE TECH4 OUTPUT FOR MORE INFORMATION.
     PROBLEM INVOLVING VARIABLE I.


     WARNING:  THE LATENT VARIABLE COVARIANCE MATRIX (PSI) IN CLASS 2
     IS NOT POSITIVE DEFINITE.  THIS COULD INDICATE A NEGATIVE VARIANCE/
     RESIDUAL VARIANCE FOR A LATENT VARIABLE, A CORRELATION GREATER OR EQUAL
     TO ONE BETWEEN TWO LATENT VARIABLES, OR A LINEAR DEPENDENCY AMONG MORE
     THAN TWO LATENT VARIABLES.  CHECK THE TECH4 OUTPUT FOR MORE INFORMATION.
     PROBLEM INVOLVING VARIABLE I.




MODEL FIT INFORMATION

Number of Free Parameters                       13

Loglikelihood

          H0 Value                       -3791.011
          H0 Scaling Correction Factor      1.0094
            for MLR

Information Criteria

          Akaike (AIC)                    7608.023
          Bayesian (BIC)                  7658.863
          Sample-Size Adjusted BIC        7617.619
            (n* = (n + 2) / 24)



FINAL CLASS COUNTS AND PROPORTIONS FOR THE LATENT CLASSES
BASED ON THE ESTIMATED MODEL

    Latent
   Classes

       1         54.61569          0.14801
       2        314.38431          0.85199


FINAL CLASS COUNTS AND PROPORTIONS FOR THE LATENT CLASSES
BASED ON ESTIMATED POSTERIOR PROBABILITIES

    Latent
   Classes

       1         54.61569          0.14801
       2        314.38431          0.85199


FINAL CLASS COUNTS AND PROPORTIONS FOR THE LATENT CLASSES
BASED ON THEIR MOST LIKELY LATENT CLASS MEMBERSHIP

Class Counts and Proportions

    Latent
   Classes

       1               47          0.12737
       2              322          0.87263


CLASSIFICATION QUALITY

     Entropy                         0.814


Average Latent Class Probabilities for Most Likely Latent Class Membership (Row)
by Latent Class (Column)

           1        2

    1   0.883    0.117
    2   0.041    0.959


Classification Probabilities for the Most Likely Latent Class Membership (Column)
by Latent Class (Row)

           1        2

    1   0.760    0.240
    2   0.017    0.983


Logits for the Classification Probabilities for the Most Likely Latent Class Membership (Column)
by Latent Class (Row)

              1        2

    1      1.153    0.000
    2     -4.030    0.000


MODEL RESULTS

                                                    Two-Tailed
                    Estimate       S.E.  Est./S.E.    P-Value

Latent Class 1

 I        |
    SOFAS_0            1.000      0.000    999.000    999.000
    SOFAS_12           1.000      0.000    999.000    999.000
    SOFAS_24           1.000      0.000    999.000    999.000

 S        |
    SOFAS_0            0.000      0.000    999.000    999.000
    SOFAS_12          12.000      0.000    999.000    999.000
    SOFAS_24          24.000      0.000    999.000    999.000

 Q        |
    SOFAS_0            0.000      0.000    999.000    999.000
    SOFAS_12         144.000      0.000    999.000    999.000
    SOFAS_24         576.000      0.000    999.000    999.000

 S        WITH
    I                  2.481      0.935      2.653      0.008

 Means
    I                 61.279      1.911     32.074      0.000
    S                  1.655      0.416      3.976      0.000
    Q                 -0.072      0.022     -3.214      0.001

 Intercepts
    SOFAS_0            0.000      0.000    999.000    999.000
    SOFAS_12           0.000      0.000    999.000    999.000
    SOFAS_24           0.000      0.000    999.000    999.000

 Variances
    I                 -1.721     17.758     -0.097      0.923
    S                  0.336      0.094      3.589      0.000
    Q                  0.000      0.000    999.000    999.000

 Residual Variances
    SOFAS_0           90.867     20.451      4.443      0.000
    SOFAS_12         165.568     13.861     11.945      0.000
    SOFAS_24           6.252     30.526      0.205      0.838

Latent Class 2

 I        |
    SOFAS_0            1.000      0.000    999.000    999.000
    SOFAS_12           1.000      0.000    999.000    999.000
    SOFAS_24           1.000      0.000    999.000    999.000

 S        |
    SOFAS_0            0.000      0.000    999.000    999.000
    SOFAS_12          12.000      0.000    999.000    999.000
    SOFAS_24          24.000      0.000    999.000    999.000

 Q        |
    SOFAS_0            0.000      0.000    999.000    999.000
    SOFAS_12         144.000      0.000    999.000    999.000
    SOFAS_24         576.000      0.000    999.000    999.000

 S        WITH
    I                  2.481      0.935      2.653      0.008

 Means
    I                 36.900      0.867     42.554      0.000
    S                  2.704      0.165     16.353      0.000
    Q                 -0.065      0.006    -10.000      0.000

 Intercepts
    SOFAS_0            0.000      0.000    999.000    999.000
    SOFAS_12           0.000      0.000    999.000    999.000
    SOFAS_24           0.000      0.000    999.000    999.000

 Variances
    I                 -1.721     17.758     -0.097      0.923
    S                  0.336      0.094      3.589      0.000
    Q                  0.000      0.000    999.000    999.000

 Residual Variances
    SOFAS_0           90.867     20.451      4.443      0.000
    SOFAS_12         165.568     13.861     11.945      0.000
    SOFAS_24           6.252     30.526      0.205      0.838

Categorical Latent Variables

 Means
    C#1               -1.750      0.279     -6.277      0.000


QUALITY OF NUMERICAL RESULTS

     Condition Number for the Information Matrix              0.106E-07
       (ratio of smallest to largest eigenvalue)


STANDARDIZED MODEL RESULTS


STDYX Standardization

                                                    Two-Tailed
                    Estimate       S.E.  Est./S.E.    P-Value

Latent Class 1

 I        |
    SOFAS_0          999.000    999.000    999.000    999.000
    SOFAS_12         999.000    999.000    999.000    999.000
    SOFAS_24         999.000    999.000    999.000    999.000

 S        |
    SOFAS_0            0.000      0.000    999.000    999.000
    SOFAS_12           0.422      0.055      7.694      0.000
    SOFAS_24           0.781      0.104      7.491      0.000

 Q        |
    SOFAS_0          999.000    999.000    999.000    999.000
    SOFAS_12         999.000    999.000    999.000    999.000
    SOFAS_24         999.000    999.000    999.000    999.000

 S        WITH
    I                999.000    999.000    999.000    999.000

 Means
    I                999.000    999.000    999.000    999.000
    S                  2.854      0.839      3.401      0.001
    Q                999.000    999.000    999.000    999.000

 Intercepts
    SOFAS_0            0.000      0.000    999.000    999.000
    SOFAS_12           0.000      0.000    999.000    999.000
    SOFAS_24           0.000      0.000    999.000    999.000

 Variances
    I                999.000    999.000    999.000    999.000
    S                  1.000      0.000    999.000    999.000
    Q                999.000    999.000    999.000    999.000

 Residual Variances
    SOFAS_0            1.019      0.199      5.115      0.000
    SOFAS_12           0.609      0.035     17.226      0.000
    SOFAS_24           0.020      0.096      0.205      0.837

Latent Class 2

 I        |
    SOFAS_0          999.000    999.000    999.000    999.000
    SOFAS_12         999.000    999.000    999.000    999.000
    SOFAS_24         999.000    999.000    999.000    999.000

 S        |
    SOFAS_0            0.000      0.000    999.000    999.000
    SOFAS_12           0.422      0.055      7.694      0.000
    SOFAS_24           0.781      0.104      7.491      0.000

 Q        |
    SOFAS_0          999.000    999.000    999.000    999.000
    SOFAS_12         999.000    999.000    999.000    999.000
    SOFAS_24         999.000    999.000    999.000    999.000

 S        WITH
    I                999.000    999.000    999.000    999.000

 Means
    I                999.000    999.000    999.000    999.000
    S                  4.664      0.683      6.831      0.000
    Q                999.000    999.000    999.000    999.000

 Intercepts
    SOFAS_0            0.000      0.000    999.000    999.000
    SOFAS_12           0.000      0.000    999.000    999.000
    SOFAS_24           0.000      0.000    999.000    999.000

 Variances
    I                999.000    999.000    999.000    999.000
    S                  1.000      0.000    999.000    999.000
    Q                999.000    999.000    999.000    999.000

 Residual Variances
    SOFAS_0            1.019      0.199      5.115      0.000
    SOFAS_12           0.609      0.035     17.226      0.000
    SOFAS_24           0.020      0.096      0.205      0.837


STDY Standardization

                                                    Two-Tailed
                    Estimate       S.E.  Est./S.E.    P-Value

Latent Class 1

 I        |
    SOFAS_0          999.000    999.000    999.000    999.000
    SOFAS_12         999.000    999.000    999.000    999.000
    SOFAS_24         999.000    999.000    999.000    999.000

 S        |
    SOFAS_0            0.000      0.000    999.000    999.000
    SOFAS_12           0.422      0.055      7.694      0.000
    SOFAS_24           0.781      0.104      7.491      0.000

 Q        |
    SOFAS_0          999.000    999.000    999.000    999.000
    SOFAS_12         999.000    999.000    999.000    999.000
    SOFAS_24         999.000    999.000    999.000    999.000

 S        WITH
    I                999.000    999.000    999.000    999.000

 Means
    I                999.000    999.000    999.000    999.000
    S                  2.854      0.839      3.401      0.001
    Q                999.000    999.000    999.000    999.000

 Intercepts
    SOFAS_0            0.000      0.000    999.000    999.000
    SOFAS_12           0.000      0.000    999.000    999.000
    SOFAS_24           0.000      0.000    999.000    999.000

 Variances
    I                999.000    999.000    999.000    999.000
    S                  1.000      0.000    999.000    999.000
    Q                999.000    999.000    999.000    999.000

 Residual Variances
    SOFAS_0            1.019      0.199      5.115      0.000
    SOFAS_12           0.609      0.035     17.226      0.000
    SOFAS_24           0.020      0.096      0.205      0.837

Latent Class 2

 I        |
    SOFAS_0          999.000    999.000    999.000    999.000
    SOFAS_12         999.000    999.000    999.000    999.000
    SOFAS_24         999.000    999.000    999.000    999.000

 S        |
    SOFAS_0            0.000      0.000    999.000    999.000
    SOFAS_12           0.422      0.055      7.694      0.000
    SOFAS_24           0.781      0.104      7.491      0.000

 Q        |
    SOFAS_0          999.000    999.000    999.000    999.000
    SOFAS_12         999.000    999.000    999.000    999.000
    SOFAS_24         999.000    999.000    999.000    999.000

 S        WITH
    I                999.000    999.000    999.000    999.000

 Means
    I                999.000    999.000    999.000    999.000
    S                  4.664      0.683      6.831      0.000
    Q                999.000    999.000    999.000    999.000

 Intercepts
    SOFAS_0            0.000      0.000    999.000    999.000
    SOFAS_12           0.000      0.000    999.000    999.000
    SOFAS_24           0.000      0.000    999.000    999.000

 Variances
    I                999.000    999.000    999.000    999.000
    S                  1.000      0.000    999.000    999.000
    Q                999.000    999.000    999.000    999.000

 Residual Variances
    SOFAS_0            1.019      0.199      5.115      0.000
    SOFAS_12           0.609      0.035     17.226      0.000
    SOFAS_24           0.020      0.096      0.205      0.837


STD Standardization

                                                    Two-Tailed
                    Estimate       S.E.  Est./S.E.    P-Value

Latent Class 1

 I        |
    SOFAS_0          999.000    999.000    999.000    999.000
    SOFAS_12         999.000    999.000    999.000    999.000
    SOFAS_24         999.000    999.000    999.000    999.000

 S        |
    SOFAS_0            0.000      0.000    999.000    999.000
    SOFAS_12           6.958      0.969      7.177      0.000
    SOFAS_24          13.915      1.939      7.177      0.000

 Q        |
    SOFAS_0          999.000    999.000    999.000    999.000
    SOFAS_12         999.000    999.000    999.000    999.000
    SOFAS_24         999.000    999.000    999.000    999.000

 S        WITH
    I                999.000    999.000    999.000    999.000

 Means
    I                999.000    999.000    999.000    999.000
    S                  2.854      0.839      3.401      0.001
    Q                999.000    999.000    999.000    999.000

 Intercepts
    SOFAS_0            0.000      0.000    999.000    999.000
    SOFAS_12           0.000      0.000    999.000    999.000
    SOFAS_24           0.000      0.000    999.000    999.000

 Variances
    I                999.000    999.000    999.000    999.000
    S                  1.000      0.000    999.000    999.000
    Q                999.000    999.000    999.000    999.000

 Residual Variances
    SOFAS_0           90.867     20.451      4.443      0.000
    SOFAS_12         165.568     13.861     11.945      0.000
    SOFAS_24           6.252     30.526      0.205      0.838

Latent Class 2

 I        |
    SOFAS_0          999.000    999.000    999.000    999.000
    SOFAS_12         999.000    999.000    999.000    999.000
    SOFAS_24         999.000    999.000    999.000    999.000

 S        |
    SOFAS_0            0.000      0.000    999.000    999.000
    SOFAS_12           6.958      0.969      7.177      0.000
    SOFAS_24          13.915      1.939      7.177      0.000

 Q        |
    SOFAS_0          999.000    999.000    999.000    999.000
    SOFAS_12         999.000    999.000    999.000    999.000
    SOFAS_24         999.000    999.000    999.000    999.000

 S        WITH
    I                999.000    999.000    999.000    999.000

 Means
    I                999.000    999.000    999.000    999.000
    S                  4.664      0.683      6.831      0.000
    Q                999.000    999.000    999.000    999.000

 Intercepts
    SOFAS_0            0.000      0.000    999.000    999.000
    SOFAS_12           0.000      0.000    999.000    999.000
    SOFAS_24           0.000      0.000    999.000    999.000

 Variances
    I                999.000    999.000    999.000    999.000
    S                  1.000      0.000    999.000    999.000
    Q                999.000    999.000    999.000    999.000

 Residual Variances
    SOFAS_0           90.867     20.451      4.443      0.000
    SOFAS_12         165.568     13.861     11.945      0.000
    SOFAS_24           6.252     30.526      0.205      0.838


R-SQUARE

Class 1

    Observed                                        Two-Tailed
    Variable        Estimate       S.E.  Est./S.E.    P-Value

    SOFAS_0         Undefined  -0.19304E-01
    SOFAS_12           0.391      0.035     11.054      0.000
    SOFAS_24           0.980      0.096     10.204      0.000

Class 2

    Observed                                        Two-Tailed
    Variable        Estimate       S.E.  Est./S.E.    P-Value

    SOFAS_0         Undefined  -0.19304E-01
    SOFAS_12           0.391      0.035     11.054      0.000
    SOFAS_24           0.980      0.096     10.204      0.000


TECHNICAL 1 OUTPUT


     PARAMETER SPECIFICATION FOR LATENT CLASS 1


           NU
              SOFAS_0       SOFAS_12      SOFAS_24
              ________      ________      ________
                    0             0             0


           LAMBDA
              I             S             Q
              ________      ________      ________
 SOFAS_0            0             0             0
 SOFAS_12           0             0             0
 SOFAS_24           0             0             0


           THETA
              SOFAS_0       SOFAS_12      SOFAS_24
              ________      ________      ________
 SOFAS_0            1
 SOFAS_12           0             2
 SOFAS_24           0             0             3


           ALPHA
              I             S             Q
              ________      ________      ________
                    4             5             6


           BETA
              I             S             Q
              ________      ________      ________
 I                  0             0             0
 S                  0             0             0
 Q                  0             0             0


           PSI
              I             S             Q
              ________      ________      ________
 I                  7
 S                  8             9
 Q                  0             0             0


     PARAMETER SPECIFICATION FOR LATENT CLASS 2


           NU
              SOFAS_0       SOFAS_12      SOFAS_24
              ________      ________      ________
                    0             0             0


           LAMBDA
              I             S             Q
              ________      ________      ________
 SOFAS_0            0             0             0
 SOFAS_12           0             0             0
 SOFAS_24           0             0             0


           THETA
              SOFAS_0       SOFAS_12      SOFAS_24
              ________      ________      ________
 SOFAS_0            1
 SOFAS_12           0             2
 SOFAS_24           0             0             3


           ALPHA
              I             S             Q
              ________      ________      ________
                   10            11            12


           BETA
              I             S             Q
              ________      ________      ________
 I                  0             0             0
 S                  0             0             0
 Q                  0             0             0


           PSI
              I             S             Q
              ________      ________      ________
 I                  7
 S                  8             9
 Q                  0             0             0


     PARAMETER SPECIFICATION FOR LATENT CLASS REGRESSION MODEL PART


           ALPHA(C)
              C#1           C#2
              ________      ________
                   13             0


     STARTING VALUES FOR LATENT CLASS 1


           NU
              SOFAS_0       SOFAS_12      SOFAS_24
              ________      ________      ________
                0.000         0.000         0.000


           LAMBDA
              I             S             Q
              ________      ________      ________
 SOFAS_0        1.000         0.000         0.000
 SOFAS_12       1.000        12.000       144.000
 SOFAS_24       1.000        24.000       576.000


           THETA
              SOFAS_0       SOFAS_12      SOFAS_24
              ________      ________      ________
 SOFAS_0       82.194
 SOFAS_12       0.000       142.438
 SOFAS_24       0.000         0.000       164.325


           ALPHA
              I             S             Q
              ________      ________      ________
               39.887         2.474        -0.063


           BETA
              I             S             Q
              ________      ________      ________
 I              0.000         0.000         0.000
 S              0.000         0.000         0.000
 Q              0.000         0.000         0.000


           PSI
              I             S             Q
              ________      ________      ________
 I            142.338
 S              0.000         7.122
 Q              0.000         0.000         0.000


     STARTING VALUES FOR LATENT CLASS 2


           NU
              SOFAS_0       SOFAS_12      SOFAS_24
              ________      ________      ________
                0.000         0.000         0.000


           LAMBDA
              I             S             Q
              ________      ________      ________
 SOFAS_0        1.000         0.000         0.000
 SOFAS_12       1.000        12.000       144.000
 SOFAS_24       1.000        24.000       576.000


           THETA
              SOFAS_0       SOFAS_12      SOFAS_24
              ________      ________      ________
 SOFAS_0       82.194
 SOFAS_12       0.000       142.438
 SOFAS_24       0.000         0.000       164.325


           ALPHA
              I             S             Q
              ________      ________      ________
               39.887         2.474        -0.063


           BETA
              I             S             Q
              ________      ________      ________
 I              0.000         0.000         0.000
 S              0.000         0.000         0.000
 Q              0.000         0.000         0.000


           PSI
              I             S             Q
              ________      ________      ________
 I            142.338
 S              0.000         7.122
 Q              0.000         0.000         0.000


     STARTING VALUES FOR LATENT CLASS REGRESSION MODEL PART


           ALPHA(C)
              C#1           C#2
              ________      ________
                0.000         0.000


TECHNICAL 11 OUTPUT

     Random Starts Specifications for the k-1 Class Analysis Model
        Number of initial stage random starts                 500
        Number of final stage optimizations                   125



     VUONG-LO-MENDELL-RUBIN LIKELIHOOD RATIO TEST FOR 1 (H0) VERSUS 2 CLASSES

          H0 Loglikelihood Value                        -3814.089
          2 Times the Loglikelihood Difference             46.155
          Difference in the Number of Parameters                4
          Mean                                              5.260
          Standard Deviation                                7.594
          P-Value                                          0.0019

     LO-MENDELL-RUBIN ADJUSTED LRT TEST

          Value                                            44.282
          P-Value                                          0.0024


SAMPLE STATISTICS FOR ESTIMATED FACTOR SCORES


     SAMPLE STATISTICS


           Means
              I             S             Q             C_I           C_S
              ________      ________      ________      ________      ________
               40.509         2.549        -0.066        39.944         2.576


           Means
              C_Q
              ________
               -0.066


           Covariances
              I             S             Q             C_I           C_S
              ________      ________      ________      ________      ________
 I             55.857
 S             -0.441         0.356
 Q             -0.015         0.001         0.000
 C_I           59.830        -0.726        -0.016        72.815
 C_S           -0.657         0.373         0.001        -1.389         0.414
 C_Q           -0.016         0.001         0.000        -0.019         0.001


           Covariances
              C_Q
              ________
 C_Q            0.000


           Correlations
              I             S             Q             C_I           C_S
              ________      ________      ________      ________      ________
 I              1.000
 S             -0.099         1.000
 Q             -0.921         0.447         1.000
 C_I            0.938        -0.143        -0.865         1.000
 C_S           -0.137         0.970         0.458        -0.253         1.000
 C_Q           -0.879         0.451         0.946        -0.937         0.536


           Correlations
              C_Q
              ________
 C_Q            1.000


PLOT INFORMATION

The following plots are available:

  Histograms (sample values, estimated factor scores, estimated values, residuals)
  Scatterplots (sample values, estimated factor scores, estimated values, residuals)
  Sample means
  Estimated means, medians, modes, and percentiles
  Sample and estimated means
  Latent variable distribution plots
  Observed individual values
  Estimated individual values
  Estimated means and observed individual values
  Estimated means and estimated individual values
  Estimated overall and class-specific distributions

SAVEDATA INFORMATION


  Save file
    GMM3i_i s q@0_res.dat

  Order and format of variables

    SOFAS_0        F10.3
    SOFAS_12       F10.3
    SOFAS_24       F10.3
    I              F10.3
    S              F10.3
    Q              F10.3
    C_I            F10.3
    C_S            F10.3
    C_Q            F10.3
    CPROB1         F10.3
    CPROB2         F10.3
    C              F10.3
    PIN            I4

  Save file format
    12F10.3 I4

  Save file record length    10000

  Save missing symbol        *


     Beginning Time:  17:02:41
        Ending Time:  17:02:47
       Elapsed Time:  00:00:06



MUTHEN & MUTHEN
3463 Stoner Ave.
Los Angeles, CA  90066

Tel: (310) 391-9971
Fax: (310) 391-8971
Web: www.StatModel.com
Support: Support@StatModel.com

Copyright (c) 1998-2021 Muthen & Muthen
