Mplus VERSION 8.6 (Mac)
MUTHEN & MUTHEN
09/05/2023   8:18 PM

INPUT INSTRUCTIONS

  TITLE:
  D3STEP_comp_24 - GBTM_P2_K2_S1000;

  DATA:
  FILE = "/Users/olivierpercie/Desktop/LGM/SOFAS/Results/D3STEP/comp_24_D3STEP.dat";

  VARIABLE:
  NAMES = PIN SOFAS_0 SOFAS_12 SOFAS_24 I S Q C_I C_S C_Q CPROB1 CPROB2 N comp_24;
   MISSING=.;
   USEVAR = comp_24 N;
  NOMINAL = N;
  CLASSES = c(2);
  ANALYSIS:
  TYPE = MIXTURE;
  STARTS = 500 125;
  PROCESSORS = 8;
  MODEL:
  %OVERALL%
  %C#1%
  [N#1@1.35];
  [comp_24](M1); comp_24;
  %C#2%
  [N#1@-1.788];
  [comp_24](M2); comp_24;
  MODEL CONSTRAINT:
  New (diff12);
  diff12 = M1 - M2;
  MODEL TEST:
  M1 = M2;
  OUTPUT:
  SAMPSTAT;
  STANDARDIZED;
  CINTERVAL;
  TECH7;
  TECH12;



*** WARNING in MODEL command
  All variables are uncorrelated with all other variables within class.
  Check that this is what is intended.
*** WARNING
  Data set contains cases with missing on all variables.
  These cases were not included in the analysis.
  Number of cases with missing on all variables:  28
   2 WARNING(S) FOUND IN THE INPUT INSTRUCTIONS




D3STEP_comp_24 - GBTM_P2_K2_S1000;

SUMMARY OF ANALYSIS

Number of groups                                                 1
Number of observations                                         661

Number of dependent variables                                    2
Number of independent variables                                  0
Number of continuous latent variables                            0
Number of categorical latent variables                           1

Observed dependent variables

  Continuous
   COMP_24

  Unordered categorical (nominal)
   N

Categorical latent variables
   C


Estimator                                                      MLR
Information matrix                                        OBSERVED
Optimization Specifications for the Quasi-Newton Algorithm for
Continuous Outcomes
  Maximum number of iterations                                 100
  Convergence criterion                                  0.100D-05
Optimization Specifications for the EM Algorithm
  Maximum number of iterations                                 500
  Convergence criteria
    Loglikelihood change                                 0.100D-06
    Relative loglikelihood change                        0.100D-06
    Derivative                                           0.100D-05
Optimization Specifications for the M step of the EM Algorithm for
Categorical Latent variables
  Number of M step iterations                                    1
  M step convergence criterion                           0.100D-05
  Basis for M step termination                           ITERATION
Optimization Specifications for the M step of the EM Algorithm for
Censored, Binary or Ordered Categorical (Ordinal), Unordered
Categorical (Nominal) and Count Outcomes
  Number of M step iterations                                    1
  M step convergence criterion                           0.100D-05
  Basis for M step termination                           ITERATION
  Maximum value for logit thresholds                            15
  Minimum value for logit thresholds                           -15
  Minimum expected cell size for chi-square              0.100D-01
Maximum number of iterations for H1                           2000
Convergence criterion for H1                             0.100D-03
Optimization algorithm                                         EMA
Random Starts Specifications
  Number of initial stage random starts                        500
  Number of final stage optimizations                          125
  Number of initial stage iterations                            10
  Initial stage convergence criterion                    0.100D+01
  Random starts scale                                    0.500D+01
  Random seed for generating random starts                       0

Input data file(s)
  /Users/olivierpercie/Desktop/LGM/SOFAS/Results/D3STEP/comp_24_D3STEP.dat
Input data format  FREE


SUMMARY OF DATA

     Number of missing data patterns             2
     Number of y missing data patterns           2
     Number of u missing data patterns           0


COVARIANCE COVERAGE OF DATA

Minimum covariance coverage value   0.100


     PROPORTION OF DATA PRESENT FOR Y


           Covariance Coverage
              COMP_24
              ________
 COMP_24        0.545


UNIVARIATE PROPORTIONS AND COUNTS FOR CATEGORICAL VARIABLES

    N
      Category 1    0.431          280.000
      Category 2    0.569          370.000


SAMPLE STATISTICS


     ESTIMATED SAMPLE STATISTICS


           Means
              COMP_24
              ________
               81.458


           Covariances
              COMP_24
              ________
 COMP_24     1206.554


           Correlations
              COMP_24
              ________
 COMP_24        1.000


     MAXIMUM LOG-LIKELIHOOD VALUE FOR THE UNRESTRICTED (H1) MODEL IS -1788.012


UNIVARIATE SAMPLE STATISTICS


     UNIVARIATE HIGHER-ORDER MOMENT DESCRIPTIVE STATISTICS

         Variable/         Mean/     Skewness/   Minimum/ % with                Percentiles
        Sample Size      Variance    Kurtosis    Maximum  Min/Max      20%/60%    40%/80%    Median

     COMP_24              81.458      -1.642       0.000   12.50%      75.000    100.000    100.000
             360.000    1206.554       1.044     100.000   72.78%     100.000    100.000

RANDOM STARTS RESULTS RANKED FROM THE BEST TO THE WORST LOGLIKELIHOOD VALUES


432 perturbed starting value run(s) did not converge or were rejected in the third stage.
Final stage loglikelihood values at local maxima, seeds, and initial stage start numbers:

           -2128.577  614009           317
           -2128.577  835767           210
           -2128.577  496881           192
           -2128.577  441191           361
           -2128.577  714997           399
           -2128.577  317640           437
           -2128.577  637095           207
           -2128.577  862607           468
           -2128.577  253358           2
           -2128.577  902278           21
           -2128.577  726035           191
           -2128.577  217744           326
           -2128.577  603842           61
           -2128.577  967902           52
           -2128.577  127215           9
           -2128.577  621542           375
           -2128.577  458181           189
           -2128.577  349360           464
           -2128.577  871851           257
           -2128.577  341041           34
           -2128.577  153942           31
           -2137.290  635245           121
           -2137.290  267983           228
           -2137.290  761633           50
           -2137.290  617243           237
           -2137.290  352277           42
           -2137.290  68985            17

98 perturbed starting value run(s) did not converge or were rejected in the third stage.



THE BEST LOGLIKELIHOOD VALUE HAS BEEN REPLICATED.  RERUN WITH AT LEAST TWICE THE
RANDOM STARTS TO CHECK THAT THE BEST LOGLIKELIHOOD IS STILL OBTAINED AND REPLICATED.


THE MODEL ESTIMATION TERMINATED NORMALLY



MODEL FIT INFORMATION

Number of Free Parameters                        5

Loglikelihood

          H0 Value                       -2128.577
          H0 Scaling Correction Factor      1.7796
            for MLR

Information Criteria

          Akaike (AIC)                    4267.153
          Bayesian (BIC)                  4289.622
          Sample-Size Adjusted BIC        4273.747
            (n* = (n + 2) / 24)

Wald Test of Parameter Constraints

          Value                           3467.404
          Degrees of Freedom                     1
          P-Value                           0.0000



FINAL CLASS COUNTS AND PROPORTIONS FOR THE LATENT CLASSES
BASED ON THE ESTIMATED MODEL

    Latent
   Classes

       1        133.35653          0.20175
       2        527.64347          0.79825


FINAL CLASS COUNTS AND PROPORTIONS FOR THE LATENT CLASSES
BASED ON ESTIMATED POSTERIOR PROBABILITIES

    Latent
   Classes

       1        133.35653          0.20175
       2        527.64347          0.79825


FINAL CLASS COUNTS AND PROPORTIONS FOR THE LATENT CLASSES
BASED ON THEIR MOST LIKELY LATENT CLASS MEMBERSHIP

Class Counts and Proportions

    Latent
   Classes

       1              172          0.26021
       2              489          0.73979


CLASSIFICATION QUALITY

     Entropy                         0.737


Average Latent Class Probabilities for Most Likely Latent Class Membership (Row)
by Latent Class (Column)

           1        2

    1   0.714    0.286
    2   0.022    0.978


Classification Probabilities for the Most Likely Latent Class Membership (Column)
by Latent Class (Row)

           1        2

    1   0.921    0.079
    2   0.093    0.907


Logits for the Classification Probabilities for the Most Likely Latent Class Membership (Column)
by Latent Class (Row)

              1        2

    1      2.458    0.000
    2     -2.276    0.000


MODEL RESULTS

                                                    Two-Tailed
                    Estimate       S.E.  Est./S.E.    P-Value

Latent Class 1

 Means
    COMP_24            4.197      1.396      3.006      0.003

 Means
    N#1                1.350      0.000    999.000    999.000

 Variances
    COMP_24           88.151     26.729      3.298      0.001

Latent Class 2

 Means
    COMP_24           95.103      0.738    128.868      0.000

 Means
    N#1               -1.788      0.000    999.000    999.000

 Variances
    COMP_24          163.662     26.145      6.260      0.000

Categorical Latent Variables

 Means
    C#1               -1.375      0.121    -11.328      0.000

New/Additional Parameters
    DIFF12           -90.906      1.544    -58.885      0.000


QUALITY OF NUMERICAL RESULTS

     Condition Number for the Information Matrix              0.809E-07
       (ratio of smallest to largest eigenvalue)


STANDARDIZED MODEL RESULTS


STDYX Standardization

                                                    Two-Tailed
                    Estimate       S.E.  Est./S.E.    P-Value

Latent Class 1

 Means
    COMP_24            0.447      0.081      5.519      0.000

 Variances
    COMP_24            1.000      0.000    999.000    999.000

Latent Class 2

 Means
    COMP_24            7.434      0.648     11.467      0.000

 Variances
    COMP_24            1.000      0.000    999.000    999.000


STDY Standardization

                                                    Two-Tailed
                    Estimate       S.E.  Est./S.E.    P-Value

Latent Class 1

 Means
    COMP_24            0.447      0.081      5.519      0.000

 Variances
    COMP_24            1.000      0.000    999.000    999.000

Latent Class 2

 Means
    COMP_24            7.434      0.648     11.467      0.000

 Variances
    COMP_24            1.000      0.000    999.000    999.000


STD Standardization

                                                    Two-Tailed
                    Estimate       S.E.  Est./S.E.    P-Value

Latent Class 1

 Means
    COMP_24            4.197      1.396      3.006      0.003

 Variances
    COMP_24           88.151     26.729      3.298      0.001

Latent Class 2

 Means
    COMP_24           95.103      0.738    128.868      0.000

 Variances
    COMP_24          163.662     26.145      6.260      0.000


R-SQUARE

Class 1

Class 2


CONFIDENCE INTERVALS OF MODEL RESULTS

                  Lower .5%  Lower 2.5%    Lower 5%    Estimate    Upper 5%  Upper 2.5%   Upper .5%

Latent Class 1

 Means
    COMP_24          0.601       1.461       1.901       4.197       6.494       6.934       7.793

 Means
    N#1              1.350       1.350       1.350       1.350       1.350       1.350       1.350

 Variances
    COMP_24         19.304      35.763      44.182      88.151     132.119     140.539     156.998

Latent Class 2

 Means
    COMP_24         93.202      93.657      93.889      95.103      96.317      96.550      97.004

 Means
    N#1             -1.788      -1.788      -1.788      -1.788      -1.788      -1.788      -1.788

 Variances
    COMP_24         96.317     112.417     120.653     163.662     206.671     214.906     231.006

Categorical Latent Variables

 Means
    C#1             -1.688      -1.613      -1.575      -1.375      -1.176      -1.137      -1.063

New/Additional Parameters
    DIFF12         -94.883     -93.932     -93.446     -90.906     -88.367     -87.880     -86.930


CONFIDENCE INTERVALS OF STANDARDIZED MODEL RESULTS


STDYX Standardization

                  Lower .5%  Lower 2.5%    Lower 5%    Estimate    Upper 5%  Upper 2.5%   Upper .5%

Latent Class 1

 Means
    COMP_24          0.238       0.288       0.314       0.447       0.580       0.606       0.656

 Variances
    COMP_24          1.000       1.000       1.000       1.000       1.000       1.000       1.000

Latent Class 2

 Means
    COMP_24          5.764       6.163       6.368       7.434       8.500       8.705       9.104

 Variances
    COMP_24          1.000       1.000       1.000       1.000       1.000       1.000       1.000


STDY Standardization

                  Lower .5%  Lower 2.5%    Lower 5%    Estimate    Upper 5%  Upper 2.5%   Upper .5%

Latent Class 1

 Means
    COMP_24          0.238       0.288       0.314       0.447       0.580       0.606       0.656

 Variances
    COMP_24          1.000       1.000       1.000       1.000       1.000       1.000       1.000

Latent Class 2

 Means
    COMP_24          5.764       6.163       6.368       7.434       8.500       8.705       9.104

 Variances
    COMP_24          1.000       1.000       1.000       1.000       1.000       1.000       1.000


STD Standardization

                  Lower .5%  Lower 2.5%    Lower 5%    Estimate    Upper 5%  Upper 2.5%   Upper .5%

Latent Class 1

 Means
    COMP_24          0.601       1.461       1.901       4.197       6.494       6.934       7.793

 Variances
    COMP_24         19.304      35.763      44.182      88.151     132.119     140.539     156.998

Latent Class 2

 Means
    COMP_24         93.202      93.657      93.889      95.103      96.317      96.550      97.004

 Variances
    COMP_24         96.317     112.417     120.653     163.662     206.671     214.906     231.006


TECHNICAL 7 OUTPUT


     SAMPLE STATISTICS WEIGHTED BY ESTIMATED CLASS PROBABILITIES FOR CLASS 1


           Means
              COMP_24
              ________
                4.197


           Covariances
              COMP_24
              ________
 COMP_24       88.152


     SAMPLE STATISTICS WEIGHTED BY ESTIMATED CLASS PROBABILITIES FOR CLASS 2


           Means
              COMP_24
              ________
               95.103


           Covariances
              COMP_24
              ________
 COMP_24      163.661


     UNIVARIATE SAMPLE DISTRIBUTIONS FOR CLASS 1

     Variable
     N
       Category 1        0.689
       Category 2        0.311


     UNIVARIATE SAMPLE DISTRIBUTIONS FOR CLASS 2

     Variable
     N
       Category 1        0.366
       Category 2        0.634


TECHNICAL 12 OUTPUT


     ESTIMATED MIXED MODEL AND RESIDUALS (OBSERVED - EXPECTED)


           Observed Means
              COMP_24
              ________
               81.458


           Estimated Mixed Means
              COMP_24
              ________
               76.763


           Residuals for Mixed Means
              COMP_24
              ________
                4.695


           Observed Covariances
              COMP_24
              ________
 COMP_24     1206.554


           Estimated Mixed Covariances
              COMP_24
              ________
 COMP_24     1479.304


           Residuals for Mixed Covariances
              COMP_24
              ________
 COMP_24     -272.750


           Observed Skewness
              COMP_24
              ________
               -1.642


           Estimated Mixed Skewness
              COMP_24
              ________
               -1.210


           Residuals for Mixed Skewness
              COMP_24
              ________
               -0.432


           Observed Kurtosis
              COMP_24
              ________
                1.044


           Estimated Mixed Kurtosis
              COMP_24
              ________
                0.006


           Residuals for Mixed Kurtosis
              COMP_24
              ________
                1.038


     Beginning Time:  20:18:44
        Ending Time:  20:18:45
       Elapsed Time:  00:00:01



MUTHEN & MUTHEN
3463 Stoner Ave.
Los Angeles, CA  90066

Tel: (310) 391-9971
Fax: (310) 391-8971
Web: www.StatModel.com
Support: Support@StatModel.com

Copyright (c) 1998-2021 Muthen & Muthen
