Mplus VERSION 8.6 (Mac)
MUTHEN & MUTHEN
09/10/2021   1:21 PM

INPUT INSTRUCTIONS

  TITLE:
  GBTM_P2_K6_S500

  DATA:
  FILE = "/Users/olivierpercie/Desktop/MplusLGM/SOFAS/Results/GBTM/P=2/K=6/K6_S500.dat";

  VARIABLE:
  NAMES = pin sofas_b sofas_12 sofas_24;
   MISSING=.;
   USEVAR = sofas_b sofas_12 sofas_24;
  IDVAR = pin;
  CLASSES = c(6);

  ANALYSIS:
  TYPE = MIXTURE;
  STARTS = 500 125;
  K-1STARTS = 250 62.5;
  PROCESSORS = 8;

  MODEL:
  %OVERALL%
  i s q |
  sofas_b@0 sofas_12@12 sofas_24@24;
  i-q@0;
  sofas_b-sofas_24 (1);
  %c#1%
  [i s q];
  %c#2%
  [i s q];
  %c#3%
  [i s q];
  %c#4%
  [i s q];
  %c#5%
  [i s q];
  %c#6%
  [i s q];

  OUTPUT:
  sampstat standardized
  TECH1;
  TECH11;

  SAVEDATA:
  file = K6_S500_res.dat;
  save = CPROBABILITIES;

  PLOT:
  TYPE = plot3;
  SERIES = sofas_b (s) sofas_12 (s) sofas_24 (s);




*** WARNING in MODEL command
  All continuous latent variable covariances involving I have been fixed to 0
  because the variance of I is fixed at 0.
*** WARNING in MODEL command
  All continuous latent variable covariances involving S have been fixed to 0
  because the variance of S is fixed at 0.
   2 WARNING(S) FOUND IN THE INPUT INSTRUCTIONS




GBTM_P2_K6_S500

SUMMARY OF ANALYSIS

Number of groups                                                 1
Number of observations                                         345

Number of dependent variables                                    3
Number of independent variables                                  0
Number of continuous latent variables                            3
Number of categorical latent variables                           1

Observed dependent variables

  Continuous
   SOFAS_B     SOFAS_12    SOFAS_24

Continuous latent variables
   I           S           Q

Categorical latent variables
   C

Variables with special functions

  ID variable           PIN

Estimator                                                      MLR
Information matrix                                        OBSERVED
Optimization Specifications for the Quasi-Newton Algorithm for
Continuous Outcomes
  Maximum number of iterations                                 100
  Convergence criterion                                  0.100D-05
Optimization Specifications for the EM Algorithm
  Maximum number of iterations                                 500
  Convergence criteria
    Loglikelihood change                                 0.100D-06
    Relative loglikelihood change                        0.100D-06
    Derivative                                           0.100D-05
Optimization Specifications for the M step of the EM Algorithm for
Categorical Latent variables
  Number of M step iterations                                    1
  M step convergence criterion                           0.100D-05
  Basis for M step termination                           ITERATION
Optimization Specifications for the M step of the EM Algorithm for
Censored, Binary or Ordered Categorical (Ordinal), Unordered
Categorical (Nominal) and Count Outcomes
  Number of M step iterations                                    1
  M step convergence criterion                           0.100D-05
  Basis for M step termination                           ITERATION
  Maximum value for logit thresholds                            15
  Minimum value for logit thresholds                           -15
  Minimum expected cell size for chi-square              0.100D-01
Maximum number of iterations for H1                           2000
Convergence criterion for H1                             0.100D-03
Optimization algorithm                                         EMA
Random Starts Specifications
  Number of initial stage random starts                        500
  Number of final stage optimizations                          125
  Number of initial stage iterations                            10
  Initial stage convergence criterion                    0.100D+01
  Random starts scale                                    0.500D+01
  Random seed for generating random starts                       0

Input data file(s)
  /Users/olivierpercie/Desktop/MplusLGM/SOFAS/Results/GBTM/P=2/K=6/K6_S500.dat
Input data format  FREE


SUMMARY OF DATA

     Number of missing data patterns             4
     Number of y missing data patterns           4
     Number of u missing data patterns           0


COVARIANCE COVERAGE OF DATA

Minimum covariance coverage value   0.100


     PROPORTION OF DATA PRESENT FOR Y


           Covariance Coverage
              SOFAS_B       SOFAS_12      SOFAS_24
              ________      ________      ________
 SOFAS_B        0.977
 SOFAS_12       0.881         0.904
 SOFAS_24       0.658         0.586         0.681


SAMPLE STATISTICS


     ESTIMATED SAMPLE STATISTICS


           Means
              SOFAS_B       SOFAS_12      SOFAS_24
              ________      ________      ________
               40.898        61.937        64.319


           Covariances
              SOFAS_B       SOFAS_12      SOFAS_24
              ________      ________      ________
 SOFAS_B      159.589
 SOFAS_12      62.509       290.041
 SOFAS_24      48.882       182.167       323.697


           Correlations
              SOFAS_B       SOFAS_12      SOFAS_24
              ________      ________      ________
 SOFAS_B        1.000
 SOFAS_12       0.291         1.000
 SOFAS_24       0.215         0.595         1.000


     MAXIMUM LOG-LIKELIHOOD VALUE FOR THE UNRESTRICTED (H1) MODEL IS -3614.196


UNIVARIATE SAMPLE STATISTICS


     UNIVARIATE HIGHER-ORDER MOMENT DESCRIPTIVE STATISTICS

         Variable/         Mean/     Skewness/   Minimum/ % with                Percentiles
        Sample Size      Variance    Kurtosis    Maximum  Min/Max      20%/60%    40%/80%    Median

     SOFAS_B              40.917       0.686      15.000    0.30%      30.000     35.000     40.000
             337.000     159.667       0.202      85.000    0.30%      41.000     51.000
     SOFAS_12             61.913      -0.132      22.000    0.32%      48.000     55.000     61.000
             312.000     287.297      -0.886      95.000    0.32%      68.000     80.000
     SOFAS_24             63.472      -0.261       5.000    0.43%      49.000     60.000     65.000
             235.000     328.649      -0.615     100.000    0.85%      70.000     80.000

RANDOM STARTS RESULTS RANKED FROM THE BEST TO THE WORST LOGLIKELIHOOD VALUES

Final stage loglikelihood values at local maxima, seeds, and initial stage start numbers:

           -3571.895  783110           72
           -3571.895  562716           300
           -3571.895  614009           317
           -3571.895  793035           187
           -3571.895  863691           481
           -3571.895  608460           244
           -3571.895  765392           382
           -3571.895  164305           128
           -3571.895  996231           310
           -3571.895  871722           355
           -3571.895  360419           356
           -3571.895  252949           487
           -3571.895  364676           27
           -3571.895  626891           32
           -3571.895  748692           204
           -3571.895  25127            107
           -3571.895  285380           1
           -3571.895  195873           6
           -3571.895  264081           186
           -3571.895  408713           450
           -3571.895  971853           402
           -3574.569  207896           25
           -3574.603  508482           446
           -3590.634  414828           322
           -3597.554  679832           302
           -3602.807  246575           291
           -3606.687  303634           169
           -3606.687  836515           341
           -3606.687  950604           172
           -3606.687  609185           181

95 perturbed starting value run(s) did not converge or were rejected in the third stage.



THE BEST LOGLIKELIHOOD VALUE HAS BEEN REPLICATED.  RERUN WITH AT LEAST TWICE THE
RANDOM STARTS TO CHECK THAT THE BEST LOGLIKELIHOOD IS STILL OBTAINED AND REPLICATED.


THE MODEL ESTIMATION TERMINATED NORMALLY



MODEL FIT INFORMATION

Number of Free Parameters                       24

Loglikelihood

          H0 Value                       -3571.895
          H0 Scaling Correction Factor      1.1573
            for MLR

Information Criteria

          Akaike (AIC)                    7191.790
          Bayesian (BIC)                  7284.035
          Sample-Size Adjusted BIC        7207.901
            (n* = (n + 2) / 24)



FINAL CLASS COUNTS AND PROPORTIONS FOR THE LATENT CLASSES
BASED ON THE ESTIMATED MODEL

    Latent
   Classes

       1          9.17553          0.02660
       2        100.01487          0.28990
       3         40.39689          0.11709
       4         95.10479          0.27567
       5         32.57003          0.09441
       6         67.73788          0.19634


FINAL CLASS COUNTS AND PROPORTIONS FOR THE LATENT CLASSES
BASED ON ESTIMATED POSTERIOR PROBABILITIES

    Latent
   Classes

       1          9.17553          0.02660
       2        100.01487          0.28990
       3         40.39689          0.11709
       4         95.10479          0.27567
       5         32.57003          0.09441
       6         67.73788          0.19634


FINAL CLASS COUNTS AND PROPORTIONS FOR THE LATENT CLASSES
BASED ON THEIR MOST LIKELY LATENT CLASS MEMBERSHIP

Class Counts and Proportions

    Latent
   Classes

       1               11          0.03188
       2              112          0.32464
       3               27          0.07826
       4              100          0.28986
       5               29          0.08406
       6               66          0.19130


CLASSIFICATION QUALITY

     Entropy                         0.665


Average Latent Class Probabilities for Most Likely Latent Class Membership (Row)
by Latent Class (Column)

           1        2        3        4        5        6

    1   0.629    0.033    0.021    0.008    0.231    0.077
    2   0.002    0.787    0.080    0.003    0.052    0.076
    3   0.010    0.129    0.633    0.076    0.028    0.124
    4   0.003    0.001    0.050    0.835    0.001    0.110
    5   0.041    0.097    0.040    0.003    0.784    0.035
    6   0.003    0.078    0.120    0.138    0.010    0.651


Classification Probabilities for the Most Likely Latent Class Membership (Column)
by Latent Class (Row)

           1        2        3        4        5        6

    1   0.755    0.030    0.030    0.033    0.130    0.022
    2   0.004    0.881    0.035    0.001    0.028    0.051
    3   0.006    0.221    0.423    0.125    0.029    0.197
    4   0.001    0.004    0.022    0.878    0.001    0.095
    5   0.078    0.178    0.023    0.002    0.698    0.021
    6   0.013    0.126    0.050    0.162    0.015    0.634


Logits for the Classification Probabilities for the Most Likely Latent Class Membership (Column)
by Latent Class (Row)

              1        2        3        4        5        6

    1      3.526    0.305    0.301    0.386    1.771    0.000
    2     -2.650    2.844   -0.391   -3.781   -0.601    0.000
    3     -3.527    0.114    0.765   -0.454   -1.921    0.000
    4     -4.641   -3.270   -1.490    2.219   -4.775    0.000
    5      1.312    2.133    0.106   -2.459    3.502    0.000
    6     -3.924   -1.613   -2.550   -1.362   -3.748    0.000


MODEL RESULTS

                                                    Two-Tailed
                    Estimate       S.E.  Est./S.E.    P-Value

Latent Class 1

 I        |
    SOFAS_B            1.000      0.000    999.000    999.000
    SOFAS_12           1.000      0.000    999.000    999.000
    SOFAS_24           1.000      0.000    999.000    999.000

 S        |
    SOFAS_B            0.000      0.000    999.000    999.000
    SOFAS_12          12.000      0.000    999.000    999.000
    SOFAS_24          24.000      0.000    999.000    999.000

 Q        |
    SOFAS_B            0.000      0.000    999.000    999.000
    SOFAS_12         144.000      0.000    999.000    999.000
    SOFAS_24         576.000      0.000    999.000    999.000

 Means
    I                 62.893      1.420     44.302      0.000
    S                  1.311      0.631      2.076      0.038
    Q                 -0.113      0.041     -2.761      0.006

 Intercepts
    SOFAS_B            0.000      0.000    999.000    999.000
    SOFAS_12           0.000      0.000    999.000    999.000
    SOFAS_24           0.000      0.000    999.000    999.000

 Variances
    I                  0.000      0.000    999.000    999.000
    S                  0.000      0.000    999.000    999.000
    Q                  0.000      0.000    999.000    999.000

 Residual Variances
    SOFAS_B           86.419      5.546     15.583      0.000
    SOFAS_12          86.419      5.546     15.583      0.000
    SOFAS_24          86.419      5.546     15.583      0.000

Latent Class 2

 I        |
    SOFAS_B            1.000      0.000    999.000    999.000
    SOFAS_12           1.000      0.000    999.000    999.000
    SOFAS_24           1.000      0.000    999.000    999.000

 S        |
    SOFAS_B            0.000      0.000    999.000    999.000
    SOFAS_12          12.000      0.000    999.000    999.000
    SOFAS_24          24.000      0.000    999.000    999.000

 Q        |
    SOFAS_B            0.000      0.000    999.000    999.000
    SOFAS_12         144.000      0.000    999.000    999.000
    SOFAS_24         576.000      0.000    999.000    999.000

 Means
    I                 40.595      1.533     26.481      0.000
    S                  4.412      0.288     15.341      0.000
    Q                 -0.112      0.010    -10.987      0.000

 Intercepts
    SOFAS_B            0.000      0.000    999.000    999.000
    SOFAS_12           0.000      0.000    999.000    999.000
    SOFAS_24           0.000      0.000    999.000    999.000

 Variances
    I                  0.000      0.000    999.000    999.000
    S                  0.000      0.000    999.000    999.000
    Q                  0.000      0.000    999.000    999.000

 Residual Variances
    SOFAS_B           86.419      5.546     15.583      0.000
    SOFAS_12          86.419      5.546     15.583      0.000
    SOFAS_24          86.419      5.546     15.583      0.000

Latent Class 3

 I        |
    SOFAS_B            1.000      0.000    999.000    999.000
    SOFAS_12           1.000      0.000    999.000    999.000
    SOFAS_24           1.000      0.000    999.000    999.000

 S        |
    SOFAS_B            0.000      0.000    999.000    999.000
    SOFAS_12          12.000      0.000    999.000    999.000
    SOFAS_24          24.000      0.000    999.000    999.000

 Q        |
    SOFAS_B            0.000      0.000    999.000    999.000
    SOFAS_12         144.000      0.000    999.000    999.000
    SOFAS_24         576.000      0.000    999.000    999.000

 Means
    I                 36.973      4.172      8.863      0.000
    S                  4.502      0.679      6.631      0.000
    Q                 -0.155      0.030     -5.118      0.000

 Intercepts
    SOFAS_B            0.000      0.000    999.000    999.000
    SOFAS_12           0.000      0.000    999.000    999.000
    SOFAS_24           0.000      0.000    999.000    999.000

 Variances
    I                  0.000      0.000    999.000    999.000
    S                  0.000      0.000    999.000    999.000
    Q                  0.000      0.000    999.000    999.000

 Residual Variances
    SOFAS_B           86.419      5.546     15.583      0.000
    SOFAS_12          86.419      5.546     15.583      0.000
    SOFAS_24          86.419      5.546     15.583      0.000

Latent Class 4

 I        |
    SOFAS_B            1.000      0.000    999.000    999.000
    SOFAS_12           1.000      0.000    999.000    999.000
    SOFAS_24           1.000      0.000    999.000    999.000

 S        |
    SOFAS_B            0.000      0.000    999.000    999.000
    SOFAS_12          12.000      0.000    999.000    999.000
    SOFAS_24          24.000      0.000    999.000    999.000

 Q        |
    SOFAS_B            0.000      0.000    999.000    999.000
    SOFAS_12         144.000      0.000    999.000    999.000
    SOFAS_24         576.000      0.000    999.000    999.000

 Means
    I                 34.172      1.037     32.960      0.000
    S                  1.096      0.367      2.983      0.003
    Q                 -0.026      0.015     -1.772      0.076

 Intercepts
    SOFAS_B            0.000      0.000    999.000    999.000
    SOFAS_12           0.000      0.000    999.000    999.000
    SOFAS_24           0.000      0.000    999.000    999.000

 Variances
    I                  0.000      0.000    999.000    999.000
    S                  0.000      0.000    999.000    999.000
    Q                  0.000      0.000    999.000    999.000

 Residual Variances
    SOFAS_B           86.419      5.546     15.583      0.000
    SOFAS_12          86.419      5.546     15.583      0.000
    SOFAS_24          86.419      5.546     15.583      0.000

Latent Class 5

 I        |
    SOFAS_B            1.000      0.000    999.000    999.000
    SOFAS_12           1.000      0.000    999.000    999.000
    SOFAS_24           1.000      0.000    999.000    999.000

 S        |
    SOFAS_B            0.000      0.000    999.000    999.000
    SOFAS_12          12.000      0.000    999.000    999.000
    SOFAS_24          24.000      0.000    999.000    999.000

 Q        |
    SOFAS_B            0.000      0.000    999.000    999.000
    SOFAS_12         144.000      0.000    999.000    999.000
    SOFAS_24         576.000      0.000    999.000    999.000

 Means
    I                 63.360      2.639     24.007      0.000
    S                  1.767      0.621      2.846      0.004
    Q                 -0.060      0.029     -2.047      0.041

 Intercepts
    SOFAS_B            0.000      0.000    999.000    999.000
    SOFAS_12           0.000      0.000    999.000    999.000
    SOFAS_24           0.000      0.000    999.000    999.000

 Variances
    I                  0.000      0.000    999.000    999.000
    S                  0.000      0.000    999.000    999.000
    Q                  0.000      0.000    999.000    999.000

 Residual Variances
    SOFAS_B           86.419      5.546     15.583      0.000
    SOFAS_12          86.419      5.546     15.583      0.000
    SOFAS_24          86.419      5.546     15.583      0.000

Latent Class 6

 I        |
    SOFAS_B            1.000      0.000    999.000    999.000
    SOFAS_12           1.000      0.000    999.000    999.000
    SOFAS_24           1.000      0.000    999.000    999.000

 S        |
    SOFAS_B            0.000      0.000    999.000    999.000
    SOFAS_12          12.000      0.000    999.000    999.000
    SOFAS_24          24.000      0.000    999.000    999.000

 Q        |
    SOFAS_B            0.000      0.000    999.000    999.000
    SOFAS_12         144.000      0.000    999.000    999.000
    SOFAS_24         576.000      0.000    999.000    999.000

 Means
    I                 39.250      2.026     19.374      0.000
    S                  1.158      0.597      1.940      0.052
    Q                  0.004      0.023      0.190      0.849

 Intercepts
    SOFAS_B            0.000      0.000    999.000    999.000
    SOFAS_12           0.000      0.000    999.000    999.000
    SOFAS_24           0.000      0.000    999.000    999.000

 Variances
    I                  0.000      0.000    999.000    999.000
    S                  0.000      0.000    999.000    999.000
    Q                  0.000      0.000    999.000    999.000

 Residual Variances
    SOFAS_B           86.419      5.546     15.583      0.000
    SOFAS_12          86.419      5.546     15.583      0.000
    SOFAS_24          86.419      5.546     15.583      0.000

Categorical Latent Variables

 Means
    C#1               -1.999      0.612     -3.269      0.001
    C#2                0.390      0.338      1.154      0.249
    C#3               -0.517      0.577     -0.896      0.370
    C#4                0.339      0.317      1.072      0.284
    C#5               -0.732      0.425     -1.725      0.085


QUALITY OF NUMERICAL RESULTS

     Condition Number for the Information Matrix              0.241E-05
       (ratio of smallest to largest eigenvalue)


STANDARDIZED MODEL RESULTS


STDYX Standardization

                                                    Two-Tailed
                    Estimate       S.E.  Est./S.E.    P-Value

Latent Class 1

 I        |
    SOFAS_B          999.000    999.000    999.000    999.000
    SOFAS_12         999.000    999.000    999.000    999.000
    SOFAS_24         999.000    999.000    999.000    999.000

 S        |
    SOFAS_B          999.000    999.000    999.000    999.000
    SOFAS_12         999.000    999.000    999.000    999.000
    SOFAS_24         999.000    999.000    999.000    999.000

 Q        |
    SOFAS_B          999.000    999.000    999.000    999.000
    SOFAS_12         999.000    999.000    999.000    999.000
    SOFAS_24         999.000    999.000    999.000    999.000

 Means
    I                999.000    999.000    999.000    999.000
    S                999.000    999.000    999.000    999.000
    Q                999.000    999.000    999.000    999.000

 Intercepts
    SOFAS_B            0.000      0.000    999.000    999.000
    SOFAS_12           0.000      0.000    999.000    999.000
    SOFAS_24           0.000      0.000    999.000    999.000

 Variances
    I                999.000    999.000    999.000    999.000
    S                999.000    999.000    999.000    999.000
    Q                999.000    999.000    999.000    999.000

 Residual Variances
    SOFAS_B            1.000      0.000    999.000    999.000
    SOFAS_12           1.000      0.000    999.000    999.000
    SOFAS_24           1.000      0.000    999.000    999.000

Latent Class 2

 I        |
    SOFAS_B          999.000    999.000    999.000    999.000
    SOFAS_12         999.000    999.000    999.000    999.000
    SOFAS_24         999.000    999.000    999.000    999.000

 S        |
    SOFAS_B          999.000    999.000    999.000    999.000
    SOFAS_12         999.000    999.000    999.000    999.000
    SOFAS_24         999.000    999.000    999.000    999.000

 Q        |
    SOFAS_B          999.000    999.000    999.000    999.000
    SOFAS_12         999.000    999.000    999.000    999.000
    SOFAS_24         999.000    999.000    999.000    999.000

 Means
    I                999.000    999.000    999.000    999.000
    S                999.000    999.000    999.000    999.000
    Q                999.000    999.000    999.000    999.000

 Intercepts
    SOFAS_B            0.000      0.000    999.000    999.000
    SOFAS_12           0.000      0.000    999.000    999.000
    SOFAS_24           0.000      0.000    999.000    999.000

 Variances
    I                999.000    999.000    999.000    999.000
    S                999.000    999.000    999.000    999.000
    Q                999.000    999.000    999.000    999.000

 Residual Variances
    SOFAS_B            1.000      0.000    999.000    999.000
    SOFAS_12           1.000      0.000    999.000    999.000
    SOFAS_24           1.000      0.000    999.000    999.000

Latent Class 3

 I        |
    SOFAS_B          999.000    999.000    999.000    999.000
    SOFAS_12         999.000    999.000    999.000    999.000
    SOFAS_24         999.000    999.000    999.000    999.000

 S        |
    SOFAS_B          999.000    999.000    999.000    999.000
    SOFAS_12         999.000    999.000    999.000    999.000
    SOFAS_24         999.000    999.000    999.000    999.000

 Q        |
    SOFAS_B          999.000    999.000    999.000    999.000
    SOFAS_12         999.000    999.000    999.000    999.000
    SOFAS_24         999.000    999.000    999.000    999.000

 Means
    I                999.000    999.000    999.000    999.000
    S                999.000    999.000    999.000    999.000
    Q                999.000    999.000    999.000    999.000

 Intercepts
    SOFAS_B            0.000      0.000    999.000    999.000
    SOFAS_12           0.000      0.000    999.000    999.000
    SOFAS_24           0.000      0.000    999.000    999.000

 Variances
    I                999.000    999.000    999.000    999.000
    S                999.000    999.000    999.000    999.000
    Q                999.000    999.000    999.000    999.000

 Residual Variances
    SOFAS_B            1.000      0.000    999.000    999.000
    SOFAS_12           1.000      0.000    999.000    999.000
    SOFAS_24           1.000      0.000    999.000    999.000

Latent Class 4

 I        |
    SOFAS_B          999.000    999.000    999.000    999.000
    SOFAS_12         999.000    999.000    999.000    999.000
    SOFAS_24         999.000    999.000    999.000    999.000

 S        |
    SOFAS_B          999.000    999.000    999.000    999.000
    SOFAS_12         999.000    999.000    999.000    999.000
    SOFAS_24         999.000    999.000    999.000    999.000

 Q        |
    SOFAS_B          999.000    999.000    999.000    999.000
    SOFAS_12         999.000    999.000    999.000    999.000
    SOFAS_24         999.000    999.000    999.000    999.000

 Means
    I                999.000    999.000    999.000    999.000
    S                999.000    999.000    999.000    999.000
    Q                999.000    999.000    999.000    999.000

 Intercepts
    SOFAS_B            0.000      0.000    999.000    999.000
    SOFAS_12           0.000      0.000    999.000    999.000
    SOFAS_24           0.000      0.000    999.000    999.000

 Variances
    I                999.000    999.000    999.000    999.000
    S                999.000    999.000    999.000    999.000
    Q                999.000    999.000    999.000    999.000

 Residual Variances
    SOFAS_B            1.000      0.000    999.000    999.000
    SOFAS_12           1.000      0.000    999.000    999.000
    SOFAS_24           1.000      0.000    999.000    999.000

Latent Class 5

 I        |
    SOFAS_B          999.000    999.000    999.000    999.000
    SOFAS_12         999.000    999.000    999.000    999.000
    SOFAS_24         999.000    999.000    999.000    999.000

 S        |
    SOFAS_B          999.000    999.000    999.000    999.000
    SOFAS_12         999.000    999.000    999.000    999.000
    SOFAS_24         999.000    999.000    999.000    999.000

 Q        |
    SOFAS_B          999.000    999.000    999.000    999.000
    SOFAS_12         999.000    999.000    999.000    999.000
    SOFAS_24         999.000    999.000    999.000    999.000

 Means
    I                999.000    999.000    999.000    999.000
    S                999.000    999.000    999.000    999.000
    Q                999.000    999.000    999.000    999.000

 Intercepts
    SOFAS_B            0.000      0.000    999.000    999.000
    SOFAS_12           0.000      0.000    999.000    999.000
    SOFAS_24           0.000      0.000    999.000    999.000

 Variances
    I                999.000    999.000    999.000    999.000
    S                999.000    999.000    999.000    999.000
    Q                999.000    999.000    999.000    999.000

 Residual Variances
    SOFAS_B            1.000      0.000    999.000    999.000
    SOFAS_12           1.000      0.000    999.000    999.000
    SOFAS_24           1.000      0.000    999.000    999.000

Latent Class 6

 I        |
    SOFAS_B          999.000    999.000    999.000    999.000
    SOFAS_12         999.000    999.000    999.000    999.000
    SOFAS_24         999.000    999.000    999.000    999.000

 S        |
    SOFAS_B          999.000    999.000    999.000    999.000
    SOFAS_12         999.000    999.000    999.000    999.000
    SOFAS_24         999.000    999.000    999.000    999.000

 Q        |
    SOFAS_B          999.000    999.000    999.000    999.000
    SOFAS_12         999.000    999.000    999.000    999.000
    SOFAS_24         999.000    999.000    999.000    999.000

 Means
    I                999.000    999.000    999.000    999.000
    S                999.000    999.000    999.000    999.000
    Q                999.000    999.000    999.000    999.000

 Intercepts
    SOFAS_B            0.000      0.000    999.000    999.000
    SOFAS_12           0.000      0.000    999.000    999.000
    SOFAS_24           0.000      0.000    999.000    999.000

 Variances
    I                999.000    999.000    999.000    999.000
    S                999.000    999.000    999.000    999.000
    Q                999.000    999.000    999.000    999.000

 Residual Variances
    SOFAS_B            1.000      0.000    999.000    999.000
    SOFAS_12           1.000      0.000    999.000    999.000
    SOFAS_24           1.000      0.000    999.000    999.000


STDY Standardization

                                                    Two-Tailed
                    Estimate       S.E.  Est./S.E.    P-Value

Latent Class 1

 I        |
    SOFAS_B          999.000    999.000    999.000    999.000
    SOFAS_12         999.000    999.000    999.000    999.000
    SOFAS_24         999.000    999.000    999.000    999.000

 S        |
    SOFAS_B          999.000    999.000    999.000    999.000
    SOFAS_12         999.000    999.000    999.000    999.000
    SOFAS_24         999.000    999.000    999.000    999.000

 Q        |
    SOFAS_B          999.000    999.000    999.000    999.000
    SOFAS_12         999.000    999.000    999.000    999.000
    SOFAS_24         999.000    999.000    999.000    999.000

 Means
    I                999.000    999.000    999.000    999.000
    S                999.000    999.000    999.000    999.000
    Q                999.000    999.000    999.000    999.000

 Intercepts
    SOFAS_B            0.000      0.000    999.000    999.000
    SOFAS_12           0.000      0.000    999.000    999.000
    SOFAS_24           0.000      0.000    999.000    999.000

 Variances
    I                999.000    999.000    999.000    999.000
    S                999.000    999.000    999.000    999.000
    Q                999.000    999.000    999.000    999.000

 Residual Variances
    SOFAS_B            1.000      0.000    999.000    999.000
    SOFAS_12           1.000      0.000    999.000    999.000
    SOFAS_24           1.000      0.000    999.000    999.000

Latent Class 2

 I        |
    SOFAS_B          999.000    999.000    999.000    999.000
    SOFAS_12         999.000    999.000    999.000    999.000
    SOFAS_24         999.000    999.000    999.000    999.000

 S        |
    SOFAS_B          999.000    999.000    999.000    999.000
    SOFAS_12         999.000    999.000    999.000    999.000
    SOFAS_24         999.000    999.000    999.000    999.000

 Q        |
    SOFAS_B          999.000    999.000    999.000    999.000
    SOFAS_12         999.000    999.000    999.000    999.000
    SOFAS_24         999.000    999.000    999.000    999.000

 Means
    I                999.000    999.000    999.000    999.000
    S                999.000    999.000    999.000    999.000
    Q                999.000    999.000    999.000    999.000

 Intercepts
    SOFAS_B            0.000      0.000    999.000    999.000
    SOFAS_12           0.000      0.000    999.000    999.000
    SOFAS_24           0.000      0.000    999.000    999.000

 Variances
    I                999.000    999.000    999.000    999.000
    S                999.000    999.000    999.000    999.000
    Q                999.000    999.000    999.000    999.000

 Residual Variances
    SOFAS_B            1.000      0.000    999.000    999.000
    SOFAS_12           1.000      0.000    999.000    999.000
    SOFAS_24           1.000      0.000    999.000    999.000

Latent Class 3

 I        |
    SOFAS_B          999.000    999.000    999.000    999.000
    SOFAS_12         999.000    999.000    999.000    999.000
    SOFAS_24         999.000    999.000    999.000    999.000

 S        |
    SOFAS_B          999.000    999.000    999.000    999.000
    SOFAS_12         999.000    999.000    999.000    999.000
    SOFAS_24         999.000    999.000    999.000    999.000

 Q        |
    SOFAS_B          999.000    999.000    999.000    999.000
    SOFAS_12         999.000    999.000    999.000    999.000
    SOFAS_24         999.000    999.000    999.000    999.000

 Means
    I                999.000    999.000    999.000    999.000
    S                999.000    999.000    999.000    999.000
    Q                999.000    999.000    999.000    999.000

 Intercepts
    SOFAS_B            0.000      0.000    999.000    999.000
    SOFAS_12           0.000      0.000    999.000    999.000
    SOFAS_24           0.000      0.000    999.000    999.000

 Variances
    I                999.000    999.000    999.000    999.000
    S                999.000    999.000    999.000    999.000
    Q                999.000    999.000    999.000    999.000

 Residual Variances
    SOFAS_B            1.000      0.000    999.000    999.000
    SOFAS_12           1.000      0.000    999.000    999.000
    SOFAS_24           1.000      0.000    999.000    999.000

Latent Class 4

 I        |
    SOFAS_B          999.000    999.000    999.000    999.000
    SOFAS_12         999.000    999.000    999.000    999.000
    SOFAS_24         999.000    999.000    999.000    999.000

 S        |
    SOFAS_B          999.000    999.000    999.000    999.000
    SOFAS_12         999.000    999.000    999.000    999.000
    SOFAS_24         999.000    999.000    999.000    999.000

 Q        |
    SOFAS_B          999.000    999.000    999.000    999.000
    SOFAS_12         999.000    999.000    999.000    999.000
    SOFAS_24         999.000    999.000    999.000    999.000

 Means
    I                999.000    999.000    999.000    999.000
    S                999.000    999.000    999.000    999.000
    Q                999.000    999.000    999.000    999.000

 Intercepts
    SOFAS_B            0.000      0.000    999.000    999.000
    SOFAS_12           0.000      0.000    999.000    999.000
    SOFAS_24           0.000      0.000    999.000    999.000

 Variances
    I                999.000    999.000    999.000    999.000
    S                999.000    999.000    999.000    999.000
    Q                999.000    999.000    999.000    999.000

 Residual Variances
    SOFAS_B            1.000      0.000    999.000    999.000
    SOFAS_12           1.000      0.000    999.000    999.000
    SOFAS_24           1.000      0.000    999.000    999.000

Latent Class 5

 I        |
    SOFAS_B          999.000    999.000    999.000    999.000
    SOFAS_12         999.000    999.000    999.000    999.000
    SOFAS_24         999.000    999.000    999.000    999.000

 S        |
    SOFAS_B          999.000    999.000    999.000    999.000
    SOFAS_12         999.000    999.000    999.000    999.000
    SOFAS_24         999.000    999.000    999.000    999.000

 Q        |
    SOFAS_B          999.000    999.000    999.000    999.000
    SOFAS_12         999.000    999.000    999.000    999.000
    SOFAS_24         999.000    999.000    999.000    999.000

 Means
    I                999.000    999.000    999.000    999.000
    S                999.000    999.000    999.000    999.000
    Q                999.000    999.000    999.000    999.000

 Intercepts
    SOFAS_B            0.000      0.000    999.000    999.000
    SOFAS_12           0.000      0.000    999.000    999.000
    SOFAS_24           0.000      0.000    999.000    999.000

 Variances
    I                999.000    999.000    999.000    999.000
    S                999.000    999.000    999.000    999.000
    Q                999.000    999.000    999.000    999.000

 Residual Variances
    SOFAS_B            1.000      0.000    999.000    999.000
    SOFAS_12           1.000      0.000    999.000    999.000
    SOFAS_24           1.000      0.000    999.000    999.000

Latent Class 6

 I        |
    SOFAS_B          999.000    999.000    999.000    999.000
    SOFAS_12         999.000    999.000    999.000    999.000
    SOFAS_24         999.000    999.000    999.000    999.000

 S        |
    SOFAS_B          999.000    999.000    999.000    999.000
    SOFAS_12         999.000    999.000    999.000    999.000
    SOFAS_24         999.000    999.000    999.000    999.000

 Q        |
    SOFAS_B          999.000    999.000    999.000    999.000
    SOFAS_12         999.000    999.000    999.000    999.000
    SOFAS_24         999.000    999.000    999.000    999.000

 Means
    I                999.000    999.000    999.000    999.000
    S                999.000    999.000    999.000    999.000
    Q                999.000    999.000    999.000    999.000

 Intercepts
    SOFAS_B            0.000      0.000    999.000    999.000
    SOFAS_12           0.000      0.000    999.000    999.000
    SOFAS_24           0.000      0.000    999.000    999.000

 Variances
    I                999.000    999.000    999.000    999.000
    S                999.000    999.000    999.000    999.000
    Q                999.000    999.000    999.000    999.000

 Residual Variances
    SOFAS_B            1.000      0.000    999.000    999.000
    SOFAS_12           1.000      0.000    999.000    999.000
    SOFAS_24           1.000      0.000    999.000    999.000


STD Standardization

                                                    Two-Tailed
                    Estimate       S.E.  Est./S.E.    P-Value

Latent Class 1

 I        |
    SOFAS_B          999.000    999.000    999.000    999.000
    SOFAS_12         999.000    999.000    999.000    999.000
    SOFAS_24         999.000    999.000    999.000    999.000

 S        |
    SOFAS_B          999.000    999.000    999.000    999.000
    SOFAS_12         999.000    999.000    999.000    999.000
    SOFAS_24         999.000    999.000    999.000    999.000

 Q        |
    SOFAS_B          999.000    999.000    999.000    999.000
    SOFAS_12         999.000    999.000    999.000    999.000
    SOFAS_24         999.000    999.000    999.000    999.000

 Means
    I                999.000    999.000    999.000    999.000
    S                999.000    999.000    999.000    999.000
    Q                999.000    999.000    999.000    999.000

 Intercepts
    SOFAS_B            0.000      0.000    999.000    999.000
    SOFAS_12           0.000      0.000    999.000    999.000
    SOFAS_24           0.000      0.000    999.000    999.000

 Variances
    I                999.000    999.000    999.000    999.000
    S                999.000    999.000    999.000    999.000
    Q                999.000    999.000    999.000    999.000

 Residual Variances
    SOFAS_B           86.419      5.546     15.583      0.000
    SOFAS_12          86.419      5.546     15.583      0.000
    SOFAS_24          86.419      5.546     15.583      0.000

Latent Class 2

 I        |
    SOFAS_B          999.000    999.000    999.000    999.000
    SOFAS_12         999.000    999.000    999.000    999.000
    SOFAS_24         999.000    999.000    999.000    999.000

 S        |
    SOFAS_B          999.000    999.000    999.000    999.000
    SOFAS_12         999.000    999.000    999.000    999.000
    SOFAS_24         999.000    999.000    999.000    999.000

 Q        |
    SOFAS_B          999.000    999.000    999.000    999.000
    SOFAS_12         999.000    999.000    999.000    999.000
    SOFAS_24         999.000    999.000    999.000    999.000

 Means
    I                999.000    999.000    999.000    999.000
    S                999.000    999.000    999.000    999.000
    Q                999.000    999.000    999.000    999.000

 Intercepts
    SOFAS_B            0.000      0.000    999.000    999.000
    SOFAS_12           0.000      0.000    999.000    999.000
    SOFAS_24           0.000      0.000    999.000    999.000

 Variances
    I                999.000    999.000    999.000    999.000
    S                999.000    999.000    999.000    999.000
    Q                999.000    999.000    999.000    999.000

 Residual Variances
    SOFAS_B           86.419      5.546     15.583      0.000
    SOFAS_12          86.419      5.546     15.583      0.000
    SOFAS_24          86.419      5.546     15.583      0.000

Latent Class 3

 I        |
    SOFAS_B          999.000    999.000    999.000    999.000
    SOFAS_12         999.000    999.000    999.000    999.000
    SOFAS_24         999.000    999.000    999.000    999.000

 S        |
    SOFAS_B          999.000    999.000    999.000    999.000
    SOFAS_12         999.000    999.000    999.000    999.000
    SOFAS_24         999.000    999.000    999.000    999.000

 Q        |
    SOFAS_B          999.000    999.000    999.000    999.000
    SOFAS_12         999.000    999.000    999.000    999.000
    SOFAS_24         999.000    999.000    999.000    999.000

 Means
    I                999.000    999.000    999.000    999.000
    S                999.000    999.000    999.000    999.000
    Q                999.000    999.000    999.000    999.000

 Intercepts
    SOFAS_B            0.000      0.000    999.000    999.000
    SOFAS_12           0.000      0.000    999.000    999.000
    SOFAS_24           0.000      0.000    999.000    999.000

 Variances
    I                999.000    999.000    999.000    999.000
    S                999.000    999.000    999.000    999.000
    Q                999.000    999.000    999.000    999.000

 Residual Variances
    SOFAS_B           86.419      5.546     15.583      0.000
    SOFAS_12          86.419      5.546     15.583      0.000
    SOFAS_24          86.419      5.546     15.583      0.000

Latent Class 4

 I        |
    SOFAS_B          999.000    999.000    999.000    999.000
    SOFAS_12         999.000    999.000    999.000    999.000
    SOFAS_24         999.000    999.000    999.000    999.000

 S        |
    SOFAS_B          999.000    999.000    999.000    999.000
    SOFAS_12         999.000    999.000    999.000    999.000
    SOFAS_24         999.000    999.000    999.000    999.000

 Q        |
    SOFAS_B          999.000    999.000    999.000    999.000
    SOFAS_12         999.000    999.000    999.000    999.000
    SOFAS_24         999.000    999.000    999.000    999.000

 Means
    I                999.000    999.000    999.000    999.000
    S                999.000    999.000    999.000    999.000
    Q                999.000    999.000    999.000    999.000

 Intercepts
    SOFAS_B            0.000      0.000    999.000    999.000
    SOFAS_12           0.000      0.000    999.000    999.000
    SOFAS_24           0.000      0.000    999.000    999.000

 Variances
    I                999.000    999.000    999.000    999.000
    S                999.000    999.000    999.000    999.000
    Q                999.000    999.000    999.000    999.000

 Residual Variances
    SOFAS_B           86.419      5.546     15.583      0.000
    SOFAS_12          86.419      5.546     15.583      0.000
    SOFAS_24          86.419      5.546     15.583      0.000

Latent Class 5

 I        |
    SOFAS_B          999.000    999.000    999.000    999.000
    SOFAS_12         999.000    999.000    999.000    999.000
    SOFAS_24         999.000    999.000    999.000    999.000

 S        |
    SOFAS_B          999.000    999.000    999.000    999.000
    SOFAS_12         999.000    999.000    999.000    999.000
    SOFAS_24         999.000    999.000    999.000    999.000

 Q        |
    SOFAS_B          999.000    999.000    999.000    999.000
    SOFAS_12         999.000    999.000    999.000    999.000
    SOFAS_24         999.000    999.000    999.000    999.000

 Means
    I                999.000    999.000    999.000    999.000
    S                999.000    999.000    999.000    999.000
    Q                999.000    999.000    999.000    999.000

 Intercepts
    SOFAS_B            0.000      0.000    999.000    999.000
    SOFAS_12           0.000      0.000    999.000    999.000
    SOFAS_24           0.000      0.000    999.000    999.000

 Variances
    I                999.000    999.000    999.000    999.000
    S                999.000    999.000    999.000    999.000
    Q                999.000    999.000    999.000    999.000

 Residual Variances
    SOFAS_B           86.419      5.546     15.583      0.000
    SOFAS_12          86.419      5.546     15.583      0.000
    SOFAS_24          86.419      5.546     15.583      0.000

Latent Class 6

 I        |
    SOFAS_B          999.000    999.000    999.000    999.000
    SOFAS_12         999.000    999.000    999.000    999.000
    SOFAS_24         999.000    999.000    999.000    999.000

 S        |
    SOFAS_B          999.000    999.000    999.000    999.000
    SOFAS_12         999.000    999.000    999.000    999.000
    SOFAS_24         999.000    999.000    999.000    999.000

 Q        |
    SOFAS_B          999.000    999.000    999.000    999.000
    SOFAS_12         999.000    999.000    999.000    999.000
    SOFAS_24         999.000    999.000    999.000    999.000

 Means
    I                999.000    999.000    999.000    999.000
    S                999.000    999.000    999.000    999.000
    Q                999.000    999.000    999.000    999.000

 Intercepts
    SOFAS_B            0.000      0.000    999.000    999.000
    SOFAS_12           0.000      0.000    999.000    999.000
    SOFAS_24           0.000      0.000    999.000    999.000

 Variances
    I                999.000    999.000    999.000    999.000
    S                999.000    999.000    999.000    999.000
    Q                999.000    999.000    999.000    999.000

 Residual Variances
    SOFAS_B           86.419      5.546     15.583      0.000
    SOFAS_12          86.419      5.546     15.583      0.000
    SOFAS_24          86.419      5.546     15.583      0.000


R-SQUARE

Class 1

    Observed                                        Two-Tailed
    Variable        Estimate       S.E.  Est./S.E.    P-Value

    SOFAS_B            0.000      0.000    999.000    999.000
    SOFAS_12           0.000      0.000    999.000    999.000
    SOFAS_24           0.000      0.000    999.000    999.000

Class 2

    Observed                                        Two-Tailed
    Variable        Estimate       S.E.  Est./S.E.    P-Value

    SOFAS_B            0.000      0.000    999.000    999.000
    SOFAS_12           0.000      0.000    999.000    999.000
    SOFAS_24           0.000      0.000    999.000    999.000

Class 3

    Observed                                        Two-Tailed
    Variable        Estimate       S.E.  Est./S.E.    P-Value

    SOFAS_B            0.000      0.000    999.000    999.000
    SOFAS_12           0.000      0.000    999.000    999.000
    SOFAS_24           0.000      0.000    999.000    999.000

Class 4

    Observed                                        Two-Tailed
    Variable        Estimate       S.E.  Est./S.E.    P-Value

    SOFAS_B            0.000      0.000    999.000    999.000
    SOFAS_12           0.000      0.000    999.000    999.000
    SOFAS_24           0.000      0.000    999.000    999.000

Class 5

    Observed                                        Two-Tailed
    Variable        Estimate       S.E.  Est./S.E.    P-Value

    SOFAS_B            0.000      0.000    999.000    999.000
    SOFAS_12           0.000      0.000    999.000    999.000
    SOFAS_24           0.000      0.000    999.000    999.000

Class 6

    Observed                                        Two-Tailed
    Variable        Estimate       S.E.  Est./S.E.    P-Value

    SOFAS_B            0.000      0.000    999.000    999.000
    SOFAS_12           0.000      0.000    999.000    999.000
    SOFAS_24           0.000      0.000    999.000    999.000


TECHNICAL 1 OUTPUT


     PARAMETER SPECIFICATION FOR LATENT CLASS 1


           NU
              SOFAS_B       SOFAS_12      SOFAS_24
              ________      ________      ________
                    0             0             0


           LAMBDA
              I             S             Q
              ________      ________      ________
 SOFAS_B            0             0             0
 SOFAS_12           0             0             0
 SOFAS_24           0             0             0


           THETA
              SOFAS_B       SOFAS_12      SOFAS_24
              ________      ________      ________
 SOFAS_B            1
 SOFAS_12           0             1
 SOFAS_24           0             0             1


           ALPHA
              I             S             Q
              ________      ________      ________
                    2             3             4


           BETA
              I             S             Q
              ________      ________      ________
 I                  0             0             0
 S                  0             0             0
 Q                  0             0             0


           PSI
              I             S             Q
              ________      ________      ________
 I                  0
 S                  0             0
 Q                  0             0             0


     PARAMETER SPECIFICATION FOR LATENT CLASS 2


           NU
              SOFAS_B       SOFAS_12      SOFAS_24
              ________      ________      ________
                    0             0             0


           LAMBDA
              I             S             Q
              ________      ________      ________
 SOFAS_B            0             0             0
 SOFAS_12           0             0             0
 SOFAS_24           0             0             0


           THETA
              SOFAS_B       SOFAS_12      SOFAS_24
              ________      ________      ________
 SOFAS_B            1
 SOFAS_12           0             1
 SOFAS_24           0             0             1


           ALPHA
              I             S             Q
              ________      ________      ________
                    5             6             7


           BETA
              I             S             Q
              ________      ________      ________
 I                  0             0             0
 S                  0             0             0
 Q                  0             0             0


           PSI
              I             S             Q
              ________      ________      ________
 I                  0
 S                  0             0
 Q                  0             0             0


     PARAMETER SPECIFICATION FOR LATENT CLASS 3


           NU
              SOFAS_B       SOFAS_12      SOFAS_24
              ________      ________      ________
                    0             0             0


           LAMBDA
              I             S             Q
              ________      ________      ________
 SOFAS_B            0             0             0
 SOFAS_12           0             0             0
 SOFAS_24           0             0             0


           THETA
              SOFAS_B       SOFAS_12      SOFAS_24
              ________      ________      ________
 SOFAS_B            1
 SOFAS_12           0             1
 SOFAS_24           0             0             1


           ALPHA
              I             S             Q
              ________      ________      ________
                    8             9            10


           BETA
              I             S             Q
              ________      ________      ________
 I                  0             0             0
 S                  0             0             0
 Q                  0             0             0


           PSI
              I             S             Q
              ________      ________      ________
 I                  0
 S                  0             0
 Q                  0             0             0


     PARAMETER SPECIFICATION FOR LATENT CLASS 4


           NU
              SOFAS_B       SOFAS_12      SOFAS_24
              ________      ________      ________
                    0             0             0


           LAMBDA
              I             S             Q
              ________      ________      ________
 SOFAS_B            0             0             0
 SOFAS_12           0             0             0
 SOFAS_24           0             0             0


           THETA
              SOFAS_B       SOFAS_12      SOFAS_24
              ________      ________      ________
 SOFAS_B            1
 SOFAS_12           0             1
 SOFAS_24           0             0             1


           ALPHA
              I             S             Q
              ________      ________      ________
                   11            12            13


           BETA
              I             S             Q
              ________      ________      ________
 I                  0             0             0
 S                  0             0             0
 Q                  0             0             0


           PSI
              I             S             Q
              ________      ________      ________
 I                  0
 S                  0             0
 Q                  0             0             0


     PARAMETER SPECIFICATION FOR LATENT CLASS 5


           NU
              SOFAS_B       SOFAS_12      SOFAS_24
              ________      ________      ________
                    0             0             0


           LAMBDA
              I             S             Q
              ________      ________      ________
 SOFAS_B            0             0             0
 SOFAS_12           0             0             0
 SOFAS_24           0             0             0


           THETA
              SOFAS_B       SOFAS_12      SOFAS_24
              ________      ________      ________
 SOFAS_B            1
 SOFAS_12           0             1
 SOFAS_24           0             0             1


           ALPHA
              I             S             Q
              ________      ________      ________
                   14            15            16


           BETA
              I             S             Q
              ________      ________      ________
 I                  0             0             0
 S                  0             0             0
 Q                  0             0             0


           PSI
              I             S             Q
              ________      ________      ________
 I                  0
 S                  0             0
 Q                  0             0             0


     PARAMETER SPECIFICATION FOR LATENT CLASS 6


           NU
              SOFAS_B       SOFAS_12      SOFAS_24
              ________      ________      ________
                    0             0             0


           LAMBDA
              I             S             Q
              ________      ________      ________
 SOFAS_B            0             0             0
 SOFAS_12           0             0             0
 SOFAS_24           0             0             0


           THETA
              SOFAS_B       SOFAS_12      SOFAS_24
              ________      ________      ________
 SOFAS_B            1
 SOFAS_12           0             1
 SOFAS_24           0             0             1


           ALPHA
              I             S             Q
              ________      ________      ________
                   17            18            19


           BETA
              I             S             Q
              ________      ________      ________
 I                  0             0             0
 S                  0             0             0
 Q                  0             0             0


           PSI
              I             S             Q
              ________      ________      ________
 I                  0
 S                  0             0
 Q                  0             0             0


     PARAMETER SPECIFICATION FOR LATENT CLASS REGRESSION MODEL PART


           ALPHA(C)
              C#1           C#2           C#3           C#4           C#5
              ________      ________      ________      ________      ________
                   20            21            22            23            24


           ALPHA(C)
              C#6
              ________
                    0


     STARTING VALUES FOR LATENT CLASS 1


           NU
              SOFAS_B       SOFAS_12      SOFAS_24
              ________      ________      ________
                0.000         0.000         0.000


           LAMBDA
              I             S             Q
              ________      ________      ________
 SOFAS_B        1.000         0.000         0.000
 SOFAS_12       1.000        12.000       144.000
 SOFAS_24       1.000        24.000       576.000


           THETA
              SOFAS_B       SOFAS_12      SOFAS_24
              ________      ________      ________
 SOFAS_B       79.833
 SOFAS_12       0.000       143.648
 SOFAS_24       0.000         0.000       164.325


           ALPHA
              I             S             Q
              ________      ________      ________
               39.887         2.474        -0.063


           BETA
              I             S             Q
              ________      ________      ________
 I              0.000         0.000         0.000
 S              0.000         0.000         0.000
 Q              0.000         0.000         0.000


           PSI
              I             S             Q
              ________      ________      ________
 I              0.000
 S              0.000         0.000
 Q              0.000         0.000         0.000


     STARTING VALUES FOR LATENT CLASS 2


           NU
              SOFAS_B       SOFAS_12      SOFAS_24
              ________      ________      ________
                0.000         0.000         0.000


           LAMBDA
              I             S             Q
              ________      ________      ________
 SOFAS_B        1.000         0.000         0.000
 SOFAS_12       1.000        12.000       144.000
 SOFAS_24       1.000        24.000       576.000


           THETA
              SOFAS_B       SOFAS_12      SOFAS_24
              ________      ________      ________
 SOFAS_B       79.833
 SOFAS_12       0.000       143.648
 SOFAS_24       0.000         0.000       164.325


           ALPHA
              I             S             Q
              ________      ________      ________
               39.887         2.474        -0.063


           BETA
              I             S             Q
              ________      ________      ________
 I              0.000         0.000         0.000
 S              0.000         0.000         0.000
 Q              0.000         0.000         0.000


           PSI
              I             S             Q
              ________      ________      ________
 I              0.000
 S              0.000         0.000
 Q              0.000         0.000         0.000


     STARTING VALUES FOR LATENT CLASS 3


           NU
              SOFAS_B       SOFAS_12      SOFAS_24
              ________      ________      ________
                0.000         0.000         0.000


           LAMBDA
              I             S             Q
              ________      ________      ________
 SOFAS_B        1.000         0.000         0.000
 SOFAS_12       1.000        12.000       144.000
 SOFAS_24       1.000        24.000       576.000


           THETA
              SOFAS_B       SOFAS_12      SOFAS_24
              ________      ________      ________
 SOFAS_B       79.833
 SOFAS_12       0.000       143.648
 SOFAS_24       0.000         0.000       164.325


           ALPHA
              I             S             Q
              ________      ________      ________
               39.887         2.474        -0.063


           BETA
              I             S             Q
              ________      ________      ________
 I              0.000         0.000         0.000
 S              0.000         0.000         0.000
 Q              0.000         0.000         0.000


           PSI
              I             S             Q
              ________      ________      ________
 I              0.000
 S              0.000         0.000
 Q              0.000         0.000         0.000


     STARTING VALUES FOR LATENT CLASS 4


           NU
              SOFAS_B       SOFAS_12      SOFAS_24
              ________      ________      ________
                0.000         0.000         0.000


           LAMBDA
              I             S             Q
              ________      ________      ________
 SOFAS_B        1.000         0.000         0.000
 SOFAS_12       1.000        12.000       144.000
 SOFAS_24       1.000        24.000       576.000


           THETA
              SOFAS_B       SOFAS_12      SOFAS_24
              ________      ________      ________
 SOFAS_B       79.833
 SOFAS_12       0.000       143.648
 SOFAS_24       0.000         0.000       164.325


           ALPHA
              I             S             Q
              ________      ________      ________
               39.887         2.474        -0.063


           BETA
              I             S             Q
              ________      ________      ________
 I              0.000         0.000         0.000
 S              0.000         0.000         0.000
 Q              0.000         0.000         0.000


           PSI
              I             S             Q
              ________      ________      ________
 I              0.000
 S              0.000         0.000
 Q              0.000         0.000         0.000


     STARTING VALUES FOR LATENT CLASS 5


           NU
              SOFAS_B       SOFAS_12      SOFAS_24
              ________      ________      ________
                0.000         0.000         0.000


           LAMBDA
              I             S             Q
              ________      ________      ________
 SOFAS_B        1.000         0.000         0.000
 SOFAS_12       1.000        12.000       144.000
 SOFAS_24       1.000        24.000       576.000


           THETA
              SOFAS_B       SOFAS_12      SOFAS_24
              ________      ________      ________
 SOFAS_B       79.833
 SOFAS_12       0.000       143.648
 SOFAS_24       0.000         0.000       164.325


           ALPHA
              I             S             Q
              ________      ________      ________
               39.887         2.474        -0.063


           BETA
              I             S             Q
              ________      ________      ________
 I              0.000         0.000         0.000
 S              0.000         0.000         0.000
 Q              0.000         0.000         0.000


           PSI
              I             S             Q
              ________      ________      ________
 I              0.000
 S              0.000         0.000
 Q              0.000         0.000         0.000


     STARTING VALUES FOR LATENT CLASS 6


           NU
              SOFAS_B       SOFAS_12      SOFAS_24
              ________      ________      ________
                0.000         0.000         0.000


           LAMBDA
              I             S             Q
              ________      ________      ________
 SOFAS_B        1.000         0.000         0.000
 SOFAS_12       1.000        12.000       144.000
 SOFAS_24       1.000        24.000       576.000


           THETA
              SOFAS_B       SOFAS_12      SOFAS_24
              ________      ________      ________
 SOFAS_B       79.833
 SOFAS_12       0.000       143.648
 SOFAS_24       0.000         0.000       164.325


           ALPHA
              I             S             Q
              ________      ________      ________
               39.887         2.474        -0.063


           BETA
              I             S             Q
              ________      ________      ________
 I              0.000         0.000         0.000
 S              0.000         0.000         0.000
 Q              0.000         0.000         0.000


           PSI
              I             S             Q
              ________      ________      ________
 I              0.000
 S              0.000         0.000
 Q              0.000         0.000         0.000


     STARTING VALUES FOR LATENT CLASS REGRESSION MODEL PART


           ALPHA(C)
              C#1           C#2           C#3           C#4           C#5
              ________      ________      ________      ________      ________
                0.000         0.000         0.000         0.000         0.000


           ALPHA(C)
              C#6
              ________
                0.000


TECHNICAL 11 OUTPUT

     Random Starts Specifications for the k-1 Class Analysis Model
        Number of initial stage random starts                 250
        Number of final stage optimizations                    62



     VUONG-LO-MENDELL-RUBIN LIKELIHOOD RATIO TEST FOR 5 (H0) VERSUS 6 CLASSES

          H0 Loglikelihood Value                        -3578.374
          2 Times the Loglikelihood Difference             12.959
          Difference in the Number of Parameters                4
          Mean                                             10.249
          Standard Deviation                               17.028
          P-Value                                          0.3695

     LO-MENDELL-RUBIN ADJUSTED LRT TEST

          Value                                            12.427
          P-Value                                          0.3840


SAMPLE STATISTICS FOR ESTIMATED FACTOR SCORES


     SAMPLE STATISTICS


           Means
              I             S             Q             C_I           C_S
              ________      ________      ________      ________      ________
               40.879         2.537        -0.066        40.817         2.514


           Means
              C_Q
              ________
               -0.064


           Covariances
              I             S             Q             C_I           C_S
              ________      ________      ________      ________      ________
 I             55.252
 S              0.995         1.594
 Q             -0.090        -0.046         0.002
 C_I           60.529         0.657        -0.086        72.693
 C_S            1.082         1.863        -0.054         0.140         2.506
 C_Q           -0.108        -0.053         0.002        -0.089        -0.075


           Covariances
              C_Q
              ________
 C_Q            0.003


           Correlations
              I             S             Q             C_I           C_S
              ________      ________      ________      ________      ________
 I              1.000
 S              0.106         1.000
 Q             -0.305        -0.916         1.000
 C_I            0.955         0.061        -0.254         1.000
 C_S            0.092         0.932        -0.863         0.010         1.000
 C_Q           -0.275        -0.800         0.890        -0.198        -0.902


           Correlations
              C_Q
              ________
 C_Q            1.000


PLOT INFORMATION

The following plots are available:

  Histograms (sample values, estimated factor scores, estimated values, residuals)
  Scatterplots (sample values, estimated factor scores, estimated values, residuals)
  Sample means
  Estimated means, medians, modes, and percentiles
  Sample and estimated means
  Latent variable distribution plots
  Observed individual values
  Estimated individual values
  Estimated means and observed individual values
  Estimated means and estimated individual values
  Estimated overall and class-specific distributions

SAVEDATA INFORMATION


  Save file
    K6_S500_res.dat

  Order and format of variables

    SOFAS_B        F10.3
    SOFAS_12       F10.3
    SOFAS_24       F10.3
    I              F10.3
    S              F10.3
    Q              F10.3
    C_I            F10.3
    C_S            F10.3
    C_Q            F10.3
    CPROB1         F10.3
    CPROB2         F10.3
    CPROB3         F10.3
    CPROB4         F10.3
    CPROB5         F10.3
    CPROB6         F10.3
    C              F10.3
    PIN            I4

  Save file format
    16F10.3 I4

  Save file record length    10000

  Save missing symbol        *


     Beginning Time:  13:21:51
        Ending Time:  13:21:57
       Elapsed Time:  00:00:06



MUTHEN & MUTHEN
3463 Stoner Ave.
Los Angeles, CA  90066

Tel: (310) 391-9971
Fax: (310) 391-8971
Web: www.StatModel.com
Support: Support@StatModel.com

Copyright (c) 1998-2021 Muthen & Muthen
