Mplus VERSION 8.6 (Mac)
MUTHEN & MUTHEN
02/12/2024  11:38 AM

INPUT INSTRUCTIONS

  TITLE:
  LCGA1_P2_K2_S1000

  DATA:
  FILE = "/Users/olivierpercie/Desktop/LGM/SOFAS/460/Results/LCGA1/P=2/K=2/K2_S1000.dat";

  VARIABLE:
  NAMES = pin SOFAS_0 SOFAS_12 SOFAS_24;
   MISSING=.;
   USEVAR = SOFAS_0 SOFAS_12 SOFAS_24;
  IDVAR = pin;
  CLASSES = c(2);

  ANALYSIS:
  TYPE = MIXTURE;
  STARTS = 1000 250;
  K-1STARTS = 500 125;
  PROCESSORS = 8;

  MODEL:
  %OVERALL%
  i s q |
  SOFAS_0@0 SOFAS_12@12 SOFAS_24@24;
  i-q@0;
  %c#1%
  [i s q];
  SOFAS_0-SOFAS_24 (1);
  %c#2%
  [i s q];
  SOFAS_0-SOFAS_24 (2);

  OUTPUT:
  SAMPSTAT STANDARDIZED;
  TECH1;
  TECH11;

  SAVEDATA:
  FILE = K2_S1000_res.dat;
  SAVE = CPROBABILITIES FSCORES;

  PLOT:
  TYPE = plot3;
  SERIES = SOFAS_0 (s) SOFAS_12 (s) SOFAS_24 (s);




*** WARNING in MODEL command
  All continuous latent variable covariances involving I have been fixed to 0
  because the variance of I is fixed at 0.
*** WARNING in MODEL command
  All continuous latent variable covariances involving S have been fixed to 0
  because the variance of S is fixed at 0.
   2 WARNING(S) FOUND IN THE INPUT INSTRUCTIONS




LCGA1_P2_K2_S1000

SUMMARY OF ANALYSIS

Number of groups                                                 1
Number of observations                                         460

Number of dependent variables                                    3
Number of independent variables                                  0
Number of continuous latent variables                            3
Number of categorical latent variables                           1

Observed dependent variables

  Continuous
   SOFAS_0     SOFAS_12    SOFAS_24

Continuous latent variables
   I           S           Q

Categorical latent variables
   C

Variables with special functions

  ID variable           PIN

Estimator                                                      MLR
Information matrix                                        OBSERVED
Optimization Specifications for the Quasi-Newton Algorithm for
Continuous Outcomes
  Maximum number of iterations                                 100
  Convergence criterion                                  0.100D-05
Optimization Specifications for the EM Algorithm
  Maximum number of iterations                                 500
  Convergence criteria
    Loglikelihood change                                 0.100D-06
    Relative loglikelihood change                        0.100D-06
    Derivative                                           0.100D-05
Optimization Specifications for the M step of the EM Algorithm for
Categorical Latent variables
  Number of M step iterations                                    1
  M step convergence criterion                           0.100D-05
  Basis for M step termination                           ITERATION
Optimization Specifications for the M step of the EM Algorithm for
Censored, Binary or Ordered Categorical (Ordinal), Unordered
Categorical (Nominal) and Count Outcomes
  Number of M step iterations                                    1
  M step convergence criterion                           0.100D-05
  Basis for M step termination                           ITERATION
  Maximum value for logit thresholds                            15
  Minimum value for logit thresholds                           -15
  Minimum expected cell size for chi-square              0.100D-01
Maximum number of iterations for H1                           2000
Convergence criterion for H1                             0.100D-03
Optimization algorithm                                         EMA
Random Starts Specifications
  Number of initial stage random starts                       1000
  Number of final stage optimizations                          250
  Number of initial stage iterations                            10
  Initial stage convergence criterion                    0.100D+01
  Random starts scale                                    0.500D+01
  Random seed for generating random starts                       0

Input data file(s)
  /Users/olivierpercie/Desktop/LGM/SOFAS/460/Results/LCGA1/P=2/K=2/K2_S1000.dat
Input data format  FREE


SUMMARY OF DATA

     Number of missing data patterns             4
     Number of y missing data patterns           4
     Number of u missing data patterns           0


COVARIANCE COVERAGE OF DATA

Minimum covariance coverage value   0.100


     PROPORTION OF DATA PRESENT FOR Y


           Covariance Coverage
              SOFAS_0       SOFAS_12      SOFAS_24
              ________      ________      ________
 SOFAS_0        0.972
 SOFAS_12       0.889         0.917
 SOFAS_24       0.602         0.548         0.630


SAMPLE STATISTICS


     ESTIMATED SAMPLE STATISTICS


           Means
              SOFAS_0       SOFAS_12      SOFAS_24
              ________      ________      ________
               40.083        61.234        64.437


           Covariances
              SOFAS_0       SOFAS_12      SOFAS_24
              ________      ________      ________
 SOFAS_0      160.362
 SOFAS_12      60.346       294.342
 SOFAS_24      49.403       177.204       325.939


           Correlations
              SOFAS_0       SOFAS_12      SOFAS_24
              ________      ________      ________
 SOFAS_0        1.000
 SOFAS_12       0.278         1.000
 SOFAS_24       0.216         0.572         1.000


     MAXIMUM LOG-LIKELIHOOD VALUE FOR THE UNRESTRICTED (H1) MODEL IS -4749.989


UNIVARIATE SAMPLE STATISTICS


     UNIVARIATE HIGHER-ORDER MOMENT DESCRIPTIVE STATISTICS

         Variable/         Mean/     Skewness/   Minimum/ % with                Percentiles
        Sample Size      Variance    Kurtosis    Maximum  Min/Max      20%/60%    40%/80%    Median

     SOFAS_0              40.083       0.647      15.000    0.22%      30.000     35.000     40.000
             447.000     160.358       0.033      85.000    0.22%      40.000     51.000
     SOFAS_12             61.251      -0.176      20.000    0.24%      45.000     55.000     61.000
             422.000     293.643      -0.837      95.000    0.24%      68.000     80.000
     SOFAS_24             63.862      -0.297       5.000    0.34%      50.000     60.000     65.000
             290.000     330.636      -0.632     100.000    0.69%      70.000     80.000

RANDOM STARTS RESULTS RANKED FROM THE BEST TO THE WORST LOGLIKELIHOOD VALUES


4 perturbed starting value run(s) did not converge or were rejected in the third stage.
Final stage loglikelihood values at local maxima, seeds, and initial stage start numbers:

           -4738.830  140849           515
           -4738.830  848331           137
           -4738.830  900268           327
           -4738.830  921023           782
           -4738.830  772131           407
           -4738.830  72662            729
           -4738.830  876056           1000
           -4738.830  942848           852
           -4738.830  992389           77
           -4738.830  195873           6
           -4738.830  440841           118
           -4738.830  987090           70
           -4738.830  464179           106
           -4738.830  76974            16
           -4738.830  399671           13
           -4738.830  587946           120
           -4738.830  364676           27
           -4738.830  432148           30
           -4738.830  783110           72
           -4738.830  471398           74
           -4738.830  436460           89
           -4738.830  292884           103
           -4738.830  794236           127
           -4738.830  945065           255
           -4738.830  689529           516
           -4738.830  79212            517
           -4738.830  161421           519
           -4738.830  126371           526
           -4738.830  830292           527
           -4738.830  78862            529
           -4738.830  313407           132
           -4738.830  371737           532
           -4738.830  347222           533
           -4738.830  321390           133
           -4738.830  413564           535
           -4738.830  291149           536
           -4738.830  926283           269
           -4738.830  231281           542
           -4738.830  809240           543
           -4738.830  15715            274
           -4738.830  903633           553
           -4738.830  545140           278
           -4738.830  574942           558
           -4738.830  576726           280
           -4738.830  282464           283
           -4738.830  831410           567
           -4738.830  22089            143
           -4738.830  824126           287
           -4738.830  566739           575
           -4738.830  220454           288
           -4738.830  856536           144
           -4738.830  534483           290
           -4738.830  788796           145
           -4738.830  92564            583
           -4738.830  163110           584
           -4738.830  369602           146
           -4738.830  641794           591
           -4738.830  17896            592
           -4738.830  685268           596
           -4738.830  84013            598
           -4738.830  284384           600
           -4738.830  562716           300
           -4738.830  118438           601
           -4738.830  588923           606
           -4738.830  81117            305
           -4738.830  507218           613
           -4738.830  534864           307
           -4738.830  805935           615
           -4738.830  150531           154
           -4738.830  996231           310
           -4738.830  851945           18
           -4738.830  478421           311
           -4738.830  810705           626
           -4738.830  521575           313
           -4738.830  999211           628
           -4738.830  377584           630
           -4738.830  857799           315
           -4738.830  97300            640
           -4738.830  865906           641
           -4738.830  821011           161
           -4738.830  876943           650
           -4738.830  514326           325
           -4738.830  217744           326
           -4738.830  484501           163
           -4738.830  215353           164
           -4738.830  263268           165
           -4738.830  307843           664
           -4738.830  418686           338
           -4738.830  838615           677
           -4738.830  82357            339
           -4738.830  574412           679
           -4738.830  677720           681
           -4738.830  404426           344
           -4738.830  686384           690
           -4738.830  950604           172
           -4738.830  917702           693
           -4738.830  860772           174
           -4738.830  625191           350
           -4738.830  531546           702
           -4738.830  117391           710
           -4738.830  46502            714
           -4738.830  853781           716
           -4738.830  195763           358
           -4738.830  415931           10
           -4738.830  476498           179
           -4738.830  502495           724
           -4738.830  647617           725
           -4738.830  177936           726
           -4738.830  801717           364
           -4738.830  42523            730
           -4738.830  991329           182
           -4738.830  478341           731
           -4738.830  682718           733
           -4738.830  485256           371
           -4738.830  836066           372
           -4738.830  241197           747
           -4738.830  793035           187
           -4738.830  308582           752
           -4738.830  496703           758
           -4738.830  458181           189
           -4738.830  210870           383
           -4738.830  721392           768
           -4738.830  638577           769
           -4738.830  425149           878
           -4738.830  496881           192
           -4738.830  85114            385
           -4738.830  507154           387
           -4738.830  312587           775
           -4738.830  820977           776
           -4738.830  595619           779
           -4738.830  14262            781
           -4738.830  138695           783
           -4738.830  958107           790
           -4738.830  501995           791
           -4738.830  710445           792
           -4738.830  251680           794
           -4738.830  137377           397
           -4738.830  502157           799
           -4738.830  7886             804
           -4738.830  36714            201
           -4738.830  605565           404
           -4738.830  200041           810
           -4738.830  168888           817
           -4738.830  467561           819
           -4738.830  300697           820
           -4738.830  85734            411
           -4738.830  275475           413
           -4738.830  49910            829
           -4738.830  85462            51
           -4738.830  760599           832
           -4738.830  298275           418
           -4738.830  427006           839
           -4738.830  749635           420
           -4738.830  339073           841
           -4738.830  835767           210
           -4738.830  473343           844
           -4738.830  76451            211
           -4738.830  296162           856
           -4738.830  65651            214
           -4738.830  238906           430
           -4738.830  259507           53
           -4738.830  496762           870
           -4738.830  802644           874
           -4738.830  317640           437
           -4738.830  779820           877
           -4738.830  631413           439
           -4738.830  622290           880
           -4738.830  193569           440
           -4738.830  399848           220
           -4738.830  94610            884
           -4738.830  857122           889
           -4738.830  737601           891
           -4738.830  89970            223
           -4738.830  424223           900
           -4738.830  137888           901
           -4738.830  695453           902
           -4738.830  298201           903
           -4738.830  81951            907
           -4738.830  979450           913
           -4738.830  816435           914
           -4738.830  535303           923
           -4738.830  576220           115
           -4738.830  208797           931
           -4738.830  568405           233
           -4738.830  448829           938
           -4738.830  288738           940
           -4738.830  963967           941
           -4738.830  431271           943
           -4738.830  988761           475
           -4738.830  843555           952
           -4738.830  889774           954
           -4738.830  96617            955
           -4738.830  823392           479
           -4738.830  47719            962
           -4738.830  59674            240
           -4738.830  863691           481
           -4738.830  787985           482
           -4738.830  968846           970
           -4738.830  425982           485
           -4738.830  40327            971
           -4738.830  608460           244
           -4738.830  618760           489
           -4738.830  652266           490
           -4738.830  972430           491
           -4738.830  435506           988
           -4738.830  860102           495
           -4738.830  490123           995
           -4738.830  485483           498
           -4738.830  455410           999
           -4738.830  471438           252
           -4738.830  155622           507
           -4738.830  49221            254
           -4738.830  152496           123
           -4738.830  592219           119
           -4738.830  268896           124
           -4738.830  533738           11
           -4738.830  960438           116
           -4738.830  247224           94
           -4738.830  782200           84
           -4738.830  535804           111
           -4738.830  443917           60
           -4738.830  402224           91
           -4738.830  153942           31
           -4738.830  603842           61
           -4738.830  529455           268
           -4738.830  760531           550
           -4738.830  863094           147
           -4738.830  264901           634
           -4738.830  602032           648
           -4738.830  724519           333
           -4738.830  179022           687
           -4738.830  534193           689
           -4738.830  878749           728
           -4738.830  220492           743
           -4738.830  549244           756
           -4738.830  496710           386
           -4738.830  570782           193
           -4738.830  79945            395
           -4738.830  918558           412
           -4738.830  57226            208
           -4738.830  802682           419
           -4738.830  853195           431
           -4738.830  302046           863
           -4738.830  96941            890
           -4738.830  508482           446
           -4738.830  850112           922
           -4738.830  898745           466
           -4828.929  314084           81

2 perturbed starting value run(s) did not converge or were rejected in the third stage.



THE BEST LOGLIKELIHOOD VALUE HAS BEEN REPLICATED.  RERUN WITH AT LEAST TWICE THE
RANDOM STARTS TO CHECK THAT THE BEST LOGLIKELIHOOD IS STILL OBTAINED AND REPLICATED.


THE MODEL ESTIMATION TERMINATED NORMALLY



MODEL FIT INFORMATION

Number of Free Parameters                        9

Loglikelihood

          H0 Value                       -4738.830
          H0 Scaling Correction Factor      1.1355
            for MLR

Information Criteria

          Akaike (AIC)                    9495.659
          Bayesian (BIC)                  9532.840
          Sample-Size Adjusted BIC        9504.277
            (n* = (n + 2) / 24)



FINAL CLASS COUNTS AND PROPORTIONS FOR THE LATENT CLASSES
BASED ON THE ESTIMATED MODEL

    Latent
   Classes

       1        194.30966          0.42241
       2        265.69034          0.57759


FINAL CLASS COUNTS AND PROPORTIONS FOR THE LATENT CLASSES
BASED ON ESTIMATED POSTERIOR PROBABILITIES

    Latent
   Classes

       1        194.30966          0.42241
       2        265.69034          0.57759


FINAL CLASS COUNTS AND PROPORTIONS FOR THE LATENT CLASSES
BASED ON THEIR MOST LIKELY LATENT CLASS MEMBERSHIP

Class Counts and Proportions

    Latent
   Classes

       1              190          0.41304
       2              270          0.58696


CLASSIFICATION QUALITY

     Entropy                         0.668


Average Latent Class Probabilities for Most Likely Latent Class Membership (Row)
by Latent Class (Column)

           1        2

    1   0.890    0.110
    2   0.093    0.907


Classification Probabilities for the Most Likely Latent Class Membership (Column)
by Latent Class (Row)

           1        2

    1   0.871    0.129
    2   0.078    0.922


Logits for the Classification Probabilities for the Most Likely Latent Class Membership (Column)
by Latent Class (Row)

              1        2

    1      1.908    0.000
    2     -2.465    0.000


MODEL RESULTS

                                                    Two-Tailed
                    Estimate       S.E.  Est./S.E.    P-Value

Latent Class 1

 I        |
    SOFAS_0            1.000      0.000    999.000    999.000
    SOFAS_12           1.000      0.000    999.000    999.000
    SOFAS_24           1.000      0.000    999.000    999.000

 S        |
    SOFAS_0            0.000      0.000    999.000    999.000
    SOFAS_12          12.000      0.000    999.000    999.000
    SOFAS_24          24.000      0.000    999.000    999.000

 Q        |
    SOFAS_0            0.000      0.000    999.000    999.000
    SOFAS_12         144.000      0.000    999.000    999.000
    SOFAS_24         576.000      0.000    999.000    999.000

 Means
    I                 35.322      1.036     34.093      0.000
    S                  1.364      0.229      5.964      0.000
    Q                 -0.033      0.009     -3.491      0.000

 Intercepts
    SOFAS_0            0.000      0.000    999.000    999.000
    SOFAS_12           0.000      0.000    999.000    999.000
    SOFAS_24           0.000      0.000    999.000    999.000

 Variances
    I                  0.000      0.000    999.000    999.000
    S                  0.000      0.000    999.000    999.000
    Q                  0.000      0.000    999.000    999.000

 Residual Variances
    SOFAS_0          137.251     17.670      7.767      0.000
    SOFAS_12         137.251     17.670      7.767      0.000
    SOFAS_24         137.251     17.670      7.767      0.000

Latent Class 2

 I        |
    SOFAS_0            1.000      0.000    999.000    999.000
    SOFAS_12           1.000      0.000    999.000    999.000
    SOFAS_24           1.000      0.000    999.000    999.000

 S        |
    SOFAS_0            0.000      0.000    999.000    999.000
    SOFAS_12          12.000      0.000    999.000    999.000
    SOFAS_24          24.000      0.000    999.000    999.000

 Q        |
    SOFAS_0            0.000      0.000    999.000    999.000
    SOFAS_12         144.000      0.000    999.000    999.000
    SOFAS_24         576.000      0.000    999.000    999.000

 Means
    I                 43.571      0.926     47.050      0.000
    S                  3.326      0.200     16.610      0.000
    Q                 -0.082      0.007    -11.496      0.000

 Intercepts
    SOFAS_0            0.000      0.000    999.000    999.000
    SOFAS_12           0.000      0.000    999.000    999.000
    SOFAS_24           0.000      0.000    999.000    999.000

 Variances
    I                  0.000      0.000    999.000    999.000
    S                  0.000      0.000    999.000    999.000
    Q                  0.000      0.000    999.000    999.000

 Residual Variances
    SOFAS_0          152.428     11.917     12.790      0.000
    SOFAS_12         152.428     11.917     12.790      0.000
    SOFAS_24         152.428     11.917     12.790      0.000

Categorical Latent Variables

 Means
    C#1               -0.313      0.220     -1.422      0.155


QUALITY OF NUMERICAL RESULTS

     Condition Number for the Information Matrix              0.460E-04
       (ratio of smallest to largest eigenvalue)


STANDARDIZED MODEL RESULTS


STDYX Standardization

                                                    Two-Tailed
                    Estimate       S.E.  Est./S.E.    P-Value

Latent Class 1

 I        |
    SOFAS_0          999.000    999.000    999.000    999.000
    SOFAS_12         999.000    999.000    999.000    999.000
    SOFAS_24         999.000    999.000    999.000    999.000

 S        |
    SOFAS_0          999.000    999.000    999.000    999.000
    SOFAS_12         999.000    999.000    999.000    999.000
    SOFAS_24         999.000    999.000    999.000    999.000

 Q        |
    SOFAS_0          999.000    999.000    999.000    999.000
    SOFAS_12         999.000    999.000    999.000    999.000
    SOFAS_24         999.000    999.000    999.000    999.000

 Means
    I                999.000    999.000    999.000    999.000
    S                999.000    999.000    999.000    999.000
    Q                999.000    999.000    999.000    999.000

 Intercepts
    SOFAS_0            0.000      0.000    999.000    999.000
    SOFAS_12           0.000      0.000    999.000    999.000
    SOFAS_24           0.000      0.000    999.000    999.000

 Variances
    I                999.000    999.000    999.000    999.000
    S                999.000    999.000    999.000    999.000
    Q                999.000    999.000    999.000    999.000

 Residual Variances
    SOFAS_0            1.000      0.000    999.000    999.000
    SOFAS_12           1.000      0.000    999.000    999.000
    SOFAS_24           1.000      0.000    999.000    999.000

Latent Class 2

 I        |
    SOFAS_0          999.000    999.000    999.000    999.000
    SOFAS_12         999.000    999.000    999.000    999.000
    SOFAS_24         999.000    999.000    999.000    999.000

 S        |
    SOFAS_0          999.000    999.000    999.000    999.000
    SOFAS_12         999.000    999.000    999.000    999.000
    SOFAS_24         999.000    999.000    999.000    999.000

 Q        |
    SOFAS_0          999.000    999.000    999.000    999.000
    SOFAS_12         999.000    999.000    999.000    999.000
    SOFAS_24         999.000    999.000    999.000    999.000

 Means
    I                999.000    999.000    999.000    999.000
    S                999.000    999.000    999.000    999.000
    Q                999.000    999.000    999.000    999.000

 Intercepts
    SOFAS_0            0.000      0.000    999.000    999.000
    SOFAS_12           0.000      0.000    999.000    999.000
    SOFAS_24           0.000      0.000    999.000    999.000

 Variances
    I                999.000    999.000    999.000    999.000
    S                999.000    999.000    999.000    999.000
    Q                999.000    999.000    999.000    999.000

 Residual Variances
    SOFAS_0            1.000      0.000    999.000    999.000
    SOFAS_12           1.000      0.000    999.000    999.000
    SOFAS_24           1.000      0.000    999.000    999.000


STDY Standardization

                                                    Two-Tailed
                    Estimate       S.E.  Est./S.E.    P-Value

Latent Class 1

 I        |
    SOFAS_0          999.000    999.000    999.000    999.000
    SOFAS_12         999.000    999.000    999.000    999.000
    SOFAS_24         999.000    999.000    999.000    999.000

 S        |
    SOFAS_0          999.000    999.000    999.000    999.000
    SOFAS_12         999.000    999.000    999.000    999.000
    SOFAS_24         999.000    999.000    999.000    999.000

 Q        |
    SOFAS_0          999.000    999.000    999.000    999.000
    SOFAS_12         999.000    999.000    999.000    999.000
    SOFAS_24         999.000    999.000    999.000    999.000

 Means
    I                999.000    999.000    999.000    999.000
    S                999.000    999.000    999.000    999.000
    Q                999.000    999.000    999.000    999.000

 Intercepts
    SOFAS_0            0.000      0.000    999.000    999.000
    SOFAS_12           0.000      0.000    999.000    999.000
    SOFAS_24           0.000      0.000    999.000    999.000

 Variances
    I                999.000    999.000    999.000    999.000
    S                999.000    999.000    999.000    999.000
    Q                999.000    999.000    999.000    999.000

 Residual Variances
    SOFAS_0            1.000      0.000    999.000    999.000
    SOFAS_12           1.000      0.000    999.000    999.000
    SOFAS_24           1.000      0.000    999.000    999.000

Latent Class 2

 I        |
    SOFAS_0          999.000    999.000    999.000    999.000
    SOFAS_12         999.000    999.000    999.000    999.000
    SOFAS_24         999.000    999.000    999.000    999.000

 S        |
    SOFAS_0          999.000    999.000    999.000    999.000
    SOFAS_12         999.000    999.000    999.000    999.000
    SOFAS_24         999.000    999.000    999.000    999.000

 Q        |
    SOFAS_0          999.000    999.000    999.000    999.000
    SOFAS_12         999.000    999.000    999.000    999.000
    SOFAS_24         999.000    999.000    999.000    999.000

 Means
    I                999.000    999.000    999.000    999.000
    S                999.000    999.000    999.000    999.000
    Q                999.000    999.000    999.000    999.000

 Intercepts
    SOFAS_0            0.000      0.000    999.000    999.000
    SOFAS_12           0.000      0.000    999.000    999.000
    SOFAS_24           0.000      0.000    999.000    999.000

 Variances
    I                999.000    999.000    999.000    999.000
    S                999.000    999.000    999.000    999.000
    Q                999.000    999.000    999.000    999.000

 Residual Variances
    SOFAS_0            1.000      0.000    999.000    999.000
    SOFAS_12           1.000      0.000    999.000    999.000
    SOFAS_24           1.000      0.000    999.000    999.000


STD Standardization

                                                    Two-Tailed
                    Estimate       S.E.  Est./S.E.    P-Value

Latent Class 1

 I        |
    SOFAS_0          999.000    999.000    999.000    999.000
    SOFAS_12         999.000    999.000    999.000    999.000
    SOFAS_24         999.000    999.000    999.000    999.000

 S        |
    SOFAS_0          999.000    999.000    999.000    999.000
    SOFAS_12         999.000    999.000    999.000    999.000
    SOFAS_24         999.000    999.000    999.000    999.000

 Q        |
    SOFAS_0          999.000    999.000    999.000    999.000
    SOFAS_12         999.000    999.000    999.000    999.000
    SOFAS_24         999.000    999.000    999.000    999.000

 Means
    I                999.000    999.000    999.000    999.000
    S                999.000    999.000    999.000    999.000
    Q                999.000    999.000    999.000    999.000

 Intercepts
    SOFAS_0            0.000      0.000    999.000    999.000
    SOFAS_12           0.000      0.000    999.000    999.000
    SOFAS_24           0.000      0.000    999.000    999.000

 Variances
    I                999.000    999.000    999.000    999.000
    S                999.000    999.000    999.000    999.000
    Q                999.000    999.000    999.000    999.000

 Residual Variances
    SOFAS_0          137.251     17.670      7.767      0.000
    SOFAS_12         137.251     17.670      7.767      0.000
    SOFAS_24         137.251     17.670      7.767      0.000

Latent Class 2

 I        |
    SOFAS_0          999.000    999.000    999.000    999.000
    SOFAS_12         999.000    999.000    999.000    999.000
    SOFAS_24         999.000    999.000    999.000    999.000

 S        |
    SOFAS_0          999.000    999.000    999.000    999.000
    SOFAS_12         999.000    999.000    999.000    999.000
    SOFAS_24         999.000    999.000    999.000    999.000

 Q        |
    SOFAS_0          999.000    999.000    999.000    999.000
    SOFAS_12         999.000    999.000    999.000    999.000
    SOFAS_24         999.000    999.000    999.000    999.000

 Means
    I                999.000    999.000    999.000    999.000
    S                999.000    999.000    999.000    999.000
    Q                999.000    999.000    999.000    999.000

 Intercepts
    SOFAS_0            0.000      0.000    999.000    999.000
    SOFAS_12           0.000      0.000    999.000    999.000
    SOFAS_24           0.000      0.000    999.000    999.000

 Variances
    I                999.000    999.000    999.000    999.000
    S                999.000    999.000    999.000    999.000
    Q                999.000    999.000    999.000    999.000

 Residual Variances
    SOFAS_0          152.428     11.917     12.790      0.000
    SOFAS_12         152.428     11.917     12.790      0.000
    SOFAS_24         152.428     11.917     12.790      0.000


R-SQUARE

Class 1

    Observed                                        Two-Tailed
    Variable        Estimate       S.E.  Est./S.E.    P-Value

    SOFAS_0            0.000      0.000    999.000    999.000
    SOFAS_12           0.000      0.000    999.000    999.000
    SOFAS_24           0.000      0.000    999.000    999.000

Class 2

    Observed                                        Two-Tailed
    Variable        Estimate       S.E.  Est./S.E.    P-Value

    SOFAS_0            0.000      0.000    999.000    999.000
    SOFAS_12           0.000      0.000    999.000    999.000
    SOFAS_24           0.000      0.000    999.000    999.000


TECHNICAL 1 OUTPUT


     PARAMETER SPECIFICATION FOR LATENT CLASS 1


           NU
              SOFAS_0       SOFAS_12      SOFAS_24
              ________      ________      ________
                    0             0             0


           LAMBDA
              I             S             Q
              ________      ________      ________
 SOFAS_0            0             0             0
 SOFAS_12           0             0             0
 SOFAS_24           0             0             0


           THETA
              SOFAS_0       SOFAS_12      SOFAS_24
              ________      ________      ________
 SOFAS_0            1
 SOFAS_12           0             1
 SOFAS_24           0             0             1


           ALPHA
              I             S             Q
              ________      ________      ________
                    2             3             4


           BETA
              I             S             Q
              ________      ________      ________
 I                  0             0             0
 S                  0             0             0
 Q                  0             0             0


           PSI
              I             S             Q
              ________      ________      ________
 I                  0
 S                  0             0
 Q                  0             0             0


     PARAMETER SPECIFICATION FOR LATENT CLASS 2


           NU
              SOFAS_0       SOFAS_12      SOFAS_24
              ________      ________      ________
                    0             0             0


           LAMBDA
              I             S             Q
              ________      ________      ________
 SOFAS_0            0             0             0
 SOFAS_12           0             0             0
 SOFAS_24           0             0             0


           THETA
              SOFAS_0       SOFAS_12      SOFAS_24
              ________      ________      ________
 SOFAS_0            5
 SOFAS_12           0             5
 SOFAS_24           0             0             5


           ALPHA
              I             S             Q
              ________      ________      ________
                    6             7             8


           BETA
              I             S             Q
              ________      ________      ________
 I                  0             0             0
 S                  0             0             0
 Q                  0             0             0


           PSI
              I             S             Q
              ________      ________      ________
 I                  0
 S                  0             0
 Q                  0             0             0


     PARAMETER SPECIFICATION FOR LATENT CLASS REGRESSION MODEL PART


           ALPHA(C)
              C#1           C#2
              ________      ________
                    9             0


     STARTING VALUES FOR LATENT CLASS 1


           NU
              SOFAS_0       SOFAS_12      SOFAS_24
              ________      ________      ________
                0.000         0.000         0.000


           LAMBDA
              I             S             Q
              ________      ________      ________
 SOFAS_0        1.000         0.000         0.000
 SOFAS_12       1.000        12.000       144.000
 SOFAS_24       1.000        24.000       576.000


           THETA
              SOFAS_0       SOFAS_12      SOFAS_24
              ________      ________      ________
 SOFAS_0       80.179
 SOFAS_12       0.000       146.822
 SOFAS_24       0.000         0.000       165.318


           ALPHA
              I             S             Q
              ________      ________      ________
               39.556         2.459        -0.061


           BETA
              I             S             Q
              ________      ________      ________
 I              0.000         0.000         0.000
 S              0.000         0.000         0.000
 Q              0.000         0.000         0.000


           PSI
              I             S             Q
              ________      ________      ________
 I              0.000
 S              0.000         0.000
 Q              0.000         0.000         0.000


     STARTING VALUES FOR LATENT CLASS 2


           NU
              SOFAS_0       SOFAS_12      SOFAS_24
              ________      ________      ________
                0.000         0.000         0.000


           LAMBDA
              I             S             Q
              ________      ________      ________
 SOFAS_0        1.000         0.000         0.000
 SOFAS_12       1.000        12.000       144.000
 SOFAS_24       1.000        24.000       576.000


           THETA
              SOFAS_0       SOFAS_12      SOFAS_24
              ________      ________      ________
 SOFAS_0       80.179
 SOFAS_12       0.000       146.822
 SOFAS_24       0.000         0.000       165.318


           ALPHA
              I             S             Q
              ________      ________      ________
               39.556         2.459        -0.061


           BETA
              I             S             Q
              ________      ________      ________
 I              0.000         0.000         0.000
 S              0.000         0.000         0.000
 Q              0.000         0.000         0.000


           PSI
              I             S             Q
              ________      ________      ________
 I              0.000
 S              0.000         0.000
 Q              0.000         0.000         0.000


     STARTING VALUES FOR LATENT CLASS REGRESSION MODEL PART


           ALPHA(C)
              C#1           C#2
              ________      ________
                0.000         0.000


TECHNICAL 11 OUTPUT

     Random Starts Specifications for the k-1 Class Analysis Model
        Number of initial stage random starts                 500
        Number of final stage optimizations                   125



     VUONG-LO-MENDELL-RUBIN LIKELIHOOD RATIO TEST FOR 1 (H0) VERSUS 2 CLASSES

          H0 Loglikelihood Value                        -4847.690
          2 Times the Loglikelihood Difference            217.720
          Difference in the Number of Parameters                5
          Mean                                              9.021
          Standard Deviation                                9.197
          P-Value                                          0.0000

     LO-MENDELL-RUBIN ADJUSTED LRT TEST

          Value                                           210.842
          P-Value                                          0.0000


SAMPLE STATISTICS FOR ESTIMATED FACTOR SCORES


     SAMPLE STATISTICS


           Means
              I             S             Q             C_I           C_S
              ________      ________      ________      ________      ________
               40.087         2.497        -0.061        40.164         2.515


           Means
              C_Q
              ________
               -0.062


           Covariances
              I             S             Q             C_I           C_S
              ________      ________      ________      ________      ________
 I             11.770
 S              2.799         0.666
 Q             -0.070        -0.017         0.000
 C_I           13.158         3.129        -0.079        16.500
 C_S            3.129         0.744        -0.019         3.924         0.933
 C_Q           -0.079        -0.019         0.000        -0.099        -0.023


           Covariances
              C_Q
              ________
 C_Q            0.001


           Correlations
              I             S             Q             C_I           C_S
              ________      ________      ________      ________      ________
 I              1.000
 S              1.000         1.000
 Q             -1.000        -1.000         1.000
 C_I            0.944         0.944        -0.944         1.000
 C_S            0.944         0.944        -0.944         1.000         1.000
 C_Q           -0.944        -0.944         0.944        -1.000        -1.000


           Correlations
              C_Q
              ________
 C_Q            1.000


PLOT INFORMATION

The following plots are available:

  Histograms (sample values, estimated factor scores, estimated values, residuals)
  Scatterplots (sample values, estimated factor scores, estimated values, residuals)
  Sample means
  Estimated means, medians, modes, and percentiles
  Sample and estimated means
  Latent variable distribution plots
  Observed individual values
  Estimated individual values
  Estimated means and observed individual values
  Estimated means and estimated individual values
  Estimated overall and class-specific distributions

SAVEDATA INFORMATION


  Save file
    K2_S1000_res.dat

  Order and format of variables

    SOFAS_0        F10.3
    SOFAS_12       F10.3
    SOFAS_24       F10.3
    I              F10.3
    S              F10.3
    Q              F10.3
    C_I            F10.3
    C_S            F10.3
    C_Q            F10.3
    CPROB1         F10.3
    CPROB2         F10.3
    C              F10.3
    PIN            I4

  Save file format
    12F10.3 I4

  Save file record length    10000

  Save missing symbol        *


     Beginning Time:  11:38:21
        Ending Time:  11:38:27
       Elapsed Time:  00:00:06



MUTHEN & MUTHEN
3463 Stoner Ave.
Los Angeles, CA  90066

Tel: (310) 391-9971
Fax: (310) 391-8971
Web: www.StatModel.com
Support: Support@StatModel.com

Copyright (c) 1998-2021 Muthen & Muthen
