Mplus VERSION 8.6 (Mac)
MUTHEN & MUTHEN
02/12/2024  12:59 PM

INPUT INSTRUCTIONS

  TITLE:
  GMM_CI_isq_CT
  DATA:
  FILE = "/Users/olivierpercie/Desktop/LGM/SOFAS/460/SOFAS/Results/GMM/CI/isq/GMM12.dat";

  VARIABLE:
  NAMES = pin SOFAS_0 SOFAS_12 SOFAS_24;
   MISSING=.;
   USEVAR = SOFAS_0 SOFAS_12 SOFAS_24;
  IDVAR = pin;
  CLASSES = c(2);
  ANALYSIS:
  TYPE = MIXTURE;
  STARTS = 4000 1000;
  K-1STARTS = 2000 500;
  DISTRIBUTION = NORMAL;
  PROCESSORS = 8;
  MODEL:
  %OVERALL%
  i s q | SOFAS_0@0 SOFAS_12@12 SOFAS_24@24;
  i s q;
  i WITH s q;
  s WITH q;
  SOFAS_0 SOFAS_12 SOFAS_24;
  %C#1%
  SOFAS_0 (1);
  SOFAS_12 (2);
  SOFAS_24 (3);
  %C#2%
  SOFAS_0 (4);
  SOFAS_12 (5);
  SOFAS_24 (6);
  OUTPUT:
  TECH7;
  TECH11;
  SAMPSTAT;
  STANDARDIZED;
  CINTERVAL;
  SAVEDATA:
  FILE = GMM_CI_isq_CT_est.dat;
  SAVE = CPROBABILITIES FSCORES;



INPUT READING TERMINATED NORMALLY




GMM_CI_isq_CT

SUMMARY OF ANALYSIS

Number of groups                                                 1
Number of observations                                         460

Number of dependent variables                                    3
Number of independent variables                                  0
Number of continuous latent variables                            3
Number of categorical latent variables                           1

Observed dependent variables

  Continuous
   SOFAS_0     SOFAS_12    SOFAS_24

Continuous latent variables
   I           S           Q

Categorical latent variables
   C

Variables with special functions

  ID variable           PIN

Estimator                                                      MLR
Information matrix                                        OBSERVED
Optimization Specifications for the Quasi-Newton Algorithm for
Continuous Outcomes
  Maximum number of iterations                                 100
  Convergence criterion                                  0.100D-05
Optimization Specifications for the EM Algorithm
  Maximum number of iterations                                 500
  Convergence criteria
    Loglikelihood change                                 0.100D-06
    Relative loglikelihood change                        0.100D-06
    Derivative                                           0.100D-05
Optimization Specifications for the M step of the EM Algorithm for
Categorical Latent variables
  Number of M step iterations                                    1
  M step convergence criterion                           0.100D-05
  Basis for M step termination                           ITERATION
Optimization Specifications for the M step of the EM Algorithm for
Censored, Binary or Ordered Categorical (Ordinal), Unordered
Categorical (Nominal) and Count Outcomes
  Number of M step iterations                                    1
  M step convergence criterion                           0.100D-05
  Basis for M step termination                           ITERATION
  Maximum value for logit thresholds                            15
  Minimum value for logit thresholds                           -15
  Minimum expected cell size for chi-square              0.100D-01
Maximum number of iterations for H1                           2000
Convergence criterion for H1                             0.100D-03
Optimization algorithm                                         EMA
Random Starts Specifications
  Number of initial stage random starts                       4000
  Number of final stage optimizations                         1000
  Number of initial stage iterations                            10
  Initial stage convergence criterion                    0.100D+01
  Random starts scale                                    0.500D+01
  Random seed for generating random starts                       0

Input data file(s)
  /Users/olivierpercie/Desktop/LGM/SOFAS/460/SOFAS/Results/GMM/CI/isq/GMM12.dat
Input data format  FREE


SUMMARY OF DATA

     Number of missing data patterns             4
     Number of y missing data patterns           4
     Number of u missing data patterns           0


COVARIANCE COVERAGE OF DATA

Minimum covariance coverage value   0.100


     PROPORTION OF DATA PRESENT FOR Y


           Covariance Coverage
              SOFAS_0       SOFAS_12      SOFAS_24
              ________      ________      ________
 SOFAS_0        0.972
 SOFAS_12       0.889         0.917
 SOFAS_24       0.602         0.548         0.630


SAMPLE STATISTICS


     ESTIMATED SAMPLE STATISTICS


           Means
              SOFAS_0       SOFAS_12      SOFAS_24
              ________      ________      ________
               40.083        61.234        64.437


           Covariances
              SOFAS_0       SOFAS_12      SOFAS_24
              ________      ________      ________
 SOFAS_0      160.362
 SOFAS_12      60.346       294.342
 SOFAS_24      49.403       177.204       325.939


           Correlations
              SOFAS_0       SOFAS_12      SOFAS_24
              ________      ________      ________
 SOFAS_0        1.000
 SOFAS_12       0.278         1.000
 SOFAS_24       0.216         0.572         1.000


     MAXIMUM LOG-LIKELIHOOD VALUE FOR THE UNRESTRICTED (H1) MODEL IS -4749.989


UNIVARIATE SAMPLE STATISTICS


     UNIVARIATE HIGHER-ORDER MOMENT DESCRIPTIVE STATISTICS

         Variable/         Mean/     Skewness/   Minimum/ % with                Percentiles
        Sample Size      Variance    Kurtosis    Maximum  Min/Max      20%/60%    40%/80%    Median

     SOFAS_0              40.083       0.647      15.000    0.22%      30.000     35.000     40.000
             447.000     160.358       0.033      85.000    0.22%      40.000     51.000
     SOFAS_12             61.251      -0.176      20.000    0.24%      45.000     55.000     61.000
             422.000     293.643      -0.837      95.000    0.24%      68.000     80.000
     SOFAS_24             63.862      -0.297       5.000    0.34%      50.000     60.000     65.000
             290.000     330.636      -0.632     100.000    0.69%      70.000     80.000

RANDOM STARTS RESULTS RANKED FROM THE BEST TO THE WORST LOGLIKELIHOOD VALUES


23 perturbed starting value run(s) did not converge or were rejected in the third stage.
Final stage loglikelihood values at local maxima, seeds, and initial stage start numbers:

           -4686.327  848890           95
           -4686.327  84233            2134
           -4719.075  904490           1930
           -4719.075  420298           1222
           -4719.075  143659           2516
           -4719.075  913007           3017
           -4719.075  200041           810
           -4719.075  181512           3866
           -4719.075  109920           1729
           -4719.075  190339           102
           -4719.075  902278           21
           -4719.075  284109           82
           -4719.075  195873           6
           -4719.075  486622           522
           -4719.075  908201           2317
           -4719.075  25531            2390
           -4719.075  979084           2837
           -4719.075  172133           1697
           -4719.075  384199           882
           -4719.075  420002           2011
           -4719.075  226322           478
           -4719.075  185071           370
           -4719.075  781349           1079
           -4719.075  269105           1809
           -4719.075  338766           1131
           -4719.075  161998           3357
           -4719.075  435058           3535
           -4719.075  151923           2983
           -4719.075  577058           2673
           -4719.763  291149           536
           -4719.763  410793           1134
           -4719.763  930654           1156
           -4719.763  398789           2336
           -4719.763  358083           2344
           -4719.763  781489           627
           -4719.763  540747           1394
           -4719.763  444307           2809
           -4719.763  157105           2817
           -4719.763  408234           2840
           -4719.763  220492           743
           -4719.763  88437            761
           -4719.763  745249           3082
           -4719.763  841121           3112
           -4719.763  272764           3230
           -4719.763  36369            3258
           -4719.763  568              3381
           -4719.763  672339           1693
           -4719.763  245878           3393
           -4719.763  177175           851
           -4719.763  96362            1801
           -4719.763  237971           1815
           -4719.763  735928           916
           -4719.763  808960           3713
           -4719.763  693975           3781
           -4719.763  928085           1946
           -4719.763  314551           3955
           -4719.763  352277           42
           -4719.763  777045           377
           -4719.763  188498           258
           -4719.763  193847           354
           -4719.763  137377           397
           -4719.763  629320           222
           -4719.763  416463           467
           -4719.763  354559           73
           -4719.763  790452           303
           -4719.763  311214           64
           -4719.763  879338           309
           -4719.763  992389           77
           -4719.763  813779           92
           -4719.763  637095           207
           -4719.763  566943           1023
           -4719.763  379729           512
           -4719.763  224785           2053
           -4719.763  62738            2074
           -4719.763  786248           2076
           -4719.763  311072           2082
           -4719.763  344109           1044
           -4719.763  601074           2119
           -4719.763  900817           1060
           -4719.763  135              2132
           -4719.763  570842           2137
           -4719.763  875431           2148
           -4719.763  572472           2159
           -4719.763  66309            2168
           -4719.763  897245           2179
           -4719.763  289148           1092
           -4719.763  896135           2189
           -4719.763  554395           2195
           -4719.763  397552           2213
           -4719.763  946393           2216
           -4719.763  480675           1112
           -4719.763  364449           2239
           -4719.763  685765           2244
           -4719.763  74049            2269
           -4719.763  831410           567
           -4719.763  415769           1149
           -4719.763  22089            143
           -4719.763  157351           579
           -4719.763  316694           2320
           -4719.763  420322           1165
           -4719.763  917570           1168
           -4719.763  62585            2342
           -4719.763  130011           587
           -4719.763  710833           1179
           -4719.763  465028           2361
           -4719.763  156147           1186
           -4719.763  342019           301
           -4719.763  298753           2438
           -4719.763  173582           2454
           -4719.763  781442           1230
           -4719.763  805935           615
           -4719.763  681992           2466
           -4719.763  56628            2485
           -4719.763  949451           2497
           -4719.763  764979           2540
           -4719.763  322790           636
           -4719.763  973404           2567
           -4719.763  241997           2573
           -4719.763  193990           1303
           -4719.763  216330           2607
           -4719.763  459221           652
           -4719.763  369684           1309
           -4719.763  617658           660
           -4719.763  850404           2667
           -4719.763  350191           2671
           -4719.763  969468           2674
           -4719.763  817593           2682
           -4719.763  338858           1342
           -4719.763  666720           671
           -4719.763  469571           2712
           -4719.763  931841           2724
           -4719.763  394609           1366
           -4719.763  341960           685
           -4719.763  806409           2747
           -4719.763  153920           2767
           -4719.763  896562           2773
           -4719.763  230121           1391
           -4719.763  321423           2787
           -4719.763  409612           2789
           -4719.763  493775           1402
           -4719.763  889772           2832
           -4719.763  570598           2839
           -4719.763  118183           2841
           -4719.763  413363           2884
           -4719.763  708042           1444
           -4719.763  560031           2908
           -4719.763  991258           2910
           -4719.763  374171           2920
           -4719.763  107362           2928
           -4719.763  519610           2937
           -4719.763  731411           2940
           -4719.763  120380           1470
           -4719.763  875667           367
           -4719.763  982520           737
           -4719.763  30019            1476
           -4719.763  334092           2974
           -4719.763  522936           2978
           -4719.763  889514           1505
           -4719.763  236640           3013
           -4719.763  838944           3018
           -4719.763  483602           3026
           -4719.763  127362           757
           -4719.763  202788           3043
           -4719.763  618385           3050
           -4719.763  673091           3053
           -4719.763  203637           3065
           -4719.763  547702           767
           -4719.763  586870           1538
           -4719.763  225561           3077
           -4719.763  654248           3109
           -4719.763  883576           3118
           -4719.763  335866           3121
           -4719.763  326944           3122
           -4719.763  711657           1564
           -4719.763  691615           1570
           -4719.763  541019           3145
           -4719.763  374756           3154
           -4719.763  937225           394
           -4719.763  886520           3171
           -4719.763  873388           3173
           -4719.763  251680           794
           -4719.763  14721            3180
           -4719.763  907810           795
           -4719.763  458784           3185
           -4719.763  815575           1593
           -4719.763  893715           3196
           -4719.763  71086            3199
           -4719.763  569777           3200
           -4719.763  871915           1602
           -4719.763  588056           3232
           -4719.763  619752           3244
           -4719.763  172699           1626
           -4719.763  328661           813
           -4719.763  287787           1630
           -4719.763  141203           1639
           -4719.763  777248           1669
           -4719.763  677999           3346
           -4719.763  57226            208
           -4719.763  422856           1676
           -4719.763  278885           3366
           -4719.763  209243           1694
           -4719.763  489524           3395
           -4719.763  942848           852
           -4719.763  700846           867
           -4719.763  182256           3481
           -4719.763  462662           872
           -4719.763  15160            3507
           -4719.763  375590           438
           -4719.763  779820           877
           -4719.763  100829           3522
           -4719.763  499347           881
           -4719.763  619846           3528
           -4719.763  826241           1779
           -4719.763  719490           1780
           -4719.763  86698            893
           -4719.763  491386           1787
           -4719.763  980970           894
           -4719.763  506113           895
           -4719.763  472001           1791
           -4719.763  614535           449
           -4719.763  298201           903
           -4719.763  574728           3619
           -4719.763  911142           3648
           -4719.763  727375           3649
           -4719.763  851553           3675
           -4719.763  398329           3677
           -4719.763  475953           3687
           -4719.763  860643           1844
           -4719.763  79156            3698
           -4719.763  138513           3703
           -4719.763  679448           937
           -4719.763  726744           939
           -4719.763  846562           3760
           -4719.763  652429           3766
           -4719.763  401377           1889
           -4719.763  657861           3779
           -4719.763  147165           3806
           -4719.763  383371           3818
           -4719.763  117116           1909
           -4719.763  28652            3828
           -4719.763  856347           1927
           -4719.763  371459           3863
           -4719.763  446548           3875
           -4719.763  238176           3876
           -4719.763  988290           1938
           -4719.763  476295           969
           -4719.763  3461             3879
           -4719.763  78364            3903
           -4719.763  215483           1952
           -4719.763  795831           1968
           -4719.763  12177            3942
           -4719.763  987560           985
           -4719.763  46908            3949
           -4719.763  477409           3957
           -4719.763  518896           3970
           -4719.763  595759           997
           -4719.763  768537           3994
           -4719.763  140442           500
           -4719.763  294669           501
           -4719.763  542577           1004
           -4719.763  707200           1005
           -4719.763  600082           1008
           -4719.763  273640           2028
           -4719.763  143337           2029
           -4719.763  92689            304
           -4719.763  857799           315
           -4719.763  669634           335
           -4719.763  207896           25
           -4719.763  971693           470
           -4719.763  432148           30
           -4719.763  153942           31
           -4719.763  644297           340
           -4719.763  830570           369
           -4719.763  79945            395
           -4719.763  762461           425
           -4719.763  879211           453
           -4719.763  170118           238
           -4719.763  273992           349
           -4719.763  871722           355
           -4719.763  923437           398
           -4719.763  85114            385
           -4719.763  259507           53
           -4719.763  749635           420
           -4719.763  175820           1040
           -4719.763  36579            2265
           -4719.763  401483           2287
           -4719.763  402699           604
           -4719.763  947822           2797
           -4719.763  317476           1427
           -4719.763  24384            2932
           -4719.763  93229            3047
           -4719.763  578694           1608
           -4719.763  138927           3289
           -4719.763  271809           846
           -4719.763  816796           1728
           -4719.763  670286           3582
           -4719.763  331259           1947
           -4719.763  943496           3930
           -4719.763  518472           2020
           -4719.763  668293           2023
           -4719.940  349898           3516
           -4719.940  141171           3553
           -4719.940  344904           1814
           -4719.940  662718           460
           -4719.940  975082           2079
           -4719.940  247912           537
           -4719.940  497690           2173
           -4719.940  321363           1095
           -4719.940  242406           1207
           -4719.940  7510             2482
           -4719.940  667455           2558
           -4719.940  552272           654
           -4719.940  36183            1349
           -4719.940  581601           2719
           -4719.940  722647           2722
           -4719.940  69098            2788
           -4719.940  602306           2856
           -4719.940  33404            2858
           -4719.940  419870           1442
           -4719.940  18366            1473
           -4719.940  352849           2962
           -4719.940  308582           752
           -4719.940  565930           3101
           -4719.940  546374           3138
           -4719.940  881058           3215
           -4719.940  22518            1680
           -4719.940  960582           1691
           -4719.940  342423           3409
           -4719.940  464179           106
           -4719.940  165382           1816
           -4719.940  498962           3653
           -4719.940  303742           3693
           -4719.940  746487           3711
           -4719.940  322593           1893
           -4719.940  270107           3831
           -4719.940  532095           2004
           -4719.940  637345           19
           -4719.940  303634           169
           -4719.940  804561           59
           -4719.940  910224           580
           -4719.940  33398            2399
           -4719.940  432950           1244
           -4719.940  411295           3515
           -4719.940  269529           1850
           -4719.940  480649           1900
           -4719.940  780626           1982
           -4721.514  25294            2192
           -4721.514  225539           1150
           -4721.514  300470           1153
           -4721.514  988970           2492
           -4721.514  782781           2587
           -4721.514  237332           661
           -4721.514  222177           2763
           -4721.514  92471            2958
           -4721.514  628628           3021
           -4721.514  567996           3049
           -4721.514  444660           3137
           -4721.514  540841           3564
           -4721.514  404870           2452
           -4721.514  435287           623
           -4721.514  651651           2656
           -4721.514  369331           2758
           -4721.514  524214           2775
           -4732.659  650354           577
           -4732.659  724519           333
           -4732.659  978781           497
           -4732.659  995875           547
           -4732.659  786218           2338
           -4732.659  234198           2548
           -4732.659  341365           2794
           -4732.659  795367           2990
           -4732.659  109946           771
           -4732.659  526742           1546
           -4732.659  823410           1578
           -4732.659  659367           3347
           -4732.659  576783           866
           -4732.659  96941            890
           -4732.659  426103           3577
           -4732.659  572695           3617
           -4732.659  712638           1827
           -4732.659  816435           914
           -4732.659  280104           1875
           -4732.659  538482           3755
           -4732.659  399380           436
           -4732.659  404426           344
           -4732.659  283492           435
           -4732.659  69413            472
           -4732.659  897581           1204
           -4732.659  939870           655
           -4732.659  493083           1370
           -4732.659  439009           2771
           -4732.659  994679           2830
           -4732.659  476338           1418
           -4732.659  606094           2866
           -4732.659  803816           2909
           -4732.659  869564           869
           -4732.659  250658           2850
           -4732.659  915107           54
           -4732.659  702449           3161
           -4732.659  843555           952
           -4732.659  483538           1897
           -4732.659  526244           3457
           -4732.659  217403           1028
           -4732.659  534256           1410
           -4732.659  4091             548
           -4738.075  249323           3587
           -4740.134  319349           3490
           -4745.127  860541           1191
           -4745.127  496762           870
           -4748.903  459547           2467
           -4748.903  583657           2537
           -4748.903  330254           2684
           -4748.903  743830           1368
           -4748.903  766582           2737
           -4748.903  722206           2085
           -4748.903  345974           622
           -4748.903  765372           1123
           -4748.903  536017           2977
           -4748.903  261759           1972
           -4748.903  645068           2713
           -4748.903  999211           628
           -4748.903  293963           3447
           -4748.903  757640           3549
           -4748.903  392751           480
           -4748.903  798839           312
           -4748.903  222513           1088
           -4748.903  718326           2918
           -4748.903  775996           1481
           -4748.903  323359           2469
           -4748.903  494663           1498
           -4748.903  954354           840
           -4748.903  2315             2397
           -4748.903  481060           2424
           -4748.903  262613           3916
           -4748.903  364335           2289
           -4748.903  129198           1928
           -4748.903  791396           243
           -4748.903  262022           1467
           -4748.903  541342           3201
           -4748.903  994934           2500
           -4748.903  604441           1026
           -4748.903  199639           1094
           -4748.903  367213           2313
           -4748.903  712916           2592
           -4748.903  277373           1374
           -4748.903  837243           2167
           -4748.903  216506           3124
           -4748.903  176439           3235
           -4748.903  619114           2697
           -4748.903  539883           3131
           -4748.903  369026           3255
           -4748.903  27733            2407
           -4748.903  448580           2845
           -4748.903  17730            1698
           -4748.903  321574           1185
           -4748.903  402225           2721
           -4748.903  106244           1535
           -4748.903  595190           1554
           -4748.903  510814           3219
           -4748.903  178369           2546
           -4748.903  456812           3246
           -4748.903  964570           701
           -4748.903  663031           1566
           -4748.903  69405            3638
           -4748.903  159216           1423
           -4748.903  705445           1117
           -4748.903  123102           1302
           -4748.903  284920           2791
           -4748.903  407520           2854
           -4748.903  925186           1332
           -4748.903  276392           2927
           -4748.903  605969           3639
           -4748.903  307652           3808
           -4748.903  62835            642
           -4748.903  932615           2665
           -4748.903  945711           1419
           -4748.903  630704           2295
           -4748.903  445689           1248
           -4748.903  689529           516
           -4748.903  848969           173
           -4748.903  699554           427
           -4748.903  185823           3369
           -4748.903  931192           2323
           -4748.903  702492           718
           -4748.903  708128           1722
           -4748.903  507885           2157
           -4748.903  570908           98
           -4748.903  133904           2816
           -4748.903  301682           3315
           -4748.903  145602           2578
           -4748.903  446528           3538
           -4748.903  608460           244
           -4748.903  739486           1699
           -4748.903  586561           1735
           -4749.989  938661           2227
           -4749.989  258142           2049
           -4749.989  946511           2068
           -4749.989  79212            517
           -4749.989  489927           520
           -4749.989  156309           2086
           -4749.989  527134           2091
           -4749.989  77758            2126
           -4749.989  732140           2131
           -4749.989  282955           1073
           -4749.989  861335           2170
           -4749.989  964201           2175
           -4749.989  160326           546
           -4749.989  777504           2190
           -4749.989  868155           2204
           -4749.989  279850           555
           -4749.989  60464            2254
           -4749.989  470991           2259
           -4749.989  848579           2263
           -4749.989  214260           2283
           -4749.989  345870           2285
           -4749.989  624575           2315
           -4749.989  817813           2324
           -4749.989  535336           2355
           -4749.989  112482           2373
           -4749.989  788325           2409
           -4749.989  460407           2435
           -4749.989  622873           1218
           -4749.989  941525           609
           -4749.989  237742           1219
           -4749.989  997423           2447
           -4749.989  395865           2451
           -4749.989  752476           614
           -4749.989  373815           618
           -4749.989  512296           2476
           -4749.989  881859           2495
           -4749.989  330591           2510
           -4749.989  802015           2527
           -4749.989  13571            2669
           -4749.989  558208           1403
           -4749.989  833196           715
           -4749.989  461866           722
           -4749.989  564572           2893
           -4749.989  647617           725
           -4749.989  851200           1479
           -4749.989  760850           739
           -4749.989  34900            3002
           -4749.989  357077           3007
           -4749.989  300741           3010
           -4749.989  828901           3019
           -4749.989  59296            1534
           -4749.989  452342           3073
           -4749.989  794426           3076
           -4749.989  721392           768
           -4749.989  45696            1543
           -4749.989  383636           3089
           -4749.989  831417           3095
           -4749.989  705989           3097
           -4749.989  911681           3100
           -4749.989  403287           1558
           -4749.989  133285           3126
           -4749.989  131202           1575
           -4749.989  716642           3151
           -4749.989  560717           3158
           -4749.989  203592           3162
           -4749.989  488814           3170
           -4749.989  638118           1588
           -4749.989  178341           1592
           -4749.989  303834           798
           -4749.989  191267           1599
           -4749.989  276397           3205
           -4749.989  167280           3238
           -4749.989  291884           1621
           -4749.989  738379           3247
           -4749.989  459673           3248
           -4749.989  754057           3252
           -4749.989  919335           3253
           -4749.989  64717            1631
           -4749.989  431630           3264
           -4749.989  467561           819
           -4749.989  752148           822
           -4749.989  933600           1661
           -4749.989  484224           1664
           -4749.989  758926           1682
           -4749.989  451258           848
           -4749.989  200591           3408
           -4749.989  638032           1706
           -4749.989  812064           3427
           -4749.989  952886           3428
           -4749.989  977507           1716
           -4749.989  212241           3466
           -4749.989  259148           1734
           -4749.989  433121           3473
           -4749.989  279027           3474
           -4749.989  777529           3477
           -4749.989  720663           3478
           -4749.989  87586            871
           -4749.989  294492           3513
           -4749.989  4730             1760
           -4749.989  110721           3526
           -4749.989  688999           3529
           -4749.989  795438           3539
           -4749.989  570510           3556
           -4749.989  382383           3589
           -4749.989  125727           899
           -4749.989  69526            3599
           -4749.989  80798            3616
           -4749.989  899876           1808
           -4749.989  966726           3618
           -4749.989  346749           3671
           -4749.989  7421             3682
           -4749.989  572342           1848
           -4749.989  972349           3700
           -4749.989  318596           3710
           -4749.989  268812           3736
           -4749.989  606769           1870
           -4749.989  239783           3743
           -4749.989  30166            1888
           -4749.989  260095           3780
           -4749.989  992610           3795
           -4749.989  839733           3798
           -4749.989  758647           951
           -4749.989  203018           3813
           -4749.989  513949           1910
           -4749.989  914368           3838
           -4749.989  155749           960
           -4749.989  680987           1926
           -4749.989  766178           1937
           -4749.989  713148           3878
           -4749.989  923601           3890
           -4749.989  891481           1948
           -4749.989  39176            3899
           -4749.989  656604           3909
           -4749.989  937068           982
           -4749.989  427363           1966
           -4749.989  572637           989
           -4749.989  988537           1980
           -4749.989  118958           994
           -4749.989  899942           1996
           -4749.989  429335           2021
           -4749.989  467339           66
           -4749.989  973369           202
           -4749.989  751054           117
           -4749.989  794236           127
           -4749.989  580405           286
           -4749.989  478421           311
           -4749.989  957392           79
           -4749.989  286735           175
           -4749.989  860102           495
           -4749.989  27071            15
           -4749.989  456213           160
           -4749.989  821011           161
           -4749.989  263268           165
           -4749.989  82357            339
           -4749.989  374219           353
           -4749.989  407168           44
           -4749.989  405079           68
           -4749.989  804660           260
           -4749.989  550871           1037
           -4749.989  704051           1083
           -4749.989  69133            1097
           -4749.989  607263           1121
           -4749.989  690314           1128
           -4749.989  611740           1251
           -4749.989  656945           1255
           -4749.989  293349           2520
           -4749.989  421051           1287
           -4749.989  733775           2617
           -4749.989  303216           2622
           -4749.989  675765           1323
           -4749.989  862221           2694
           -4749.989  57775            2725
           -4749.989  20194            2757
           -4749.989  944169           2786
           -4749.989  768503           2806
           -4749.989  769797           1429
           -4749.989  288571           2891
           -4749.989  902202           2911
           -4749.989  188490           1460
           -4749.989  907224           2950
           -4749.989  953003           1478
           -4749.989  285763           1486
           -4749.989  923803           1002

Unperturbed starting value run did not converge or was rejected in the third stage.

322 perturbed starting value run(s) did not converge or were rejected in the third stage.



THE BEST LOGLIKELIHOOD VALUE HAS BEEN REPLICATED.  RERUN WITH AT LEAST TWICE THE
RANDOM STARTS TO CHECK THAT THE BEST LOGLIKELIHOOD IS STILL OBTAINED AND REPLICATED.

     ONE OR MORE PARAMETERS WERE FIXED TO AVOID SINGULARITY OF THE
     INFORMATION MATRIX. THE SINGULARITY IS MOST LIKELY BECAUSE THE
     MODEL IS NOT IDENTIFIED, OR BECAUSE OF EMPTY CELLS IN THE JOINT
     DISTRIBUTION OF THE CATEGORICAL VARIABLES IN THE MODEL.
     THE FOLLOWING PARAMETERS WERE FIXED:
     Parameter 14, %C#2%: SOFAS_12
     Parameter 15, %C#2%: SOFAS_24
     Parameter 13, %C#2%: SOFAS_0


THE MODEL ESTIMATION TERMINATED NORMALLY

     WARNING:  THE RESIDUAL COVARIANCE MATRIX (THETA) IN CLASS 1 IS NOT
     POSITIVE DEFINITE.  THIS COULD INDICATE A NEGATIVE VARIANCE/RESIDUAL
     VARIANCE FOR AN OBSERVED VARIABLE, A CORRELATION GREATER OR EQUAL TO ONE
     BETWEEN TWO OBSERVED VARIABLES, OR A LINEAR DEPENDENCY AMONG MORE THAN TWO
     OBSERVED VARIABLES.  CHECK THE RESULTS SECTION FOR MORE INFORMATION.
     PROBLEM INVOLVING VARIABLE SOFAS_0.


     WARNING:  THE LATENT VARIABLE COVARIANCE MATRIX (PSI) IN CLASS 1
     IS NOT POSITIVE DEFINITE.  THIS COULD INDICATE A NEGATIVE VARIANCE/
     RESIDUAL VARIANCE FOR A LATENT VARIABLE, A CORRELATION GREATER OR EQUAL
     TO ONE BETWEEN TWO LATENT VARIABLES, OR A LINEAR DEPENDENCY AMONG MORE
     THAN TWO LATENT VARIABLES.  CHECK THE TECH4 OUTPUT FOR MORE INFORMATION.
     PROBLEM INVOLVING VARIABLE Q.


     WARNING:  THE LATENT VARIABLE COVARIANCE MATRIX (PSI) IN CLASS 2
     IS NOT POSITIVE DEFINITE.  THIS COULD INDICATE A NEGATIVE VARIANCE/
     RESIDUAL VARIANCE FOR A LATENT VARIABLE, A CORRELATION GREATER OR EQUAL
     TO ONE BETWEEN TWO LATENT VARIABLES, OR A LINEAR DEPENDENCY AMONG MORE
     THAN TWO LATENT VARIABLES.  CHECK THE TECH4 OUTPUT FOR MORE INFORMATION.
     PROBLEM INVOLVING VARIABLE Q.




MODEL FIT INFORMATION

Number of Free Parameters                       19

Loglikelihood

          H0 Value                       -4686.327
          H0 Scaling Correction Factor      0.7686
            for MLR

Information Criteria

          Akaike (AIC)                    9410.654
          Bayesian (BIC)                  9489.147
          Sample-Size Adjusted BIC        9428.847
            (n* = (n + 2) / 24)



FINAL CLASS COUNTS AND PROPORTIONS FOR THE LATENT CLASSES
BASED ON THE ESTIMATED MODEL

    Latent
   Classes

       1         77.31481          0.16808
       2        382.68519          0.83192


FINAL CLASS COUNTS AND PROPORTIONS FOR THE LATENT CLASSES
BASED ON ESTIMATED POSTERIOR PROBABILITIES

    Latent
   Classes

       1         77.31481          0.16808
       2        382.68519          0.83192


FINAL CLASS COUNTS AND PROPORTIONS FOR THE LATENT CLASSES
BASED ON THEIR MOST LIKELY LATENT CLASS MEMBERSHIP

Class Counts and Proportions

    Latent
   Classes

       1               90          0.19565
       2              370          0.80435


CLASSIFICATION QUALITY

     Entropy                         0.854


Average Latent Class Probabilities for Most Likely Latent Class Membership (Row)
by Latent Class (Column)

           1        2

    1   0.828    0.172
    2   0.008    0.992


Classification Probabilities for the Most Likely Latent Class Membership (Column)
by Latent Class (Row)

           1        2

    1   0.964    0.036
    2   0.040    0.960


Logits for the Classification Probabilities for the Most Likely Latent Class Membership (Column)
by Latent Class (Row)

              1        2

    1      3.279    0.000
    2     -3.166    0.000


MODEL RESULTS

                                                    Two-Tailed
                    Estimate       S.E.  Est./S.E.    P-Value

Latent Class 1

 I        |
    SOFAS_0            1.000      0.000    999.000    999.000
    SOFAS_12           1.000      0.000    999.000    999.000
    SOFAS_24           1.000      0.000    999.000    999.000

 S        |
    SOFAS_0            0.000      0.000    999.000    999.000
    SOFAS_12          12.000      0.000    999.000    999.000
    SOFAS_24          24.000      0.000    999.000    999.000

 Q        |
    SOFAS_0            0.000      0.000    999.000    999.000
    SOFAS_12         144.000      0.000    999.000    999.000
    SOFAS_24         576.000      0.000    999.000    999.000

 I        WITH
    S                 -5.986      1.510     -3.966      0.000
    Q                  0.171      0.042      4.029      0.000

 S        WITH
    Q                 -0.084      0.017     -4.862      0.000

 Means
    I                 30.429      0.065    465.223      0.000
    S                  2.902      0.359      8.077      0.000
    Q                 -0.065      0.015     -4.298      0.000

 Intercepts
    SOFAS_0            0.000      0.000    999.000    999.000
    SOFAS_12           0.000      0.000    999.000    999.000
    SOFAS_24           0.000      0.000    999.000    999.000

 Variances
    I                 49.403     11.931      4.141      0.000
    S                  3.221      0.435      7.410      0.000
    Q                  0.002      0.001      2.544      0.011

 Residual Variances
    SOFAS_0          -49.145     11.931     -4.119      0.000
    SOFAS_12         162.277     43.493      3.731      0.000
    SOFAS_24         193.602     55.156      3.510      0.000

Latent Class 2

 I        |
    SOFAS_0            1.000      0.000    999.000    999.000
    SOFAS_12           1.000      0.000    999.000    999.000
    SOFAS_24           1.000      0.000    999.000    999.000

 S        |
    SOFAS_0            0.000      0.000    999.000    999.000
    SOFAS_12          12.000      0.000    999.000    999.000
    SOFAS_24          24.000      0.000    999.000    999.000

 Q        |
    SOFAS_0            0.000      0.000    999.000    999.000
    SOFAS_12         144.000      0.000    999.000    999.000
    SOFAS_24         576.000      0.000    999.000    999.000

 I        WITH
    S                 -5.986      1.510     -3.966      0.000
    Q                  0.171      0.042      4.029      0.000

 S        WITH
    Q                 -0.084      0.017     -4.862      0.000

 Means
    I                 42.032      0.691     60.868      0.000
    S                  2.454      0.144     17.092      0.000
    Q                 -0.063      0.006    -10.827      0.000

 Intercepts
    SOFAS_0            0.000      0.000    999.000    999.000
    SOFAS_12           0.000      0.000    999.000    999.000
    SOFAS_24           0.000      0.000    999.000    999.000

 Variances
    I                 49.403     11.931      4.141      0.000
    S                  3.221      0.435      7.410      0.000
    Q                  0.002      0.001      2.544      0.011

 Residual Variances
    SOFAS_0          119.547      0.000    999.000    999.000
    SOFAS_12         111.468      0.000    999.000    999.000
    SOFAS_24         194.594      0.000    999.000    999.000

Categorical Latent Variables

 Means
    C#1               -1.599      0.145    -11.061      0.000


QUALITY OF NUMERICAL RESULTS

     Condition Number for the Information Matrix              0.142E-06
       (ratio of smallest to largest eigenvalue)


STANDARDIZED MODEL RESULTS


STDYX Standardization

                                                    Two-Tailed
                    Estimate       S.E.  Est./S.E.    P-Value

Latent Class 1

 I        |
    SOFAS_0           13.832      1.720      8.040      0.000
    SOFAS_12           0.386      0.053      7.331      0.000
    SOFAS_24           0.392      0.056      7.057      0.000

 S        |
    SOFAS_0            0.000      0.000    999.000    999.000
    SOFAS_12           1.184      0.110     10.776      0.000
    SOFAS_24           2.402      0.245      9.801      0.000

 Q        |
    SOFAS_0            0.000      0.000    999.000    999.000
    SOFAS_12           0.345      0.073      4.704      0.000
    SOFAS_24           1.400      0.310      4.516      0.000

 I        WITH
    S                 -0.475      0.056     -8.475      0.000
    Q                  0.558      0.113      4.928      0.000

 S        WITH
    Q                 -1.071      0.065    -16.418      0.000

 Means
    I                  4.329      0.523      8.281      0.000
    S                  1.617      0.225      7.184      0.000
    Q                 -1.501      0.458     -3.274      0.001

 Intercepts
    SOFAS_0            0.000      0.000    999.000    999.000
    SOFAS_12           0.000      0.000    999.000    999.000
    SOFAS_24           0.000      0.000    999.000    999.000

 Variances
    I                  1.000      0.000    999.000    999.000
    S                  1.000      0.000    999.000    999.000
    Q                  1.000      0.000    999.000    999.000

 Residual Variances
    SOFAS_0         -190.313    999.000    999.000    999.000
    SOFAS_12           0.490      0.078      6.295      0.000
    SOFAS_24           0.602      0.104      5.788      0.000

Latent Class 2

 I        |
    SOFAS_0            0.541      0.046     11.704      0.000
    SOFAS_12           0.420      0.052      8.050      0.000
    SOFAS_24           0.391      0.048      8.081      0.000

 S        |
    SOFAS_0            0.000      0.000    999.000    999.000
    SOFAS_12           1.287      0.062     20.888      0.000
    SOFAS_24           2.398      0.185     12.964      0.000

 Q        |
    SOFAS_0            0.000      0.000    999.000    999.000
    SOFAS_12           0.375      0.068      5.502      0.000
    SOFAS_24           1.397      0.275      5.089      0.000

 I        WITH
    S                 -0.475      0.056     -8.475      0.000
    Q                  0.558      0.113      4.928      0.000

 S        WITH
    Q                 -1.071      0.065    -16.418      0.000

 Means
    I                  5.980      0.702      8.513      0.000
    S                  1.367      0.133     10.251      0.000
    Q                 -1.444      0.320     -4.514      0.000

 Intercepts
    SOFAS_0            0.000      0.000    999.000    999.000
    SOFAS_12           0.000      0.000    999.000    999.000
    SOFAS_24           0.000      0.000    999.000    999.000

 Variances
    I                  1.000      0.000    999.000    999.000
    S                  1.000      0.000    999.000    999.000
    Q                  1.000      0.000    999.000    999.000

 Residual Variances
    SOFAS_0            0.708      0.050     14.160      0.000
    SOFAS_12           0.398      0.023     17.010      0.000
    SOFAS_24           0.603      0.049     12.423      0.000


STDY Standardization

                                                    Two-Tailed
                    Estimate       S.E.  Est./S.E.    P-Value

Latent Class 1

 I        |
    SOFAS_0           13.832      1.720      8.040      0.000
    SOFAS_12           0.386      0.053      7.331      0.000
    SOFAS_24           0.392      0.056      7.057      0.000

 S        |
    SOFAS_0            0.000      0.000    999.000    999.000
    SOFAS_12           1.184      0.110     10.776      0.000
    SOFAS_24           2.402      0.245      9.801      0.000

 Q        |
    SOFAS_0            0.000      0.000    999.000    999.000
    SOFAS_12           0.345      0.073      4.704      0.000
    SOFAS_24           1.400      0.310      4.516      0.000

 I        WITH
    S                 -0.475      0.056     -8.475      0.000
    Q                  0.558      0.113      4.928      0.000

 S        WITH
    Q                 -1.071      0.065    -16.418      0.000

 Means
    I                  4.329      0.523      8.281      0.000
    S                  1.617      0.225      7.184      0.000
    Q                 -1.501      0.458     -3.274      0.001

 Intercepts
    SOFAS_0            0.000      0.000    999.000    999.000
    SOFAS_12           0.000      0.000    999.000    999.000
    SOFAS_24           0.000      0.000    999.000    999.000

 Variances
    I                  1.000      0.000    999.000    999.000
    S                  1.000      0.000    999.000    999.000
    Q                  1.000      0.000    999.000    999.000

 Residual Variances
    SOFAS_0          999.000    999.000    999.000    999.000
    SOFAS_12           0.490      0.078      6.295      0.000
    SOFAS_24           0.602      0.104      5.788      0.000

Latent Class 2

 I        |
    SOFAS_0            0.541      0.046     11.704      0.000
    SOFAS_12           0.420      0.052      8.050      0.000
    SOFAS_24           0.391      0.048      8.081      0.000

 S        |
    SOFAS_0            0.000      0.000    999.000    999.000
    SOFAS_12           1.287      0.062     20.888      0.000
    SOFAS_24           2.398      0.185     12.964      0.000

 Q        |
    SOFAS_0            0.000      0.000    999.000    999.000
    SOFAS_12           0.375      0.068      5.502      0.000
    SOFAS_24           1.397      0.275      5.089      0.000

 I        WITH
    S                 -0.475      0.056     -8.475      0.000
    Q                  0.558      0.113      4.928      0.000

 S        WITH
    Q                 -1.071      0.065    -16.418      0.000

 Means
    I                  5.980      0.702      8.513      0.000
    S                  1.367      0.133     10.251      0.000
    Q                 -1.444      0.320     -4.514      0.000

 Intercepts
    SOFAS_0            0.000      0.000    999.000    999.000
    SOFAS_12           0.000      0.000    999.000    999.000
    SOFAS_24           0.000      0.000    999.000    999.000

 Variances
    I                  1.000      0.000    999.000    999.000
    S                  1.000      0.000    999.000    999.000
    Q                  1.000      0.000    999.000    999.000

 Residual Variances
    SOFAS_0            0.708      0.050     14.160      0.000
    SOFAS_12           0.398      0.023     17.010      0.000
    SOFAS_24           0.603      0.049     12.423      0.000


STD Standardization

                                                    Two-Tailed
                    Estimate       S.E.  Est./S.E.    P-Value

Latent Class 1

 I        |
    SOFAS_0            7.029      0.849      8.281      0.000
    SOFAS_12           7.029      0.849      8.281      0.000
    SOFAS_24           7.029      0.849      8.281      0.000

 S        |
    SOFAS_0            0.000      0.000    999.000    999.000
    SOFAS_12          21.536      1.453     14.819      0.000
    SOFAS_24          43.071      2.906     14.819      0.000

 Q        |
    SOFAS_0            0.000      0.000    999.000    999.000
    SOFAS_12           6.275      1.233      5.088      0.000
    SOFAS_24          25.098      4.933      5.088      0.000

 I        WITH
    S                 -0.475      0.056     -8.475      0.000
    Q                  0.558      0.113      4.928      0.000

 S        WITH
    Q                 -1.071      0.065    -16.418      0.000

 Means
    I                  4.329      0.523      8.281      0.000
    S                  1.617      0.225      7.184      0.000
    Q                 -1.501      0.458     -3.274      0.001

 Intercepts
    SOFAS_0            0.000      0.000    999.000    999.000
    SOFAS_12           0.000      0.000    999.000    999.000
    SOFAS_24           0.000      0.000    999.000    999.000

 Variances
    I                  1.000      0.000    999.000    999.000
    S                  1.000      0.000    999.000    999.000
    Q                  1.000      0.000    999.000    999.000

 Residual Variances
    SOFAS_0          -49.145    999.000    999.000    999.000
    SOFAS_12         162.277     43.493      3.731      0.000
    SOFAS_24         193.602     55.156      3.510      0.000

Latent Class 2

 I        |
    SOFAS_0            7.029      0.849      8.281      0.000
    SOFAS_12           7.029      0.849      8.281      0.000
    SOFAS_24           7.029      0.849      8.281      0.000

 S        |
    SOFAS_0            0.000      0.000    999.000    999.000
    SOFAS_12          21.536      1.453     14.819      0.000
    SOFAS_24          43.071      2.906     14.819      0.000

 Q        |
    SOFAS_0            0.000      0.000    999.000    999.000
    SOFAS_12           6.275      1.233      5.088      0.000
    SOFAS_24          25.098      4.933      5.088      0.000

 I        WITH
    S                 -0.475      0.056     -8.475      0.000
    Q                  0.558      0.113      4.928      0.000

 S        WITH
    Q                 -1.071      0.065    -16.418      0.000

 Means
    I                  5.980      0.702      8.513      0.000
    S                  1.367      0.133     10.251      0.000
    Q                 -1.444      0.320     -4.514      0.000

 Intercepts
    SOFAS_0            0.000      0.000    999.000    999.000
    SOFAS_12           0.000      0.000    999.000    999.000
    SOFAS_24           0.000      0.000    999.000    999.000

 Variances
    I                  1.000      0.000    999.000    999.000
    S                  1.000      0.000    999.000    999.000
    Q                  1.000      0.000    999.000    999.000

 Residual Variances
    SOFAS_0          119.547      0.000    999.000    999.000
    SOFAS_12         111.468      0.000    999.000    999.000
    SOFAS_24         194.594      0.000    999.000    999.000


R-SQUARE

Class 1

    Observed                                        Two-Tailed
    Variable        Estimate       S.E.  Est./S.E.    P-Value

    SOFAS_0         Undefined   0.19131E+03
    SOFAS_12           0.510      0.078      6.540      0.000
    SOFAS_24           0.398      0.104      3.826      0.000

Class 2

    Observed                                        Two-Tailed
    Variable        Estimate       S.E.  Est./S.E.    P-Value

    SOFAS_0            0.292      0.050      5.852      0.000
    SOFAS_12           0.602      0.023     25.729      0.000
    SOFAS_24           0.397      0.049      8.171      0.000


CONFIDENCE INTERVALS OF MODEL RESULTS

                  Lower .5%  Lower 2.5%    Lower 5%    Estimate    Upper 5%  Upper 2.5%   Upper .5%

Latent Class 1

 I        |
    SOFAS_0          1.000       1.000       1.000       1.000       1.000       1.000       1.000
    SOFAS_12         1.000       1.000       1.000       1.000       1.000       1.000       1.000
    SOFAS_24         1.000       1.000       1.000       1.000       1.000       1.000       1.000

 S        |
    SOFAS_0          0.000       0.000       0.000       0.000       0.000       0.000       0.000
    SOFAS_12        12.000      12.000      12.000      12.000      12.000      12.000      12.000
    SOFAS_24        24.000      24.000      24.000      24.000      24.000      24.000      24.000

 Q        |
    SOFAS_0          0.000       0.000       0.000       0.000       0.000       0.000       0.000
    SOFAS_12       144.000     144.000     144.000     144.000     144.000     144.000     144.000
    SOFAS_24       576.000     576.000     576.000     576.000     576.000     576.000     576.000

 I        WITH
    S               -9.875      -8.945      -8.470      -5.986      -3.503      -3.028      -2.098
    Q                0.062       0.088       0.101       0.171       0.241       0.254       0.280

 S        WITH
    Q               -0.128      -0.118      -0.112      -0.084      -0.055      -0.050      -0.039

 Means
    I               30.260      30.301      30.321      30.429      30.536      30.557      30.597
    S                1.977       2.198       2.311       2.902       3.493       3.606       3.828
    Q               -0.105      -0.095      -0.090      -0.065      -0.040      -0.036      -0.026

 Intercepts
    SOFAS_0          0.000       0.000       0.000       0.000       0.000       0.000       0.000
    SOFAS_12         0.000       0.000       0.000       0.000       0.000       0.000       0.000
    SOFAS_24         0.000       0.000       0.000       0.000       0.000       0.000       0.000

 Variances
    I               18.670      26.018      29.776      49.403      69.030      72.788      80.135
    S                2.101       2.369       2.506       3.221       3.936       4.073       4.340
    Q                0.000       0.000       0.001       0.002       0.003       0.003       0.004

 Residual Variances
    SOFAS_0        -79.878     -72.530     -68.772     -49.145     -29.517     -25.759     -18.412
    SOFAS_12        50.248      77.031      90.731     162.277     233.822     247.522     274.305
    SOFAS_24        51.532      85.497     102.871     193.602     284.333     301.707     335.672

Latent Class 2

 I        |
    SOFAS_0          1.000       1.000       1.000       1.000       1.000       1.000       1.000
    SOFAS_12         1.000       1.000       1.000       1.000       1.000       1.000       1.000
    SOFAS_24         1.000       1.000       1.000       1.000       1.000       1.000       1.000

 S        |
    SOFAS_0          0.000       0.000       0.000       0.000       0.000       0.000       0.000
    SOFAS_12        12.000      12.000      12.000      12.000      12.000      12.000      12.000
    SOFAS_24        24.000      24.000      24.000      24.000      24.000      24.000      24.000

 Q        |
    SOFAS_0          0.000       0.000       0.000       0.000       0.000       0.000       0.000
    SOFAS_12       144.000     144.000     144.000     144.000     144.000     144.000     144.000
    SOFAS_24       576.000     576.000     576.000     576.000     576.000     576.000     576.000

 I        WITH
    S               -9.875      -8.945      -8.470      -5.986      -3.503      -3.028      -2.098
    Q                0.062       0.088       0.101       0.171       0.241       0.254       0.280

 S        WITH
    Q               -0.128      -0.118      -0.112      -0.084      -0.055      -0.050      -0.039

 Means
    I               40.253      40.679      40.896      42.032      43.168      43.385      43.811
    S                2.084       2.172       2.217       2.454       2.690       2.735       2.823
    Q               -0.078      -0.074      -0.072      -0.063      -0.053      -0.052      -0.048

 Intercepts
    SOFAS_0          0.000       0.000       0.000       0.000       0.000       0.000       0.000
    SOFAS_12         0.000       0.000       0.000       0.000       0.000       0.000       0.000
    SOFAS_24         0.000       0.000       0.000       0.000       0.000       0.000       0.000

 Variances
    I               18.670      26.018      29.776      49.403      69.030      72.788      80.135
    S                2.101       2.369       2.506       3.221       3.936       4.073       4.340
    Q                0.000       0.000       0.001       0.002       0.003       0.003       0.004

 Residual Variances
    SOFAS_0        119.547     119.547     119.547     119.547     119.547     119.547     119.547
    SOFAS_12       111.468     111.468     111.468     111.468     111.468     111.468     111.468
    SOFAS_24       194.594     194.594     194.594     194.594     194.594     194.594     194.594

Categorical Latent Variables

 Means
    C#1             -1.972      -1.883      -1.837      -1.599      -1.361      -1.316      -1.227


CONFIDENCE INTERVALS OF STANDARDIZED MODEL RESULTS


STDYX Standardization

                  Lower .5%  Lower 2.5%    Lower 5%    Estimate    Upper 5%  Upper 2.5%   Upper .5%

Latent Class 1

 I        |
    SOFAS_0          9.400      10.460      11.002      13.832      16.662      17.204      18.263
    SOFAS_12         0.251       0.283       0.300       0.386       0.473       0.490       0.522
    SOFAS_24         0.249       0.283       0.301       0.392       0.483       0.501       0.535

 S        |
    SOFAS_0          0.000       0.000       0.000       0.000       0.000       0.000       0.000
    SOFAS_12         0.901       0.969       1.003       1.184       1.365       1.399       1.467
    SOFAS_24         1.771       1.921       1.999       2.402       2.805       2.882       3.033

 Q        |
    SOFAS_0          0.000       0.000       0.000       0.000       0.000       0.000       0.000
    SOFAS_12         0.156       0.201       0.224       0.345       0.466       0.489       0.534
    SOFAS_24         0.601       0.792       0.890       1.400       1.909       2.007       2.198

 I        WITH
    S               -0.619      -0.584      -0.567      -0.475      -0.382      -0.365      -0.330
    Q                0.266       0.336       0.372       0.558       0.744       0.780       0.850

 S        WITH
    Q               -1.239      -1.199      -1.179      -1.071      -0.964      -0.943      -0.903

 Means
    I                2.983       3.305       3.469       4.329       5.189       5.354       5.676
    S                1.037       1.176       1.247       1.617       1.987       2.058       2.197
    Q               -2.681      -2.399      -2.255      -1.501      -0.747      -0.602      -0.320

 Intercepts
    SOFAS_0          0.000       0.000       0.000       0.000       0.000       0.000       0.000
    SOFAS_12         0.000       0.000       0.000       0.000       0.000       0.000       0.000
    SOFAS_24         0.000       0.000       0.000       0.000       0.000       0.000       0.000

 Variances
    I                1.000       1.000       1.000       1.000       1.000       1.000       1.000
    S                1.000       1.000       1.000       1.000       1.000       1.000       1.000
    Q                1.000       1.000       1.000       1.000       1.000       1.000       1.000

 Residual Variances
    SOFAS_0        999.000     999.000     999.000    -190.313     999.000     999.000     999.000
    SOFAS_12         0.290       0.338       0.362       0.490       0.619       0.643       0.691
    SOFAS_24         0.334       0.398       0.431       0.602       0.773       0.806       0.870

Latent Class 2

 I        |
    SOFAS_0          0.422       0.450       0.465       0.541       0.617       0.631       0.660
    SOFAS_12         0.286       0.318       0.334       0.420       0.506       0.522       0.554
    SOFAS_24         0.267       0.296       0.312       0.391       0.471       0.486       0.516

 S        |
    SOFAS_0          0.000       0.000       0.000       0.000       0.000       0.000       0.000
    SOFAS_12         1.128       1.166       1.186       1.287       1.388       1.408       1.446
    SOFAS_24         1.922       2.036       2.094       2.398       2.702       2.761       2.875

 Q        |
    SOFAS_0          0.000       0.000       0.000       0.000       0.000       0.000       0.000
    SOFAS_12         0.199       0.241       0.263       0.375       0.487       0.508       0.550
    SOFAS_24         0.690       0.859       0.946       1.397       1.849       1.936       2.105

 I        WITH
    S               -0.619      -0.584      -0.567      -0.475      -0.382      -0.365      -0.330
    Q                0.266       0.336       0.372       0.558       0.744       0.780       0.850

 S        WITH
    Q               -1.239      -1.199      -1.179      -1.071      -0.964      -0.943      -0.903

 Means
    I                4.171       4.603       4.824       5.980       7.136       7.357       7.789
    S                1.024       1.106       1.148       1.367       1.587       1.629       1.711
    Q               -2.267      -2.070      -1.970      -1.444      -0.918      -0.817      -0.620

 Intercepts
    SOFAS_0          0.000       0.000       0.000       0.000       0.000       0.000       0.000
    SOFAS_12         0.000       0.000       0.000       0.000       0.000       0.000       0.000
    SOFAS_24         0.000       0.000       0.000       0.000       0.000       0.000       0.000

 Variances
    I                1.000       1.000       1.000       1.000       1.000       1.000       1.000
    S                1.000       1.000       1.000       1.000       1.000       1.000       1.000
    Q                1.000       1.000       1.000       1.000       1.000       1.000       1.000

 Residual Variances
    SOFAS_0          0.579       0.610       0.625       0.708       0.790       0.806       0.836
    SOFAS_12         0.338       0.352       0.360       0.398       0.436       0.444       0.458
    SOFAS_24         0.478       0.508       0.523       0.603       0.683       0.698       0.728


STDY Standardization

                  Lower .5%  Lower 2.5%    Lower 5%    Estimate    Upper 5%  Upper 2.5%   Upper .5%

Latent Class 1

 I        |
    SOFAS_0          9.400      10.460      11.002      13.832      16.662      17.204      18.263
    SOFAS_12         0.251       0.283       0.300       0.386       0.473       0.490       0.522
    SOFAS_24         0.249       0.283       0.301       0.392       0.483       0.501       0.535

 S        |
    SOFAS_0          0.000       0.000       0.000       0.000       0.000       0.000       0.000
    SOFAS_12         0.901       0.969       1.003       1.184       1.365       1.399       1.467
    SOFAS_24         1.771       1.921       1.999       2.402       2.805       2.882       3.033

 Q        |
    SOFAS_0          0.000       0.000       0.000       0.000       0.000       0.000       0.000
    SOFAS_12         0.156       0.201       0.224       0.345       0.466       0.489       0.534
    SOFAS_24         0.601       0.792       0.890       1.400       1.909       2.007       2.198

 I        WITH
    S               -0.619      -0.584      -0.567      -0.475      -0.382      -0.365      -0.330
    Q                0.266       0.336       0.372       0.558       0.744       0.780       0.850

 S        WITH
    Q               -1.239      -1.199      -1.179      -1.071      -0.964      -0.943      -0.903

 Means
    I                2.983       3.305       3.469       4.329       5.189       5.354       5.676
    S                1.037       1.176       1.247       1.617       1.987       2.058       2.197
    Q               -2.681      -2.399      -2.255      -1.501      -0.747      -0.602      -0.320

 Intercepts
    SOFAS_0          0.000       0.000       0.000       0.000       0.000       0.000       0.000
    SOFAS_12         0.000       0.000       0.000       0.000       0.000       0.000       0.000
    SOFAS_24         0.000       0.000       0.000       0.000       0.000       0.000       0.000

 Variances
    I                1.000       1.000       1.000       1.000       1.000       1.000       1.000
    S                1.000       1.000       1.000       1.000       1.000       1.000       1.000
    Q                1.000       1.000       1.000       1.000       1.000       1.000       1.000

 Residual Variances
    SOFAS_0        999.000     999.000     999.000     999.000     999.000     999.000     999.000
    SOFAS_12         0.290       0.338       0.362       0.490       0.619       0.643       0.691
    SOFAS_24         0.334       0.398       0.431       0.602       0.773       0.806       0.870

Latent Class 2

 I        |
    SOFAS_0          0.422       0.450       0.465       0.541       0.617       0.631       0.660
    SOFAS_12         0.286       0.318       0.334       0.420       0.506       0.522       0.554
    SOFAS_24         0.267       0.296       0.312       0.391       0.471       0.486       0.516

 S        |
    SOFAS_0          0.000       0.000       0.000       0.000       0.000       0.000       0.000
    SOFAS_12         1.128       1.166       1.186       1.287       1.388       1.408       1.446
    SOFAS_24         1.922       2.036       2.094       2.398       2.702       2.761       2.875

 Q        |
    SOFAS_0          0.000       0.000       0.000       0.000       0.000       0.000       0.000
    SOFAS_12         0.199       0.241       0.263       0.375       0.487       0.508       0.550
    SOFAS_24         0.690       0.859       0.946       1.397       1.849       1.936       2.105

 I        WITH
    S               -0.619      -0.584      -0.567      -0.475      -0.382      -0.365      -0.330
    Q                0.266       0.336       0.372       0.558       0.744       0.780       0.850

 S        WITH
    Q               -1.239      -1.199      -1.179      -1.071      -0.964      -0.943      -0.903

 Means
    I                4.171       4.603       4.824       5.980       7.136       7.357       7.789
    S                1.024       1.106       1.148       1.367       1.587       1.629       1.711
    Q               -2.267      -2.070      -1.970      -1.444      -0.918      -0.817      -0.620

 Intercepts
    SOFAS_0          0.000       0.000       0.000       0.000       0.000       0.000       0.000
    SOFAS_12         0.000       0.000       0.000       0.000       0.000       0.000       0.000
    SOFAS_24         0.000       0.000       0.000       0.000       0.000       0.000       0.000

 Variances
    I                1.000       1.000       1.000       1.000       1.000       1.000       1.000
    S                1.000       1.000       1.000       1.000       1.000       1.000       1.000
    Q                1.000       1.000       1.000       1.000       1.000       1.000       1.000

 Residual Variances
    SOFAS_0          0.579       0.610       0.625       0.708       0.790       0.806       0.836
    SOFAS_12         0.338       0.352       0.360       0.398       0.436       0.444       0.458
    SOFAS_24         0.478       0.508       0.523       0.603       0.683       0.698       0.728


STD Standardization

                  Lower .5%  Lower 2.5%    Lower 5%    Estimate    Upper 5%  Upper 2.5%   Upper .5%

Latent Class 1

 I        |
    SOFAS_0          4.843       5.365       5.633       7.029       8.425       8.692       9.215
    SOFAS_12         4.843       5.365       5.633       7.029       8.425       8.692       9.215
    SOFAS_24         4.843       5.365       5.633       7.029       8.425       8.692       9.215

 S        |
    SOFAS_0          0.000       0.000       0.000       0.000       0.000       0.000       0.000
    SOFAS_12        17.793      18.687      19.145      21.536      23.926      24.384      25.279
    SOFAS_24        35.585      37.375      38.290      43.071      47.852      48.768      50.558

 Q        |
    SOFAS_0          0.000       0.000       0.000       0.000       0.000       0.000       0.000
    SOFAS_12         3.098       3.857       4.246       6.275       8.303       8.692       9.451
    SOFAS_24        12.392      15.429      16.983      25.098      33.213      34.767      37.805

 I        WITH
    S               -0.619      -0.584      -0.567      -0.475      -0.382      -0.365      -0.330
    Q                0.266       0.336       0.372       0.558       0.744       0.780       0.850

 S        WITH
    Q               -1.239      -1.199      -1.179      -1.071      -0.964      -0.943      -0.903

 Means
    I                2.983       3.305       3.469       4.329       5.189       5.354       5.676
    S                1.037       1.176       1.247       1.617       1.987       2.058       2.197
    Q               -2.681      -2.399      -2.255      -1.501      -0.747      -0.602      -0.320

 Intercepts
    SOFAS_0          0.000       0.000       0.000       0.000       0.000       0.000       0.000
    SOFAS_12         0.000       0.000       0.000       0.000       0.000       0.000       0.000
    SOFAS_24         0.000       0.000       0.000       0.000       0.000       0.000       0.000

 Variances
    I                1.000       1.000       1.000       1.000       1.000       1.000       1.000
    S                1.000       1.000       1.000       1.000       1.000       1.000       1.000
    Q                1.000       1.000       1.000       1.000       1.000       1.000       1.000

 Residual Variances
    SOFAS_0        999.000     999.000     999.000     -49.145     999.000     999.000     999.000
    SOFAS_12        50.248      77.031      90.731     162.277     233.822     247.522     274.305
    SOFAS_24        51.532      85.497     102.871     193.602     284.333     301.707     335.672

Latent Class 2

 I        |
    SOFAS_0          4.843       5.365       5.633       7.029       8.425       8.692       9.215
    SOFAS_12         4.843       5.365       5.633       7.029       8.425       8.692       9.215
    SOFAS_24         4.843       5.365       5.633       7.029       8.425       8.692       9.215

 S        |
    SOFAS_0          0.000       0.000       0.000       0.000       0.000       0.000       0.000
    SOFAS_12        17.793      18.687      19.145      21.536      23.926      24.384      25.279
    SOFAS_24        35.585      37.375      38.290      43.071      47.852      48.768      50.558

 Q        |
    SOFAS_0          0.000       0.000       0.000       0.000       0.000       0.000       0.000
    SOFAS_12         3.098       3.857       4.246       6.275       8.303       8.692       9.451
    SOFAS_24        12.392      15.429      16.983      25.098      33.213      34.767      37.805

 I        WITH
    S               -0.619      -0.584      -0.567      -0.475      -0.382      -0.365      -0.330
    Q                0.266       0.336       0.372       0.558       0.744       0.780       0.850

 S        WITH
    Q               -1.239      -1.199      -1.179      -1.071      -0.964      -0.943      -0.903

 Means
    I                4.171       4.603       4.824       5.980       7.136       7.357       7.789
    S                1.024       1.106       1.148       1.367       1.587       1.629       1.711
    Q               -2.267      -2.070      -1.970      -1.444      -0.918      -0.817      -0.620

 Intercepts
    SOFAS_0          0.000       0.000       0.000       0.000       0.000       0.000       0.000
    SOFAS_12         0.000       0.000       0.000       0.000       0.000       0.000       0.000
    SOFAS_24         0.000       0.000       0.000       0.000       0.000       0.000       0.000

 Variances
    I                1.000       1.000       1.000       1.000       1.000       1.000       1.000
    S                1.000       1.000       1.000       1.000       1.000       1.000       1.000
    Q                1.000       1.000       1.000       1.000       1.000       1.000       1.000

 Residual Variances
    SOFAS_0        119.547     119.547     119.547     119.547     119.547     119.547     119.547
    SOFAS_12       111.468     111.468     111.468     111.468     111.468     111.468     111.468
    SOFAS_24       194.594     194.594     194.594     194.594     194.594     194.594     194.594


TECHNICAL 7 OUTPUT


     SAMPLE STATISTICS WEIGHTED BY ESTIMATED CLASS PROBABILITIES FOR CLASS 1


           Means
              SOFAS_0       SOFAS_12      SOFAS_24
              ________      ________      ________
               30.428        56.260        62.592


           Covariances
              SOFAS_0       SOFAS_12      SOFAS_24
              ________      ________      ________
 SOFAS_0        0.249
 SOFAS_12       4.652       314.215
 SOFAS_24       1.141       185.771       297.789


     SAMPLE STATISTICS WEIGHTED BY ESTIMATED CLASS PROBABILITIES FOR CLASS 2


           Means
              SOFAS_0       SOFAS_12      SOFAS_24
              ________      ________      ________
               42.031        62.285        64.123


           Covariances
              SOFAS_0       SOFAS_12      SOFAS_24
              ________      ________      ________
 SOFAS_0      170.057
 SOFAS_12      80.123       283.156
 SOFAS_24     -19.158        96.676       336.978


TECHNICAL 11 OUTPUT

     Random Starts Specifications for the k-1 Class Analysis Model
        Number of initial stage random starts                2000
        Number of final stage optimizations                   500



     VUONG-LO-MENDELL-RUBIN LIKELIHOOD RATIO TEST FOR 1 (H0) VERSUS 2 CLASSES

          H0 Loglikelihood Value                        -4749.989
          2 Times the Loglikelihood Difference            127.324
          Difference in the Number of Parameters                7
          Mean                                  *****************
          Standard Deviation                    *****************
          P-Value                                          0.2398

     LO-MENDELL-RUBIN ADJUSTED LRT TEST

          Value                                           124.425
          P-Value                                          0.2398


SAMPLE STATISTICS FOR ESTIMATED FACTOR SCORES


     SAMPLE STATISTICS


           Means
              I             S             Q             C_I           C_S
              ________      ________      ________      ________      ________
               40.082         2.529        -0.063        39.791         2.547


           Means
              C_Q
              ________
               -0.064


           Covariances
              I             S             Q             C_I           C_S
              ________      ________      ________      ________      ________
 I           1437.411
 S           -179.417        24.362
 Q              5.123        -0.698         0.020
 C_I         1778.430      -223.882         6.395      2261.095
 C_S         -222.202        29.944        -0.858      -284.654        37.816
 C_Q            6.347        -0.858         0.025         8.136        -1.084


           Covariances
              C_Q
              ________
 C_Q            0.031


           Correlations
              I             S             Q             C_I           C_S
              ________      ________      ________      ________      ________
 I              1.000
 S             -0.959         1.000
 Q              0.954        -0.999         1.000
 C_I            0.986        -0.954         0.949         1.000
 C_S           -0.953         0.987        -0.985        -0.973         1.000
 C_Q            0.949        -0.986         0.986         0.970        -0.999


           Correlations
              C_Q
              ________
 C_Q            1.000


SAVEDATA INFORMATION


  Save file
    GMM_CI_isq_CT_est.dat

  Order and format of variables

    SOFAS_0        F10.3
    SOFAS_12       F10.3
    SOFAS_24       F10.3
    I              F10.3
    S              F10.3
    Q              F10.3
    C_I            F10.3
    C_S            F10.3
    C_Q            F10.3
    CPROB1         F10.3
    CPROB2         F10.3
    C              F10.3
    PIN            I4

  Save file format
    12F10.3 I4

  Save file record length    10000

  Save missing symbol        *


     Beginning Time:  12:59:08
        Ending Time:  12:59:49
       Elapsed Time:  00:00:41



MUTHEN & MUTHEN
3463 Stoner Ave.
Los Angeles, CA  90066

Tel: (310) 391-9971
Fax: (310) 391-8971
Web: www.StatModel.com
Support: Support@StatModel.com

Copyright (c) 1998-2021 Muthen & Muthen
