Mplus VERSION 8.6 (Mac)
MUTHEN & MUTHEN
04/19/2022  10:17 AM

INPUT INSTRUCTIONS

  TITLE:
   GMM1v_i s-cub@0;
  DATA:
  FILE = "/Users/olivierpercie/Desktop/MplusLGM/SAPS/Results/GMMv/GMM1/GMM1_i s-cub@0.dat";

  VARIABLE:
  NAMES = pin SAPS_0 SAPS_1 SAPS_2 SAPS_3 SAPS_6 SAPS_9 SAPS_12 SAPS_18 SAPS_24;
   MISSING=.;
   USEVAR = SAPS_0 SAPS_1 SAPS_2 SAPS_3 SAPS_6 SAPS_9 SAPS_12
  SAPS_18 SAPS_24;
  IDVAR = pin;
  CLASSES = c(2);

  ANALYSIS:
  TYPE = MIXTURE;
  STARTS = 1000 250;
  K-1STARTS = 500 125;
  PROCESSORS = 8;

  MODEL:
  %OVERALL%
  i s q cub |
  SAPS_0@0 SAPS_1@1 SAPS_2@2 SAPS_3@3 SAPS_6@6
  SAPS_9@9 SAPS_12@12 SAPS_18@18 SAPS_24@24;
  i s-cub@0;
  SAPS_0-SAPS_24 (1);
  %c#1%
  i s-cub@0;
  %c#2%
  i s-cub@0;

  OUTPUT:
  sampstat standardized
  TECH1;
  TECH11;

  SAVEDATA:

  file = GMM1_i s-cub@0_res.dat;
  save = CPROBABILITIES;
  PLOT:
  TYPE = plot3;
  SERIES = SAPS_0 (s) SAPS_1 (s) SAPS_2 (s) SAPS_3 (s)
  SAPS_6 (s) SAPS_9 (s) SAPS_12 (s) SAPS_18 (s)
  SAPS_24 (s);




*** WARNING in MODEL command
  All continuous latent variable covariances involving S have been fixed to 0
  because the variance of S is fixed at 0.
*** WARNING in MODEL command
  All continuous latent variable covariances involving Q have been fixed to 0
  because the variance of Q is fixed at 0.
*** WARNING in MODEL command
  All continuous latent variable covariances involving CUB have been fixed to 0
  because the variance of CUB is fixed at 0.
   3 WARNING(S) FOUND IN THE INPUT INSTRUCTIONS




GMM1v_i s-cub@0;

SUMMARY OF ANALYSIS

Number of groups                                                 1
Number of observations                                         405

Number of dependent variables                                    9
Number of independent variables                                  0
Number of continuous latent variables                            4
Number of categorical latent variables                           1

Observed dependent variables

  Continuous
   SAPS_0      SAPS_1      SAPS_2      SAPS_3      SAPS_6      SAPS_9
   SAPS_12     SAPS_18     SAPS_24

Continuous latent variables
   I           S           Q           CUB

Categorical latent variables
   C

Variables with special functions

  ID variable           PIN

Estimator                                                      MLR
Information matrix                                        OBSERVED
Optimization Specifications for the Quasi-Newton Algorithm for
Continuous Outcomes
  Maximum number of iterations                                 100
  Convergence criterion                                  0.100D-05
Optimization Specifications for the EM Algorithm
  Maximum number of iterations                                 500
  Convergence criteria
    Loglikelihood change                                 0.100D-06
    Relative loglikelihood change                        0.100D-06
    Derivative                                           0.100D-05
Optimization Specifications for the M step of the EM Algorithm for
Categorical Latent variables
  Number of M step iterations                                    1
  M step convergence criterion                           0.100D-05
  Basis for M step termination                           ITERATION
Optimization Specifications for the M step of the EM Algorithm for
Censored, Binary or Ordered Categorical (Ordinal), Unordered
Categorical (Nominal) and Count Outcomes
  Number of M step iterations                                    1
  M step convergence criterion                           0.100D-05
  Basis for M step termination                           ITERATION
  Maximum value for logit thresholds                            15
  Minimum value for logit thresholds                           -15
  Minimum expected cell size for chi-square              0.100D-01
Maximum number of iterations for H1                           2000
Convergence criterion for H1                             0.100D-03
Optimization algorithm                                         EMA
Random Starts Specifications
  Number of initial stage random starts                       1000
  Number of final stage optimizations                          250
  Number of initial stage iterations                            10
  Initial stage convergence criterion                    0.100D+01
  Random starts scale                                    0.500D+01
  Random seed for generating random starts                       0

Input data file(s)
  /Users/olivierpercie/Desktop/MplusLGM/SAPS/Results/GMMv/GMM1/GMM1_i s-cub@0.da
Input data format  FREE


SUMMARY OF DATA

     Number of missing data patterns            63
     Number of y missing data patterns          63
     Number of u missing data patterns           0


COVARIANCE COVERAGE OF DATA

Minimum covariance coverage value   0.100


     PROPORTION OF DATA PRESENT FOR Y


           Covariance Coverage
              SAPS_0        SAPS_1        SAPS_2        SAPS_3        SAPS_6
              ________      ________      ________      ________      ________
 SAPS_0         0.998
 SAPS_1         0.672         0.674
 SAPS_2         0.844         0.595         0.847
 SAPS_3         0.943         0.632         0.822         0.946
 SAPS_6         0.906         0.605         0.778         0.872         0.909
 SAPS_9         0.862         0.578         0.751         0.812         0.795
 SAPS_12        0.867         0.573         0.723         0.817         0.790
 SAPS_18        0.817         0.538         0.681         0.770         0.743
 SAPS_24        0.790         0.519         0.691         0.748         0.721


           Covariance Coverage
              SAPS_9        SAPS_12       SAPS_18       SAPS_24
              ________      ________      ________      ________
 SAPS_9         0.864
 SAPS_12        0.773         0.869
 SAPS_18        0.723         0.743         0.820
 SAPS_24        0.723         0.721         0.706         0.793


SAMPLE STATISTICS


     ESTIMATED SAMPLE STATISTICS


           Means
              SAPS_0        SAPS_1        SAPS_2        SAPS_3        SAPS_6
              ________      ________      ________      ________      ________
               11.481         5.539         4.104         3.486         3.546


           Means
              SAPS_9        SAPS_12       SAPS_18       SAPS_24
              ________      ________      ________      ________
                3.373         3.546         3.343         3.323


           Covariances
              SAPS_0        SAPS_1        SAPS_2        SAPS_3        SAPS_6
              ________      ________      ________      ________      ________
 SAPS_0        10.545
 SAPS_1         3.809        15.002
 SAPS_2         2.550        10.536        13.554
 SAPS_3         2.226         7.346         9.859        13.146
 SAPS_6         2.020         6.078         7.375         7.124        13.621
 SAPS_9         1.166         3.494         5.293         5.868         7.346
 SAPS_12        2.085         3.727         4.041         5.511         6.380
 SAPS_18        0.986         3.229         3.956         4.974         5.394
 SAPS_24        0.956         2.383         3.282         3.807         3.552


           Covariances
              SAPS_9        SAPS_12       SAPS_18       SAPS_24
              ________      ________      ________      ________
 SAPS_9        12.223
 SAPS_12        6.112        14.426
 SAPS_18        4.829         7.170        13.121
 SAPS_24        4.378         5.178         5.758        14.965


           Correlations
              SAPS_0        SAPS_1        SAPS_2        SAPS_3        SAPS_6
              ________      ________      ________      ________      ________
 SAPS_0         1.000
 SAPS_1         0.303         1.000
 SAPS_2         0.213         0.739         1.000
 SAPS_3         0.189         0.523         0.739         1.000
 SAPS_6         0.169         0.425         0.543         0.532         1.000
 SAPS_9         0.103         0.258         0.411         0.463         0.569
 SAPS_12        0.169         0.253         0.289         0.400         0.455
 SAPS_18        0.084         0.230         0.297         0.379         0.404
 SAPS_24        0.076         0.159         0.230         0.271         0.249


           Correlations
              SAPS_9        SAPS_12       SAPS_18       SAPS_24
              ________      ________      ________      ________
 SAPS_9         1.000
 SAPS_12        0.460         1.000
 SAPS_18        0.381         0.521         1.000
 SAPS_24        0.324         0.352         0.411         1.000


     MAXIMUM LOG-LIKELIHOOD VALUE FOR THE UNRESTRICTED (H1) MODEL IS -7915.356


UNIVARIATE SAMPLE STATISTICS


     UNIVARIATE HIGHER-ORDER MOMENT DESCRIPTIVE STATISTICS

         Variable/         Mean/     Skewness/   Minimum/ % with                Percentiles
        Sample Size      Variance    Kurtosis    Maximum  Min/Max      20%/60%    40%/80%    Median

     SAPS_0               11.485      -0.272       2.000    0.50%       9.000     11.000     12.000
             404.000      10.542      -0.257      20.000    0.25%      13.000     14.000
     SAPS_1                5.473       0.416       0.000   10.62%       2.000      4.000      5.000
             273.000      14.491      -0.593      16.000    0.73%       6.000      9.000
     SAPS_2                3.997       0.989       0.000   18.37%       1.000      2.000      3.000
             343.000      13.385       0.580      18.000    0.29%       4.000      7.000
     SAPS_3                3.433       1.070       0.000   28.98%       0.000      1.000      2.000
             383.000      12.930       0.502      16.000    0.26%       3.000      6.000
     SAPS_6                3.533       0.985       0.000   30.98%       0.000      1.000      2.000
             368.000      13.733       0.176      16.000    0.27%       4.000      6.000
     SAPS_9                3.320       1.129       0.000   30.29%       0.000      1.000      2.000
             350.000      12.360       0.866      16.000    0.29%       3.000      6.000
     SAPS_12               3.577       1.273       0.000   27.27%       0.000      2.000      3.000
             352.000      14.523       1.144      18.000    0.28%       3.000      6.000
     SAPS_18               3.250       1.304       0.000   30.42%       0.000      1.000      2.000
             332.000      12.820       1.292      17.000    0.30%       3.000      6.000
     SAPS_24               3.287       1.343       0.000   33.64%       0.000      1.000      2.000
             321.000      15.027       1.106      17.000    0.31%       3.000      6.000

RANDOM STARTS RESULTS RANKED FROM THE BEST TO THE WORST LOGLIKELIHOOD VALUES

Final stage loglikelihood values at local maxima, seeds, and initial stage start numbers:

           -8419.589  370957           554
           -8419.589  118421           139
           -8419.589  534483           290
           -8419.589  865906           641
           -8419.589  88437            761
           -8419.589  507154           387
           -8419.589  265218           924
           -8419.589  197223           332
           -8419.589  965994           396
           -8419.589  741484           441
           -8419.589  903420           5
           -8419.589  587946           120
           -8419.589  848890           95
           -8419.589  715255           523
           -8419.589  434915           552
           -8419.589  857799           315
           -8419.589  876943           650
           -8419.589  276696           676
           -8419.589  418686           338
           -8419.589  783165           170
           -8419.589  875667           367
           -8419.589  458181           189
           -8419.589  923437           398
           -8419.589  21345            199
           -8419.589  502157           799
           -8419.589  421731           886
           -8419.589  39136            226
           -8419.589  476295           969
           -8419.589  335485           496
           -8419.589  123985           248
           -8419.589  876056           1000
           -8419.589  631413           439
           -8466.197  247912           537
           -8466.197  910224           580
           -8466.197  879338           309
           -8466.197  822698           621
           -8466.197  178181           753
           -8466.197  195873           6
           -8466.197  288738           940
           -8466.197  823392           479
           -8466.197  425982           485
           -8466.197  432148           30
           -8466.197  246261           38
           -8466.197  402224           91
           -8466.197  569131           26
           -8466.197  422103           62
           -8466.197  509733           130
           -8466.197  358074           560
           -8466.197  521575           313
           -8466.197  775884           639
           -8466.197  605358           321
           -8466.197  484501           163
           -8466.197  314757           345
           -8466.197  860772           174
           -8466.197  349562           359
           -8466.197  488125           368
           -8466.197  220492           743
           -8466.197  308582           752
           -8466.197  167409           772
           -8466.197  395754           388
           -8466.197  14262            781
           -8466.197  303834           798
           -8466.197  596257           405
           -8466.197  238317           812
           -8466.197  746978           410
           -8466.197  275475           413
           -8466.197  588699           828
           -8466.197  50983            834
           -8466.197  782179           835
           -8466.197  802682           419
           -8466.197  853195           431
           -8466.197  317640           437
           -8466.197  931558           898
           -8466.197  298201           903
           -8466.197  979450           913
           -8466.197  539751           459
           -8466.197  299700           932
           -8466.197  966499           963
           -8466.197  224151           973

171 perturbed starting value run(s) did not converge or were rejected in the third stage.



THE BEST LOGLIKELIHOOD VALUE HAS BEEN REPLICATED.  RERUN WITH AT LEAST TWICE THE
RANDOM STARTS TO CHECK THAT THE BEST LOGLIKELIHOOD IS STILL OBTAINED AND REPLICATED.


THE MODEL ESTIMATION TERMINATED NORMALLY

     WARNING:  THE LATENT VARIABLE COVARIANCE MATRIX (PSI) IN CLASS 1
     IS NOT POSITIVE DEFINITE.  THIS COULD INDICATE A NEGATIVE VARIANCE/
     RESIDUAL VARIANCE FOR A LATENT VARIABLE, A CORRELATION GREATER OR EQUAL
     TO ONE BETWEEN TWO LATENT VARIABLES, OR A LINEAR DEPENDENCY AMONG MORE
     THAN TWO LATENT VARIABLES.  CHECK THE TECH4 OUTPUT FOR MORE INFORMATION.
     PROBLEM INVOLVING VARIABLE I.




MODEL FIT INFORMATION

Number of Free Parameters                       12

Loglikelihood

          H0 Value                       -8419.589
          H0 Scaling Correction Factor      1.2119
            for MLR

Information Criteria

          Akaike (AIC)                   16863.178
          Bayesian (BIC)                 16911.225
          Sample-Size Adjusted BIC       16873.148
            (n* = (n + 2) / 24)



FINAL CLASS COUNTS AND PROPORTIONS FOR THE LATENT CLASSES
BASED ON THE ESTIMATED MODEL

    Latent
   Classes

       1        205.72240          0.50796
       2        199.27760          0.49204


FINAL CLASS COUNTS AND PROPORTIONS FOR THE LATENT CLASSES
BASED ON ESTIMATED POSTERIOR PROBABILITIES

    Latent
   Classes

       1        205.72240          0.50796
       2        199.27760          0.49204


FINAL CLASS COUNTS AND PROPORTIONS FOR THE LATENT CLASSES
BASED ON THEIR MOST LIKELY LATENT CLASS MEMBERSHIP

Class Counts and Proportions

    Latent
   Classes

       1              213          0.52593
       2              192          0.47407


CLASSIFICATION QUALITY

     Entropy                         0.588


Average Latent Class Probabilities for Most Likely Latent Class Membership (Row)
by Latent Class (Column)

           1        2

    1   0.871    0.129
    2   0.105    0.895


Classification Probabilities for the Most Likely Latent Class Membership (Column)
by Latent Class (Row)

           1        2

    1   0.902    0.098
    2   0.138    0.862


Logits for the Classification Probabilities for the Most Likely Latent Class Membership (Column)
by Latent Class (Row)

              1        2

    1      2.219    0.000
    2     -1.834    0.000


MODEL RESULTS

                                                    Two-Tailed
                    Estimate       S.E.  Est./S.E.    P-Value

Latent Class 1

 I        |
    SAPS_0             1.000      0.000    999.000    999.000
    SAPS_1             1.000      0.000    999.000    999.000
    SAPS_2             1.000      0.000    999.000    999.000
    SAPS_3             1.000      0.000    999.000    999.000
    SAPS_6             1.000      0.000    999.000    999.000
    SAPS_9             1.000      0.000    999.000    999.000
    SAPS_12            1.000      0.000    999.000    999.000
    SAPS_18            1.000      0.000    999.000    999.000
    SAPS_24            1.000      0.000    999.000    999.000

 S        |
    SAPS_0             0.000      0.000    999.000    999.000
    SAPS_1             1.000      0.000    999.000    999.000
    SAPS_2             2.000      0.000    999.000    999.000
    SAPS_3             3.000      0.000    999.000    999.000
    SAPS_6             6.000      0.000    999.000    999.000
    SAPS_9             9.000      0.000    999.000    999.000
    SAPS_12           12.000      0.000    999.000    999.000
    SAPS_18           18.000      0.000    999.000    999.000
    SAPS_24           24.000      0.000    999.000    999.000

 Q        |
    SAPS_0             0.000      0.000    999.000    999.000
    SAPS_1             1.000      0.000    999.000    999.000
    SAPS_2             4.000      0.000    999.000    999.000
    SAPS_3             9.000      0.000    999.000    999.000
    SAPS_6            36.000      0.000    999.000    999.000
    SAPS_9            81.000      0.000    999.000    999.000
    SAPS_12          144.000      0.000    999.000    999.000
    SAPS_18          324.000      0.000    999.000    999.000
    SAPS_24          576.000      0.000    999.000    999.000

 CUB      |
    SAPS_0             0.000      0.000    999.000    999.000
    SAPS_1             1.000      0.000    999.000    999.000
    SAPS_2             8.000      0.000    999.000    999.000
    SAPS_3            27.000      0.000    999.000    999.000
    SAPS_6           216.000      0.000    999.000    999.000
    SAPS_9           729.000      0.000    999.000    999.000
    SAPS_12         1728.000      0.000    999.000    999.000
    SAPS_18         5832.000      0.000    999.000    999.000
    SAPS_24        13824.000      0.000    999.000    999.000

 Means
    I                  8.167      0.251     32.599      0.000
    S                 -2.363      0.083    -28.381      0.000
    Q                  0.206      0.008     25.011      0.000
    CUB               -0.005      0.000    -22.057      0.000

 Intercepts
    SAPS_0             0.000      0.000    999.000    999.000
    SAPS_1             0.000      0.000    999.000    999.000
    SAPS_2             0.000      0.000    999.000    999.000
    SAPS_3             0.000      0.000    999.000    999.000
    SAPS_6             0.000      0.000    999.000    999.000
    SAPS_9             0.000      0.000    999.000    999.000
    SAPS_12            0.000      0.000    999.000    999.000
    SAPS_18            0.000      0.000    999.000    999.000
    SAPS_24            0.000      0.000    999.000    999.000

 Variances
    I                 -0.090      0.334     -0.270      0.787
    S                  0.000      0.000    999.000    999.000
    Q                  0.000      0.000    999.000    999.000
    CUB                0.000      0.000    999.000    999.000

 Residual Variances
    SAPS_0            10.789      0.437     24.680      0.000
    SAPS_1            10.789      0.437     24.680      0.000
    SAPS_2            10.789      0.437     24.680      0.000
    SAPS_3            10.789      0.437     24.680      0.000
    SAPS_6            10.789      0.437     24.680      0.000
    SAPS_9            10.789      0.437     24.680      0.000
    SAPS_12           10.789      0.437     24.680      0.000
    SAPS_18           10.789      0.437     24.680      0.000
    SAPS_24           10.789      0.437     24.680      0.000

Latent Class 2

 I        |
    SAPS_0             1.000      0.000    999.000    999.000
    SAPS_1             1.000      0.000    999.000    999.000
    SAPS_2             1.000      0.000    999.000    999.000
    SAPS_3             1.000      0.000    999.000    999.000
    SAPS_6             1.000      0.000    999.000    999.000
    SAPS_9             1.000      0.000    999.000    999.000
    SAPS_12            1.000      0.000    999.000    999.000
    SAPS_18            1.000      0.000    999.000    999.000
    SAPS_24            1.000      0.000    999.000    999.000

 S        |
    SAPS_0             0.000      0.000    999.000    999.000
    SAPS_1             1.000      0.000    999.000    999.000
    SAPS_2             2.000      0.000    999.000    999.000
    SAPS_3             3.000      0.000    999.000    999.000
    SAPS_6             6.000      0.000    999.000    999.000
    SAPS_9             9.000      0.000    999.000    999.000
    SAPS_12           12.000      0.000    999.000    999.000
    SAPS_18           18.000      0.000    999.000    999.000
    SAPS_24           24.000      0.000    999.000    999.000

 Q        |
    SAPS_0             0.000      0.000    999.000    999.000
    SAPS_1             1.000      0.000    999.000    999.000
    SAPS_2             4.000      0.000    999.000    999.000
    SAPS_3             9.000      0.000    999.000    999.000
    SAPS_6            36.000      0.000    999.000    999.000
    SAPS_9            81.000      0.000    999.000    999.000
    SAPS_12          144.000      0.000    999.000    999.000
    SAPS_18          324.000      0.000    999.000    999.000
    SAPS_24          576.000      0.000    999.000    999.000

 CUB      |
    SAPS_0             0.000      0.000    999.000    999.000
    SAPS_1             1.000      0.000    999.000    999.000
    SAPS_2             8.000      0.000    999.000    999.000
    SAPS_3            27.000      0.000    999.000    999.000
    SAPS_6           216.000      0.000    999.000    999.000
    SAPS_9           729.000      0.000    999.000    999.000
    SAPS_12         1728.000      0.000    999.000    999.000
    SAPS_18         5832.000      0.000    999.000    999.000
    SAPS_24        13824.000      0.000    999.000    999.000

 Means
    I                  9.966      0.317     31.423      0.000
    S                 -1.439      0.130    -11.044      0.000
    Q                  0.120      0.013      8.999      0.000
    CUB               -0.003      0.000     -8.174      0.000

 Intercepts
    SAPS_0             0.000      0.000    999.000    999.000
    SAPS_1             0.000      0.000    999.000    999.000
    SAPS_2             0.000      0.000    999.000    999.000
    SAPS_3             0.000      0.000    999.000    999.000
    SAPS_6             0.000      0.000    999.000    999.000
    SAPS_9             0.000      0.000    999.000    999.000
    SAPS_12            0.000      0.000    999.000    999.000
    SAPS_18            0.000      0.000    999.000    999.000
    SAPS_24            0.000      0.000    999.000    999.000

 Variances
    I                  2.807      0.710      3.956      0.000
    S                  0.000      0.000    999.000    999.000
    Q                  0.000      0.000    999.000    999.000
    CUB                0.000      0.000    999.000    999.000

 Residual Variances
    SAPS_0            10.789      0.437     24.680      0.000
    SAPS_1            10.789      0.437     24.680      0.000
    SAPS_2            10.789      0.437     24.680      0.000
    SAPS_3            10.789      0.437     24.680      0.000
    SAPS_6            10.789      0.437     24.680      0.000
    SAPS_9            10.789      0.437     24.680      0.000
    SAPS_12           10.789      0.437     24.680      0.000
    SAPS_18           10.789      0.437     24.680      0.000
    SAPS_24           10.789      0.437     24.680      0.000

Categorical Latent Variables

 Means
    C#1                0.032      0.295      0.108      0.914


QUALITY OF NUMERICAL RESULTS

     Condition Number for the Information Matrix              0.115E-06
       (ratio of smallest to largest eigenvalue)


STANDARDIZED MODEL RESULTS


STDYX Standardization

                                                    Two-Tailed
                    Estimate       S.E.  Est./S.E.    P-Value

Latent Class 1

 I        |
    SAPS_0           999.000    999.000    999.000    999.000
    SAPS_1           999.000    999.000    999.000    999.000
    SAPS_2           999.000    999.000    999.000    999.000
    SAPS_3           999.000    999.000    999.000    999.000
    SAPS_6           999.000    999.000    999.000    999.000
    SAPS_9           999.000    999.000    999.000    999.000
    SAPS_12          999.000    999.000    999.000    999.000
    SAPS_18          999.000    999.000    999.000    999.000
    SAPS_24          999.000    999.000    999.000    999.000

 S        |
    SAPS_0           999.000    999.000    999.000    999.000
    SAPS_1           999.000    999.000    999.000    999.000
    SAPS_2           999.000    999.000    999.000    999.000
    SAPS_3           999.000    999.000    999.000    999.000
    SAPS_6           999.000    999.000    999.000    999.000
    SAPS_9           999.000    999.000    999.000    999.000
    SAPS_12          999.000    999.000    999.000    999.000
    SAPS_18          999.000    999.000    999.000    999.000
    SAPS_24          999.000    999.000    999.000    999.000

 Q        |
    SAPS_0           999.000    999.000    999.000    999.000
    SAPS_1           999.000    999.000    999.000    999.000
    SAPS_2           999.000    999.000    999.000    999.000
    SAPS_3           999.000    999.000    999.000    999.000
    SAPS_6           999.000    999.000    999.000    999.000
    SAPS_9           999.000    999.000    999.000    999.000
    SAPS_12          999.000    999.000    999.000    999.000
    SAPS_18          999.000    999.000    999.000    999.000
    SAPS_24          999.000    999.000    999.000    999.000

 CUB      |
    SAPS_0           999.000    999.000    999.000    999.000
    SAPS_1           999.000    999.000    999.000    999.000
    SAPS_2           999.000    999.000    999.000    999.000
    SAPS_3           999.000    999.000    999.000    999.000
    SAPS_6           999.000    999.000    999.000    999.000
    SAPS_9           999.000    999.000    999.000    999.000
    SAPS_12          999.000    999.000    999.000    999.000
    SAPS_18          999.000    999.000    999.000    999.000
    SAPS_24          999.000    999.000    999.000    999.000

 Means
    I                999.000    999.000    999.000    999.000
    S                999.000    999.000    999.000    999.000
    Q                999.000    999.000    999.000    999.000
    CUB              999.000    999.000    999.000    999.000

 Intercepts
    SAPS_0             0.000      0.000    999.000    999.000
    SAPS_1             0.000      0.000    999.000    999.000
    SAPS_2             0.000      0.000    999.000    999.000
    SAPS_3             0.000      0.000    999.000    999.000
    SAPS_6             0.000      0.000    999.000    999.000
    SAPS_9             0.000      0.000    999.000    999.000
    SAPS_12            0.000      0.000    999.000    999.000
    SAPS_18            0.000      0.000    999.000    999.000
    SAPS_24            0.000      0.000    999.000    999.000

 Variances
    I                999.000    999.000    999.000    999.000
    S                999.000    999.000    999.000    999.000
    Q                999.000    999.000    999.000    999.000
    CUB              999.000    999.000    999.000    999.000

 Residual Variances
    SAPS_0             1.008      0.031     32.091      0.000
    SAPS_1             1.008      0.031     32.091      0.000
    SAPS_2             1.008      0.031     32.091      0.000
    SAPS_3             1.008      0.031     32.091      0.000
    SAPS_6             1.008      0.031     32.091      0.000
    SAPS_9             1.008      0.031     32.091      0.000
    SAPS_12            1.008      0.031     32.091      0.000
    SAPS_18            1.008      0.031     32.091      0.000
    SAPS_24            1.008      0.031     32.091      0.000

Latent Class 2

 I        |
    SAPS_0             0.454      0.047      9.701      0.000
    SAPS_1             0.454      0.047      9.701      0.000
    SAPS_2             0.454      0.047      9.701      0.000
    SAPS_3             0.454      0.047      9.701      0.000
    SAPS_6             0.454      0.047      9.701      0.000
    SAPS_9             0.454      0.047      9.701      0.000
    SAPS_12            0.454      0.047      9.701      0.000
    SAPS_18            0.454      0.047      9.701      0.000
    SAPS_24            0.454      0.047      9.701      0.000

 S        |
    SAPS_0           999.000    999.000    999.000    999.000
    SAPS_1           999.000    999.000    999.000    999.000
    SAPS_2           999.000    999.000    999.000    999.000
    SAPS_3           999.000    999.000    999.000    999.000
    SAPS_6           999.000    999.000    999.000    999.000
    SAPS_9           999.000    999.000    999.000    999.000
    SAPS_12          999.000    999.000    999.000    999.000
    SAPS_18          999.000    999.000    999.000    999.000
    SAPS_24          999.000    999.000    999.000    999.000

 Q        |
    SAPS_0           999.000    999.000    999.000    999.000
    SAPS_1           999.000    999.000    999.000    999.000
    SAPS_2           999.000    999.000    999.000    999.000
    SAPS_3           999.000    999.000    999.000    999.000
    SAPS_6           999.000    999.000    999.000    999.000
    SAPS_9           999.000    999.000    999.000    999.000
    SAPS_12          999.000    999.000    999.000    999.000
    SAPS_18          999.000    999.000    999.000    999.000
    SAPS_24          999.000    999.000    999.000    999.000

 CUB      |
    SAPS_0           999.000    999.000    999.000    999.000
    SAPS_1           999.000    999.000    999.000    999.000
    SAPS_2           999.000    999.000    999.000    999.000
    SAPS_3           999.000    999.000    999.000    999.000
    SAPS_6           999.000    999.000    999.000    999.000
    SAPS_9           999.000    999.000    999.000    999.000
    SAPS_12          999.000    999.000    999.000    999.000
    SAPS_18          999.000    999.000    999.000    999.000
    SAPS_24          999.000    999.000    999.000    999.000

 Means
    I                  5.948      0.842      7.061      0.000
    S                999.000    999.000    999.000    999.000
    Q                999.000    999.000    999.000    999.000
    CUB              999.000    999.000    999.000    999.000

 Intercepts
    SAPS_0             0.000      0.000    999.000    999.000
    SAPS_1             0.000      0.000    999.000    999.000
    SAPS_2             0.000      0.000    999.000    999.000
    SAPS_3             0.000      0.000    999.000    999.000
    SAPS_6             0.000      0.000    999.000    999.000
    SAPS_9             0.000      0.000    999.000    999.000
    SAPS_12            0.000      0.000    999.000    999.000
    SAPS_18            0.000      0.000    999.000    999.000
    SAPS_24            0.000      0.000    999.000    999.000

 Variances
    I                  1.000      0.000    999.000    999.000
    S                999.000    999.000    999.000    999.000
    Q                999.000    999.000    999.000    999.000
    CUB              999.000    999.000    999.000    999.000

 Residual Variances
    SAPS_0             0.794      0.043     18.642      0.000
    SAPS_1             0.794      0.043     18.642      0.000
    SAPS_2             0.794      0.043     18.642      0.000
    SAPS_3             0.794      0.043     18.642      0.000
    SAPS_6             0.794      0.043     18.642      0.000
    SAPS_9             0.794      0.043     18.642      0.000
    SAPS_12            0.794      0.043     18.642      0.000
    SAPS_18            0.794      0.043     18.642      0.000
    SAPS_24            0.794      0.043     18.642      0.000


STDY Standardization

                                                    Two-Tailed
                    Estimate       S.E.  Est./S.E.    P-Value

Latent Class 1

 I        |
    SAPS_0           999.000    999.000    999.000    999.000
    SAPS_1           999.000    999.000    999.000    999.000
    SAPS_2           999.000    999.000    999.000    999.000
    SAPS_3           999.000    999.000    999.000    999.000
    SAPS_6           999.000    999.000    999.000    999.000
    SAPS_9           999.000    999.000    999.000    999.000
    SAPS_12          999.000    999.000    999.000    999.000
    SAPS_18          999.000    999.000    999.000    999.000
    SAPS_24          999.000    999.000    999.000    999.000

 S        |
    SAPS_0           999.000    999.000    999.000    999.000
    SAPS_1           999.000    999.000    999.000    999.000
    SAPS_2           999.000    999.000    999.000    999.000
    SAPS_3           999.000    999.000    999.000    999.000
    SAPS_6           999.000    999.000    999.000    999.000
    SAPS_9           999.000    999.000    999.000    999.000
    SAPS_12          999.000    999.000    999.000    999.000
    SAPS_18          999.000    999.000    999.000    999.000
    SAPS_24          999.000    999.000    999.000    999.000

 Q        |
    SAPS_0           999.000    999.000    999.000    999.000
    SAPS_1           999.000    999.000    999.000    999.000
    SAPS_2           999.000    999.000    999.000    999.000
    SAPS_3           999.000    999.000    999.000    999.000
    SAPS_6           999.000    999.000    999.000    999.000
    SAPS_9           999.000    999.000    999.000    999.000
    SAPS_12          999.000    999.000    999.000    999.000
    SAPS_18          999.000    999.000    999.000    999.000
    SAPS_24          999.000    999.000    999.000    999.000

 CUB      |
    SAPS_0           999.000    999.000    999.000    999.000
    SAPS_1           999.000    999.000    999.000    999.000
    SAPS_2           999.000    999.000    999.000    999.000
    SAPS_3           999.000    999.000    999.000    999.000
    SAPS_6           999.000    999.000    999.000    999.000
    SAPS_9           999.000    999.000    999.000    999.000
    SAPS_12          999.000    999.000    999.000    999.000
    SAPS_18          999.000    999.000    999.000    999.000
    SAPS_24          999.000    999.000    999.000    999.000

 Means
    I                999.000    999.000    999.000    999.000
    S                999.000    999.000    999.000    999.000
    Q                999.000    999.000    999.000    999.000
    CUB              999.000    999.000    999.000    999.000

 Intercepts
    SAPS_0             0.000      0.000    999.000    999.000
    SAPS_1             0.000      0.000    999.000    999.000
    SAPS_2             0.000      0.000    999.000    999.000
    SAPS_3             0.000      0.000    999.000    999.000
    SAPS_6             0.000      0.000    999.000    999.000
    SAPS_9             0.000      0.000    999.000    999.000
    SAPS_12            0.000      0.000    999.000    999.000
    SAPS_18            0.000      0.000    999.000    999.000
    SAPS_24            0.000      0.000    999.000    999.000

 Variances
    I                999.000    999.000    999.000    999.000
    S                999.000    999.000    999.000    999.000
    Q                999.000    999.000    999.000    999.000
    CUB              999.000    999.000    999.000    999.000

 Residual Variances
    SAPS_0             1.008      0.031     32.091      0.000
    SAPS_1             1.008      0.031     32.091      0.000
    SAPS_2             1.008      0.031     32.091      0.000
    SAPS_3             1.008      0.031     32.091      0.000
    SAPS_6             1.008      0.031     32.091      0.000
    SAPS_9             1.008      0.031     32.091      0.000
    SAPS_12            1.008      0.031     32.091      0.000
    SAPS_18            1.008      0.031     32.091      0.000
    SAPS_24            1.008      0.031     32.091      0.000

Latent Class 2

 I        |
    SAPS_0             0.454      0.047      9.701      0.000
    SAPS_1             0.454      0.047      9.701      0.000
    SAPS_2             0.454      0.047      9.701      0.000
    SAPS_3             0.454      0.047      9.701      0.000
    SAPS_6             0.454      0.047      9.701      0.000
    SAPS_9             0.454      0.047      9.701      0.000
    SAPS_12            0.454      0.047      9.701      0.000
    SAPS_18            0.454      0.047      9.701      0.000
    SAPS_24            0.454      0.047      9.701      0.000

 S        |
    SAPS_0           999.000    999.000    999.000    999.000
    SAPS_1           999.000    999.000    999.000    999.000
    SAPS_2           999.000    999.000    999.000    999.000
    SAPS_3           999.000    999.000    999.000    999.000
    SAPS_6           999.000    999.000    999.000    999.000
    SAPS_9           999.000    999.000    999.000    999.000
    SAPS_12          999.000    999.000    999.000    999.000
    SAPS_18          999.000    999.000    999.000    999.000
    SAPS_24          999.000    999.000    999.000    999.000

 Q        |
    SAPS_0           999.000    999.000    999.000    999.000
    SAPS_1           999.000    999.000    999.000    999.000
    SAPS_2           999.000    999.000    999.000    999.000
    SAPS_3           999.000    999.000    999.000    999.000
    SAPS_6           999.000    999.000    999.000    999.000
    SAPS_9           999.000    999.000    999.000    999.000
    SAPS_12          999.000    999.000    999.000    999.000
    SAPS_18          999.000    999.000    999.000    999.000
    SAPS_24          999.000    999.000    999.000    999.000

 CUB      |
    SAPS_0           999.000    999.000    999.000    999.000
    SAPS_1           999.000    999.000    999.000    999.000
    SAPS_2           999.000    999.000    999.000    999.000
    SAPS_3           999.000    999.000    999.000    999.000
    SAPS_6           999.000    999.000    999.000    999.000
    SAPS_9           999.000    999.000    999.000    999.000
    SAPS_12          999.000    999.000    999.000    999.000
    SAPS_18          999.000    999.000    999.000    999.000
    SAPS_24          999.000    999.000    999.000    999.000

 Means
    I                  5.948      0.842      7.061      0.000
    S                999.000    999.000    999.000    999.000
    Q                999.000    999.000    999.000    999.000
    CUB              999.000    999.000    999.000    999.000

 Intercepts
    SAPS_0             0.000      0.000    999.000    999.000
    SAPS_1             0.000      0.000    999.000    999.000
    SAPS_2             0.000      0.000    999.000    999.000
    SAPS_3             0.000      0.000    999.000    999.000
    SAPS_6             0.000      0.000    999.000    999.000
    SAPS_9             0.000      0.000    999.000    999.000
    SAPS_12            0.000      0.000    999.000    999.000
    SAPS_18            0.000      0.000    999.000    999.000
    SAPS_24            0.000      0.000    999.000    999.000

 Variances
    I                  1.000      0.000    999.000    999.000
    S                999.000    999.000    999.000    999.000
    Q                999.000    999.000    999.000    999.000
    CUB              999.000    999.000    999.000    999.000

 Residual Variances
    SAPS_0             0.794      0.043     18.642      0.000
    SAPS_1             0.794      0.043     18.642      0.000
    SAPS_2             0.794      0.043     18.642      0.000
    SAPS_3             0.794      0.043     18.642      0.000
    SAPS_6             0.794      0.043     18.642      0.000
    SAPS_9             0.794      0.043     18.642      0.000
    SAPS_12            0.794      0.043     18.642      0.000
    SAPS_18            0.794      0.043     18.642      0.000
    SAPS_24            0.794      0.043     18.642      0.000


STD Standardization

                                                    Two-Tailed
                    Estimate       S.E.  Est./S.E.    P-Value

Latent Class 1

 I        |
    SAPS_0           999.000    999.000    999.000    999.000
    SAPS_1           999.000    999.000    999.000    999.000
    SAPS_2           999.000    999.000    999.000    999.000
    SAPS_3           999.000    999.000    999.000    999.000
    SAPS_6           999.000    999.000    999.000    999.000
    SAPS_9           999.000    999.000    999.000    999.000
    SAPS_12          999.000    999.000    999.000    999.000
    SAPS_18          999.000    999.000    999.000    999.000
    SAPS_24          999.000    999.000    999.000    999.000

 S        |
    SAPS_0           999.000    999.000    999.000    999.000
    SAPS_1           999.000    999.000    999.000    999.000
    SAPS_2           999.000    999.000    999.000    999.000
    SAPS_3           999.000    999.000    999.000    999.000
    SAPS_6           999.000    999.000    999.000    999.000
    SAPS_9           999.000    999.000    999.000    999.000
    SAPS_12          999.000    999.000    999.000    999.000
    SAPS_18          999.000    999.000    999.000    999.000
    SAPS_24          999.000    999.000    999.000    999.000

 Q        |
    SAPS_0           999.000    999.000    999.000    999.000
    SAPS_1           999.000    999.000    999.000    999.000
    SAPS_2           999.000    999.000    999.000    999.000
    SAPS_3           999.000    999.000    999.000    999.000
    SAPS_6           999.000    999.000    999.000    999.000
    SAPS_9           999.000    999.000    999.000    999.000
    SAPS_12          999.000    999.000    999.000    999.000
    SAPS_18          999.000    999.000    999.000    999.000
    SAPS_24          999.000    999.000    999.000    999.000

 CUB      |
    SAPS_0           999.000    999.000    999.000    999.000
    SAPS_1           999.000    999.000    999.000    999.000
    SAPS_2           999.000    999.000    999.000    999.000
    SAPS_3           999.000    999.000    999.000    999.000
    SAPS_6           999.000    999.000    999.000    999.000
    SAPS_9           999.000    999.000    999.000    999.000
    SAPS_12          999.000    999.000    999.000    999.000
    SAPS_18          999.000    999.000    999.000    999.000
    SAPS_24          999.000    999.000    999.000    999.000

 Means
    I                999.000    999.000    999.000    999.000
    S                999.000    999.000    999.000    999.000
    Q                999.000    999.000    999.000    999.000
    CUB              999.000    999.000    999.000    999.000

 Intercepts
    SAPS_0             0.000      0.000    999.000    999.000
    SAPS_1             0.000      0.000    999.000    999.000
    SAPS_2             0.000      0.000    999.000    999.000
    SAPS_3             0.000      0.000    999.000    999.000
    SAPS_6             0.000      0.000    999.000    999.000
    SAPS_9             0.000      0.000    999.000    999.000
    SAPS_12            0.000      0.000    999.000    999.000
    SAPS_18            0.000      0.000    999.000    999.000
    SAPS_24            0.000      0.000    999.000    999.000

 Variances
    I                999.000    999.000    999.000    999.000
    S                999.000    999.000    999.000    999.000
    Q                999.000    999.000    999.000    999.000
    CUB              999.000    999.000    999.000    999.000

 Residual Variances
    SAPS_0            10.789      0.437     24.680      0.000
    SAPS_1            10.789      0.437     24.680      0.000
    SAPS_2            10.789      0.437     24.680      0.000
    SAPS_3            10.789      0.437     24.680      0.000
    SAPS_6            10.789      0.437     24.680      0.000
    SAPS_9            10.789      0.437     24.680      0.000
    SAPS_12           10.789      0.437     24.680      0.000
    SAPS_18           10.789      0.437     24.680      0.000
    SAPS_24           10.789      0.437     24.680      0.000

Latent Class 2

 I        |
    SAPS_0             1.675      0.212      7.911      0.000
    SAPS_1             1.675      0.212      7.911      0.000
    SAPS_2             1.675      0.212      7.911      0.000
    SAPS_3             1.675      0.212      7.911      0.000
    SAPS_6             1.675      0.212      7.911      0.000
    SAPS_9             1.675      0.212      7.911      0.000
    SAPS_12            1.675      0.212      7.911      0.000
    SAPS_18            1.675      0.212      7.911      0.000
    SAPS_24            1.675      0.212      7.911      0.000

 S        |
    SAPS_0           999.000    999.000    999.000    999.000
    SAPS_1           999.000    999.000    999.000    999.000
    SAPS_2           999.000    999.000    999.000    999.000
    SAPS_3           999.000    999.000    999.000    999.000
    SAPS_6           999.000    999.000    999.000    999.000
    SAPS_9           999.000    999.000    999.000    999.000
    SAPS_12          999.000    999.000    999.000    999.000
    SAPS_18          999.000    999.000    999.000    999.000
    SAPS_24          999.000    999.000    999.000    999.000

 Q        |
    SAPS_0           999.000    999.000    999.000    999.000
    SAPS_1           999.000    999.000    999.000    999.000
    SAPS_2           999.000    999.000    999.000    999.000
    SAPS_3           999.000    999.000    999.000    999.000
    SAPS_6           999.000    999.000    999.000    999.000
    SAPS_9           999.000    999.000    999.000    999.000
    SAPS_12          999.000    999.000    999.000    999.000
    SAPS_18          999.000    999.000    999.000    999.000
    SAPS_24          999.000    999.000    999.000    999.000

 CUB      |
    SAPS_0           999.000    999.000    999.000    999.000
    SAPS_1           999.000    999.000    999.000    999.000
    SAPS_2           999.000    999.000    999.000    999.000
    SAPS_3           999.000    999.000    999.000    999.000
    SAPS_6           999.000    999.000    999.000    999.000
    SAPS_9           999.000    999.000    999.000    999.000
    SAPS_12          999.000    999.000    999.000    999.000
    SAPS_18          999.000    999.000    999.000    999.000
    SAPS_24          999.000    999.000    999.000    999.000

 Means
    I                  5.948      0.842      7.061      0.000
    S                999.000    999.000    999.000    999.000
    Q                999.000    999.000    999.000    999.000
    CUB              999.000    999.000    999.000    999.000

 Intercepts
    SAPS_0             0.000      0.000    999.000    999.000
    SAPS_1             0.000      0.000    999.000    999.000
    SAPS_2             0.000      0.000    999.000    999.000
    SAPS_3             0.000      0.000    999.000    999.000
    SAPS_6             0.000      0.000    999.000    999.000
    SAPS_9             0.000      0.000    999.000    999.000
    SAPS_12            0.000      0.000    999.000    999.000
    SAPS_18            0.000      0.000    999.000    999.000
    SAPS_24            0.000      0.000    999.000    999.000

 Variances
    I                  1.000      0.000    999.000    999.000
    S                999.000    999.000    999.000    999.000
    Q                999.000    999.000    999.000    999.000
    CUB              999.000    999.000    999.000    999.000

 Residual Variances
    SAPS_0            10.789      0.437     24.680      0.000
    SAPS_1            10.789      0.437     24.680      0.000
    SAPS_2            10.789      0.437     24.680      0.000
    SAPS_3            10.789      0.437     24.680      0.000
    SAPS_6            10.789      0.437     24.680      0.000
    SAPS_9            10.789      0.437     24.680      0.000
    SAPS_12           10.789      0.437     24.680      0.000
    SAPS_18           10.789      0.437     24.680      0.000
    SAPS_24           10.789      0.437     24.680      0.000


R-SQUARE

Class 1

    Observed                                        Two-Tailed
    Variable        Estimate       S.E.  Est./S.E.    P-Value

    SAPS_0          Undefined  -0.84182E-02
    SAPS_1          Undefined  -0.84182E-02
    SAPS_2          Undefined  -0.84182E-02
    SAPS_3          Undefined  -0.84182E-02
    SAPS_6          Undefined  -0.84182E-02
    SAPS_9          Undefined  -0.84182E-02
    SAPS_12         Undefined  -0.84182E-02
    SAPS_18         Undefined  -0.84182E-02
    SAPS_24         Undefined  -0.84182E-02

Class 2

    Observed                                        Two-Tailed
    Variable        Estimate       S.E.  Est./S.E.    P-Value

    SAPS_0             0.206      0.043      4.850      0.000
    SAPS_1             0.206      0.043      4.850      0.000
    SAPS_2             0.206      0.043      4.850      0.000
    SAPS_3             0.206      0.043      4.850      0.000
    SAPS_6             0.206      0.043      4.850      0.000
    SAPS_9             0.206      0.043      4.850      0.000
    SAPS_12            0.206      0.043      4.850      0.000
    SAPS_18            0.206      0.043      4.850      0.000
    SAPS_24            0.206      0.043      4.850      0.000


TECHNICAL 1 OUTPUT


     PARAMETER SPECIFICATION FOR LATENT CLASS 1


           NU
              SAPS_0        SAPS_1        SAPS_2        SAPS_3        SAPS_6
              ________      ________      ________      ________      ________
                    0             0             0             0             0


           NU
              SAPS_9        SAPS_12       SAPS_18       SAPS_24
              ________      ________      ________      ________
                    0             0             0             0


           LAMBDA
              I             S             Q             CUB
              ________      ________      ________      ________
 SAPS_0             0             0             0             0
 SAPS_1             0             0             0             0
 SAPS_2             0             0             0             0
 SAPS_3             0             0             0             0
 SAPS_6             0             0             0             0
 SAPS_9             0             0             0             0
 SAPS_12            0             0             0             0
 SAPS_18            0             0             0             0
 SAPS_24            0             0             0             0


           THETA
              SAPS_0        SAPS_1        SAPS_2        SAPS_3        SAPS_6
              ________      ________      ________      ________      ________
 SAPS_0             1
 SAPS_1             0             1
 SAPS_2             0             0             1
 SAPS_3             0             0             0             1
 SAPS_6             0             0             0             0             1
 SAPS_9             0             0             0             0             0
 SAPS_12            0             0             0             0             0
 SAPS_18            0             0             0             0             0
 SAPS_24            0             0             0             0             0


           THETA
              SAPS_9        SAPS_12       SAPS_18       SAPS_24
              ________      ________      ________      ________
 SAPS_9             1
 SAPS_12            0             1
 SAPS_18            0             0             1
 SAPS_24            0             0             0             1


           ALPHA
              I             S             Q             CUB
              ________      ________      ________      ________
                    2             3             4             5


           BETA
              I             S             Q             CUB
              ________      ________      ________      ________
 I                  0             0             0             0
 S                  0             0             0             0
 Q                  0             0             0             0
 CUB                0             0             0             0


           PSI
              I             S             Q             CUB
              ________      ________      ________      ________
 I                  6
 S                  0             0
 Q                  0             0             0
 CUB                0             0             0             0


     PARAMETER SPECIFICATION FOR LATENT CLASS 2


           NU
              SAPS_0        SAPS_1        SAPS_2        SAPS_3        SAPS_6
              ________      ________      ________      ________      ________
                    0             0             0             0             0


           NU
              SAPS_9        SAPS_12       SAPS_18       SAPS_24
              ________      ________      ________      ________
                    0             0             0             0


           LAMBDA
              I             S             Q             CUB
              ________      ________      ________      ________
 SAPS_0             0             0             0             0
 SAPS_1             0             0             0             0
 SAPS_2             0             0             0             0
 SAPS_3             0             0             0             0
 SAPS_6             0             0             0             0
 SAPS_9             0             0             0             0
 SAPS_12            0             0             0             0
 SAPS_18            0             0             0             0
 SAPS_24            0             0             0             0


           THETA
              SAPS_0        SAPS_1        SAPS_2        SAPS_3        SAPS_6
              ________      ________      ________      ________      ________
 SAPS_0             1
 SAPS_1             0             1
 SAPS_2             0             0             1
 SAPS_3             0             0             0             1
 SAPS_6             0             0             0             0             1
 SAPS_9             0             0             0             0             0
 SAPS_12            0             0             0             0             0
 SAPS_18            0             0             0             0             0
 SAPS_24            0             0             0             0             0


           THETA
              SAPS_9        SAPS_12       SAPS_18       SAPS_24
              ________      ________      ________      ________
 SAPS_9             1
 SAPS_12            0             1
 SAPS_18            0             0             1
 SAPS_24            0             0             0             1


           ALPHA
              I             S             Q             CUB
              ________      ________      ________      ________
                    7             8             9            10


           BETA
              I             S             Q             CUB
              ________      ________      ________      ________
 I                  0             0             0             0
 S                  0             0             0             0
 Q                  0             0             0             0
 CUB                0             0             0             0


           PSI
              I             S             Q             CUB
              ________      ________      ________      ________
 I                 11
 S                  0             0
 Q                  0             0             0
 CUB                0             0             0             0


     PARAMETER SPECIFICATION FOR LATENT CLASS REGRESSION MODEL PART


           ALPHA(C)
              C#1           C#2
              ________      ________
                   12             0


     STARTING VALUES FOR LATENT CLASS 1


           NU
              SAPS_0        SAPS_1        SAPS_2        SAPS_3        SAPS_6
              ________      ________      ________      ________      ________
                0.000         0.000         0.000         0.000         0.000


           NU
              SAPS_9        SAPS_12       SAPS_18       SAPS_24
              ________      ________      ________      ________
                0.000         0.000         0.000         0.000


           LAMBDA
              I             S             Q             CUB
              ________      ________      ________      ________
 SAPS_0         1.000         0.000         0.000         0.000
 SAPS_1         1.000         1.000         1.000         1.000
 SAPS_2         1.000         2.000         4.000         8.000
 SAPS_3         1.000         3.000         9.000        27.000
 SAPS_6         1.000         6.000        36.000       216.000
 SAPS_9         1.000         9.000        81.000       729.000
 SAPS_12        1.000        12.000       144.000      1728.000
 SAPS_18        1.000        18.000       324.000      5832.000
 SAPS_24        1.000        24.000       576.000     13824.000


           THETA
              SAPS_0        SAPS_1        SAPS_2        SAPS_3        SAPS_6
              ________      ________      ________      ________      ________
 SAPS_0         5.271
 SAPS_1         0.000         7.246
 SAPS_2         0.000         0.000         6.692
 SAPS_3         0.000         0.000         0.000         6.465
 SAPS_6         0.000         0.000         0.000         0.000         6.866
 SAPS_9         0.000         0.000         0.000         0.000         0.000
 SAPS_12        0.000         0.000         0.000         0.000         0.000
 SAPS_18        0.000         0.000         0.000         0.000         0.000
 SAPS_24        0.000         0.000         0.000         0.000         0.000


           THETA
              SAPS_9        SAPS_12       SAPS_18       SAPS_24
              ________      ________      ________      ________
 SAPS_9         6.180
 SAPS_12        0.000         7.261
 SAPS_18        0.000         0.000         6.410
 SAPS_24        0.000         0.000         0.000         7.513


           ALPHA
              I             S             Q             CUB
              ________      ________      ________      ________
               10.720        -4.185         0.874        -0.062


           BETA
              I             S             Q             CUB
              ________      ________      ________      ________
 I              0.000         0.000         0.000         0.000
 S              0.000         0.000         0.000         0.000
 Q              0.000         0.000         0.000         0.000
 CUB            0.000         0.000         0.000         0.000


           PSI
              I             S             Q             CUB
              ________      ________      ________      ________
 I             16.202
 S              0.000         0.000
 Q              0.000         0.000         0.000
 CUB            0.000         0.000         0.000         0.000


     STARTING VALUES FOR LATENT CLASS 2


           NU
              SAPS_0        SAPS_1        SAPS_2        SAPS_3        SAPS_6
              ________      ________      ________      ________      ________
                0.000         0.000         0.000         0.000         0.000


           NU
              SAPS_9        SAPS_12       SAPS_18       SAPS_24
              ________      ________      ________      ________
                0.000         0.000         0.000         0.000


           LAMBDA
              I             S             Q             CUB
              ________      ________      ________      ________
 SAPS_0         1.000         0.000         0.000         0.000
 SAPS_1         1.000         1.000         1.000         1.000
 SAPS_2         1.000         2.000         4.000         8.000
 SAPS_3         1.000         3.000         9.000        27.000
 SAPS_6         1.000         6.000        36.000       216.000
 SAPS_9         1.000         9.000        81.000       729.000
 SAPS_12        1.000        12.000       144.000      1728.000
 SAPS_18        1.000        18.000       324.000      5832.000
 SAPS_24        1.000        24.000       576.000     13824.000


           THETA
              SAPS_0        SAPS_1        SAPS_2        SAPS_3        SAPS_6
              ________      ________      ________      ________      ________
 SAPS_0         5.271
 SAPS_1         0.000         7.246
 SAPS_2         0.000         0.000         6.692
 SAPS_3         0.000         0.000         0.000         6.465
 SAPS_6         0.000         0.000         0.000         0.000         6.866
 SAPS_9         0.000         0.000         0.000         0.000         0.000
 SAPS_12        0.000         0.000         0.000         0.000         0.000
 SAPS_18        0.000         0.000         0.000         0.000         0.000
 SAPS_24        0.000         0.000         0.000         0.000         0.000


           THETA
              SAPS_9        SAPS_12       SAPS_18       SAPS_24
              ________      ________      ________      ________
 SAPS_9         6.180
 SAPS_12        0.000         7.261
 SAPS_18        0.000         0.000         6.410
 SAPS_24        0.000         0.000         0.000         7.513


           ALPHA
              I             S             Q             CUB
              ________      ________      ________      ________
               10.720        -4.185         0.874        -0.062


           BETA
              I             S             Q             CUB
              ________      ________      ________      ________
 I              0.000         0.000         0.000         0.000
 S              0.000         0.000         0.000         0.000
 Q              0.000         0.000         0.000         0.000
 CUB            0.000         0.000         0.000         0.000


           PSI
              I             S             Q             CUB
              ________      ________      ________      ________
 I             16.202
 S              0.000         0.000
 Q              0.000         0.000         0.000
 CUB            0.000         0.000         0.000         0.000


     STARTING VALUES FOR LATENT CLASS REGRESSION MODEL PART


           ALPHA(C)
              C#1           C#2
              ________      ________
                0.000         0.000


TECHNICAL 11 OUTPUT

     Random Starts Specifications for the k-1 Class Analysis Model
        Number of initial stage random starts                 500
        Number of final stage optimizations                   125



     VUONG-LO-MENDELL-RUBIN LIKELIHOOD RATIO TEST FOR 1 (H0) VERSUS 2 CLASSES

          H0 Loglikelihood Value                        -8466.197
          2 Times the Loglikelihood Difference             93.215
          Difference in the Number of Parameters                6
          Mean                                             11.592
          Standard Deviation                               10.020
          P-Value                                          0.0001

     LO-MENDELL-RUBIN ADJUSTED LRT TEST

          Value                                            90.697
          P-Value                                          0.0001


SAMPLE STATISTICS FOR ESTIMATED FACTOR SCORES


     SAMPLE STATISTICS


           Means
              I             S             Q             CUB           C_I
              ________      ________      ________      ________      ________
                9.052        -1.908         0.164        -0.004         9.120


           Means
              C_S           C_Q           C_CUB
              ________      ________      ________
               -1.925         0.166        -0.004


           Covariances
              I             S             Q             CUB           C_I
              ________      ________      ________      ________      ________
 I              1.635
 S              0.395         0.139
 Q             -0.037        -0.013         0.001
 CUB            0.001         0.000         0.000         0.000
 C_I            1.614         0.398        -0.037         0.001         1.612
 C_S            0.439         0.163        -0.015         0.000         0.458
 C_Q           -0.041        -0.015         0.001         0.000        -0.043
 C_CUB          0.001         0.000         0.000         0.000         0.001


           Covariances
              C_S           C_Q           C_CUB
              ________      ________      ________
 C_S            0.213
 C_Q           -0.020         0.002
 C_CUB          0.000         0.000         0.000


           Correlations
              I             S             Q             CUB           C_I
              ________      ________      ________      ________      ________
 I              1.000
 S              0.829         1.000
 Q             -0.829        -1.000         1.000
 CUB            0.829         1.000        -1.000         1.000
 C_I            0.994         0.841        -0.841         0.841         1.000
 C_S            0.744         0.948        -0.948         0.948         0.782
 C_Q           -0.744        -0.948         0.948        -0.948        -0.782
 C_CUB          0.744         0.948        -0.948         0.948         0.782


           Correlations
              C_S           C_Q           C_CUB
              ________      ________      ________
 C_S            1.000
 C_Q           -1.000         1.000
 C_CUB          1.000        -1.000         1.000


PLOT INFORMATION

The following plots are available:

  Histograms (sample values, estimated factor scores, estimated values, residuals)
  Scatterplots (sample values, estimated factor scores, estimated values, residuals)
  Sample means
  Estimated means, medians, modes, and percentiles
  Sample and estimated means
  Latent variable distribution plots
  Observed individual values
  Estimated individual values
  Estimated means and observed individual values
  Estimated means and estimated individual values
  Estimated overall and class-specific distributions

SAVEDATA INFORMATION


  Save file
    GMM1_i s-cub@0_res.dat

  Order and format of variables

    SAPS_0         F10.3
    SAPS_1         F10.3
    SAPS_2         F10.3
    SAPS_3         F10.3
    SAPS_6         F10.3
    SAPS_9         F10.3
    SAPS_12        F10.3
    SAPS_18        F10.3
    SAPS_24        F10.3
    I              F10.3
    S              F10.3
    Q              F10.3
    CUB            F10.3
    C_I            F10.3
    C_S            F10.3
    C_Q            F10.3
    C_CUB          F10.3
    CPROB1         F10.3
    CPROB2         F10.3
    C              F10.3
    PIN            I4

  Save file format
    20F10.3 I4

  Save file record length    10000

  Save missing symbol        *


     Beginning Time:  10:17:11
        Ending Time:  10:17:54
       Elapsed Time:  00:00:43



MUTHEN & MUTHEN
3463 Stoner Ave.
Los Angeles, CA  90066

Tel: (310) 391-9971
Fax: (310) 391-8971
Web: www.StatModel.com
Support: Support@StatModel.com

Copyright (c) 1998-2021 Muthen & Muthen
