Mplus VERSION 8.6 (Mac)
MUTHEN & MUTHEN
01/25/2024   4:25 PM

INPUT INSTRUCTIONS

  TITLE:
  LCGA1_P2_K3_S4000

  DATA:
  FILE = "/Users/olivierpercie/Desktop/LGM/SOFAS/689/Results/LCGA1/P=2/K=3/K3_S4000.dat";

  VARIABLE:
  NAMES = pin SOFAS_0 SOFAS_12 SOFAS_24;
   MISSING=.;
   USEVAR = SOFAS_0 SOFAS_12 SOFAS_24;
  IDVAR = pin;
  CLASSES = c(3);

  ANALYSIS:
  TYPE = MIXTURE;
  STARTS = 4000 1000;
  K-1STARTS = 2000 500;
  PROCESSORS = 8;

  MODEL:
  %OVERALL%
  i s q |
  SOFAS_0@0 SOFAS_12@12 SOFAS_24@24;
  i-q@0;
  %c#1%
  [i s q];
  SOFAS_0-SOFAS_24 (1);
  %c#2%
  [i s q];
  SOFAS_0-SOFAS_24 (2);
  %c#3%
  [i s q];
  SOFAS_0-SOFAS_24 (3);

  OUTPUT:
  SAMPSTAT STANDARDIZED;
  TECH1;
  TECH11;

  SAVEDATA:
  FILE = K3_S4000_res.dat;
  SAVE = CPROBABILITIES FSCORES;

  PLOT:
  TYPE = plot3;
  SERIES = SOFAS_0 (s) SOFAS_12 (s) SOFAS_24 (s);




*** WARNING in MODEL command
  All continuous latent variable covariances involving I have been fixed to 0
  because the variance of I is fixed at 0.
*** WARNING in MODEL command
  All continuous latent variable covariances involving S have been fixed to 0
  because the variance of S is fixed at 0.
*** WARNING
  Data set contains cases with missing on all variables.
  These cases were not included in the analysis.
  Number of cases with missing on all variables:  39
   3 WARNING(S) FOUND IN THE INPUT INSTRUCTIONS




LCGA1_P2_K3_S4000

SUMMARY OF ANALYSIS

Number of groups                                                 1
Number of observations                                         650

Number of dependent variables                                    3
Number of independent variables                                  0
Number of continuous latent variables                            3
Number of categorical latent variables                           1

Observed dependent variables

  Continuous
   SOFAS_0     SOFAS_12    SOFAS_24

Continuous latent variables
   I           S           Q

Categorical latent variables
   C

Variables with special functions

  ID variable           PIN

Estimator                                                      MLR
Information matrix                                        OBSERVED
Optimization Specifications for the Quasi-Newton Algorithm for
Continuous Outcomes
  Maximum number of iterations                                 100
  Convergence criterion                                  0.100D-05
Optimization Specifications for the EM Algorithm
  Maximum number of iterations                                 500
  Convergence criteria
    Loglikelihood change                                 0.100D-06
    Relative loglikelihood change                        0.100D-06
    Derivative                                           0.100D-05
Optimization Specifications for the M step of the EM Algorithm for
Categorical Latent variables
  Number of M step iterations                                    1
  M step convergence criterion                           0.100D-05
  Basis for M step termination                           ITERATION
Optimization Specifications for the M step of the EM Algorithm for
Censored, Binary or Ordered Categorical (Ordinal), Unordered
Categorical (Nominal) and Count Outcomes
  Number of M step iterations                                    1
  M step convergence criterion                           0.100D-05
  Basis for M step termination                           ITERATION
  Maximum value for logit thresholds                            15
  Minimum value for logit thresholds                           -15
  Minimum expected cell size for chi-square              0.100D-01
Maximum number of iterations for H1                           2000
Convergence criterion for H1                             0.100D-03
Optimization algorithm                                         EMA
Random Starts Specifications
  Number of initial stage random starts                       4000
  Number of final stage optimizations                         1000
  Number of initial stage iterations                            10
  Initial stage convergence criterion                    0.100D+01
  Random starts scale                                    0.500D+01
  Random seed for generating random starts                       0

Input data file(s)
  /Users/olivierpercie/Desktop/LGM/SOFAS/689/Results/LCGA1/P=2/K=3/K3_S4000.dat
Input data format  FREE


SUMMARY OF DATA

     Number of missing data patterns             7
     Number of y missing data patterns           7
     Number of u missing data patterns           0


COVARIANCE COVERAGE OF DATA

Minimum covariance coverage value   0.100


     PROPORTION OF DATA PRESENT FOR Y


           Covariance Coverage
              SOFAS_0       SOFAS_12      SOFAS_24
              ________      ________      ________
 SOFAS_0        0.937
 SOFAS_12       0.629         0.686
 SOFAS_24       0.426         0.388         0.452


SAMPLE STATISTICS


     ESTIMATED SAMPLE STATISTICS


           Means
              SOFAS_0       SOFAS_12      SOFAS_24
              ________      ________      ________
               40.586        61.623        64.583


           Covariances
              SOFAS_0       SOFAS_12      SOFAS_24
              ________      ________      ________
 SOFAS_0      167.781
 SOFAS_12      63.815       298.753
 SOFAS_24      51.633       178.934       325.325


           Correlations
              SOFAS_0       SOFAS_12      SOFAS_24
              ________      ________      ________
 SOFAS_0        1.000
 SOFAS_12       0.285         1.000
 SOFAS_24       0.221         0.574         1.000


     MAXIMUM LOG-LIKELIHOOD VALUE FOR THE UNRESTRICTED (H1) MODEL IS -5526.046


UNIVARIATE SAMPLE STATISTICS


     UNIVARIATE HIGHER-ORDER MOMENT DESCRIPTIVE STATISTICS

         Variable/         Mean/     Skewness/   Minimum/ % with                Percentiles
        Sample Size      Variance    Kurtosis    Maximum  Min/Max      20%/60%    40%/80%    Median

     SOFAS_0              40.558       0.732      15.000    0.16%      30.000     35.000     40.000
             609.000     167.692       0.207      85.000    0.16%      41.000     51.000
     SOFAS_12             61.531      -0.180      20.000    0.22%      45.000     55.000     61.000
             446.000     297.581      -0.825     100.000    0.22%      68.000     80.000
     SOFAS_24             63.724      -0.278       5.000    0.34%      50.000     60.000     65.000
             294.000     327.914      -0.630     100.000    0.68%      70.000     80.000

RANDOM STARTS RESULTS RANKED FROM THE BEST TO THE WORST LOGLIKELIHOOD VALUES


5 perturbed starting value run(s) did not converge or were rejected in the third stage.
Final stage loglikelihood values at local maxima, seeds, and initial stage start numbers:

           -5490.981  850112           922
           -5496.415  847341           1398
           -5496.415  750839           3904
           -5496.415  729267           2202
           -5496.415  91793            2862
           -5496.415  824535           3127
           -5496.415  197701           1770
           -5496.415  636396           168
           -5496.415  584397           428
           -5496.415  781349           1079
           -5496.415  964201           2175
           -5496.415  369973           2201
           -5496.415  652857           1254
           -5496.415  705631           1269
           -5496.415  278661           674
           -5496.415  362529           2736
           -5496.415  231373           2766
           -5496.415  912489           1436
           -5496.415  386915           2902
           -5496.415  828340           1559
           -5496.415  138695           783
           -5496.415  141203           1639
           -5496.415  69526            3599
           -5496.415  745177           1879
           -5496.415  184656           1978
           -5496.415  879409           2041
           -5496.415  215353           164
           -5496.415  939709           112
           -5496.415  273992           349
           -5496.415  930323           267
           -5496.415  259507           53
           -5496.415  124755           2194
           -5496.415  470991           2259
           -5496.415  842637           2453
           -5496.415  667455           2558
           -5496.415  266008           656
           -5496.415  303634           169
           -5496.415  13333            2868
           -5496.415  312587           775
           -5496.415  287545           3198
           -5496.415  747511           3236
           -5496.415  464143           3302
           -5496.415  623663           3446
           -5496.415  928789           3670
           -5496.415  199051           3709
           -5496.415  3461             3879
           -5496.415  392751           480
           -5496.415  280543           3450
           -5496.415  453915           975
           -5496.415  12177            3942
           -5496.415  266349           1989
           -5496.415  66309            2168
           -5496.422  77758            2126
           -5496.422  752148           822
           -5496.422  292884           103
           -5496.422  863094           147
           -5496.422  915628           2059
           -5496.422  602328           2117
           -5496.422  331681           549
           -5496.422  387701           275
           -5496.422  300470           1153
           -5496.422  908483           2331
           -5496.422  113138           585
           -5496.422  951352           2419
           -5496.422  237742           1219
           -5496.422  908248           2536
           -5496.422  216330           2607
           -5496.422  298997           1315
           -5496.422  277373           1374
           -5496.422  488581           688
           -5496.422  24384            2932
           -5496.422  194728           2949
           -5496.422  171417           2992
           -5496.422  549244           756
           -5496.422  374756           3154
           -5496.422  657994           788
           -5496.422  873388           3173
           -5496.422  440368           797
           -5496.422  32468            1606
           -5496.422  432513           803
           -5496.422  739214           807
           -5496.422  205875           1635
           -5496.422  960582           1691
           -5496.422  715647           3390
           -5496.422  384199           882
           -5496.422  299774           1777
           -5496.422  137888           901
           -5496.422  174969           3623
           -5496.422  489974           3631
           -5496.422  755198           3814
           -5496.422  47719            962
           -5496.422  207917           976
           -5496.422  21130            1988
           -5496.422  23143            2012
           -5496.422  107025           1009
           -5496.422  429335           2021
           -5496.422  425831           2022
           -5496.422  471438           252
           -5496.422  146900           391
           -5496.422  621542           375
           -5496.422  587946           120
           -5496.422  857799           315
           -5496.422  597614           284
           -5496.422  317640           437
           -5496.422  359578           458
           -5496.422  981480           1025
           -5496.422  147440           514
           -5496.422  621197           1029
           -5496.422  79212            517
           -5496.422  54325            2073
           -5496.422  800560           2088
           -5496.422  150818           1050
           -5496.422  35478            2103
           -5496.422  104688           2107
           -5496.422  258756           2111
           -5496.422  158701           1058
           -5496.422  347222           533
           -5496.422  570842           2137
           -5496.422  181178           1069
           -5496.422  872628           2146
           -5496.422  309881           2153
           -5496.422  861335           2170
           -5496.422  809240           543
           -5496.422  248742           556
           -5496.422  832104           2228
           -5496.422  955502           1119
           -5496.422  685765           2244
           -5496.422  457623           2246
           -5496.422  829063           2276
           -5496.422  185473           2281
           -5496.422  556955           1141
           -5496.422  27690            2347
           -5496.422  947659           2351
           -5496.422  340711           2353
           -5496.422  374735           1178
           -5496.422  44340            1189
           -5496.422  250872           2380
           -5496.422  156034           2381
           -5496.422  202063           2385
           -5496.422  415538           1196
           -5496.422  641890           2395
           -5496.422  414059           1200
           -5496.422  743878           2402
           -5496.422  284384           600
           -5496.422  258359           1202
           -5496.422  404840           1210
           -5496.422  794804           1211
           -5496.422  824956           607
           -5496.422  460407           2435
           -5496.422  997423           2447
           -5496.422  122040           1231
           -5496.422  919098           2465
           -5496.422  293428           2473
           -5496.422  150531           154
           -5496.422  940258           1242
           -5496.422  424280           1245
           -5496.422  794264           2493
           -5496.422  228558           2496
           -5496.422  463473           1249
           -5496.422  87366            2501
           -5496.422  386373           2504
           -5496.422  999211           628
           -5496.422  77596            1258
           -5496.422  377584           630
           -5496.422  712531           631
           -5496.422  995197           2529
           -5496.422  220279           2533
           -5496.422  531668           1271
           -5496.422  249557           2545
           -5496.422  573035           1273
           -5496.422  478277           2552
           -5496.422  863378           2556
           -5496.422  778331           1280
           -5496.422  661978           1281
           -5496.422  865906           641
           -5496.422  670915           2568
           -5496.422  291112           645
           -5496.422  606078           1296
           -5496.422  167220           2608
           -5496.422  770836           2614
           -5496.422  901334           2630
           -5496.422  173440           328
           -5496.422  563584           657
           -5496.422  502203           1322
           -5496.422  95387            2651
           -5496.422  84256            2662
           -5496.422  662983           666
           -5496.422  850404           2667
           -5496.422  788342           2681
           -5496.422  153302           2685
           -5496.422  830367           1351
           -5496.422  344689           1354
           -5496.422  743830           1368
           -5496.422  712702           684
           -5496.422  908977           2740
           -5496.422  305245           2749
           -5496.422  832850           2779
           -5496.422  952712           2780
           -5496.422  145786           2785
           -5496.422  284920           2791
           -5496.422  794866           2795
           -5496.422  595969           2801
           -5496.422  309852           2802
           -5496.422  856612           700
           -5496.422  444307           2809
           -5496.422  300844           1405
           -5496.422  476393           705
           -5496.422  662524           1414
           -5496.422  692531           2838
           -5496.422  570598           2839
           -5496.422  228185           2842
           -5496.422  46502            714
           -5496.422  124369           2863
           -5496.422  702492           718
           -5496.422  178031           720
           -5496.422  670281           721
           -5496.422  659319           2888
           -5496.422  177936           726
           -5496.422  991258           2910
           -5496.422  72662            729
           -5496.422  107362           2928
           -5496.422  559901           2956
           -5496.422  760850           739
           -5496.422  553920           2961
           -5496.422  220492           743
           -5496.422  733001           2985
           -5496.422  795367           2990
           -5496.422  203244           2995
           -5496.422  549964           3035
           -5496.422  943158           3059
           -5496.422  196942           3067
           -5496.422  109946           771
           -5496.422  453384           1545
           -5496.422  526742           1546
           -5496.422  722095           1549
           -5496.422  467054           3103
           -5496.422  595190           1554
           -5496.422  40947            3116
           -5496.422  675953           1562
           -5496.422  921023           782
           -5496.422  251641           784
           -5496.422  996270           1572
           -5496.422  326355           1576
           -5496.422  829442           1596
           -5496.422  240994           1598
           -5496.422  309767           3240
           -5496.422  693264           3274
           -5496.422  548245           818
           -5496.422  858002           1644
           -5496.422  344416           3290
           -5496.422  372483           1645
           -5496.422  867669           3303
           -5496.422  970791           3310
           -5496.422  278485           3316
           -5496.422  749756           3321
           -5496.422  933600           1661
           -5496.422  698420           3334
           -5496.422  761888           3339
           -5496.422  671703           3340
           -5496.422  561513           3345
           -5496.422  538470           1681
           -5496.422  718972           3376
           -5496.422  245878           3393
           -5496.422  664045           3406
           -5496.422  638032           1706
           -5496.422  812064           3427
           -5496.422  115028           1718
           -5496.422  816796           1728
           -5496.422  221256           3464
           -5496.422  580993           3470
           -5496.422  693300           3487
           -5496.422  908674           1748
           -5496.422  752292           1750
           -5496.422  371378           3506
           -5496.422  779820           877
           -5496.422  149046           1755
           -5496.422  294492           3513
           -5496.422  721467           3514
           -5496.422  119023           3521
           -5496.422  685155           1761
           -5496.422  76930            1767
           -5496.422  426103           3577
           -5496.422  560824           3578
           -5496.422  845533           1789
           -5496.422  954581           3583
           -5496.422  188944           3585
           -5496.422  274000           3607
           -5496.422  309523           3620
           -5496.422  98352            3636
           -5496.422  677338           3640
           -5496.422  954914           911
           -5496.422  612601           3658
           -5496.422  484116           915
           -5496.422  514266           3692
           -5496.422  318596           3710
           -5496.422  70157            1858
           -5496.422  32422            3759
           -5496.422  460304           3764
           -5496.422  450584           3772
           -5496.422  910119           1886
           -5496.422  693975           3781
           -5496.422  501017           1904
           -5496.422  673681           3809
           -5496.422  172531           1912
           -5496.422  170662           3825
           -5496.422  884242           957
           -5496.422  270107           3831
           -5496.422  131921           3841
           -5496.422  225630           3846
           -5496.422  195981           3849
           -5496.422  371459           3863
           -5496.422  849285           3864
           -5496.422  242560           3868
           -5496.422  357866           968
           -5496.422  766178           1937
           -5496.422  988290           1938
           -5496.422  968846           970
           -5496.422  164643           1941
           -5496.422  768687           1953
           -5496.422  647472           3927
           -5496.422  312951           3935
           -5496.422  477409           3957
           -5496.422  588848           3965
           -5496.422  518896           3970
           -5496.422  579124           3973
           -5496.422  448038           3979
           -5496.422  595759           997
           -5496.422  876056           1000
           -5496.422  910119           2034
           -5496.422  81117            305
           -5496.422  609185           181
           -5496.422  65651            214
           -5496.422  475420           71
           -5496.422  551639           55
           -5496.422  568405           233
           -5496.422  175199           247
           -5496.422  313407           132
           -5496.422  813779           92
           -5496.422  741484           441
           -5496.422  252949           487
           -5496.422  422103           62
           -5496.422  281462           285
           -5496.422  354559           73
           -5496.422  366533           484
           -5496.422  575700           100
           -5496.422  370466           41
           -5496.422  965994           396
           -5496.422  485256           371
           -5496.422  416250           390
           -5496.422  699554           427
           -5496.422  595153           230
           -5496.422  425982           485
           -5496.422  654136           167
           -5496.422  780698           337
           -5496.422  85462            51
           -5496.422  354624           448
           -5496.422  922596           456
           -5496.422  972430           491
           -5496.422  263268           165
           -5496.422  686482           215
           -5496.422  898745           466
           -5496.422  960438           116
           -5496.422  407108           366
           -5496.422  399848           220
           -5496.422  997222           229
           -5496.422  871851           257
           -5496.422  540678           2071
           -5496.422  314662           1036
           -5496.422  550871           1037
           -5496.422  835162           1038
           -5496.422  489927           520
           -5496.422  905166           1042
           -5496.422  456915           2092
           -5496.422  638611           524
           -5496.422  252346           528
           -5496.422  78862            529
           -5496.422  601074           2119
           -5496.422  379230           2125
           -5496.422  661919           1062
           -5496.422  60038            1064
           -5496.422  177305           2130
           -5496.422  732140           2131
           -5496.422  481592           2133
           -5496.422  812494           2144
           -5496.422  413564           535
           -5496.422  864006           1075
           -5496.422  734100           2162
           -5496.422  231281           542
           -5496.422  703715           2171
           -5496.422  896135           2189
           -5496.422  777504           2190
           -5496.422  995875           547
           -5496.422  229744           1096
           -5496.422  137614           2198
           -5496.422  85839            1099
           -5496.422  397552           2213
           -5496.422  609145           2242
           -5496.422  706042           1129
           -5496.422  271886           2268
           -5496.422  311484           1135
           -5496.422  901150           1143
           -5496.422  364335           2289
           -5496.422  68932            2292
           -5496.422  947714           573
           -5496.422  753916           2300
           -5496.422  570738           2306
           -5496.422  269171           2307
           -5496.422  158612           581
           -5496.422  346838           1170
           -5496.422  52010            2350
           -5496.422  998744           2367
           -5496.422  525403           1184
           -5496.422  5262             2370
           -5496.422  775844           2371
           -5496.422  628997           1188
           -5496.422  25531            2390
           -5496.422  2315             2397
           -5496.422  276102           599
           -5496.422  788325           2409
           -5496.422  264316           2420
           -5496.422  738551           1214
           -5496.422  298753           2438
           -5496.422  920593           611
           -5496.422  459547           2467
           -5496.422  351807           617
           -5496.422  897272           1239
           -5496.422  56628            2485
           -5496.422  834485           2486
           -5496.422  611740           1251
           -5496.422  421606           2526
           -5496.422  110260           2535
           -5496.422  83878            2541
           -5496.422  234198           2548
           -5496.422  770425           2577
           -5496.422  134413           1290
           -5496.422  324517           1297
           -5496.422  928683           1307
           -5496.422  95308            2618
           -5496.422  461409           1310
           -5496.422  226814           2623
           -5496.422  907407           2624
           -5496.422  900149           2646
           -5496.422  163116           1329
           -5496.422  289688           1330
           -5496.422  917184           1337
           -5496.422  404917           1338
           -5496.422  817593           2682
           -5496.422  452356           1341
           -5496.422  619114           2697
           -5496.422  276023           1353
           -5496.422  613933           2709
           -5496.422  469571           2712
           -5496.422  449258           1356
           -5496.422  536075           2726
           -5496.422  850354           2738
           -5496.422  424818           2756
           -5496.422  667170           1379
           -5496.422  651337           2772
           -5496.422  341365           2794
           -5496.422  900432           2808
           -5496.422  531546           702
           -5496.422  558741           2815
           -5496.422  889772           2832
           -5496.422  738293           2836
           -5496.422  979084           2837
           -5496.422  824026           2867
           -5496.422  619388           2871
           -5496.422  173429           2879
           -5496.422  655632           2885
           -5496.422  685140           1450
           -5496.422  42523            730
           -5496.422  671580           2924
           -5496.422  478341           731
           -5496.422  120380           1470
           -5496.422  745490           2960
           -5496.422  523233           1487
           -5496.422  674786           1496
           -5496.422  34900            3002
           -5496.422  308582           752
           -5496.422  846194           93
           -5496.422  27352            1516
           -5496.422  80226            3041
           -5496.422  964999           1522
           -5496.422  960766           3046
           -5496.422  157736           1524
           -5496.422  567996           3049
           -5496.422  412135           3072
           -5496.422  182318           1536
           -5496.422  689967           3091
           -5496.422  914462           3094
           -5496.422  354564           3098
           -5496.422  565930           3101
           -5496.422  276071           1551
           -5496.422  134830           780
           -5496.422  16207            1568
           -5496.422  935426           3142
           -5496.422  590834           785
           -5496.422  423665           3152
           -5496.422  44644            3181
           -5496.422  907810           795
           -5496.422  375054           3183
           -5496.422  363979           1594
           -5496.422  9311             1597
           -5496.422  276397           3205
           -5496.422  496792           3210
           -5496.422  591290           1607
           -5496.422  725083           3216
           -5496.422  432765           1609
           -5496.422  884737           3225
           -5496.422  272764           3230
           -5496.422  649554           3231
           -5496.422  832635           3239
           -5496.422  863643           1619
           -5496.422  786887           3242
           -5496.422  291884           1621
           -5496.422  503619           3249
           -5496.422  965578           3276
           -5496.422  737045           1638
           -5496.422  231199           1641
           -5496.422  781255           3287
           -5496.422  564016           1646
           -5496.422  634333           1648
           -5496.422  588699           828
           -5496.422  296574           3320
           -5496.422  220889           3323
           -5496.422  968853           3327
           -5496.422  147744           3331
           -5496.422  461687           833
           -5496.422  895274           3342
           -5496.422  422856           1676
           -5496.422  500237           3358
           -5496.422  175767           3362
           -5496.422  763415           3374
           -5496.422  784646           1687
           -5496.422  473343           844
           -5496.422  540809           3389
           -5496.422  514629           1695
           -5496.422  200506           3391
           -5496.422  812408           1705
           -5496.422  139018           1714
           -5496.422  690596           858
           -5496.422  965074           1719
           -5496.422  444228           860
           -5496.422  109920           1729
           -5496.422  546943           865
           -5496.422  883488           3465
           -5496.422  212241           3466
           -5496.422  500273           3468
           -5496.422  885995           3469
           -5496.422  259148           1734
           -5496.422  56176            3476
           -5496.422  492814           1746
           -5496.422  848795           1757
           -5496.422  633122           3524
           -5496.422  897975           3527
           -5496.422  845569           3567
           -5496.422  382383           3589
           -5496.422  304444           3594
           -5496.422  778949           3595
           -5496.422  798658           3600
           -5496.422  235468           1802
           -5496.422  80798            3616
           -5496.422  494209           904
           -5496.422  33915            3624
           -5496.422  930501           1819
           -5496.422  81954            1823
           -5496.422  923160           3652
           -5496.422  796166           3654
           -5496.422  712638           1827
           -5496.422  855934           3662
           -5496.422  309926           1841
           -5496.422  74518            927
           -5496.422  826112           3721
           -5496.422  398323           3723
           -5496.422  299700           932
           -5496.422  508123           3732
           -5496.422  930218           3738
           -5496.422  11984            934
           -5496.422  566399           1877
           -5496.422  568973           3758
           -5496.422  288738           940
           -5496.422  612218           3784
           -5496.422  568287           3791
           -5496.422  839733           3798
           -5496.422  248493           1901
           -5496.422  703182           3819
           -5496.422  452789           3826
           -5496.422  262922           1914
           -5496.422  373370           3833
           -5496.422  863691           481
           -5496.422  208620           965
           -5496.422  907014           3870
           -5496.422  470038           3874
           -5496.422  891481           1948
           -5496.422  44842            3910
           -5496.422  112441           3926
           -5496.422  921550           3934
           -5496.422  193757           3938
           -5496.422  435506           988
           -5496.422  75718            1987
           -5496.422  105624           3977
           -5496.422  118958           994
           -5496.422  108148           3981
           -5496.422  899942           1996
           -5496.422  98068            998
           -5496.422  532095           2004
           -5496.422  543202           2009
           -5496.422  603765           1006
           -5496.422  399071           1007
           -5496.422  155622           507
           -5496.422  957086           1019
           -5496.422  441191           361
           -5496.422  405079           68
           -5496.422  631413           439
           -5496.422  521575           313
           -5496.422  563002           360
           -5496.422  436460           89
           -5496.422  238906           430
           -5496.422  751054           117
           -5496.422  512836           289
           -5496.422  1548             384
           -5496.422  23012            352
           -5496.422  415931           10
           -5496.422  782821           272
           -5496.422  602797           336
           -5496.422  402224           91
           -5496.422  797594           234
           -5496.422  136842           58
           -5496.422  458181           189
           -5496.422  518828           432
           -5496.422  944394           1024
           -5496.422  527134           2091
           -5496.422  98720            1059
           -5496.422  987012           1067
           -5496.422  607284           2163
           -5496.422  592043           1090
           -5496.422  21260            1125
           -5496.422  765589           1140
           -5496.422  645976           2302
           -5496.422  155106           2304
           -5496.422  661264           1181
           -5496.422  789171           2365
           -5496.422  170683           2388
           -5496.422  447667           2408
           -5496.422  897581           1204
           -5496.422  848356           602
           -5496.422  539683           1215
           -5496.422  625147           2538
           -5496.422  990548           1276
           -5496.422  881268           1299
           -5496.422  730263           2641
           -5496.422  993504           2658
           -5496.422  940517           2728
           -5496.422  198008           1365
           -5496.422  732904           2739
           -5496.422  874339           2782
           -5496.422  193581           2898
           -5496.422  802785           2969
           -5496.422  135790           3060
           -5496.422  106244           1535
           -5496.422  587750           3135
           -5496.422  614098           3308
           -5496.422  736705           3319
           -5496.422  146857           1673
           -5496.422  987174           1689
           -5496.422  810594           845
           -5496.422  993088           1740
           -5496.422  323342           3569
           -5496.422  32291            1817
           -5496.422  843278           3660
           -5496.422  41447            3665
           -5496.422  733175           1857
           -5496.422  196983           3722
           -5496.422  527050           948
           -5496.422  383371           3818
           -5496.422  117116           1909
           -5496.422  928624           981
           -5496.422  883789           1967
           -5496.422  182767           3941
           -5496.422  621308           3960
           -5496.422  919494           2018
           -5496.422  349360           464
           -5496.422  723775           97
           -5496.422  641794           591
           -5496.422  887941           2425
           -5496.422  712296           1243
           -5496.422  622607           2735
           -5496.422  559773           1440
           -5496.422  908276           2917
           -5496.422  334092           2974
           -5496.422  398067           1759
           -5496.422  197904           1782
           -5496.422  952682           1882
           -5496.422  660326           2639
           -5496.422  411984           3134
           -5496.422  425149           878
           -5496.422  152496           123
           -5496.422  605565           404
           -5496.422  865575           2077
           -5496.422  32106            2108
           -5496.422  690012           2686
           -5496.422  227770           3166
           -5496.422  990322           3309
           -5496.422  798541           1266
           -5496.422  633668           2874
           -5496.422  898058           1586
           -5496.422  115831           3223
           -5496.422  783110           72
           -5496.422  332986           1193
           -5496.422  505528           1604
           -5496.422  839912           3360
           -5496.422  33553            2098
           -5496.422  206705           3822
           -5497.745  494115           2634
           -5497.745  647125           3590
           -5497.745  399671           13
           -5497.745  60464            2254
           -5497.745  225539           1150
           -5497.745  552272           654
           -5497.745  585553           3136
           -5497.745  442009           3848
           -5497.745  754917           2988
           -5497.745  7886             804
           -5497.745  754100           56

276 perturbed starting value run(s) did not converge or were rejected in the third stage.



     WARNING:  THE BEST LOGLIKELIHOOD VALUE WAS NOT REPLICATED.  THE
     SOLUTION MAY NOT BE TRUSTWORTHY DUE TO LOCAL MAXIMA.  INCREASE THE
     NUMBER OF RANDOM STARTS.


THE MODEL ESTIMATION TERMINATED NORMALLY



MODEL FIT INFORMATION

Number of Free Parameters                       14

Loglikelihood

          H0 Value                       -5490.981
          H0 Scaling Correction Factor      1.0821
            for MLR

Information Criteria

          Akaike (AIC)                   11009.962
          Bayesian (BIC)                 11072.640
          Sample-Size Adjusted BIC       11028.190
            (n* = (n + 2) / 24)



FINAL CLASS COUNTS AND PROPORTIONS FOR THE LATENT CLASSES
BASED ON THE ESTIMATED MODEL

    Latent
   Classes

       1        382.81487          0.58895
       2        245.50011          0.37769
       3         21.68502          0.03336


FINAL CLASS COUNTS AND PROPORTIONS FOR THE LATENT CLASSES
BASED ON ESTIMATED POSTERIOR PROBABILITIES

    Latent
   Classes

       1        382.81487          0.58895
       2        245.50011          0.37769
       3         21.68502          0.03336


FINAL CLASS COUNTS AND PROPORTIONS FOR THE LATENT CLASSES
BASED ON THEIR MOST LIKELY LATENT CLASS MEMBERSHIP

Class Counts and Proportions

    Latent
   Classes

       1              402          0.61846
       2              205          0.31538
       3               43          0.06615


CLASSIFICATION QUALITY

     Entropy                         0.682


Average Latent Class Probabilities for Most Likely Latent Class Membership (Row)
by Latent Class (Column)

           1        2        3

    1   0.853    0.147    0.000
    2   0.149    0.850    0.001
    3   0.223    0.277    0.501


Classification Probabilities for the Most Likely Latent Class Membership (Column)
by Latent Class (Row)

           1        2        3

    1   0.895    0.080    0.025
    2   0.241    0.710    0.048
    3   0.000    0.007    0.993


Logits for the Classification Probabilities for the Most Likely Latent Class Membership (Column)
by Latent Class (Row)

              1        2        3

    1      3.578    1.159    0.000
    2      1.605    2.684    0.000
    3    -13.808   -4.889    0.000


MODEL RESULTS

                                                    Two-Tailed
                    Estimate       S.E.  Est./S.E.    P-Value

Latent Class 1

 I        |
    SOFAS_0            1.000      0.000    999.000    999.000
    SOFAS_12           1.000      0.000    999.000    999.000
    SOFAS_24           1.000      0.000    999.000    999.000

 S        |
    SOFAS_0            0.000      0.000    999.000    999.000
    SOFAS_12          12.000      0.000    999.000    999.000
    SOFAS_24          24.000      0.000    999.000    999.000

 Q        |
    SOFAS_0            0.000      0.000    999.000    999.000
    SOFAS_12         144.000      0.000    999.000    999.000
    SOFAS_24         576.000      0.000    999.000    999.000

 Means
    I                 44.390      0.853     52.067      0.000
    S                  3.230      0.187     17.270      0.000
    Q                 -0.081      0.007    -11.987      0.000

 Intercepts
    SOFAS_0            0.000      0.000    999.000    999.000
    SOFAS_12           0.000      0.000    999.000    999.000
    SOFAS_24           0.000      0.000    999.000    999.000

 Variances
    I                  0.000      0.000    999.000    999.000
    S                  0.000      0.000    999.000    999.000
    Q                  0.000      0.000    999.000    999.000

 Residual Variances
    SOFAS_0          165.010     11.771     14.019      0.000
    SOFAS_12         165.010     11.771     14.019      0.000
    SOFAS_24         165.010     11.771     14.019      0.000

Latent Class 2

 I        |
    SOFAS_0            1.000      0.000    999.000    999.000
    SOFAS_12           1.000      0.000    999.000    999.000
    SOFAS_24           1.000      0.000    999.000    999.000

 S        |
    SOFAS_0            0.000      0.000    999.000    999.000
    SOFAS_12          12.000      0.000    999.000    999.000
    SOFAS_24          24.000      0.000    999.000    999.000

 Q        |
    SOFAS_0            0.000      0.000    999.000    999.000
    SOFAS_12         144.000      0.000    999.000    999.000
    SOFAS_24         576.000      0.000    999.000    999.000

 Means
    I                 35.527      1.056     33.654      0.000
    S                  1.360      0.237      5.736      0.000
    Q                 -0.033      0.010     -3.346      0.001

 Intercepts
    SOFAS_0            0.000      0.000    999.000    999.000
    SOFAS_12           0.000      0.000    999.000    999.000
    SOFAS_24           0.000      0.000    999.000    999.000

 Variances
    I                  0.000      0.000    999.000    999.000
    S                  0.000      0.000    999.000    999.000
    Q                  0.000      0.000    999.000    999.000

 Residual Variances
    SOFAS_0          127.048     18.848      6.741      0.000
    SOFAS_12         127.048     18.848      6.741      0.000
    SOFAS_24         127.048     18.848      6.741      0.000

Latent Class 3

 I        |
    SOFAS_0            1.000      0.000    999.000    999.000
    SOFAS_12           1.000      0.000    999.000    999.000
    SOFAS_24           1.000      0.000    999.000    999.000

 S        |
    SOFAS_0            0.000      0.000    999.000    999.000
    SOFAS_12          12.000      0.000    999.000    999.000
    SOFAS_24          24.000      0.000    999.000    999.000

 Q        |
    SOFAS_0            0.000      0.000    999.000    999.000
    SOFAS_12         144.000      0.000    999.000    999.000
    SOFAS_24         576.000      0.000    999.000    999.000

 Means
    I                 30.565      0.205    148.971      0.000
    S                 -0.042      0.027     -1.590      0.112
    Q                  0.002      0.001      1.250      0.211

 Intercepts
    SOFAS_0            0.000      0.000    999.000    999.000
    SOFAS_12           0.000      0.000    999.000    999.000
    SOFAS_24           0.000      0.000    999.000    999.000

 Variances
    I                  0.000      0.000    999.000    999.000
    S                  0.000      0.000    999.000    999.000
    Q                  0.000      0.000    999.000    999.000

 Residual Variances
    SOFAS_0            0.307      0.090      3.410      0.001
    SOFAS_12           0.307      0.090      3.410      0.001
    SOFAS_24           0.307      0.090      3.410      0.001

Categorical Latent Variables

 Means
    C#1                2.871      0.318      9.032      0.000
    C#2                2.427      0.326      7.435      0.000


QUALITY OF NUMERICAL RESULTS

     Condition Number for the Information Matrix              0.230E-04
       (ratio of smallest to largest eigenvalue)


STANDARDIZED MODEL RESULTS


STDYX Standardization

                                                    Two-Tailed
                    Estimate       S.E.  Est./S.E.    P-Value

Latent Class 1

 I        |
    SOFAS_0          999.000    999.000    999.000    999.000
    SOFAS_12         999.000    999.000    999.000    999.000
    SOFAS_24         999.000    999.000    999.000    999.000

 S        |
    SOFAS_0          999.000    999.000    999.000    999.000
    SOFAS_12         999.000    999.000    999.000    999.000
    SOFAS_24         999.000    999.000    999.000    999.000

 Q        |
    SOFAS_0          999.000    999.000    999.000    999.000
    SOFAS_12         999.000    999.000    999.000    999.000
    SOFAS_24         999.000    999.000    999.000    999.000

 Means
    I                999.000    999.000    999.000    999.000
    S                999.000    999.000    999.000    999.000
    Q                999.000    999.000    999.000    999.000

 Intercepts
    SOFAS_0            0.000      0.000    999.000    999.000
    SOFAS_12           0.000      0.000    999.000    999.000
    SOFAS_24           0.000      0.000    999.000    999.000

 Variances
    I                999.000    999.000    999.000    999.000
    S                999.000    999.000    999.000    999.000
    Q                999.000    999.000    999.000    999.000

 Residual Variances
    SOFAS_0            1.000      0.000    999.000    999.000
    SOFAS_12           1.000      0.000    999.000    999.000
    SOFAS_24           1.000      0.000    999.000    999.000

Latent Class 2

 I        |
    SOFAS_0          999.000    999.000    999.000    999.000
    SOFAS_12         999.000    999.000    999.000    999.000
    SOFAS_24         999.000    999.000    999.000    999.000

 S        |
    SOFAS_0          999.000    999.000    999.000    999.000
    SOFAS_12         999.000    999.000    999.000    999.000
    SOFAS_24         999.000    999.000    999.000    999.000

 Q        |
    SOFAS_0          999.000    999.000    999.000    999.000
    SOFAS_12         999.000    999.000    999.000    999.000
    SOFAS_24         999.000    999.000    999.000    999.000

 Means
    I                999.000    999.000    999.000    999.000
    S                999.000    999.000    999.000    999.000
    Q                999.000    999.000    999.000    999.000

 Intercepts
    SOFAS_0            0.000      0.000    999.000    999.000
    SOFAS_12           0.000      0.000    999.000    999.000
    SOFAS_24           0.000      0.000    999.000    999.000

 Variances
    I                999.000    999.000    999.000    999.000
    S                999.000    999.000    999.000    999.000
    Q                999.000    999.000    999.000    999.000

 Residual Variances
    SOFAS_0            1.000      0.000    999.000    999.000
    SOFAS_12           1.000      0.000    999.000    999.000
    SOFAS_24           1.000      0.000    999.000    999.000

Latent Class 3

 I        |
    SOFAS_0          999.000    999.000    999.000    999.000
    SOFAS_12         999.000    999.000    999.000    999.000
    SOFAS_24         999.000    999.000    999.000    999.000

 S        |
    SOFAS_0          999.000    999.000    999.000    999.000
    SOFAS_12         999.000    999.000    999.000    999.000
    SOFAS_24         999.000    999.000    999.000    999.000

 Q        |
    SOFAS_0          999.000    999.000    999.000    999.000
    SOFAS_12         999.000    999.000    999.000    999.000
    SOFAS_24         999.000    999.000    999.000    999.000

 Means
    I                999.000    999.000    999.000    999.000
    S                999.000    999.000    999.000    999.000
    Q                999.000    999.000    999.000    999.000

 Intercepts
    SOFAS_0            0.000      0.000    999.000    999.000
    SOFAS_12           0.000      0.000    999.000    999.000
    SOFAS_24           0.000      0.000    999.000    999.000

 Variances
    I                999.000    999.000    999.000    999.000
    S                999.000    999.000    999.000    999.000
    Q                999.000    999.000    999.000    999.000

 Residual Variances
    SOFAS_0            1.000      0.000    999.000    999.000
    SOFAS_12           1.000      0.000    999.000    999.000
    SOFAS_24           1.000      0.000    999.000    999.000


STDY Standardization

                                                    Two-Tailed
                    Estimate       S.E.  Est./S.E.    P-Value

Latent Class 1

 I        |
    SOFAS_0          999.000    999.000    999.000    999.000
    SOFAS_12         999.000    999.000    999.000    999.000
    SOFAS_24         999.000    999.000    999.000    999.000

 S        |
    SOFAS_0          999.000    999.000    999.000    999.000
    SOFAS_12         999.000    999.000    999.000    999.000
    SOFAS_24         999.000    999.000    999.000    999.000

 Q        |
    SOFAS_0          999.000    999.000    999.000    999.000
    SOFAS_12         999.000    999.000    999.000    999.000
    SOFAS_24         999.000    999.000    999.000    999.000

 Means
    I                999.000    999.000    999.000    999.000
    S                999.000    999.000    999.000    999.000
    Q                999.000    999.000    999.000    999.000

 Intercepts
    SOFAS_0            0.000      0.000    999.000    999.000
    SOFAS_12           0.000      0.000    999.000    999.000
    SOFAS_24           0.000      0.000    999.000    999.000

 Variances
    I                999.000    999.000    999.000    999.000
    S                999.000    999.000    999.000    999.000
    Q                999.000    999.000    999.000    999.000

 Residual Variances
    SOFAS_0            1.000      0.000    999.000    999.000
    SOFAS_12           1.000      0.000    999.000    999.000
    SOFAS_24           1.000      0.000    999.000    999.000

Latent Class 2

 I        |
    SOFAS_0          999.000    999.000    999.000    999.000
    SOFAS_12         999.000    999.000    999.000    999.000
    SOFAS_24         999.000    999.000    999.000    999.000

 S        |
    SOFAS_0          999.000    999.000    999.000    999.000
    SOFAS_12         999.000    999.000    999.000    999.000
    SOFAS_24         999.000    999.000    999.000    999.000

 Q        |
    SOFAS_0          999.000    999.000    999.000    999.000
    SOFAS_12         999.000    999.000    999.000    999.000
    SOFAS_24         999.000    999.000    999.000    999.000

 Means
    I                999.000    999.000    999.000    999.000
    S                999.000    999.000    999.000    999.000
    Q                999.000    999.000    999.000    999.000

 Intercepts
    SOFAS_0            0.000      0.000    999.000    999.000
    SOFAS_12           0.000      0.000    999.000    999.000
    SOFAS_24           0.000      0.000    999.000    999.000

 Variances
    I                999.000    999.000    999.000    999.000
    S                999.000    999.000    999.000    999.000
    Q                999.000    999.000    999.000    999.000

 Residual Variances
    SOFAS_0            1.000      0.000    999.000    999.000
    SOFAS_12           1.000      0.000    999.000    999.000
    SOFAS_24           1.000      0.000    999.000    999.000

Latent Class 3

 I        |
    SOFAS_0          999.000    999.000    999.000    999.000
    SOFAS_12         999.000    999.000    999.000    999.000
    SOFAS_24         999.000    999.000    999.000    999.000

 S        |
    SOFAS_0          999.000    999.000    999.000    999.000
    SOFAS_12         999.000    999.000    999.000    999.000
    SOFAS_24         999.000    999.000    999.000    999.000

 Q        |
    SOFAS_0          999.000    999.000    999.000    999.000
    SOFAS_12         999.000    999.000    999.000    999.000
    SOFAS_24         999.000    999.000    999.000    999.000

 Means
    I                999.000    999.000    999.000    999.000
    S                999.000    999.000    999.000    999.000
    Q                999.000    999.000    999.000    999.000

 Intercepts
    SOFAS_0            0.000      0.000    999.000    999.000
    SOFAS_12           0.000      0.000    999.000    999.000
    SOFAS_24           0.000      0.000    999.000    999.000

 Variances
    I                999.000    999.000    999.000    999.000
    S                999.000    999.000    999.000    999.000
    Q                999.000    999.000    999.000    999.000

 Residual Variances
    SOFAS_0            1.000      0.000    999.000    999.000
    SOFAS_12           1.000      0.000    999.000    999.000
    SOFAS_24           1.000      0.000    999.000    999.000


STD Standardization

                                                    Two-Tailed
                    Estimate       S.E.  Est./S.E.    P-Value

Latent Class 1

 I        |
    SOFAS_0          999.000    999.000    999.000    999.000
    SOFAS_12         999.000    999.000    999.000    999.000
    SOFAS_24         999.000    999.000    999.000    999.000

 S        |
    SOFAS_0          999.000    999.000    999.000    999.000
    SOFAS_12         999.000    999.000    999.000    999.000
    SOFAS_24         999.000    999.000    999.000    999.000

 Q        |
    SOFAS_0          999.000    999.000    999.000    999.000
    SOFAS_12         999.000    999.000    999.000    999.000
    SOFAS_24         999.000    999.000    999.000    999.000

 Means
    I                999.000    999.000    999.000    999.000
    S                999.000    999.000    999.000    999.000
    Q                999.000    999.000    999.000    999.000

 Intercepts
    SOFAS_0            0.000      0.000    999.000    999.000
    SOFAS_12           0.000      0.000    999.000    999.000
    SOFAS_24           0.000      0.000    999.000    999.000

 Variances
    I                999.000    999.000    999.000    999.000
    S                999.000    999.000    999.000    999.000
    Q                999.000    999.000    999.000    999.000

 Residual Variances
    SOFAS_0          165.010     11.771     14.019      0.000
    SOFAS_12         165.010     11.771     14.019      0.000
    SOFAS_24         165.010     11.771     14.019      0.000

Latent Class 2

 I        |
    SOFAS_0          999.000    999.000    999.000    999.000
    SOFAS_12         999.000    999.000    999.000    999.000
    SOFAS_24         999.000    999.000    999.000    999.000

 S        |
    SOFAS_0          999.000    999.000    999.000    999.000
    SOFAS_12         999.000    999.000    999.000    999.000
    SOFAS_24         999.000    999.000    999.000    999.000

 Q        |
    SOFAS_0          999.000    999.000    999.000    999.000
    SOFAS_12         999.000    999.000    999.000    999.000
    SOFAS_24         999.000    999.000    999.000    999.000

 Means
    I                999.000    999.000    999.000    999.000
    S                999.000    999.000    999.000    999.000
    Q                999.000    999.000    999.000    999.000

 Intercepts
    SOFAS_0            0.000      0.000    999.000    999.000
    SOFAS_12           0.000      0.000    999.000    999.000
    SOFAS_24           0.000      0.000    999.000    999.000

 Variances
    I                999.000    999.000    999.000    999.000
    S                999.000    999.000    999.000    999.000
    Q                999.000    999.000    999.000    999.000

 Residual Variances
    SOFAS_0          127.048     18.848      6.741      0.000
    SOFAS_12         127.048     18.848      6.741      0.000
    SOFAS_24         127.048     18.848      6.741      0.000

Latent Class 3

 I        |
    SOFAS_0          999.000    999.000    999.000    999.000
    SOFAS_12         999.000    999.000    999.000    999.000
    SOFAS_24         999.000    999.000    999.000    999.000

 S        |
    SOFAS_0          999.000    999.000    999.000    999.000
    SOFAS_12         999.000    999.000    999.000    999.000
    SOFAS_24         999.000    999.000    999.000    999.000

 Q        |
    SOFAS_0          999.000    999.000    999.000    999.000
    SOFAS_12         999.000    999.000    999.000    999.000
    SOFAS_24         999.000    999.000    999.000    999.000

 Means
    I                999.000    999.000    999.000    999.000
    S                999.000    999.000    999.000    999.000
    Q                999.000    999.000    999.000    999.000

 Intercepts
    SOFAS_0            0.000      0.000    999.000    999.000
    SOFAS_12           0.000      0.000    999.000    999.000
    SOFAS_24           0.000      0.000    999.000    999.000

 Variances
    I                999.000    999.000    999.000    999.000
    S                999.000    999.000    999.000    999.000
    Q                999.000    999.000    999.000    999.000

 Residual Variances
    SOFAS_0            0.307      0.090      3.410      0.001
    SOFAS_12           0.307      0.090      3.410      0.001
    SOFAS_24           0.307      0.090      3.410      0.001


R-SQUARE

Class 1

    Observed                                        Two-Tailed
    Variable        Estimate       S.E.  Est./S.E.    P-Value

    SOFAS_0            0.000      0.000    999.000    999.000
    SOFAS_12           0.000      0.000    999.000    999.000
    SOFAS_24           0.000      0.000    999.000    999.000

Class 2

    Observed                                        Two-Tailed
    Variable        Estimate       S.E.  Est./S.E.    P-Value

    SOFAS_0            0.000      0.000    999.000    999.000
    SOFAS_12           0.000      0.000    999.000    999.000
    SOFAS_24           0.000      0.000    999.000    999.000

Class 3

    Observed                                        Two-Tailed
    Variable        Estimate       S.E.  Est./S.E.    P-Value

    SOFAS_0            0.000      0.000    999.000    999.000
    SOFAS_12           0.000      0.000    999.000    999.000
    SOFAS_24           0.000      0.000    999.000    999.000


TECHNICAL 1 OUTPUT


     PARAMETER SPECIFICATION FOR LATENT CLASS 1


           NU
              SOFAS_0       SOFAS_12      SOFAS_24
              ________      ________      ________
                    0             0             0


           LAMBDA
              I             S             Q
              ________      ________      ________
 SOFAS_0            0             0             0
 SOFAS_12           0             0             0
 SOFAS_24           0             0             0


           THETA
              SOFAS_0       SOFAS_12      SOFAS_24
              ________      ________      ________
 SOFAS_0            1
 SOFAS_12           0             1
 SOFAS_24           0             0             1


           ALPHA
              I             S             Q
              ________      ________      ________
                    2             3             4


           BETA
              I             S             Q
              ________      ________      ________
 I                  0             0             0
 S                  0             0             0
 Q                  0             0             0


           PSI
              I             S             Q
              ________      ________      ________
 I                  0
 S                  0             0
 Q                  0             0             0


     PARAMETER SPECIFICATION FOR LATENT CLASS 2


           NU
              SOFAS_0       SOFAS_12      SOFAS_24
              ________      ________      ________
                    0             0             0


           LAMBDA
              I             S             Q
              ________      ________      ________
 SOFAS_0            0             0             0
 SOFAS_12           0             0             0
 SOFAS_24           0             0             0


           THETA
              SOFAS_0       SOFAS_12      SOFAS_24
              ________      ________      ________
 SOFAS_0            5
 SOFAS_12           0             5
 SOFAS_24           0             0             5


           ALPHA
              I             S             Q
              ________      ________      ________
                    6             7             8


           BETA
              I             S             Q
              ________      ________      ________
 I                  0             0             0
 S                  0             0             0
 Q                  0             0             0


           PSI
              I             S             Q
              ________      ________      ________
 I                  0
 S                  0             0
 Q                  0             0             0


     PARAMETER SPECIFICATION FOR LATENT CLASS 3


           NU
              SOFAS_0       SOFAS_12      SOFAS_24
              ________      ________      ________
                    0             0             0


           LAMBDA
              I             S             Q
              ________      ________      ________
 SOFAS_0            0             0             0
 SOFAS_12           0             0             0
 SOFAS_24           0             0             0


           THETA
              SOFAS_0       SOFAS_12      SOFAS_24
              ________      ________      ________
 SOFAS_0            9
 SOFAS_12           0             9
 SOFAS_24           0             0             9


           ALPHA
              I             S             Q
              ________      ________      ________
                   10            11            12


           BETA
              I             S             Q
              ________      ________      ________
 I                  0             0             0
 S                  0             0             0
 Q                  0             0             0


           PSI
              I             S             Q
              ________      ________      ________
 I                  0
 S                  0             0
 Q                  0             0             0


     PARAMETER SPECIFICATION FOR LATENT CLASS REGRESSION MODEL PART


           ALPHA(C)
              C#1           C#2           C#3
              ________      ________      ________
                   13            14             0


     STARTING VALUES FOR LATENT CLASS 1


           NU
              SOFAS_0       SOFAS_12      SOFAS_24
              ________      ________      ________
                0.000         0.000         0.000


           LAMBDA
              I             S             Q
              ________      ________      ________
 SOFAS_0        1.000         0.000         0.000
 SOFAS_12       1.000        12.000       144.000
 SOFAS_24       1.000        24.000       576.000


           THETA
              SOFAS_0       SOFAS_12      SOFAS_24
              ________      ________      ________
 SOFAS_0       83.846
 SOFAS_12       0.000       148.790
 SOFAS_24       0.000         0.000       163.957


           ALPHA
              I             S             Q
              ________      ________      ________
               39.556         2.459        -0.061


           BETA
              I             S             Q
              ________      ________      ________
 I              0.000         0.000         0.000
 S              0.000         0.000         0.000
 Q              0.000         0.000         0.000


           PSI
              I             S             Q
              ________      ________      ________
 I              0.000
 S              0.000         0.000
 Q              0.000         0.000         0.000


     STARTING VALUES FOR LATENT CLASS 2


           NU
              SOFAS_0       SOFAS_12      SOFAS_24
              ________      ________      ________
                0.000         0.000         0.000


           LAMBDA
              I             S             Q
              ________      ________      ________
 SOFAS_0        1.000         0.000         0.000
 SOFAS_12       1.000        12.000       144.000
 SOFAS_24       1.000        24.000       576.000


           THETA
              SOFAS_0       SOFAS_12      SOFAS_24
              ________      ________      ________
 SOFAS_0       83.846
 SOFAS_12       0.000       148.790
 SOFAS_24       0.000         0.000       163.957


           ALPHA
              I             S             Q
              ________      ________      ________
               39.556         2.459        -0.061


           BETA
              I             S             Q
              ________      ________      ________
 I              0.000         0.000         0.000
 S              0.000         0.000         0.000
 Q              0.000         0.000         0.000


           PSI
              I             S             Q
              ________      ________      ________
 I              0.000
 S              0.000         0.000
 Q              0.000         0.000         0.000


     STARTING VALUES FOR LATENT CLASS 3


           NU
              SOFAS_0       SOFAS_12      SOFAS_24
              ________      ________      ________
                0.000         0.000         0.000


           LAMBDA
              I             S             Q
              ________      ________      ________
 SOFAS_0        1.000         0.000         0.000
 SOFAS_12       1.000        12.000       144.000
 SOFAS_24       1.000        24.000       576.000


           THETA
              SOFAS_0       SOFAS_12      SOFAS_24
              ________      ________      ________
 SOFAS_0       83.846
 SOFAS_12       0.000       148.790
 SOFAS_24       0.000         0.000       163.957


           ALPHA
              I             S             Q
              ________      ________      ________
               39.556         2.459        -0.061


           BETA
              I             S             Q
              ________      ________      ________
 I              0.000         0.000         0.000
 S              0.000         0.000         0.000
 Q              0.000         0.000         0.000


           PSI
              I             S             Q
              ________      ________      ________
 I              0.000
 S              0.000         0.000
 Q              0.000         0.000         0.000


     STARTING VALUES FOR LATENT CLASS REGRESSION MODEL PART


           ALPHA(C)
              C#1           C#2           C#3
              ________      ________      ________
                0.000         0.000         0.000


TECHNICAL 11 OUTPUT

     Random Starts Specifications for the k-1 Class Analysis Model
        Number of initial stage random starts                2000
        Number of final stage optimizations                   500



     VUONG-LO-MENDELL-RUBIN LIKELIHOOD RATIO TEST FOR 2 (H0) VERSUS 3 CLASSES

          H0 Loglikelihood Value                        -5512.286
          2 Times the Loglikelihood Difference             42.609
          Difference in the Number of Parameters                5
          Mean                                              6.000
          Standard Deviation                                7.883
          P-Value                                          0.0040

     LO-MENDELL-RUBIN ADJUSTED LRT TEST

          Value                                            41.333
          P-Value                                          0.0046


SAMPLE STATISTICS FOR ESTIMATED FACTOR SCORES


     SAMPLE STATISTICS


           Means
              I             S             Q             C_I           C_S
              ________      ________      ________      ________      ________
               40.582         2.415        -0.060        40.680         2.424


           Means
              C_Q
              ________
               -0.060


           Covariances
              I             S             Q             C_I           C_S
              ________      ________      ________      ________      ________
 I             12.520
 S              2.715         0.591
 Q             -0.069        -0.015         0.000
 C_I           15.541         3.398        -0.086        23.656
 C_S            3.410         0.748        -0.019         5.229         1.161
 C_Q           -0.086        -0.019         0.000        -0.132        -0.029


           Covariances
              C_Q
              ________
 C_Q            0.001


           Correlations
              I             S             Q             C_I           C_S
              ________      ________      ________      ________      ________
 I              1.000
 S              0.998         1.000
 Q             -0.999        -1.000         1.000
 C_I            0.903         0.909        -0.909         1.000
 C_S            0.894         0.904        -0.903         0.998         1.000
 C_Q           -0.895        -0.904         0.904        -0.998        -1.000


           Correlations
              C_Q
              ________
 C_Q            1.000


PLOT INFORMATION

The following plots are available:

  Histograms (sample values, estimated factor scores, estimated values, residuals)
  Scatterplots (sample values, estimated factor scores, estimated values, residuals)
  Sample means
  Estimated means, medians, modes, and percentiles
  Sample and estimated means
  Latent variable distribution plots
  Observed individual values
  Estimated individual values
  Estimated means and observed individual values
  Estimated means and estimated individual values
  Estimated overall and class-specific distributions

SAVEDATA INFORMATION


  Save file
    K3_S4000_res.dat

  Order and format of variables

    SOFAS_0        F10.3
    SOFAS_12       F10.3
    SOFAS_24       F10.3
    I              F10.3
    S              F10.3
    Q              F10.3
    C_I            F10.3
    C_S            F10.3
    C_Q            F10.3
    CPROB1         F10.3
    CPROB2         F10.3
    CPROB3         F10.3
    C              F10.3
    PIN            I4

  Save file format
    13F10.3 I4

  Save file record length    10000

  Save missing symbol        *


     Beginning Time:  16:25:03
        Ending Time:  16:26:25
       Elapsed Time:  00:01:22



MUTHEN & MUTHEN
3463 Stoner Ave.
Los Angeles, CA  90066

Tel: (310) 391-9971
Fax: (310) 391-8971
Web: www.StatModel.com
Support: Support@StatModel.com

Copyright (c) 1998-2021 Muthen & Muthen
