Mplus VERSION 8.6 (Mac)
MUTHEN & MUTHEN
07/28/2023  12:56 AM

INPUT INSTRUCTIONS

  TITLE:
  GMM_CV_isqcub_CT
  DATA:
  FILE = "/Users/olivierpercie/Desktop/MplusLGM/SANS/Results/GMM/CV/isqcub/GMM16.dat";

  VARIABLE:
  NAMES = pin SANS_0 SANS_1 SANS_2 SANS_3 SANS_6 SANS_9 SANS_12 SANS_18 SANS_24;
   MISSING=.;
   USEVAR = SANS_0 SANS_1 SANS_2 SANS_3 SANS_6 SANS_9 SANS_12 SANS_18 SANS_24;
  IDVAR = pin;
  CLASSES = c(3);
  ANALYSIS:
  TYPE = MIXTURE;
  STARTS = 4000 1000;
  K-1STARTS = 2000 500;
  DISTRIBUTION = NORMAL;
  PROCESSORS = 8;
  MODEL:
  %OVERALL%
  i s q cub | SANS_0@0 SANS_1@1 SANS_2@2 SANS_3@3 SANS_6@6 SANS_9@9 SANS_12@12 SANS_18@18
  SANS_24@24;
  i s q cub;
  i WITH s q cub;
  s WITH q cub;
  q WITH cub;
  SANS_0 SANS_1 SANS_2 SANS_3 SANS_6 SANS_9 SANS_12 SANS_18 SANS_24;
  %C#1%
  i s q cub;
  i WITH s q cub;
  s WITH q cub;
  q WITH cub;
  SANS_0 (1);
  SANS_1 (2);
  SANS_2 (3);
  SANS_3 (4);
  SANS_6 (5);
  SANS_9 (6);
  SANS_12 (7);
  SANS_18 (8);
  SANS_24 (9);
  %C#2%
  i s q cub;
  i WITH s q cub;
  s WITH q cub;
  q WITH cub;
  SANS_0 (10);
  SANS_1 (11);
  SANS_2 (12);
  SANS_3 (13);
  SANS_6 (14);
  SANS_9 (15);
  SANS_12 (16);
  SANS_18 (17);
  SANS_24 (18);
  %C#3%
  i s q cub;
  i WITH s q cub;
  s WITH q cub;
  q WITH cub;
  SANS_0 (19);
  SANS_1 (20);
  SANS_2 (21);
  SANS_3 (22);
  SANS_6 (23);
  SANS_9 (24);
  SANS_12 (25);
  SANS_18 (26);
  SANS_24 (27);
  OUTPUT:
  TECH7;
  TECH11;
  SAMPSTAT;
  STANDARDIZED;
  CINTERVAL;
  SAVEDATA:
  FILE = GMM_CV_isqcub_CT_est.dat;
  SAVE = CPROBABILITIES FSCORES;



INPUT READING TERMINATED NORMALLY




GMM_CV_isqcub_CT

SUMMARY OF ANALYSIS

Number of groups                                                 1
Number of observations                                         404

Number of dependent variables                                    9
Number of independent variables                                  0
Number of continuous latent variables                            4
Number of categorical latent variables                           1

Observed dependent variables

  Continuous
   SANS_0      SANS_1      SANS_2      SANS_3      SANS_6      SANS_9
   SANS_12     SANS_18     SANS_24

Continuous latent variables
   I           S           Q           CUB

Categorical latent variables
   C

Variables with special functions

  ID variable           PIN

Estimator                                                      MLR
Information matrix                                        OBSERVED
Optimization Specifications for the Quasi-Newton Algorithm for
Continuous Outcomes
  Maximum number of iterations                                 100
  Convergence criterion                                  0.100D-05
Optimization Specifications for the EM Algorithm
  Maximum number of iterations                                 500
  Convergence criteria
    Loglikelihood change                                 0.100D-06
    Relative loglikelihood change                        0.100D-06
    Derivative                                           0.100D-05
Optimization Specifications for the M step of the EM Algorithm for
Categorical Latent variables
  Number of M step iterations                                    1
  M step convergence criterion                           0.100D-05
  Basis for M step termination                           ITERATION
Optimization Specifications for the M step of the EM Algorithm for
Censored, Binary or Ordered Categorical (Ordinal), Unordered
Categorical (Nominal) and Count Outcomes
  Number of M step iterations                                    1
  M step convergence criterion                           0.100D-05
  Basis for M step termination                           ITERATION
  Maximum value for logit thresholds                            15
  Minimum value for logit thresholds                           -15
  Minimum expected cell size for chi-square              0.100D-01
Maximum number of iterations for H1                           2000
Convergence criterion for H1                             0.100D-03
Optimization algorithm                                         EMA
Random Starts Specifications
  Number of initial stage random starts                       4000
  Number of final stage optimizations                         1000
  Number of initial stage iterations                            10
  Initial stage convergence criterion                    0.100D+01
  Random starts scale                                    0.500D+01
  Random seed for generating random starts                       0

Input data file(s)
  /Users/olivierpercie/Desktop/MplusLGM/SANS/Results/GMM/CV/isqcub/GMM16.dat
Input data format  FREE


SUMMARY OF DATA

     Number of missing data patterns            63
     Number of y missing data patterns          63
     Number of u missing data patterns           0


COVARIANCE COVERAGE OF DATA

Minimum covariance coverage value   0.100


     PROPORTION OF DATA PRESENT FOR Y


           Covariance Coverage
              SANS_0        SANS_1        SANS_2        SANS_3        SANS_6
              ________      ________      ________      ________      ________
 SANS_0         1.000
 SANS_1         0.676         0.676
 SANS_2         0.851         0.604         0.851
 SANS_3         0.941         0.629         0.822         0.941
 SANS_6         0.911         0.606         0.785         0.871         0.911
 SANS_9         0.861         0.579         0.755         0.807         0.795
 SANS_12        0.871         0.574         0.733         0.814         0.792
 SANS_18        0.822         0.540         0.688         0.767         0.748
 SANS_24        0.792         0.520         0.693         0.743         0.723


           Covariance Coverage
              SANS_9        SANS_12       SANS_18       SANS_24
              ________      ________      ________      ________
 SANS_9         0.861
 SANS_12        0.775         0.871
 SANS_18        0.720         0.748         0.822
 SANS_24        0.720         0.723         0.710         0.792


SAMPLE STATISTICS


     ESTIMATED SAMPLE STATISTICS


           Means
              SANS_0        SANS_1        SANS_2        SANS_3        SANS_6
              ________      ________      ________      ________      ________
               10.067         8.582         7.899         7.841         7.158


           Means
              SANS_9        SANS_12       SANS_18       SANS_24
              ________      ________      ________      ________
                6.780         6.557         6.234         5.865


           Covariances
              SANS_0        SANS_1        SANS_2        SANS_3        SANS_6
              ________      ________      ________      ________      ________
 SANS_0        14.384
 SANS_1         7.976        14.023
 SANS_2         7.763        11.635        15.280
 SANS_3         7.450        10.145        12.076        15.450
 SANS_6         6.521         8.786        10.032        10.509        16.458
 SANS_9         6.600         7.894         9.166        10.108        11.690
 SANS_12        5.980         7.337         8.054         8.515        11.181
 SANS_18        5.672         7.431         7.906         7.857         9.778
 SANS_24        5.179         6.121         6.475         7.403         8.913


           Covariances
              SANS_9        SANS_12       SANS_18       SANS_24
              ________      ________      ________      ________
 SANS_9        17.801
 SANS_12       13.121        18.611
 SANS_18       11.436        12.885        18.531
 SANS_24       10.507        11.212        13.103        19.268


           Correlations
              SANS_0        SANS_1        SANS_2        SANS_3        SANS_6
              ________      ________      ________      ________      ________
 SANS_0         1.000
 SANS_1         0.562         1.000
 SANS_2         0.524         0.795         1.000
 SANS_3         0.500         0.689         0.786         1.000
 SANS_6         0.424         0.578         0.633         0.659         1.000
 SANS_9         0.412         0.500         0.556         0.609         0.683
 SANS_12        0.366         0.454         0.478         0.502         0.639
 SANS_18        0.347         0.461         0.470         0.464         0.560
 SANS_24        0.311         0.372         0.377         0.429         0.500


           Correlations
              SANS_9        SANS_12       SANS_18       SANS_24
              ________      ________      ________      ________
 SANS_9         1.000
 SANS_12        0.721         1.000
 SANS_18        0.630         0.694         1.000
 SANS_24        0.567         0.592         0.693         1.000


     MAXIMUM LOG-LIKELIHOOD VALUE FOR THE UNRESTRICTED (H1) MODEL IS -7822.568


UNIVARIATE SAMPLE STATISTICS


     UNIVARIATE HIGHER-ORDER MOMENT DESCRIPTIVE STATISTICS

         Variable/         Mean/     Skewness/   Minimum/ % with                Percentiles
        Sample Size      Variance    Kurtosis    Maximum  Min/Max      20%/60%    40%/80%    Median

     SANS_0               10.067      -0.100       0.000    0.50%       7.000      9.000     10.000
             404.000      14.384      -0.419      19.000    0.25%      11.000     14.000
     SANS_1                8.758       0.109       0.000    0.73%       6.000      7.000      9.000
             273.000      13.846      -0.295      19.000    0.37%      10.000     12.000
     SANS_2                7.939       0.113       0.000    2.33%       4.000      7.000      8.000
             344.000      15.034      -0.543      19.000    0.29%       9.000     12.000
     SANS_3                7.845       0.129       0.000    2.63%       4.000      7.000      8.000
             380.000      15.447      -0.401      19.000    0.26%       9.000     11.000
     SANS_6                7.103       0.256       0.000    4.35%       3.000      6.000      7.000
             368.000      16.245      -0.473      19.000    0.27%       8.000     11.000
     SANS_9                6.701       0.330       0.000    6.90%       3.000      5.000      6.000
             348.000      17.480      -0.622      17.000    0.86%       7.000     10.000
     SANS_12               6.540       0.384       0.000    7.39%       2.000      5.000      6.000
             352.000      18.226      -0.607      19.000    0.28%       7.000     11.000
     SANS_18               6.250       0.506       0.000    8.13%       2.000      4.000      6.000
             332.000      18.591      -0.491      19.000    0.30%       7.000     10.000
     SANS_24               5.884       0.677       0.000   10.62%       2.000      4.000      5.000
             320.000      18.696      -0.106      20.000    0.31%       6.000     10.000

RANDOM STARTS RESULTS RANKED FROM THE BEST TO THE WORST LOGLIKELIHOOD VALUES


2121 perturbed starting value run(s) did not converge or were rejected in the third stage.
Final stage loglikelihood values at local maxima, seeds, and initial stage start numbers:

           -7890.513  944186           541
           -7890.513  435112           2339
           -7890.513  237742           1219
           -7890.513  43393            2751
           -7890.513  704905           3749
           -7890.513  980958           1896
           -7890.513  296242           3333
           -7890.513  36077            2054
           -7890.513  78862            529
           -7890.513  452297           1068
           -7890.513  807584           2470
           -7890.513  86698            893
           -7890.513  666197           3650
           -7890.513  900041           3785
           -7890.513  383986           159
           -7890.513  848969           173
           -7890.513  635245           121
           -7890.513  592219           119
           -7890.513  760878           249
           -7890.513  990197           1055
           -7890.513  57922            1102
           -7890.513  578567           2212
           -7890.513  43897            2230
           -7890.513  358074           560
           -7890.513  702670           1151
           -7890.513  506886           576
           -7890.513  269374           2321
           -7890.513  673039           1173
           -7890.513  881886           608
           -7890.513  163519           2441
           -7890.513  173582           2454
           -7890.513  7510             2482
           -7890.513  764979           2540
           -7890.513  612586           2543
           -7890.513  209421           2547
           -7890.513  526675           2549
           -7890.513  155898           2551
           -7890.513  670915           2568
           -7890.513  976103           1289
           -7890.513  409744           2588
           -7890.513  554694           2610
           -7890.513  939870           655
           -7890.513  494115           2634
           -7890.513  627421           2670
           -7890.513  547354           1357
           -7890.513  622607           2735
           -7890.513  847658           2803
           -7890.513  674419           2870
           -7890.513  985445           2934
           -7890.513  246488           2947
           -7890.513  348637           749
           -7890.513  859432           770
           -7890.513  312587           775
           -7890.513  968857           3140
           -7890.513  58507            793
           -7890.513  633984           3184
           -7890.513  66600            3186
           -7890.513  676223           3227
           -7890.513  361267           3237
           -7890.513  420067           3267
           -7890.513  300697           820
           -7890.513  598245           1655
           -7890.513  659367           3347
           -7890.513  830978           3350
           -7890.513  62158            1696
           -7890.513  969383           3432
           -7890.513  977507           1716
           -7890.513  715948           3568
           -7890.513  950763           3609
           -7890.513  517379           3644
           -7890.513  5139             3676
           -7890.513  860643           1844
           -7890.513  288738           940
           -7890.513  63712            3771
           -7890.513  527050           948
           -7890.513  568534           961
           -7890.513  820170           1944
           -7890.513  923601           3890
           -7890.513  396607           3897
           -7890.513  564643           1955
           -7890.513  665121           417
           -7890.513  375590           438
           -7890.513  50887            389
           -7890.513  985387           381
           -7890.513  565709           2356
           -7890.513  387401           1482
           -7890.513  105022           3052
           -7890.513  785277           1603
           -7890.513  208723           3439
           -7890.513  197904           1782
           -7890.513  581196           921
           -7890.513  579882           1021

Unperturbed starting value run did not converge or was rejected in the third stage.

907 perturbed starting value run(s) did not converge or were rejected in the third stage.



THE BEST LOGLIKELIHOOD VALUE HAS BEEN REPLICATED.  RERUN WITH AT LEAST TWICE THE
RANDOM STARTS TO CHECK THAT THE BEST LOGLIKELIHOOD IS STILL OBTAINED AND REPLICATED.

     THE STANDARD ERRORS OF THE MODEL PARAMETER ESTIMATES MAY NOT BE
     TRUSTWORTHY FOR SOME PARAMETERS DUE TO A NON-POSITIVE DEFINITE
     FIRST-ORDER DERIVATIVE PRODUCT MATRIX.  THIS MAY BE DUE TO THE STARTING
     VALUES BUT MAY ALSO BE AN INDICATION OF MODEL NONIDENTIFICATION.  THE
     CONDITION NUMBER IS       0.321D-14.  PROBLEM INVOLVING THE FOLLOWING PARAMETER:
     Parameter 1, %C#1%: SANS_0

     THE MODEL ESTIMATION DID NOT TERMINATE NORMALLY DUE TO AN ILL-CONDITIONED
     FISHER INFORMATION MATRIX.  CHANGE YOUR MODEL AND/OR STARTING VALUES.

     THE MODEL ESTIMATION DID NOT TERMINATE NORMALLY DUE TO A NON-POSITIVE
     DEFINITE FISHER INFORMATION MATRIX.  THIS MAY BE DUE TO THE STARTING VALUES
     BUT MAY ALSO BE AN INDICATION OF MODEL NONIDENTIFICATION.  THE CONDITION
     NUMBER IS       0.287D-14.

     THE STANDARD ERRORS OF THE MODEL PARAMETER ESTIMATES COULD NOT BE
     COMPUTED.  THIS IS OFTEN DUE TO THE STARTING VALUES BUT MAY ALSO BE
     AN INDICATION OF MODEL NONIDENTIFICATION.  CHANGE YOUR MODEL AND/OR
     STARTING VALUES.  PROBLEM INVOLVING THE FOLLOWING PARAMETER:
     Parameter 1, %C#1%: SANS_0






FINAL CLASS COUNTS AND PROPORTIONS FOR THE LATENT CLASSES
BASED ON THE ESTIMATED MODEL

    Latent
   Classes

       1          0.00000          0.00000
       2        404.00000          1.00000
       3          0.00000          0.00000


FINAL CLASS COUNTS AND PROPORTIONS FOR THE LATENT CLASSES
BASED ON ESTIMATED POSTERIOR PROBABILITIES

    Latent
   Classes

       1          0.00000          0.00000
       2        404.00000          1.00000
       3          0.00000          0.00000


FINAL CLASS COUNTS AND PROPORTIONS FOR THE LATENT CLASSES
BASED ON THEIR MOST LIKELY LATENT CLASS MEMBERSHIP

Class Counts and Proportions

    Latent
   Classes

       1                0          0.00000
       2              404          1.00000
       3                0          0.00000


CLASSIFICATION QUALITY

     Entropy                         1.000


Average Latent Class Probabilities for Most Likely Latent Class Membership (Row)
by Latent Class (Column)

           1        2        3

    1   0.000    0.000    0.000
    2   0.000    1.000    0.000
    3   0.000    0.000    0.000


Classification Probabilities for the Most Likely Latent Class Membership (Column)
by Latent Class (Row)

           1        2        3

    1   0.000    0.000    0.000
    2   0.000    1.000    0.000
    3   0.000    0.000    0.000


Logits for the Classification Probabilities for the Most Likely Latent Class Membership (Column)
by Latent Class (Row)

              1        2        3

    1      0.000    0.000    0.000
    2      0.000   13.816    0.000
    3      0.000    0.000    0.000


MODEL RESULTS

                    Estimate

Latent Class 1

 I        |
    SANS_0             1.000
    SANS_1             1.000
    SANS_2             1.000
    SANS_3             1.000
    SANS_6             1.000
    SANS_9             1.000
    SANS_12            1.000
    SANS_18            1.000
    SANS_24            1.000

 S        |
    SANS_0             0.000
    SANS_1             1.000
    SANS_2             2.000
    SANS_3             3.000
    SANS_6             6.000
    SANS_9             9.000
    SANS_12           12.000
    SANS_18           18.000
    SANS_24           24.000

 Q        |
    SANS_0             0.000
    SANS_1             1.000
    SANS_2             4.000
    SANS_3             9.000
    SANS_6            36.000
    SANS_9            81.000
    SANS_12          144.000
    SANS_18          324.000
    SANS_24          576.000

 CUB      |
    SANS_0             0.000
    SANS_1             1.000
    SANS_2             8.000
    SANS_3            27.000
    SANS_6           216.000
    SANS_9           729.000
    SANS_12         1728.000
    SANS_18         5832.000
    SANS_24        13824.000

 I        WITH
    S                  0.000
    Q                  0.000
    CUB                0.004

 S        WITH
    Q                 -0.003
    CUB               -0.029

 Q        WITH
    CUB                0.030

 Means
    I                 10.049
    S                 12.327
    Q                  4.847
    CUB               -4.175

 Intercepts
    SANS_0             0.000
    SANS_1             0.000
    SANS_2             0.000
    SANS_3             0.000
    SANS_6             0.000
    SANS_9             0.000
    SANS_12            0.000
    SANS_18            0.000
    SANS_24            0.000

 Variances
    I                 19.685
    S                 38.789
    Q                  6.003
    CUB                0.612

 Residual Variances
    SANS_0             7.192
    SANS_1             6.925
    SANS_2             7.517
    SANS_3             7.726
    SANS_6             8.123
    SANS_9             8.740
    SANS_12            9.113
    SANS_18            9.296
    SANS_24            9.348

Latent Class 2

 I        |
    SANS_0             1.000
    SANS_1             1.000
    SANS_2             1.000
    SANS_3             1.000
    SANS_6             1.000
    SANS_9             1.000
    SANS_12            1.000
    SANS_18            1.000
    SANS_24            1.000

 S        |
    SANS_0             0.000
    SANS_1             1.000
    SANS_2             2.000
    SANS_3             3.000
    SANS_6             6.000
    SANS_9             9.000
    SANS_12           12.000
    SANS_18           18.000
    SANS_24           24.000

 Q        |
    SANS_0             0.000
    SANS_1             1.000
    SANS_2             4.000
    SANS_3             9.000
    SANS_6            36.000
    SANS_9            81.000
    SANS_12          144.000
    SANS_18          324.000
    SANS_24          576.000

 CUB      |
    SANS_0             0.000
    SANS_1             1.000
    SANS_2             8.000
    SANS_3            27.000
    SANS_6           216.000
    SANS_9           729.000
    SANS_12         1728.000
    SANS_18         5832.000
    SANS_24        13824.000

 I        WITH
    S                 -0.234
    Q                 -0.008
    CUB                0.000

 S        WITH
    Q                 -0.035
    CUB                0.001

 Q        WITH
    CUB                0.000

 Means
    I                  9.374
    S                 -0.614
    Q                  0.042
    CUB               -0.001

 Intercepts
    SANS_0             0.000
    SANS_1             0.000
    SANS_2             0.000
    SANS_3             0.000
    SANS_6             0.000
    SANS_9             0.000
    SANS_12            0.000
    SANS_18            0.000
    SANS_24            0.000

 Variances
    I                  9.626
    S                  0.420
    Q                  0.004
    CUB                0.000

 Residual Variances
    SANS_0             8.693
    SANS_1             3.727
    SANS_2             3.903
    SANS_3             4.294
    SANS_6             5.273
    SANS_9             5.268
    SANS_12            5.551
    SANS_18            4.123
    SANS_24            4.491

Latent Class 3

 I        |
    SANS_0             1.000
    SANS_1             1.000
    SANS_2             1.000
    SANS_3             1.000
    SANS_6             1.000
    SANS_9             1.000
    SANS_12            1.000
    SANS_18            1.000
    SANS_24            1.000

 S        |
    SANS_0             0.000
    SANS_1             1.000
    SANS_2             2.000
    SANS_3             3.000
    SANS_6             6.000
    SANS_9             9.000
    SANS_12           12.000
    SANS_18           18.000
    SANS_24           24.000

 Q        |
    SANS_0             0.000
    SANS_1             1.000
    SANS_2             4.000
    SANS_3             9.000
    SANS_6            36.000
    SANS_9            81.000
    SANS_12          144.000
    SANS_18          324.000
    SANS_24          576.000

 CUB      |
    SANS_0             0.000
    SANS_1             1.000
    SANS_2             8.000
    SANS_3            27.000
    SANS_6           216.000
    SANS_9           729.000
    SANS_12         1728.000
    SANS_18         5832.000
    SANS_24        13824.000

 I        WITH
    S                  0.000
    Q                  0.000
    CUB                0.000

 S        WITH
    Q                  0.000
    CUB                0.000

 Q        WITH
    CUB                0.000

 Means
    I                  1.799
    S                -32.930
    Q                 12.642
    CUB                4.303

 Intercepts
    SANS_0             0.000
    SANS_1             0.000
    SANS_2             0.000
    SANS_3             0.000
    SANS_6             0.000
    SANS_9             0.000
    SANS_12            0.000
    SANS_18            0.000
    SANS_24            0.000

 Variances
    I                 19.685
    S                 38.783
    Q                  6.003
    CUB                0.066

 Residual Variances
    SANS_0             7.192
    SANS_1             6.923
    SANS_2             7.517
    SANS_3             7.723
    SANS_6             8.122
    SANS_9             8.740
    SANS_12            9.113
    SANS_18            9.296
    SANS_24            9.348

Categorical Latent Variables

 Means
    C#1              541.381
    C#2              677.685


MODEL COMMAND WITH FINAL ESTIMATES USED AS STARTING VALUES

     %OVERALL%

     i s q cub | sans_0@0 sans_1@1 sans_2@2 sans_3@3 sans_6@6 sans_9@9 sans_12@12 sans_18@18
     sans_24@24;

     [ c#1*541.38135 ];
     [ c#2*677.68512 ];

     %C#1%

     i WITH s*0.00008;
     i WITH q*0.00042;
     i WITH cub*0.00412;
     s WITH q*-0.00261;
     s WITH cub*-0.02899;
     q WITH cub*0.02976;

     [ sans_0@0 ];
     [ sans_1@0 ];
     [ sans_2@0 ];
     [ sans_3@0 ];
     [ sans_6@0 ];
     [ sans_9@0 ];
     [ sans_12@0 ];
     [ sans_18@0 ];
     [ sans_24@0 ];
     [ i*10.04912 ];
     [ s*12.32675 ];
     [ q*4.84727 ];
     [ cub*-4.17468 ];

     sans_0*7.19188;
     sans_1*6.92459;
     sans_2*7.51704;
     sans_3*7.72597;
     sans_6*8.12255;
     sans_9*8.73983;
     sans_12*9.11285;
     sans_18*9.29556;
     sans_24*9.34800;
     i*19.68544;
     s*38.78914;
     q*6.00293;
     cub*0.61152;

     %C#2%

     i WITH s*-0.23440;
     i WITH q*-0.00754;
     i WITH cub*0.00042;
     s WITH q*-0.03524;
     s WITH cub*0.00081;
     q WITH cub*-0.00010;

     [ sans_0@0 ];
     [ sans_1@0 ];
     [ sans_2@0 ];
     [ sans_3@0 ];
     [ sans_6@0 ];
     [ sans_9@0 ];
     [ sans_12@0 ];
     [ sans_18@0 ];
     [ sans_24@0 ];
     [ i*9.37444 ];
     [ s*-0.61382 ];
     [ q*0.04240 ];
     [ cub*-0.00096 ];

     sans_0*8.69281;
     sans_1*3.72727;
     sans_2*3.90313;
     sans_3*4.29386;
     sans_6*5.27343;
     sans_9*5.26812;
     sans_12*5.55054;
     sans_18*4.12336;
     sans_24*4.49127;
     i*9.62644;
     s*0.42035;
     q*0.00376;
     cub*0.00000;

     %C#3%

     i WITH s*0.00000;
     i WITH q*0.00000;
     i WITH cub*0.00000;
     s WITH q*0.00000;
     s WITH cub*0.00000;
     q WITH cub*0.00000;

     [ sans_0@0 ];
     [ sans_1@0 ];
     [ sans_2@0 ];
     [ sans_3@0 ];
     [ sans_6@0 ];
     [ sans_9@0 ];
     [ sans_12@0 ];
     [ sans_18@0 ];
     [ sans_24@0 ];
     [ i*1.79865 ];
     [ s*-32.92963 ];
     [ q*12.64242 ];
     [ cub*4.30265 ];

     sans_0*7.19207;
     sans_1*6.92316;
     sans_2*7.51703;
     sans_3*7.72347;
     sans_6*8.12239;
     sans_9*8.73983;
     sans_12*9.11285;
     sans_18*9.29556;
     sans_24*9.34800;
     i*19.68543;
     s*38.78315;
     q*6.00318;
     cub*0.06574;



TECHNICAL 1 OUTPUT


     PARAMETER SPECIFICATION FOR LATENT CLASS 1


           NU
              SANS_0        SANS_1        SANS_2        SANS_3        SANS_6
              ________      ________      ________      ________      ________
                    0             0             0             0             0


           NU
              SANS_9        SANS_12       SANS_18       SANS_24
              ________      ________      ________      ________
                    0             0             0             0


           LAMBDA
              I             S             Q             CUB
              ________      ________      ________      ________
 SANS_0             0             0             0             0
 SANS_1             0             0             0             0
 SANS_2             0             0             0             0
 SANS_3             0             0             0             0
 SANS_6             0             0             0             0
 SANS_9             0             0             0             0
 SANS_12            0             0             0             0
 SANS_18            0             0             0             0
 SANS_24            0             0             0             0


           THETA
              SANS_0        SANS_1        SANS_2        SANS_3        SANS_6
              ________      ________      ________      ________      ________
 SANS_0             1
 SANS_1             0             2
 SANS_2             0             0             3
 SANS_3             0             0             0             4
 SANS_6             0             0             0             0             5
 SANS_9             0             0             0             0             0
 SANS_12            0             0             0             0             0
 SANS_18            0             0             0             0             0
 SANS_24            0             0             0             0             0


           THETA
              SANS_9        SANS_12       SANS_18       SANS_24
              ________      ________      ________      ________
 SANS_9             6
 SANS_12            0             7
 SANS_18            0             0             8
 SANS_24            0             0             0             9


           ALPHA
              I             S             Q             CUB
              ________      ________      ________      ________
                   10            11            12            13


           BETA
              I             S             Q             CUB
              ________      ________      ________      ________
 I                  0             0             0             0
 S                  0             0             0             0
 Q                  0             0             0             0
 CUB                0             0             0             0


           PSI
              I             S             Q             CUB
              ________      ________      ________      ________
 I                 14
 S                 15            16
 Q                 17            18            19
 CUB               20            21            22            23


     PARAMETER SPECIFICATION FOR LATENT CLASS 2


           NU
              SANS_0        SANS_1        SANS_2        SANS_3        SANS_6
              ________      ________      ________      ________      ________
                    0             0             0             0             0


           NU
              SANS_9        SANS_12       SANS_18       SANS_24
              ________      ________      ________      ________
                    0             0             0             0


           LAMBDA
              I             S             Q             CUB
              ________      ________      ________      ________
 SANS_0             0             0             0             0
 SANS_1             0             0             0             0
 SANS_2             0             0             0             0
 SANS_3             0             0             0             0
 SANS_6             0             0             0             0
 SANS_9             0             0             0             0
 SANS_12            0             0             0             0
 SANS_18            0             0             0             0
 SANS_24            0             0             0             0


           THETA
              SANS_0        SANS_1        SANS_2        SANS_3        SANS_6
              ________      ________      ________      ________      ________
 SANS_0            24
 SANS_1             0            25
 SANS_2             0             0            26
 SANS_3             0             0             0            27
 SANS_6             0             0             0             0            28
 SANS_9             0             0             0             0             0
 SANS_12            0             0             0             0             0
 SANS_18            0             0             0             0             0
 SANS_24            0             0             0             0             0


           THETA
              SANS_9        SANS_12       SANS_18       SANS_24
              ________      ________      ________      ________
 SANS_9            29
 SANS_12            0            30
 SANS_18            0             0            31
 SANS_24            0             0             0            32


           ALPHA
              I             S             Q             CUB
              ________      ________      ________      ________
                   33            34            35            36


           BETA
              I             S             Q             CUB
              ________      ________      ________      ________
 I                  0             0             0             0
 S                  0             0             0             0
 Q                  0             0             0             0
 CUB                0             0             0             0


           PSI
              I             S             Q             CUB
              ________      ________      ________      ________
 I                 37
 S                 38            39
 Q                 40            41            42
 CUB               43            44            45            46


     PARAMETER SPECIFICATION FOR LATENT CLASS 3


           NU
              SANS_0        SANS_1        SANS_2        SANS_3        SANS_6
              ________      ________      ________      ________      ________
                    0             0             0             0             0


           NU
              SANS_9        SANS_12       SANS_18       SANS_24
              ________      ________      ________      ________
                    0             0             0             0


           LAMBDA
              I             S             Q             CUB
              ________      ________      ________      ________
 SANS_0             0             0             0             0
 SANS_1             0             0             0             0
 SANS_2             0             0             0             0
 SANS_3             0             0             0             0
 SANS_6             0             0             0             0
 SANS_9             0             0             0             0
 SANS_12            0             0             0             0
 SANS_18            0             0             0             0
 SANS_24            0             0             0             0


           THETA
              SANS_0        SANS_1        SANS_2        SANS_3        SANS_6
              ________      ________      ________      ________      ________
 SANS_0            47
 SANS_1             0            48
 SANS_2             0             0            49
 SANS_3             0             0             0            50
 SANS_6             0             0             0             0            51
 SANS_9             0             0             0             0             0
 SANS_12            0             0             0             0             0
 SANS_18            0             0             0             0             0
 SANS_24            0             0             0             0             0


           THETA
              SANS_9        SANS_12       SANS_18       SANS_24
              ________      ________      ________      ________
 SANS_9            52
 SANS_12            0            53
 SANS_18            0             0            54
 SANS_24            0             0             0            55


           ALPHA
              I             S             Q             CUB
              ________      ________      ________      ________
                   56            57            58            59


           BETA
              I             S             Q             CUB
              ________      ________      ________      ________
 I                  0             0             0             0
 S                  0             0             0             0
 Q                  0             0             0             0
 CUB                0             0             0             0


           PSI
              I             S             Q             CUB
              ________      ________      ________      ________
 I                 60
 S                 61            62
 Q                 63            64            65
 CUB               66            67            68            69


     PARAMETER SPECIFICATION FOR LATENT CLASS REGRESSION MODEL PART


           ALPHA(C)
              C#1           C#2           C#3
              ________      ________      ________
                   70            71             0


     STARTING VALUES FOR LATENT CLASS 1


           NU
              SANS_0        SANS_1        SANS_2        SANS_3        SANS_6
              ________      ________      ________      ________      ________
                0.000         0.000         0.000         0.000         0.000


           NU
              SANS_9        SANS_12       SANS_18       SANS_24
              ________      ________      ________      ________
                0.000         0.000         0.000         0.000


           LAMBDA
              I             S             Q             CUB
              ________      ________      ________      ________
 SANS_0         1.000         0.000         0.000         0.000
 SANS_1         1.000         1.000         1.000         1.000
 SANS_2         1.000         2.000         4.000         8.000
 SANS_3         1.000         3.000         9.000        27.000
 SANS_6         1.000         6.000        36.000       216.000
 SANS_9         1.000         9.000        81.000       729.000
 SANS_12        1.000        12.000       144.000      1728.000
 SANS_18        1.000        18.000       324.000      5832.000
 SANS_24        1.000        24.000       576.000     13824.000


           THETA
              SANS_0        SANS_1        SANS_2        SANS_3        SANS_6
              ________      ________      ________      ________      ________
 SANS_0         7.192
 SANS_1         0.000         6.923
 SANS_2         0.000         0.000         7.517
 SANS_3         0.000         0.000         0.000         7.723
 SANS_6         0.000         0.000         0.000         0.000         8.122
 SANS_9         0.000         0.000         0.000         0.000         0.000
 SANS_12        0.000         0.000         0.000         0.000         0.000
 SANS_18        0.000         0.000         0.000         0.000         0.000
 SANS_24        0.000         0.000         0.000         0.000         0.000


           THETA
              SANS_9        SANS_12       SANS_18       SANS_24
              ________      ________      ________      ________
 SANS_9         8.740
 SANS_12        0.000         9.113
 SANS_18        0.000         0.000         9.296
 SANS_24        0.000         0.000         0.000         9.348


           ALPHA
              I             S             Q             CUB
              ________      ________      ________      ________
               10.660        -3.153         1.254        -0.132


           BETA
              I             S             Q             CUB
              ________      ________      ________      ________
 I              0.000         0.000         0.000         0.000
 S              0.000         0.000         0.000         0.000
 Q              0.000         0.000         0.000         0.000
 CUB            0.000         0.000         0.000         0.000


           PSI
              I             S             Q             CUB
              ________      ________      ________      ________
 I             19.685
 S              0.000        38.783
 Q              0.000         0.000         6.003
 CUB            0.000         0.000         0.000         0.066


     STARTING VALUES FOR LATENT CLASS 2


           NU
              SANS_0        SANS_1        SANS_2        SANS_3        SANS_6
              ________      ________      ________      ________      ________
                0.000         0.000         0.000         0.000         0.000


           NU
              SANS_9        SANS_12       SANS_18       SANS_24
              ________      ________      ________      ________
                0.000         0.000         0.000         0.000


           LAMBDA
              I             S             Q             CUB
              ________      ________      ________      ________
 SANS_0         1.000         0.000         0.000         0.000
 SANS_1         1.000         1.000         1.000         1.000
 SANS_2         1.000         2.000         4.000         8.000
 SANS_3         1.000         3.000         9.000        27.000
 SANS_6         1.000         6.000        36.000       216.000
 SANS_9         1.000         9.000        81.000       729.000
 SANS_12        1.000        12.000       144.000      1728.000
 SANS_18        1.000        18.000       324.000      5832.000
 SANS_24        1.000        24.000       576.000     13824.000


           THETA
              SANS_0        SANS_1        SANS_2        SANS_3        SANS_6
              ________      ________      ________      ________      ________
 SANS_0         7.192
 SANS_1         0.000         6.923
 SANS_2         0.000         0.000         7.517
 SANS_3         0.000         0.000         0.000         7.723
 SANS_6         0.000         0.000         0.000         0.000         8.122
 SANS_9         0.000         0.000         0.000         0.000         0.000
 SANS_12        0.000         0.000         0.000         0.000         0.000
 SANS_18        0.000         0.000         0.000         0.000         0.000
 SANS_24        0.000         0.000         0.000         0.000         0.000


           THETA
              SANS_9        SANS_12       SANS_18       SANS_24
              ________      ________      ________      ________
 SANS_9         8.740
 SANS_12        0.000         9.113
 SANS_18        0.000         0.000         9.296
 SANS_24        0.000         0.000         0.000         9.348


           ALPHA
              I             S             Q             CUB
              ________      ________      ________      ________
               10.660        -3.153         1.254        -0.132


           BETA
              I             S             Q             CUB
              ________      ________      ________      ________
 I              0.000         0.000         0.000         0.000
 S              0.000         0.000         0.000         0.000
 Q              0.000         0.000         0.000         0.000
 CUB            0.000         0.000         0.000         0.000


           PSI
              I             S             Q             CUB
              ________      ________      ________      ________
 I             19.685
 S              0.000        38.783
 Q              0.000         0.000         6.003
 CUB            0.000         0.000         0.000         0.066


     STARTING VALUES FOR LATENT CLASS 3


           NU
              SANS_0        SANS_1        SANS_2        SANS_3        SANS_6
              ________      ________      ________      ________      ________
                0.000         0.000         0.000         0.000         0.000


           NU
              SANS_9        SANS_12       SANS_18       SANS_24
              ________      ________      ________      ________
                0.000         0.000         0.000         0.000


           LAMBDA
              I             S             Q             CUB
              ________      ________      ________      ________
 SANS_0         1.000         0.000         0.000         0.000
 SANS_1         1.000         1.000         1.000         1.000
 SANS_2         1.000         2.000         4.000         8.000
 SANS_3         1.000         3.000         9.000        27.000
 SANS_6         1.000         6.000        36.000       216.000
 SANS_9         1.000         9.000        81.000       729.000
 SANS_12        1.000        12.000       144.000      1728.000
 SANS_18        1.000        18.000       324.000      5832.000
 SANS_24        1.000        24.000       576.000     13824.000


           THETA
              SANS_0        SANS_1        SANS_2        SANS_3        SANS_6
              ________      ________      ________      ________      ________
 SANS_0         7.192
 SANS_1         0.000         6.923
 SANS_2         0.000         0.000         7.517
 SANS_3         0.000         0.000         0.000         7.723
 SANS_6         0.000         0.000         0.000         0.000         8.122
 SANS_9         0.000         0.000         0.000         0.000         0.000
 SANS_12        0.000         0.000         0.000         0.000         0.000
 SANS_18        0.000         0.000         0.000         0.000         0.000
 SANS_24        0.000         0.000         0.000         0.000         0.000


           THETA
              SANS_9        SANS_12       SANS_18       SANS_24
              ________      ________      ________      ________
 SANS_9         8.740
 SANS_12        0.000         9.113
 SANS_18        0.000         0.000         9.296
 SANS_24        0.000         0.000         0.000         9.348


           ALPHA
              I             S             Q             CUB
              ________      ________      ________      ________
               10.660        -3.153         1.254        -0.132


           BETA
              I             S             Q             CUB
              ________      ________      ________      ________
 I              0.000         0.000         0.000         0.000
 S              0.000         0.000         0.000         0.000
 Q              0.000         0.000         0.000         0.000
 CUB            0.000         0.000         0.000         0.000


           PSI
              I             S             Q             CUB
              ________      ________      ________      ________
 I             19.685
 S              0.000        38.783
 Q              0.000         0.000         6.003
 CUB            0.000         0.000         0.000         0.066


     STARTING VALUES FOR LATENT CLASS REGRESSION MODEL PART


           ALPHA(C)
              C#1           C#2           C#3
              ________      ________      ________
                0.000         0.000         0.000


TECHNICAL 7 OUTPUT


     SAMPLE STATISTICS WEIGHTED BY ESTIMATED CLASS PROBABILITIES FOR CLASS 1


           Means
              SANS_0        SANS_1        SANS_2        SANS_3        SANS_6
              ________      ________      ________      ________      ________
               14.770         8.725         9.819        10.593         1.952


           Means
              SANS_9        SANS_12       SANS_18       SANS_24
              ________      ________      ________      ________
                2.178         3.954        12.888        12.740


           Covariances
              SANS_0        SANS_1        SANS_2        SANS_3        SANS_6
              ________      ________      ________      ________      ________
 SANS_0         4.042
 SANS_1        -6.481        27.191
 SANS_2        -9.516        39.039        56.514
 SANS_3       -10.806        40.858        59.581        63.345
 SANS_6        -4.540         3.783         5.440         7.143         8.143
 SANS_9        -1.905         7.101        11.526        12.440         1.278
 SANS_12       -9.515       -20.896       -11.868        -7.461        23.935
 SANS_18       -1.731        81.826        51.421        23.270        77.824
 SANS_24        5.271       -22.747       -91.715       -93.992        21.346


           Covariances
              SANS_9        SANS_12       SANS_18       SANS_24
              ________      ________      ________      ________
 SANS_9         2.134
 SANS_12       40.487         8.258
 SANS_18      119.163        49.632        30.490
 SANS_24       44.613         0.547       -87.721        14.000


     SAMPLE STATISTICS WEIGHTED BY ESTIMATED CLASS PROBABILITIES FOR CLASS 2


           Means
              SANS_0        SANS_1        SANS_2        SANS_3        SANS_6
              ________      ________      ________      ________      ________
               10.067         8.758         7.939         7.845         7.103


           Means
              SANS_9        SANS_12       SANS_18       SANS_24
              ________      ________      ________      ________
                6.701         6.540         6.250         5.884


           Covariances
              SANS_0        SANS_1        SANS_2        SANS_3        SANS_6
              ________      ________      ________      ________      ________
 SANS_0        14.384
 SANS_1         8.272        13.846
 SANS_2         7.900        13.674        15.034
 SANS_3         8.244        12.715        11.953        15.447
 SANS_6         6.843        11.841        10.081        10.175        16.245
 SANS_9         6.196         8.711         7.508         8.634         9.808
 SANS_12        5.762         7.831         6.763         8.205         9.662
 SANS_18        6.164        13.206        10.209         9.383         8.873
 SANS_24        5.707        10.320         6.674         8.202         8.335


           Covariances
              SANS_9        SANS_12       SANS_18       SANS_24
              ________      ________      ________      ________
 SANS_9        17.480
 SANS_12       13.000        18.226
 SANS_18       11.774        11.881        18.591
 SANS_24       10.083        11.651        12.710        18.696


     SAMPLE STATISTICS WEIGHTED BY ESTIMATED CLASS PROBABILITIES FOR CLASS 3


           Means
              SANS_0        SANS_1        SANS_2        SANS_3        SANS_6
              ________      ________      ________      ________      ________
               13.016        11.266         3.296         3.475         0.391


           Means
              SANS_9        SANS_12       SANS_18       SANS_24
              ________      ________      ________      ________
               14.589        13.667        10.137         8.791


           Covariances
              SANS_0        SANS_1        SANS_2        SANS_3        SANS_6
              ________      ________      ________      ________      ________
 SANS_0         0.468
 SANS_1         9.180        27.186
 SANS_2         0.199        71.773         2.108
 SANS_3         0.613       113.394         3.149         5.150
 SANS_6        -0.273        66.602         1.631         2.516         3.474
 SANS_9         0.191       -89.045        -2.202        -3.277        -3.016
 SANS_12        0.263       -53.755        -1.515        -2.270        -2.782
 SANS_18        0.809        77.485         0.676         1.452        -0.983
 SANS_24        0.085       -46.397        -1.615        -2.482        -2.374


           Covariances
              SANS_9        SANS_12       SANS_18       SANS_24
              ________      ________      ________      ________
 SANS_9         3.807
 SANS_12        2.622         2.558
 SANS_18       -0.098         1.088         1.591
 SANS_24        2.423         2.200        -0.529         1.157


TECHNICAL 11 OUTPUT

     Random Starts Specifications for the k-1 Class Analysis Model
        Number of initial stage random starts                2000
        Number of final stage optimizations                   500



SAVEDATA INFORMATION

     Factor scores were not computed.
     Class probabilities were not computed.
     No data were saved.


     Beginning Time:  00:56:37
        Ending Time:  01:19:52
       Elapsed Time:  00:23:15



MUTHEN & MUTHEN
3463 Stoner Ave.
Los Angeles, CA  90066

Tel: (310) 391-9971
Fax: (310) 391-8971
Web: www.StatModel.com
Support: Support@StatModel.com

Copyright (c) 1998-2021 Muthen & Muthen
