Mplus VERSION 8.6 (Mac)
MUTHEN & MUTHEN
05/13/2022   5:35 PM

INPUT INSTRUCTIONS

  TITLE:
   GMM1v_i s-cub@0;
  DATA:
  FILE = "/Users/olivierpercie/Desktop/MplusLGM/SANS/Results/GMMv/GMM1/GMM1v_i s-cub@0.dat";

  VARIABLE:
  NAMES = pin SANS_0 SANS_1 SANS_2 SANS_3 SANS_6 SANS_9 SANS_12 SANS_18 SANS_24;
   MISSING=.;
   USEVAR = SANS_0 SANS_1 SANS_2 SANS_3 SANS_6 SANS_9 SANS_12
  SANS_18 SANS_24;
  IDVAR = pin;
  CLASSES = c(3);

  ANALYSIS:
  TYPE = MIXTURE;
  STARTS = 1000 250;
  K-1STARTS = 500 125;
  PROCESSORS = 8;

  MODEL:
  %OVERALL%
  i s q cub |
  SANS_0@0 SANS_1@1 SANS_2@2 SANS_3@3 SANS_6@6
  SANS_9@9 SANS_12@12 SANS_18@18 SANS_24@24;
  i s-cub@0;
  SANS_0-SANS_24 (1);
  %c#1%
  i s-cub@0;
  %c#2%
  i s-cub@0;
  %c#3%
  i s-cub@0;

  OUTPUT:
  sampstat standardized
  TECH1;
  TECH11;

  SAVEDATA:

  FILE = GMM1v_i s-cub@0_res.dat;
  SAVE = CPROBABILITIES;
  PLOT:
  TYPE = plot3;
  SERIES = SANS_0 (s) SANS_1 (s) SANS_2 (s) SANS_3 (s)
  SANS_6 (s) SANS_9 (s) SANS_12 (s) SANS_18 (s)
  SANS_24 (s);




*** WARNING in MODEL command
  All continuous latent variable covariances involving S have been fixed to 0
  because the variance of S is fixed at 0.
*** WARNING in MODEL command
  All continuous latent variable covariances involving Q have been fixed to 0
  because the variance of Q is fixed at 0.
*** WARNING in MODEL command
  All continuous latent variable covariances involving CUB have been fixed to 0
  because the variance of CUB is fixed at 0.
   3 WARNING(S) FOUND IN THE INPUT INSTRUCTIONS




GMM1v_i s-cub@0;

SUMMARY OF ANALYSIS

Number of groups                                                 1
Number of observations                                         405

Number of dependent variables                                    9
Number of independent variables                                  0
Number of continuous latent variables                            4
Number of categorical latent variables                           1

Observed dependent variables

  Continuous
   SANS_0      SANS_1      SANS_2      SANS_3      SANS_6      SANS_9
   SANS_12     SANS_18     SANS_24

Continuous latent variables
   I           S           Q           CUB

Categorical latent variables
   C

Variables with special functions

  ID variable           PIN

Estimator                                                      MLR
Information matrix                                        OBSERVED
Optimization Specifications for the Quasi-Newton Algorithm for
Continuous Outcomes
  Maximum number of iterations                                 100
  Convergence criterion                                  0.100D-05
Optimization Specifications for the EM Algorithm
  Maximum number of iterations                                 500
  Convergence criteria
    Loglikelihood change                                 0.100D-06
    Relative loglikelihood change                        0.100D-06
    Derivative                                           0.100D-05
Optimization Specifications for the M step of the EM Algorithm for
Categorical Latent variables
  Number of M step iterations                                    1
  M step convergence criterion                           0.100D-05
  Basis for M step termination                           ITERATION
Optimization Specifications for the M step of the EM Algorithm for
Censored, Binary or Ordered Categorical (Ordinal), Unordered
Categorical (Nominal) and Count Outcomes
  Number of M step iterations                                    1
  M step convergence criterion                           0.100D-05
  Basis for M step termination                           ITERATION
  Maximum value for logit thresholds                            15
  Minimum value for logit thresholds                           -15
  Minimum expected cell size for chi-square              0.100D-01
Maximum number of iterations for H1                           2000
Convergence criterion for H1                             0.100D-03
Optimization algorithm                                         EMA
Random Starts Specifications
  Number of initial stage random starts                       1000
  Number of final stage optimizations                          250
  Number of initial stage iterations                            10
  Initial stage convergence criterion                    0.100D+01
  Random starts scale                                    0.500D+01
  Random seed for generating random starts                       0

Input data file(s)
  /Users/olivierpercie/Desktop/MplusLGM/SANS/Results/GMMv/GMM1/GMM1v_i s-cub@0.d
Input data format  FREE


SUMMARY OF DATA

     Number of missing data patterns            63
     Number of y missing data patterns          63
     Number of u missing data patterns           0


COVARIANCE COVERAGE OF DATA

Minimum covariance coverage value   0.100


     PROPORTION OF DATA PRESENT FOR Y


           Covariance Coverage
              SANS_0        SANS_1        SANS_2        SANS_3        SANS_6
              ________      ________      ________      ________      ________
 SANS_0         1.000
 SANS_1         0.674         0.674
 SANS_2         0.852         0.602         0.852
 SANS_3         0.941         0.627         0.822         0.941
 SANS_6         0.911         0.605         0.785         0.872         0.911
 SANS_9         0.862         0.578         0.756         0.807         0.795
 SANS_12        0.872         0.573         0.733         0.815         0.793
 SANS_18        0.820         0.538         0.686         0.765         0.746
 SANS_24        0.793         0.519         0.694         0.743         0.723


           Covariance Coverage
              SANS_9        SANS_12       SANS_18       SANS_24
              ________      ________      ________      ________
 SANS_9         0.862
 SANS_12        0.775         0.872
 SANS_18        0.719         0.746         0.820
 SANS_24        0.721         0.723         0.709         0.793


SAMPLE STATISTICS


     ESTIMATED SAMPLE STATISTICS


           Means
              SANS_0        SANS_1        SANS_2        SANS_3        SANS_6
              ________      ________      ________      ________      ________
               10.062         8.578         7.894         7.834         7.155


           Means
              SANS_9        SANS_12       SANS_18       SANS_24
              ________      ________      ________      ________
                6.786         6.561         6.229         5.847


           Covariances
              SANS_0        SANS_1        SANS_2        SANS_3        SANS_6
              ________      ________      ________      ________      ________
 SANS_0        14.384
 SANS_1         7.973        14.004
 SANS_2         7.764        11.612        15.248
 SANS_3         7.458        10.131        12.060        15.432
 SANS_6         6.505         8.769        10.012        10.491        16.419
 SANS_9         6.586         7.860         9.129        10.062        11.654
 SANS_12        5.976         7.309         8.024         8.481        11.147
 SANS_18        5.672         7.421         7.896         7.853         9.759
 SANS_24        5.187         6.139         6.496         7.439         8.914


           Covariances
              SANS_9        SANS_12       SANS_18       SANS_24
              ________      ________      ________      ________
 SANS_9        17.767
 SANS_12       13.098        18.567
 SANS_18       11.392        12.843        18.508
 SANS_24       10.429        11.152        13.097        19.319


           Correlations
              SANS_0        SANS_1        SANS_2        SANS_3        SANS_6
              ________      ________      ________      ________      ________
 SANS_0         1.000
 SANS_1         0.562         1.000
 SANS_2         0.524         0.795         1.000
 SANS_3         0.501         0.689         0.786         1.000
 SANS_6         0.423         0.578         0.633         0.659         1.000
 SANS_9         0.412         0.498         0.555         0.608         0.682
 SANS_12        0.366         0.453         0.477         0.501         0.638
 SANS_18        0.348         0.461         0.470         0.465         0.560
 SANS_24        0.311         0.373         0.379         0.431         0.501


           Correlations
              SANS_9        SANS_12       SANS_18       SANS_24
              ________      ________      ________      ________
 SANS_9         1.000
 SANS_12        0.721         1.000
 SANS_18        0.628         0.693         1.000
 SANS_24        0.563         0.589         0.693         1.000


     MAXIMUM LOG-LIKELIHOOD VALUE FOR THE UNRESTRICTED (H1) MODEL IS -7840.068


UNIVARIATE SAMPLE STATISTICS


     UNIVARIATE HIGHER-ORDER MOMENT DESCRIPTIVE STATISTICS

         Variable/         Mean/     Skewness/   Minimum/ % with                Percentiles
        Sample Size      Variance    Kurtosis    Maximum  Min/Max      20%/60%    40%/80%    Median

     SANS_0               10.062      -0.101       0.000    0.49%       7.000      9.000     10.000
             405.000      14.384      -0.412      19.000    0.25%      11.000     14.000
     SANS_1                8.758       0.109       0.000    0.73%       6.000      7.000      9.000
             273.000      13.846      -0.295      19.000    0.37%      10.000     12.000
     SANS_2                7.933       0.117       0.000    2.32%       4.000      7.000      8.000
             345.000      15.001      -0.539      19.000    0.29%       9.000     12.000
     SANS_3                7.837       0.134       0.000    2.62%       4.000      7.000      8.000
             381.000      15.428      -0.399      19.000    0.26%       9.000     11.000
     SANS_6                7.100       0.258       0.000    4.34%       3.000      6.000      7.000
             369.000      16.204      -0.467      19.000    0.27%       8.000     11.000
     SANS_9                6.708       0.326       0.000    6.88%       3.000      5.000      6.000
             349.000      17.445      -0.621      17.000    0.86%       7.000     10.000
     SANS_12               6.544       0.382       0.000    7.37%       2.000      5.000      6.000
             353.000      18.180      -0.603      19.000    0.28%       7.000     10.000
     SANS_18               6.250       0.506       0.000    8.13%       2.000      4.000      6.000
             332.000      18.591      -0.491      19.000    0.30%       7.000     10.000
     SANS_24               5.866       0.677       0.000   10.90%       2.000      4.000      5.000
             321.000      18.745      -0.108      20.000    0.31%       6.000     10.000

RANDOM STARTS RESULTS RANKED FROM THE BEST TO THE WORST LOGLIKELIHOOD VALUES

Final stage loglikelihood values at local maxima, seeds, and initial stage start numbers:

           -7950.053  502495           724
           -7950.053  506113           895
           -7950.053  359578           458
           -7950.053  49221            254
           -7950.053  147440           514
           -7950.053  950604           172
           -7950.053  467561           819
           -7950.053  406935           958
           -7950.053  366533           484
           -7950.053  227563           63
           -7950.053  27071            15
           -7950.053  259507           53
           -7950.053  468036           131
           -7950.053  312754           562
           -7950.053  566687           597
           -7950.053  666720           671
           -7950.053  849670           347
           -7950.053  374219           353
           -7950.053  871722           355
           -7950.053  46502            714
           -7950.053  850545           357
           -7950.053  609185           181
           -7950.053  875667           367
           -7950.053  301717           823
           -7950.053  918558           412
           -7950.053  779820           877
           -7950.053  857122           889
           -7950.053  424223           900
           -7950.053  535303           923
           -7950.053  617243           237
           -7950.053  226322           478
           -7950.053  77571            980
           -7950.053  152496           123
           -7950.053  467339           66
           -7950.053  17359            227
           -8092.156  804660           260
           -8092.156  576726           280

213 perturbed starting value run(s) did not converge or were rejected in the third stage.



THE BEST LOGLIKELIHOOD VALUE HAS BEEN REPLICATED.  RERUN WITH AT LEAST TWICE THE
RANDOM STARTS TO CHECK THAT THE BEST LOGLIKELIHOOD IS STILL OBTAINED AND REPLICATED.


THE MODEL ESTIMATION TERMINATED NORMALLY



MODEL FIT INFORMATION

Number of Free Parameters                       18

Loglikelihood

          H0 Value                       -7950.053
          H0 Scaling Correction Factor      1.3925
            for MLR

Information Criteria

          Akaike (AIC)                   15936.106
          Bayesian (BIC)                 16008.176
          Sample-Size Adjusted BIC       15951.059
            (n* = (n + 2) / 24)



FINAL CLASS COUNTS AND PROPORTIONS FOR THE LATENT CLASSES
BASED ON THE ESTIMATED MODEL

    Latent
   Classes

       1        146.30209          0.36124
       2        118.86892          0.29350
       3        139.82899          0.34526


FINAL CLASS COUNTS AND PROPORTIONS FOR THE LATENT CLASSES
BASED ON ESTIMATED POSTERIOR PROBABILITIES

    Latent
   Classes

       1        146.30209          0.36124
       2        118.86892          0.29350
       3        139.82899          0.34526


FINAL CLASS COUNTS AND PROPORTIONS FOR THE LATENT CLASSES
BASED ON THEIR MOST LIKELY LATENT CLASS MEMBERSHIP

Class Counts and Proportions

    Latent
   Classes

       1              153          0.37778
       2              115          0.28395
       3              137          0.33827


CLASSIFICATION QUALITY

     Entropy                         0.545


Average Latent Class Probabilities for Most Likely Latent Class Membership (Row)
by Latent Class (Column)

           1        2        3

    1   0.797    0.044    0.159
    2   0.053    0.820    0.127
    3   0.133    0.130    0.737


Classification Probabilities for the Most Likely Latent Class Membership (Column)
by Latent Class (Row)

           1        2        3

    1   0.834    0.042    0.124
    2   0.057    0.794    0.150
    3   0.174    0.104    0.722


Logits for the Classification Probabilities for the Most Likely Latent Class Membership (Column)
by Latent Class (Row)

              1        2        3

    1      1.902   -1.094    0.000
    2     -0.971    1.668    0.000
    3     -1.426   -1.936    0.000


MODEL RESULTS

                                                    Two-Tailed
                    Estimate       S.E.  Est./S.E.    P-Value

Latent Class 1

 I        |
    SANS_0             1.000      0.000    999.000    999.000
    SANS_1             1.000      0.000    999.000    999.000
    SANS_2             1.000      0.000    999.000    999.000
    SANS_3             1.000      0.000    999.000    999.000
    SANS_6             1.000      0.000    999.000    999.000
    SANS_9             1.000      0.000    999.000    999.000
    SANS_12            1.000      0.000    999.000    999.000
    SANS_18            1.000      0.000    999.000    999.000
    SANS_24            1.000      0.000    999.000    999.000

 S        |
    SANS_0             0.000      0.000    999.000    999.000
    SANS_1             1.000      0.000    999.000    999.000
    SANS_2             2.000      0.000    999.000    999.000
    SANS_3             3.000      0.000    999.000    999.000
    SANS_6             6.000      0.000    999.000    999.000
    SANS_9             9.000      0.000    999.000    999.000
    SANS_12           12.000      0.000    999.000    999.000
    SANS_18           18.000      0.000    999.000    999.000
    SANS_24           24.000      0.000    999.000    999.000

 Q        |
    SANS_0             0.000      0.000    999.000    999.000
    SANS_1             1.000      0.000    999.000    999.000
    SANS_2             4.000      0.000    999.000    999.000
    SANS_3             9.000      0.000    999.000    999.000
    SANS_6            36.000      0.000    999.000    999.000
    SANS_9            81.000      0.000    999.000    999.000
    SANS_12          144.000      0.000    999.000    999.000
    SANS_18          324.000      0.000    999.000    999.000
    SANS_24          576.000      0.000    999.000    999.000

 CUB      |
    SANS_0             0.000      0.000    999.000    999.000
    SANS_1             1.000      0.000    999.000    999.000
    SANS_2             8.000      0.000    999.000    999.000
    SANS_3            27.000      0.000    999.000    999.000
    SANS_6           216.000      0.000    999.000    999.000
    SANS_9           729.000      0.000    999.000    999.000
    SANS_12         1728.000      0.000    999.000    999.000
    SANS_18         5832.000      0.000    999.000    999.000
    SANS_24        13824.000      0.000    999.000    999.000

 Means
    I                 10.654      0.665     16.028      0.000
    S                 -1.321      0.290     -4.548      0.000
    Q                  0.084      0.026      3.277      0.001
    CUB               -0.002      0.001     -2.715      0.007

 Intercepts
    SANS_0             0.000      0.000    999.000    999.000
    SANS_1             0.000      0.000    999.000    999.000
    SANS_2             0.000      0.000    999.000    999.000
    SANS_3             0.000      0.000    999.000    999.000
    SANS_6             0.000      0.000    999.000    999.000
    SANS_9             0.000      0.000    999.000    999.000
    SANS_12            0.000      0.000    999.000    999.000
    SANS_18            0.000      0.000    999.000    999.000
    SANS_24            0.000      0.000    999.000    999.000

 Variances
    I                  4.841      0.754      6.418      0.000
    S                  0.000      0.000    999.000    999.000
    Q                  0.000      0.000    999.000    999.000
    CUB                0.000      0.000    999.000    999.000

 Residual Variances
    SANS_0             5.918      0.239     24.737      0.000
    SANS_1             5.918      0.239     24.737      0.000
    SANS_2             5.918      0.239     24.737      0.000
    SANS_3             5.918      0.239     24.737      0.000
    SANS_6             5.918      0.239     24.737      0.000
    SANS_9             5.918      0.239     24.737      0.000
    SANS_12            5.918      0.239     24.737      0.000
    SANS_18            5.918      0.239     24.737      0.000
    SANS_24            5.918      0.239     24.737      0.000

Latent Class 2

 I        |
    SANS_0             1.000      0.000    999.000    999.000
    SANS_1             1.000      0.000    999.000    999.000
    SANS_2             1.000      0.000    999.000    999.000
    SANS_3             1.000      0.000    999.000    999.000
    SANS_6             1.000      0.000    999.000    999.000
    SANS_9             1.000      0.000    999.000    999.000
    SANS_12            1.000      0.000    999.000    999.000
    SANS_18            1.000      0.000    999.000    999.000
    SANS_24            1.000      0.000    999.000    999.000

 S        |
    SANS_0             0.000      0.000    999.000    999.000
    SANS_1             1.000      0.000    999.000    999.000
    SANS_2             2.000      0.000    999.000    999.000
    SANS_3             3.000      0.000    999.000    999.000
    SANS_6             6.000      0.000    999.000    999.000
    SANS_9             9.000      0.000    999.000    999.000
    SANS_12           12.000      0.000    999.000    999.000
    SANS_18           18.000      0.000    999.000    999.000
    SANS_24           24.000      0.000    999.000    999.000

 Q        |
    SANS_0             0.000      0.000    999.000    999.000
    SANS_1             1.000      0.000    999.000    999.000
    SANS_2             4.000      0.000    999.000    999.000
    SANS_3             9.000      0.000    999.000    999.000
    SANS_6            36.000      0.000    999.000    999.000
    SANS_9            81.000      0.000    999.000    999.000
    SANS_12          144.000      0.000    999.000    999.000
    SANS_18          324.000      0.000    999.000    999.000
    SANS_24          576.000      0.000    999.000    999.000

 CUB      |
    SANS_0             0.000      0.000    999.000    999.000
    SANS_1             1.000      0.000    999.000    999.000
    SANS_2             8.000      0.000    999.000    999.000
    SANS_3            27.000      0.000    999.000    999.000
    SANS_6           216.000      0.000    999.000    999.000
    SANS_9           729.000      0.000    999.000    999.000
    SANS_12         1728.000      0.000    999.000    999.000
    SANS_18         5832.000      0.000    999.000    999.000
    SANS_24        13824.000      0.000    999.000    999.000

 Means
    I                  8.543      0.393     21.761      0.000
    S                 -0.554      0.153     -3.627      0.000
    Q                  0.063      0.015      4.149      0.000
    CUB               -0.002      0.000     -3.859      0.000

 Intercepts
    SANS_0             0.000      0.000    999.000    999.000
    SANS_1             0.000      0.000    999.000    999.000
    SANS_2             0.000      0.000    999.000    999.000
    SANS_3             0.000      0.000    999.000    999.000
    SANS_6             0.000      0.000    999.000    999.000
    SANS_9             0.000      0.000    999.000    999.000
    SANS_12            0.000      0.000    999.000    999.000
    SANS_18            0.000      0.000    999.000    999.000
    SANS_24            0.000      0.000    999.000    999.000

 Variances
    I                 11.774      1.575      7.475      0.000
    S                  0.000      0.000    999.000    999.000
    Q                  0.000      0.000    999.000    999.000
    CUB                0.000      0.000    999.000    999.000

 Residual Variances
    SANS_0             5.918      0.239     24.737      0.000
    SANS_1             5.918      0.239     24.737      0.000
    SANS_2             5.918      0.239     24.737      0.000
    SANS_3             5.918      0.239     24.737      0.000
    SANS_6             5.918      0.239     24.737      0.000
    SANS_9             5.918      0.239     24.737      0.000
    SANS_12            5.918      0.239     24.737      0.000
    SANS_18            5.918      0.239     24.737      0.000
    SANS_24            5.918      0.239     24.737      0.000

Latent Class 3

 I        |
    SANS_0             1.000      0.000    999.000    999.000
    SANS_1             1.000      0.000    999.000    999.000
    SANS_2             1.000      0.000    999.000    999.000
    SANS_3             1.000      0.000    999.000    999.000
    SANS_6             1.000      0.000    999.000    999.000
    SANS_9             1.000      0.000    999.000    999.000
    SANS_12            1.000      0.000    999.000    999.000
    SANS_18            1.000      0.000    999.000    999.000
    SANS_24            1.000      0.000    999.000    999.000

 S        |
    SANS_0             0.000      0.000    999.000    999.000
    SANS_1             1.000      0.000    999.000    999.000
    SANS_2             2.000      0.000    999.000    999.000
    SANS_3             3.000      0.000    999.000    999.000
    SANS_6             6.000      0.000    999.000    999.000
    SANS_9             9.000      0.000    999.000    999.000
    SANS_12           12.000      0.000    999.000    999.000
    SANS_18           18.000      0.000    999.000    999.000
    SANS_24           24.000      0.000    999.000    999.000

 Q        |
    SANS_0             0.000      0.000    999.000    999.000
    SANS_1             1.000      0.000    999.000    999.000
    SANS_2             4.000      0.000    999.000    999.000
    SANS_3             9.000      0.000    999.000    999.000
    SANS_6            36.000      0.000    999.000    999.000
    SANS_9            81.000      0.000    999.000    999.000
    SANS_12          144.000      0.000    999.000    999.000
    SANS_18          324.000      0.000    999.000    999.000
    SANS_24          576.000      0.000    999.000    999.000

 CUB      |
    SANS_0             0.000      0.000    999.000    999.000
    SANS_1             1.000      0.000    999.000    999.000
    SANS_2             8.000      0.000    999.000    999.000
    SANS_3            27.000      0.000    999.000    999.000
    SANS_6           216.000      0.000    999.000    999.000
    SANS_9           729.000      0.000    999.000    999.000
    SANS_12         1728.000      0.000    999.000    999.000
    SANS_18         5832.000      0.000    999.000    999.000
    SANS_24        13824.000      0.000    999.000    999.000

 Means
    I                  9.350      0.483     19.362      0.000
    S                 -0.118      0.212     -0.558      0.577
    Q                 -0.001      0.016     -0.094      0.925
    CUB                0.000      0.000     -0.171      0.864

 Intercepts
    SANS_0             0.000      0.000    999.000    999.000
    SANS_1             0.000      0.000    999.000    999.000
    SANS_2             0.000      0.000    999.000    999.000
    SANS_3             0.000      0.000    999.000    999.000
    SANS_6             0.000      0.000    999.000    999.000
    SANS_9             0.000      0.000    999.000    999.000
    SANS_12            0.000      0.000    999.000    999.000
    SANS_18            0.000      0.000    999.000    999.000
    SANS_24            0.000      0.000    999.000    999.000

 Variances
    I                  9.342      1.398      6.681      0.000
    S                  0.000      0.000    999.000    999.000
    Q                  0.000      0.000    999.000    999.000
    CUB                0.000      0.000    999.000    999.000

 Residual Variances
    SANS_0             5.918      0.239     24.737      0.000
    SANS_1             5.918      0.239     24.737      0.000
    SANS_2             5.918      0.239     24.737      0.000
    SANS_3             5.918      0.239     24.737      0.000
    SANS_6             5.918      0.239     24.737      0.000
    SANS_9             5.918      0.239     24.737      0.000
    SANS_12            5.918      0.239     24.737      0.000
    SANS_18            5.918      0.239     24.737      0.000
    SANS_24            5.918      0.239     24.737      0.000

Categorical Latent Variables

 Means
    C#1                0.045      0.785      0.058      0.954
    C#2               -0.162      0.568     -0.286      0.775


QUALITY OF NUMERICAL RESULTS

     Condition Number for the Information Matrix              0.277E-06
       (ratio of smallest to largest eigenvalue)


STANDARDIZED MODEL RESULTS


STDYX Standardization

                                                    Two-Tailed
                    Estimate       S.E.  Est./S.E.    P-Value

Latent Class 1

 I        |
    SANS_0             0.671      0.029     22.743      0.000
    SANS_1             0.671      0.029     22.743      0.000
    SANS_2             0.671      0.029     22.743      0.000
    SANS_3             0.671      0.029     22.743      0.000
    SANS_6             0.671      0.029     22.743      0.000
    SANS_9             0.671      0.029     22.743      0.000
    SANS_12            0.671      0.029     22.743      0.000
    SANS_18            0.671      0.029     22.743      0.000
    SANS_24            0.671      0.029     22.743      0.000

 S        |
    SANS_0           999.000    999.000    999.000    999.000
    SANS_1           999.000    999.000    999.000    999.000
    SANS_2           999.000    999.000    999.000    999.000
    SANS_3           999.000    999.000    999.000    999.000
    SANS_6           999.000    999.000    999.000    999.000
    SANS_9           999.000    999.000    999.000    999.000
    SANS_12          999.000    999.000    999.000    999.000
    SANS_18          999.000    999.000    999.000    999.000
    SANS_24          999.000    999.000    999.000    999.000

 Q        |
    SANS_0           999.000    999.000    999.000    999.000
    SANS_1           999.000    999.000    999.000    999.000
    SANS_2           999.000    999.000    999.000    999.000
    SANS_3           999.000    999.000    999.000    999.000
    SANS_6           999.000    999.000    999.000    999.000
    SANS_9           999.000    999.000    999.000    999.000
    SANS_12          999.000    999.000    999.000    999.000
    SANS_18          999.000    999.000    999.000    999.000
    SANS_24          999.000    999.000    999.000    999.000

 CUB      |
    SANS_0           999.000    999.000    999.000    999.000
    SANS_1           999.000    999.000    999.000    999.000
    SANS_2           999.000    999.000    999.000    999.000
    SANS_3           999.000    999.000    999.000    999.000
    SANS_6           999.000    999.000    999.000    999.000
    SANS_9           999.000    999.000    999.000    999.000
    SANS_12          999.000    999.000    999.000    999.000
    SANS_18          999.000    999.000    999.000    999.000
    SANS_24          999.000    999.000    999.000    999.000

 Means
    I                  4.842      0.564      8.580      0.000
    S                999.000    999.000    999.000    999.000
    Q                999.000    999.000    999.000    999.000
    CUB              999.000    999.000    999.000    999.000

 Intercepts
    SANS_0             0.000      0.000    999.000    999.000
    SANS_1             0.000      0.000    999.000    999.000
    SANS_2             0.000      0.000    999.000    999.000
    SANS_3             0.000      0.000    999.000    999.000
    SANS_6             0.000      0.000    999.000    999.000
    SANS_9             0.000      0.000    999.000    999.000
    SANS_12            0.000      0.000    999.000    999.000
    SANS_18            0.000      0.000    999.000    999.000
    SANS_24            0.000      0.000    999.000    999.000

 Variances
    I                  1.000      0.000    999.000    999.000
    S                999.000    999.000    999.000    999.000
    Q                999.000    999.000    999.000    999.000
    CUB              999.000    999.000    999.000    999.000

 Residual Variances
    SANS_0             0.550      0.040     13.901      0.000
    SANS_1             0.550      0.040     13.901      0.000
    SANS_2             0.550      0.040     13.901      0.000
    SANS_3             0.550      0.040     13.901      0.000
    SANS_6             0.550      0.040     13.901      0.000
    SANS_9             0.550      0.040     13.901      0.000
    SANS_12            0.550      0.040     13.901      0.000
    SANS_18            0.550      0.040     13.901      0.000
    SANS_24            0.550      0.040     13.901      0.000

Latent Class 2

 I        |
    SANS_0             0.816      0.020     40.770      0.000
    SANS_1             0.816      0.020     40.770      0.000
    SANS_2             0.816      0.020     40.770      0.000
    SANS_3             0.816      0.020     40.770      0.000
    SANS_6             0.816      0.020     40.770      0.000
    SANS_9             0.816      0.020     40.770      0.000
    SANS_12            0.816      0.020     40.770      0.000
    SANS_18            0.816      0.020     40.770      0.000
    SANS_24            0.816      0.020     40.770      0.000

 S        |
    SANS_0           999.000    999.000    999.000    999.000
    SANS_1           999.000    999.000    999.000    999.000
    SANS_2           999.000    999.000    999.000    999.000
    SANS_3           999.000    999.000    999.000    999.000
    SANS_6           999.000    999.000    999.000    999.000
    SANS_9           999.000    999.000    999.000    999.000
    SANS_12          999.000    999.000    999.000    999.000
    SANS_18          999.000    999.000    999.000    999.000
    SANS_24          999.000    999.000    999.000    999.000

 Q        |
    SANS_0           999.000    999.000    999.000    999.000
    SANS_1           999.000    999.000    999.000    999.000
    SANS_2           999.000    999.000    999.000    999.000
    SANS_3           999.000    999.000    999.000    999.000
    SANS_6           999.000    999.000    999.000    999.000
    SANS_9           999.000    999.000    999.000    999.000
    SANS_12          999.000    999.000    999.000    999.000
    SANS_18          999.000    999.000    999.000    999.000
    SANS_24          999.000    999.000    999.000    999.000

 CUB      |
    SANS_0           999.000    999.000    999.000    999.000
    SANS_1           999.000    999.000    999.000    999.000
    SANS_2           999.000    999.000    999.000    999.000
    SANS_3           999.000    999.000    999.000    999.000
    SANS_6           999.000    999.000    999.000    999.000
    SANS_9           999.000    999.000    999.000    999.000
    SANS_12          999.000    999.000    999.000    999.000
    SANS_18          999.000    999.000    999.000    999.000
    SANS_24          999.000    999.000    999.000    999.000

 Means
    I                  2.490      0.182     13.674      0.000
    S                999.000    999.000    999.000    999.000
    Q                999.000    999.000    999.000    999.000
    CUB              999.000    999.000    999.000    999.000

 Intercepts
    SANS_0             0.000      0.000    999.000    999.000
    SANS_1             0.000      0.000    999.000    999.000
    SANS_2             0.000      0.000    999.000    999.000
    SANS_3             0.000      0.000    999.000    999.000
    SANS_6             0.000      0.000    999.000    999.000
    SANS_9             0.000      0.000    999.000    999.000
    SANS_12            0.000      0.000    999.000    999.000
    SANS_18            0.000      0.000    999.000    999.000
    SANS_24            0.000      0.000    999.000    999.000

 Variances
    I                  1.000      0.000    999.000    999.000
    S                999.000    999.000    999.000    999.000
    Q                999.000    999.000    999.000    999.000
    CUB              999.000    999.000    999.000    999.000

 Residual Variances
    SANS_0             0.335      0.033     10.247      0.000
    SANS_1             0.335      0.033     10.247      0.000
    SANS_2             0.335      0.033     10.247      0.000
    SANS_3             0.335      0.033     10.247      0.000
    SANS_6             0.335      0.033     10.247      0.000
    SANS_9             0.335      0.033     10.247      0.000
    SANS_12            0.335      0.033     10.247      0.000
    SANS_18            0.335      0.033     10.247      0.000
    SANS_24            0.335      0.033     10.247      0.000

Latent Class 3

 I        |
    SANS_0             0.782      0.024     32.910      0.000
    SANS_1             0.782      0.024     32.910      0.000
    SANS_2             0.782      0.024     32.910      0.000
    SANS_3             0.782      0.024     32.910      0.000
    SANS_6             0.782      0.024     32.910      0.000
    SANS_9             0.782      0.024     32.910      0.000
    SANS_12            0.782      0.024     32.910      0.000
    SANS_18            0.782      0.024     32.910      0.000
    SANS_24            0.782      0.024     32.910      0.000

 S        |
    SANS_0           999.000    999.000    999.000    999.000
    SANS_1           999.000    999.000    999.000    999.000
    SANS_2           999.000    999.000    999.000    999.000
    SANS_3           999.000    999.000    999.000    999.000
    SANS_6           999.000    999.000    999.000    999.000
    SANS_9           999.000    999.000    999.000    999.000
    SANS_12          999.000    999.000    999.000    999.000
    SANS_18          999.000    999.000    999.000    999.000
    SANS_24          999.000    999.000    999.000    999.000

 Q        |
    SANS_0           999.000    999.000    999.000    999.000
    SANS_1           999.000    999.000    999.000    999.000
    SANS_2           999.000    999.000    999.000    999.000
    SANS_3           999.000    999.000    999.000    999.000
    SANS_6           999.000    999.000    999.000    999.000
    SANS_9           999.000    999.000    999.000    999.000
    SANS_12          999.000    999.000    999.000    999.000
    SANS_18          999.000    999.000    999.000    999.000
    SANS_24          999.000    999.000    999.000    999.000

 CUB      |
    SANS_0           999.000    999.000    999.000    999.000
    SANS_1           999.000    999.000    999.000    999.000
    SANS_2           999.000    999.000    999.000    999.000
    SANS_3           999.000    999.000    999.000    999.000
    SANS_6           999.000    999.000    999.000    999.000
    SANS_9           999.000    999.000    999.000    999.000
    SANS_12          999.000    999.000    999.000    999.000
    SANS_18          999.000    999.000    999.000    999.000
    SANS_24          999.000    999.000    999.000    999.000

 Means
    I                  3.059      0.263     11.614      0.000
    S                999.000    999.000    999.000    999.000
    Q                999.000    999.000    999.000    999.000
    CUB              999.000    999.000    999.000    999.000

 Intercepts
    SANS_0             0.000      0.000    999.000    999.000
    SANS_1             0.000      0.000    999.000    999.000
    SANS_2             0.000      0.000    999.000    999.000
    SANS_3             0.000      0.000    999.000    999.000
    SANS_6             0.000      0.000    999.000    999.000
    SANS_9             0.000      0.000    999.000    999.000
    SANS_12            0.000      0.000    999.000    999.000
    SANS_18            0.000      0.000    999.000    999.000
    SANS_24            0.000      0.000    999.000    999.000

 Variances
    I                  1.000      0.000    999.000    999.000
    S                999.000    999.000    999.000    999.000
    Q                999.000    999.000    999.000    999.000
    CUB              999.000    999.000    999.000    999.000

 Residual Variances
    SANS_0             0.388      0.037     10.424      0.000
    SANS_1             0.388      0.037     10.424      0.000
    SANS_2             0.388      0.037     10.424      0.000
    SANS_3             0.388      0.037     10.424      0.000
    SANS_6             0.388      0.037     10.424      0.000
    SANS_9             0.388      0.037     10.424      0.000
    SANS_12            0.388      0.037     10.424      0.000
    SANS_18            0.388      0.037     10.424      0.000
    SANS_24            0.388      0.037     10.424      0.000


STDY Standardization

                                                    Two-Tailed
                    Estimate       S.E.  Est./S.E.    P-Value

Latent Class 1

 I        |
    SANS_0             0.671      0.029     22.743      0.000
    SANS_1             0.671      0.029     22.743      0.000
    SANS_2             0.671      0.029     22.743      0.000
    SANS_3             0.671      0.029     22.743      0.000
    SANS_6             0.671      0.029     22.743      0.000
    SANS_9             0.671      0.029     22.743      0.000
    SANS_12            0.671      0.029     22.743      0.000
    SANS_18            0.671      0.029     22.743      0.000
    SANS_24            0.671      0.029     22.743      0.000

 S        |
    SANS_0           999.000    999.000    999.000    999.000
    SANS_1           999.000    999.000    999.000    999.000
    SANS_2           999.000    999.000    999.000    999.000
    SANS_3           999.000    999.000    999.000    999.000
    SANS_6           999.000    999.000    999.000    999.000
    SANS_9           999.000    999.000    999.000    999.000
    SANS_12          999.000    999.000    999.000    999.000
    SANS_18          999.000    999.000    999.000    999.000
    SANS_24          999.000    999.000    999.000    999.000

 Q        |
    SANS_0           999.000    999.000    999.000    999.000
    SANS_1           999.000    999.000    999.000    999.000
    SANS_2           999.000    999.000    999.000    999.000
    SANS_3           999.000    999.000    999.000    999.000
    SANS_6           999.000    999.000    999.000    999.000
    SANS_9           999.000    999.000    999.000    999.000
    SANS_12          999.000    999.000    999.000    999.000
    SANS_18          999.000    999.000    999.000    999.000
    SANS_24          999.000    999.000    999.000    999.000

 CUB      |
    SANS_0           999.000    999.000    999.000    999.000
    SANS_1           999.000    999.000    999.000    999.000
    SANS_2           999.000    999.000    999.000    999.000
    SANS_3           999.000    999.000    999.000    999.000
    SANS_6           999.000    999.000    999.000    999.000
    SANS_9           999.000    999.000    999.000    999.000
    SANS_12          999.000    999.000    999.000    999.000
    SANS_18          999.000    999.000    999.000    999.000
    SANS_24          999.000    999.000    999.000    999.000

 Means
    I                  4.842      0.564      8.580      0.000
    S                999.000    999.000    999.000    999.000
    Q                999.000    999.000    999.000    999.000
    CUB              999.000    999.000    999.000    999.000

 Intercepts
    SANS_0             0.000      0.000    999.000    999.000
    SANS_1             0.000      0.000    999.000    999.000
    SANS_2             0.000      0.000    999.000    999.000
    SANS_3             0.000      0.000    999.000    999.000
    SANS_6             0.000      0.000    999.000    999.000
    SANS_9             0.000      0.000    999.000    999.000
    SANS_12            0.000      0.000    999.000    999.000
    SANS_18            0.000      0.000    999.000    999.000
    SANS_24            0.000      0.000    999.000    999.000

 Variances
    I                  1.000      0.000    999.000    999.000
    S                999.000    999.000    999.000    999.000
    Q                999.000    999.000    999.000    999.000
    CUB              999.000    999.000    999.000    999.000

 Residual Variances
    SANS_0             0.550      0.040     13.901      0.000
    SANS_1             0.550      0.040     13.901      0.000
    SANS_2             0.550      0.040     13.901      0.000
    SANS_3             0.550      0.040     13.901      0.000
    SANS_6             0.550      0.040     13.901      0.000
    SANS_9             0.550      0.040     13.901      0.000
    SANS_12            0.550      0.040     13.901      0.000
    SANS_18            0.550      0.040     13.901      0.000
    SANS_24            0.550      0.040     13.901      0.000

Latent Class 2

 I        |
    SANS_0             0.816      0.020     40.770      0.000
    SANS_1             0.816      0.020     40.770      0.000
    SANS_2             0.816      0.020     40.770      0.000
    SANS_3             0.816      0.020     40.770      0.000
    SANS_6             0.816      0.020     40.770      0.000
    SANS_9             0.816      0.020     40.770      0.000
    SANS_12            0.816      0.020     40.770      0.000
    SANS_18            0.816      0.020     40.770      0.000
    SANS_24            0.816      0.020     40.770      0.000

 S        |
    SANS_0           999.000    999.000    999.000    999.000
    SANS_1           999.000    999.000    999.000    999.000
    SANS_2           999.000    999.000    999.000    999.000
    SANS_3           999.000    999.000    999.000    999.000
    SANS_6           999.000    999.000    999.000    999.000
    SANS_9           999.000    999.000    999.000    999.000
    SANS_12          999.000    999.000    999.000    999.000
    SANS_18          999.000    999.000    999.000    999.000
    SANS_24          999.000    999.000    999.000    999.000

 Q        |
    SANS_0           999.000    999.000    999.000    999.000
    SANS_1           999.000    999.000    999.000    999.000
    SANS_2           999.000    999.000    999.000    999.000
    SANS_3           999.000    999.000    999.000    999.000
    SANS_6           999.000    999.000    999.000    999.000
    SANS_9           999.000    999.000    999.000    999.000
    SANS_12          999.000    999.000    999.000    999.000
    SANS_18          999.000    999.000    999.000    999.000
    SANS_24          999.000    999.000    999.000    999.000

 CUB      |
    SANS_0           999.000    999.000    999.000    999.000
    SANS_1           999.000    999.000    999.000    999.000
    SANS_2           999.000    999.000    999.000    999.000
    SANS_3           999.000    999.000    999.000    999.000
    SANS_6           999.000    999.000    999.000    999.000
    SANS_9           999.000    999.000    999.000    999.000
    SANS_12          999.000    999.000    999.000    999.000
    SANS_18          999.000    999.000    999.000    999.000
    SANS_24          999.000    999.000    999.000    999.000

 Means
    I                  2.490      0.182     13.674      0.000
    S                999.000    999.000    999.000    999.000
    Q                999.000    999.000    999.000    999.000
    CUB              999.000    999.000    999.000    999.000

 Intercepts
    SANS_0             0.000      0.000    999.000    999.000
    SANS_1             0.000      0.000    999.000    999.000
    SANS_2             0.000      0.000    999.000    999.000
    SANS_3             0.000      0.000    999.000    999.000
    SANS_6             0.000      0.000    999.000    999.000
    SANS_9             0.000      0.000    999.000    999.000
    SANS_12            0.000      0.000    999.000    999.000
    SANS_18            0.000      0.000    999.000    999.000
    SANS_24            0.000      0.000    999.000    999.000

 Variances
    I                  1.000      0.000    999.000    999.000
    S                999.000    999.000    999.000    999.000
    Q                999.000    999.000    999.000    999.000
    CUB              999.000    999.000    999.000    999.000

 Residual Variances
    SANS_0             0.335      0.033     10.247      0.000
    SANS_1             0.335      0.033     10.247      0.000
    SANS_2             0.335      0.033     10.247      0.000
    SANS_3             0.335      0.033     10.247      0.000
    SANS_6             0.335      0.033     10.247      0.000
    SANS_9             0.335      0.033     10.247      0.000
    SANS_12            0.335      0.033     10.247      0.000
    SANS_18            0.335      0.033     10.247      0.000
    SANS_24            0.335      0.033     10.247      0.000

Latent Class 3

 I        |
    SANS_0             0.782      0.024     32.910      0.000
    SANS_1             0.782      0.024     32.910      0.000
    SANS_2             0.782      0.024     32.910      0.000
    SANS_3             0.782      0.024     32.910      0.000
    SANS_6             0.782      0.024     32.910      0.000
    SANS_9             0.782      0.024     32.910      0.000
    SANS_12            0.782      0.024     32.910      0.000
    SANS_18            0.782      0.024     32.910      0.000
    SANS_24            0.782      0.024     32.910      0.000

 S        |
    SANS_0           999.000    999.000    999.000    999.000
    SANS_1           999.000    999.000    999.000    999.000
    SANS_2           999.000    999.000    999.000    999.000
    SANS_3           999.000    999.000    999.000    999.000
    SANS_6           999.000    999.000    999.000    999.000
    SANS_9           999.000    999.000    999.000    999.000
    SANS_12          999.000    999.000    999.000    999.000
    SANS_18          999.000    999.000    999.000    999.000
    SANS_24          999.000    999.000    999.000    999.000

 Q        |
    SANS_0           999.000    999.000    999.000    999.000
    SANS_1           999.000    999.000    999.000    999.000
    SANS_2           999.000    999.000    999.000    999.000
    SANS_3           999.000    999.000    999.000    999.000
    SANS_6           999.000    999.000    999.000    999.000
    SANS_9           999.000    999.000    999.000    999.000
    SANS_12          999.000    999.000    999.000    999.000
    SANS_18          999.000    999.000    999.000    999.000
    SANS_24          999.000    999.000    999.000    999.000

 CUB      |
    SANS_0           999.000    999.000    999.000    999.000
    SANS_1           999.000    999.000    999.000    999.000
    SANS_2           999.000    999.000    999.000    999.000
    SANS_3           999.000    999.000    999.000    999.000
    SANS_6           999.000    999.000    999.000    999.000
    SANS_9           999.000    999.000    999.000    999.000
    SANS_12          999.000    999.000    999.000    999.000
    SANS_18          999.000    999.000    999.000    999.000
    SANS_24          999.000    999.000    999.000    999.000

 Means
    I                  3.059      0.263     11.614      0.000
    S                999.000    999.000    999.000    999.000
    Q                999.000    999.000    999.000    999.000
    CUB              999.000    999.000    999.000    999.000

 Intercepts
    SANS_0             0.000      0.000    999.000    999.000
    SANS_1             0.000      0.000    999.000    999.000
    SANS_2             0.000      0.000    999.000    999.000
    SANS_3             0.000      0.000    999.000    999.000
    SANS_6             0.000      0.000    999.000    999.000
    SANS_9             0.000      0.000    999.000    999.000
    SANS_12            0.000      0.000    999.000    999.000
    SANS_18            0.000      0.000    999.000    999.000
    SANS_24            0.000      0.000    999.000    999.000

 Variances
    I                  1.000      0.000    999.000    999.000
    S                999.000    999.000    999.000    999.000
    Q                999.000    999.000    999.000    999.000
    CUB              999.000    999.000    999.000    999.000

 Residual Variances
    SANS_0             0.388      0.037     10.424      0.000
    SANS_1             0.388      0.037     10.424      0.000
    SANS_2             0.388      0.037     10.424      0.000
    SANS_3             0.388      0.037     10.424      0.000
    SANS_6             0.388      0.037     10.424      0.000
    SANS_9             0.388      0.037     10.424      0.000
    SANS_12            0.388      0.037     10.424      0.000
    SANS_18            0.388      0.037     10.424      0.000
    SANS_24            0.388      0.037     10.424      0.000


STD Standardization

                                                    Two-Tailed
                    Estimate       S.E.  Est./S.E.    P-Value

Latent Class 1

 I        |
    SANS_0             2.200      0.171     12.835      0.000
    SANS_1             2.200      0.171     12.835      0.000
    SANS_2             2.200      0.171     12.835      0.000
    SANS_3             2.200      0.171     12.835      0.000
    SANS_6             2.200      0.171     12.835      0.000
    SANS_9             2.200      0.171     12.835      0.000
    SANS_12            2.200      0.171     12.835      0.000
    SANS_18            2.200      0.171     12.835      0.000
    SANS_24            2.200      0.171     12.835      0.000

 S        |
    SANS_0           999.000    999.000    999.000    999.000
    SANS_1           999.000    999.000    999.000    999.000
    SANS_2           999.000    999.000    999.000    999.000
    SANS_3           999.000    999.000    999.000    999.000
    SANS_6           999.000    999.000    999.000    999.000
    SANS_9           999.000    999.000    999.000    999.000
    SANS_12          999.000    999.000    999.000    999.000
    SANS_18          999.000    999.000    999.000    999.000
    SANS_24          999.000    999.000    999.000    999.000

 Q        |
    SANS_0           999.000    999.000    999.000    999.000
    SANS_1           999.000    999.000    999.000    999.000
    SANS_2           999.000    999.000    999.000    999.000
    SANS_3           999.000    999.000    999.000    999.000
    SANS_6           999.000    999.000    999.000    999.000
    SANS_9           999.000    999.000    999.000    999.000
    SANS_12          999.000    999.000    999.000    999.000
    SANS_18          999.000    999.000    999.000    999.000
    SANS_24          999.000    999.000    999.000    999.000

 CUB      |
    SANS_0           999.000    999.000    999.000    999.000
    SANS_1           999.000    999.000    999.000    999.000
    SANS_2           999.000    999.000    999.000    999.000
    SANS_3           999.000    999.000    999.000    999.000
    SANS_6           999.000    999.000    999.000    999.000
    SANS_9           999.000    999.000    999.000    999.000
    SANS_12          999.000    999.000    999.000    999.000
    SANS_18          999.000    999.000    999.000    999.000
    SANS_24          999.000    999.000    999.000    999.000

 Means
    I                  4.842      0.564      8.580      0.000
    S                999.000    999.000    999.000    999.000
    Q                999.000    999.000    999.000    999.000
    CUB              999.000    999.000    999.000    999.000

 Intercepts
    SANS_0             0.000      0.000    999.000    999.000
    SANS_1             0.000      0.000    999.000    999.000
    SANS_2             0.000      0.000    999.000    999.000
    SANS_3             0.000      0.000    999.000    999.000
    SANS_6             0.000      0.000    999.000    999.000
    SANS_9             0.000      0.000    999.000    999.000
    SANS_12            0.000      0.000    999.000    999.000
    SANS_18            0.000      0.000    999.000    999.000
    SANS_24            0.000      0.000    999.000    999.000

 Variances
    I                  1.000      0.000    999.000    999.000
    S                999.000    999.000    999.000    999.000
    Q                999.000    999.000    999.000    999.000
    CUB              999.000    999.000    999.000    999.000

 Residual Variances
    SANS_0             5.918      0.239     24.737      0.000
    SANS_1             5.918      0.239     24.737      0.000
    SANS_2             5.918      0.239     24.737      0.000
    SANS_3             5.918      0.239     24.737      0.000
    SANS_6             5.918      0.239     24.737      0.000
    SANS_9             5.918      0.239     24.737      0.000
    SANS_12            5.918      0.239     24.737      0.000
    SANS_18            5.918      0.239     24.737      0.000
    SANS_24            5.918      0.239     24.737      0.000

Latent Class 2

 I        |
    SANS_0             3.431      0.230     14.950      0.000
    SANS_1             3.431      0.230     14.950      0.000
    SANS_2             3.431      0.230     14.950      0.000
    SANS_3             3.431      0.230     14.950      0.000
    SANS_6             3.431      0.230     14.950      0.000
    SANS_9             3.431      0.230     14.950      0.000
    SANS_12            3.431      0.230     14.950      0.000
    SANS_18            3.431      0.230     14.950      0.000
    SANS_24            3.431      0.230     14.950      0.000

 S        |
    SANS_0           999.000    999.000    999.000    999.000
    SANS_1           999.000    999.000    999.000    999.000
    SANS_2           999.000    999.000    999.000    999.000
    SANS_3           999.000    999.000    999.000    999.000
    SANS_6           999.000    999.000    999.000    999.000
    SANS_9           999.000    999.000    999.000    999.000
    SANS_12          999.000    999.000    999.000    999.000
    SANS_18          999.000    999.000    999.000    999.000
    SANS_24          999.000    999.000    999.000    999.000

 Q        |
    SANS_0           999.000    999.000    999.000    999.000
    SANS_1           999.000    999.000    999.000    999.000
    SANS_2           999.000    999.000    999.000    999.000
    SANS_3           999.000    999.000    999.000    999.000
    SANS_6           999.000    999.000    999.000    999.000
    SANS_9           999.000    999.000    999.000    999.000
    SANS_12          999.000    999.000    999.000    999.000
    SANS_18          999.000    999.000    999.000    999.000
    SANS_24          999.000    999.000    999.000    999.000

 CUB      |
    SANS_0           999.000    999.000    999.000    999.000
    SANS_1           999.000    999.000    999.000    999.000
    SANS_2           999.000    999.000    999.000    999.000
    SANS_3           999.000    999.000    999.000    999.000
    SANS_6           999.000    999.000    999.000    999.000
    SANS_9           999.000    999.000    999.000    999.000
    SANS_12          999.000    999.000    999.000    999.000
    SANS_18          999.000    999.000    999.000    999.000
    SANS_24          999.000    999.000    999.000    999.000

 Means
    I                  2.490      0.182     13.674      0.000
    S                999.000    999.000    999.000    999.000
    Q                999.000    999.000    999.000    999.000
    CUB              999.000    999.000    999.000    999.000

 Intercepts
    SANS_0             0.000      0.000    999.000    999.000
    SANS_1             0.000      0.000    999.000    999.000
    SANS_2             0.000      0.000    999.000    999.000
    SANS_3             0.000      0.000    999.000    999.000
    SANS_6             0.000      0.000    999.000    999.000
    SANS_9             0.000      0.000    999.000    999.000
    SANS_12            0.000      0.000    999.000    999.000
    SANS_18            0.000      0.000    999.000    999.000
    SANS_24            0.000      0.000    999.000    999.000

 Variances
    I                  1.000      0.000    999.000    999.000
    S                999.000    999.000    999.000    999.000
    Q                999.000    999.000    999.000    999.000
    CUB              999.000    999.000    999.000    999.000

 Residual Variances
    SANS_0             5.918      0.239     24.737      0.000
    SANS_1             5.918      0.239     24.737      0.000
    SANS_2             5.918      0.239     24.737      0.000
    SANS_3             5.918      0.239     24.737      0.000
    SANS_6             5.918      0.239     24.737      0.000
    SANS_9             5.918      0.239     24.737      0.000
    SANS_12            5.918      0.239     24.737      0.000
    SANS_18            5.918      0.239     24.737      0.000
    SANS_24            5.918      0.239     24.737      0.000

Latent Class 3

 I        |
    SANS_0             3.056      0.229     13.362      0.000
    SANS_1             3.056      0.229     13.362      0.000
    SANS_2             3.056      0.229     13.362      0.000
    SANS_3             3.056      0.229     13.362      0.000
    SANS_6             3.056      0.229     13.362      0.000
    SANS_9             3.056      0.229     13.362      0.000
    SANS_12            3.056      0.229     13.362      0.000
    SANS_18            3.056      0.229     13.362      0.000
    SANS_24            3.056      0.229     13.362      0.000

 S        |
    SANS_0           999.000    999.000    999.000    999.000
    SANS_1           999.000    999.000    999.000    999.000
    SANS_2           999.000    999.000    999.000    999.000
    SANS_3           999.000    999.000    999.000    999.000
    SANS_6           999.000    999.000    999.000    999.000
    SANS_9           999.000    999.000    999.000    999.000
    SANS_12          999.000    999.000    999.000    999.000
    SANS_18          999.000    999.000    999.000    999.000
    SANS_24          999.000    999.000    999.000    999.000

 Q        |
    SANS_0           999.000    999.000    999.000    999.000
    SANS_1           999.000    999.000    999.000    999.000
    SANS_2           999.000    999.000    999.000    999.000
    SANS_3           999.000    999.000    999.000    999.000
    SANS_6           999.000    999.000    999.000    999.000
    SANS_9           999.000    999.000    999.000    999.000
    SANS_12          999.000    999.000    999.000    999.000
    SANS_18          999.000    999.000    999.000    999.000
    SANS_24          999.000    999.000    999.000    999.000

 CUB      |
    SANS_0           999.000    999.000    999.000    999.000
    SANS_1           999.000    999.000    999.000    999.000
    SANS_2           999.000    999.000    999.000    999.000
    SANS_3           999.000    999.000    999.000    999.000
    SANS_6           999.000    999.000    999.000    999.000
    SANS_9           999.000    999.000    999.000    999.000
    SANS_12          999.000    999.000    999.000    999.000
    SANS_18          999.000    999.000    999.000    999.000
    SANS_24          999.000    999.000    999.000    999.000

 Means
    I                  3.059      0.263     11.614      0.000
    S                999.000    999.000    999.000    999.000
    Q                999.000    999.000    999.000    999.000
    CUB              999.000    999.000    999.000    999.000

 Intercepts
    SANS_0             0.000      0.000    999.000    999.000
    SANS_1             0.000      0.000    999.000    999.000
    SANS_2             0.000      0.000    999.000    999.000
    SANS_3             0.000      0.000    999.000    999.000
    SANS_6             0.000      0.000    999.000    999.000
    SANS_9             0.000      0.000    999.000    999.000
    SANS_12            0.000      0.000    999.000    999.000
    SANS_18            0.000      0.000    999.000    999.000
    SANS_24            0.000      0.000    999.000    999.000

 Variances
    I                  1.000      0.000    999.000    999.000
    S                999.000    999.000    999.000    999.000
    Q                999.000    999.000    999.000    999.000
    CUB              999.000    999.000    999.000    999.000

 Residual Variances
    SANS_0             5.918      0.239     24.737      0.000
    SANS_1             5.918      0.239     24.737      0.000
    SANS_2             5.918      0.239     24.737      0.000
    SANS_3             5.918      0.239     24.737      0.000
    SANS_6             5.918      0.239     24.737      0.000
    SANS_9             5.918      0.239     24.737      0.000
    SANS_12            5.918      0.239     24.737      0.000
    SANS_18            5.918      0.239     24.737      0.000
    SANS_24            5.918      0.239     24.737      0.000


R-SQUARE

Class 1

    Observed                                        Two-Tailed
    Variable        Estimate       S.E.  Est./S.E.    P-Value

    SANS_0             0.450      0.040     11.371      0.000
    SANS_1             0.450      0.040     11.371      0.000
    SANS_2             0.450      0.040     11.371      0.000
    SANS_3             0.450      0.040     11.371      0.000
    SANS_6             0.450      0.040     11.371      0.000
    SANS_9             0.450      0.040     11.371      0.000
    SANS_12            0.450      0.040     11.371      0.000
    SANS_18            0.450      0.040     11.371      0.000
    SANS_24            0.450      0.040     11.371      0.000

Class 2

    Observed                                        Two-Tailed
    Variable        Estimate       S.E.  Est./S.E.    P-Value

    SANS_0             0.665      0.033     20.385      0.000
    SANS_1             0.665      0.033     20.385      0.000
    SANS_2             0.665      0.033     20.385      0.000
    SANS_3             0.665      0.033     20.385      0.000
    SANS_6             0.665      0.033     20.385      0.000
    SANS_9             0.665      0.033     20.385      0.000
    SANS_12            0.665      0.033     20.385      0.000
    SANS_18            0.665      0.033     20.385      0.000
    SANS_24            0.665      0.033     20.385      0.000

Class 3

    Observed                                        Two-Tailed
    Variable        Estimate       S.E.  Est./S.E.    P-Value

    SANS_0             0.612      0.037     16.455      0.000
    SANS_1             0.612      0.037     16.455      0.000
    SANS_2             0.612      0.037     16.455      0.000
    SANS_3             0.612      0.037     16.455      0.000
    SANS_6             0.612      0.037     16.455      0.000
    SANS_9             0.612      0.037     16.455      0.000
    SANS_12            0.612      0.037     16.455      0.000
    SANS_18            0.612      0.037     16.455      0.000
    SANS_24            0.612      0.037     16.455      0.000


TECHNICAL 1 OUTPUT


     PARAMETER SPECIFICATION FOR LATENT CLASS 1


           NU
              SANS_0        SANS_1        SANS_2        SANS_3        SANS_6
              ________      ________      ________      ________      ________
                    0             0             0             0             0


           NU
              SANS_9        SANS_12       SANS_18       SANS_24
              ________      ________      ________      ________
                    0             0             0             0


           LAMBDA
              I             S             Q             CUB
              ________      ________      ________      ________
 SANS_0             0             0             0             0
 SANS_1             0             0             0             0
 SANS_2             0             0             0             0
 SANS_3             0             0             0             0
 SANS_6             0             0             0             0
 SANS_9             0             0             0             0
 SANS_12            0             0             0             0
 SANS_18            0             0             0             0
 SANS_24            0             0             0             0


           THETA
              SANS_0        SANS_1        SANS_2        SANS_3        SANS_6
              ________      ________      ________      ________      ________
 SANS_0             1
 SANS_1             0             1
 SANS_2             0             0             1
 SANS_3             0             0             0             1
 SANS_6             0             0             0             0             1
 SANS_9             0             0             0             0             0
 SANS_12            0             0             0             0             0
 SANS_18            0             0             0             0             0
 SANS_24            0             0             0             0             0


           THETA
              SANS_9        SANS_12       SANS_18       SANS_24
              ________      ________      ________      ________
 SANS_9             1
 SANS_12            0             1
 SANS_18            0             0             1
 SANS_24            0             0             0             1


           ALPHA
              I             S             Q             CUB
              ________      ________      ________      ________
                    2             3             4             5


           BETA
              I             S             Q             CUB
              ________      ________      ________      ________
 I                  0             0             0             0
 S                  0             0             0             0
 Q                  0             0             0             0
 CUB                0             0             0             0


           PSI
              I             S             Q             CUB
              ________      ________      ________      ________
 I                  6
 S                  0             0
 Q                  0             0             0
 CUB                0             0             0             0


     PARAMETER SPECIFICATION FOR LATENT CLASS 2


           NU
              SANS_0        SANS_1        SANS_2        SANS_3        SANS_6
              ________      ________      ________      ________      ________
                    0             0             0             0             0


           NU
              SANS_9        SANS_12       SANS_18       SANS_24
              ________      ________      ________      ________
                    0             0             0             0


           LAMBDA
              I             S             Q             CUB
              ________      ________      ________      ________
 SANS_0             0             0             0             0
 SANS_1             0             0             0             0
 SANS_2             0             0             0             0
 SANS_3             0             0             0             0
 SANS_6             0             0             0             0
 SANS_9             0             0             0             0
 SANS_12            0             0             0             0
 SANS_18            0             0             0             0
 SANS_24            0             0             0             0


           THETA
              SANS_0        SANS_1        SANS_2        SANS_3        SANS_6
              ________      ________      ________      ________      ________
 SANS_0             1
 SANS_1             0             1
 SANS_2             0             0             1
 SANS_3             0             0             0             1
 SANS_6             0             0             0             0             1
 SANS_9             0             0             0             0             0
 SANS_12            0             0             0             0             0
 SANS_18            0             0             0             0             0
 SANS_24            0             0             0             0             0


           THETA
              SANS_9        SANS_12       SANS_18       SANS_24
              ________      ________      ________      ________
 SANS_9             1
 SANS_12            0             1
 SANS_18            0             0             1
 SANS_24            0             0             0             1


           ALPHA
              I             S             Q             CUB
              ________      ________      ________      ________
                    7             8             9            10


           BETA
              I             S             Q             CUB
              ________      ________      ________      ________
 I                  0             0             0             0
 S                  0             0             0             0
 Q                  0             0             0             0
 CUB                0             0             0             0


           PSI
              I             S             Q             CUB
              ________      ________      ________      ________
 I                 11
 S                  0             0
 Q                  0             0             0
 CUB                0             0             0             0


     PARAMETER SPECIFICATION FOR LATENT CLASS 3


           NU
              SANS_0        SANS_1        SANS_2        SANS_3        SANS_6
              ________      ________      ________      ________      ________
                    0             0             0             0             0


           NU
              SANS_9        SANS_12       SANS_18       SANS_24
              ________      ________      ________      ________
                    0             0             0             0


           LAMBDA
              I             S             Q             CUB
              ________      ________      ________      ________
 SANS_0             0             0             0             0
 SANS_1             0             0             0             0
 SANS_2             0             0             0             0
 SANS_3             0             0             0             0
 SANS_6             0             0             0             0
 SANS_9             0             0             0             0
 SANS_12            0             0             0             0
 SANS_18            0             0             0             0
 SANS_24            0             0             0             0


           THETA
              SANS_0        SANS_1        SANS_2        SANS_3        SANS_6
              ________      ________      ________      ________      ________
 SANS_0             1
 SANS_1             0             1
 SANS_2             0             0             1
 SANS_3             0             0             0             1
 SANS_6             0             0             0             0             1
 SANS_9             0             0             0             0             0
 SANS_12            0             0             0             0             0
 SANS_18            0             0             0             0             0
 SANS_24            0             0             0             0             0


           THETA
              SANS_9        SANS_12       SANS_18       SANS_24
              ________      ________      ________      ________
 SANS_9             1
 SANS_12            0             1
 SANS_18            0             0             1
 SANS_24            0             0             0             1


           ALPHA
              I             S             Q             CUB
              ________      ________      ________      ________
                   12            13            14            15


           BETA
              I             S             Q             CUB
              ________      ________      ________      ________
 I                  0             0             0             0
 S                  0             0             0             0
 Q                  0             0             0             0
 CUB                0             0             0             0


           PSI
              I             S             Q             CUB
              ________      ________      ________      ________
 I                 16
 S                  0             0
 Q                  0             0             0
 CUB                0             0             0             0


     PARAMETER SPECIFICATION FOR LATENT CLASS REGRESSION MODEL PART


           ALPHA(C)
              C#1           C#2           C#3
              ________      ________      ________
                   17            18             0


     STARTING VALUES FOR LATENT CLASS 1


           NU
              SANS_0        SANS_1        SANS_2        SANS_3        SANS_6
              ________      ________      ________      ________      ________
                0.000         0.000         0.000         0.000         0.000


           NU
              SANS_9        SANS_12       SANS_18       SANS_24
              ________      ________      ________      ________
                0.000         0.000         0.000         0.000


           LAMBDA
              I             S             Q             CUB
              ________      ________      ________      ________
 SANS_0         1.000         0.000         0.000         0.000
 SANS_1         1.000         1.000         1.000         1.000
 SANS_2         1.000         2.000         4.000         8.000
 SANS_3         1.000         3.000         9.000        27.000
 SANS_6         1.000         6.000        36.000       216.000
 SANS_9         1.000         9.000        81.000       729.000
 SANS_12        1.000        12.000       144.000      1728.000
 SANS_18        1.000        18.000       324.000      5832.000
 SANS_24        1.000        24.000       576.000     13824.000


           THETA
              SANS_0        SANS_1        SANS_2        SANS_3        SANS_6
              ________      ________      ________      ________      ________
 SANS_0         7.192
 SANS_1         0.000         6.923
 SANS_2         0.000         0.000         7.501
 SANS_3         0.000         0.000         0.000         7.714
 SANS_6         0.000         0.000         0.000         0.000         8.102
 SANS_9         0.000         0.000         0.000         0.000         0.000
 SANS_12        0.000         0.000         0.000         0.000         0.000
 SANS_18        0.000         0.000         0.000         0.000         0.000
 SANS_24        0.000         0.000         0.000         0.000         0.000


           THETA
              SANS_9        SANS_12       SANS_18       SANS_24
              ________      ________      ________      ________
 SANS_9         8.722
 SANS_12        0.000         9.090
 SANS_18        0.000         0.000         9.296
 SANS_24        0.000         0.000         0.000         9.373


           ALPHA
              I             S             Q             CUB
              ________      ________      ________      ________
               10.660        -3.152         1.254        -0.132


           BETA
              I             S             Q             CUB
              ________      ________      ________      ________
 I              0.000         0.000         0.000         0.000
 S              0.000         0.000         0.000         0.000
 Q              0.000         0.000         0.000         0.000
 CUB            0.000         0.000         0.000         0.000


           PSI
              I             S             Q             CUB
              ________      ________      ________      ________
 I             19.685
 S              0.000         0.000
 Q              0.000         0.000         0.000
 CUB            0.000         0.000         0.000         0.000


     STARTING VALUES FOR LATENT CLASS 2


           NU
              SANS_0        SANS_1        SANS_2        SANS_3        SANS_6
              ________      ________      ________      ________      ________
                0.000         0.000         0.000         0.000         0.000


           NU
              SANS_9        SANS_12       SANS_18       SANS_24
              ________      ________      ________      ________
                0.000         0.000         0.000         0.000


           LAMBDA
              I             S             Q             CUB
              ________      ________      ________      ________
 SANS_0         1.000         0.000         0.000         0.000
 SANS_1         1.000         1.000         1.000         1.000
 SANS_2         1.000         2.000         4.000         8.000
 SANS_3         1.000         3.000         9.000        27.000
 SANS_6         1.000         6.000        36.000       216.000
 SANS_9         1.000         9.000        81.000       729.000
 SANS_12        1.000        12.000       144.000      1728.000
 SANS_18        1.000        18.000       324.000      5832.000
 SANS_24        1.000        24.000       576.000     13824.000


           THETA
              SANS_0        SANS_1        SANS_2        SANS_3        SANS_6
              ________      ________      ________      ________      ________
 SANS_0         7.192
 SANS_1         0.000         6.923
 SANS_2         0.000         0.000         7.501
 SANS_3         0.000         0.000         0.000         7.714
 SANS_6         0.000         0.000         0.000         0.000         8.102
 SANS_9         0.000         0.000         0.000         0.000         0.000
 SANS_12        0.000         0.000         0.000         0.000         0.000
 SANS_18        0.000         0.000         0.000         0.000         0.000
 SANS_24        0.000         0.000         0.000         0.000         0.000


           THETA
              SANS_9        SANS_12       SANS_18       SANS_24
              ________      ________      ________      ________
 SANS_9         8.722
 SANS_12        0.000         9.090
 SANS_18        0.000         0.000         9.296
 SANS_24        0.000         0.000         0.000         9.373


           ALPHA
              I             S             Q             CUB
              ________      ________      ________      ________
               10.660        -3.152         1.254        -0.132


           BETA
              I             S             Q             CUB
              ________      ________      ________      ________
 I              0.000         0.000         0.000         0.000
 S              0.000         0.000         0.000         0.000
 Q              0.000         0.000         0.000         0.000
 CUB            0.000         0.000         0.000         0.000


           PSI
              I             S             Q             CUB
              ________      ________      ________      ________
 I             19.685
 S              0.000         0.000
 Q              0.000         0.000         0.000
 CUB            0.000         0.000         0.000         0.000


     STARTING VALUES FOR LATENT CLASS 3


           NU
              SANS_0        SANS_1        SANS_2        SANS_3        SANS_6
              ________      ________      ________      ________      ________
                0.000         0.000         0.000         0.000         0.000


           NU
              SANS_9        SANS_12       SANS_18       SANS_24
              ________      ________      ________      ________
                0.000         0.000         0.000         0.000


           LAMBDA
              I             S             Q             CUB
              ________      ________      ________      ________
 SANS_0         1.000         0.000         0.000         0.000
 SANS_1         1.000         1.000         1.000         1.000
 SANS_2         1.000         2.000         4.000         8.000
 SANS_3         1.000         3.000         9.000        27.000
 SANS_6         1.000         6.000        36.000       216.000
 SANS_9         1.000         9.000        81.000       729.000
 SANS_12        1.000        12.000       144.000      1728.000
 SANS_18        1.000        18.000       324.000      5832.000
 SANS_24        1.000        24.000       576.000     13824.000


           THETA
              SANS_0        SANS_1        SANS_2        SANS_3        SANS_6
              ________      ________      ________      ________      ________
 SANS_0         7.192
 SANS_1         0.000         6.923
 SANS_2         0.000         0.000         7.501
 SANS_3         0.000         0.000         0.000         7.714
 SANS_6         0.000         0.000         0.000         0.000         8.102
 SANS_9         0.000         0.000         0.000         0.000         0.000
 SANS_12        0.000         0.000         0.000         0.000         0.000
 SANS_18        0.000         0.000         0.000         0.000         0.000
 SANS_24        0.000         0.000         0.000         0.000         0.000


           THETA
              SANS_9        SANS_12       SANS_18       SANS_24
              ________      ________      ________      ________
 SANS_9         8.722
 SANS_12        0.000         9.090
 SANS_18        0.000         0.000         9.296
 SANS_24        0.000         0.000         0.000         9.373


           ALPHA
              I             S             Q             CUB
              ________      ________      ________      ________
               10.660        -3.152         1.254        -0.132


           BETA
              I             S             Q             CUB
              ________      ________      ________      ________
 I              0.000         0.000         0.000         0.000
 S              0.000         0.000         0.000         0.000
 Q              0.000         0.000         0.000         0.000
 CUB            0.000         0.000         0.000         0.000


           PSI
              I             S             Q             CUB
              ________      ________      ________      ________
 I             19.685
 S              0.000         0.000
 Q              0.000         0.000         0.000
 CUB            0.000         0.000         0.000         0.000


     STARTING VALUES FOR LATENT CLASS REGRESSION MODEL PART


           ALPHA(C)
              C#1           C#2           C#3
              ________      ________      ________
                0.000         0.000         0.000


TECHNICAL 11 OUTPUT

     Random Starts Specifications for the k-1 Class Analysis Model
        Number of initial stage random starts                 500
        Number of final stage optimizations                   125



     VUONG-LO-MENDELL-RUBIN LIKELIHOOD RATIO TEST FOR 2 (H0) VERSUS 3 CLASSES

          H0 Loglikelihood Value                        -7981.808
          2 Times the Loglikelihood Difference             63.510
          Difference in the Number of Parameters                6
          Mean                                             18.004
          Standard Deviation                               30.084
          P-Value                                          0.0684

     LO-MENDELL-RUBIN ADJUSTED LRT TEST

          Value                                            61.795
          P-Value                                          0.0729


SAMPLE STATISTICS FOR ESTIMATED FACTOR SCORES


     SAMPLE STATISTICS


           Means
              I             S             Q             CUB           C_I
              ________      ________      ________      ________      ________
                9.584        -0.681         0.048        -0.001         9.638


           Means
              C_S           C_Q           C_CUB
              ________      ________      ________
               -0.696         0.049        -0.001


           Covariances
              I             S             Q             CUB           C_I
              ________      ________      ________      ________      ________
 I              7.548
 S             -0.042         0.135
 Q             -0.003        -0.008         0.001
 CUB            0.000         0.000         0.000         0.000
 C_I            7.795        -0.126         0.001         0.000         8.424
 C_S           -0.115         0.171        -0.011         0.000        -0.326
 C_Q            0.000        -0.011         0.001         0.000         0.012
 C_CUB          0.000         0.000         0.000         0.000         0.000


           Covariances
              C_S           C_Q           C_CUB
              ________      ________      ________
 C_S            0.266
 C_Q           -0.018         0.001
 C_CUB          0.000         0.000         0.000


           Correlations
              I             S             Q             CUB           C_I
              ________      ________      ________      ________      ________
 I              1.000
 S             -0.042         1.000
 Q             -0.046        -0.891         1.000
 CUB            0.082         0.779        -0.979         1.000
 C_I            0.978        -0.119         0.016         0.031         1.000
 C_S           -0.081         0.905        -0.821         0.725        -0.218
 C_Q            0.004        -0.796         0.887        -0.865         0.115
 C_CUB          0.029         0.710        -0.871         0.882        -0.065


           Correlations
              C_S           C_Q           C_CUB
              ________      ________      ________
 C_S            1.000
 C_Q           -0.918         1.000
 C_CUB          0.837        -0.986         1.000


PLOT INFORMATION

The following plots are available:

  Histograms (sample values, estimated factor scores, estimated values, residuals)
  Scatterplots (sample values, estimated factor scores, estimated values, residuals)
  Sample means
  Estimated means, medians, modes, and percentiles
  Sample and estimated means
  Latent variable distribution plots
  Observed individual values
  Estimated individual values
  Estimated means and observed individual values
  Estimated means and estimated individual values
  Estimated overall and class-specific distributions

SAVEDATA INFORMATION


  Save file
    GMM1v_i s-cub@0_res.dat

  Order and format of variables

    SANS_0         F10.3
    SANS_1         F10.3
    SANS_2         F10.3
    SANS_3         F10.3
    SANS_6         F10.3
    SANS_9         F10.3
    SANS_12        F10.3
    SANS_18        F10.3
    SANS_24        F10.3
    I              F10.3
    S              F10.3
    Q              F10.3
    CUB            F10.3
    C_I            F10.3
    C_S            F10.3
    C_Q            F10.3
    C_CUB          F10.3
    CPROB1         F10.3
    CPROB2         F10.3
    CPROB3         F10.3
    C              F10.3
    PIN            I4

  Save file format
    21F10.3 I4

  Save file record length    10000

  Save missing symbol        *


     Beginning Time:  17:35:50
        Ending Time:  17:37:16
       Elapsed Time:  00:01:26



MUTHEN & MUTHEN
3463 Stoner Ave.
Los Angeles, CA  90066

Tel: (310) 391-9971
Fax: (310) 391-8971
Web: www.StatModel.com
Support: Support@StatModel.com

Copyright (c) 1998-2021 Muthen & Muthen
