Mplus VERSION 8.6 (Mac)
MUTHEN & MUTHEN
07/27/2023   1:42 AM

INPUT INSTRUCTIONS

  TITLE:
  GMM_CI_isq@0cub@0_C
  DATA:
  FILE = "~/Desktop/DIST/SAPS/Results/GMM/CI/isq@0cub@0/GMM6.dat";

  VARIABLE:
  NAMES = pin SAPS_0 SAPS_1 SAPS_2 SAPS_3 SAPS_6 SAPS_9 SAPS_12 SAPS_18 SAPS_24;
   MISSING=.;
   USEVAR = SAPS_0 SAPS_1 SAPS_2 SAPS_3 SAPS_6 SAPS_9 SAPS_12 SAPS_18 SAPS_24;
  IDVAR = pin;
  CLASSES = c(2);
  ANALYSIS:
  TYPE = MIXTURE;
  STARTS = 4000 1000;
  K-1STARTS = 2000 500;
  DISTRIBUTION = SKEWNORMAL;
  PROCESSORS = 8;
  MODEL:
  %OVERALL%
  i s q cub | SAPS_0@0 SAPS_1@1 SAPS_2@2 SAPS_3@3 SAPS_6@6 SAPS_9@9 SAPS_12@12 SAPS_18@18
  SAPS_24@24;
  i s q@0 cub@0;
  i WITH s q cub;
  s WITH q cub;
  q WITH cub;
  SAPS_0 SAPS_1 SAPS_2 SAPS_3 SAPS_6 SAPS_9 SAPS_12 SAPS_18 SAPS_24;
  %C#1%
  SAPS_0 SAPS_1 SAPS_2 SAPS_3 SAPS_6 SAPS_9 SAPS_12 SAPS_18 SAPS_24 (1);
  %C#2%
  SAPS_0 SAPS_1 SAPS_2 SAPS_3 SAPS_6 SAPS_9 SAPS_12 SAPS_18 SAPS_24 (2);
  OUTPUT:
  TECH7;
  TECH11;
  SAMPSTAT;
  STANDARDIZED;
  CINTERVAL;
  SAVEDATA:
  FILE = GMM_CI_isq@0cub@0_C_est.dat;
  SAVE = CPROBABILITIES FSCORES;



*** WARNING in MODEL command
  All continuous latent variable covariances involving Q have been fixed to 0
  because the variance of Q is fixed at 0.
*** WARNING in MODEL command
  All continuous latent variable covariances involving CUB have been fixed to 0
  because the variance of CUB is fixed at 0.
   2 WARNING(S) FOUND IN THE INPUT INSTRUCTIONS




GMM_CI_isq@0cub@0_C

SUMMARY OF ANALYSIS

Number of groups                                                 1
Number of observations                                         404

Number of dependent variables                                    9
Number of independent variables                                  0
Number of continuous latent variables                            4
Number of categorical latent variables                           1

Observed dependent variables

  Continuous
   SAPS_0      SAPS_1      SAPS_2      SAPS_3      SAPS_6      SAPS_9
   SAPS_12     SAPS_18     SAPS_24

Continuous latent variables
   I           S           Q           CUB

Categorical latent variables
   C

Variables with special functions

  ID variable           PIN

Estimator                                                      MLR
Information matrix                                        OBSERVED
Optimization Specifications for the Quasi-Newton Algorithm for
Continuous Outcomes
  Maximum number of iterations                                 100
  Convergence criterion                                  0.100D-03
Optimization Specifications for the EM Algorithm
  Maximum number of iterations                                 500
  Convergence criteria
    Loglikelihood change                                 0.100D-02
    Relative loglikelihood change                        0.100D-05
    Derivative                                           0.100D-03
Optimization Specifications for the M step of the EM Algorithm for
Categorical Latent variables
  Number of M step iterations                                    1
  M step convergence criterion                           0.100D-03
  Basis for M step termination                           ITERATION
Optimization Specifications for the M step of the EM Algorithm for
Censored, Binary or Ordered Categorical (Ordinal), Unordered
Categorical (Nominal) and Count Outcomes
  Number of M step iterations                                    1
  M step convergence criterion                           0.100D-03
  Basis for M step termination                           ITERATION
  Maximum value for logit thresholds                            15
  Minimum value for logit thresholds                           -15
  Minimum expected cell size for chi-square              0.100D-01
Maximum number of iterations for H1                           2000
Convergence criterion for H1                             0.100D-03
Optimization algorithm                                         EMA
Random Starts Specifications
  Number of initial stage random starts                       4000
  Number of final stage optimizations                         1000
  Number of initial stage iterations                            10
  Initial stage convergence criterion                    0.100D+01
  Random starts scale                                    0.500D+01
  Random seed for generating random starts                       0
Distribution Specifications
  Distribution                                          SKEWNORMAL

Input data file(s)
  ~/Desktop/DIST/SAPS/Results/GMM/CI/isq@0cub@0/GMM6.dat
Input data format  FREE


SUMMARY OF DATA

     Number of missing data patterns            63
     Number of y missing data patterns          63
     Number of u missing data patterns           0


COVARIANCE COVERAGE OF DATA

Minimum covariance coverage value   0.100


     PROPORTION OF DATA PRESENT FOR Y


           Covariance Coverage
              SAPS_0        SAPS_1        SAPS_2        SAPS_3        SAPS_6
              ________      ________      ________      ________      ________
 SAPS_0         0.998
 SAPS_1         0.673         0.676
 SAPS_2         0.844         0.597         0.847
 SAPS_3         0.943         0.634         0.822         0.946
 SAPS_6         0.906         0.606         0.777         0.871         0.908
 SAPS_9         0.861         0.579         0.750         0.812         0.795
 SAPS_12        0.866         0.574         0.723         0.817         0.790
 SAPS_18        0.819         0.540         0.683         0.772         0.745
 SAPS_24        0.790         0.520         0.691         0.748         0.720


           Covariance Coverage
              SAPS_9        SAPS_12       SAPS_18       SAPS_24
              ________      ________      ________      ________
 SAPS_9         0.864
 SAPS_12        0.772         0.869
 SAPS_18        0.725         0.745         0.822
 SAPS_24        0.723         0.720         0.708         0.792


SAMPLE STATISTICS


     ESTIMATED SAMPLE STATISTICS


           Means
              SAPS_0        SAPS_1        SAPS_2        SAPS_3        SAPS_6
              ________      ________      ________      ________      ________
               11.475         5.546         4.114         3.495         3.555


           Means
              SAPS_9        SAPS_12       SAPS_18       SAPS_24
              ________      ________      ________      ________
                3.371         3.555         3.350         3.332


           Covariances
              SAPS_0        SAPS_1        SAPS_2        SAPS_3        SAPS_6
              ________      ________      ________      ________      ________
 SAPS_0        10.556
 SAPS_1         3.838        15.000
 SAPS_2         2.583        10.530        13.543
 SAPS_3         2.254         7.337         9.844        13.149
 SAPS_6         2.048         6.066         7.351         7.109        13.625
 SAPS_9         1.161         3.508         5.318         5.892         7.375
 SAPS_12        2.116         3.708         4.011         5.492         6.362
 SAPS_18        1.006         3.215         3.935         4.962         5.383
 SAPS_24        0.983         2.359         3.251         3.783         3.528


           Covariances
              SAPS_9        SAPS_12       SAPS_18       SAPS_24
              ________      ________      ________      ________
 SAPS_9        12.257
 SAPS_12        6.137        14.430
 SAPS_18        4.846         7.162        13.115
 SAPS_24        4.398         5.157         5.749        14.978


           Correlations
              SAPS_0        SAPS_1        SAPS_2        SAPS_3        SAPS_6
              ________      ________      ________      ________      ________
 SAPS_0         1.000
 SAPS_1         0.305         1.000
 SAPS_2         0.216         0.739         1.000
 SAPS_3         0.191         0.522         0.738         1.000
 SAPS_6         0.171         0.424         0.541         0.531         1.000
 SAPS_9         0.102         0.259         0.413         0.464         0.571
 SAPS_12        0.171         0.252         0.287         0.399         0.454
 SAPS_18        0.085         0.229         0.295         0.378         0.403
 SAPS_24        0.078         0.157         0.228         0.270         0.247


           Correlations
              SAPS_9        SAPS_12       SAPS_18       SAPS_24
              ________      ________      ________      ________
 SAPS_9         1.000
 SAPS_12        0.461         1.000
 SAPS_18        0.382         0.521         1.000
 SAPS_24        0.325         0.351         0.410         1.000


     MAXIMUM LOG-LIKELIHOOD VALUE FOR THE UNRESTRICTED (H1) MODEL IS -7898.566


UNIVARIATE SAMPLE STATISTICS


     UNIVARIATE HIGHER-ORDER MOMENT DESCRIPTIVE STATISTICS

         Variable/         Mean/     Skewness/   Minimum/ % with                Percentiles
        Sample Size      Variance    Kurtosis    Maximum  Min/Max      20%/60%    40%/80%    Median

     SAPS_0               11.479      -0.268       2.000    0.50%       9.000     11.000     12.000
             403.000      10.552      -0.259      20.000    0.25%      13.000     14.000
     SAPS_1                5.473       0.416       0.000   10.62%       2.000      4.000      5.000
             273.000      14.491      -0.593      16.000    0.73%       6.000      9.000
     SAPS_2                4.009       0.987       0.000   18.13%       1.000      2.000      3.000
             342.000      13.377       0.578      18.000    0.29%       4.000      7.000
     SAPS_3                3.442       1.067       0.000   28.80%       0.000      1.000      2.000
             382.000      12.933       0.497      16.000    0.26%       3.000      6.000
     SAPS_6                3.542       0.982       0.000   30.79%       0.000      1.000      2.000
             367.000      13.736       0.170      16.000    0.27%       4.000      6.000
     SAPS_9                3.318       1.129       0.000   30.37%       0.000      1.000      2.000
             349.000      12.395       0.858      16.000    0.29%       3.000      6.000
     SAPS_12               3.587       1.270       0.000   27.07%       0.000      2.000      3.000
             351.000      14.527       1.138      18.000    0.28%       3.000      6.000
     SAPS_18               3.250       1.304       0.000   30.42%       0.000      1.000      2.000
             332.000      12.820       1.292      17.000    0.30%       3.000      6.000
     SAPS_24               3.297       1.339       0.000   33.44%       0.000      1.000      2.000
             320.000      15.040       1.095      17.000    0.31%       3.000      6.000

RANDOM STARTS RESULTS RANKED FROM THE BEST TO THE WORST LOGLIKELIHOOD VALUES


3144 perturbed starting value run(s) did not converge or were rejected in the third stage.
Final stage loglikelihood values at local maxima, seeds, and initial stage start numbers:

           -8290.609  738220           3106
           -8290.609  62158            1696
           -8290.609  797955           1161
           -8290.609  827570           2341
           -8290.609  373370           3833
           -8290.609  386373           2504
           -8290.609  569338           755
           -8290.609  426364           1325
           -8290.609  178341           1592
           -8290.609  374433           2240
           -8290.609  777492           972
           -8290.609  85734            411
           -8290.609  210846           3030
           -8290.609  460407           2435
           -8290.609  881886           608
           -8290.609  333082           578
           -8290.609  973404           2567
           -8290.609  111066           1509
           -8290.609  22170            3245
           -8290.609  355253           1233
           -8290.609  67009            564
           -8290.609  997836           1208
           -8290.609  802785           2969
           -8290.609  227272           1831
           -8290.609  591290           1607
           -8290.609  411295           3515
           -8290.609  35191            703
           -8290.609  763285           620
           -8290.609  49910            829
           -8290.609  116438           3716
           -8290.609  818278           2043
           -8290.609  84013            598
           -8290.609  137767           3361
           -8290.609  110389           3178
           -8290.609  893448           3352
           -8290.609  314784           2475
           -8290.609  117833           2217
           -8290.609  579124           3973
           -8290.609  488514           1454
           -8290.609  962080           2480
           -8290.609  608496           4
           -8290.609  938661           2227
           -8290.609  294492           3513
           -8290.609  506113           895
           -8290.609  794426           3076
           -8290.609  711046           3445
           -8290.609  102093           1521
           -8290.609  41447            3665
           -8290.609  288571           2891
           -8290.609  387058           3120
           -8290.609  349898           3516
           -8290.609  845533           1789
           -8290.609  21260            1125
           -8290.609  674419           2870
           -8290.609  157206           3920
           -8290.609  25294            2192
           -8290.609  768687           1953
           -8290.609  939709           112
           -8290.609  58195            3254
           -8290.609  51296            3485
           -8290.609  392418           28
           -8290.609  760342           3531
           -8290.609  566399           1877
           -8290.609  784282           2479
           -8290.609  252346           528
           -8290.609  399848           220
           -8290.609  957792           2069
           -8290.609  931558           898
           -8290.609  97223            1146
           -8290.609  911681           3100
           -8290.609  309767           3240
           -8290.609  58222            2823
           -8290.609  780726           1270
           -8290.609  446548           3875
           -8290.609  173191           422
           -8290.609  726787           1550
           -8290.609  788325           2409
           -8290.609  725670           3837
           -8290.609  788034           3410
           -8290.609  754057           3252
           -8290.609  908674           1748
           -8290.609  866183           2319
           -8290.609  952886           3428
           -8290.609  244349           736
           -8290.609  722095           1549
           -8290.609  817813           2324
           -8290.609  564723           3744
           -8293.383  662718           460
           -8293.383  501592           1738
           -8293.383  785023           3454
           -8293.383  888626           3959
           -8293.383  881058           3215
           -8293.383  315029           471
           -8293.383  168648           1788
           -8293.383  535804           111
           -8293.383  251680           794
           -8293.383  215353           164
           -8293.383  650387           2345
           -8293.383  993504           2658
           -8293.383  217924           2411
           -8293.383  695453           902
           -8293.383  4091             548
           -8293.383  700270           855
           -8293.383  288692           3880
           -8293.383  148079           1773
           -8293.383  213189           605
           -8293.383  804616           868
           -8293.383  311072           2082
           -8293.383  120772           3434
           -8293.383  440395           917
           -8293.383  817724           2444
           -8293.383  944394           1024
           -8293.383  610066           1438
           -8293.383  677825           3273
           -8293.383  347110           3761
           -8293.383  595190           1554
           -8293.383  657994           788
           -8293.383  185064           1449
           -8293.383  460453           1708
           -8293.383  86394            3666
           -8293.383  545140           278
           -8293.383  389538           2052
           -8293.383  346102           2765
           -8293.383  251601           2907
           -8293.383  120506           45
           -8293.383  891531           206
           -8293.383  638977           643
           -8293.383  951709           348
           -8293.383  533738           11
           -8293.383  664045           3406
           -8293.383  108961           3714
           -8293.383  494209           904
           -8293.383  831410           567
           -8293.383  12050            1540
           -8293.383  357866           968
           -8293.383  407168           44
           -8293.383  85462            51
           -8293.383  519524           2835
           -8293.383  402876           3433
           -8293.383  39756            857
           -8293.383  240994           1598
           -8293.383  182461           1346
           -8293.383  449258           1356
           -8293.383  138695           783
           -8293.383  973315           2060
           -8293.383  812494           2144
           -8293.383  601383           2743
           -8293.383  742450           2853
           -8293.383  341365           2794
           -8293.383  525403           1184
           -8293.383  385042           2101
           -8293.383  265927           3685
           -8293.383  619388           2871
           -8293.383  474350           2384
           -8293.383  143337           2029
           -8293.383  520177           262
           -8293.383  897782           545
           -8293.383  274000           3607
           -8293.383  915107           54
           -8311.543  716616           1159
           -8311.543  367213           2313
           -8311.543  837992           3104
           -8311.543  221146           1046
           -8311.543  343070           2643
           -8311.543  403892           2676
           -8311.543  121292           3717
           -8311.543  171846           3365
           -8311.543  711657           1564
           -8311.543  610396           2429
           -8311.543  242560           3868
           -8311.543  638032           1706
           -8311.543  854613           3023
           -8311.543  754267           2203
           -8311.543  581196           921
           -8313.015  496703           758
           -8313.015  941205           3741
           -8313.015  888905           444
           -8313.015  87856            1116
           -8313.015  948974           3197
           -8313.015  436170           2936
           -8313.015  213704           2165
           -8313.015  354559           73
           -8313.015  990322           3309
           -8313.015  685657           69
           -8313.015  745674           3511
           -8313.015  715647           3390
           -8313.015  479662           3730
           -8313.015  406311           3560
           -8313.015  669320           3164
           -8313.015  235334           1613
           -8313.015  440841           118
           -8313.015  39053            1301
           -8313.015  627421           2670
           -8313.015  739486           1699
           -8313.015  7421             3682
           -8313.015  670281           721
           -8313.015  428783           1176
           -8313.015  784504           1943
           -8313.015  633984           3184
           -8313.015  392260           1526
           -8313.015  107025           1009
           -8313.015  301952           2414
           -8313.015  694303           282
           -8313.015  833278           3265
           -8313.015  374219           353
           -8313.015  931896           2418
           -8313.015  unperturbed      0
           -8313.015  505784           2597
           -8313.015  276023           1353
           -8313.015  101894           2632
           -8313.015  973369           202
           -8313.015  173997           3500
           -8313.015  772758           2829
           -8313.015  536082           1539
           -8313.015  100345           3123
           -8313.015  626208           698
           -8313.015  710445           792
           -8313.015  208723           3439
           -8313.015  77596            1258
           -8314.810  77210            712
           -8314.810  347886           1463
           -8314.810  2850             1110
           -8314.810  778953           635
           -8314.810  494365           1331
           -8314.810  850404           2667
           -8314.810  708207           1158
           -8323.976  488125           368
           -8323.976  743878           2402
           -8378.133  956984           3898
           -8380.055  818852           1650
           -8380.055  589865           3748
           -8384.028  742609           531
           -8385.121  464810           1424
           -8393.100  25531            2390
           -8393.100  870529           3881
           -8393.100  580405           286
           -8393.100  76451            211
           -8393.100  168205           2110
           -8393.100  990197           1055
           -8393.100  179090           2206
           -8393.100  16096            1147
           -8393.100  158612           581
           -8393.100  44340            1189
           -8393.100  891036           2392
           -8393.100  417035           149
           -8393.100  404840           1210
           -8393.100  83306            2432
           -8393.100  606576           151
           -8393.100  15270            610
           -8393.100  353983           1235
           -8393.100  426557           1306
           -8393.100  346843           1316
           -8393.100  122167           2706
           -8393.100  925994           1386
           -8393.100  612092           1409
           -8393.100  256781           1448
           -8393.100  170768           1464
           -8393.100  797493           1563
           -8393.100  485590           3195
           -8393.100  144257           3262
           -8393.100  344416           3290
           -8393.100  695961           1668
           -8393.100  398067           1759
           -8393.100  293259           3614
           -8393.100  105990           3803
           -8393.100  369024           1905
           -8393.100  307090           3900
           -8393.100  50887            389
           -8393.100  226322           478
           -8393.100  422103           62
           -8393.100  263268           165
           -8393.100  441191           361
           -8393.100  868155           2204
           -8393.100  211555           2243
           -8393.100  645976           2302
           -8393.100  404870           2452
           -8393.100  568556           1314
           -8393.100  702334           2702
           -8393.100  902202           2911
           -8393.100  745249           3082
           -8393.100  53570            3143
           -8393.100  627151           1601
           -8393.100  850071           3311
           -8393.100  826811           1721
           -8393.100  123962           1868
           -8393.100  39810            966
           -8393.100  614401           3907
           -8393.100  565903           3914
           -8393.100  536847           3967
           -8393.100  542577           1004
           -8393.100  387701           275
           -8393.100  570908           98
           -8393.100  238906           430
           -8393.100  19374            2062
           -8393.100  509733           130
           -8393.100  613264           2781
           -8393.100  966243           1751
           -8393.100  227563           63
           -8393.100  851200           1479
           -8393.100  13571            2669
           -8393.100  875667           367
           -8393.100  588848           3965
           -8393.100  723136           2848
           -8393.100  572637           989
           -8393.100  981681           1017
           -8393.100  827063           3234
           -8393.100  426103           3577
           -8393.100  56628            2485
           -8393.100  160779           2668
           -8393.100  555550           3380
           -8393.100  288620           1171
           -8393.100  893169           1847
           -8393.100  613319           2008
           -8393.100  432513           803
           -8393.100  775844           2371
           -8393.100  348637           749
           -8393.100  179229           1453
           -8405.821  54325            2073
           -8405.821  33553            2098
           -8405.821  745606           2260
           -8405.821  272764           3230
           -8405.821  356956           3431
           -8405.821  497522           502
           -8405.821  391179           78
           -8405.821  170194           1653
           -8405.821  891041           1811
           -8405.821  307085           3659
           -8405.821  881859           2495
           -8405.821  539883           3131
           -8405.821  261045           3155
           -8405.821  126237           3443
           -8405.821  286621           3857
           -8405.821  534256           1410
           -8405.821  151247           2913
           -8405.965  657861           3779
           -8406.641  288738           940
           -8407.767  165268           2436
           -8407.767  352184           3080
           -8407.767  45556            3294
           -8407.767  459780           3519
           -8407.767  934284           3735
           -8408.937  923437           398
           -8411.037  226814           2623
           -8411.037  490123           995
           -8411.037  375590           438
           -8411.037  448749           1975
           -8411.037  48057            3318
           -8411.882  912557           3039
           -8411.882  835767           210
           -8411.884  24384            2932
           -8413.276  978781           497
           -8413.276  948834           3090
           -8413.276  546909           1769
           -8415.089  76107            1822
           -8418.569  341519           653
           -8418.569  761633           50
           -8418.569  248742           556
           -8418.569  33398            2399
           -8418.569  150531           154
           -8418.569  683518           2521
           -8418.569  45724            2833
           -8418.569  707067           2876
           -8418.569  908276           2917
           -8418.569  135790           3060
           -8418.569  721392           768
           -8418.569  442009           3848
           -8418.569  266349           1989
           -8418.569  782821           272
           -8418.569  819358           2093
           -8418.569  168437           2127
           -8418.569  941525           609
           -8418.569  623887           2611
           -8418.569  785822           1339
           -8418.569  383902           673
           -8418.569  204959           695
           -8418.569  540747           1394
           -8418.569  512403           719
           -8418.569  553920           2961
           -8418.569  353772           1508
           -8418.569  93229            3047
           -8418.569  452792           1726
           -8418.569  135605           1786
           -8418.569  590437           3699
           -8418.569  374630           1869
           -8418.569  460304           3764
           -8418.569  248493           1901
           -8418.569  269688           3911
           -8418.569  23012            352
           -8418.569  7959             256
           -8418.569  188498           258
           -8418.569  93468            3
           -8418.569  626087           314
           -8418.569  840078           203
           -8418.569  566943           1023
           -8418.569  604441           1026
           -8418.569  224785           2053
           -8418.569  85735            2067
           -8418.569  314662           1036
           -8418.569  692357           2081
           -8418.569  139885           2128
           -8418.569  703715           2171
           -8418.569  82711            2181
           -8418.569  554395           2195
           -8418.569  324372           2214
           -8418.569  370957           554
           -8418.569  736746           2224
           -8418.569  83263            2251
           -8418.569  311484           1135
           -8418.569  789564           2275
           -8418.569  829063           2276
           -8418.569  718336           2280
           -8418.569  345870           2285
           -8418.569  637524           2312
           -8418.569  641794           591
           -8418.569  925846           2405
           -8418.569  110911           1234
           -8418.569  935459           2474
           -8418.569  856737           1241
           -8418.569  785309           2490
           -8418.569  343926           624
           -8418.569  442653           2553
           -8418.569  651651           2656
           -8418.569  53701            2664
           -8418.569  971770           2708
           -8418.569  916339           2764
           -8418.569  115653           1387
           -8418.569  952712           2780
           -8418.569  768503           2806
           -8418.569  299108           1420
           -8418.569  878749           728
           -8418.569  277422           1485
           -8418.569  877429           1489
           -8418.569  203244           2995
           -8418.569  800454           751
           -8418.569  828901           3019
           -8418.569  708047           1519
           -8418.569  860029           760
           -8418.569  509415           3088
           -8418.569  312587           775
           -8418.569  793768           3129
           -8418.569  19333            3229
           -8418.569  118724           3250
           -8418.569  548245           818
           -8418.569  296574           3320
           -8418.569  914505           838
           -8418.569  752523           3375
           -8418.569  320563           1688
           -8418.569  816796           1728
           -8418.569  931515           3462
           -8418.569  636919           3559
           -8418.569  737601           891
           -8418.569  795690           3592
           -8418.569  489974           3631
           -8418.569  290837           1828
           -8418.569  270428           1873
           -8418.569  273294           3757
           -8418.569  376411           473
           -8418.569  732828           3815
           -8418.569  816765           959
           -8418.569  966499           963
           -8418.569  923601           3890
           -8418.569  929361           1971
           -8418.569  425831           2022
           -8418.569  273640           2028
           -8418.569  853195           431
           -8418.569  178475           231
           -8418.569  851945           18
           -8418.569  819932           2180
           -8418.569  548493           1201
           -8418.569  373815           618
           -8418.569  770836           2614
           -8418.569  900432           2808
           -8418.569  659319           2888
           -8418.569  844709           3412
           -8418.569  672489           3679
           -8418.569  826112           3721
           -8418.569  242576           3728
           -8418.569  100756           3807
           -8418.569  471512           1951
           -8418.569  804561           59
           -8418.569  414828           322
           -8418.569  398480           3596
           -8418.569  760531           550
           -8418.569  318571           3574
           -8418.569  391949           295
           -8418.569  182880           1396
           -8418.569  370466           41
           -8418.569  836066           372
           -8418.569  747511           3236
           -8418.569  916761           3498
           -8418.569  224950           455
           -8418.569  382383           3589
           -8418.569  670787           3850
           -8418.569  435058           3535
           -8418.569  281245           3634
           -8418.569  360597           1174
           -8418.569  205875           1635
           -8418.569  970689           266
           -8418.569  838535           3612
           -8418.569  36090            2158
           -8418.569  931192           2323
           -8418.569  612578           1512
           -8418.569  560031           2908
           -8418.569  783110           72
           -8418.569  623663           3446
           -8418.569  197904           1782
           -8418.569  871188           1261
           -8418.569  813784           2544
           -8418.569  651982           2944
           -8418.569  85751            2593
           -8418.569  342423           3409
           -8418.569  464143           3302
           -8418.569  181293           212
           -8418.570  327185           2704
           -8422.543  323788           3307
           -8422.546  415527           3602
           -8422.546  418686           338
           -8422.546  480649           1900
           -8422.546  209869           2861
           -8422.546  732971           1447
           -8422.546  434915           552
           -8422.546  934413           2635
           -8422.546  383371           3818
           -8422.546  518791           3884
           -8422.546  847540           3988
           -8422.546  246575           291
           -8422.546  723775           97
           -8422.546  618760           489
           -8422.546  468036           131
           -8422.546  785015           2245
           -8422.546  2315             2397
           -8422.546  571757           1268
           -8422.546  744582           2621
           -8422.546  488581           688
           -8422.546  952946           2768
           -8422.546  695486           1500
           -8422.546  346141           1533
           -8422.546  102845           1640
           -8422.546  530559           1845
           -8422.546  63231            935
           -8422.546  470851           3893
           -8422.546  988537           1980
           -8422.546  502532           445
           -8422.546  286102           2050
           -8422.546  32106            2108
           -8422.546  105748           2129
           -8422.546  650354           577
           -8422.546  919098           2465
           -8422.546  949451           2497
           -8422.546  209031           632
           -8422.546  196940           2579
           -8422.546  123102           1302
           -8422.546  913926           1381
           -8422.546  230121           1391
           -8422.546  173429           2879
           -8422.546  435399           2896
           -8422.546  872295           2899
           -8422.546  294228           2942
           -8422.546  659832           754
           -8422.546  19271            3020
           -8422.546  985387           381
           -8422.546  111494           3075
           -8422.546  133285           3126
           -8422.546  474357           789
           -8422.546  556697           3174
           -8422.546  332917           3212
           -8422.546  725083           3216
           -8422.546  715260           3217
           -8422.546  109669           3257
           -8422.546  98578            3338
           -8422.546  452606           1675
           -8422.546  758926           1682
           -8422.546  540809           3389
           -8422.546  818326           3401
           -8422.546  576783           866
           -8422.546  314015           3517
           -8422.546  980970           894
           -8422.546  588962           1790
           -8422.546  724087           925
           -8422.546  908067           3734
           -8422.546  288706           3789
           -8422.546  326269           3855
           -8422.546  440696           3915
           -8422.546  768629           3984
           -8422.546  76204            2003
           -8422.546  399071           1007
           -8422.546  284109           82
           -8422.546  399508           415
           -8422.546  636396           168
           -8422.546  354624           448
           -8422.546  345070           114
           -8422.546  647548           2051
           -8422.546  124661           2172
           -8422.546  848579           2263
           -8422.546  895878           1216
           -8422.546  125750           1221
           -8422.546  332693           2655
           -8422.546  36183            1349
           -8422.546  49633            2701
           -8422.546  838615           677
           -8422.546  738293           2836
           -8422.546  607072           717
           -8422.546  193581           2898
           -8422.546  733001           2985
           -8422.546  105022           3052
           -8422.546  172699           1626
           -8422.546  178337           1727
           -8422.546  758825           3512
           -8422.546  834916           3532
           -8422.546  44697            1792
           -8422.546  821206           1840
           -8422.546  70157            1858
           -8422.546  39176            3899
           -8422.546  62571            3923
           -8422.546  692169           308
           -8422.546  171931           2257
           -8422.546  216815           1600
           -8422.546  953684           3243
           -8422.546  645052           910
           -8422.546  965210           2221
           -8422.546  786984           2035
           -8422.546  662162           4000
           -8422.546  907014           3870
           -8422.546  657746           1455
           -8422.546  372483           1645
           -8422.546  596257           405
           -8422.546  271397           3646
           -8422.546  445001           2814
           -8422.546  199491           1364
           -8422.546  480926           1824
           -8422.546  950604           172
           -8422.546  769461           3606
           -8422.546  864006           1075
           -8422.546  968853           3327
           -8422.546  765586           709
           -8422.546  703313           1415
           -8422.546  217415           1240
           -8422.547  355674           540
           -8422.547  581912           3149
           -8422.547  62738            2074
           -8422.547  926283           269
           -8449.037  109599           3448
           -8452.451  886510           3906
           -8461.154  526742           1546
           -8461.154  451188           2113
           -8461.154  691544           2183
           -8461.154  705445           1117
           -8461.154  273669           1118
           -8461.154  512316           2238
           -8461.154  84672            2255
           -8461.154  793674           2413
           -8461.154  707032           1229
           -8461.154  705631           1269
           -8461.154  42278            1305
           -8461.154  552272           654
           -8461.154  908977           2740
           -8461.154  319298           1375
           -8461.154  7195             697
           -8461.154  794866           2795
           -8461.154  408504           2822
           -8461.154  958223           3032
           -8461.154  122612           3055
           -8461.154  425133           3079
           -8461.154  941301           3117
           -8461.154  870609           3160
           -8461.154  232654           3169
           -8461.154  638118           1588
           -8461.154  815575           1593
           -8461.154  502157           799
           -8461.154  91119            3204
           -8461.154  417713           3222
           -8461.154  377751           3260
           -8461.154  431630           3264
           -8461.154  382139           3305
           -8461.154  119225           1658
           -8461.154  171430           1672
           -8461.154  720663           3478
           -8461.154  677447           3499
           -8461.154  257136           1774
           -8461.154  578301           3550
           -8461.154  377994           3661
           -8461.154  870721           3701
           -8461.154  268812           3736
           -8461.154  673336           1899
           -8461.154  758647           951
           -8461.154  170118           238
           -8461.154  772315           1958
           -8461.154  608763           3918
           -8461.154  928624           981
           -8461.154  622173           992
           -8461.154  86651            993
           -8461.154  518828           432
           -8461.154  791285           416
           -8461.154  625191           350
           -8461.154  60464            2254
           -8461.154  271886           2268
           -8461.154  636052           2569
           -8461.154  477585           2692
           -8461.154  282806           2710
           -8461.154  792772           2930
           -8461.154  889514           1505
           -8461.154  214681           824
           -8461.154  538470           1681
           -8461.154  81954            1823
           -8461.154  997222           229
           -8461.154  291035           3696
           -8461.154  138513           3703
           -8461.154  428893           1859
           -8461.154  967237           48
           -8461.154  319993           1480
           -8461.154  535011           2147
           -8461.154  477063           2116
           -8461.154  140987           1093
           -8461.154  752847           1109
           -8461.154  818353           1256
           -8461.154  973427           2340
           -8461.154  708150           2160
           -8461.154  196844           3804
           -8461.154  622873           1218
           -8461.154  69413            472
           -8461.154  227797           1263
           -8461.154  990504           827
           -8461.154  392407           221
           -8461.154  242621           1642
           -8461.154  475953           3687
           -9379.719  200506           3391

274 perturbed starting value run(s) did not converge or were rejected in the third stage.



THE BEST LOGLIKELIHOOD VALUE HAS BEEN REPLICATED.  RERUN WITH AT LEAST TWICE THE
RANDOM STARTS TO CHECK THAT THE BEST LOGLIKELIHOOD IS STILL OBTAINED AND REPLICATED.

     ONE OR MORE PARAMETERS WERE FIXED TO AVOID SINGULARITY OF THE
     INFORMATION MATRIX. THE SINGULARITY IS MOST LIKELY BECAUSE THE
     MODEL IS NOT IDENTIFIED, OR BECAUSE OF EMPTY CELLS IN THE JOINT
     DISTRIBUTION OF THE CATEGORICAL VARIABLES IN THE MODEL.
     THE FOLLOWING PARAMETERS WERE FIXED:
     Parameter 6, %C#1%: I (equality/label)
     Parameter 7, %C#1%: S WITH I (equality/label)
     Parameter 8, %C#1%: S (equality/label)

     THIS MAY ALSO BE DUE TO RESIDUAL VARIANCES CONVERGING TO 0.
     THESE RESIDUAL VARIANCES AND CORRESPONDING COVARIANCES ARE FIXED TO 0.


THE MODEL ESTIMATION TERMINATED NORMALLY



MODEL FIT INFORMATION

Number of Free Parameters                       22

Loglikelihood

          H0 Value                       -8290.609
          H0 Scaling Correction Factor      0.9874
            for MLR

Information Criteria

          Akaike (AIC)                   16625.219
          Bayesian (BIC)                 16713.250
          Sample-Size Adjusted BIC       16643.442
            (n* = (n + 2) / 24)



FINAL CLASS COUNTS AND PROPORTIONS FOR THE LATENT CLASSES
BASED ON THE ESTIMATED MODEL

    Latent
   Classes

       1        122.55408          0.30335
       2        281.44592          0.69665


FINAL CLASS COUNTS AND PROPORTIONS FOR THE LATENT CLASSES
BASED ON ESTIMATED POSTERIOR PROBABILITIES

    Latent
   Classes

       1        122.55408          0.30335
       2        281.44592          0.69665


FINAL CLASS COUNTS AND PROPORTIONS FOR THE LATENT CLASSES
BASED ON THEIR MOST LIKELY LATENT CLASS MEMBERSHIP

Class Counts and Proportions

    Latent
   Classes

       1              104          0.25743
       2              300          0.74257


CLASSIFICATION QUALITY

     Entropy                         0.617


Average Latent Class Probabilities for Most Likely Latent Class Membership (Row)
by Latent Class (Column)

           1        2

    1   0.884    0.116
    2   0.102    0.898


Classification Probabilities for the Most Likely Latent Class Membership (Column)
by Latent Class (Row)

           1        2

    1   0.750    0.250
    2   0.043    0.957


Logits for the Classification Probabilities for the Most Likely Latent Class Membership (Column)
by Latent Class (Row)

              1        2

    1      1.101    0.000
    2     -3.109    0.000


MODEL RESULTS

                                                    Two-Tailed
                    Estimate       S.E.  Est./S.E.    P-Value

Latent Class 1

 I        |
    SAPS_0             1.000      0.000    999.000    999.000
    SAPS_1             1.000      0.000    999.000    999.000
    SAPS_2             1.000      0.000    999.000    999.000
    SAPS_3             1.000      0.000    999.000    999.000
    SAPS_6             1.000      0.000    999.000    999.000
    SAPS_9             1.000      0.000    999.000    999.000
    SAPS_12            1.000      0.000    999.000    999.000
    SAPS_18            1.000      0.000    999.000    999.000
    SAPS_24            1.000      0.000    999.000    999.000

 S        |
    SAPS_0             0.000      0.000    999.000    999.000
    SAPS_1             1.000      0.000    999.000    999.000
    SAPS_2             2.000      0.000    999.000    999.000
    SAPS_3             3.000      0.000    999.000    999.000
    SAPS_6             6.000      0.000    999.000    999.000
    SAPS_9             9.000      0.000    999.000    999.000
    SAPS_12           12.000      0.000    999.000    999.000
    SAPS_18           18.000      0.000    999.000    999.000
    SAPS_24           24.000      0.000    999.000    999.000

 Q        |
    SAPS_0             0.000      0.000    999.000    999.000
    SAPS_1             1.000      0.000    999.000    999.000
    SAPS_2             4.000      0.000    999.000    999.000
    SAPS_3             9.000      0.000    999.000    999.000
    SAPS_6            36.000      0.000    999.000    999.000
    SAPS_9            81.000      0.000    999.000    999.000
    SAPS_12          144.000      0.000    999.000    999.000
    SAPS_18          324.000      0.000    999.000    999.000
    SAPS_24          576.000      0.000    999.000    999.000

 CUB      |
    SAPS_0             0.000      0.000    999.000    999.000
    SAPS_1             1.000      0.000    999.000    999.000
    SAPS_2             8.000      0.000    999.000    999.000
    SAPS_3            27.000      0.000    999.000    999.000
    SAPS_6           216.000      0.000    999.000    999.000
    SAPS_9           729.000      0.000    999.000    999.000
    SAPS_12         1728.000      0.000    999.000    999.000
    SAPS_18         5832.000      0.000    999.000    999.000
    SAPS_24        13824.000      0.000    999.000    999.000

 I        WITH
    S                  0.000      0.000    999.000    999.000
    Q                  0.000      0.000    999.000    999.000
    CUB                0.000      0.000    999.000    999.000

 S        WITH
    Q                  0.000      0.000    999.000    999.000
    CUB                0.000      0.000    999.000    999.000

 Q        WITH
    CUB                0.000      0.000    999.000    999.000

 Means
    I                  7.851      0.771     10.181      0.000
    S                 -2.074      0.369     -5.626      0.000
    Q                  0.178      0.040      4.419      0.000
    CUB               -0.004      0.001     -3.287      0.001

 Intercepts
    SAPS_0             0.000      0.000    999.000    999.000
    SAPS_1             0.000      0.000    999.000    999.000
    SAPS_2             0.000      0.000    999.000    999.000
    SAPS_3             0.000      0.000    999.000    999.000
    SAPS_6             0.000      0.000    999.000    999.000
    SAPS_9             0.000      0.000    999.000    999.000
    SAPS_12            0.000      0.000    999.000    999.000
    SAPS_18            0.000      0.000    999.000    999.000
    SAPS_24            0.000      0.000    999.000    999.000

 Variances
    I                  0.000      0.000    999.000    999.000
    S                  0.000      0.000    999.000    999.000
    Q                  0.000      0.000    999.000    999.000
    CUB                0.000      0.000    999.000    999.000

 Residual Variances
    SAPS_0            17.414      1.188     14.661      0.000
    SAPS_1            17.414      1.188     14.661      0.000
    SAPS_2            17.414      1.188     14.661      0.000
    SAPS_3            17.414      1.188     14.661      0.000
    SAPS_6            17.414      1.188     14.661      0.000
    SAPS_9            17.414      1.188     14.661      0.000
    SAPS_12           17.414      1.188     14.661      0.000
    SAPS_18           17.414      1.188     14.661      0.000
    SAPS_24           17.414      1.188     14.661      0.000

Latent Class 2

 I        |
    SAPS_0             1.000      0.000    999.000    999.000
    SAPS_1             1.000      0.000    999.000    999.000
    SAPS_2             1.000      0.000    999.000    999.000
    SAPS_3             1.000      0.000    999.000    999.000
    SAPS_6             1.000      0.000    999.000    999.000
    SAPS_9             1.000      0.000    999.000    999.000
    SAPS_12            1.000      0.000    999.000    999.000
    SAPS_18            1.000      0.000    999.000    999.000
    SAPS_24            1.000      0.000    999.000    999.000

 S        |
    SAPS_0             0.000      0.000    999.000    999.000
    SAPS_1             1.000      0.000    999.000    999.000
    SAPS_2             2.000      0.000    999.000    999.000
    SAPS_3             3.000      0.000    999.000    999.000
    SAPS_6             6.000      0.000    999.000    999.000
    SAPS_9             9.000      0.000    999.000    999.000
    SAPS_12           12.000      0.000    999.000    999.000
    SAPS_18           18.000      0.000    999.000    999.000
    SAPS_24           24.000      0.000    999.000    999.000

 Q        |
    SAPS_0             0.000      0.000    999.000    999.000
    SAPS_1             1.000      0.000    999.000    999.000
    SAPS_2             4.000      0.000    999.000    999.000
    SAPS_3             9.000      0.000    999.000    999.000
    SAPS_6            36.000      0.000    999.000    999.000
    SAPS_9            81.000      0.000    999.000    999.000
    SAPS_12          144.000      0.000    999.000    999.000
    SAPS_18          324.000      0.000    999.000    999.000
    SAPS_24          576.000      0.000    999.000    999.000

 CUB      |
    SAPS_0             0.000      0.000    999.000    999.000
    SAPS_1             1.000      0.000    999.000    999.000
    SAPS_2             8.000      0.000    999.000    999.000
    SAPS_3            27.000      0.000    999.000    999.000
    SAPS_6           216.000      0.000    999.000    999.000
    SAPS_9           729.000      0.000    999.000    999.000
    SAPS_12         1728.000      0.000    999.000    999.000
    SAPS_18         5832.000      0.000    999.000    999.000
    SAPS_24        13824.000      0.000    999.000    999.000

 I        WITH
    S                  0.000      0.000    999.000    999.000
    Q                  0.000      0.000    999.000    999.000
    CUB                0.000      0.000    999.000    999.000

 S        WITH
    Q                  0.000      0.000    999.000    999.000
    CUB                0.000      0.000    999.000    999.000

 Q        WITH
    CUB                0.000      0.000    999.000    999.000

 Means
    I                  6.806      0.352     19.362      0.000
    S                 -2.470      0.119    -20.796      0.000
    Q                  0.219      0.012     18.375      0.000
    CUB               -0.005      0.000    -16.697      0.000

 Intercepts
    SAPS_0             0.000      0.000    999.000    999.000
    SAPS_1             0.000      0.000    999.000    999.000
    SAPS_2             0.000      0.000    999.000    999.000
    SAPS_3             0.000      0.000    999.000    999.000
    SAPS_6             0.000      0.000    999.000    999.000
    SAPS_9             0.000      0.000    999.000    999.000
    SAPS_12            0.000      0.000    999.000    999.000
    SAPS_18            0.000      0.000    999.000    999.000
    SAPS_24            0.000      0.000    999.000    999.000

 Variances
    I                  0.000      0.000    999.000    999.000
    S                  0.000      0.000    999.000    999.000
    Q                  0.000      0.000    999.000    999.000
    CUB                0.000      0.000    999.000    999.000

 Residual Variances
    SAPS_0             6.768      0.447     15.157      0.000
    SAPS_1             6.768      0.447     15.157      0.000
    SAPS_2             6.768      0.447     15.157      0.000
    SAPS_3             6.768      0.447     15.157      0.000
    SAPS_6             6.768      0.447     15.157      0.000
    SAPS_9             6.768      0.447     15.157      0.000
    SAPS_12            6.768      0.447     15.157      0.000
    SAPS_18            6.768      0.447     15.157      0.000
    SAPS_24            6.768      0.447     15.157      0.000

Categorical Latent Variables

 Means
    C#1               -0.831      0.241     -3.456      0.001

Skew and Df Parameters

Latent Class 1

    I                  1.019      0.730      1.395      0.163
    S                  0.281      0.321      0.875      0.382
    Q                  0.006      0.044      0.138      0.891
    CUB               -0.001      0.001     -0.505      0.614

Latent Class 2

    I                  3.115      0.332      9.376      0.000
    S                  0.663      0.127      5.230      0.000
    Q                 -0.077      0.013     -5.935      0.000
    CUB                0.002      0.000      5.635      0.000


QUALITY OF NUMERICAL RESULTS

     Condition Number for the Information Matrix              0.591E-08
       (ratio of smallest to largest eigenvalue)


STANDARDIZED MODEL RESULTS

                      StdYX       StdY        Std
                    Estimate   Estimate   Estimate

Latent Class 1

 I        |
    SAPS_0             0.146      0.146      0.614
    SAPS_1             0.145      0.145      0.614
    SAPS_2             0.143      0.143      0.614
    SAPS_3             0.142      0.142      0.614
    SAPS_6             0.137      0.137      0.614
    SAPS_9             0.131      0.131      0.614
    SAPS_12            0.127      0.127      0.614
    SAPS_18            0.129      0.129      0.614
    SAPS_24            0.145      0.145      0.614

 S        |
    SAPS_0             0.000      0.000      0.000
    SAPS_1             0.040      0.040      0.170
    SAPS_2             0.079      0.079      0.340
    SAPS_3             0.118      0.118      0.510
    SAPS_6             0.227      0.227      1.019
    SAPS_9             0.327      0.327      1.529
    SAPS_12            0.423      0.423      2.038
    SAPS_18            0.643      0.643      3.057
    SAPS_24            0.962      0.962      4.076

 Q        |
    SAPS_0             0.000      0.000      0.000
    SAPS_1             0.001      0.001      0.004
    SAPS_2             0.003      0.003      0.015
    SAPS_3             0.008      0.008      0.033
    SAPS_6             0.029      0.029      0.132
    SAPS_9             0.063      0.063      0.297
    SAPS_12            0.109      0.109      0.528
    SAPS_18            0.250      0.250      1.187
    SAPS_24            0.498      0.498      2.111

 CUB      |
    SAPS_0             0.000      0.000      0.000
    SAPS_1             0.000      0.000      0.000
    SAPS_2             0.001      0.001      0.004
    SAPS_3             0.003      0.003      0.012
    SAPS_6             0.021      0.021      0.095
    SAPS_9             0.069      0.069      0.322
    SAPS_12            0.158      0.158      0.763
    SAPS_18            0.542      0.542      2.576
    SAPS_24            1.442      1.442      6.107

 I        WITH
    S                  0.000      0.000      0.000
    Q                999.000    999.000    999.000
    CUB              999.000    999.000    999.000

 S        WITH
    Q                999.000    999.000    999.000
    CUB              999.000    999.000    999.000

 Q        WITH
    CUB              999.000    999.000    999.000

 Means
    I                 12.786     12.786     12.786
    S                -12.210    -12.210    -12.210
    Q                 48.538     48.538     48.538
    CUB               -9.192     -9.192     -9.192

 Intercepts
    SAPS_0             0.000      0.000      0.000
    SAPS_1             0.000      0.000      0.000
    SAPS_2             0.000      0.000      0.000
    SAPS_3             0.000      0.000      0.000
    SAPS_6             0.000      0.000      0.000
    SAPS_9             0.000      0.000      0.000
    SAPS_12            0.000      0.000      0.000
    SAPS_18            0.000      0.000      0.000
    SAPS_24            0.000      0.000      0.000

 Variances
    I                  0.000      0.000      0.000
    S                  0.003      0.003      0.003
    Q                  0.000    999.000    999.000
    CUB                0.000    999.000    999.000

 Residual Variances
    SAPS_0             0.979      0.979     17.414
    SAPS_1             0.966      0.966     17.414
    SAPS_2             0.949      0.949     17.414
    SAPS_3             0.930      0.930     17.414
    SAPS_6             0.862      0.862     17.414
    SAPS_9             0.795      0.795     17.414
    SAPS_12            0.749      0.749     17.414
    SAPS_18            0.769      0.769     17.414
    SAPS_24            0.970      0.970     17.414

Latent Class 2

 I        |
    SAPS_0             0.585      0.585      1.878
    SAPS_1             0.548      0.548      1.878
    SAPS_2             0.520      0.520      1.878
    SAPS_3             0.502      0.502      1.878
    SAPS_6             0.485      0.485      1.878
    SAPS_9             0.510      0.510      1.878
    SAPS_12            0.561      0.561      1.878
    SAPS_18            0.656      0.656      1.878
    SAPS_24            0.602      0.602      1.878

 S        |
    SAPS_0             0.000      0.000      0.000
    SAPS_1             0.117      0.117      0.400
    SAPS_2             0.222      0.222      0.800
    SAPS_3             0.321      0.321      1.200
    SAPS_6             0.620      0.620      2.400
    SAPS_9             0.978      0.978      3.600
    SAPS_12            1.435      1.435      4.800
    SAPS_18            2.516      2.516      7.201
    SAPS_24            3.076      3.076      9.601

 Q        |
    SAPS_0             0.000      0.000      0.000
    SAPS_1             0.014      0.014      0.047
    SAPS_2             0.052      0.052      0.186
    SAPS_3             0.112      0.112      0.420
    SAPS_6             0.433      0.433      1.678
    SAPS_9             1.026      1.026      3.776
    SAPS_12            2.007      2.007      6.712
    SAPS_18            5.277      5.277     15.103
    SAPS_24            8.603      8.603     26.850

 CUB      |
    SAPS_0             0.000      0.000      0.000
    SAPS_1             0.000      0.000      0.001
    SAPS_2             0.003      0.003      0.010
    SAPS_3             0.009      0.009      0.033
    SAPS_6             0.069      0.069      0.267
    SAPS_9             0.245      0.245      0.901
    SAPS_12            0.638      0.638      2.135
    SAPS_18            2.518      2.518      7.206
    SAPS_24            5.473      5.473     17.082

 I        WITH
    S                  0.000      0.000      0.000
    Q                999.000    999.000    999.000
    CUB              999.000    999.000    999.000

 S        WITH
    Q                999.000    999.000    999.000
    CUB              999.000    999.000    999.000

 Q        WITH
    CUB              999.000    999.000    999.000

 Means
    I                  3.624      3.624      3.624
    S                 -6.174     -6.174     -6.174
    Q                  4.692      4.692      4.692
    CUB               -4.328     -4.328     -4.328

 Intercepts
    SAPS_0             0.000      0.000      0.000
    SAPS_1             0.000      0.000      0.000
    SAPS_2             0.000      0.000      0.000
    SAPS_3             0.000      0.000      0.000
    SAPS_6             0.000      0.000      0.000
    SAPS_9             0.000      0.000      0.000
    SAPS_12            0.000      0.000      0.000
    SAPS_18            0.000      0.000      0.000
    SAPS_24            0.000      0.000      0.000

 Variances
    I                  0.000      0.000      0.000
    S                  0.001      0.001      0.001
    Q                  0.000    999.000    999.000
    CUB                0.000    999.000    999.000

 Residual Variances
    SAPS_0             0.657      0.657      6.768
    SAPS_1             0.576      0.576      6.768
    SAPS_2             0.520      0.520      6.768
    SAPS_3             0.483      0.483      6.768
    SAPS_6             0.452      0.452      6.768
    SAPS_9             0.500      0.500      6.768
    SAPS_12            0.605      0.605      6.768
    SAPS_18            0.826      0.826      6.768
    SAPS_24            0.695      0.695      6.768


R-SQUARE

Class 1

    Observed
    Variable        Estimate

    SAPS_0             0.021
    SAPS_1             0.034
    SAPS_2             0.051
    SAPS_3             0.070
    SAPS_6             0.138
    SAPS_9             0.205
    SAPS_12            0.251
    SAPS_18            0.231
    SAPS_24            0.030

Class 2

    Observed
    Variable        Estimate

    SAPS_0             0.343
    SAPS_1             0.424
    SAPS_2             0.480
    SAPS_3             0.517
    SAPS_6             0.548
    SAPS_9             0.500
    SAPS_12            0.395
    SAPS_18            0.174
    SAPS_24            0.305


CONFIDENCE INTERVALS OF MODEL RESULTS

                  Lower .5%  Lower 2.5%    Lower 5%    Estimate    Upper 5%  Upper 2.5%   Upper .5%

Latent Class 1

 I        |
    SAPS_0           1.000       1.000       1.000       1.000       1.000       1.000       1.000
    SAPS_1           1.000       1.000       1.000       1.000       1.000       1.000       1.000
    SAPS_2           1.000       1.000       1.000       1.000       1.000       1.000       1.000
    SAPS_3           1.000       1.000       1.000       1.000       1.000       1.000       1.000
    SAPS_6           1.000       1.000       1.000       1.000       1.000       1.000       1.000
    SAPS_9           1.000       1.000       1.000       1.000       1.000       1.000       1.000
    SAPS_12          1.000       1.000       1.000       1.000       1.000       1.000       1.000
    SAPS_18          1.000       1.000       1.000       1.000       1.000       1.000       1.000
    SAPS_24          1.000       1.000       1.000       1.000       1.000       1.000       1.000

 S        |
    SAPS_0           0.000       0.000       0.000       0.000       0.000       0.000       0.000
    SAPS_1           1.000       1.000       1.000       1.000       1.000       1.000       1.000
    SAPS_2           2.000       2.000       2.000       2.000       2.000       2.000       2.000
    SAPS_3           3.000       3.000       3.000       3.000       3.000       3.000       3.000
    SAPS_6           6.000       6.000       6.000       6.000       6.000       6.000       6.000
    SAPS_9           9.000       9.000       9.000       9.000       9.000       9.000       9.000
    SAPS_12         12.000      12.000      12.000      12.000      12.000      12.000      12.000
    SAPS_18         18.000      18.000      18.000      18.000      18.000      18.000      18.000
    SAPS_24         24.000      24.000      24.000      24.000      24.000      24.000      24.000

 Q        |
    SAPS_0           0.000       0.000       0.000       0.000       0.000       0.000       0.000
    SAPS_1           1.000       1.000       1.000       1.000       1.000       1.000       1.000
    SAPS_2           4.000       4.000       4.000       4.000       4.000       4.000       4.000
    SAPS_3           9.000       9.000       9.000       9.000       9.000       9.000       9.000
    SAPS_6          36.000      36.000      36.000      36.000      36.000      36.000      36.000
    SAPS_9          81.000      81.000      81.000      81.000      81.000      81.000      81.000
    SAPS_12        144.000     144.000     144.000     144.000     144.000     144.000     144.000
    SAPS_18        324.000     324.000     324.000     324.000     324.000     324.000     324.000
    SAPS_24        576.000     576.000     576.000     576.000     576.000     576.000     576.000

 CUB      |
    SAPS_0           0.000       0.000       0.000       0.000       0.000       0.000       0.000
    SAPS_1           1.000       1.000       1.000       1.000       1.000       1.000       1.000
    SAPS_2           8.000       8.000       8.000       8.000       8.000       8.000       8.000
    SAPS_3          27.000      27.000      27.000      27.000      27.000      27.000      27.000
    SAPS_6         216.000     216.000     216.000     216.000     216.000     216.000     216.000
    SAPS_9         729.000     729.000     729.000     729.000     729.000     729.000     729.000
    SAPS_12       1728.000    1728.000    1728.000    1728.000    1728.000    1728.000    1728.000
    SAPS_18       5832.000    5832.000    5832.000    5832.000    5832.000    5832.000    5832.000
    SAPS_24      13824.000   13824.000   13824.000   13824.000   13824.000   13824.000   13824.000

 I        WITH
    S                0.000       0.000       0.000       0.000       0.000       0.000       0.000
    Q                0.000       0.000       0.000       0.000       0.000       0.000       0.000
    CUB              0.000       0.000       0.000       0.000       0.000       0.000       0.000

 S        WITH
    Q                0.000       0.000       0.000       0.000       0.000       0.000       0.000
    CUB              0.000       0.000       0.000       0.000       0.000       0.000       0.000

 Q        WITH
    CUB              0.000       0.000       0.000       0.000       0.000       0.000       0.000

 Means
    I                5.865       6.340       6.583       7.851       9.120       9.363       9.837
    S               -3.024      -2.797      -2.680      -2.074      -1.468      -1.351      -1.124
    Q                0.074       0.099       0.112       0.178       0.244       0.257       0.282
    CUB             -0.007      -0.006      -0.006      -0.004      -0.002      -0.002      -0.001

 Intercepts
    SAPS_0           0.000       0.000       0.000       0.000       0.000       0.000       0.000
    SAPS_1           0.000       0.000       0.000       0.000       0.000       0.000       0.000
    SAPS_2           0.000       0.000       0.000       0.000       0.000       0.000       0.000
    SAPS_3           0.000       0.000       0.000       0.000       0.000       0.000       0.000
    SAPS_6           0.000       0.000       0.000       0.000       0.000       0.000       0.000
    SAPS_9           0.000       0.000       0.000       0.000       0.000       0.000       0.000
    SAPS_12          0.000       0.000       0.000       0.000       0.000       0.000       0.000
    SAPS_18          0.000       0.000       0.000       0.000       0.000       0.000       0.000
    SAPS_24          0.000       0.000       0.000       0.000       0.000       0.000       0.000

 Variances
    I                0.000       0.000       0.000       0.000       0.000       0.000       0.000
    S                0.000       0.000       0.000       0.000       0.000       0.000       0.000
    Q                0.000       0.000       0.000       0.000       0.000       0.000       0.000
    CUB              0.000       0.000       0.000       0.000       0.000       0.000       0.000

 Residual Variances
    SAPS_0          14.354      15.086      15.460      17.414      19.368      19.742      20.473
    SAPS_1          14.354      15.086      15.460      17.414      19.368      19.742      20.473
    SAPS_2          14.354      15.086      15.460      17.414      19.368      19.742      20.473
    SAPS_3          14.354      15.086      15.460      17.414      19.368      19.742      20.473
    SAPS_6          14.354      15.086      15.460      17.414      19.368      19.742      20.473
    SAPS_9          14.354      15.086      15.460      17.414      19.368      19.742      20.473
    SAPS_12         14.354      15.086      15.460      17.414      19.368      19.742      20.473
    SAPS_18         14.354      15.086      15.460      17.414      19.368      19.742      20.473
    SAPS_24         14.354      15.086      15.460      17.414      19.368      19.742      20.473

Latent Class 2

 I        |
    SAPS_0           1.000       1.000       1.000       1.000       1.000       1.000       1.000
    SAPS_1           1.000       1.000       1.000       1.000       1.000       1.000       1.000
    SAPS_2           1.000       1.000       1.000       1.000       1.000       1.000       1.000
    SAPS_3           1.000       1.000       1.000       1.000       1.000       1.000       1.000
    SAPS_6           1.000       1.000       1.000       1.000       1.000       1.000       1.000
    SAPS_9           1.000       1.000       1.000       1.000       1.000       1.000       1.000
    SAPS_12          1.000       1.000       1.000       1.000       1.000       1.000       1.000
    SAPS_18          1.000       1.000       1.000       1.000       1.000       1.000       1.000
    SAPS_24          1.000       1.000       1.000       1.000       1.000       1.000       1.000

 S        |
    SAPS_0           0.000       0.000       0.000       0.000       0.000       0.000       0.000
    SAPS_1           1.000       1.000       1.000       1.000       1.000       1.000       1.000
    SAPS_2           2.000       2.000       2.000       2.000       2.000       2.000       2.000
    SAPS_3           3.000       3.000       3.000       3.000       3.000       3.000       3.000
    SAPS_6           6.000       6.000       6.000       6.000       6.000       6.000       6.000
    SAPS_9           9.000       9.000       9.000       9.000       9.000       9.000       9.000
    SAPS_12         12.000      12.000      12.000      12.000      12.000      12.000      12.000
    SAPS_18         18.000      18.000      18.000      18.000      18.000      18.000      18.000
    SAPS_24         24.000      24.000      24.000      24.000      24.000      24.000      24.000

 Q        |
    SAPS_0           0.000       0.000       0.000       0.000       0.000       0.000       0.000
    SAPS_1           1.000       1.000       1.000       1.000       1.000       1.000       1.000
    SAPS_2           4.000       4.000       4.000       4.000       4.000       4.000       4.000
    SAPS_3           9.000       9.000       9.000       9.000       9.000       9.000       9.000
    SAPS_6          36.000      36.000      36.000      36.000      36.000      36.000      36.000
    SAPS_9          81.000      81.000      81.000      81.000      81.000      81.000      81.000
    SAPS_12        144.000     144.000     144.000     144.000     144.000     144.000     144.000
    SAPS_18        324.000     324.000     324.000     324.000     324.000     324.000     324.000
    SAPS_24        576.000     576.000     576.000     576.000     576.000     576.000     576.000

 CUB      |
    SAPS_0           0.000       0.000       0.000       0.000       0.000       0.000       0.000
    SAPS_1           1.000       1.000       1.000       1.000       1.000       1.000       1.000
    SAPS_2           8.000       8.000       8.000       8.000       8.000       8.000       8.000
    SAPS_3          27.000      27.000      27.000      27.000      27.000      27.000      27.000
    SAPS_6         216.000     216.000     216.000     216.000     216.000     216.000     216.000
    SAPS_9         729.000     729.000     729.000     729.000     729.000     729.000     729.000
    SAPS_12       1728.000    1728.000    1728.000    1728.000    1728.000    1728.000    1728.000
    SAPS_18       5832.000    5832.000    5832.000    5832.000    5832.000    5832.000    5832.000
    SAPS_24      13824.000   13824.000   13824.000   13824.000   13824.000   13824.000   13824.000

 I        WITH
    S                0.000       0.000       0.000       0.000       0.000       0.000       0.000
    Q                0.000       0.000       0.000       0.000       0.000       0.000       0.000
    CUB              0.000       0.000       0.000       0.000       0.000       0.000       0.000

 S        WITH
    Q                0.000       0.000       0.000       0.000       0.000       0.000       0.000
    CUB              0.000       0.000       0.000       0.000       0.000       0.000       0.000

 Q        WITH
    CUB              0.000       0.000       0.000       0.000       0.000       0.000       0.000

 Means
    I                5.901       6.117       6.228       6.806       7.384       7.495       7.712
    S               -2.776      -2.703      -2.665      -2.470      -2.275      -2.237      -2.164
    Q                0.188       0.195       0.199       0.219       0.238       0.242       0.249
    CUB             -0.006      -0.006      -0.006      -0.005      -0.005      -0.005      -0.005

 Intercepts
    SAPS_0           0.000       0.000       0.000       0.000       0.000       0.000       0.000
    SAPS_1           0.000       0.000       0.000       0.000       0.000       0.000       0.000
    SAPS_2           0.000       0.000       0.000       0.000       0.000       0.000       0.000
    SAPS_3           0.000       0.000       0.000       0.000       0.000       0.000       0.000
    SAPS_6           0.000       0.000       0.000       0.000       0.000       0.000       0.000
    SAPS_9           0.000       0.000       0.000       0.000       0.000       0.000       0.000
    SAPS_12          0.000       0.000       0.000       0.000       0.000       0.000       0.000
    SAPS_18          0.000       0.000       0.000       0.000       0.000       0.000       0.000
    SAPS_24          0.000       0.000       0.000       0.000       0.000       0.000       0.000

 Variances
    I                0.000       0.000       0.000       0.000       0.000       0.000       0.000
    S                0.000       0.000       0.000       0.000       0.000       0.000       0.000
    Q                0.000       0.000       0.000       0.000       0.000       0.000       0.000
    CUB              0.000       0.000       0.000       0.000       0.000       0.000       0.000

 Residual Variances
    SAPS_0           5.618       5.893       6.034       6.768       7.503       7.643       7.918
    SAPS_1           5.618       5.893       6.034       6.768       7.503       7.643       7.918
    SAPS_2           5.618       5.893       6.034       6.768       7.503       7.643       7.918
    SAPS_3           5.618       5.893       6.034       6.768       7.503       7.643       7.918
    SAPS_6           5.618       5.893       6.034       6.768       7.503       7.643       7.918
    SAPS_9           5.618       5.893       6.034       6.768       7.503       7.643       7.918
    SAPS_12          5.618       5.893       6.034       6.768       7.503       7.643       7.918
    SAPS_18          5.618       5.893       6.034       6.768       7.503       7.643       7.918
    SAPS_24          5.618       5.893       6.034       6.768       7.503       7.643       7.918

Categorical Latent Variables

 Means
    C#1             -1.451      -1.303      -1.227      -0.831      -0.436      -0.360      -0.212

Skew and Df Parameters

Latent Class 1

    I               -0.862      -0.413      -0.183       1.019       2.220       2.450       2.899
    S               -0.547      -0.349      -0.248       0.281       0.810       0.911       1.109
    Q               -0.108      -0.081      -0.067       0.006       0.079       0.093       0.120
    CUB             -0.004      -0.004      -0.003      -0.001       0.002       0.002       0.003

Latent Class 2

    I                2.259       2.464       2.569       3.115       3.662       3.766       3.971
    S                0.337       0.415       0.455       0.663       0.872       0.912       0.990
    Q               -0.111      -0.103      -0.099      -0.077      -0.056      -0.052      -0.044
    CUB              0.001       0.001       0.001       0.002       0.003       0.003       0.003


TECHNICAL 7 OUTPUT


     SAMPLE STATISTICS WEIGHTED BY ESTIMATED CLASS PROBABILITIES FOR CLASS 1


           Means
              SAPS_0        SAPS_1        SAPS_2        SAPS_3        SAPS_6
              ________      ________      ________      ________      ________
               12.030         4.676         3.158         3.129         4.273


           Means
              SAPS_9        SAPS_12       SAPS_18       SAPS_24
              ________      ________      ________      ________
                4.870         5.909         5.152         5.947


           Covariances
              SAPS_0        SAPS_1        SAPS_2        SAPS_3        SAPS_6
              ________      ________      ________      ________      ________
 SAPS_0        12.271
 SAPS_1         2.612        12.075
 SAPS_2         1.182         5.615         8.666
 SAPS_3         2.014         2.408         5.258        12.676
 SAPS_6         0.551         2.766         2.469         3.658        14.527
 SAPS_9        -1.097         0.504         3.278         3.898         5.059
 SAPS_12        1.273         3.305         2.181         4.746         5.261
 SAPS_18       -2.213         4.039         4.457         5.580         3.824
 SAPS_24       -0.867        -1.066        -0.670         3.349        -0.952


           Covariances
              SAPS_9        SAPS_12       SAPS_18       SAPS_24
              ________      ________      ________      ________
 SAPS_9        17.459
 SAPS_12        4.091        20.761
 SAPS_18        3.703         2.533        21.707
 SAPS_24       -1.154        -0.838         3.079        23.110


     SAMPLE STATISTICS WEIGHTED BY ESTIMATED CLASS PROBABILITIES FOR CLASS 2


           Means
              SAPS_0        SAPS_1        SAPS_2        SAPS_3        SAPS_6
              ________      ________      ________      ________      ________
               11.238         5.888         4.392         3.574         3.241


           Means
              SAPS_9        SAPS_12       SAPS_18       SAPS_24
              ________      ________      ________      ________
                2.660         2.595         2.504         2.171


           Covariances
              SAPS_0        SAPS_1        SAPS_2        SAPS_3        SAPS_6
              ________      ________      ________      ________      ________
 SAPS_0         9.611
 SAPS_1         5.803        15.248
 SAPS_2         3.848        11.193        15.026
 SAPS_3         2.558         7.509        10.047        12.981
 SAPS_6         3.251         8.199         9.365         8.208        13.099
 SAPS_9         2.170         5.326         7.182         6.532         7.476
 SAPS_12        2.104         6.566         6.643         6.863         6.346
 SAPS_18        2.215         5.693         5.758         4.578         5.338
 SAPS_24        1.896         5.174         5.756         5.062         4.632


           Covariances
              SAPS_9        SAPS_12       SAPS_18       SAPS_24
              ________      ________      ________      ________
 SAPS_9         8.794
 SAPS_12        5.748         8.576
 SAPS_18        3.468         4.404         7.358
 SAPS_24        4.048         4.334         3.420         7.357


TECHNICAL 11 OUTPUT

     Random Starts Specifications for the k-1 Class Analysis Model
        Number of initial stage random starts                2000
        Number of final stage optimizations                   500



     VUONG-LO-MENDELL-RUBIN LIKELIHOOD RATIO TEST FOR 1 (H0) VERSUS 2 CLASSES

          H0 Loglikelihood Value                        -8405.821
          2 Times the Loglikelihood Difference            230.422
          Difference in the Number of Parameters               13
          Mean                                             13.965
          Standard Deviation                               19.676
          P-Value                                          0.0000

     LO-MENDELL-RUBIN ADJUSTED LRT TEST

          Value                                           227.506
          P-Value                                          0.0000


SAMPLE STATISTICS FOR ESTIMATED FACTOR SCORES


     SAMPLE STATISTICS


           Means
              I             S             Q             CUB           C_I
              ________      ________      ________      ________      ________
                9.073        -1.919         0.165        -0.004         9.124


           Means
              C_S           C_Q           C_CUB
              ________      ________      ________
               -1.919         0.164        -0.004


           Covariances
              I             S             Q             CUB           C_I
              ________      ________      ________      ________      ________
 I              2.141
 S              0.447         0.100
 Q             -0.051        -0.010         0.001
 CUB            0.001         0.000         0.000         0.000
 C_I            2.269         0.472        -0.054         0.001         2.445
 C_S            0.466         0.105        -0.011         0.000         0.497
 C_Q           -0.055        -0.011         0.001         0.000        -0.060
 C_CUB          0.001         0.000         0.000         0.000         0.001


           Covariances
              C_S           C_Q           C_CUB
              ________      ________      ________
 C_S            0.110
 C_Q           -0.012         0.002
 C_CUB          0.000         0.000         0.000


           Correlations
              I             S             Q             CUB           C_I
              ________      ________      ________      ________      ________
 I              1.000
 S              0.965         1.000
 Q             -0.973        -0.898         1.000
 CUB            0.661         0.608        -0.693         1.000
 C_I            0.992         0.953        -0.966         0.649         1.000
 C_S            0.959         0.994        -0.894         0.595         0.956
 C_Q           -0.962        -0.885         0.985        -0.673        -0.977
 C_CUB          0.665         0.604        -0.695         0.972         0.675


           Correlations
              C_S           C_Q           C_CUB
              ________      ________      ________
 C_S            1.000
 C_Q           -0.893         1.000
 C_CUB          0.595        -0.705         1.000


SAVEDATA INFORMATION


  Save file
    GMM_CI_isq@0cub@0_C_est.dat

  Order and format of variables

    SAPS_0         F10.3
    SAPS_1         F10.3
    SAPS_2         F10.3
    SAPS_3         F10.3
    SAPS_6         F10.3
    SAPS_9         F10.3
    SAPS_12        F10.3
    SAPS_18        F10.3
    SAPS_24        F10.3
    I              F10.3
    S              F10.3
    Q              F10.3
    CUB            F10.3
    C_I            F10.3
    C_S            F10.3
    C_Q            F10.3
    C_CUB          F10.3
    CPROB1         F10.3
    CPROB2         F10.3
    C              F10.3
    PIN            I4

  Save file format
    20F10.3 I4

  Save file record length    10000

  Save missing symbol        *


     Beginning Time:  01:42:22
        Ending Time:  02:03:49
       Elapsed Time:  00:21:27



MUTHEN & MUTHEN
3463 Stoner Ave.
Los Angeles, CA  90066

Tel: (310) 391-9971
Fax: (310) 391-8971
Web: www.StatModel.com
Support: Support@StatModel.com

Copyright (c) 1998-2021 Muthen & Muthen
