  -9624.97672068255           631413         439
  -10206.6095009364           193569         440
  -10206.6095009364           741484         441
  -10206.6095009364           404510         442
  -10206.6095009364           217130         443
  -9624.97672111552           888905         444
  -10206.6095009363           502532         445
  -10206.6095009364           508482         446
  -10206.6095009364           263221         447
  -10206.6095009364           354624         448
  -10206.6095009364           614535         449
  -10206.6095009364           408713         450
  -10206.6095009364           188640         451
  -10206.6095009364           582296         452
  -10206.6095009364           879211         453
  -10206.6095009364           263049         454
  -10206.6095009364           224950         455
  -10206.6095009364           922596         456
  -9624.46190701950           769907         457
  -9624.97672118508           359578         458
  -10206.6095009364           539751         459
  -10206.6095009364           662718         460
  -10206.6095009364           345726         461
  -10206.6095009364            68850         462
  -10206.6095009364           965639         463
  -10206.6095009364           349360         464
  -10206.6095009364           320494         465
  -10206.6095009364           898745         466
  -10206.6095009364           416463         467
  -10206.6095009364           862607         468
  -10206.6095009364           790059         469
  -10206.6095009364           971693         470
  -10206.6095009364           315029         471
  -10206.6095009364            69413         472
  -10206.6095009364           376411         473
  -10206.6095009364           216565         474
  -10206.6095009364           988761         475
  -10206.6095009364           714455         476
  -10206.6095009364           802256         477
  -9624.97671369056           226322         478
  -10206.6095009364           823392         479
  -10206.6095009364           392751         480
  -10206.6095009364           863691         481
  -10206.6095009364           787985         482
  -10206.6095009364            53621         483
  -10206.6095009364           366533         484
  -10206.6095009364           425982         485
  -10206.6095009364           354395         486
  -10206.6095009364           252949         487
  -10206.6095009364           978061         488
  -10206.6095009364           618760         489
  -9624.97672078698           652266         490
  -10206.6095009363           972430         491
  -10206.6095009364           922042         492
  -10206.6095009364           887580         493
  -10206.6095009364           112586         494
  -10206.6095009364           860102         495
  -9624.97672114104           335485         496
  -9624.97671725746           978781         497
  -10206.6095009364           485483         498
  -10206.6095009364           319575         499
  -10206.6095009364           140442         500
  -9384.43231655826           769907         457
  -9384.43231655826           226322         478
  -9384.43231655826           978781         497
  -9384.43231655827           502532         445
  -9384.43231655828           631413         439
  -10206.6095009363           972430         491
  -10206.6095009364           618760         489
 -3.402823466385289E+038      112586         494
 -3.402823466385289E+038      887580         493
 -3.402823466385289E+038      922042         492
 -3.402823466385289E+038      652266         490
 -3.402823466385289E+038      978061         488
 -3.402823466385289E+038      252949         487
 -3.402823466385289E+038      354395         486
 -3.402823466385289E+038      425982         485
   7.65543311048237     
   11.1938078760442     
 -0.750091466031436     
  3.188751552565623E-002
 -4.935193231559032E-004
   9.58567717779474     
   12.3785615065199     
 -0.302569492496582     
  2.872073299635512E-002
 -8.212775363141968E-004
   9.31869161527731     
   7.98917312630532     
 -0.933296260904965     
  0.111873625890469     
 -3.091091151261493E-003
   6.36062235537381     
   6.79170567205677     
 -0.938109982614263     
  6.769112856070085E-002
 -1.509768448751958E-003
  0.144078949164536     
 -0.191550764960664     
 -0.675378047811374     
         127
           0
