Mplus VERSION 8.6 (Mac)
MUTHEN & MUTHEN
05/12/2022   9:56 AM

INPUT INSTRUCTIONS

  TITLE:
  LCGA1_P3_K2_S500

  DATA:
  FILE = "/Users/olivierpercie/Desktop/MplusLGM/SANS/Results/LCGA1/P=3/K=2/K2_S500.dat";

  VARIABLE:
  NAMES = pin SANS_0 SANS_1 SANS_2 SANS_3 SANS_6 SANS_9 SANS_12 SANS_18 SANS_24;
   MISSING=.;
   USEVAR = SANS_0 SANS_1 SANS_2 SANS_3 SANS_6 SANS_9 SANS_12
  SANS_18 SANS_24;
  IDVAR = pin;
  CLASSES = c(2);

  ANALYSIS:
  TYPE = MIXTURE;
  STARTS = 500 125;
  K-1STARTS = 250 62.5;
  PROCESSORS = 8;

  MODEL:
  %OVERALL%
  i s q cub |
  SANS_0@0 SANS_1@1 SANS_2@2 SANS_3@3 SANS_6@6
  SANS_9@9 SANS_12@12 SANS_18@18 SANS_24@24;
  i-cub@0;
  %c#1%
  [i s q cub];
  SANS_0-SANS_24 (1);
  %c#2%
  [i s q cub];
  SANS_0-SANS_24 (2);

  OUTPUT:
  sampstat standardized
  TECH1;
  TECH11;

  SAVEDATA:
  file = K2_S500_res.dat;
  save = CPROBABILITIES;

  PLOT:
  TYPE = plot3;
  SERIES = SANS_0 (s) SANS_1 (s) SANS_2 (s) SANS_3 (s)
  SANS_6 (s) SANS_9 (s) SANS_12 (s) SANS_18 (s)
  SANS_24 (s);




*** WARNING in MODEL command
  All continuous latent variable covariances involving I have been fixed to 0
  because the variance of I is fixed at 0.
*** WARNING in MODEL command
  All continuous latent variable covariances involving S have been fixed to 0
  because the variance of S is fixed at 0.
*** WARNING in MODEL command
  All continuous latent variable covariances involving Q have been fixed to 0
  because the variance of Q is fixed at 0.
   3 WARNING(S) FOUND IN THE INPUT INSTRUCTIONS




LCGA1_P3_K2_S500

SUMMARY OF ANALYSIS

Number of groups                                                 1
Number of observations                                         405

Number of dependent variables                                    9
Number of independent variables                                  0
Number of continuous latent variables                            4
Number of categorical latent variables                           1

Observed dependent variables

  Continuous
   SANS_0      SANS_1      SANS_2      SANS_3      SANS_6      SANS_9
   SANS_12     SANS_18     SANS_24

Continuous latent variables
   I           S           Q           CUB

Categorical latent variables
   C

Variables with special functions

  ID variable           PIN

Estimator                                                      MLR
Information matrix                                        OBSERVED
Optimization Specifications for the Quasi-Newton Algorithm for
Continuous Outcomes
  Maximum number of iterations                                 100
  Convergence criterion                                  0.100D-05
Optimization Specifications for the EM Algorithm
  Maximum number of iterations                                 500
  Convergence criteria
    Loglikelihood change                                 0.100D-06
    Relative loglikelihood change                        0.100D-06
    Derivative                                           0.100D-05
Optimization Specifications for the M step of the EM Algorithm for
Categorical Latent variables
  Number of M step iterations                                    1
  M step convergence criterion                           0.100D-05
  Basis for M step termination                           ITERATION
Optimization Specifications for the M step of the EM Algorithm for
Censored, Binary or Ordered Categorical (Ordinal), Unordered
Categorical (Nominal) and Count Outcomes
  Number of M step iterations                                    1
  M step convergence criterion                           0.100D-05
  Basis for M step termination                           ITERATION
  Maximum value for logit thresholds                            15
  Minimum value for logit thresholds                           -15
  Minimum expected cell size for chi-square              0.100D-01
Maximum number of iterations for H1                           2000
Convergence criterion for H1                             0.100D-03
Optimization algorithm                                         EMA
Random Starts Specifications
  Number of initial stage random starts                        500
  Number of final stage optimizations                          125
  Number of initial stage iterations                            10
  Initial stage convergence criterion                    0.100D+01
  Random starts scale                                    0.500D+01
  Random seed for generating random starts                       0

Input data file(s)
  /Users/olivierpercie/Desktop/MplusLGM/SANS/Results/LCGA1/P=3/K=2/K2_S500.dat
Input data format  FREE


SUMMARY OF DATA

     Number of missing data patterns            63
     Number of y missing data patterns          63
     Number of u missing data patterns           0


COVARIANCE COVERAGE OF DATA

Minimum covariance coverage value   0.100


     PROPORTION OF DATA PRESENT FOR Y


           Covariance Coverage
              SANS_0        SANS_1        SANS_2        SANS_3        SANS_6
              ________      ________      ________      ________      ________
 SANS_0         0.998
 SANS_1         0.672         0.672
 SANS_2         0.849         0.598         0.852
 SANS_3         0.941         0.627         0.825         0.943
 SANS_6         0.911         0.605         0.788         0.874         0.914
 SANS_9         0.864         0.578         0.758         0.812         0.800
 SANS_12        0.862         0.565         0.723         0.810         0.788
 SANS_18        0.817         0.536         0.686         0.768         0.748
 SANS_24        0.788         0.514         0.691         0.743         0.723


           Covariance Coverage
              SANS_9        SANS_12       SANS_18       SANS_24
              ________      ________      ________      ________
 SANS_9         0.867
 SANS_12        0.773         0.864
 SANS_18        0.723         0.741         0.820
 SANS_24        0.723         0.714         0.706         0.790


SAMPLE STATISTICS


     ESTIMATED SAMPLE STATISTICS


           Means
              SANS_0        SANS_1        SANS_2        SANS_3        SANS_6
              ________      ________      ________      ________      ________
                6.865         2.872         1.937         1.555         1.564


           Means
              SANS_9        SANS_12       SANS_18       SANS_24
              ________      ________      ________      ________
                1.475         1.701         1.519         1.592


           Covariances
              SANS_0        SANS_1        SANS_2        SANS_3        SANS_6
              ________      ________      ________      ________      ________
 SANS_0        11.031
 SANS_1         3.504         8.438
 SANS_2         2.257         4.708         6.660
 SANS_3         2.230         3.676         4.009         5.195
 SANS_6         1.490         2.853         2.824         2.698         5.265
 SANS_9         1.228         1.959         2.186         2.196         2.822
 SANS_12        1.767         0.992         0.937         1.553         2.324
 SANS_18        1.623         1.471         1.623         1.801         1.736
 SANS_24        0.910         1.180         1.064         1.172         1.161


           Covariances
              SANS_9        SANS_12       SANS_18       SANS_24
              ________      ________      ________      ________
 SANS_9         4.694
 SANS_12        1.556         6.066
 SANS_18        1.707         2.581         5.021
 SANS_24        1.584         1.446         1.699         5.049


           Correlations
              SANS_0        SANS_1        SANS_2        SANS_3        SANS_6
              ________      ________      ________      ________      ________
 SANS_0         1.000
 SANS_1         0.363         1.000
 SANS_2         0.263         0.628         1.000
 SANS_3         0.295         0.555         0.682         1.000
 SANS_6         0.195         0.428         0.477         0.516         1.000
 SANS_9         0.171         0.311         0.391         0.445         0.568
 SANS_12        0.216         0.139         0.147         0.277         0.411
 SANS_18        0.218         0.226         0.281         0.353         0.338
 SANS_24        0.122         0.181         0.183         0.229         0.225


           Correlations
              SANS_9        SANS_12       SANS_18       SANS_24
              ________      ________      ________      ________
 SANS_9         1.000
 SANS_12        0.292         1.000
 SANS_18        0.352         0.468         1.000
 SANS_24        0.325         0.261         0.338         1.000


     MAXIMUM LOG-LIKELIHOOD VALUE FOR THE UNRESTRICTED (H1) MODEL IS -6806.882


UNIVARIATE SAMPLE STATISTICS


     UNIVARIATE HIGHER-ORDER MOMENT DESCRIPTIVE STATISTICS

         Variable/         Mean/     Skewness/   Minimum/ % with                Percentiles
        Sample Size      Variance    Kurtosis    Maximum  Min/Max      20%/60%    40%/80%    Median

     SANS_0                6.864       0.415       0.000    2.48%       4.000      6.000      7.000
             404.000      11.033       0.195      18.000    0.25%       7.000      9.000
     SANS_1                2.772       1.251       0.000   27.21%       0.000      1.000      2.000
             272.000       8.183       1.268      13.000    0.37%       3.000      5.000
     SANS_2                1.913       2.063       0.000   42.32%       0.000      0.000      1.000
             345.000       6.711       5.723      18.000    0.29%       2.000      3.000
     SANS_3                1.550       1.999       0.000   50.26%       0.000      0.000      0.000
             382.000       5.258       4.397      13.000    0.26%       1.000      3.000
     SANS_6                1.551       1.911       0.000   51.08%       0.000      0.000      0.000
             370.000       5.312       3.649      12.000    0.54%       1.000      3.000
     SANS_9                1.450       2.044       0.000   52.14%       0.000      0.000      0.000
             351.000       4.686       4.702      11.000    1.14%       1.000      3.000
     SANS_12               1.711       2.101       0.000   48.86%       0.000      0.000      1.000
             350.000       6.034       6.049      17.000    0.29%       1.000      3.000
     SANS_18               1.497       2.129       0.000   50.30%       0.000      0.000      0.000
             332.000       4.925       5.812      14.000    0.30%       1.000      3.000
     SANS_24               1.581       1.653       0.000   52.19%       0.000      0.000      0.000
             320.000       5.100       2.567      12.000    0.31%       1.000      3.000

RANDOM STARTS RESULTS RANKED FROM THE BEST TO THE WORST LOGLIKELIHOOD VALUES

Final stage loglikelihood values at local maxima, seeds, and initial stage start numbers:

           -7116.978  164305           128
           -7116.978  281462           285
           -7116.978  418686           338
           -7116.978  782200           84
           -7116.978  736574           414
           -7116.978  178475           231
           -7116.978  416463           467
           -7116.978  443917           60
           -7116.978  945065           255
           -7116.978  227563           63
           -7116.978  520177           262
           -7116.978  685657           69
           -7116.978  576726           280
           -7116.978  264935           281
           -7116.978  211281           292
           -7116.978  377504           294
           -7116.978  679832           302
           -7116.978  414284           158
           -7116.978  314084           81
           -7116.978  263268           165
           -7116.978  724519           333
           -7116.978  350608           334
           -7116.978  636396           168
           -7116.978  783165           170
           -7116.978  352277           42
           -7116.978  849670           347
           -7116.978  625191           350
           -7116.978  319144           176
           -7116.978  526324           178
           -7116.978  436460           89
           -7116.978  655497           376
           -7116.978  458181           189
           -7116.978  618000           190
           -7116.978  85114            385
           -7116.978  570782           193
           -7116.978  50887            389
           -7116.978  354208           196
           -7116.978  801065           393
           -7116.978  85734            411
           -7116.978  190339           102
           -7116.978  637095           207
           -7116.978  173191           422
           -7116.978  783102           433
           -7116.978  100874           108
           -7116.978  631413           439
           -7116.978  263221           447
           -7116.978  539751           459
           -7116.978  320494           465
           -7116.978  301180           236
           -7116.978  170118           238
           -7116.978  59674            240
           -7116.978  587946           120
           -7116.978  922042           492
           -7116.978  123985           248
           -7116.978  49221            254
           -7116.978  551639           55
           -7116.978  27071            15
           -7116.978  85462            51
           -7116.978  43523            297
           -7116.978  484687           306
           -7116.978  411615           171
           -7116.978  875667           367
           -7116.978  124999           96
           -7116.978  915107           54
           -7116.978  502532           445
           -7116.978  17359            227
           -7552.712  732596           320
           -7552.712  965994           396
           -7552.712  971853           402
           -7552.712  978781           497
           -7552.712  347515           24
           -7552.712  462953           7
           -7552.712  253358           2
           -7552.712  392418           28
           -7552.712  136842           58
           -7552.712  794236           127
           -7552.712  313407           132
           -7552.712  789985           67
           -7552.712  830529           279
           -7552.712  694303           282
           -7552.712  282464           283
           -7552.712  475420           71
           -7552.712  830392           35
           -7552.712  369602           146
           -7552.712  51375            148
           -7552.712  790452           303
           -7552.712  534864           307
           -7552.712  957392           79
           -7552.712  913639           162
           -7552.712  529496           343
           -7552.712  722748           346
           -7552.712  848969           173
           -7552.712  963053           43
           -7552.712  21132            351
           -7552.712  23012            352
           -7552.712  407168           44
           -7552.712  349562           359
           -7552.712  22362            365
           -7552.712  407108           366
           -7552.712  281558           184
           -7552.712  329127           185
           -7552.712  247224           94
           -7552.712  496710           386
           -7552.712  416250           390
           -7552.712  723775           97
           -7552.712  937225           394
           -7552.712  36714            201
           -7552.712  107446           12
           -7552.712  399508           415
           -7552.712  165853           105
           -7552.712  584397           428
           -7552.712  686482           215
           -7552.712  404510           442
           -7552.712  217130           443
           -7552.712  508482           446
           -7552.712  614535           449
           -7552.712  922596           456
           -7552.712  315029           471
           -7552.712  701525           239
           -7552.712  592219           119
           -7552.712  609089           241
           -7552.712  366706           29
           -7552.712  760878           249
           -7552.712  140442           500
           -7552.712  700349           401



THE BEST LOGLIKELIHOOD VALUE HAS BEEN REPLICATED.  RERUN WITH AT LEAST TWICE THE
RANDOM STARTS TO CHECK THAT THE BEST LOGLIKELIHOOD IS STILL OBTAINED AND REPLICATED.


THE MODEL ESTIMATION TERMINATED NORMALLY



MODEL FIT INFORMATION

Number of Free Parameters                       11

Loglikelihood

          H0 Value                       -7116.978
          H0 Scaling Correction Factor      1.4002
            for MLR

Information Criteria

          Akaike (AIC)                   14255.956
          Bayesian (BIC)                 14299.998
          Sample-Size Adjusted BIC       14265.094
            (n* = (n + 2) / 24)



FINAL CLASS COUNTS AND PROPORTIONS FOR THE LATENT CLASSES
BASED ON THE ESTIMATED MODEL

    Latent
   Classes

       1        224.68406          0.55478
       2        180.31594          0.44522


FINAL CLASS COUNTS AND PROPORTIONS FOR THE LATENT CLASSES
BASED ON ESTIMATED POSTERIOR PROBABILITIES

    Latent
   Classes

       1        224.68406          0.55478
       2        180.31594          0.44522


FINAL CLASS COUNTS AND PROPORTIONS FOR THE LATENT CLASSES
BASED ON THEIR MOST LIKELY LATENT CLASS MEMBERSHIP

Class Counts and Proportions

    Latent
   Classes

       1              229          0.56543
       2              176          0.43457


CLASSIFICATION QUALITY

     Entropy                         0.806


Average Latent Class Probabilities for Most Likely Latent Class Membership (Row)
by Latent Class (Column)

           1        2

    1   0.941    0.059
    2   0.052    0.948


Classification Probabilities for the Most Likely Latent Class Membership (Column)
by Latent Class (Row)

           1        2

    1   0.959    0.041
    2   0.075    0.925


Logits for the Classification Probabilities for the Most Likely Latent Class Membership (Column)
by Latent Class (Row)

              1        2

    1      3.162    0.000
    2     -2.519    0.000


MODEL RESULTS

                                                    Two-Tailed
                    Estimate       S.E.  Est./S.E.    P-Value

Latent Class 1

 I        |
    SANS_0             1.000      0.000    999.000    999.000
    SANS_1             1.000      0.000    999.000    999.000
    SANS_2             1.000      0.000    999.000    999.000
    SANS_3             1.000      0.000    999.000    999.000
    SANS_6             1.000      0.000    999.000    999.000
    SANS_9             1.000      0.000    999.000    999.000
    SANS_12            1.000      0.000    999.000    999.000
    SANS_18            1.000      0.000    999.000    999.000
    SANS_24            1.000      0.000    999.000    999.000

 S        |
    SANS_0             0.000      0.000    999.000    999.000
    SANS_1             1.000      0.000    999.000    999.000
    SANS_2             2.000      0.000    999.000    999.000
    SANS_3             3.000      0.000    999.000    999.000
    SANS_6             6.000      0.000    999.000    999.000
    SANS_9             9.000      0.000    999.000    999.000
    SANS_12           12.000      0.000    999.000    999.000
    SANS_18           18.000      0.000    999.000    999.000
    SANS_24           24.000      0.000    999.000    999.000

 Q        |
    SANS_0             0.000      0.000    999.000    999.000
    SANS_1             1.000      0.000    999.000    999.000
    SANS_2             4.000      0.000    999.000    999.000
    SANS_3             9.000      0.000    999.000    999.000
    SANS_6            36.000      0.000    999.000    999.000
    SANS_9            81.000      0.000    999.000    999.000
    SANS_12          144.000      0.000    999.000    999.000
    SANS_18          324.000      0.000    999.000    999.000
    SANS_24          576.000      0.000    999.000    999.000

 CUB      |
    SANS_0             0.000      0.000    999.000    999.000
    SANS_1             1.000      0.000    999.000    999.000
    SANS_2             8.000      0.000    999.000    999.000
    SANS_3            27.000      0.000    999.000    999.000
    SANS_6           216.000      0.000    999.000    999.000
    SANS_9           729.000      0.000    999.000    999.000
    SANS_12         1728.000      0.000    999.000    999.000
    SANS_18         5832.000      0.000    999.000    999.000
    SANS_24        13824.000      0.000    999.000    999.000

 Means
    I                  3.852      0.170     22.690      0.000
    S                 -1.126      0.052    -21.569      0.000
    Q                  0.098      0.005     20.276      0.000
    CUB               -0.002      0.000    -19.145      0.000

 Intercepts
    SANS_0             0.000      0.000    999.000    999.000
    SANS_1             0.000      0.000    999.000    999.000
    SANS_2             0.000      0.000    999.000    999.000
    SANS_3             0.000      0.000    999.000    999.000
    SANS_6             0.000      0.000    999.000    999.000
    SANS_9             0.000      0.000    999.000    999.000
    SANS_12            0.000      0.000    999.000    999.000
    SANS_18            0.000      0.000    999.000    999.000
    SANS_24            0.000      0.000    999.000    999.000

 Variances
    I                  0.000      0.000    999.000    999.000
    S                  0.000      0.000    999.000    999.000
    Q                  0.000      0.000    999.000    999.000
    CUB                0.000      0.000    999.000    999.000

 Residual Variances
    SANS_0             2.665      0.207     12.893      0.000
    SANS_1             2.665      0.207     12.893      0.000
    SANS_2             2.665      0.207     12.893      0.000
    SANS_3             2.665      0.207     12.893      0.000
    SANS_6             2.665      0.207     12.893      0.000
    SANS_9             2.665      0.207     12.893      0.000
    SANS_12            2.665      0.207     12.893      0.000
    SANS_18            2.665      0.207     12.893      0.000
    SANS_24            2.665      0.207     12.893      0.000

Latent Class 2

 I        |
    SANS_0             1.000      0.000    999.000    999.000
    SANS_1             1.000      0.000    999.000    999.000
    SANS_2             1.000      0.000    999.000    999.000
    SANS_3             1.000      0.000    999.000    999.000
    SANS_6             1.000      0.000    999.000    999.000
    SANS_9             1.000      0.000    999.000    999.000
    SANS_12            1.000      0.000    999.000    999.000
    SANS_18            1.000      0.000    999.000    999.000
    SANS_24            1.000      0.000    999.000    999.000

 S        |
    SANS_0             0.000      0.000    999.000    999.000
    SANS_1             1.000      0.000    999.000    999.000
    SANS_2             2.000      0.000    999.000    999.000
    SANS_3             3.000      0.000    999.000    999.000
    SANS_6             6.000      0.000    999.000    999.000
    SANS_9             9.000      0.000    999.000    999.000
    SANS_12           12.000      0.000    999.000    999.000
    SANS_18           18.000      0.000    999.000    999.000
    SANS_24           24.000      0.000    999.000    999.000

 Q        |
    SANS_0             0.000      0.000    999.000    999.000
    SANS_1             1.000      0.000    999.000    999.000
    SANS_2             4.000      0.000    999.000    999.000
    SANS_3             9.000      0.000    999.000    999.000
    SANS_6            36.000      0.000    999.000    999.000
    SANS_9            81.000      0.000    999.000    999.000
    SANS_12          144.000      0.000    999.000    999.000
    SANS_18          324.000      0.000    999.000    999.000
    SANS_24          576.000      0.000    999.000    999.000

 CUB      |
    SANS_0             0.000      0.000    999.000    999.000
    SANS_1             1.000      0.000    999.000    999.000
    SANS_2             8.000      0.000    999.000    999.000
    SANS_3            27.000      0.000    999.000    999.000
    SANS_6           216.000      0.000    999.000    999.000
    SANS_9           729.000      0.000    999.000    999.000
    SANS_12         1728.000      0.000    999.000    999.000
    SANS_18         5832.000      0.000    999.000    999.000
    SANS_24        13824.000      0.000    999.000    999.000

 Means
    I                  6.942      0.277     25.032      0.000
    S                 -1.429      0.095    -15.022      0.000
    Q                  0.122      0.010     12.396      0.000
    CUB               -0.003      0.000    -10.930      0.000

 Intercepts
    SANS_0             0.000      0.000    999.000    999.000
    SANS_1             0.000      0.000    999.000    999.000
    SANS_2             0.000      0.000    999.000    999.000
    SANS_3             0.000      0.000    999.000    999.000
    SANS_6             0.000      0.000    999.000    999.000
    SANS_9             0.000      0.000    999.000    999.000
    SANS_12            0.000      0.000    999.000    999.000
    SANS_18            0.000      0.000    999.000    999.000
    SANS_24            0.000      0.000    999.000    999.000

 Variances
    I                  0.000      0.000    999.000    999.000
    S                  0.000      0.000    999.000    999.000
    Q                  0.000      0.000    999.000    999.000
    CUB                0.000      0.000    999.000    999.000

 Residual Variances
    SANS_0            10.185      0.722     14.110      0.000
    SANS_1            10.185      0.722     14.110      0.000
    SANS_2            10.185      0.722     14.110      0.000
    SANS_3            10.185      0.722     14.110      0.000
    SANS_6            10.185      0.722     14.110      0.000
    SANS_9            10.185      0.722     14.110      0.000
    SANS_12           10.185      0.722     14.110      0.000
    SANS_18           10.185      0.722     14.110      0.000
    SANS_24           10.185      0.722     14.110      0.000

Categorical Latent Variables

 Means
    C#1                0.220      0.168      1.310      0.190


QUALITY OF NUMERICAL RESULTS

     Condition Number for the Information Matrix              0.853E-06
       (ratio of smallest to largest eigenvalue)


STANDARDIZED MODEL RESULTS


STDYX Standardization

                                                    Two-Tailed
                    Estimate       S.E.  Est./S.E.    P-Value

Latent Class 1

 I        |
    SANS_0           999.000    999.000    999.000    999.000
    SANS_1           999.000    999.000    999.000    999.000
    SANS_2           999.000    999.000    999.000    999.000
    SANS_3           999.000    999.000    999.000    999.000
    SANS_6           999.000    999.000    999.000    999.000
    SANS_9           999.000    999.000    999.000    999.000
    SANS_12          999.000    999.000    999.000    999.000
    SANS_18          999.000    999.000    999.000    999.000
    SANS_24          999.000    999.000    999.000    999.000

 S        |
    SANS_0           999.000    999.000    999.000    999.000
    SANS_1           999.000    999.000    999.000    999.000
    SANS_2           999.000    999.000    999.000    999.000
    SANS_3           999.000    999.000    999.000    999.000
    SANS_6           999.000    999.000    999.000    999.000
    SANS_9           999.000    999.000    999.000    999.000
    SANS_12          999.000    999.000    999.000    999.000
    SANS_18          999.000    999.000    999.000    999.000
    SANS_24          999.000    999.000    999.000    999.000

 Q        |
    SANS_0           999.000    999.000    999.000    999.000
    SANS_1           999.000    999.000    999.000    999.000
    SANS_2           999.000    999.000    999.000    999.000
    SANS_3           999.000    999.000    999.000    999.000
    SANS_6           999.000    999.000    999.000    999.000
    SANS_9           999.000    999.000    999.000    999.000
    SANS_12          999.000    999.000    999.000    999.000
    SANS_18          999.000    999.000    999.000    999.000
    SANS_24          999.000    999.000    999.000    999.000

 CUB      |
    SANS_0           999.000    999.000    999.000    999.000
    SANS_1           999.000    999.000    999.000    999.000
    SANS_2           999.000    999.000    999.000    999.000
    SANS_3           999.000    999.000    999.000    999.000
    SANS_6           999.000    999.000    999.000    999.000
    SANS_9           999.000    999.000    999.000    999.000
    SANS_12          999.000    999.000    999.000    999.000
    SANS_18          999.000    999.000    999.000    999.000
    SANS_24          999.000    999.000    999.000    999.000

 Means
    I                999.000    999.000    999.000    999.000
    S                999.000    999.000    999.000    999.000
    Q                999.000    999.000    999.000    999.000
    CUB              999.000    999.000    999.000    999.000

 Intercepts
    SANS_0             0.000      0.000    999.000    999.000
    SANS_1             0.000      0.000    999.000    999.000
    SANS_2             0.000      0.000    999.000    999.000
    SANS_3             0.000      0.000    999.000    999.000
    SANS_6             0.000      0.000    999.000    999.000
    SANS_9             0.000      0.000    999.000    999.000
    SANS_12            0.000      0.000    999.000    999.000
    SANS_18            0.000      0.000    999.000    999.000
    SANS_24            0.000      0.000    999.000    999.000

 Variances
    I                999.000    999.000    999.000    999.000
    S                999.000    999.000    999.000    999.000
    Q                999.000    999.000    999.000    999.000
    CUB              999.000    999.000    999.000    999.000

 Residual Variances
    SANS_0             1.000      0.000    999.000    999.000
    SANS_1             1.000      0.000    999.000    999.000
    SANS_2             1.000      0.000    999.000    999.000
    SANS_3             1.000      0.000    999.000    999.000
    SANS_6             1.000      0.000    999.000    999.000
    SANS_9             1.000      0.000    999.000    999.000
    SANS_12            1.000      0.000    999.000    999.000
    SANS_18            1.000      0.000    999.000    999.000
    SANS_24            1.000      0.000    999.000    999.000

Latent Class 2

 I        |
    SANS_0           999.000    999.000    999.000    999.000
    SANS_1           999.000    999.000    999.000    999.000
    SANS_2           999.000    999.000    999.000    999.000
    SANS_3           999.000    999.000    999.000    999.000
    SANS_6           999.000    999.000    999.000    999.000
    SANS_9           999.000    999.000    999.000    999.000
    SANS_12          999.000    999.000    999.000    999.000
    SANS_18          999.000    999.000    999.000    999.000
    SANS_24          999.000    999.000    999.000    999.000

 S        |
    SANS_0           999.000    999.000    999.000    999.000
    SANS_1           999.000    999.000    999.000    999.000
    SANS_2           999.000    999.000    999.000    999.000
    SANS_3           999.000    999.000    999.000    999.000
    SANS_6           999.000    999.000    999.000    999.000
    SANS_9           999.000    999.000    999.000    999.000
    SANS_12          999.000    999.000    999.000    999.000
    SANS_18          999.000    999.000    999.000    999.000
    SANS_24          999.000    999.000    999.000    999.000

 Q        |
    SANS_0           999.000    999.000    999.000    999.000
    SANS_1           999.000    999.000    999.000    999.000
    SANS_2           999.000    999.000    999.000    999.000
    SANS_3           999.000    999.000    999.000    999.000
    SANS_6           999.000    999.000    999.000    999.000
    SANS_9           999.000    999.000    999.000    999.000
    SANS_12          999.000    999.000    999.000    999.000
    SANS_18          999.000    999.000    999.000    999.000
    SANS_24          999.000    999.000    999.000    999.000

 CUB      |
    SANS_0           999.000    999.000    999.000    999.000
    SANS_1           999.000    999.000    999.000    999.000
    SANS_2           999.000    999.000    999.000    999.000
    SANS_3           999.000    999.000    999.000    999.000
    SANS_6           999.000    999.000    999.000    999.000
    SANS_9           999.000    999.000    999.000    999.000
    SANS_12          999.000    999.000    999.000    999.000
    SANS_18          999.000    999.000    999.000    999.000
    SANS_24          999.000    999.000    999.000    999.000

 Means
    I                999.000    999.000    999.000    999.000
    S                999.000    999.000    999.000    999.000
    Q                999.000    999.000    999.000    999.000
    CUB              999.000    999.000    999.000    999.000

 Intercepts
    SANS_0             0.000      0.000    999.000    999.000
    SANS_1             0.000      0.000    999.000    999.000
    SANS_2             0.000      0.000    999.000    999.000
    SANS_3             0.000      0.000    999.000    999.000
    SANS_6             0.000      0.000    999.000    999.000
    SANS_9             0.000      0.000    999.000    999.000
    SANS_12            0.000      0.000    999.000    999.000
    SANS_18            0.000      0.000    999.000    999.000
    SANS_24            0.000      0.000    999.000    999.000

 Variances
    I                999.000    999.000    999.000    999.000
    S                999.000    999.000    999.000    999.000
    Q                999.000    999.000    999.000    999.000
    CUB              999.000    999.000    999.000    999.000

 Residual Variances
    SANS_0             1.000      0.000    999.000    999.000
    SANS_1             1.000      0.000    999.000    999.000
    SANS_2             1.000      0.000    999.000    999.000
    SANS_3             1.000      0.000    999.000    999.000
    SANS_6             1.000      0.000    999.000    999.000
    SANS_9             1.000      0.000    999.000    999.000
    SANS_12            1.000      0.000    999.000    999.000
    SANS_18            1.000      0.000    999.000    999.000
    SANS_24            1.000      0.000    999.000    999.000


STDY Standardization

                                                    Two-Tailed
                    Estimate       S.E.  Est./S.E.    P-Value

Latent Class 1

 I        |
    SANS_0           999.000    999.000    999.000    999.000
    SANS_1           999.000    999.000    999.000    999.000
    SANS_2           999.000    999.000    999.000    999.000
    SANS_3           999.000    999.000    999.000    999.000
    SANS_6           999.000    999.000    999.000    999.000
    SANS_9           999.000    999.000    999.000    999.000
    SANS_12          999.000    999.000    999.000    999.000
    SANS_18          999.000    999.000    999.000    999.000
    SANS_24          999.000    999.000    999.000    999.000

 S        |
    SANS_0           999.000    999.000    999.000    999.000
    SANS_1           999.000    999.000    999.000    999.000
    SANS_2           999.000    999.000    999.000    999.000
    SANS_3           999.000    999.000    999.000    999.000
    SANS_6           999.000    999.000    999.000    999.000
    SANS_9           999.000    999.000    999.000    999.000
    SANS_12          999.000    999.000    999.000    999.000
    SANS_18          999.000    999.000    999.000    999.000
    SANS_24          999.000    999.000    999.000    999.000

 Q        |
    SANS_0           999.000    999.000    999.000    999.000
    SANS_1           999.000    999.000    999.000    999.000
    SANS_2           999.000    999.000    999.000    999.000
    SANS_3           999.000    999.000    999.000    999.000
    SANS_6           999.000    999.000    999.000    999.000
    SANS_9           999.000    999.000    999.000    999.000
    SANS_12          999.000    999.000    999.000    999.000
    SANS_18          999.000    999.000    999.000    999.000
    SANS_24          999.000    999.000    999.000    999.000

 CUB      |
    SANS_0           999.000    999.000    999.000    999.000
    SANS_1           999.000    999.000    999.000    999.000
    SANS_2           999.000    999.000    999.000    999.000
    SANS_3           999.000    999.000    999.000    999.000
    SANS_6           999.000    999.000    999.000    999.000
    SANS_9           999.000    999.000    999.000    999.000
    SANS_12          999.000    999.000    999.000    999.000
    SANS_18          999.000    999.000    999.000    999.000
    SANS_24          999.000    999.000    999.000    999.000

 Means
    I                999.000    999.000    999.000    999.000
    S                999.000    999.000    999.000    999.000
    Q                999.000    999.000    999.000    999.000
    CUB              999.000    999.000    999.000    999.000

 Intercepts
    SANS_0             0.000      0.000    999.000    999.000
    SANS_1             0.000      0.000    999.000    999.000
    SANS_2             0.000      0.000    999.000    999.000
    SANS_3             0.000      0.000    999.000    999.000
    SANS_6             0.000      0.000    999.000    999.000
    SANS_9             0.000      0.000    999.000    999.000
    SANS_12            0.000      0.000    999.000    999.000
    SANS_18            0.000      0.000    999.000    999.000
    SANS_24            0.000      0.000    999.000    999.000

 Variances
    I                999.000    999.000    999.000    999.000
    S                999.000    999.000    999.000    999.000
    Q                999.000    999.000    999.000    999.000
    CUB              999.000    999.000    999.000    999.000

 Residual Variances
    SANS_0             1.000      0.000    999.000    999.000
    SANS_1             1.000      0.000    999.000    999.000
    SANS_2             1.000      0.000    999.000    999.000
    SANS_3             1.000      0.000    999.000    999.000
    SANS_6             1.000      0.000    999.000    999.000
    SANS_9             1.000      0.000    999.000    999.000
    SANS_12            1.000      0.000    999.000    999.000
    SANS_18            1.000      0.000    999.000    999.000
    SANS_24            1.000      0.000    999.000    999.000

Latent Class 2

 I        |
    SANS_0           999.000    999.000    999.000    999.000
    SANS_1           999.000    999.000    999.000    999.000
    SANS_2           999.000    999.000    999.000    999.000
    SANS_3           999.000    999.000    999.000    999.000
    SANS_6           999.000    999.000    999.000    999.000
    SANS_9           999.000    999.000    999.000    999.000
    SANS_12          999.000    999.000    999.000    999.000
    SANS_18          999.000    999.000    999.000    999.000
    SANS_24          999.000    999.000    999.000    999.000

 S        |
    SANS_0           999.000    999.000    999.000    999.000
    SANS_1           999.000    999.000    999.000    999.000
    SANS_2           999.000    999.000    999.000    999.000
    SANS_3           999.000    999.000    999.000    999.000
    SANS_6           999.000    999.000    999.000    999.000
    SANS_9           999.000    999.000    999.000    999.000
    SANS_12          999.000    999.000    999.000    999.000
    SANS_18          999.000    999.000    999.000    999.000
    SANS_24          999.000    999.000    999.000    999.000

 Q        |
    SANS_0           999.000    999.000    999.000    999.000
    SANS_1           999.000    999.000    999.000    999.000
    SANS_2           999.000    999.000    999.000    999.000
    SANS_3           999.000    999.000    999.000    999.000
    SANS_6           999.000    999.000    999.000    999.000
    SANS_9           999.000    999.000    999.000    999.000
    SANS_12          999.000    999.000    999.000    999.000
    SANS_18          999.000    999.000    999.000    999.000
    SANS_24          999.000    999.000    999.000    999.000

 CUB      |
    SANS_0           999.000    999.000    999.000    999.000
    SANS_1           999.000    999.000    999.000    999.000
    SANS_2           999.000    999.000    999.000    999.000
    SANS_3           999.000    999.000    999.000    999.000
    SANS_6           999.000    999.000    999.000    999.000
    SANS_9           999.000    999.000    999.000    999.000
    SANS_12          999.000    999.000    999.000    999.000
    SANS_18          999.000    999.000    999.000    999.000
    SANS_24          999.000    999.000    999.000    999.000

 Means
    I                999.000    999.000    999.000    999.000
    S                999.000    999.000    999.000    999.000
    Q                999.000    999.000    999.000    999.000
    CUB              999.000    999.000    999.000    999.000

 Intercepts
    SANS_0             0.000      0.000    999.000    999.000
    SANS_1             0.000      0.000    999.000    999.000
    SANS_2             0.000      0.000    999.000    999.000
    SANS_3             0.000      0.000    999.000    999.000
    SANS_6             0.000      0.000    999.000    999.000
    SANS_9             0.000      0.000    999.000    999.000
    SANS_12            0.000      0.000    999.000    999.000
    SANS_18            0.000      0.000    999.000    999.000
    SANS_24            0.000      0.000    999.000    999.000

 Variances
    I                999.000    999.000    999.000    999.000
    S                999.000    999.000    999.000    999.000
    Q                999.000    999.000    999.000    999.000
    CUB              999.000    999.000    999.000    999.000

 Residual Variances
    SANS_0             1.000      0.000    999.000    999.000
    SANS_1             1.000      0.000    999.000    999.000
    SANS_2             1.000      0.000    999.000    999.000
    SANS_3             1.000      0.000    999.000    999.000
    SANS_6             1.000      0.000    999.000    999.000
    SANS_9             1.000      0.000    999.000    999.000
    SANS_12            1.000      0.000    999.000    999.000
    SANS_18            1.000      0.000    999.000    999.000
    SANS_24            1.000      0.000    999.000    999.000


STD Standardization

                                                    Two-Tailed
                    Estimate       S.E.  Est./S.E.    P-Value

Latent Class 1

 I        |
    SANS_0           999.000    999.000    999.000    999.000
    SANS_1           999.000    999.000    999.000    999.000
    SANS_2           999.000    999.000    999.000    999.000
    SANS_3           999.000    999.000    999.000    999.000
    SANS_6           999.000    999.000    999.000    999.000
    SANS_9           999.000    999.000    999.000    999.000
    SANS_12          999.000    999.000    999.000    999.000
    SANS_18          999.000    999.000    999.000    999.000
    SANS_24          999.000    999.000    999.000    999.000

 S        |
    SANS_0           999.000    999.000    999.000    999.000
    SANS_1           999.000    999.000    999.000    999.000
    SANS_2           999.000    999.000    999.000    999.000
    SANS_3           999.000    999.000    999.000    999.000
    SANS_6           999.000    999.000    999.000    999.000
    SANS_9           999.000    999.000    999.000    999.000
    SANS_12          999.000    999.000    999.000    999.000
    SANS_18          999.000    999.000    999.000    999.000
    SANS_24          999.000    999.000    999.000    999.000

 Q        |
    SANS_0           999.000    999.000    999.000    999.000
    SANS_1           999.000    999.000    999.000    999.000
    SANS_2           999.000    999.000    999.000    999.000
    SANS_3           999.000    999.000    999.000    999.000
    SANS_6           999.000    999.000    999.000    999.000
    SANS_9           999.000    999.000    999.000    999.000
    SANS_12          999.000    999.000    999.000    999.000
    SANS_18          999.000    999.000    999.000    999.000
    SANS_24          999.000    999.000    999.000    999.000

 CUB      |
    SANS_0           999.000    999.000    999.000    999.000
    SANS_1           999.000    999.000    999.000    999.000
    SANS_2           999.000    999.000    999.000    999.000
    SANS_3           999.000    999.000    999.000    999.000
    SANS_6           999.000    999.000    999.000    999.000
    SANS_9           999.000    999.000    999.000    999.000
    SANS_12          999.000    999.000    999.000    999.000
    SANS_18          999.000    999.000    999.000    999.000
    SANS_24          999.000    999.000    999.000    999.000

 Means
    I                999.000    999.000    999.000    999.000
    S                999.000    999.000    999.000    999.000
    Q                999.000    999.000    999.000    999.000
    CUB              999.000    999.000    999.000    999.000

 Intercepts
    SANS_0             0.000      0.000    999.000    999.000
    SANS_1             0.000      0.000    999.000    999.000
    SANS_2             0.000      0.000    999.000    999.000
    SANS_3             0.000      0.000    999.000    999.000
    SANS_6             0.000      0.000    999.000    999.000
    SANS_9             0.000      0.000    999.000    999.000
    SANS_12            0.000      0.000    999.000    999.000
    SANS_18            0.000      0.000    999.000    999.000
    SANS_24            0.000      0.000    999.000    999.000

 Variances
    I                999.000    999.000    999.000    999.000
    S                999.000    999.000    999.000    999.000
    Q                999.000    999.000    999.000    999.000
    CUB              999.000    999.000    999.000    999.000

 Residual Variances
    SANS_0             2.665      0.207     12.893      0.000
    SANS_1             2.665      0.207     12.893      0.000
    SANS_2             2.665      0.207     12.893      0.000
    SANS_3             2.665      0.207     12.893      0.000
    SANS_6             2.665      0.207     12.893      0.000
    SANS_9             2.665      0.207     12.893      0.000
    SANS_12            2.665      0.207     12.893      0.000
    SANS_18            2.665      0.207     12.893      0.000
    SANS_24            2.665      0.207     12.893      0.000

Latent Class 2

 I        |
    SANS_0           999.000    999.000    999.000    999.000
    SANS_1           999.000    999.000    999.000    999.000
    SANS_2           999.000    999.000    999.000    999.000
    SANS_3           999.000    999.000    999.000    999.000
    SANS_6           999.000    999.000    999.000    999.000
    SANS_9           999.000    999.000    999.000    999.000
    SANS_12          999.000    999.000    999.000    999.000
    SANS_18          999.000    999.000    999.000    999.000
    SANS_24          999.000    999.000    999.000    999.000

 S        |
    SANS_0           999.000    999.000    999.000    999.000
    SANS_1           999.000    999.000    999.000    999.000
    SANS_2           999.000    999.000    999.000    999.000
    SANS_3           999.000    999.000    999.000    999.000
    SANS_6           999.000    999.000    999.000    999.000
    SANS_9           999.000    999.000    999.000    999.000
    SANS_12          999.000    999.000    999.000    999.000
    SANS_18          999.000    999.000    999.000    999.000
    SANS_24          999.000    999.000    999.000    999.000

 Q        |
    SANS_0           999.000    999.000    999.000    999.000
    SANS_1           999.000    999.000    999.000    999.000
    SANS_2           999.000    999.000    999.000    999.000
    SANS_3           999.000    999.000    999.000    999.000
    SANS_6           999.000    999.000    999.000    999.000
    SANS_9           999.000    999.000    999.000    999.000
    SANS_12          999.000    999.000    999.000    999.000
    SANS_18          999.000    999.000    999.000    999.000
    SANS_24          999.000    999.000    999.000    999.000

 CUB      |
    SANS_0           999.000    999.000    999.000    999.000
    SANS_1           999.000    999.000    999.000    999.000
    SANS_2           999.000    999.000    999.000    999.000
    SANS_3           999.000    999.000    999.000    999.000
    SANS_6           999.000    999.000    999.000    999.000
    SANS_9           999.000    999.000    999.000    999.000
    SANS_12          999.000    999.000    999.000    999.000
    SANS_18          999.000    999.000    999.000    999.000
    SANS_24          999.000    999.000    999.000    999.000

 Means
    I                999.000    999.000    999.000    999.000
    S                999.000    999.000    999.000    999.000
    Q                999.000    999.000    999.000    999.000
    CUB              999.000    999.000    999.000    999.000

 Intercepts
    SANS_0             0.000      0.000    999.000    999.000
    SANS_1             0.000      0.000    999.000    999.000
    SANS_2             0.000      0.000    999.000    999.000
    SANS_3             0.000      0.000    999.000    999.000
    SANS_6             0.000      0.000    999.000    999.000
    SANS_9             0.000      0.000    999.000    999.000
    SANS_12            0.000      0.000    999.000    999.000
    SANS_18            0.000      0.000    999.000    999.000
    SANS_24            0.000      0.000    999.000    999.000

 Variances
    I                999.000    999.000    999.000    999.000
    S                999.000    999.000    999.000    999.000
    Q                999.000    999.000    999.000    999.000
    CUB              999.000    999.000    999.000    999.000

 Residual Variances
    SANS_0            10.185      0.722     14.110      0.000
    SANS_1            10.185      0.722     14.110      0.000
    SANS_2            10.185      0.722     14.110      0.000
    SANS_3            10.185      0.722     14.110      0.000
    SANS_6            10.185      0.722     14.110      0.000
    SANS_9            10.185      0.722     14.110      0.000
    SANS_12           10.185      0.722     14.110      0.000
    SANS_18           10.185      0.722     14.110      0.000
    SANS_24           10.185      0.722     14.110      0.000


R-SQUARE

Class 1

    Observed                                        Two-Tailed
    Variable        Estimate       S.E.  Est./S.E.    P-Value

    SANS_0             0.000      0.000    999.000    999.000
    SANS_1             0.000      0.000    999.000    999.000
    SANS_2             0.000      0.000    999.000    999.000
    SANS_3             0.000      0.000    999.000    999.000
    SANS_6             0.000      0.000    999.000    999.000
    SANS_9             0.000      0.000    999.000    999.000
    SANS_12            0.000      0.000    999.000    999.000
    SANS_18            0.000      0.000    999.000    999.000
    SANS_24            0.000      0.000    999.000    999.000

Class 2

    Observed                                        Two-Tailed
    Variable        Estimate       S.E.  Est./S.E.    P-Value

    SANS_0             0.000      0.000    999.000    999.000
    SANS_1             0.000      0.000    999.000    999.000
    SANS_2             0.000      0.000    999.000    999.000
    SANS_3             0.000      0.000    999.000    999.000
    SANS_6             0.000      0.000    999.000    999.000
    SANS_9             0.000      0.000    999.000    999.000
    SANS_12            0.000      0.000    999.000    999.000
    SANS_18            0.000      0.000    999.000    999.000
    SANS_24            0.000      0.000    999.000    999.000


TECHNICAL 1 OUTPUT


     PARAMETER SPECIFICATION FOR LATENT CLASS 1


           NU
              SANS_0        SANS_1        SANS_2        SANS_3        SANS_6
              ________      ________      ________      ________      ________
                    0             0             0             0             0


           NU
              SANS_9        SANS_12       SANS_18       SANS_24
              ________      ________      ________      ________
                    0             0             0             0


           LAMBDA
              I             S             Q             CUB
              ________      ________      ________      ________
 SANS_0             0             0             0             0
 SANS_1             0             0             0             0
 SANS_2             0             0             0             0
 SANS_3             0             0             0             0
 SANS_6             0             0             0             0
 SANS_9             0             0             0             0
 SANS_12            0             0             0             0
 SANS_18            0             0             0             0
 SANS_24            0             0             0             0


           THETA
              SANS_0        SANS_1        SANS_2        SANS_3        SANS_6
              ________      ________      ________      ________      ________
 SANS_0             1
 SANS_1             0             1
 SANS_2             0             0             1
 SANS_3             0             0             0             1
 SANS_6             0             0             0             0             1
 SANS_9             0             0             0             0             0
 SANS_12            0             0             0             0             0
 SANS_18            0             0             0             0             0
 SANS_24            0             0             0             0             0


           THETA
              SANS_9        SANS_12       SANS_18       SANS_24
              ________      ________      ________      ________
 SANS_9             1
 SANS_12            0             1
 SANS_18            0             0             1
 SANS_24            0             0             0             1


           ALPHA
              I             S             Q             CUB
              ________      ________      ________      ________
                    2             3             4             5


           BETA
              I             S             Q             CUB
              ________      ________      ________      ________
 I                  0             0             0             0
 S                  0             0             0             0
 Q                  0             0             0             0
 CUB                0             0             0             0


           PSI
              I             S             Q             CUB
              ________      ________      ________      ________
 I                  0
 S                  0             0
 Q                  0             0             0
 CUB                0             0             0             0


     PARAMETER SPECIFICATION FOR LATENT CLASS 2


           NU
              SANS_0        SANS_1        SANS_2        SANS_3        SANS_6
              ________      ________      ________      ________      ________
                    0             0             0             0             0


           NU
              SANS_9        SANS_12       SANS_18       SANS_24
              ________      ________      ________      ________
                    0             0             0             0


           LAMBDA
              I             S             Q             CUB
              ________      ________      ________      ________
 SANS_0             0             0             0             0
 SANS_1             0             0             0             0
 SANS_2             0             0             0             0
 SANS_3             0             0             0             0
 SANS_6             0             0             0             0
 SANS_9             0             0             0             0
 SANS_12            0             0             0             0
 SANS_18            0             0             0             0
 SANS_24            0             0             0             0


           THETA
              SANS_0        SANS_1        SANS_2        SANS_3        SANS_6
              ________      ________      ________      ________      ________
 SANS_0             6
 SANS_1             0             6
 SANS_2             0             0             6
 SANS_3             0             0             0             6
 SANS_6             0             0             0             0             6
 SANS_9             0             0             0             0             0
 SANS_12            0             0             0             0             0
 SANS_18            0             0             0             0             0
 SANS_24            0             0             0             0             0


           THETA
              SANS_9        SANS_12       SANS_18       SANS_24
              ________      ________      ________      ________
 SANS_9             6
 SANS_12            0             6
 SANS_18            0             0             6
 SANS_24            0             0             0             6


           ALPHA
              I             S             Q             CUB
              ________      ________      ________      ________
                    7             8             9            10


           BETA
              I             S             Q             CUB
              ________      ________      ________      ________
 I                  0             0             0             0
 S                  0             0             0             0
 Q                  0             0             0             0
 CUB                0             0             0             0


           PSI
              I             S             Q             CUB
              ________      ________      ________      ________
 I                  0
 S                  0             0
 Q                  0             0             0
 CUB                0             0             0             0


     PARAMETER SPECIFICATION FOR LATENT CLASS REGRESSION MODEL PART


           ALPHA(C)
              C#1           C#2
              ________      ________
                   11             0


     STARTING VALUES FOR LATENT CLASS 1


           NU
              SANS_0        SANS_1        SANS_2        SANS_3        SANS_6
              ________      ________      ________      ________      ________
                0.000         0.000         0.000         0.000         0.000


           NU
              SANS_9        SANS_12       SANS_18       SANS_24
              ________      ________      ________      ________
                0.000         0.000         0.000         0.000


           LAMBDA
              I             S             Q             CUB
              ________      ________      ________      ________
 SANS_0         1.000         0.000         0.000         0.000
 SANS_1         1.000         1.000         1.000         1.000
 SANS_2         1.000         2.000         4.000         8.000
 SANS_3         1.000         3.000         9.000        27.000
 SANS_6         1.000         6.000        36.000       216.000
 SANS_9         1.000         9.000        81.000       729.000
 SANS_12        1.000        12.000       144.000      1728.000
 SANS_18        1.000        18.000       324.000      5832.000
 SANS_24        1.000        24.000       576.000     13824.000


           THETA
              SANS_0        SANS_1        SANS_2        SANS_3        SANS_6
              ________      ________      ________      ________      ________
 SANS_0         5.517
 SANS_1         0.000         4.092
 SANS_2         0.000         0.000         3.356
 SANS_3         0.000         0.000         0.000         2.629
 SANS_6         0.000         0.000         0.000         0.000         2.656
 SANS_9         0.000         0.000         0.000         0.000         0.000
 SANS_12        0.000         0.000         0.000         0.000         0.000
 SANS_18        0.000         0.000         0.000         0.000         0.000
 SANS_24        0.000         0.000         0.000         0.000         0.000


           THETA
              SANS_9        SANS_12       SANS_18       SANS_24
              ________      ________      ________      ________
 SANS_9         2.343
 SANS_12        0.000         3.017
 SANS_18        0.000         0.000         2.462
 SANS_24        0.000         0.000         0.000         2.550


           ALPHA
              I             S             Q             CUB
              ________      ________      ________      ________
                6.706        -3.160         0.635        -0.040


           BETA
              I             S             Q             CUB
              ________      ________      ________      ________
 I              0.000         0.000         0.000         0.000
 S              0.000         0.000         0.000         0.000
 Q              0.000         0.000         0.000         0.000
 CUB            0.000         0.000         0.000         0.000


           PSI
              I             S             Q             CUB
              ________      ________      ________      ________
 I              0.000
 S              0.000         0.000
 Q              0.000         0.000         0.000
 CUB            0.000         0.000         0.000         0.000


     STARTING VALUES FOR LATENT CLASS 2


           NU
              SANS_0        SANS_1        SANS_2        SANS_3        SANS_6
              ________      ________      ________      ________      ________
                0.000         0.000         0.000         0.000         0.000


           NU
              SANS_9        SANS_12       SANS_18       SANS_24
              ________      ________      ________      ________
                0.000         0.000         0.000         0.000


           LAMBDA
              I             S             Q             CUB
              ________      ________      ________      ________
 SANS_0         1.000         0.000         0.000         0.000
 SANS_1         1.000         1.000         1.000         1.000
 SANS_2         1.000         2.000         4.000         8.000
 SANS_3         1.000         3.000         9.000        27.000
 SANS_6         1.000         6.000        36.000       216.000
 SANS_9         1.000         9.000        81.000       729.000
 SANS_12        1.000        12.000       144.000      1728.000
 SANS_18        1.000        18.000       324.000      5832.000
 SANS_24        1.000        24.000       576.000     13824.000


           THETA
              SANS_0        SANS_1        SANS_2        SANS_3        SANS_6
              ________      ________      ________      ________      ________
 SANS_0         5.517
 SANS_1         0.000         4.092
 SANS_2         0.000         0.000         3.356
 SANS_3         0.000         0.000         0.000         2.629
 SANS_6         0.000         0.000         0.000         0.000         2.656
 SANS_9         0.000         0.000         0.000         0.000         0.000
 SANS_12        0.000         0.000         0.000         0.000         0.000
 SANS_18        0.000         0.000         0.000         0.000         0.000
 SANS_24        0.000         0.000         0.000         0.000         0.000


           THETA
              SANS_9        SANS_12       SANS_18       SANS_24
              ________      ________      ________      ________
 SANS_9         2.343
 SANS_12        0.000         3.017
 SANS_18        0.000         0.000         2.462
 SANS_24        0.000         0.000         0.000         2.550


           ALPHA
              I             S             Q             CUB
              ________      ________      ________      ________
                6.706        -3.160         0.635        -0.040


           BETA
              I             S             Q             CUB
              ________      ________      ________      ________
 I              0.000         0.000         0.000         0.000
 S              0.000         0.000         0.000         0.000
 Q              0.000         0.000         0.000         0.000
 CUB            0.000         0.000         0.000         0.000


           PSI
              I             S             Q             CUB
              ________      ________      ________      ________
 I              0.000
 S              0.000         0.000
 Q              0.000         0.000         0.000
 CUB            0.000         0.000         0.000         0.000


     STARTING VALUES FOR LATENT CLASS REGRESSION MODEL PART


           ALPHA(C)
              C#1           C#2
              ________      ________
                0.000         0.000


TECHNICAL 11 OUTPUT

     Random Starts Specifications for the k-1 Class Analysis Model
        Number of initial stage random starts                 250
        Number of final stage optimizations                    62



     VUONG-LO-MENDELL-RUBIN LIKELIHOOD RATIO TEST FOR 1 (H0) VERSUS 2 CLASSES

          H0 Loglikelihood Value                        -7552.712
          2 Times the Loglikelihood Difference            871.468
          Difference in the Number of Parameters                6
          Mean                                             -8.207
          Standard Deviation                               54.852
          P-Value                                          0.0000

     LO-MENDELL-RUBIN ADJUSTED LRT TEST

          Value                                           847.930
          P-Value                                          0.0000


SAMPLE STATISTICS FOR ESTIMATED FACTOR SCORES


     SAMPLE STATISTICS


           Means
              I             S             Q             CUB           C_I
              ________      ________      ________      ________      ________
                5.228        -1.261         0.109        -0.003         5.195


           Means
              C_S           C_Q           C_CUB
              ________      ________      ________
               -1.257         0.109        -0.003


           Covariances
              I             S             Q             CUB           C_I
              ________      ________      ________      ________      ________
 I              1.974
 S             -0.193         0.019
 Q              0.016        -0.002         0.000
 CUB            0.000         0.000         0.000         0.000
 C_I            2.086        -0.205         0.017         0.000         2.346
 C_S           -0.205         0.020        -0.002         0.000        -0.230
 C_Q            0.017        -0.002         0.000         0.000         0.019
 C_CUB          0.000         0.000         0.000         0.000         0.000


           Covariances
              C_S           C_Q           C_CUB
              ________      ________      ________
 C_S            0.023
 C_Q           -0.002         0.000
 C_CUB          0.000         0.000         0.000


           Correlations
              I             S             Q             CUB           C_I
              ________      ________      ________      ________      ________
 I              1.000
 S             -1.000         1.000
 Q              1.000        -1.000         1.000
 CUB           -1.000         1.000        -1.000         1.000
 C_I            0.970        -0.970         0.970        -0.970         1.000
 C_S           -0.970         0.970        -0.970         0.970        -1.000
 C_Q            0.970        -0.970         0.970        -0.970         1.000
 C_CUB         -0.970         0.970        -0.970         0.970        -1.000


           Correlations
              C_S           C_Q           C_CUB
              ________      ________      ________
 C_S            1.000
 C_Q           -1.000         1.000
 C_CUB          1.000        -1.000         1.000


PLOT INFORMATION

The following plots are available:

  Histograms (sample values, estimated factor scores, estimated values, residuals)
  Scatterplots (sample values, estimated factor scores, estimated values, residuals)
  Sample means
  Estimated means, medians, modes, and percentiles
  Sample and estimated means
  Latent variable distribution plots
  Observed individual values
  Estimated individual values
  Estimated means and observed individual values
  Estimated means and estimated individual values
  Estimated overall and class-specific distributions

SAVEDATA INFORMATION


  Save file
    K2_S500_res.dat

  Order and format of variables

    SANS_0         F10.3
    SANS_1         F10.3
    SANS_2         F10.3
    SANS_3         F10.3
    SANS_6         F10.3
    SANS_9         F10.3
    SANS_12        F10.3
    SANS_18        F10.3
    SANS_24        F10.3
    I              F10.3
    S              F10.3
    Q              F10.3
    CUB            F10.3
    C_I            F10.3
    C_S            F10.3
    C_Q            F10.3
    C_CUB          F10.3
    CPROB1         F10.3
    CPROB2         F10.3
    C              F10.3
    PIN            I4

  Save file format
    20F10.3 I4

  Save file record length    10000

  Save missing symbol        *


     Beginning Time:  09:56:10
        Ending Time:  09:56:27
       Elapsed Time:  00:00:17



MUTHEN & MUTHEN
3463 Stoner Ave.
Los Angeles, CA  90066

Tel: (310) 391-9971
Fax: (310) 391-8971
Web: www.StatModel.com
Support: Support@StatModel.com

Copyright (c) 1998-2021 Muthen & Muthen
