Mplus VERSION 8.6 (Mac)
MUTHEN & MUTHEN
09/05/2023   8:04 PM

INPUT INSTRUCTIONS

  TITLE:
  GMM_CI_isq@0_FIX
  DATA:
  FILE = "/Users/olivierpercie/Desktop/LGM/SOFAS/689/SOFAS/Results/GMM/CI/isq@0/GMM5.dat";

  VARIABLE:
  NAMES = pin SOFAS_0 SOFAS_12 SOFAS_24;
   MISSING=.;
   USEVAR = SOFAS_0 SOFAS_12 SOFAS_24;
  IDVAR = pin;
  CLASSES = c(2);
  ANALYSIS:
  TYPE = MIXTURE;
  STARTS = 4000 1000;
  K-1STARTS = 2000 500;
  DISTRIBUTION = NORMAL;
  PROCESSORS = 8;
  MODEL:
  %OVERALL%
  i s q | SOFAS_0@0 SOFAS_12@12 SOFAS_24@24;
  i s q@0;
  i WITH s q;
  s WITH q;
  SOFAS_0 SOFAS_12 SOFAS_24;
  %C#1%
  SOFAS_0 SOFAS_12 SOFAS_24 (1);
  %C#2%
  SOFAS_0 SOFAS_12 SOFAS_24 (1);
  OUTPUT:
  TECH7;
  TECH11;
  SAMPSTAT;
  STANDARDIZED;
  CINTERVAL;
  SAVEDATA:
  FILE = GMM_CI_isq@0_FIX_est.dat;
  SAVE = CPROBABILITIES FSCORES;



*** WARNING in MODEL command
  All continuous latent variable covariances involving Q have been fixed to 0
  because the variance of Q is fixed at 0.
*** WARNING
  Data set contains cases with missing on all variables.
  These cases were not included in the analysis.
  Number of cases with missing on all variables:  39
   2 WARNING(S) FOUND IN THE INPUT INSTRUCTIONS




GMM_CI_isq@0_FIX

SUMMARY OF ANALYSIS

Number of groups                                                 1
Number of observations                                         650

Number of dependent variables                                    3
Number of independent variables                                  0
Number of continuous latent variables                            3
Number of categorical latent variables                           1

Observed dependent variables

  Continuous
   SOFAS_0     SOFAS_12    SOFAS_24

Continuous latent variables
   I           S           Q

Categorical latent variables
   C

Variables with special functions

  ID variable           PIN

Estimator                                                      MLR
Information matrix                                        OBSERVED
Optimization Specifications for the Quasi-Newton Algorithm for
Continuous Outcomes
  Maximum number of iterations                                 100
  Convergence criterion                                  0.100D-05
Optimization Specifications for the EM Algorithm
  Maximum number of iterations                                 500
  Convergence criteria
    Loglikelihood change                                 0.100D-06
    Relative loglikelihood change                        0.100D-06
    Derivative                                           0.100D-05
Optimization Specifications for the M step of the EM Algorithm for
Categorical Latent variables
  Number of M step iterations                                    1
  M step convergence criterion                           0.100D-05
  Basis for M step termination                           ITERATION
Optimization Specifications for the M step of the EM Algorithm for
Censored, Binary or Ordered Categorical (Ordinal), Unordered
Categorical (Nominal) and Count Outcomes
  Number of M step iterations                                    1
  M step convergence criterion                           0.100D-05
  Basis for M step termination                           ITERATION
  Maximum value for logit thresholds                            15
  Minimum value for logit thresholds                           -15
  Minimum expected cell size for chi-square              0.100D-01
Maximum number of iterations for H1                           2000
Convergence criterion for H1                             0.100D-03
Optimization algorithm                                         EMA
Random Starts Specifications
  Number of initial stage random starts                       4000
  Number of final stage optimizations                         1000
  Number of initial stage iterations                            10
  Initial stage convergence criterion                    0.100D+01
  Random starts scale                                    0.500D+01
  Random seed for generating random starts                       0

Input data file(s)
  /Users/olivierpercie/Desktop/LGM/SOFAS/689/SOFAS/Results/GMM/CI/isq@0/GMM5.dat
Input data format  FREE


SUMMARY OF DATA

     Number of missing data patterns             7
     Number of y missing data patterns           7
     Number of u missing data patterns           0


COVARIANCE COVERAGE OF DATA

Minimum covariance coverage value   0.100


     PROPORTION OF DATA PRESENT FOR Y


           Covariance Coverage
              SOFAS_0       SOFAS_12      SOFAS_24
              ________      ________      ________
 SOFAS_0        0.937
 SOFAS_12       0.629         0.686
 SOFAS_24       0.426         0.388         0.452


SAMPLE STATISTICS


     ESTIMATED SAMPLE STATISTICS


           Means
              SOFAS_0       SOFAS_12      SOFAS_24
              ________      ________      ________
               40.586        61.623        64.583


           Covariances
              SOFAS_0       SOFAS_12      SOFAS_24
              ________      ________      ________
 SOFAS_0      167.781
 SOFAS_12      63.815       298.753
 SOFAS_24      51.633       178.934       325.325


           Correlations
              SOFAS_0       SOFAS_12      SOFAS_24
              ________      ________      ________
 SOFAS_0        1.000
 SOFAS_12       0.285         1.000
 SOFAS_24       0.221         0.574         1.000


     MAXIMUM LOG-LIKELIHOOD VALUE FOR THE UNRESTRICTED (H1) MODEL IS -5526.046


UNIVARIATE SAMPLE STATISTICS


     UNIVARIATE HIGHER-ORDER MOMENT DESCRIPTIVE STATISTICS

         Variable/         Mean/     Skewness/   Minimum/ % with                Percentiles
        Sample Size      Variance    Kurtosis    Maximum  Min/Max      20%/60%    40%/80%    Median

     SOFAS_0              40.558       0.732      15.000    0.16%      30.000     35.000     40.000
             609.000     167.692       0.207      85.000    0.16%      41.000     51.000
     SOFAS_12             61.531      -0.180      20.000    0.22%      45.000     55.000     61.000
             446.000     297.581      -0.825     100.000    0.22%      68.000     80.000
     SOFAS_24             63.724      -0.278       5.000    0.34%      50.000     60.000     65.000
             294.000     327.914      -0.630     100.000    0.68%      70.000     80.000

RANDOM STARTS RESULTS RANKED FROM THE BEST TO THE WORST LOGLIKELIHOOD VALUES

Final stage loglikelihood values at local maxima, seeds, and initial stage start numbers:

           -5501.614  59963            670
           -5501.614  921206           1277
           -5501.614  268664           1784
           -5501.614  347110           3761
           -5501.614  269990           3326
           -5501.614  263877           1659
           -5501.614  271809           846
           -5501.614  79932            3705
           -5501.614  148079           1773
           -5501.614  315029           471
           -5501.614  124829           1292
           -5501.614  285763           1486
           -5501.614  928287           197
           -5501.614  889772           2832
           -5501.614  246967           1557
           -5501.614  23143            2012
           -5501.614  746304           3335
           -5501.614  116438           3716
           -5501.614  903420           5
           -5501.614  602305           1076
           -5501.614  231366           1137
           -5501.614  889020           2277
           -5501.614  685268           596
           -5501.614  785309           2490
           -5501.614  518570           1308
           -5501.614  262022           1467
           -5501.614  452342           3073
           -5501.614  786887           3242
           -5501.614  720520           3285
           -5501.614  561513           3345
           -5501.614  199051           3709
           -5501.614  739629           3954
           -5501.614  441191           361
           -5501.614  987012           1067
           -5501.614  66309            2168
           -5501.614  346838           1170
           -5501.614  998744           2367
           -5501.614  732954           2434
           -5501.614  652857           1254
           -5501.614  293349           2520
           -5501.614  301545           2672
           -5501.614  77289            2693
           -5501.614  277373           1374
           -5501.614  967567           1377
           -5501.614  570388           2819
           -5501.614  45724            2833
           -5501.614  364901           2873
           -5501.614  954055           2952
           -5501.614  682382           2984
           -5501.614  586121           3107
           -5501.614  387058           3120
           -5501.614  501995           791
           -5501.614  785277           1603
           -5501.614  839912           3360
           -5501.614  330328           3541
           -5501.614  950796           3562
           -5501.614  692399           3763
           -5501.614  106529           3767
           -5501.614  250295           1884
           -5501.614  234137           1965
           -5501.614  420002           2011
           -5501.614  418686           338
           -5501.614  252346           528
           -5501.614  507885           2157
           -5501.614  781349           1079
           -5501.614  69133            1097
           -5501.614  718876           1104
           -5501.614  93856            1127
           -5501.614  703783           2346
           -5501.614  941525           609
           -5501.614  995197           2529
           -5501.614  269586           2647
           -5501.614  642386           662
           -5501.614  493775           1402
           -5501.614  174809           2813
           -5501.614  417600           1416
           -5501.614  209869           2861
           -5501.614  502495           724
           -5501.614  386915           2902
           -5501.614  151247           2913
           -5501.614  540217           1477
           -5501.614  536017           2977
           -5501.614  312587           775
           -5501.614  725158           3251
           -5501.614  822358           1667
           -5501.614  663189           3378
           -5501.614  489524           3395
           -5501.614  519234           3479
           -5501.614  153153           1763
           -5501.614  485264           3681
           -5501.614  180889           920
           -5501.614  733175           1857
           -5501.614  208797           931
           -5501.614  483538           1897
           -5501.614  583281           1907
           -5501.614  326269           3855
           -5501.614  13508            3908
           -5501.614  94573            983
           -5501.614  883789           1967
           -5501.614  115929           1991
           -5501.614  193042           316
           -5501.614  618760           489
           -5501.614  848969           173
           -5501.614  573096           20
           -5501.614  476498           179
           -5501.614  722206           2085
           -5501.614  995249           525
           -5501.614  875431           2148
           -5501.614  358074           560
           -5501.614  2066             1228
           -5501.614  784282           2479
           -5501.614  142365           2612
           -5501.614  20625            2636
           -5501.614  574412           679
           -5501.614  703313           1415
           -5501.614  908276           2917
           -5501.614  464174           1461
           -5501.614  511988           1469
           -5501.614  599003           1474
           -5501.614  143711           2999
           -5501.614  164125           3042
           -5501.614  154044           1581
           -5501.614  710445           792
           -5501.614  945490           3300
           -5501.614  37506            3489
           -5501.614  605784           3836
           -5501.614  378530           1919
           -5501.614  181512           3866
           -5501.614  587886           3883
           -5501.614  215483           1952
           -5501.614  986805           3956
           -5501.614  86651            993
           -5501.614  266349           1989
           -5501.614  696773           80
           -5501.614  939709           112
           -5501.614  689546           2124
           -5501.614  815269           2187
           -5501.614  691251           2249
           -5501.614  908201           2317
           -5501.614  329626           2457
           -5501.614  192191           629
           -5501.614  145602           2578
           -5501.614  882750           646
           -5501.614  303803           2613
           -5501.614  744582           2621
           -5501.614  358449           2627
           -5501.614  577058           2673
           -5501.614  847658           2803
           -5501.614  723136           2848
           -5501.614  371518           2959
           -5501.614  417002           1499
           -5501.614  838944           3018
           -5501.614  139043           3028
           -5501.614  548036           3081
           -5501.614  16220            3221
           -5501.614  356956           3431
           -5501.614  966924           3444
           -5501.614  398480           3596
           -5501.614  666752           1820
           -5501.614  288738           940
           -5501.614  105990           3803
           -5501.614  928624           981
           -5501.614  505082           1993
           -5501.614  155622           507
           -5501.614  39136            226
           -5501.614  414828           322
           -5501.614  636396           168
           -5501.614  568859           49
           -5501.614  395754           388
           -5501.614  948615           140
           -5501.614  898745           466
           -5501.614  12477            155
           -5501.614  281558           184
           -5501.614  319575           499
           -5501.614  175820           1040
           -5501.614  441119           2104
           -5501.614  356951           2178
           -5501.614  868155           2204
           -5501.614  57922            1102
           -5501.614  370957           554
           -5501.614  396921           2282
           -5501.614  132387           1203
           -5501.614  332693           2655
           -5501.614  122167           2706
           -5501.614  626208           698
           -5501.614  940007           1417
           -5501.614  250658           2850
           -5501.614  89016            1428
           -5501.614  702492           718
           -5501.614  732971           1447
           -5501.614  908881           2895
           -5501.614  276392           2927
           -5501.614  526742           1546
           -5501.614  100345           3123
           -5501.614  824535           3127
           -5501.614  167280           3238
           -5501.614  48057            3318
           -5501.614  786713           3343
           -5501.614  338951           3400
           -5501.614  628143           854
           -5501.614  977507           1716
           -5501.614  421731           886
           -5501.614  298201           903
           -5501.614  309523           3620
           -5501.614  65952            933
           -5501.614  950120           3742
           -5501.614  679448           937
           -5501.614  579134           3931
           -5501.614  314551           3955
           -5501.614  140806           1001
           -5501.614  961880           2019
           -5501.614  782096           2045
           -5501.614  220454           288
           -5501.614  484406           421
           -5501.614  930872           277
           -5501.614  301180           236
           -5501.614  605565           404
           -5501.614  692169           308
           -5501.614  247224           94
           -5501.614  32106            2108
           -5501.614  3086             2112
           -5501.614  974762           2360
           -5501.614  157832           2560
           -5501.614  101894           2632
           -5501.614  284920           2791
           -5501.614  824026           2867
           -5501.614  560031           2908
           -5501.614  135072           2915
           -5501.614  935426           3142
           -5501.614  676223           3227
           -5501.614  735183           1666
           -5501.614  664045           3406
           -5501.614  692628           3554
           -5501.614  635597           3702
           -5501.614  611668           3776
           -5501.614  213532           503
           -5501.614  741484           441
           -5501.614  165853           105
           -5501.614  992389           77
           -5501.614  888905           444
           -5501.614  300470           1153
           -5501.614  383902           673
           -5501.614  646290           2792
           -5501.614  476338           1418
           -5501.614  523233           1487
           -5501.614  419858           1617
           -5501.614  383791           3373
           -5501.614  281245           3634
           -5501.614  645052           910
           -5510.934  520865           763
           -5510.934  676616           3348
           -5510.934  301301           1020
           -5510.934  260601           36
           -5510.934  945065           255
           -5510.934  703715           2171
           -5510.934  752847           1109
           -5510.934  858266           2330
           -5510.934  384819           2333
           -5510.934  788599           1180
           -5510.934  481060           2424
           -5510.934  810705           626
           -5510.934  590471           2534
           -5510.934  13571            2669
           -5510.934  627421           2670
           -5510.934  600373           2769
           -5510.934  964570           701
           -5510.934  851200           1479
           -5510.934  872631           2967
           -5510.934  633984           3184
           -5510.934  518162           1611
           -5510.934  737045           1638
           -5510.934  534052           3298
           -5510.934  323588           826
           -5510.934  192731           3351
           -5510.934  589391           3484
           -5510.934  889774           954
           -5510.934  103653           3821
           -5510.934  172531           1912
           -5510.934  78364            3903
           -5510.934  146900           391
           -5510.934  761633           50
           -5510.934  724519           333
           -5510.934  25127            107
           -5510.934  582296           452
           -5510.934  81117            305
           -5510.934  464179           106
           -5510.934  224950           455
           -5510.934  915628           2059
           -5510.934  139885           2128
           -5510.934  84233            2134
           -5510.934  82661            2252
           -5510.934  673039           1173
           -5510.934  492644           2368
           -5510.934  44340            1189
           -5510.934  315131           2401
           -5510.934  173582           2454
           -5510.934  335561           2566
           -5510.934  945925           2583
           -5510.934  730263           2641
           -5510.934  13333            2868
           -5510.934  619388           2871
           -5510.934  655632           2885
           -5510.934  444166           1443
           -5510.934  107362           2928
           -5510.934  648019           2946
           -5510.934  775996           1481
           -5510.934  380978           3031
           -5510.934  621978           1587
           -5510.934  919335           3253
           -5510.934  299730           1627
           -5510.934  964448           3281
           -5510.934  651352           3463
           -5510.934  669610           3525
           -5510.934  608849           224
           -5510.934  195981           3849
           -5510.934  306768           978
           -5510.934  40588            1976
           -5510.934  105624           3977
           -5510.934  875667           367
           -5510.934  440841           118
           -5510.934  188498           258
           -5510.934  996231           310
           -5510.934  613075           2056
           -5510.934  931192           2323
           -5510.934  85751            2593
           -5510.934  652539           2596
           -5510.934  330254           2684
           -5510.934  337381           1397
           -5510.934  625191           350
           -5510.934  117391           710
           -5510.934  288571           2891
           -5510.934  525406           3029
           -5510.934  137305           379
           -5510.934  560402           1532
           -5510.934  400139           3086
           -5510.934  110389           3178
           -5510.934  458784           3185
           -5510.934  497801           3241
           -5510.934  50983            834
           -5510.934  245878           3393
           -5510.934  795438           3539
           -5510.934  188944           3585
           -5510.934  834526           3655
           -5510.934  228459           947
           -5510.934  471512           1951
           -5510.934  275366           3912
           -5510.934  804821           3936
           -5510.934  887580           493
           -5510.934  283492           435
           -5510.934  98720            1059
           -5510.934  126922           1124
           -5510.934  582615           2431
           -5510.934  282261           1274
           -5510.934  376373           1421
           -5510.934  220492           743
           -5510.934  849670           347
           -5510.934  36090            2158
           -5510.934  728986           3580
           -5510.934  572342           1848
           -5510.934  453915           975
           -5510.934  311214           64
           -5510.934  966014           37
           -5510.934  370481           742
           -5510.934  79212            517
           -5510.934  282955           1073
           -5510.934  276102           599
           -5510.934  805935           615
           -5510.934  881058           3215
           -5510.934  538872           949
           -5510.934  118244           1950
           -5510.934  100874           108
           -5510.934  211281           292
           -5510.934  400937           1152
           -5510.934  742450           2853
           -5510.934  595619           779
           -5510.934  712531           631
           -5510.934  478341           731
           -5510.934  331210           3040
           -5510.934  414284           158
           -5510.934  864006           1075
           -5510.934  230124           2557
           -5510.934  529627           1542
           -5510.934  912489           1436
           -5510.934  322964           3451
           -5533.355  193847           354
           -5533.355  625189           3102
           -5533.355  677999           3346
           -5533.355  621542           375
           -5533.355  25174            2136
           -5533.355  528938           1898
           -5533.355  903141           3435
           -5533.355  560961           2422
           -5533.355  596170           3074
           -5533.355  928686           3349
           -5533.355  168000           3882
           -5533.355  553174           2033
           -5533.355  155898           2551
           -5533.355  22170            3245
           -5533.355  692531           2838
           -5533.355  694918           1206
           -5533.355  460407           2435
           -5533.355  738293           2836
           -5533.355  695155           150
           -5533.355  274000           3607
           -5533.355  399071           1007
           -5533.355  815445           1295
           -5533.355  450181           2760
           -5533.355  537926           3314
           -5533.355  617243           237
           -5533.355  861413           1154
           -5533.355  502808           1082
           -5533.355  485635           876
           -5533.355  575700           100
           -5533.355  863094           147
           -5533.355  49633            2701
           -5533.355  331681           549
           -5533.355  522936           2978
           -5533.355  512630           2886
           -5533.355  829442           1596
           -5533.355  112586           494
           -5533.355  364449           2239
           -5533.355  559798           2250
           -5533.355  403287           1558
           -5533.355  132965           3405
           -5533.355  745674           3511
           -5533.355  149841           2987
           -5533.355  225561           3077
           -5533.355  518791           3884
           -5533.355  738220           3106
           -5533.355  893582           2412
           -5533.355  993504           2658
           -5533.355  470038           3874
           -5533.355  227478           2396
           -5533.355  581196           921
           -5533.355  829063           2276
           -5533.355  902278           21
           -5533.355  942848           852
           -5533.355  113138           585
           -5533.355  494663           1498
           -5533.355  518561           1856
           -5533.355  654248           3109
           -5533.355  775881           778
           -5533.355  92564            583
           -5533.355  602960           2226
           -5533.355  236935           3873
           -5533.355  705224           953
           -5533.355  227272           1831
           -5533.355  49910            829
           -5533.355  628628           3021
           -5533.355  713148           3878
           -5533.355  817724           2444
           -5533.355  797493           1563
           -5533.355  697866           1018
           -5533.355  54325            2073
           -5533.355  497522           502
           -5533.355  609004           2777
           -5533.355  254020           3167
           -5533.355  496935           1805
           -5533.355  354564           3098
           -5533.355  302046           863
           -5533.355  638577           769
           -5533.355  512360           2565

538 perturbed starting value run(s) did not converge or were rejected in the third stage.



THE BEST LOGLIKELIHOOD VALUE HAS BEEN REPLICATED.  RERUN WITH AT LEAST TWICE THE
RANDOM STARTS TO CHECK THAT THE BEST LOGLIKELIHOOD IS STILL OBTAINED AND REPLICATED.


THE MODEL ESTIMATION TERMINATED NORMALLY

     WARNING:  THE LATENT VARIABLE COVARIANCE MATRIX (PSI) IN CLASS 1
     IS NOT POSITIVE DEFINITE.  THIS COULD INDICATE A NEGATIVE VARIANCE/
     RESIDUAL VARIANCE FOR A LATENT VARIABLE, A CORRELATION GREATER OR EQUAL
     TO ONE BETWEEN TWO LATENT VARIABLES, OR A LINEAR DEPENDENCY AMONG MORE
     THAN TWO LATENT VARIABLES.  CHECK THE TECH4 OUTPUT FOR MORE INFORMATION.
     PROBLEM INVOLVING VARIABLE I.


     WARNING:  THE LATENT VARIABLE COVARIANCE MATRIX (PSI) IN CLASS 2
     IS NOT POSITIVE DEFINITE.  THIS COULD INDICATE A NEGATIVE VARIANCE/
     RESIDUAL VARIANCE FOR A LATENT VARIABLE, A CORRELATION GREATER OR EQUAL
     TO ONE BETWEEN TWO LATENT VARIABLES, OR A LINEAR DEPENDENCY AMONG MORE
     THAN TWO LATENT VARIABLES.  CHECK THE TECH4 OUTPUT FOR MORE INFORMATION.
     PROBLEM INVOLVING VARIABLE I.




MODEL FIT INFORMATION

Number of Free Parameters                       11

Loglikelihood

          H0 Value                       -5501.614
          H0 Scaling Correction Factor      0.9963
            for MLR

Information Criteria

          Akaike (AIC)                   11025.228
          Bayesian (BIC)                 11074.474
          Sample-Size Adjusted BIC       11039.549
            (n* = (n + 2) / 24)



FINAL CLASS COUNTS AND PROPORTIONS FOR THE LATENT CLASSES
BASED ON THE ESTIMATED MODEL

    Latent
   Classes

       1        105.97326          0.16304
       2        544.02674          0.83696


FINAL CLASS COUNTS AND PROPORTIONS FOR THE LATENT CLASSES
BASED ON ESTIMATED POSTERIOR PROBABILITIES

    Latent
   Classes

       1        105.97326          0.16304
       2        544.02674          0.83696


FINAL CLASS COUNTS AND PROPORTIONS FOR THE LATENT CLASSES
BASED ON THEIR MOST LIKELY LATENT CLASS MEMBERSHIP

Class Counts and Proportions

    Latent
   Classes

       1               82          0.12615
       2              568          0.87385


CLASSIFICATION QUALITY

     Entropy                         0.753


Average Latent Class Probabilities for Most Likely Latent Class Membership (Row)
by Latent Class (Column)

           1        2

    1   0.869    0.131
    2   0.061    0.939


Classification Probabilities for the Most Likely Latent Class Membership (Column)
by Latent Class (Row)

           1        2

    1   0.672    0.328
    2   0.020    0.980


Logits for the Classification Probabilities for the Most Likely Latent Class Membership (Column)
by Latent Class (Row)

              1        2

    1      0.717    0.000
    2     -3.901    0.000


MODEL RESULTS

                                                    Two-Tailed
                    Estimate       S.E.  Est./S.E.    P-Value

Latent Class 1

 I        |
    SOFAS_0            1.000      0.000    999.000    999.000
    SOFAS_12           1.000      0.000    999.000    999.000
    SOFAS_24           1.000      0.000    999.000    999.000

 S        |
    SOFAS_0            0.000      0.000    999.000    999.000
    SOFAS_12          12.000      0.000    999.000    999.000
    SOFAS_24          24.000      0.000    999.000    999.000

 Q        |
    SOFAS_0            0.000      0.000    999.000    999.000
    SOFAS_12         144.000      0.000    999.000    999.000
    SOFAS_24         576.000      0.000    999.000    999.000

 I        WITH
    S                  5.255      0.549      9.571      0.000
    Q                  0.000      0.000    999.000    999.000

 S        WITH
    Q                  0.000      0.000    999.000    999.000

 Means
    I                 60.691      1.902     31.904      0.000
    S                  1.734      0.335      5.179      0.000
    Q                 -0.068      0.015     -4.442      0.000

 Intercepts
    SOFAS_0            0.000      0.000    999.000    999.000
    SOFAS_12           0.000      0.000    999.000    999.000
    SOFAS_24           0.000      0.000    999.000    999.000

 Variances
    I                -42.640     11.949     -3.569      0.000
    S                  0.055      0.065      0.850      0.395
    Q                  0.000      0.000    999.000    999.000

 Residual Variances
    SOFAS_0          141.004     10.035     14.051      0.000
    SOFAS_12         141.004     10.035     14.051      0.000
    SOFAS_24         141.004     10.035     14.051      0.000

Latent Class 2

 I        |
    SOFAS_0            1.000      0.000    999.000    999.000
    SOFAS_12           1.000      0.000    999.000    999.000
    SOFAS_24           1.000      0.000    999.000    999.000

 S        |
    SOFAS_0            0.000      0.000    999.000    999.000
    SOFAS_12          12.000      0.000    999.000    999.000
    SOFAS_24          24.000      0.000    999.000    999.000

 Q        |
    SOFAS_0            0.000      0.000    999.000    999.000
    SOFAS_12         144.000      0.000    999.000    999.000
    SOFAS_24         576.000      0.000    999.000    999.000

 I        WITH
    S                  5.255      0.549      9.571      0.000
    Q                  0.000      0.000    999.000    999.000

 S        WITH
    Q                  0.000      0.000    999.000    999.000

 Means
    I                 36.693      0.740     49.569      0.000
    S                  2.646      0.145     18.230      0.000
    Q                 -0.061      0.006    -10.638      0.000

 Intercepts
    SOFAS_0            0.000      0.000    999.000    999.000
    SOFAS_12           0.000      0.000    999.000    999.000
    SOFAS_24           0.000      0.000    999.000    999.000

 Variances
    I                -42.640     11.949     -3.569      0.000
    S                  0.055      0.065      0.850      0.395
    Q                  0.000      0.000    999.000    999.000

 Residual Variances
    SOFAS_0          141.004     10.035     14.051      0.000
    SOFAS_12         141.004     10.035     14.051      0.000
    SOFAS_24         141.004     10.035     14.051      0.000

Categorical Latent Variables

 Means
    C#1               -1.636      0.248     -6.601      0.000


QUALITY OF NUMERICAL RESULTS

     Condition Number for the Information Matrix              0.979E-05
       (ratio of smallest to largest eigenvalue)


STANDARDIZED MODEL RESULTS


STDYX Standardization

                                                    Two-Tailed
                    Estimate       S.E.  Est./S.E.    P-Value

Latent Class 1

 I        |
    SOFAS_0          999.000    999.000    999.000    999.000
    SOFAS_12         999.000    999.000    999.000    999.000
    SOFAS_24         999.000    999.000    999.000    999.000

 S        |
    SOFAS_0            0.000      0.000    999.000    999.000
    SOFAS_12           0.184      0.110      1.683      0.092
    SOFAS_24           0.288      0.163      1.760      0.078

 Q        |
    SOFAS_0          999.000    999.000    999.000    999.000
    SOFAS_12         999.000    999.000    999.000    999.000
    SOFAS_24         999.000    999.000    999.000    999.000

 I        WITH
    S                999.000    999.000    999.000    999.000
    Q                999.000    999.000    999.000    999.000

 S        WITH
    Q                999.000    999.000    999.000    999.000

 Means
    I                999.000    999.000    999.000    999.000
    S                  7.404      4.400      1.683      0.092
    Q                999.000    999.000    999.000    999.000

 Intercepts
    SOFAS_0            0.000      0.000    999.000    999.000
    SOFAS_12           0.000      0.000    999.000    999.000
    SOFAS_24           0.000      0.000    999.000    999.000

 Variances
    I                999.000    999.000    999.000    999.000
    S                  1.000      0.000    999.000    999.000
    Q                999.000    999.000    999.000    999.000

 Residual Variances
    SOFAS_0            1.433      0.144      9.966      0.000
    SOFAS_12           0.607      0.039     15.571      0.000
    SOFAS_24           0.369      0.037      9.972      0.000

Latent Class 2

 I        |
    SOFAS_0          999.000    999.000    999.000    999.000
    SOFAS_12         999.000    999.000    999.000    999.000
    SOFAS_24         999.000    999.000    999.000    999.000

 S        |
    SOFAS_0            0.000      0.000    999.000    999.000
    SOFAS_12           0.184      0.110      1.683      0.092
    SOFAS_24           0.288      0.163      1.760      0.078

 Q        |
    SOFAS_0          999.000    999.000    999.000    999.000
    SOFAS_12         999.000    999.000    999.000    999.000
    SOFAS_24         999.000    999.000    999.000    999.000

 I        WITH
    S                999.000    999.000    999.000    999.000
    Q                999.000    999.000    999.000    999.000

 S        WITH
    Q                999.000    999.000    999.000    999.000

 Means
    I                999.000    999.000    999.000    999.000
    S                 11.298      6.666      1.695      0.090
    Q                999.000    999.000    999.000    999.000

 Intercepts
    SOFAS_0            0.000      0.000    999.000    999.000
    SOFAS_12           0.000      0.000    999.000    999.000
    SOFAS_24           0.000      0.000    999.000    999.000

 Variances
    I                999.000    999.000    999.000    999.000
    S                  1.000      0.000    999.000    999.000
    Q                999.000    999.000    999.000    999.000

 Residual Variances
    SOFAS_0            1.433      0.144      9.966      0.000
    SOFAS_12           0.607      0.039     15.571      0.000
    SOFAS_24           0.369      0.037      9.972      0.000


STDY Standardization

                                                    Two-Tailed
                    Estimate       S.E.  Est./S.E.    P-Value

Latent Class 1

 I        |
    SOFAS_0          999.000    999.000    999.000    999.000
    SOFAS_12         999.000    999.000    999.000    999.000
    SOFAS_24         999.000    999.000    999.000    999.000

 S        |
    SOFAS_0            0.000      0.000    999.000    999.000
    SOFAS_12           0.184      0.110      1.683      0.092
    SOFAS_24           0.288      0.163      1.760      0.078

 Q        |
    SOFAS_0          999.000    999.000    999.000    999.000
    SOFAS_12         999.000    999.000    999.000    999.000
    SOFAS_24         999.000    999.000    999.000    999.000

 I        WITH
    S                999.000    999.000    999.000    999.000
    Q                999.000    999.000    999.000    999.000

 S        WITH
    Q                999.000    999.000    999.000    999.000

 Means
    I                999.000    999.000    999.000    999.000
    S                  7.404      4.400      1.683      0.092
    Q                999.000    999.000    999.000    999.000

 Intercepts
    SOFAS_0            0.000      0.000    999.000    999.000
    SOFAS_12           0.000      0.000    999.000    999.000
    SOFAS_24           0.000      0.000    999.000    999.000

 Variances
    I                999.000    999.000    999.000    999.000
    S                  1.000      0.000    999.000    999.000
    Q                999.000    999.000    999.000    999.000

 Residual Variances
    SOFAS_0            1.433      0.144      9.966      0.000
    SOFAS_12           0.607      0.039     15.571      0.000
    SOFAS_24           0.369      0.037      9.972      0.000

Latent Class 2

 I        |
    SOFAS_0          999.000    999.000    999.000    999.000
    SOFAS_12         999.000    999.000    999.000    999.000
    SOFAS_24         999.000    999.000    999.000    999.000

 S        |
    SOFAS_0            0.000      0.000    999.000    999.000
    SOFAS_12           0.184      0.110      1.683      0.092
    SOFAS_24           0.288      0.163      1.760      0.078

 Q        |
    SOFAS_0          999.000    999.000    999.000    999.000
    SOFAS_12         999.000    999.000    999.000    999.000
    SOFAS_24         999.000    999.000    999.000    999.000

 I        WITH
    S                999.000    999.000    999.000    999.000
    Q                999.000    999.000    999.000    999.000

 S        WITH
    Q                999.000    999.000    999.000    999.000

 Means
    I                999.000    999.000    999.000    999.000
    S                 11.298      6.666      1.695      0.090
    Q                999.000    999.000    999.000    999.000

 Intercepts
    SOFAS_0            0.000      0.000    999.000    999.000
    SOFAS_12           0.000      0.000    999.000    999.000
    SOFAS_24           0.000      0.000    999.000    999.000

 Variances
    I                999.000    999.000    999.000    999.000
    S                  1.000      0.000    999.000    999.000
    Q                999.000    999.000    999.000    999.000

 Residual Variances
    SOFAS_0            1.433      0.144      9.966      0.000
    SOFAS_12           0.607      0.039     15.571      0.000
    SOFAS_24           0.369      0.037      9.972      0.000


STD Standardization

                                                    Two-Tailed
                    Estimate       S.E.  Est./S.E.    P-Value

Latent Class 1

 I        |
    SOFAS_0          999.000    999.000    999.000    999.000
    SOFAS_12         999.000    999.000    999.000    999.000
    SOFAS_24         999.000    999.000    999.000    999.000

 S        |
    SOFAS_0            0.000      0.000    999.000    999.000
    SOFAS_12           2.811      1.654      1.700      0.089
    SOFAS_24           5.622      3.308      1.700      0.089

 Q        |
    SOFAS_0          999.000    999.000    999.000    999.000
    SOFAS_12         999.000    999.000    999.000    999.000
    SOFAS_24         999.000    999.000    999.000    999.000

 I        WITH
    S                999.000    999.000    999.000    999.000
    Q                999.000    999.000    999.000    999.000

 S        WITH
    Q                999.000    999.000    999.000    999.000

 Means
    I                999.000    999.000    999.000    999.000
    S                  7.404      4.400      1.683      0.092
    Q                999.000    999.000    999.000    999.000

 Intercepts
    SOFAS_0            0.000      0.000    999.000    999.000
    SOFAS_12           0.000      0.000    999.000    999.000
    SOFAS_24           0.000      0.000    999.000    999.000

 Variances
    I                999.000    999.000    999.000    999.000
    S                  1.000      0.000    999.000    999.000
    Q                999.000    999.000    999.000    999.000

 Residual Variances
    SOFAS_0          141.004     10.035     14.051      0.000
    SOFAS_12         141.004     10.035     14.051      0.000
    SOFAS_24         141.004     10.035     14.051      0.000

Latent Class 2

 I        |
    SOFAS_0          999.000    999.000    999.000    999.000
    SOFAS_12         999.000    999.000    999.000    999.000
    SOFAS_24         999.000    999.000    999.000    999.000

 S        |
    SOFAS_0            0.000      0.000    999.000    999.000
    SOFAS_12           2.811      1.654      1.700      0.089
    SOFAS_24           5.622      3.308      1.700      0.089

 Q        |
    SOFAS_0          999.000    999.000    999.000    999.000
    SOFAS_12         999.000    999.000    999.000    999.000
    SOFAS_24         999.000    999.000    999.000    999.000

 I        WITH
    S                999.000    999.000    999.000    999.000
    Q                999.000    999.000    999.000    999.000

 S        WITH
    Q                999.000    999.000    999.000    999.000

 Means
    I                999.000    999.000    999.000    999.000
    S                 11.298      6.666      1.695      0.090
    Q                999.000    999.000    999.000    999.000

 Intercepts
    SOFAS_0            0.000      0.000    999.000    999.000
    SOFAS_12           0.000      0.000    999.000    999.000
    SOFAS_24           0.000      0.000    999.000    999.000

 Variances
    I                999.000    999.000    999.000    999.000
    S                  1.000      0.000    999.000    999.000
    Q                999.000    999.000    999.000    999.000

 Residual Variances
    SOFAS_0          141.004     10.035     14.051      0.000
    SOFAS_12         141.004     10.035     14.051      0.000
    SOFAS_24         141.004     10.035     14.051      0.000


R-SQUARE

Class 1

    Observed                                        Two-Tailed
    Variable        Estimate       S.E.  Est./S.E.    P-Value

    SOFAS_0         Undefined  -0.43350E+00
    SOFAS_12           0.393      0.039     10.090      0.000
    SOFAS_24           0.631      0.037     17.057      0.000

Class 2

    Observed                                        Two-Tailed
    Variable        Estimate       S.E.  Est./S.E.    P-Value

    SOFAS_0         Undefined  -0.43350E+00
    SOFAS_12           0.393      0.039     10.090      0.000
    SOFAS_24           0.631      0.037     17.057      0.000


CONFIDENCE INTERVALS OF MODEL RESULTS

                  Lower .5%  Lower 2.5%    Lower 5%    Estimate    Upper 5%  Upper 2.5%   Upper .5%

Latent Class 1

 I        |
    SOFAS_0          1.000       1.000       1.000       1.000       1.000       1.000       1.000
    SOFAS_12         1.000       1.000       1.000       1.000       1.000       1.000       1.000
    SOFAS_24         1.000       1.000       1.000       1.000       1.000       1.000       1.000

 S        |
    SOFAS_0          0.000       0.000       0.000       0.000       0.000       0.000       0.000
    SOFAS_12        12.000      12.000      12.000      12.000      12.000      12.000      12.000
    SOFAS_24        24.000      24.000      24.000      24.000      24.000      24.000      24.000

 Q        |
    SOFAS_0          0.000       0.000       0.000       0.000       0.000       0.000       0.000
    SOFAS_12       144.000     144.000     144.000     144.000     144.000     144.000     144.000
    SOFAS_24       576.000     576.000     576.000     576.000     576.000     576.000     576.000

 I        WITH
    S                3.841       4.179       4.352       5.255       6.158       6.331       6.669
    Q                0.000       0.000       0.000       0.000       0.000       0.000       0.000

 S        WITH
    Q                0.000       0.000       0.000       0.000       0.000       0.000       0.000

 Means
    I               55.791      56.962      57.561      60.691      63.820      64.419      65.591
    S                0.872       1.078       1.183       1.734       2.285       2.391       2.597
    Q               -0.107      -0.098      -0.093      -0.068      -0.043      -0.038      -0.028

 Intercepts
    SOFAS_0          0.000       0.000       0.000       0.000       0.000       0.000       0.000
    SOFAS_12         0.000       0.000       0.000       0.000       0.000       0.000       0.000
    SOFAS_24         0.000       0.000       0.000       0.000       0.000       0.000       0.000

 Variances
    I              -73.417     -66.059     -62.296     -42.640     -22.985     -19.221     -11.863
    S               -0.111      -0.072      -0.051       0.055       0.161       0.181       0.221
    Q                0.000       0.000       0.000       0.000       0.000       0.000       0.000

 Residual Variances
    SOFAS_0        115.155     121.335     124.496     141.004     157.513     160.674     166.854
    SOFAS_12       115.155     121.335     124.496     141.004     157.513     160.674     166.854
    SOFAS_24       115.155     121.335     124.496     141.004     157.513     160.674     166.854

Latent Class 2

 I        |
    SOFAS_0          1.000       1.000       1.000       1.000       1.000       1.000       1.000
    SOFAS_12         1.000       1.000       1.000       1.000       1.000       1.000       1.000
    SOFAS_24         1.000       1.000       1.000       1.000       1.000       1.000       1.000

 S        |
    SOFAS_0          0.000       0.000       0.000       0.000       0.000       0.000       0.000
    SOFAS_12        12.000      12.000      12.000      12.000      12.000      12.000      12.000
    SOFAS_24        24.000      24.000      24.000      24.000      24.000      24.000      24.000

 Q        |
    SOFAS_0          0.000       0.000       0.000       0.000       0.000       0.000       0.000
    SOFAS_12       144.000     144.000     144.000     144.000     144.000     144.000     144.000
    SOFAS_24       576.000     576.000     576.000     576.000     576.000     576.000     576.000

 I        WITH
    S                3.841       4.179       4.352       5.255       6.158       6.331       6.669
    Q                0.000       0.000       0.000       0.000       0.000       0.000       0.000

 S        WITH
    Q                0.000       0.000       0.000       0.000       0.000       0.000       0.000

 Means
    I               34.786      35.242      35.475      36.693      37.910      38.144      38.599
    S                2.272       2.362       2.408       2.646       2.885       2.931       3.020
    Q               -0.076      -0.073      -0.071      -0.061      -0.052      -0.050      -0.047

 Intercepts
    SOFAS_0          0.000       0.000       0.000       0.000       0.000       0.000       0.000
    SOFAS_12         0.000       0.000       0.000       0.000       0.000       0.000       0.000
    SOFAS_24         0.000       0.000       0.000       0.000       0.000       0.000       0.000

 Variances
    I              -73.417     -66.059     -62.296     -42.640     -22.985     -19.221     -11.863
    S               -0.111      -0.072      -0.051       0.055       0.161       0.181       0.221
    Q                0.000       0.000       0.000       0.000       0.000       0.000       0.000

 Residual Variances
    SOFAS_0        115.155     121.335     124.496     141.004     157.513     160.674     166.854
    SOFAS_12       115.155     121.335     124.496     141.004     157.513     160.674     166.854
    SOFAS_24       115.155     121.335     124.496     141.004     157.513     160.674     166.854

Categorical Latent Variables

 Means
    C#1             -2.274      -2.122      -2.043      -1.636      -1.228      -1.150      -0.997


CONFIDENCE INTERVALS OF STANDARDIZED MODEL RESULTS


STDYX Standardization

                  Lower .5%  Lower 2.5%    Lower 5%    Estimate    Upper 5%  Upper 2.5%   Upper .5%

Latent Class 1

 I        |
    SOFAS_0        999.000     999.000     999.000     999.000     999.000     999.000     999.000
    SOFAS_12       999.000     999.000     999.000     999.000     999.000     999.000     999.000
    SOFAS_24       999.000     999.000     999.000     999.000     999.000     999.000     999.000

 S        |
    SOFAS_0          0.000       0.000       0.000       0.000       0.000       0.000       0.000
    SOFAS_12        -0.098      -0.030       0.004       0.184       0.365       0.399       0.467
    SOFAS_24        -0.133      -0.033       0.019       0.288       0.556       0.608       0.708

 Q        |
    SOFAS_0        999.000     999.000     999.000     999.000     999.000     999.000     999.000
    SOFAS_12       999.000     999.000     999.000     999.000     999.000     999.000     999.000
    SOFAS_24       999.000     999.000     999.000     999.000     999.000     999.000     999.000

 I        WITH
    S              999.000     999.000     999.000     999.000     999.000     999.000     999.000
    Q              999.000     999.000     999.000     999.000     999.000     999.000     999.000

 S        WITH
    Q              999.000     999.000     999.000     999.000     999.000     999.000     999.000

 Means
    I              999.000     999.000     999.000     999.000     999.000     999.000     999.000
    S               -3.930      -1.220       0.166       7.404      14.643      16.029      18.739
    Q              999.000     999.000     999.000     999.000     999.000     999.000     999.000

 Intercepts
    SOFAS_0          0.000       0.000       0.000       0.000       0.000       0.000       0.000
    SOFAS_12         0.000       0.000       0.000       0.000       0.000       0.000       0.000
    SOFAS_24         0.000       0.000       0.000       0.000       0.000       0.000       0.000

 Variances
    I              999.000     999.000     999.000     999.000     999.000     999.000     999.000
    S                1.000       1.000       1.000       1.000       1.000       1.000       1.000
    Q              999.000     999.000     999.000     999.000     999.000     999.000     999.000

 Residual Variances
    SOFAS_0          1.063       1.152       1.197       1.433       1.670       1.715       1.804
    SOFAS_12         0.506       0.530       0.543       0.607       0.671       0.683       0.707
    SOFAS_24         0.274       0.296       0.308       0.369       0.430       0.441       0.464

Latent Class 2

 I        |
    SOFAS_0        999.000     999.000     999.000     999.000     999.000     999.000     999.000
    SOFAS_12       999.000     999.000     999.000     999.000     999.000     999.000     999.000
    SOFAS_24       999.000     999.000     999.000     999.000     999.000     999.000     999.000

 S        |
    SOFAS_0          0.000       0.000       0.000       0.000       0.000       0.000       0.000
    SOFAS_12        -0.098      -0.030       0.004       0.184       0.365       0.399       0.467
    SOFAS_24        -0.133      -0.033       0.019       0.288       0.556       0.608       0.708

 Q        |
    SOFAS_0        999.000     999.000     999.000     999.000     999.000     999.000     999.000
    SOFAS_12       999.000     999.000     999.000     999.000     999.000     999.000     999.000
    SOFAS_24       999.000     999.000     999.000     999.000     999.000     999.000     999.000

 I        WITH
    S              999.000     999.000     999.000     999.000     999.000     999.000     999.000
    Q              999.000     999.000     999.000     999.000     999.000     999.000     999.000

 S        WITH
    Q              999.000     999.000     999.000     999.000     999.000     999.000     999.000

 Means
    I              999.000     999.000     999.000     999.000     999.000     999.000     999.000
    S               -5.873      -1.768       0.332      11.298      22.264      24.364      28.469
    Q              999.000     999.000     999.000     999.000     999.000     999.000     999.000

 Intercepts
    SOFAS_0          0.000       0.000       0.000       0.000       0.000       0.000       0.000
    SOFAS_12         0.000       0.000       0.000       0.000       0.000       0.000       0.000
    SOFAS_24         0.000       0.000       0.000       0.000       0.000       0.000       0.000

 Variances
    I              999.000     999.000     999.000     999.000     999.000     999.000     999.000
    S                1.000       1.000       1.000       1.000       1.000       1.000       1.000
    Q              999.000     999.000     999.000     999.000     999.000     999.000     999.000

 Residual Variances
    SOFAS_0          1.063       1.152       1.197       1.433       1.670       1.715       1.804
    SOFAS_12         0.506       0.530       0.543       0.607       0.671       0.683       0.707
    SOFAS_24         0.274       0.296       0.308       0.369       0.430       0.441       0.464


STDY Standardization

                  Lower .5%  Lower 2.5%    Lower 5%    Estimate    Upper 5%  Upper 2.5%   Upper .5%

Latent Class 1

 I        |
    SOFAS_0        999.000     999.000     999.000     999.000     999.000     999.000     999.000
    SOFAS_12       999.000     999.000     999.000     999.000     999.000     999.000     999.000
    SOFAS_24       999.000     999.000     999.000     999.000     999.000     999.000     999.000

 S        |
    SOFAS_0          0.000       0.000       0.000       0.000       0.000       0.000       0.000
    SOFAS_12        -0.098      -0.030       0.004       0.184       0.365       0.399       0.467
    SOFAS_24        -0.133      -0.033       0.019       0.288       0.556       0.608       0.708

 Q        |
    SOFAS_0        999.000     999.000     999.000     999.000     999.000     999.000     999.000
    SOFAS_12       999.000     999.000     999.000     999.000     999.000     999.000     999.000
    SOFAS_24       999.000     999.000     999.000     999.000     999.000     999.000     999.000

 I        WITH
    S              999.000     999.000     999.000     999.000     999.000     999.000     999.000
    Q              999.000     999.000     999.000     999.000     999.000     999.000     999.000

 S        WITH
    Q              999.000     999.000     999.000     999.000     999.000     999.000     999.000

 Means
    I              999.000     999.000     999.000     999.000     999.000     999.000     999.000
    S               -3.930      -1.220       0.166       7.404      14.643      16.029      18.739
    Q              999.000     999.000     999.000     999.000     999.000     999.000     999.000

 Intercepts
    SOFAS_0          0.000       0.000       0.000       0.000       0.000       0.000       0.000
    SOFAS_12         0.000       0.000       0.000       0.000       0.000       0.000       0.000
    SOFAS_24         0.000       0.000       0.000       0.000       0.000       0.000       0.000

 Variances
    I              999.000     999.000     999.000     999.000     999.000     999.000     999.000
    S                1.000       1.000       1.000       1.000       1.000       1.000       1.000
    Q              999.000     999.000     999.000     999.000     999.000     999.000     999.000

 Residual Variances
    SOFAS_0          1.063       1.152       1.197       1.433       1.670       1.715       1.804
    SOFAS_12         0.506       0.530       0.543       0.607       0.671       0.683       0.707
    SOFAS_24         0.274       0.296       0.308       0.369       0.430       0.441       0.464

Latent Class 2

 I        |
    SOFAS_0        999.000     999.000     999.000     999.000     999.000     999.000     999.000
    SOFAS_12       999.000     999.000     999.000     999.000     999.000     999.000     999.000
    SOFAS_24       999.000     999.000     999.000     999.000     999.000     999.000     999.000

 S        |
    SOFAS_0          0.000       0.000       0.000       0.000       0.000       0.000       0.000
    SOFAS_12        -0.098      -0.030       0.004       0.184       0.365       0.399       0.467
    SOFAS_24        -0.133      -0.033       0.019       0.288       0.556       0.608       0.708

 Q        |
    SOFAS_0        999.000     999.000     999.000     999.000     999.000     999.000     999.000
    SOFAS_12       999.000     999.000     999.000     999.000     999.000     999.000     999.000
    SOFAS_24       999.000     999.000     999.000     999.000     999.000     999.000     999.000

 I        WITH
    S              999.000     999.000     999.000     999.000     999.000     999.000     999.000
    Q              999.000     999.000     999.000     999.000     999.000     999.000     999.000

 S        WITH
    Q              999.000     999.000     999.000     999.000     999.000     999.000     999.000

 Means
    I              999.000     999.000     999.000     999.000     999.000     999.000     999.000
    S               -5.873      -1.768       0.332      11.298      22.264      24.364      28.469
    Q              999.000     999.000     999.000     999.000     999.000     999.000     999.000

 Intercepts
    SOFAS_0          0.000       0.000       0.000       0.000       0.000       0.000       0.000
    SOFAS_12         0.000       0.000       0.000       0.000       0.000       0.000       0.000
    SOFAS_24         0.000       0.000       0.000       0.000       0.000       0.000       0.000

 Variances
    I              999.000     999.000     999.000     999.000     999.000     999.000     999.000
    S                1.000       1.000       1.000       1.000       1.000       1.000       1.000
    Q              999.000     999.000     999.000     999.000     999.000     999.000     999.000

 Residual Variances
    SOFAS_0          1.063       1.152       1.197       1.433       1.670       1.715       1.804
    SOFAS_12         0.506       0.530       0.543       0.607       0.671       0.683       0.707
    SOFAS_24         0.274       0.296       0.308       0.369       0.430       0.441       0.464


STD Standardization

                  Lower .5%  Lower 2.5%    Lower 5%    Estimate    Upper 5%  Upper 2.5%   Upper .5%

Latent Class 1

 I        |
    SOFAS_0        999.000     999.000     999.000     999.000     999.000     999.000     999.000
    SOFAS_12       999.000     999.000     999.000     999.000     999.000     999.000     999.000
    SOFAS_24       999.000     999.000     999.000     999.000     999.000     999.000     999.000

 S        |
    SOFAS_0          0.000       0.000       0.000       0.000       0.000       0.000       0.000
    SOFAS_12        -1.449      -0.431       0.090       2.811       5.531       6.052       7.071
    SOFAS_24        -2.898      -0.861       0.181       5.622      11.063      12.104      14.141

 Q        |
    SOFAS_0        999.000     999.000     999.000     999.000     999.000     999.000     999.000
    SOFAS_12       999.000     999.000     999.000     999.000     999.000     999.000     999.000
    SOFAS_24       999.000     999.000     999.000     999.000     999.000     999.000     999.000

 I        WITH
    S              999.000     999.000     999.000     999.000     999.000     999.000     999.000
    Q              999.000     999.000     999.000     999.000     999.000     999.000     999.000

 S        WITH
    Q              999.000     999.000     999.000     999.000     999.000     999.000     999.000

 Means
    I              999.000     999.000     999.000     999.000     999.000     999.000     999.000
    S               -3.930      -1.220       0.166       7.404      14.643      16.029      18.739
    Q              999.000     999.000     999.000     999.000     999.000     999.000     999.000

 Intercepts
    SOFAS_0          0.000       0.000       0.000       0.000       0.000       0.000       0.000
    SOFAS_12         0.000       0.000       0.000       0.000       0.000       0.000       0.000
    SOFAS_24         0.000       0.000       0.000       0.000       0.000       0.000       0.000

 Variances
    I              999.000     999.000     999.000     999.000     999.000     999.000     999.000
    S                1.000       1.000       1.000       1.000       1.000       1.000       1.000
    Q              999.000     999.000     999.000     999.000     999.000     999.000     999.000

 Residual Variances
    SOFAS_0        115.155     121.335     124.496     141.004     157.513     160.674     166.854
    SOFAS_12       115.155     121.335     124.496     141.004     157.513     160.674     166.854
    SOFAS_24       115.155     121.335     124.496     141.004     157.513     160.674     166.854

Latent Class 2

 I        |
    SOFAS_0        999.000     999.000     999.000     999.000     999.000     999.000     999.000
    SOFAS_12       999.000     999.000     999.000     999.000     999.000     999.000     999.000
    SOFAS_24       999.000     999.000     999.000     999.000     999.000     999.000     999.000

 S        |
    SOFAS_0          0.000       0.000       0.000       0.000       0.000       0.000       0.000
    SOFAS_12        -1.449      -0.431       0.090       2.811       5.531       6.052       7.071
    SOFAS_24        -2.898      -0.861       0.181       5.622      11.063      12.104      14.141

 Q        |
    SOFAS_0        999.000     999.000     999.000     999.000     999.000     999.000     999.000
    SOFAS_12       999.000     999.000     999.000     999.000     999.000     999.000     999.000
    SOFAS_24       999.000     999.000     999.000     999.000     999.000     999.000     999.000

 I        WITH
    S              999.000     999.000     999.000     999.000     999.000     999.000     999.000
    Q              999.000     999.000     999.000     999.000     999.000     999.000     999.000

 S        WITH
    Q              999.000     999.000     999.000     999.000     999.000     999.000     999.000

 Means
    I              999.000     999.000     999.000     999.000     999.000     999.000     999.000
    S               -5.873      -1.768       0.332      11.298      22.264      24.364      28.469
    Q              999.000     999.000     999.000     999.000     999.000     999.000     999.000

 Intercepts
    SOFAS_0          0.000       0.000       0.000       0.000       0.000       0.000       0.000
    SOFAS_12         0.000       0.000       0.000       0.000       0.000       0.000       0.000
    SOFAS_24         0.000       0.000       0.000       0.000       0.000       0.000       0.000

 Variances
    I              999.000     999.000     999.000     999.000     999.000     999.000     999.000
    S                1.000       1.000       1.000       1.000       1.000       1.000       1.000
    Q              999.000     999.000     999.000     999.000     999.000     999.000     999.000

 Residual Variances
    SOFAS_0        115.155     121.335     124.496     141.004     157.513     160.674     166.854
    SOFAS_12       115.155     121.335     124.496     141.004     157.513     160.674     166.854
    SOFAS_24       115.155     121.335     124.496     141.004     157.513     160.674     166.854


TECHNICAL 7 OUTPUT


     SAMPLE STATISTICS WEIGHTED BY ESTIMATED CLASS PROBABILITIES FOR CLASS 1


           Means
              SOFAS_0       SOFAS_12      SOFAS_24
              ________      ________      ________
               60.648        71.391        60.979


           Covariances
              SOFAS_0       SOFAS_12      SOFAS_24
              ________      ________      ________
 SOFAS_0       95.814
 SOFAS_12     -60.076       192.953
 SOFAS_24    -147.166        53.728       389.877


     SAMPLE STATISTICS WEIGHTED BY ESTIMATED CLASS PROBABILITIES FOR CLASS 2


           Means
              SOFAS_0       SOFAS_12      SOFAS_24
              ________      ________      ________
               36.677        59.609        64.141


           Covariances
              SOFAS_0       SOFAS_12      SOFAS_24
              ________      ________      ________
 SOFAS_0       88.531
 SOFAS_12       8.201       295.330
 SOFAS_24      40.743       138.229       317.201


TECHNICAL 11 OUTPUT

     Random Starts Specifications for the k-1 Class Analysis Model
        Number of initial stage random starts                2000
        Number of final stage optimizations                   500



     VUONG-LO-MENDELL-RUBIN LIKELIHOOD RATIO TEST FOR 1 (H0) VERSUS 2 CLASSES

          H0 Loglikelihood Value                        -5534.954
          2 Times the Loglikelihood Difference             66.681
          Difference in the Number of Parameters                4
          Mean                                              4.583
          Standard Deviation                                5.875
          P-Value                                          0.0000

     LO-MENDELL-RUBIN ADJUSTED LRT TEST

          Value                                            64.203
          P-Value                                          0.0000


SAMPLE STATISTICS FOR ESTIMATED FACTOR SCORES


     SAMPLE STATISTICS


           Means
              I             S             Q             C_I           C_S
              ________      ________      ________      ________      ________
               40.605         2.498        -0.062        39.366         2.570


           Means
              C_Q
              ________
               -0.062


           Covariances
              I             S             Q             C_I           C_S
              ________      ________      ________      ________      ________
 I             50.636
 S             -0.765         0.210
 Q             -0.009         0.000         0.000
 C_I           58.651        -1.568        -0.010        89.413
 C_S           -1.243         0.258         0.000        -3.400         0.388
 C_Q           -0.010         0.000         0.000        -0.015         0.001


           Covariances
              C_Q
              ________
 C_Q            0.000


           Correlations
              I             S             Q             C_I           C_S
              ________      ________      ________      ________      ________
 I              1.000
 S             -0.235         1.000
 Q             -0.694         0.111         1.000
 C_I            0.872        -0.362        -0.585         1.000
 C_S           -0.280         0.904         0.140        -0.577         1.000
 C_Q           -0.691         0.237         0.920        -0.770         0.403


           Correlations
              C_Q
              ________
 C_Q            1.000


SAVEDATA INFORMATION


  Save file
    GMM_CI_isq@0_FIX_est.dat

  Order and format of variables

    SOFAS_0        F10.3
    SOFAS_12       F10.3
    SOFAS_24       F10.3
    I              F10.3
    S              F10.3
    Q              F10.3
    C_I            F10.3
    C_S            F10.3
    C_Q            F10.3
    CPROB1         F10.3
    CPROB2         F10.3
    C              F10.3
    PIN            I4

  Save file format
    12F10.3 I4

  Save file record length    10000

  Save missing symbol        *


     Beginning Time:  20:04:02
        Ending Time:  20:04:33
       Elapsed Time:  00:00:31



MUTHEN & MUTHEN
3463 Stoner Ave.
Los Angeles, CA  90066

Tel: (310) 391-9971
Fax: (310) 391-8971
Web: www.StatModel.com
Support: Support@StatModel.com

Copyright (c) 1998-2021 Muthen & Muthen
