Mplus VERSION 8.6 (Mac)
MUTHEN & MUTHEN
09/06/2023   5:16 PM

INPUT INSTRUCTIONS

  TITLE:
  GMM_CV_isqcub_FIX
  DATA:
  FILE = "/Users/olivierpercie/Desktop/LGM/SAPS/689/SAPS/Results/GMM/CV/isqcub/GMM13.dat";

  VARIABLE:
  NAMES = pin SAPS_0 SAPS_1 SAPS_2 SAPS_3 SAPS_6 SAPS_9 SAPS_12 SAPS_18 SAPS_24;
   MISSING=.;
   USEVAR = SAPS_0 SAPS_1 SAPS_2 SAPS_3 SAPS_6 SAPS_9 SAPS_12 SAPS_18 SAPS_24;
  IDVAR = pin;
  CLASSES = c(2);
  ANALYSIS:
  TYPE = MIXTURE;
  STARTS = 4000 1000;
  K-1STARTS = 2000 500;
  DISTRIBUTION = NORMAL;
  PROCESSORS = 8;
  MODEL:
  %OVERALL%
  i s q cub | SAPS_0@0 SAPS_1@1 SAPS_2@2 SAPS_3@3 SAPS_6@6 SAPS_9@9 SAPS_12@12 SAPS_18@18
  SAPS_24@24;
  i s q cub;
  i WITH s q cub;
  s WITH q cub;
  q WITH cub;
  SAPS_0 SAPS_1 SAPS_2 SAPS_3 SAPS_6 SAPS_9 SAPS_12 SAPS_18 SAPS_24;
  %C#1%
  i s q cub;
  i WITH s q cub;
  s WITH q cub;
  q WITH cub;
  SAPS_0 SAPS_1 SAPS_2 SAPS_3 SAPS_6 SAPS_9 SAPS_12 SAPS_18 SAPS_24 (1);
  %C#2%
  i s q cub;
  i WITH s q cub;
  s WITH q cub;
  q WITH cub;
  SAPS_0 SAPS_1 SAPS_2 SAPS_3 SAPS_6 SAPS_9 SAPS_12 SAPS_18 SAPS_24 (1);
  OUTPUT:
  TECH7;
  TECH11;
  SAMPSTAT;
  STANDARDIZED;
  CINTERVAL;
  SAVEDATA:
  FILE = GMM_CV_isqcub_FIX_est.dat;
  SAVE = CPROBABILITIES FSCORES;



*** WARNING
  Data set contains cases with missing on all variables.
  These cases were not included in the analysis.
  Number of cases with missing on all variables:  10
   1 WARNING(S) FOUND IN THE INPUT INSTRUCTIONS




GMM_CV_isqcub_FIX

SUMMARY OF ANALYSIS

Number of groups                                                 1
Number of observations                                         679

Number of dependent variables                                    9
Number of independent variables                                  0
Number of continuous latent variables                            4
Number of categorical latent variables                           1

Observed dependent variables

  Continuous
   SAPS_0      SAPS_1      SAPS_2      SAPS_3      SAPS_6      SAPS_9
   SAPS_12     SAPS_18     SAPS_24

Continuous latent variables
   I           S           Q           CUB

Categorical latent variables
   C

Variables with special functions

  ID variable           PIN

Estimator                                                      MLR
Information matrix                                        OBSERVED
Optimization Specifications for the Quasi-Newton Algorithm for
Continuous Outcomes
  Maximum number of iterations                                 100
  Convergence criterion                                  0.100D-05
Optimization Specifications for the EM Algorithm
  Maximum number of iterations                                 500
  Convergence criteria
    Loglikelihood change                                 0.100D-06
    Relative loglikelihood change                        0.100D-06
    Derivative                                           0.100D-05
Optimization Specifications for the M step of the EM Algorithm for
Categorical Latent variables
  Number of M step iterations                                    1
  M step convergence criterion                           0.100D-05
  Basis for M step termination                           ITERATION
Optimization Specifications for the M step of the EM Algorithm for
Censored, Binary or Ordered Categorical (Ordinal), Unordered
Categorical (Nominal) and Count Outcomes
  Number of M step iterations                                    1
  M step convergence criterion                           0.100D-05
  Basis for M step termination                           ITERATION
  Maximum value for logit thresholds                            15
  Minimum value for logit thresholds                           -15
  Minimum expected cell size for chi-square              0.100D-01
Maximum number of iterations for H1                           2000
Convergence criterion for H1                             0.100D-03
Optimization algorithm                                         EMA
Random Starts Specifications
  Number of initial stage random starts                       4000
  Number of final stage optimizations                         1000
  Number of initial stage iterations                            10
  Initial stage convergence criterion                    0.100D+01
  Random starts scale                                    0.500D+01
  Random seed for generating random starts                       0

Input data file(s)
  /Users/olivierpercie/Desktop/LGM/SAPS/689/SAPS/Results/GMM/CV/isqcub/GMM13.dat
Input data format  FREE


SUMMARY OF DATA

     Number of missing data patterns           111
     Number of y missing data patterns         111
     Number of u missing data patterns           0


COVARIANCE COVERAGE OF DATA

Minimum covariance coverage value   0.100


     PROPORTION OF DATA PRESENT FOR Y


           Covariance Coverage
              SAPS_0        SAPS_1        SAPS_2        SAPS_3        SAPS_6
              ________      ________      ________      ________      ________
 SAPS_0         0.991
 SAPS_1         0.533         0.536
 SAPS_2         0.672         0.454         0.673
 SAPS_3         0.826         0.471         0.629         0.828
 SAPS_6         0.760         0.445         0.586         0.722         0.764
 SAPS_9         0.647         0.423         0.554         0.598         0.586
 SAPS_12        0.673         0.417         0.533         0.619         0.610
 SAPS_18        0.626         0.398         0.508         0.571         0.558
 SAPS_24        0.588         0.381         0.502         0.541         0.529


           Covariance Coverage
              SAPS_9        SAPS_12       SAPS_18       SAPS_24
              ________      ________      ________      ________
 SAPS_9         0.651
 SAPS_12        0.570         0.679
 SAPS_18        0.536         0.557         0.632
 SAPS_24        0.526         0.533         0.533         0.595


SAMPLE STATISTICS


     ESTIMATED SAMPLE STATISTICS


           Means
              SAPS_0        SAPS_1        SAPS_2        SAPS_3        SAPS_6
              ________      ________      ________      ________      ________
               11.401         5.620         4.214         3.605         3.639


           Means
              SAPS_9        SAPS_12       SAPS_18       SAPS_24
              ________      ________      ________      ________
                3.516         3.565         3.460         3.378


           Covariances
              SAPS_0        SAPS_1        SAPS_2        SAPS_3        SAPS_6
              ________      ________      ________      ________      ________
 SAPS_0        10.540
 SAPS_1         3.457        15.080
 SAPS_2         2.269        10.386        13.858
 SAPS_3         1.479         7.515         9.584        13.304
 SAPS_6         1.361         5.736         6.841         6.928        13.800
 SAPS_9         1.117         4.100         5.363         5.845         7.433
 SAPS_12        1.636         3.492         4.238         5.413         5.876
 SAPS_18        0.585         3.200         4.163         5.209         5.015
 SAPS_24        0.345         2.231         3.194         3.727         3.266


           Covariances
              SAPS_9        SAPS_12       SAPS_18       SAPS_24
              ________      ________      ________      ________
 SAPS_9        13.154
 SAPS_12        6.330        15.032
 SAPS_18        4.641         6.892        14.351
 SAPS_24        4.612         4.985         6.137        15.065


           Correlations
              SAPS_0        SAPS_1        SAPS_2        SAPS_3        SAPS_6
              ________      ________      ________      ________      ________
 SAPS_0         1.000
 SAPS_1         0.274         1.000
 SAPS_2         0.188         0.718         1.000
 SAPS_3         0.125         0.531         0.706         1.000
 SAPS_6         0.113         0.398         0.495         0.511         1.000
 SAPS_9         0.095         0.291         0.397         0.442         0.552
 SAPS_12        0.130         0.232         0.294         0.383         0.408
 SAPS_18        0.048         0.218         0.295         0.377         0.356
 SAPS_24        0.027         0.148         0.221         0.263         0.226


           Correlations
              SAPS_9        SAPS_12       SAPS_18       SAPS_24
              ________      ________      ________      ________
 SAPS_9         1.000
 SAPS_12        0.450         1.000
 SAPS_18        0.338         0.469         1.000
 SAPS_24        0.328         0.331         0.417         1.000


     MAXIMUM LOG-LIKELIHOOD VALUE FOR THE UNRESTRICTED (H1) MODEL IS -11088.331


UNIVARIATE SAMPLE STATISTICS


     UNIVARIATE HIGHER-ORDER MOMENT DESCRIPTIVE STATISTICS

         Variable/         Mean/     Skewness/   Minimum/ % with                Percentiles
        Sample Size      Variance    Kurtosis    Maximum  Min/Max      20%/60%    40%/80%    Median

     SAPS_0               11.403      -0.174       2.000    0.45%       8.000     11.000     12.000
             673.000      10.538      -0.293      20.000    0.15%      13.000     14.000
     SAPS_1                5.440       0.457       0.000   10.16%       2.000      4.000      5.000
             364.000      14.543      -0.491      17.000    0.27%       6.000      9.000
     SAPS_2                4.046       0.922       0.000   19.26%       1.000      2.000      3.000
             457.000      13.466       0.343      18.000    0.22%       4.000      7.000
     SAPS_3                3.520       1.117       0.000   27.40%       0.000      2.000      2.000
             562.000      13.139       0.783      17.000    0.18%       4.000      6.000
     SAPS_6                3.572       0.963       0.000   30.25%       0.000      2.000      2.000
             519.000      13.678       0.100      16.000    0.19%       4.000      7.000
     SAPS_9                3.446       1.146       0.000   29.19%       0.000      1.000      2.000
             442.000      13.310       0.862      16.000    0.45%       3.000      6.000
     SAPS_12               3.577       1.257       0.000   28.63%       0.000      2.000      2.000
             461.000      15.081       1.015      18.000    0.22%       3.000      6.000
     SAPS_18               3.375       1.295       0.000   30.30%       0.000      1.000      2.000
             429.000      14.206       1.176      17.000    0.47%       3.000      6.000
     SAPS_24               3.297       1.336       0.000   33.91%       0.000      1.000      2.000
             404.000      15.080       1.145      17.000    0.25%       3.000      6.000

RANDOM STARTS RESULTS RANKED FROM THE BEST TO THE WORST LOGLIKELIHOOD VALUES


3967 perturbed starting value run(s) did not converge or were rejected in the third stage.
Final stage loglikelihood values at local maxima, seeds, and initial stage start numbers:

          -11715.194  872743           374

999 perturbed starting value run(s) did not converge or were rejected in the third stage.



     WARNING:  THE BEST LOGLIKELIHOOD VALUE WAS NOT REPLICATED.  THE
     SOLUTION MAY NOT BE TRUSTWORTHY DUE TO LOCAL MAXIMA.  INCREASE THE
     NUMBER OF RANDOM STARTS.

     THE STANDARD ERRORS OF THE MODEL PARAMETER ESTIMATES MAY NOT BE
     TRUSTWORTHY FOR SOME PARAMETERS DUE TO A NON-POSITIVE DEFINITE
     FIRST-ORDER DERIVATIVE PRODUCT MATRIX.  THIS MAY BE DUE TO THE STARTING
     VALUES BUT MAY ALSO BE AN INDICATION OF MODEL NONIDENTIFICATION.  THE
     CONDITION NUMBER IS       0.125D-14.  PROBLEM INVOLVING THE FOLLOWING PARAMETER:
     Parameter 1, %C#1%: SAPS_0 (equality/label)

     THE MODEL ESTIMATION DID NOT TERMINATE NORMALLY DUE TO AN ILL-CONDITIONED
     FISHER INFORMATION MATRIX.  CHANGE YOUR MODEL AND/OR STARTING VALUES.

     THE MODEL ESTIMATION DID NOT TERMINATE NORMALLY DUE TO A NON-POSITIVE
     DEFINITE FISHER INFORMATION MATRIX.  THIS MAY BE DUE TO THE STARTING VALUES
     BUT MAY ALSO BE AN INDICATION OF MODEL NONIDENTIFICATION.  THE CONDITION
     NUMBER IS       0.241D-14.

     THE STANDARD ERRORS OF THE MODEL PARAMETER ESTIMATES COULD NOT BE
     COMPUTED.  THIS IS OFTEN DUE TO THE STARTING VALUES BUT MAY ALSO BE
     AN INDICATION OF MODEL NONIDENTIFICATION.  CHANGE YOUR MODEL AND/OR
     STARTING VALUES.  PROBLEM INVOLVING THE FOLLOWING PARAMETER:
     Parameter 1, %C#1%: SAPS_0 (equality/label)






FINAL CLASS COUNTS AND PROPORTIONS FOR THE LATENT CLASSES
BASED ON THE ESTIMATED MODEL

    Latent
   Classes

       1        679.00000          1.00000
       2          0.00000          0.00000


FINAL CLASS COUNTS AND PROPORTIONS FOR THE LATENT CLASSES
BASED ON ESTIMATED POSTERIOR PROBABILITIES

    Latent
   Classes

       1        679.00000          1.00000
       2          0.00000          0.00000


FINAL CLASS COUNTS AND PROPORTIONS FOR THE LATENT CLASSES
BASED ON THEIR MOST LIKELY LATENT CLASS MEMBERSHIP

Class Counts and Proportions

    Latent
   Classes

       1              679          1.00000
       2                0          0.00000


CLASSIFICATION QUALITY

     Entropy                         1.000


Average Latent Class Probabilities for Most Likely Latent Class Membership (Row)
by Latent Class (Column)

           1        2

    1   1.000    0.000
    2   0.000    0.000


Classification Probabilities for the Most Likely Latent Class Membership (Column)
by Latent Class (Row)

           1        2

    1   1.000    0.000
    2   0.000    0.000


Logits for the Classification Probabilities for the Most Likely Latent Class Membership (Column)
by Latent Class (Row)

              1        2

    1     13.816    0.000
    2      0.000    0.000


MODEL RESULTS

                    Estimate

Latent Class 1

 I        |
    SAPS_0             1.000
    SAPS_1             1.000
    SAPS_2             1.000
    SAPS_3             1.000
    SAPS_6             1.000
    SAPS_9             1.000
    SAPS_12            1.000
    SAPS_18            1.000
    SAPS_24            1.000

 S        |
    SAPS_0             0.000
    SAPS_1             1.000
    SAPS_2             2.000
    SAPS_3             3.000
    SAPS_6             6.000
    SAPS_9             9.000
    SAPS_12           12.000
    SAPS_18           18.000
    SAPS_24           24.000

 Q        |
    SAPS_0             0.000
    SAPS_1             1.000
    SAPS_2             4.000
    SAPS_3             9.000
    SAPS_6            36.000
    SAPS_9            81.000
    SAPS_12          144.000
    SAPS_18          324.000
    SAPS_24          576.000

 CUB      |
    SAPS_0             0.000
    SAPS_1             1.000
    SAPS_2             8.000
    SAPS_3            27.000
    SAPS_6           216.000
    SAPS_9           729.000
    SAPS_12         1728.000
    SAPS_18         5832.000
    SAPS_24        13824.000

 I        WITH
    S                  0.675
    Q                 -0.082
    CUB                0.002

 S        WITH
    Q                  0.005
    CUB                0.000

 Q        WITH
    CUB                0.000

 Means
    I                  9.383
    S                 -2.000
    Q                  0.172
    CUB               -0.004

 Intercepts
    SAPS_0             0.000
    SAPS_1             0.000
    SAPS_2             0.000
    SAPS_3             0.000
    SAPS_6             0.000
    SAPS_9             0.000
    SAPS_12            0.000
    SAPS_18            0.000
    SAPS_24            0.000

 Variances
    I                  2.336
    S                  0.009
    Q                 -0.001
    CUB                0.000

 Residual Variances
    SAPS_0            10.811
    SAPS_1            10.811
    SAPS_2            10.811
    SAPS_3            10.811
    SAPS_6            10.811
    SAPS_9            10.811
    SAPS_12           10.811
    SAPS_18           10.811
    SAPS_24           10.811

Latent Class 2

 I        |
    SAPS_0             1.000
    SAPS_1             1.000
    SAPS_2             1.000
    SAPS_3             1.000
    SAPS_6             1.000
    SAPS_9             1.000
    SAPS_12            1.000
    SAPS_18            1.000
    SAPS_24            1.000

 S        |
    SAPS_0             0.000
    SAPS_1             1.000
    SAPS_2             2.000
    SAPS_3             3.000
    SAPS_6             6.000
    SAPS_9             9.000
    SAPS_12           12.000
    SAPS_18           18.000
    SAPS_24           24.000

 Q        |
    SAPS_0             0.000
    SAPS_1             1.000
    SAPS_2             4.000
    SAPS_3             9.000
    SAPS_6            36.000
    SAPS_9            81.000
    SAPS_12          144.000
    SAPS_18          324.000
    SAPS_24          576.000

 CUB      |
    SAPS_0             0.000
    SAPS_1             1.000
    SAPS_2             8.000
    SAPS_3            27.000
    SAPS_6           216.000
    SAPS_9           729.000
    SAPS_12         1728.000
    SAPS_18         5832.000
    SAPS_24        13824.000

 I        WITH
    S                314.248
    Q              -6959.161
    CUB              349.291

 S        WITH
    Q              -6755.349
    CUB              434.205

 Q        WITH
    CUB            -2881.549

 Means
    I                 70.402
    S                164.618
    Q                544.393
    CUB              199.856

 Intercepts
    SAPS_0             0.000
    SAPS_1             0.000
    SAPS_2             0.000
    SAPS_3             0.000
    SAPS_6             0.000
    SAPS_9             0.000
    SAPS_12            0.000
    SAPS_18            0.000
    SAPS_24            0.000

 Variances
    I               1128.887
    S               2285.035
    Q              53412.148
    CUB              159.767

 Residual Variances
    SAPS_0            10.811
    SAPS_1            10.811
    SAPS_2            10.811
    SAPS_3            10.811
    SAPS_6            10.811
    SAPS_9            10.811
    SAPS_12           10.811
    SAPS_18           10.811
    SAPS_24           10.811

Categorical Latent Variables

 Means
    C#1               38.728


MODEL COMMAND WITH FINAL ESTIMATES USED AS STARTING VALUES

     %OVERALL%

     i s q cub | saps_0@0 saps_1@1 saps_2@2 saps_3@3 saps_6@6 saps_9@9 saps_12@12 saps_18@18
     saps_24@24;

     [ c#1*38.72794 ];

     %C#1%

     i WITH s*0.67529;
     i WITH q*-0.08218;
     i WITH cub*0.00219;
     s WITH q*0.00494;
     s WITH cub*-0.00023;
     q WITH cub*0.00003;

     [ saps_0@0 ];
     [ saps_1@0 ];
     [ saps_2@0 ];
     [ saps_3@0 ];
     [ saps_6@0 ];
     [ saps_9@0 ];
     [ saps_12@0 ];
     [ saps_18@0 ];
     [ saps_24@0 ];
     [ i*9.38300 ];
     [ s*-2.00029 ];
     [ q*0.17238 ];
     [ cub*-0.00418 ];

     saps_0*10.81127 (1);
     saps_1*10.81127 (1);
     saps_2*10.81127 (1);
     saps_3*10.81127 (1);
     saps_6*10.81127 (1);
     saps_9*10.81127 (1);
     saps_12*10.81127 (1);
     saps_18*10.81127 (1);
     saps_24*10.81127 (1);
     i*2.33555;
     s*0.00931;
     q*-0.00090;
     cub*0.00000;

     %C#2%

     i WITH s*314.24777;
     i WITH q*-6959.16113;
     i WITH cub*349.29147;
     s WITH q*-6755.34912;
     s WITH cub*434.20499;
     q WITH cub*-2881.54858;

     [ saps_0@0 ];
     [ saps_1@0 ];
     [ saps_2@0 ];
     [ saps_3@0 ];
     [ saps_6@0 ];
     [ saps_9@0 ];
     [ saps_12@0 ];
     [ saps_18@0 ];
     [ saps_24@0 ];
     [ i*70.40181 ];
     [ s*164.61778 ];
     [ q*544.39319 ];
     [ cub*199.85645 ];

     saps_0*10.81127 (1);
     saps_1*10.81127 (1);
     saps_2*10.81127 (1);
     saps_3*10.81127 (1);
     saps_6*10.81127 (1);
     saps_9*10.81127 (1);
     saps_12*10.81127 (1);
     saps_18*10.81127 (1);
     saps_24*10.81127 (1);
     i*1128.88684;
     s*2285.03540;
     q*53412.14844;
     cub*159.76743;



TECHNICAL 1 OUTPUT


     PARAMETER SPECIFICATION FOR LATENT CLASS 1


           NU
              SAPS_0        SAPS_1        SAPS_2        SAPS_3        SAPS_6
              ________      ________      ________      ________      ________
                    0             0             0             0             0


           NU
              SAPS_9        SAPS_12       SAPS_18       SAPS_24
              ________      ________      ________      ________
                    0             0             0             0


           LAMBDA
              I             S             Q             CUB
              ________      ________      ________      ________
 SAPS_0             0             0             0             0
 SAPS_1             0             0             0             0
 SAPS_2             0             0             0             0
 SAPS_3             0             0             0             0
 SAPS_6             0             0             0             0
 SAPS_9             0             0             0             0
 SAPS_12            0             0             0             0
 SAPS_18            0             0             0             0
 SAPS_24            0             0             0             0


           THETA
              SAPS_0        SAPS_1        SAPS_2        SAPS_3        SAPS_6
              ________      ________      ________      ________      ________
 SAPS_0             1
 SAPS_1             0             1
 SAPS_2             0             0             1
 SAPS_3             0             0             0             1
 SAPS_6             0             0             0             0             1
 SAPS_9             0             0             0             0             0
 SAPS_12            0             0             0             0             0
 SAPS_18            0             0             0             0             0
 SAPS_24            0             0             0             0             0


           THETA
              SAPS_9        SAPS_12       SAPS_18       SAPS_24
              ________      ________      ________      ________
 SAPS_9             1
 SAPS_12            0             1
 SAPS_18            0             0             1
 SAPS_24            0             0             0             1


           ALPHA
              I             S             Q             CUB
              ________      ________      ________      ________
                    2             3             4             5


           BETA
              I             S             Q             CUB
              ________      ________      ________      ________
 I                  0             0             0             0
 S                  0             0             0             0
 Q                  0             0             0             0
 CUB                0             0             0             0


           PSI
              I             S             Q             CUB
              ________      ________      ________      ________
 I                  6
 S                  7             8
 Q                  9            10            11
 CUB               12            13            14            15


     PARAMETER SPECIFICATION FOR LATENT CLASS 2


           NU
              SAPS_0        SAPS_1        SAPS_2        SAPS_3        SAPS_6
              ________      ________      ________      ________      ________
                    0             0             0             0             0


           NU
              SAPS_9        SAPS_12       SAPS_18       SAPS_24
              ________      ________      ________      ________
                    0             0             0             0


           LAMBDA
              I             S             Q             CUB
              ________      ________      ________      ________
 SAPS_0             0             0             0             0
 SAPS_1             0             0             0             0
 SAPS_2             0             0             0             0
 SAPS_3             0             0             0             0
 SAPS_6             0             0             0             0
 SAPS_9             0             0             0             0
 SAPS_12            0             0             0             0
 SAPS_18            0             0             0             0
 SAPS_24            0             0             0             0


           THETA
              SAPS_0        SAPS_1        SAPS_2        SAPS_3        SAPS_6
              ________      ________      ________      ________      ________
 SAPS_0             1
 SAPS_1             0             1
 SAPS_2             0             0             1
 SAPS_3             0             0             0             1
 SAPS_6             0             0             0             0             1
 SAPS_9             0             0             0             0             0
 SAPS_12            0             0             0             0             0
 SAPS_18            0             0             0             0             0
 SAPS_24            0             0             0             0             0


           THETA
              SAPS_9        SAPS_12       SAPS_18       SAPS_24
              ________      ________      ________      ________
 SAPS_9             1
 SAPS_12            0             1
 SAPS_18            0             0             1
 SAPS_24            0             0             0             1


           ALPHA
              I             S             Q             CUB
              ________      ________      ________      ________
                   16            17            18            19


           BETA
              I             S             Q             CUB
              ________      ________      ________      ________
 I                  0             0             0             0
 S                  0             0             0             0
 Q                  0             0             0             0
 CUB                0             0             0             0


           PSI
              I             S             Q             CUB
              ________      ________      ________      ________
 I                 20
 S                 21            22
 Q                 23            24            25
 CUB               26            27            28            29


     PARAMETER SPECIFICATION FOR LATENT CLASS REGRESSION MODEL PART


           ALPHA(C)
              C#1           C#2
              ________      ________
                   30             0


     STARTING VALUES FOR LATENT CLASS 1


           NU
              SAPS_0        SAPS_1        SAPS_2        SAPS_3        SAPS_6
              ________      ________      ________      ________      ________
                0.000         0.000         0.000         0.000         0.000


           NU
              SAPS_9        SAPS_12       SAPS_18       SAPS_24
              ________      ________      ________      ________
                0.000         0.000         0.000         0.000


           LAMBDA
              I             S             Q             CUB
              ________      ________      ________      ________
 SAPS_0         1.000         0.000         0.000         0.000
 SAPS_1         1.000         1.000         1.000         1.000
 SAPS_2         1.000         2.000         4.000         8.000
 SAPS_3         1.000         3.000         9.000        27.000
 SAPS_6         1.000         6.000        36.000       216.000
 SAPS_9         1.000         9.000        81.000       729.000
 SAPS_12        1.000        12.000       144.000      1728.000
 SAPS_18        1.000        18.000       324.000      5832.000
 SAPS_24        1.000        24.000       576.000     13824.000


           THETA
              SAPS_0        SAPS_1        SAPS_2        SAPS_3        SAPS_6
              ________      ________      ________      ________      ________
 SAPS_0         5.269
 SAPS_1         0.000         7.272
 SAPS_2         0.000         0.000         6.733
 SAPS_3         0.000         0.000         0.000         6.570
 SAPS_6         0.000         0.000         0.000         0.000         6.839
 SAPS_9         0.000         0.000         0.000         0.000         0.000
 SAPS_12        0.000         0.000         0.000         0.000         0.000
 SAPS_18        0.000         0.000         0.000         0.000         0.000
 SAPS_24        0.000         0.000         0.000         0.000         0.000


           THETA
              SAPS_9        SAPS_12       SAPS_18       SAPS_24
              ________      ________      ________      ________
 SAPS_9         6.655
 SAPS_12        0.000         7.541
 SAPS_18        0.000         0.000         7.103
 SAPS_24        0.000         0.000         0.000         7.540


           ALPHA
              I             S             Q             CUB
              ________      ________      ________      ________
                9.005        -6.026         1.996        -0.186


           BETA
              I             S             Q             CUB
              ________      ________      ________      ________
 I              0.000         0.000         0.000         0.000
 S              0.000         0.000         0.000         0.000
 Q              0.000         0.000         0.000         0.000
 CUB            0.000         0.000         0.000         0.000


           PSI
              I             S             Q             CUB
              ________      ________      ________      ________
 I              9.788
 S              0.000        72.671
 Q              0.000         0.000        37.687
 CUB            0.000         0.000         0.000         1.535


     STARTING VALUES FOR LATENT CLASS 2


           NU
              SAPS_0        SAPS_1        SAPS_2        SAPS_3        SAPS_6
              ________      ________      ________      ________      ________
                0.000         0.000         0.000         0.000         0.000


           NU
              SAPS_9        SAPS_12       SAPS_18       SAPS_24
              ________      ________      ________      ________
                0.000         0.000         0.000         0.000


           LAMBDA
              I             S             Q             CUB
              ________      ________      ________      ________
 SAPS_0         1.000         0.000         0.000         0.000
 SAPS_1         1.000         1.000         1.000         1.000
 SAPS_2         1.000         2.000         4.000         8.000
 SAPS_3         1.000         3.000         9.000        27.000
 SAPS_6         1.000         6.000        36.000       216.000
 SAPS_9         1.000         9.000        81.000       729.000
 SAPS_12        1.000        12.000       144.000      1728.000
 SAPS_18        1.000        18.000       324.000      5832.000
 SAPS_24        1.000        24.000       576.000     13824.000


           THETA
              SAPS_0        SAPS_1        SAPS_2        SAPS_3        SAPS_6
              ________      ________      ________      ________      ________
 SAPS_0         5.269
 SAPS_1         0.000         7.272
 SAPS_2         0.000         0.000         6.733
 SAPS_3         0.000         0.000         0.000         6.570
 SAPS_6         0.000         0.000         0.000         0.000         6.839
 SAPS_9         0.000         0.000         0.000         0.000         0.000
 SAPS_12        0.000         0.000         0.000         0.000         0.000
 SAPS_18        0.000         0.000         0.000         0.000         0.000
 SAPS_24        0.000         0.000         0.000         0.000         0.000


           THETA
              SAPS_9        SAPS_12       SAPS_18       SAPS_24
              ________      ________      ________      ________
 SAPS_9         6.655
 SAPS_12        0.000         7.541
 SAPS_18        0.000         0.000         7.103
 SAPS_24        0.000         0.000         0.000         7.540


           ALPHA
              I             S             Q             CUB
              ________      ________      ________      ________
                9.005        -6.026         1.996        -0.186


           BETA
              I             S             Q             CUB
              ________      ________      ________      ________
 I              0.000         0.000         0.000         0.000
 S              0.000         0.000         0.000         0.000
 Q              0.000         0.000         0.000         0.000
 CUB            0.000         0.000         0.000         0.000


           PSI
              I             S             Q             CUB
              ________      ________      ________      ________
 I              9.788
 S              0.000        72.671
 Q              0.000         0.000        37.687
 CUB            0.000         0.000         0.000         1.535


     STARTING VALUES FOR LATENT CLASS REGRESSION MODEL PART


           ALPHA(C)
              C#1           C#2
              ________      ________
                0.000         0.000


TECHNICAL 7 OUTPUT


     SAMPLE STATISTICS WEIGHTED BY ESTIMATED CLASS PROBABILITIES FOR CLASS 1


           Means
              SAPS_0        SAPS_1        SAPS_2        SAPS_3        SAPS_6
              ________      ________      ________      ________      ________
               11.403         5.440         4.046         3.520         3.572


           Means
              SAPS_9        SAPS_12       SAPS_18       SAPS_24
              ________      ________      ________      ________
                3.446         3.577         3.375         3.297


           Covariances
              SAPS_0        SAPS_1        SAPS_2        SAPS_3        SAPS_6
              ________      ________      ________      ________      ________
 SAPS_0        10.538
 SAPS_1         4.737        14.543
 SAPS_2         3.348         8.261        13.466
 SAPS_3         1.744         5.614         7.795        13.139
 SAPS_6         1.835         6.426         6.200         6.266        13.678
 SAPS_9         2.792         4.246         5.181         4.914         6.123
 SAPS_12        2.438         5.157         4.680         5.246         5.449
 SAPS_18        1.550         5.010         4.755         4.453         4.563
 SAPS_24        1.819         3.251         2.968         3.717         3.127


           Covariances
              SAPS_9        SAPS_12       SAPS_18       SAPS_24
              ________      ________      ________      ________
 SAPS_9        13.310
 SAPS_12        6.321        15.081
 SAPS_18        4.362         5.490        14.206
 SAPS_24        4.093         5.334         5.631        15.080


     SAMPLE STATISTICS WEIGHTED BY ESTIMATED CLASS PROBABILITIES FOR CLASS 2


           Means
              SAPS_0        SAPS_1        SAPS_2        SAPS_3        SAPS_6
              ________      ________      ________      ________      ________
               13.287         2.000         9.000         5.749         5.117


           Means
              SAPS_9        SAPS_12       SAPS_18       SAPS_24
              ________      ________      ________      ________
                8.681         8.800         1.004         2.193


           Covariances
              SAPS_0        SAPS_1        SAPS_2        SAPS_3        SAPS_6
              ________      ________      ________      ________      ________
 SAPS_0         8.236
 SAPS_1        37.722         0.000
 SAPS_2       -11.603       -17.859         0.000
 SAPS_3        15.302       -11.374       -51.075         1.002
 SAPS_6        -1.431       -10.062       -45.824       -29.253        24.890
 SAPS_9         2.448       -17.196       -76.293       -48.719        31.988
 SAPS_12       35.900       -17.362       -70.781       -42.638       -34.341
 SAPS_18        4.597        -1.861        -7.786        -4.548        -4.948
 SAPS_24       -0.492        -4.166       -18.697       -12.423         9.418


           Covariances
              SAPS_9        SAPS_12       SAPS_18       SAPS_24
              ________      ________      ________      ________
 SAPS_9        41.991
 SAPS_12      -44.789        48.580
 SAPS_18       -6.444         6.956         1.471
 SAPS_24       12.965       -14.007        -1.913         5.655


TECHNICAL 11 OUTPUT

     Random Starts Specifications for the k-1 Class Analysis Model
        Number of initial stage random starts                2000
        Number of final stage optimizations                   500



SAVEDATA INFORMATION

     Factor scores were not computed.
     Class probabilities were not computed.
     No data were saved.


     Beginning Time:  17:16:50
        Ending Time:  17:20:25
       Elapsed Time:  00:03:35



MUTHEN & MUTHEN
3463 Stoner Ave.
Los Angeles, CA  90066

Tel: (310) 391-9971
Fax: (310) 391-8971
Web: www.StatModel.com
Support: Support@StatModel.com

Copyright (c) 1998-2021 Muthen & Muthen
