Mplus VERSION 8.6 (Mac)
MUTHEN & MUTHEN
03/14/2022   6:56 PM

INPUT INSTRUCTIONS

  TITLE:
  GMM3_i s-cub@0;
  DATA:
  FILE = "/Users/olivierpercie/Desktop/MplusLGM/SAPS/Results/GMM/GMM3/GMM3_i s-cub@0.dat";

  VARIABLE:
  NAMES = pin SAPS_0 SAPS_1 SAPS_2 SAPS_3 SAPS_6 SAPS_9 SAPS_12 SAPS_18 SAPS_24;
  MISSING=.;
  USEVAR = SAPS_0-SAPS_24;
  CLASSES = c(2);
  ANALYSIS:
  TYPE = MIXTURE;
  STARTS = 1000 250;
  PROCESSORS = 16;
  MODEL:
  %OVERALL%
  i s q cub | SAPS_0@0 SAPS_1@1 SAPS_2@2 SAPS_3@3 SAPS_6@6
                     SAPS_9@9 SAPS_12@12 SAPS_18@18 SAPS_24@24;
  i s-cub@0;
  SAPS_0 (1)
        SAPS_1 (2)
        SAPS_2 (3)
        SAPS_3 (4)
        SAPS_6 (5)
        SAPS_9 (6)
        SAPS_12 (7)
        SAPS_18 (8)
        SAPS_24 (9);
  OUTPUT:
  SAMPSTAT;
  SAVEDATA:
  file = GMM3_i s-cub@0_res.dat;



*** WARNING in MODEL command
  All continuous latent variable covariances involving S have been fixed to 0
  because the variance of S is fixed at 0.
*** WARNING in MODEL command
  All continuous latent variable covariances involving Q have been fixed to 0
  because the variance of Q is fixed at 0.
*** WARNING in MODEL command
  All continuous latent variable covariances involving CUB have been fixed to 0
  because the variance of CUB is fixed at 0.
   3 WARNING(S) FOUND IN THE INPUT INSTRUCTIONS




GMM3_i s-cub@0;

SUMMARY OF ANALYSIS

Number of groups                                                 1
Number of observations                                         405

Number of dependent variables                                    9
Number of independent variables                                  0
Number of continuous latent variables                            4
Number of categorical latent variables                           1

Observed dependent variables

  Continuous
   SAPS_0      SAPS_1      SAPS_2      SAPS_3      SAPS_6      SAPS_9
   SAPS_12     SAPS_18     SAPS_24

Continuous latent variables
   I           S           Q           CUB

Categorical latent variables
   C


Estimator                                                      MLR
Information matrix                                        OBSERVED
Optimization Specifications for the Quasi-Newton Algorithm for
Continuous Outcomes
  Maximum number of iterations                                 100
  Convergence criterion                                  0.100D-05
Optimization Specifications for the EM Algorithm
  Maximum number of iterations                                 500
  Convergence criteria
    Loglikelihood change                                 0.100D-06
    Relative loglikelihood change                        0.100D-06
    Derivative                                           0.100D-05
Optimization Specifications for the M step of the EM Algorithm for
Categorical Latent variables
  Number of M step iterations                                    1
  M step convergence criterion                           0.100D-05
  Basis for M step termination                           ITERATION
Optimization Specifications for the M step of the EM Algorithm for
Censored, Binary or Ordered Categorical (Ordinal), Unordered
Categorical (Nominal) and Count Outcomes
  Number of M step iterations                                    1
  M step convergence criterion                           0.100D-05
  Basis for M step termination                           ITERATION
  Maximum value for logit thresholds                            15
  Minimum value for logit thresholds                           -15
  Minimum expected cell size for chi-square              0.100D-01
Maximum number of iterations for H1                           2000
Convergence criterion for H1                             0.100D-03
Optimization algorithm                                         EMA
Random Starts Specifications
  Number of initial stage random starts                       1000
  Number of final stage optimizations                          250
  Number of initial stage iterations                            10
  Initial stage convergence criterion                    0.100D+01
  Random starts scale                                    0.500D+01
  Random seed for generating random starts                       0

Input data file(s)
  /Users/olivierpercie/Desktop/MplusLGM/SAPS/Results/GMM/GMM3/GMM3_i s-cub@0.dat
Input data format  FREE


SUMMARY OF DATA

     Number of missing data patterns            63
     Number of y missing data patterns          63
     Number of u missing data patterns           0


COVARIANCE COVERAGE OF DATA

Minimum covariance coverage value   0.100


     PROPORTION OF DATA PRESENT FOR Y


           Covariance Coverage
              SAPS_0        SAPS_1        SAPS_2        SAPS_3        SAPS_6
              ________      ________      ________      ________      ________
 SAPS_0         0.998
 SAPS_1         0.672         0.674
 SAPS_2         0.844         0.595         0.847
 SAPS_3         0.943         0.632         0.822         0.946
 SAPS_6         0.906         0.605         0.778         0.872         0.909
 SAPS_9         0.862         0.578         0.751         0.812         0.795
 SAPS_12        0.867         0.573         0.723         0.817         0.790
 SAPS_18        0.817         0.538         0.681         0.770         0.743
 SAPS_24        0.790         0.519         0.691         0.748         0.721


           Covariance Coverage
              SAPS_9        SAPS_12       SAPS_18       SAPS_24
              ________      ________      ________      ________
 SAPS_9         0.864
 SAPS_12        0.773         0.869
 SAPS_18        0.723         0.743         0.820
 SAPS_24        0.723         0.721         0.706         0.793


SAMPLE STATISTICS


     ESTIMATED SAMPLE STATISTICS


           Means
              SAPS_0        SAPS_1        SAPS_2        SAPS_3        SAPS_6
              ________      ________      ________      ________      ________
               11.481         5.539         4.104         3.486         3.546


           Means
              SAPS_9        SAPS_12       SAPS_18       SAPS_24
              ________      ________      ________      ________
                3.373         3.546         3.343         3.323


           Covariances
              SAPS_0        SAPS_1        SAPS_2        SAPS_3        SAPS_6
              ________      ________      ________      ________      ________
 SAPS_0        10.545
 SAPS_1         3.809        15.002
 SAPS_2         2.550        10.536        13.554
 SAPS_3         2.226         7.346         9.859        13.146
 SAPS_6         2.020         6.078         7.375         7.124        13.621
 SAPS_9         1.166         3.494         5.293         5.868         7.346
 SAPS_12        2.085         3.727         4.041         5.511         6.380
 SAPS_18        0.986         3.229         3.956         4.974         5.394
 SAPS_24        0.956         2.383         3.282         3.807         3.552


           Covariances
              SAPS_9        SAPS_12       SAPS_18       SAPS_24
              ________      ________      ________      ________
 SAPS_9        12.223
 SAPS_12        6.112        14.426
 SAPS_18        4.829         7.170        13.121
 SAPS_24        4.378         5.178         5.758        14.965


           Correlations
              SAPS_0        SAPS_1        SAPS_2        SAPS_3        SAPS_6
              ________      ________      ________      ________      ________
 SAPS_0         1.000
 SAPS_1         0.303         1.000
 SAPS_2         0.213         0.739         1.000
 SAPS_3         0.189         0.523         0.739         1.000
 SAPS_6         0.169         0.425         0.543         0.532         1.000
 SAPS_9         0.103         0.258         0.411         0.463         0.569
 SAPS_12        0.169         0.253         0.289         0.400         0.455
 SAPS_18        0.084         0.230         0.297         0.379         0.404
 SAPS_24        0.076         0.159         0.230         0.271         0.249


           Correlations
              SAPS_9        SAPS_12       SAPS_18       SAPS_24
              ________      ________      ________      ________
 SAPS_9         1.000
 SAPS_12        0.460         1.000
 SAPS_18        0.381         0.521         1.000
 SAPS_24        0.324         0.352         0.411         1.000


     MAXIMUM LOG-LIKELIHOOD VALUE FOR THE UNRESTRICTED (H1) MODEL IS -7915.356


UNIVARIATE SAMPLE STATISTICS


     UNIVARIATE HIGHER-ORDER MOMENT DESCRIPTIVE STATISTICS

         Variable/         Mean/     Skewness/   Minimum/ % with                Percentiles
        Sample Size      Variance    Kurtosis    Maximum  Min/Max      20%/60%    40%/80%    Median

     SAPS_0               11.485      -0.272       2.000    0.50%       9.000     11.000     12.000
             404.000      10.542      -0.257      20.000    0.25%      13.000     14.000
     SAPS_1                5.473       0.416       0.000   10.62%       2.000      4.000      5.000
             273.000      14.491      -0.593      16.000    0.73%       6.000      9.000
     SAPS_2                3.997       0.989       0.000   18.37%       1.000      2.000      3.000
             343.000      13.385       0.580      18.000    0.29%       4.000      7.000
     SAPS_3                3.433       1.070       0.000   28.98%       0.000      1.000      2.000
             383.000      12.930       0.502      16.000    0.26%       3.000      6.000
     SAPS_6                3.533       0.985       0.000   30.98%       0.000      1.000      2.000
             368.000      13.733       0.176      16.000    0.27%       4.000      6.000
     SAPS_9                3.320       1.129       0.000   30.29%       0.000      1.000      2.000
             350.000      12.360       0.866      16.000    0.29%       3.000      6.000
     SAPS_12               3.577       1.273       0.000   27.27%       0.000      2.000      3.000
             352.000      14.523       1.144      18.000    0.28%       3.000      6.000
     SAPS_18               3.250       1.304       0.000   30.42%       0.000      1.000      2.000
             332.000      12.820       1.292      17.000    0.30%       3.000      6.000
     SAPS_24               3.287       1.343       0.000   33.64%       0.000      1.000      2.000
             321.000      15.027       1.106      17.000    0.31%       3.000      6.000

RANDOM STARTS RESULTS RANKED FROM THE BEST TO THE WORST LOGLIKELIHOOD VALUES

Final stage loglikelihood values at local maxima, seeds, and initial stage start numbers:

           -8331.590  327475           518
           -8331.590  937588           293
           -8331.590  417035           149
           -8331.590  276102           599
           -8331.590  992389           77
           -8331.590  602032           648
           -8331.590  193847           354
           -8331.590  878749           728
           -8331.590  496703           758
           -8331.590  544009           842
           -8331.590  762461           425
           -8331.590  400319           887
           -8331.590  39136            226
           -8331.590  922596           456
           -8331.590  937068           982
           -8331.590  314034           513
           -8331.590  370957           554
           -8331.590  574942           558
           -8331.590  358074           560
           -8331.590  22874            588
           -8331.590  462228           298
           -8331.590  383979           603
           -8331.590  881886           608
           -8331.590  852283           616
           -8331.590  763285           620
           -8331.590  345974           622
           -8331.590  377584           630
           -8331.590  637345           19
           -8331.590  392766           331
           -8331.590  404042           675
           -8331.590  327140           678
           -8331.590  132336           362
           -8331.590  206099           363
           -8331.590  801717           364
           -8331.590  220492           743
           -8331.590  61587            400
           -8331.590  246794           801
           -8331.590  671390           814
           -8331.590  941975           816
           -8331.590  119513           821
           -8331.590  190339           102
           -8331.590  298275           418
           -8331.590  473343           844
           -8331.590  505879           424
           -8331.590  315029           471
           -8331.590  802256           477
           -8331.590  208620           965
           -8331.590  618760           489
           -8331.590  900921           984
           -8331.590  112586           494
           -8331.590  352277           42
           -8331.590  939021           8
           -8331.590  851945           18
           -8331.590  645664           39
           -8331.590  830392           35
           -8331.590  246261           38
           -8331.590  887676           22
           -8331.590  318230           46
           -8331.590  253358           2
           -8331.590  754100           56
           -8331.590  715255           523
           -8331.590  252346           528
           -8331.590  347222           533
           -8331.590  438144           271
           -8331.590  809240           543
           -8331.590  995875           547
           -8331.590  434915           552
           -8331.590  848331           137
           -8331.590  840031           276
           -8331.590  694303           282
           -8331.590  931874           141
           -8331.590  597614           284
           -8331.590  117731           570
           -8331.590  117587           572
           -8331.590  473942           574
           -8331.590  163110           584
           -8331.590  344422           296
           -8331.590  566687           597
           -8331.590  562716           300
           -8331.590  679832           302
           -8331.590  588923           606
           -8331.590  81117            305
           -8331.590  313306           612
           -8331.590  76337            76
           -8331.590  351807           617
           -8331.590  343926           624
           -8331.590  798839           312
           -8331.590  414284           158
           -8331.590  322790           636
           -8331.590  605358           321
           -8331.590  127215           9
           -8331.590  821011           161
           -8331.590  953843           651
           -8331.590  939870           655
           -8331.590  563584           657
           -8331.590  197223           332
           -8331.590  418686           338
           -8331.590  278692           342
           -8331.590  106561           686
           -8331.590  411615           171
           -8331.590  404426           344
           -8331.590  686384           690
           -8331.590  950604           172
           -8331.590  848590           694
           -8331.590  848969           173
           -8331.590  117391           710
           -8331.590  349562           359
           -8331.590  441191           361
           -8331.590  717754           180
           -8331.590  244349           736
           -8331.590  836066           372
           -8331.590  800454           751
           -8331.590  655497           376
           -8331.590  659832           754
           -8331.590  127362           757
           -8331.590  210870           383
           -8331.590  395754           388
           -8331.590  416250           390
           -8331.590  674171           195
           -8331.590  590834           785
           -8331.590  354208           196
           -8331.590  928287           197
           -8331.590  965994           396
           -8331.590  502157           799
           -8331.590  168762           200
           -8331.590  36714            201
           -8331.590  548245           818
           -8331.590  761633           50
           -8331.590  746978           410
           -8331.590  710154           831
           -8331.590  789528           837
           -8331.590  339073           841
           -8331.590  451258           848
           -8331.590  977800           853
           -8331.590  25127            107
           -8331.590  466971           109
           -8331.590  631413           439
           -8331.590  741484           441
           -8331.590  86698            893
           -8331.590  980970           894
           -8331.590  931558           898
           -8331.590  68850            462
           -8331.590  898745           466
           -8331.590  448829           938
           -8331.590  963967           941
           -8331.590  751054           117
           -8331.590  431271           943
           -8331.590  96617            955
           -8331.590  823392           479
           -8331.590  47719            962
           -8331.590  40327            971
           -8331.590  80438            246
           -8331.590  175199           247
           -8331.590  254551           996
           -8331.590  98068            998
           -8331.590  760878           249
           -8331.590  319575           499
           -8331.590  455410           999
           -8331.590  378393           509
           -8331.590  804561           59
           -8331.590  437181           135
           -8331.590  900268           327
           -8331.590  749635           420
           -8331.590  576783           866
           -8331.590  816435           914
           -8331.590  232226           235
           -8331.590  376411           473
           -8331.590  617243           237
           -8331.590  572637           989
           -8384.593  814975           129
           -8384.593  622860           259
           -8384.593  486622           522
           -8384.593  509733           130
           -8384.593  565819           65
           -8384.593  467339           66
           -8384.593  782821           272
           -8384.593  342019           301
           -8384.593  391179           78
           -8384.593  813779           92
           -8384.593  318177           748
           -8384.593  859432           770
           -8384.593  570908           98
           -8384.593  359578           458
           -8384.593  264521           929
           -8384.593  508445           946
           -8384.593  889774           954
           -8384.593  652266           490
           -8384.593  987090           70
           -8384.593  354559           73
           -8384.593  471398           74
           -8384.593  695155           150
           -8384.593  479273           156
           -8384.593  972873           157
           -8384.593  775884           639
           -8384.593  942358           644
           -8384.593  278661           674
           -8384.593  7195             697
           -8384.593  964570           701
           -8384.593  284716           713
           -8384.593  702492           718
           -8384.593  461866           722
           -8384.593  131856           90
           -8384.593  241197           747
           -8384.593  326091           759
           -8384.593  860029           760
           -8384.593  551340           766
           -8384.593  900631           774
           -8384.593  595619           779
           -8384.593  801065           393
           -8384.593  203508           806
           -8384.593  496344           808
           -8384.593  752148           822
           -8384.593  30098            209
           -8384.593  73576            213
           -8384.593  804616           868
           -8384.593  384199           882
           -8384.593  857122           889
           -8384.593  737601           891
           -8384.593  130541           896
           -8384.593  850112           922
           -8384.593  724087           925
           -8384.593  629720           926
           -8384.593  797594           234
           -8384.593  260601           36
           -8384.593  285380           1
           -8384.593  483369           270

24 perturbed starting value run(s) did not converge or were rejected in the third stage.



THE BEST LOGLIKELIHOOD VALUE HAS BEEN REPLICATED.  RERUN WITH AT LEAST TWICE THE
RANDOM STARTS TO CHECK THAT THE BEST LOGLIKELIHOOD IS STILL OBTAINED AND REPLICATED.


THE MODEL ESTIMATION TERMINATED NORMALLY



MODEL FIT INFORMATION

Number of Free Parameters                       19

Loglikelihood

          H0 Value                       -8331.590
          H0 Scaling Correction Factor      1.5517
            for MLR

Information Criteria

          Akaike (AIC)                   16701.180
          Bayesian (BIC)                 16777.254
          Sample-Size Adjusted BIC       16716.965
            (n* = (n + 2) / 24)



FINAL CLASS COUNTS AND PROPORTIONS FOR THE LATENT CLASSES
BASED ON THE ESTIMATED MODEL

    Latent
   Classes

       1        102.54674          0.25320
       2        302.45326          0.74680


FINAL CLASS COUNTS AND PROPORTIONS FOR THE LATENT CLASSES
BASED ON ESTIMATED POSTERIOR PROBABILITIES

    Latent
   Classes

       1        102.54674          0.25320
       2        302.45326          0.74680


FINAL CLASS COUNTS AND PROPORTIONS FOR THE LATENT CLASSES
BASED ON THEIR MOST LIKELY LATENT CLASS MEMBERSHIP

Class Counts and Proportions

    Latent
   Classes

       1               98          0.24198
       2              307          0.75802


CLASSIFICATION QUALITY

     Entropy                         0.670


Average Latent Class Probabilities for Most Likely Latent Class Membership (Row)
by Latent Class (Column)

           1        2

    1   0.826    0.174
    2   0.070    0.930


Classification Probabilities for the Most Likely Latent Class Membership (Column)
by Latent Class (Row)

           1        2

    1   0.789    0.211
    2   0.056    0.944


Logits for the Classification Probabilities for the Most Likely Latent Class Membership (Column)
by Latent Class (Row)

              1        2

    1      1.320    0.000
    2     -2.816    0.000


MODEL RESULTS

                                                    Two-Tailed
                    Estimate       S.E.  Est./S.E.    P-Value

Latent Class 1

 I        |
    SAPS_0             1.000      0.000    999.000    999.000
    SAPS_1             1.000      0.000    999.000    999.000
    SAPS_2             1.000      0.000    999.000    999.000
    SAPS_3             1.000      0.000    999.000    999.000
    SAPS_6             1.000      0.000    999.000    999.000
    SAPS_9             1.000      0.000    999.000    999.000
    SAPS_12            1.000      0.000    999.000    999.000
    SAPS_18            1.000      0.000    999.000    999.000
    SAPS_24            1.000      0.000    999.000    999.000

 S        |
    SAPS_0             0.000      0.000    999.000    999.000
    SAPS_1             1.000      0.000    999.000    999.000
    SAPS_2             2.000      0.000    999.000    999.000
    SAPS_3             3.000      0.000    999.000    999.000
    SAPS_6             6.000      0.000    999.000    999.000
    SAPS_9             9.000      0.000    999.000    999.000
    SAPS_12           12.000      0.000    999.000    999.000
    SAPS_18           18.000      0.000    999.000    999.000
    SAPS_24           24.000      0.000    999.000    999.000

 Q        |
    SAPS_0             0.000      0.000    999.000    999.000
    SAPS_1             1.000      0.000    999.000    999.000
    SAPS_2             4.000      0.000    999.000    999.000
    SAPS_3             9.000      0.000    999.000    999.000
    SAPS_6            36.000      0.000    999.000    999.000
    SAPS_9            81.000      0.000    999.000    999.000
    SAPS_12          144.000      0.000    999.000    999.000
    SAPS_18          324.000      0.000    999.000    999.000
    SAPS_24          576.000      0.000    999.000    999.000

 CUB      |
    SAPS_0             0.000      0.000    999.000    999.000
    SAPS_1             1.000      0.000    999.000    999.000
    SAPS_2             8.000      0.000    999.000    999.000
    SAPS_3            27.000      0.000    999.000    999.000
    SAPS_6           216.000      0.000    999.000    999.000
    SAPS_9           729.000      0.000    999.000    999.000
    SAPS_12         1728.000      0.000    999.000    999.000
    SAPS_18         5832.000      0.000    999.000    999.000
    SAPS_24        13824.000      0.000    999.000    999.000

 Means
    I                 10.935      0.578     18.934      0.000
    S                 -1.387      0.255     -5.443      0.000
    Q                  0.089      0.023      3.777      0.000
    CUB               -0.002      0.001     -3.120      0.002

 Intercepts
    SAPS_0             0.000      0.000    999.000    999.000
    SAPS_1             0.000      0.000    999.000    999.000
    SAPS_2             0.000      0.000    999.000    999.000
    SAPS_3             0.000      0.000    999.000    999.000
    SAPS_6             0.000      0.000    999.000    999.000
    SAPS_9             0.000      0.000    999.000    999.000
    SAPS_12            0.000      0.000    999.000    999.000
    SAPS_18            0.000      0.000    999.000    999.000
    SAPS_24            0.000      0.000    999.000    999.000

 Variances
    I                  3.992      0.741      5.385      0.000
    S                  0.000      0.000    999.000    999.000
    Q                  0.000      0.000    999.000    999.000
    CUB                0.000      0.000    999.000    999.000

 Residual Variances
    SAPS_0            40.785      3.975     10.260      0.000
    SAPS_1             6.662      0.928      7.178      0.000
    SAPS_2             4.176      0.619      6.749      0.000
    SAPS_3             5.107      0.601      8.492      0.000
    SAPS_6             7.178      0.832      8.632      0.000
    SAPS_9             7.549      1.230      6.139      0.000
    SAPS_12            9.368      1.412      6.635      0.000
    SAPS_18            9.107      1.305      6.981      0.000
    SAPS_24           11.551      1.487      7.770      0.000

Latent Class 2

 I        |
    SAPS_0             1.000      0.000    999.000    999.000
    SAPS_1             1.000      0.000    999.000    999.000
    SAPS_2             1.000      0.000    999.000    999.000
    SAPS_3             1.000      0.000    999.000    999.000
    SAPS_6             1.000      0.000    999.000    999.000
    SAPS_9             1.000      0.000    999.000    999.000
    SAPS_12            1.000      0.000    999.000    999.000
    SAPS_18            1.000      0.000    999.000    999.000
    SAPS_24            1.000      0.000    999.000    999.000

 S        |
    SAPS_0             0.000      0.000    999.000    999.000
    SAPS_1             1.000      0.000    999.000    999.000
    SAPS_2             2.000      0.000    999.000    999.000
    SAPS_3             3.000      0.000    999.000    999.000
    SAPS_6             6.000      0.000    999.000    999.000
    SAPS_9             9.000      0.000    999.000    999.000
    SAPS_12           12.000      0.000    999.000    999.000
    SAPS_18           18.000      0.000    999.000    999.000
    SAPS_24           24.000      0.000    999.000    999.000

 Q        |
    SAPS_0             0.000      0.000    999.000    999.000
    SAPS_1             1.000      0.000    999.000    999.000
    SAPS_2             4.000      0.000    999.000    999.000
    SAPS_3             9.000      0.000    999.000    999.000
    SAPS_6            36.000      0.000    999.000    999.000
    SAPS_9            81.000      0.000    999.000    999.000
    SAPS_12          144.000      0.000    999.000    999.000
    SAPS_18          324.000      0.000    999.000    999.000
    SAPS_24          576.000      0.000    999.000    999.000

 CUB      |
    SAPS_0             0.000      0.000    999.000    999.000
    SAPS_1             1.000      0.000    999.000    999.000
    SAPS_2             8.000      0.000    999.000    999.000
    SAPS_3            27.000      0.000    999.000    999.000
    SAPS_6           216.000      0.000    999.000    999.000
    SAPS_9           729.000      0.000    999.000    999.000
    SAPS_12         1728.000      0.000    999.000    999.000
    SAPS_18         5832.000      0.000    999.000    999.000
    SAPS_24        13824.000      0.000    999.000    999.000

 Means
    I                  4.947      0.398     12.435      0.000
    S                 -0.926      0.144     -6.446      0.000
    Q                  0.092      0.014      6.706      0.000
    CUB               -0.002      0.000     -6.640      0.000

 Intercepts
    SAPS_0             0.000      0.000    999.000    999.000
    SAPS_1             0.000      0.000    999.000    999.000
    SAPS_2             0.000      0.000    999.000    999.000
    SAPS_3             0.000      0.000    999.000    999.000
    SAPS_6             0.000      0.000    999.000    999.000
    SAPS_9             0.000      0.000    999.000    999.000
    SAPS_12            0.000      0.000    999.000    999.000
    SAPS_18            0.000      0.000    999.000    999.000
    SAPS_24            0.000      0.000    999.000    999.000

 Variances
    I                  3.992      0.741      5.385      0.000
    S                  0.000      0.000    999.000    999.000
    Q                  0.000      0.000    999.000    999.000
    CUB                0.000      0.000    999.000    999.000

 Residual Variances
    SAPS_0            40.785      3.975     10.260      0.000
    SAPS_1             6.662      0.928      7.178      0.000
    SAPS_2             4.176      0.619      6.749      0.000
    SAPS_3             5.107      0.601      8.492      0.000
    SAPS_6             7.178      0.832      8.632      0.000
    SAPS_9             7.549      1.230      6.139      0.000
    SAPS_12            9.368      1.412      6.635      0.000
    SAPS_18            9.107      1.305      6.981      0.000
    SAPS_24           11.551      1.487      7.770      0.000

Categorical Latent Variables

 Means
    C#1               -1.082      0.229     -4.722      0.000


QUALITY OF NUMERICAL RESULTS

     Condition Number for the Information Matrix              0.565E-06
       (ratio of smallest to largest eigenvalue)


SAVEDATA INFORMATION


  Save file
    GMM3_i s-cub@0_res.dat

  Order and format of variables

    SAPS_0         F10.3
    SAPS_1         F10.3
    SAPS_2         F10.3
    SAPS_3         F10.3
    SAPS_6         F10.3
    SAPS_9         F10.3
    SAPS_12        F10.3
    SAPS_18        F10.3
    SAPS_24        F10.3

  Save file format
    9F10.3

  Save file record length    10000

  Save missing symbol        *


     Beginning Time:  18:56:25
        Ending Time:  18:56:58
       Elapsed Time:  00:00:33



MUTHEN & MUTHEN
3463 Stoner Ave.
Los Angeles, CA  90066

Tel: (310) 391-9971
Fax: (310) 391-8971
Web: www.StatModel.com
Support: Support@StatModel.com

Copyright (c) 1998-2021 Muthen & Muthen
