Mplus VERSION 8.6 (Mac)
MUTHEN & MUTHEN
04/15/2022   5:14 PM

INPUT INSTRUCTIONS

  TITLE:
   GMM1_i s q cub@0;
  DATA:
  FILE = "/Users/olivierpercie/Desktop/MplusLGM/SAPS/Results/GMMi/GMM1/GMM1_i s q cub@0.dat"

  VARIABLE:
  NAMES = pin SAPS_0 SAPS_1 SAPS_2 SAPS_3 SAPS_6 SAPS_9 SAPS_12 SAPS_18 SAPS_24;
   MISSING=.;
   USEVAR = SAPS_0 SAPS_1 SAPS_2 SAPS_3 SAPS_6 SAPS_9 SAPS_12
  SAPS_18 SAPS_24;
  IDVAR = pin;
  CLASSES = c(2);

  ANALYSIS:
  TYPE = MIXTURE;
  STARTS = 1000 250;
  K-1STARTS = 500 125;
  PROCESSORS = 8;

  MODEL:
  %OVERALL%
  i s q cub |
  SAPS_0@0 SAPS_1@1 SAPS_2@2 SAPS_3@3 SAPS_6@6
  SAPS_9@9 SAPS_12@12 SAPS_18@18 SAPS_24@24;
  i s q cub@0;
  SAPS_0-SAPS_24 (1);
  %c#1%
  [i s q cub];
  %c#2%
  [i s q cub];

  OUTPUT:
  sampstat standardized
  TECH1;
  TECH11;

  SAVEDATA:

  file = GMM1_i s q cub@0_res.dat;
  save = CPROBABILITIES;
  PLOT:
  TYPE = plot3;
  SERIES = SAPS_0 (s) SAPS_1 (s) SAPS_2 (s) SAPS_3 (s)
  SAPS_6 (s) SAPS_9 (s) SAPS_12 (s) SAPS_18 (s)
  SAPS_24 (s);




*** WARNING
  Input line exceeded 90 characters. Some input may be truncated.
  FILE = "/Users/olivierpercie/Desktop/MplusLGM/SAPS/Results/GMMi/GMM1/GMM1_i s q cub@0.dat";
*** WARNING in MODEL command
  All continuous latent variable covariances involving CUB have been fixed to 0
  because the variance of CUB is fixed at 0.
   2 WARNING(S) FOUND IN THE INPUT INSTRUCTIONS




GMM1_i s q cub@0;

SUMMARY OF ANALYSIS

Number of groups                                                 1
Number of observations                                         405

Number of dependent variables                                    9
Number of independent variables                                  0
Number of continuous latent variables                            4
Number of categorical latent variables                           1

Observed dependent variables

  Continuous
   SAPS_0      SAPS_1      SAPS_2      SAPS_3      SAPS_6      SAPS_9
   SAPS_12     SAPS_18     SAPS_24

Continuous latent variables
   I           S           Q           CUB

Categorical latent variables
   C

Variables with special functions

  ID variable           PIN

Estimator                                                      MLR
Information matrix                                        OBSERVED
Optimization Specifications for the Quasi-Newton Algorithm for
Continuous Outcomes
  Maximum number of iterations                                 100
  Convergence criterion                                  0.100D-05
Optimization Specifications for the EM Algorithm
  Maximum number of iterations                                 500
  Convergence criteria
    Loglikelihood change                                 0.100D-06
    Relative loglikelihood change                        0.100D-06
    Derivative                                           0.100D-05
Optimization Specifications for the M step of the EM Algorithm for
Categorical Latent variables
  Number of M step iterations                                    1
  M step convergence criterion                           0.100D-05
  Basis for M step termination                           ITERATION
Optimization Specifications for the M step of the EM Algorithm for
Censored, Binary or Ordered Categorical (Ordinal), Unordered
Categorical (Nominal) and Count Outcomes
  Number of M step iterations                                    1
  M step convergence criterion                           0.100D-05
  Basis for M step termination                           ITERATION
  Maximum value for logit thresholds                            15
  Minimum value for logit thresholds                           -15
  Minimum expected cell size for chi-square              0.100D-01
Maximum number of iterations for H1                           2000
Convergence criterion for H1                             0.100D-03
Optimization algorithm                                         EMA
Random Starts Specifications
  Number of initial stage random starts                       1000
  Number of final stage optimizations                          250
  Number of initial stage iterations                            10
  Initial stage convergence criterion                    0.100D+01
  Random starts scale                                    0.500D+01
  Random seed for generating random starts                       0

Input data file(s)
  /Users/olivierpercie/Desktop/MplusLGM/SAPS/Results/GMMi/GMM1/GMM1_i s q cub@0.
Input data format  FREE


SUMMARY OF DATA

     Number of missing data patterns            63
     Number of y missing data patterns          63
     Number of u missing data patterns           0


COVARIANCE COVERAGE OF DATA

Minimum covariance coverage value   0.100


     PROPORTION OF DATA PRESENT FOR Y


           Covariance Coverage
              SAPS_0        SAPS_1        SAPS_2        SAPS_3        SAPS_6
              ________      ________      ________      ________      ________
 SAPS_0         0.998
 SAPS_1         0.672         0.674
 SAPS_2         0.844         0.595         0.847
 SAPS_3         0.943         0.632         0.822         0.946
 SAPS_6         0.906         0.605         0.778         0.872         0.909
 SAPS_9         0.862         0.578         0.751         0.812         0.795
 SAPS_12        0.867         0.573         0.723         0.817         0.790
 SAPS_18        0.817         0.538         0.681         0.770         0.743
 SAPS_24        0.790         0.519         0.691         0.748         0.721


           Covariance Coverage
              SAPS_9        SAPS_12       SAPS_18       SAPS_24
              ________      ________      ________      ________
 SAPS_9         0.864
 SAPS_12        0.773         0.869
 SAPS_18        0.723         0.743         0.820
 SAPS_24        0.723         0.721         0.706         0.793


SAMPLE STATISTICS


     ESTIMATED SAMPLE STATISTICS


           Means
              SAPS_0        SAPS_1        SAPS_2        SAPS_3        SAPS_6
              ________      ________      ________      ________      ________
               11.481         5.539         4.104         3.486         3.546


           Means
              SAPS_9        SAPS_12       SAPS_18       SAPS_24
              ________      ________      ________      ________
                3.373         3.546         3.343         3.323


           Covariances
              SAPS_0        SAPS_1        SAPS_2        SAPS_3        SAPS_6
              ________      ________      ________      ________      ________
 SAPS_0        10.545
 SAPS_1         3.809        15.002
 SAPS_2         2.550        10.536        13.554
 SAPS_3         2.226         7.346         9.859        13.146
 SAPS_6         2.020         6.078         7.375         7.124        13.621
 SAPS_9         1.166         3.494         5.293         5.868         7.346
 SAPS_12        2.085         3.727         4.041         5.511         6.380
 SAPS_18        0.986         3.229         3.956         4.974         5.394
 SAPS_24        0.956         2.383         3.282         3.807         3.552


           Covariances
              SAPS_9        SAPS_12       SAPS_18       SAPS_24
              ________      ________      ________      ________
 SAPS_9        12.223
 SAPS_12        6.112        14.426
 SAPS_18        4.829         7.170        13.121
 SAPS_24        4.378         5.178         5.758        14.965


           Correlations
              SAPS_0        SAPS_1        SAPS_2        SAPS_3        SAPS_6
              ________      ________      ________      ________      ________
 SAPS_0         1.000
 SAPS_1         0.303         1.000
 SAPS_2         0.213         0.739         1.000
 SAPS_3         0.189         0.523         0.739         1.000
 SAPS_6         0.169         0.425         0.543         0.532         1.000
 SAPS_9         0.103         0.258         0.411         0.463         0.569
 SAPS_12        0.169         0.253         0.289         0.400         0.455
 SAPS_18        0.084         0.230         0.297         0.379         0.404
 SAPS_24        0.076         0.159         0.230         0.271         0.249


           Correlations
              SAPS_9        SAPS_12       SAPS_18       SAPS_24
              ________      ________      ________      ________
 SAPS_9         1.000
 SAPS_12        0.460         1.000
 SAPS_18        0.381         0.521         1.000
 SAPS_24        0.324         0.352         0.411         1.000


     MAXIMUM LOG-LIKELIHOOD VALUE FOR THE UNRESTRICTED (H1) MODEL IS -7915.356


UNIVARIATE SAMPLE STATISTICS


     UNIVARIATE HIGHER-ORDER MOMENT DESCRIPTIVE STATISTICS

         Variable/         Mean/     Skewness/   Minimum/ % with                Percentiles
        Sample Size      Variance    Kurtosis    Maximum  Min/Max      20%/60%    40%/80%    Median

     SAPS_0               11.485      -0.272       2.000    0.50%       9.000     11.000     12.000
             404.000      10.542      -0.257      20.000    0.25%      13.000     14.000
     SAPS_1                5.473       0.416       0.000   10.62%       2.000      4.000      5.000
             273.000      14.491      -0.593      16.000    0.73%       6.000      9.000
     SAPS_2                3.997       0.989       0.000   18.37%       1.000      2.000      3.000
             343.000      13.385       0.580      18.000    0.29%       4.000      7.000
     SAPS_3                3.433       1.070       0.000   28.98%       0.000      1.000      2.000
             383.000      12.930       0.502      16.000    0.26%       3.000      6.000
     SAPS_6                3.533       0.985       0.000   30.98%       0.000      1.000      2.000
             368.000      13.733       0.176      16.000    0.27%       4.000      6.000
     SAPS_9                3.320       1.129       0.000   30.29%       0.000      1.000      2.000
             350.000      12.360       0.866      16.000    0.29%       3.000      6.000
     SAPS_12               3.577       1.273       0.000   27.27%       0.000      2.000      3.000
             352.000      14.523       1.144      18.000    0.28%       3.000      6.000
     SAPS_18               3.250       1.304       0.000   30.42%       0.000      1.000      2.000
             332.000      12.820       1.292      17.000    0.30%       3.000      6.000
     SAPS_24               3.287       1.343       0.000   33.64%       0.000      1.000      2.000
             321.000      15.027       1.106      17.000    0.31%       3.000      6.000

RANDOM STARTS RESULTS RANKED FROM THE BEST TO THE WORST LOGLIKELIHOOD VALUES

Final stage loglikelihood values at local maxima, seeds, and initial stage start numbers:

           -8402.541  715255           523
           -8402.541  614009           317
           -8402.541  72866            692
           -8402.541  319144           176
           -8402.541  741484           441
           -8402.541  490123           995
           -8402.541  260601           36
           -8402.541  742609           531
           -8402.541  970689           266
           -8402.541  248742           556
           -8402.541  264901           634
           -8402.541  407168           44
           -8402.541  648555           113
           -8402.541  344422           296
           -8402.541  81117            305
           -8402.541  343926           624
           -8402.541  700349           401
           -8402.541  737601           891
           -8402.541  170118           238
           -8402.541  587946           120
           -8402.541  813779           92
           -8437.390  88437            761
           -8437.390  404426           344
           -8437.390  871722           355
           -8437.390  76451            211
           -8437.390  359578           458
           -8437.390  966603           919
           -8437.390  609089           241
           -8437.390  80438            246
           -8437.390  unperturbed      0
           -8437.390  569833           85
           -8437.390  967237           48
           -8437.390  313407           132
           -8437.390  231281           542
           -8437.390  491970           563
           -8437.390  506886           576
           -8437.390  246575           291
           -8437.390  313306           612
           -8437.390  373815           618
           -8437.390  92091            649
           -8437.390  617658           660
           -8437.390  574412           679
           -8437.390  848590           694
           -8437.390  875667           367
           -8437.390  178181           753
           -8437.390  765392           382
           -8437.390  146900           391
           -8437.390  937885           426
           -8437.390  499150           216
           -8437.390  888905           444
           -8437.390  691234           250
           -8437.390  642909           251
           -8437.390  467339           66
           -8437.390  846194           93
           -8437.390  775881           778
           -8437.390  373505           88

194 perturbed starting value run(s) did not converge or were rejected in the third stage.



THE BEST LOGLIKELIHOOD VALUE HAS BEEN REPLICATED.  RERUN WITH AT LEAST TWICE THE
RANDOM STARTS TO CHECK THAT THE BEST LOGLIKELIHOOD IS STILL OBTAINED AND REPLICATED.


THE MODEL ESTIMATION TERMINATED NORMALLY

     WARNING:  THE LATENT VARIABLE COVARIANCE MATRIX (PSI) IN CLASS 1
     IS NOT POSITIVE DEFINITE.  THIS COULD INDICATE A NEGATIVE VARIANCE/
     RESIDUAL VARIANCE FOR A LATENT VARIABLE, A CORRELATION GREATER OR EQUAL
     TO ONE BETWEEN TWO LATENT VARIABLES, OR A LINEAR DEPENDENCY AMONG MORE
     THAN TWO LATENT VARIABLES.  CHECK THE TECH4 OUTPUT FOR MORE INFORMATION.
     PROBLEM INVOLVING VARIABLE S.


     WARNING:  THE LATENT VARIABLE COVARIANCE MATRIX (PSI) IN CLASS 2
     IS NOT POSITIVE DEFINITE.  THIS COULD INDICATE A NEGATIVE VARIANCE/
     RESIDUAL VARIANCE FOR A LATENT VARIABLE, A CORRELATION GREATER OR EQUAL
     TO ONE BETWEEN TWO LATENT VARIABLES, OR A LINEAR DEPENDENCY AMONG MORE
     THAN TWO LATENT VARIABLES.  CHECK THE TECH4 OUTPUT FOR MORE INFORMATION.
     PROBLEM INVOLVING VARIABLE S.




MODEL FIT INFORMATION

Number of Free Parameters                       16

Loglikelihood

          H0 Value                       -8402.541
          H0 Scaling Correction Factor      1.3806
            for MLR

Information Criteria

          Akaike (AIC)                   16837.082
          Bayesian (BIC)                 16901.144
          Sample-Size Adjusted BIC       16850.374
            (n* = (n + 2) / 24)



FINAL CLASS COUNTS AND PROPORTIONS FOR THE LATENT CLASSES
BASED ON THE ESTIMATED MODEL

    Latent
   Classes

       1        291.87926          0.72069
       2        113.12074          0.27931


FINAL CLASS COUNTS AND PROPORTIONS FOR THE LATENT CLASSES
BASED ON ESTIMATED POSTERIOR PROBABILITIES

    Latent
   Classes

       1        291.87926          0.72069
       2        113.12074          0.27931


FINAL CLASS COUNTS AND PROPORTIONS FOR THE LATENT CLASSES
BASED ON THEIR MOST LIKELY LATENT CLASS MEMBERSHIP

Class Counts and Proportions

    Latent
   Classes

       1              303          0.74815
       2              102          0.25185


CLASSIFICATION QUALITY

     Entropy                         0.722


Average Latent Class Probabilities for Most Likely Latent Class Membership (Row)
by Latent Class (Column)

           1        2

    1   0.928    0.072
    2   0.106    0.894


Classification Probabilities for the Most Likely Latent Class Membership (Column)
by Latent Class (Row)

           1        2

    1   0.963    0.037
    2   0.194    0.806


Logits for the Classification Probabilities for the Most Likely Latent Class Membership (Column)
by Latent Class (Row)

              1        2

    1      3.256    0.000
    2     -1.424    0.000


MODEL RESULTS

                                                    Two-Tailed
                    Estimate       S.E.  Est./S.E.    P-Value

Latent Class 1

 I        |
    SAPS_0             1.000      0.000    999.000    999.000
    SAPS_1             1.000      0.000    999.000    999.000
    SAPS_2             1.000      0.000    999.000    999.000
    SAPS_3             1.000      0.000    999.000    999.000
    SAPS_6             1.000      0.000    999.000    999.000
    SAPS_9             1.000      0.000    999.000    999.000
    SAPS_12            1.000      0.000    999.000    999.000
    SAPS_18            1.000      0.000    999.000    999.000
    SAPS_24            1.000      0.000    999.000    999.000

 S        |
    SAPS_0             0.000      0.000    999.000    999.000
    SAPS_1             1.000      0.000    999.000    999.000
    SAPS_2             2.000      0.000    999.000    999.000
    SAPS_3             3.000      0.000    999.000    999.000
    SAPS_6             6.000      0.000    999.000    999.000
    SAPS_9             9.000      0.000    999.000    999.000
    SAPS_12           12.000      0.000    999.000    999.000
    SAPS_18           18.000      0.000    999.000    999.000
    SAPS_24           24.000      0.000    999.000    999.000

 Q        |
    SAPS_0             0.000      0.000    999.000    999.000
    SAPS_1             1.000      0.000    999.000    999.000
    SAPS_2             4.000      0.000    999.000    999.000
    SAPS_3             9.000      0.000    999.000    999.000
    SAPS_6            36.000      0.000    999.000    999.000
    SAPS_9            81.000      0.000    999.000    999.000
    SAPS_12          144.000      0.000    999.000    999.000
    SAPS_18          324.000      0.000    999.000    999.000
    SAPS_24          576.000      0.000    999.000    999.000

 CUB      |
    SAPS_0             0.000      0.000    999.000    999.000
    SAPS_1             1.000      0.000    999.000    999.000
    SAPS_2             8.000      0.000    999.000    999.000
    SAPS_3            27.000      0.000    999.000    999.000
    SAPS_6           216.000      0.000    999.000    999.000
    SAPS_9           729.000      0.000    999.000    999.000
    SAPS_12         1728.000      0.000    999.000    999.000
    SAPS_18         5832.000      0.000    999.000    999.000
    SAPS_24        13824.000      0.000    999.000    999.000

 S        WITH
    I                 -0.311      0.108     -2.875      0.004

 Q        WITH
    I                  0.008      0.005      1.618      0.106
    S                  0.000      0.001      0.264      0.792

 Means
    I                  8.687      0.253     34.350      0.000
    S                 -2.265      0.071    -31.899      0.000
    Q                  0.195      0.008     24.697      0.000
    CUB               -0.005      0.000    -20.844      0.000

 Intercepts
    SAPS_0             0.000      0.000    999.000    999.000
    SAPS_1             0.000      0.000    999.000    999.000
    SAPS_2             0.000      0.000    999.000    999.000
    SAPS_3             0.000      0.000    999.000    999.000
    SAPS_6             0.000      0.000    999.000    999.000
    SAPS_9             0.000      0.000    999.000    999.000
    SAPS_12            0.000      0.000    999.000    999.000
    SAPS_18            0.000      0.000    999.000    999.000
    SAPS_24            0.000      0.000    999.000    999.000

 Variances
    I                  3.632      0.904      4.017      0.000
    S                  0.014      0.035      0.386      0.700
    Q                  0.000      0.000     -0.636      0.525
    CUB                0.000      0.000    999.000    999.000

 Residual Variances
    SAPS_0             9.848      0.435     22.621      0.000
    SAPS_1             9.848      0.435     22.621      0.000
    SAPS_2             9.848      0.435     22.621      0.000
    SAPS_3             9.848      0.435     22.621      0.000
    SAPS_6             9.848      0.435     22.621      0.000
    SAPS_9             9.848      0.435     22.621      0.000
    SAPS_12            9.848      0.435     22.621      0.000
    SAPS_18            9.848      0.435     22.621      0.000
    SAPS_24            9.848      0.435     22.621      0.000

Latent Class 2

 I        |
    SAPS_0             1.000      0.000    999.000    999.000
    SAPS_1             1.000      0.000    999.000    999.000
    SAPS_2             1.000      0.000    999.000    999.000
    SAPS_3             1.000      0.000    999.000    999.000
    SAPS_6             1.000      0.000    999.000    999.000
    SAPS_9             1.000      0.000    999.000    999.000
    SAPS_12            1.000      0.000    999.000    999.000
    SAPS_18            1.000      0.000    999.000    999.000
    SAPS_24            1.000      0.000    999.000    999.000

 S        |
    SAPS_0             0.000      0.000    999.000    999.000
    SAPS_1             1.000      0.000    999.000    999.000
    SAPS_2             2.000      0.000    999.000    999.000
    SAPS_3             3.000      0.000    999.000    999.000
    SAPS_6             6.000      0.000    999.000    999.000
    SAPS_9             9.000      0.000    999.000    999.000
    SAPS_12           12.000      0.000    999.000    999.000
    SAPS_18           18.000      0.000    999.000    999.000
    SAPS_24           24.000      0.000    999.000    999.000

 Q        |
    SAPS_0             0.000      0.000    999.000    999.000
    SAPS_1             1.000      0.000    999.000    999.000
    SAPS_2             4.000      0.000    999.000    999.000
    SAPS_3             9.000      0.000    999.000    999.000
    SAPS_6            36.000      0.000    999.000    999.000
    SAPS_9            81.000      0.000    999.000    999.000
    SAPS_12          144.000      0.000    999.000    999.000
    SAPS_18          324.000      0.000    999.000    999.000
    SAPS_24          576.000      0.000    999.000    999.000

 CUB      |
    SAPS_0             0.000      0.000    999.000    999.000
    SAPS_1             1.000      0.000    999.000    999.000
    SAPS_2             8.000      0.000    999.000    999.000
    SAPS_3            27.000      0.000    999.000    999.000
    SAPS_6           216.000      0.000    999.000    999.000
    SAPS_9           729.000      0.000    999.000    999.000
    SAPS_12         1728.000      0.000    999.000    999.000
    SAPS_18         5832.000      0.000    999.000    999.000
    SAPS_24        13824.000      0.000    999.000    999.000

 S        WITH
    I                 -0.311      0.108     -2.875      0.004

 Q        WITH
    I                  0.008      0.005      1.618      0.106
    S                  0.000      0.001      0.264      0.792

 Means
    I                 10.129      0.589     17.190      0.000
    S                 -1.032      0.140     -7.371      0.000
    Q                  0.089      0.017      5.168      0.000
    CUB               -0.002      0.001     -4.557      0.000

 Intercepts
    SAPS_0             0.000      0.000    999.000    999.000
    SAPS_1             0.000      0.000    999.000    999.000
    SAPS_2             0.000      0.000    999.000    999.000
    SAPS_3             0.000      0.000    999.000    999.000
    SAPS_6             0.000      0.000    999.000    999.000
    SAPS_9             0.000      0.000    999.000    999.000
    SAPS_12            0.000      0.000    999.000    999.000
    SAPS_18            0.000      0.000    999.000    999.000
    SAPS_24            0.000      0.000    999.000    999.000

 Variances
    I                  3.632      0.904      4.017      0.000
    S                  0.014      0.035      0.386      0.700
    Q                  0.000      0.000     -0.636      0.525
    CUB                0.000      0.000    999.000    999.000

 Residual Variances
    SAPS_0             9.848      0.435     22.621      0.000
    SAPS_1             9.848      0.435     22.621      0.000
    SAPS_2             9.848      0.435     22.621      0.000
    SAPS_3             9.848      0.435     22.621      0.000
    SAPS_6             9.848      0.435     22.621      0.000
    SAPS_9             9.848      0.435     22.621      0.000
    SAPS_12            9.848      0.435     22.621      0.000
    SAPS_18            9.848      0.435     22.621      0.000
    SAPS_24            9.848      0.435     22.621      0.000

Categorical Latent Variables

 Means
    C#1                0.948      0.186      5.088      0.000


QUALITY OF NUMERICAL RESULTS

     Condition Number for the Information Matrix              0.157E-07
       (ratio of smallest to largest eigenvalue)


STANDARDIZED MODEL RESULTS


STDYX Standardization

                                                    Two-Tailed
                    Estimate       S.E.  Est./S.E.    P-Value

Latent Class 1

 I        |
    SAPS_0             0.519      0.049     10.509      0.000
    SAPS_1             0.531      0.052     10.252      0.000
    SAPS_2             0.542      0.055      9.912      0.000
    SAPS_3             0.553      0.058      9.535      0.000
    SAPS_6             0.577      0.069      8.362      0.000
    SAPS_9             0.588      0.081      7.294      0.000
    SAPS_12            0.582      0.089      6.518      0.000
    SAPS_18            0.544      0.090      6.047      0.000
    SAPS_24            0.509      0.076      6.704      0.000

 S        |
    SAPS_0             0.000      0.000    999.000    999.000
    SAPS_1             0.032      0.043      0.761      0.447
    SAPS_2             0.066      0.087      0.759      0.448
    SAPS_3             0.101      0.134      0.759      0.448
    SAPS_6             0.212      0.277      0.765      0.444
    SAPS_9             0.324      0.417      0.777      0.437
    SAPS_12            0.428      0.544      0.786      0.432
    SAPS_18            0.599      0.761      0.787      0.431
    SAPS_24            0.747      0.963      0.776      0.438

 Q        |
    SAPS_0           999.000    999.000    999.000    999.000
    SAPS_1           999.000    999.000    999.000    999.000
    SAPS_2           999.000    999.000    999.000    999.000
    SAPS_3           999.000    999.000    999.000    999.000
    SAPS_6           999.000    999.000    999.000    999.000
    SAPS_9           999.000    999.000    999.000    999.000
    SAPS_12          999.000    999.000    999.000    999.000
    SAPS_18          999.000    999.000    999.000    999.000
    SAPS_24          999.000    999.000    999.000    999.000

 CUB      |
    SAPS_0           999.000    999.000    999.000    999.000
    SAPS_1           999.000    999.000    999.000    999.000
    SAPS_2           999.000    999.000    999.000    999.000
    SAPS_3           999.000    999.000    999.000    999.000
    SAPS_6           999.000    999.000    999.000    999.000
    SAPS_9           999.000    999.000    999.000    999.000
    SAPS_12          999.000    999.000    999.000    999.000
    SAPS_18          999.000    999.000    999.000    999.000
    SAPS_24          999.000    999.000    999.000    999.000

 S        WITH
    I                 -1.398      1.428     -0.979      0.327

 Q        WITH
    I                999.000    999.000    999.000    999.000
    S                999.000    999.000    999.000    999.000

 Means
    I                  4.558      0.498      9.153      0.000
    S                -19.420     25.274     -0.768      0.442
    Q                999.000    999.000    999.000    999.000
    CUB              999.000    999.000    999.000    999.000

 Intercepts
    SAPS_0             0.000      0.000    999.000    999.000
    SAPS_1             0.000      0.000    999.000    999.000
    SAPS_2             0.000      0.000    999.000    999.000
    SAPS_3             0.000      0.000    999.000    999.000
    SAPS_6             0.000      0.000    999.000    999.000
    SAPS_9             0.000      0.000    999.000    999.000
    SAPS_12            0.000      0.000    999.000    999.000
    SAPS_18            0.000      0.000    999.000    999.000
    SAPS_24            0.000      0.000    999.000    999.000

 Variances
    I                  1.000      0.000    999.000    999.000
    S                  1.000      0.000    999.000    999.000
    Q                999.000    999.000    999.000    999.000
    CUB              999.000    999.000    999.000    999.000

 Residual Variances
    SAPS_0             0.731      0.051     14.247      0.000
    SAPS_1             0.764      0.051     14.901      0.000
    SAPS_2             0.797      0.051     15.706      0.000
    SAPS_3             0.828      0.049     17.041      0.000
    SAPS_6             0.904      0.032     28.467      0.000
    SAPS_9             0.936      0.039     24.139      0.000
    SAPS_12            0.920      0.074     12.500      0.000
    SAPS_18            0.802      0.097      8.254      0.000
    SAPS_24            0.702      0.084      8.361      0.000

Latent Class 2

 I        |
    SAPS_0             0.519      0.049     10.509      0.000
    SAPS_1             0.531      0.052     10.252      0.000
    SAPS_2             0.542      0.055      9.912      0.000
    SAPS_3             0.553      0.058      9.535      0.000
    SAPS_6             0.577      0.069      8.362      0.000
    SAPS_9             0.588      0.081      7.294      0.000
    SAPS_12            0.582      0.089      6.518      0.000
    SAPS_18            0.544      0.090      6.047      0.000
    SAPS_24            0.509      0.076      6.704      0.000

 S        |
    SAPS_0             0.000      0.000    999.000    999.000
    SAPS_1             0.032      0.043      0.761      0.447
    SAPS_2             0.066      0.087      0.759      0.448
    SAPS_3             0.101      0.134      0.759      0.448
    SAPS_6             0.212      0.277      0.765      0.444
    SAPS_9             0.324      0.417      0.777      0.437
    SAPS_12            0.428      0.544      0.786      0.432
    SAPS_18            0.599      0.761      0.787      0.431
    SAPS_24            0.747      0.963      0.776      0.438

 Q        |
    SAPS_0           999.000    999.000    999.000    999.000
    SAPS_1           999.000    999.000    999.000    999.000
    SAPS_2           999.000    999.000    999.000    999.000
    SAPS_3           999.000    999.000    999.000    999.000
    SAPS_6           999.000    999.000    999.000    999.000
    SAPS_9           999.000    999.000    999.000    999.000
    SAPS_12          999.000    999.000    999.000    999.000
    SAPS_18          999.000    999.000    999.000    999.000
    SAPS_24          999.000    999.000    999.000    999.000

 CUB      |
    SAPS_0           999.000    999.000    999.000    999.000
    SAPS_1           999.000    999.000    999.000    999.000
    SAPS_2           999.000    999.000    999.000    999.000
    SAPS_3           999.000    999.000    999.000    999.000
    SAPS_6           999.000    999.000    999.000    999.000
    SAPS_9           999.000    999.000    999.000    999.000
    SAPS_12          999.000    999.000    999.000    999.000
    SAPS_18          999.000    999.000    999.000    999.000
    SAPS_24          999.000    999.000    999.000    999.000

 S        WITH
    I                 -1.398      1.428     -0.979      0.327

 Q        WITH
    I                999.000    999.000    999.000    999.000
    S                999.000    999.000    999.000    999.000

 Means
    I                  5.315      0.873      6.090      0.000
    S                 -8.845     11.191     -0.790      0.429
    Q                999.000    999.000    999.000    999.000
    CUB              999.000    999.000    999.000    999.000

 Intercepts
    SAPS_0             0.000      0.000    999.000    999.000
    SAPS_1             0.000      0.000    999.000    999.000
    SAPS_2             0.000      0.000    999.000    999.000
    SAPS_3             0.000      0.000    999.000    999.000
    SAPS_6             0.000      0.000    999.000    999.000
    SAPS_9             0.000      0.000    999.000    999.000
    SAPS_12            0.000      0.000    999.000    999.000
    SAPS_18            0.000      0.000    999.000    999.000
    SAPS_24            0.000      0.000    999.000    999.000

 Variances
    I                  1.000      0.000    999.000    999.000
    S                  1.000      0.000    999.000    999.000
    Q                999.000    999.000    999.000    999.000
    CUB              999.000    999.000    999.000    999.000

 Residual Variances
    SAPS_0             0.731      0.051     14.247      0.000
    SAPS_1             0.764      0.051     14.901      0.000
    SAPS_2             0.797      0.051     15.706      0.000
    SAPS_3             0.828      0.049     17.041      0.000
    SAPS_6             0.904      0.032     28.467      0.000
    SAPS_9             0.936      0.039     24.139      0.000
    SAPS_12            0.920      0.074     12.500      0.000
    SAPS_18            0.802      0.097      8.254      0.000
    SAPS_24            0.702      0.084      8.361      0.000


STDY Standardization

                                                    Two-Tailed
                    Estimate       S.E.  Est./S.E.    P-Value

Latent Class 1

 I        |
    SAPS_0             0.519      0.049     10.509      0.000
    SAPS_1             0.531      0.052     10.252      0.000
    SAPS_2             0.542      0.055      9.912      0.000
    SAPS_3             0.553      0.058      9.535      0.000
    SAPS_6             0.577      0.069      8.362      0.000
    SAPS_9             0.588      0.081      7.294      0.000
    SAPS_12            0.582      0.089      6.518      0.000
    SAPS_18            0.544      0.090      6.047      0.000
    SAPS_24            0.509      0.076      6.704      0.000

 S        |
    SAPS_0             0.000      0.000    999.000    999.000
    SAPS_1             0.032      0.043      0.761      0.447
    SAPS_2             0.066      0.087      0.759      0.448
    SAPS_3             0.101      0.134      0.759      0.448
    SAPS_6             0.212      0.277      0.765      0.444
    SAPS_9             0.324      0.417      0.777      0.437
    SAPS_12            0.428      0.544      0.786      0.432
    SAPS_18            0.599      0.761      0.787      0.431
    SAPS_24            0.747      0.963      0.776      0.438

 Q        |
    SAPS_0           999.000    999.000    999.000    999.000
    SAPS_1           999.000    999.000    999.000    999.000
    SAPS_2           999.000    999.000    999.000    999.000
    SAPS_3           999.000    999.000    999.000    999.000
    SAPS_6           999.000    999.000    999.000    999.000
    SAPS_9           999.000    999.000    999.000    999.000
    SAPS_12          999.000    999.000    999.000    999.000
    SAPS_18          999.000    999.000    999.000    999.000
    SAPS_24          999.000    999.000    999.000    999.000

 CUB      |
    SAPS_0           999.000    999.000    999.000    999.000
    SAPS_1           999.000    999.000    999.000    999.000
    SAPS_2           999.000    999.000    999.000    999.000
    SAPS_3           999.000    999.000    999.000    999.000
    SAPS_6           999.000    999.000    999.000    999.000
    SAPS_9           999.000    999.000    999.000    999.000
    SAPS_12          999.000    999.000    999.000    999.000
    SAPS_18          999.000    999.000    999.000    999.000
    SAPS_24          999.000    999.000    999.000    999.000

 S        WITH
    I                 -1.398      1.428     -0.979      0.327

 Q        WITH
    I                999.000    999.000    999.000    999.000
    S                999.000    999.000    999.000    999.000

 Means
    I                  4.558      0.498      9.153      0.000
    S                -19.420     25.274     -0.768      0.442
    Q                999.000    999.000    999.000    999.000
    CUB              999.000    999.000    999.000    999.000

 Intercepts
    SAPS_0             0.000      0.000    999.000    999.000
    SAPS_1             0.000      0.000    999.000    999.000
    SAPS_2             0.000      0.000    999.000    999.000
    SAPS_3             0.000      0.000    999.000    999.000
    SAPS_6             0.000      0.000    999.000    999.000
    SAPS_9             0.000      0.000    999.000    999.000
    SAPS_12            0.000      0.000    999.000    999.000
    SAPS_18            0.000      0.000    999.000    999.000
    SAPS_24            0.000      0.000    999.000    999.000

 Variances
    I                  1.000      0.000    999.000    999.000
    S                  1.000      0.000    999.000    999.000
    Q                999.000    999.000    999.000    999.000
    CUB              999.000    999.000    999.000    999.000

 Residual Variances
    SAPS_0             0.731      0.051     14.247      0.000
    SAPS_1             0.764      0.051     14.901      0.000
    SAPS_2             0.797      0.051     15.706      0.000
    SAPS_3             0.828      0.049     17.041      0.000
    SAPS_6             0.904      0.032     28.467      0.000
    SAPS_9             0.936      0.039     24.139      0.000
    SAPS_12            0.920      0.074     12.500      0.000
    SAPS_18            0.802      0.097      8.254      0.000
    SAPS_24            0.702      0.084      8.361      0.000

Latent Class 2

 I        |
    SAPS_0             0.519      0.049     10.509      0.000
    SAPS_1             0.531      0.052     10.252      0.000
    SAPS_2             0.542      0.055      9.912      0.000
    SAPS_3             0.553      0.058      9.535      0.000
    SAPS_6             0.577      0.069      8.362      0.000
    SAPS_9             0.588      0.081      7.294      0.000
    SAPS_12            0.582      0.089      6.518      0.000
    SAPS_18            0.544      0.090      6.047      0.000
    SAPS_24            0.509      0.076      6.704      0.000

 S        |
    SAPS_0             0.000      0.000    999.000    999.000
    SAPS_1             0.032      0.043      0.761      0.447
    SAPS_2             0.066      0.087      0.759      0.448
    SAPS_3             0.101      0.134      0.759      0.448
    SAPS_6             0.212      0.277      0.765      0.444
    SAPS_9             0.324      0.417      0.777      0.437
    SAPS_12            0.428      0.544      0.786      0.432
    SAPS_18            0.599      0.761      0.787      0.431
    SAPS_24            0.747      0.963      0.776      0.438

 Q        |
    SAPS_0           999.000    999.000    999.000    999.000
    SAPS_1           999.000    999.000    999.000    999.000
    SAPS_2           999.000    999.000    999.000    999.000
    SAPS_3           999.000    999.000    999.000    999.000
    SAPS_6           999.000    999.000    999.000    999.000
    SAPS_9           999.000    999.000    999.000    999.000
    SAPS_12          999.000    999.000    999.000    999.000
    SAPS_18          999.000    999.000    999.000    999.000
    SAPS_24          999.000    999.000    999.000    999.000

 CUB      |
    SAPS_0           999.000    999.000    999.000    999.000
    SAPS_1           999.000    999.000    999.000    999.000
    SAPS_2           999.000    999.000    999.000    999.000
    SAPS_3           999.000    999.000    999.000    999.000
    SAPS_6           999.000    999.000    999.000    999.000
    SAPS_9           999.000    999.000    999.000    999.000
    SAPS_12          999.000    999.000    999.000    999.000
    SAPS_18          999.000    999.000    999.000    999.000
    SAPS_24          999.000    999.000    999.000    999.000

 S        WITH
    I                 -1.398      1.428     -0.979      0.327

 Q        WITH
    I                999.000    999.000    999.000    999.000
    S                999.000    999.000    999.000    999.000

 Means
    I                  5.315      0.873      6.090      0.000
    S                 -8.845     11.191     -0.790      0.429
    Q                999.000    999.000    999.000    999.000
    CUB              999.000    999.000    999.000    999.000

 Intercepts
    SAPS_0             0.000      0.000    999.000    999.000
    SAPS_1             0.000      0.000    999.000    999.000
    SAPS_2             0.000      0.000    999.000    999.000
    SAPS_3             0.000      0.000    999.000    999.000
    SAPS_6             0.000      0.000    999.000    999.000
    SAPS_9             0.000      0.000    999.000    999.000
    SAPS_12            0.000      0.000    999.000    999.000
    SAPS_18            0.000      0.000    999.000    999.000
    SAPS_24            0.000      0.000    999.000    999.000

 Variances
    I                  1.000      0.000    999.000    999.000
    S                  1.000      0.000    999.000    999.000
    Q                999.000    999.000    999.000    999.000
    CUB              999.000    999.000    999.000    999.000

 Residual Variances
    SAPS_0             0.731      0.051     14.247      0.000
    SAPS_1             0.764      0.051     14.901      0.000
    SAPS_2             0.797      0.051     15.706      0.000
    SAPS_3             0.828      0.049     17.041      0.000
    SAPS_6             0.904      0.032     28.467      0.000
    SAPS_9             0.936      0.039     24.139      0.000
    SAPS_12            0.920      0.074     12.500      0.000
    SAPS_18            0.802      0.097      8.254      0.000
    SAPS_24            0.702      0.084      8.361      0.000


STD Standardization

                                                    Two-Tailed
                    Estimate       S.E.  Est./S.E.    P-Value

Latent Class 1

 I        |
    SAPS_0             1.906      0.237      8.034      0.000
    SAPS_1             1.906      0.237      8.034      0.000
    SAPS_2             1.906      0.237      8.034      0.000
    SAPS_3             1.906      0.237      8.034      0.000
    SAPS_6             1.906      0.237      8.034      0.000
    SAPS_9             1.906      0.237      8.034      0.000
    SAPS_12            1.906      0.237      8.034      0.000
    SAPS_18            1.906      0.237      8.034      0.000
    SAPS_24            1.906      0.237      8.034      0.000

 S        |
    SAPS_0             0.000      0.000    999.000    999.000
    SAPS_1             0.117      0.151      0.771      0.441
    SAPS_2             0.233      0.302      0.771      0.441
    SAPS_3             0.350      0.454      0.771      0.441
    SAPS_6             0.700      0.907      0.771      0.441
    SAPS_9             1.050      1.361      0.771      0.441
    SAPS_12            1.400      1.815      0.771      0.441
    SAPS_18            2.099      2.722      0.771      0.441
    SAPS_24            2.799      3.629      0.771      0.441

 Q        |
    SAPS_0           999.000    999.000    999.000    999.000
    SAPS_1           999.000    999.000    999.000    999.000
    SAPS_2           999.000    999.000    999.000    999.000
    SAPS_3           999.000    999.000    999.000    999.000
    SAPS_6           999.000    999.000    999.000    999.000
    SAPS_9           999.000    999.000    999.000    999.000
    SAPS_12          999.000    999.000    999.000    999.000
    SAPS_18          999.000    999.000    999.000    999.000
    SAPS_24          999.000    999.000    999.000    999.000

 CUB      |
    SAPS_0           999.000    999.000    999.000    999.000
    SAPS_1           999.000    999.000    999.000    999.000
    SAPS_2           999.000    999.000    999.000    999.000
    SAPS_3           999.000    999.000    999.000    999.000
    SAPS_6           999.000    999.000    999.000    999.000
    SAPS_9           999.000    999.000    999.000    999.000
    SAPS_12          999.000    999.000    999.000    999.000
    SAPS_18          999.000    999.000    999.000    999.000
    SAPS_24          999.000    999.000    999.000    999.000

 S        WITH
    I                 -1.398      1.428     -0.979      0.327

 Q        WITH
    I                999.000    999.000    999.000    999.000
    S                999.000    999.000    999.000    999.000

 Means
    I                  4.558      0.498      9.153      0.000
    S                -19.420     25.274     -0.768      0.442
    Q                999.000    999.000    999.000    999.000
    CUB              999.000    999.000    999.000    999.000

 Intercepts
    SAPS_0             0.000      0.000    999.000    999.000
    SAPS_1             0.000      0.000    999.000    999.000
    SAPS_2             0.000      0.000    999.000    999.000
    SAPS_3             0.000      0.000    999.000    999.000
    SAPS_6             0.000      0.000    999.000    999.000
    SAPS_9             0.000      0.000    999.000    999.000
    SAPS_12            0.000      0.000    999.000    999.000
    SAPS_18            0.000      0.000    999.000    999.000
    SAPS_24            0.000      0.000    999.000    999.000

 Variances
    I                  1.000      0.000    999.000    999.000
    S                  1.000      0.000    999.000    999.000
    Q                999.000    999.000    999.000    999.000
    CUB              999.000    999.000    999.000    999.000

 Residual Variances
    SAPS_0             9.848      0.435     22.621      0.000
    SAPS_1             9.848      0.435     22.621      0.000
    SAPS_2             9.848      0.435     22.621      0.000
    SAPS_3             9.848      0.435     22.621      0.000
    SAPS_6             9.848      0.435     22.621      0.000
    SAPS_9             9.848      0.435     22.621      0.000
    SAPS_12            9.848      0.435     22.621      0.000
    SAPS_18            9.848      0.435     22.621      0.000
    SAPS_24            9.848      0.435     22.621      0.000

Latent Class 2

 I        |
    SAPS_0             1.906      0.237      8.034      0.000
    SAPS_1             1.906      0.237      8.034      0.000
    SAPS_2             1.906      0.237      8.034      0.000
    SAPS_3             1.906      0.237      8.034      0.000
    SAPS_6             1.906      0.237      8.034      0.000
    SAPS_9             1.906      0.237      8.034      0.000
    SAPS_12            1.906      0.237      8.034      0.000
    SAPS_18            1.906      0.237      8.034      0.000
    SAPS_24            1.906      0.237      8.034      0.000

 S        |
    SAPS_0             0.000      0.000    999.000    999.000
    SAPS_1             0.117      0.151      0.771      0.441
    SAPS_2             0.233      0.302      0.771      0.441
    SAPS_3             0.350      0.454      0.771      0.441
    SAPS_6             0.700      0.907      0.771      0.441
    SAPS_9             1.050      1.361      0.771      0.441
    SAPS_12            1.400      1.815      0.771      0.441
    SAPS_18            2.099      2.722      0.771      0.441
    SAPS_24            2.799      3.629      0.771      0.441

 Q        |
    SAPS_0           999.000    999.000    999.000    999.000
    SAPS_1           999.000    999.000    999.000    999.000
    SAPS_2           999.000    999.000    999.000    999.000
    SAPS_3           999.000    999.000    999.000    999.000
    SAPS_6           999.000    999.000    999.000    999.000
    SAPS_9           999.000    999.000    999.000    999.000
    SAPS_12          999.000    999.000    999.000    999.000
    SAPS_18          999.000    999.000    999.000    999.000
    SAPS_24          999.000    999.000    999.000    999.000

 CUB      |
    SAPS_0           999.000    999.000    999.000    999.000
    SAPS_1           999.000    999.000    999.000    999.000
    SAPS_2           999.000    999.000    999.000    999.000
    SAPS_3           999.000    999.000    999.000    999.000
    SAPS_6           999.000    999.000    999.000    999.000
    SAPS_9           999.000    999.000    999.000    999.000
    SAPS_12          999.000    999.000    999.000    999.000
    SAPS_18          999.000    999.000    999.000    999.000
    SAPS_24          999.000    999.000    999.000    999.000

 S        WITH
    I                 -1.398      1.428     -0.979      0.327

 Q        WITH
    I                999.000    999.000    999.000    999.000
    S                999.000    999.000    999.000    999.000

 Means
    I                  5.315      0.873      6.090      0.000
    S                 -8.845     11.191     -0.790      0.429
    Q                999.000    999.000    999.000    999.000
    CUB              999.000    999.000    999.000    999.000

 Intercepts
    SAPS_0             0.000      0.000    999.000    999.000
    SAPS_1             0.000      0.000    999.000    999.000
    SAPS_2             0.000      0.000    999.000    999.000
    SAPS_3             0.000      0.000    999.000    999.000
    SAPS_6             0.000      0.000    999.000    999.000
    SAPS_9             0.000      0.000    999.000    999.000
    SAPS_12            0.000      0.000    999.000    999.000
    SAPS_18            0.000      0.000    999.000    999.000
    SAPS_24            0.000      0.000    999.000    999.000

 Variances
    I                  1.000      0.000    999.000    999.000
    S                  1.000      0.000    999.000    999.000
    Q                999.000    999.000    999.000    999.000
    CUB              999.000    999.000    999.000    999.000

 Residual Variances
    SAPS_0             9.848      0.435     22.621      0.000
    SAPS_1             9.848      0.435     22.621      0.000
    SAPS_2             9.848      0.435     22.621      0.000
    SAPS_3             9.848      0.435     22.621      0.000
    SAPS_6             9.848      0.435     22.621      0.000
    SAPS_9             9.848      0.435     22.621      0.000
    SAPS_12            9.848      0.435     22.621      0.000
    SAPS_18            9.848      0.435     22.621      0.000
    SAPS_24            9.848      0.435     22.621      0.000


R-SQUARE

Class 1

    Observed                                        Two-Tailed
    Variable        Estimate       S.E.  Est./S.E.    P-Value

    SAPS_0             0.269      0.051      5.255      0.000
    SAPS_1             0.236      0.051      4.600      0.000
    SAPS_2             0.203      0.051      4.003      0.000
    SAPS_3             0.172      0.049      3.537      0.000
    SAPS_6             0.096      0.032      3.040      0.002
    SAPS_9             0.064      0.039      1.647      0.100
    SAPS_12            0.080      0.074      1.090      0.276
    SAPS_18            0.198      0.097      2.044      0.041
    SAPS_24            0.298      0.084      3.549      0.000

Class 2

    Observed                                        Two-Tailed
    Variable        Estimate       S.E.  Est./S.E.    P-Value

    SAPS_0             0.269      0.051      5.255      0.000
    SAPS_1             0.236      0.051      4.600      0.000
    SAPS_2             0.203      0.051      4.003      0.000
    SAPS_3             0.172      0.049      3.537      0.000
    SAPS_6             0.096      0.032      3.040      0.002
    SAPS_9             0.064      0.039      1.647      0.100
    SAPS_12            0.080      0.074      1.090      0.276
    SAPS_18            0.198      0.097      2.044      0.041
    SAPS_24            0.298      0.084      3.549      0.000


TECHNICAL 1 OUTPUT


     PARAMETER SPECIFICATION FOR LATENT CLASS 1


           NU
              SAPS_0        SAPS_1        SAPS_2        SAPS_3        SAPS_6
              ________      ________      ________      ________      ________
                    0             0             0             0             0


           NU
              SAPS_9        SAPS_12       SAPS_18       SAPS_24
              ________      ________      ________      ________
                    0             0             0             0


           LAMBDA
              I             S             Q             CUB
              ________      ________      ________      ________
 SAPS_0             0             0             0             0
 SAPS_1             0             0             0             0
 SAPS_2             0             0             0             0
 SAPS_3             0             0             0             0
 SAPS_6             0             0             0             0
 SAPS_9             0             0             0             0
 SAPS_12            0             0             0             0
 SAPS_18            0             0             0             0
 SAPS_24            0             0             0             0


           THETA
              SAPS_0        SAPS_1        SAPS_2        SAPS_3        SAPS_6
              ________      ________      ________      ________      ________
 SAPS_0             1
 SAPS_1             0             1
 SAPS_2             0             0             1
 SAPS_3             0             0             0             1
 SAPS_6             0             0             0             0             1
 SAPS_9             0             0             0             0             0
 SAPS_12            0             0             0             0             0
 SAPS_18            0             0             0             0             0
 SAPS_24            0             0             0             0             0


           THETA
              SAPS_9        SAPS_12       SAPS_18       SAPS_24
              ________      ________      ________      ________
 SAPS_9             1
 SAPS_12            0             1
 SAPS_18            0             0             1
 SAPS_24            0             0             0             1


           ALPHA
              I             S             Q             CUB
              ________      ________      ________      ________
                    2             3             4             5


           BETA
              I             S             Q             CUB
              ________      ________      ________      ________
 I                  0             0             0             0
 S                  0             0             0             0
 Q                  0             0             0             0
 CUB                0             0             0             0


           PSI
              I             S             Q             CUB
              ________      ________      ________      ________
 I                  6
 S                  7             8
 Q                  9            10            11
 CUB                0             0             0             0


     PARAMETER SPECIFICATION FOR LATENT CLASS 2


           NU
              SAPS_0        SAPS_1        SAPS_2        SAPS_3        SAPS_6
              ________      ________      ________      ________      ________
                    0             0             0             0             0


           NU
              SAPS_9        SAPS_12       SAPS_18       SAPS_24
              ________      ________      ________      ________
                    0             0             0             0


           LAMBDA
              I             S             Q             CUB
              ________      ________      ________      ________
 SAPS_0             0             0             0             0
 SAPS_1             0             0             0             0
 SAPS_2             0             0             0             0
 SAPS_3             0             0             0             0
 SAPS_6             0             0             0             0
 SAPS_9             0             0             0             0
 SAPS_12            0             0             0             0
 SAPS_18            0             0             0             0
 SAPS_24            0             0             0             0


           THETA
              SAPS_0        SAPS_1        SAPS_2        SAPS_3        SAPS_6
              ________      ________      ________      ________      ________
 SAPS_0             1
 SAPS_1             0             1
 SAPS_2             0             0             1
 SAPS_3             0             0             0             1
 SAPS_6             0             0             0             0             1
 SAPS_9             0             0             0             0             0
 SAPS_12            0             0             0             0             0
 SAPS_18            0             0             0             0             0
 SAPS_24            0             0             0             0             0


           THETA
              SAPS_9        SAPS_12       SAPS_18       SAPS_24
              ________      ________      ________      ________
 SAPS_9             1
 SAPS_12            0             1
 SAPS_18            0             0             1
 SAPS_24            0             0             0             1


           ALPHA
              I             S             Q             CUB
              ________      ________      ________      ________
                   12            13            14            15


           BETA
              I             S             Q             CUB
              ________      ________      ________      ________
 I                  0             0             0             0
 S                  0             0             0             0
 Q                  0             0             0             0
 CUB                0             0             0             0


           PSI
              I             S             Q             CUB
              ________      ________      ________      ________
 I                  6
 S                  7             8
 Q                  9            10            11
 CUB                0             0             0             0


     PARAMETER SPECIFICATION FOR LATENT CLASS REGRESSION MODEL PART


           ALPHA(C)
              C#1           C#2
              ________      ________
                   16             0


     STARTING VALUES FOR LATENT CLASS 1


           NU
              SAPS_0        SAPS_1        SAPS_2        SAPS_3        SAPS_6
              ________      ________      ________      ________      ________
                0.000         0.000         0.000         0.000         0.000


           NU
              SAPS_9        SAPS_12       SAPS_18       SAPS_24
              ________      ________      ________      ________
                0.000         0.000         0.000         0.000


           LAMBDA
              I             S             Q             CUB
              ________      ________      ________      ________
 SAPS_0         1.000         0.000         0.000         0.000
 SAPS_1         1.000         1.000         1.000         1.000
 SAPS_2         1.000         2.000         4.000         8.000
 SAPS_3         1.000         3.000         9.000        27.000
 SAPS_6         1.000         6.000        36.000       216.000
 SAPS_9         1.000         9.000        81.000       729.000
 SAPS_12        1.000        12.000       144.000      1728.000
 SAPS_18        1.000        18.000       324.000      5832.000
 SAPS_24        1.000        24.000       576.000     13824.000


           THETA
              SAPS_0        SAPS_1        SAPS_2        SAPS_3        SAPS_6
              ________      ________      ________      ________      ________
 SAPS_0         5.271
 SAPS_1         0.000         7.246
 SAPS_2         0.000         0.000         6.692
 SAPS_3         0.000         0.000         0.000         6.465
 SAPS_6         0.000         0.000         0.000         0.000         6.866
 SAPS_9         0.000         0.000         0.000         0.000         0.000
 SAPS_12        0.000         0.000         0.000         0.000         0.000
 SAPS_18        0.000         0.000         0.000         0.000         0.000
 SAPS_24        0.000         0.000         0.000         0.000         0.000


           THETA
              SAPS_9        SAPS_12       SAPS_18       SAPS_24
              ________      ________      ________      ________
 SAPS_9         6.180
 SAPS_12        0.000         7.261
 SAPS_18        0.000         0.000         6.410
 SAPS_24        0.000         0.000         0.000         7.513


           ALPHA
              I             S             Q             CUB
              ________      ________      ________      ________
               10.720        -4.185         0.874        -0.062


           BETA
              I             S             Q             CUB
              ________      ________      ________      ________
 I              0.000         0.000         0.000         0.000
 S              0.000         0.000         0.000         0.000
 Q              0.000         0.000         0.000         0.000
 CUB            0.000         0.000         0.000         0.000


           PSI
              I             S             Q             CUB
              ________      ________      ________      ________
 I             16.202
 S              0.000        27.788
 Q              0.000         0.000         4.817
 CUB            0.000         0.000         0.000         0.000


     STARTING VALUES FOR LATENT CLASS 2


           NU
              SAPS_0        SAPS_1        SAPS_2        SAPS_3        SAPS_6
              ________      ________      ________      ________      ________
                0.000         0.000         0.000         0.000         0.000


           NU
              SAPS_9        SAPS_12       SAPS_18       SAPS_24
              ________      ________      ________      ________
                0.000         0.000         0.000         0.000


           LAMBDA
              I             S             Q             CUB
              ________      ________      ________      ________
 SAPS_0         1.000         0.000         0.000         0.000
 SAPS_1         1.000         1.000         1.000         1.000
 SAPS_2         1.000         2.000         4.000         8.000
 SAPS_3         1.000         3.000         9.000        27.000
 SAPS_6         1.000         6.000        36.000       216.000
 SAPS_9         1.000         9.000        81.000       729.000
 SAPS_12        1.000        12.000       144.000      1728.000
 SAPS_18        1.000        18.000       324.000      5832.000
 SAPS_24        1.000        24.000       576.000     13824.000


           THETA
              SAPS_0        SAPS_1        SAPS_2        SAPS_3        SAPS_6
              ________      ________      ________      ________      ________
 SAPS_0         5.271
 SAPS_1         0.000         7.246
 SAPS_2         0.000         0.000         6.692
 SAPS_3         0.000         0.000         0.000         6.465
 SAPS_6         0.000         0.000         0.000         0.000         6.866
 SAPS_9         0.000         0.000         0.000         0.000         0.000
 SAPS_12        0.000         0.000         0.000         0.000         0.000
 SAPS_18        0.000         0.000         0.000         0.000         0.000
 SAPS_24        0.000         0.000         0.000         0.000         0.000


           THETA
              SAPS_9        SAPS_12       SAPS_18       SAPS_24
              ________      ________      ________      ________
 SAPS_9         6.180
 SAPS_12        0.000         7.261
 SAPS_18        0.000         0.000         6.410
 SAPS_24        0.000         0.000         0.000         7.513


           ALPHA
              I             S             Q             CUB
              ________      ________      ________      ________
               10.720        -4.185         0.874        -0.062


           BETA
              I             S             Q             CUB
              ________      ________      ________      ________
 I              0.000         0.000         0.000         0.000
 S              0.000         0.000         0.000         0.000
 Q              0.000         0.000         0.000         0.000
 CUB            0.000         0.000         0.000         0.000


           PSI
              I             S             Q             CUB
              ________      ________      ________      ________
 I             16.202
 S              0.000        27.788
 Q              0.000         0.000         4.817
 CUB            0.000         0.000         0.000         0.000


     STARTING VALUES FOR LATENT CLASS REGRESSION MODEL PART


           ALPHA(C)
              C#1           C#2
              ________      ________
                0.000         0.000


TECHNICAL 11 OUTPUT

     Random Starts Specifications for the k-1 Class Analysis Model
        Number of initial stage random starts                 500
        Number of final stage optimizations                   125



     VUONG-LO-MENDELL-RUBIN LIKELIHOOD RATIO TEST FOR 1 (H0) VERSUS 2 CLASSES

          H0 Loglikelihood Value                        -8437.390
          2 Times the Loglikelihood Difference             69.699
          Difference in the Number of Parameters                5
          Mean                                             23.553
          Standard Deviation                               22.562
          P-Value                                          0.0462

     LO-MENDELL-RUBIN ADJUSTED LRT TEST

          Value                                            67.452
          P-Value                                          0.0506


SAMPLE STATISTICS FOR ESTIMATED FACTOR SCORES


     SAMPLE STATISTICS


           Means
              I             S             Q             CUB           C_I
              ________      ________      ________      ________      ________
                9.090        -1.921         0.165        -0.004         9.117


           Means
              C_S           C_Q           C_CUB
              ________      ________      ________
               -1.961         0.168        -0.004


           Covariances
              I             S             Q             CUB           C_I
              ________      ________      ________      ________      ________
 I              2.323
 S              0.256         0.199
 Q             -0.032        -0.017         0.001
 CUB            0.001         0.000         0.000         0.000
 C_I            2.328         0.240        -0.030         0.001         2.355
 C_S            0.255         0.224        -0.019         0.000         0.208
 C_Q           -0.032        -0.019         0.002         0.000        -0.028
 C_CUB          0.001         0.000         0.000         0.000         0.001


           Covariances
              C_S           C_Q           C_CUB
              ________      ________      ________
 C_S            0.296
 C_Q           -0.025         0.002
 C_CUB          0.001         0.000         0.000


           Correlations
              I             S             Q             CUB           C_I
              ________      ________      ________      ________      ________
 I              1.000
 S              0.377         1.000
 Q             -0.542        -0.976         1.000
 CUB            0.603         0.955        -0.996         1.000
 C_I            0.995         0.350        -0.515         0.579         1.000
 C_S            0.307         0.924        -0.901         0.874         0.249
 C_Q           -0.452        -0.916         0.933        -0.920        -0.396
 C_CUB          0.523         0.918        -0.950         0.945         0.472


           Correlations
              C_S           C_Q           C_CUB
              ________      ________      ________
 C_S            1.000
 C_Q           -0.983         1.000
 C_CUB          0.964        -0.995         1.000


PLOT INFORMATION

The following plots are available:

  Histograms (sample values, estimated factor scores, estimated values, residuals)
  Scatterplots (sample values, estimated factor scores, estimated values, residuals)
  Sample means
  Estimated means, medians, modes, and percentiles
  Sample and estimated means
  Latent variable distribution plots
  Observed individual values
  Estimated individual values
  Estimated means and observed individual values
  Estimated means and estimated individual values
  Estimated overall and class-specific distributions

SAVEDATA INFORMATION


  Save file
    GMM1_i s q cub@0_res.dat

  Order and format of variables

    SAPS_0         F10.3
    SAPS_1         F10.3
    SAPS_2         F10.3
    SAPS_3         F10.3
    SAPS_6         F10.3
    SAPS_9         F10.3
    SAPS_12        F10.3
    SAPS_18        F10.3
    SAPS_24        F10.3
    I              F10.3
    S              F10.3
    Q              F10.3
    CUB            F10.3
    C_I            F10.3
    C_S            F10.3
    C_Q            F10.3
    C_CUB          F10.3
    CPROB1         F10.3
    CPROB2         F10.3
    C              F10.3
    PIN            I4

  Save file format
    20F10.3 I4

  Save file record length    10000

  Save missing symbol        *


     Beginning Time:  17:14:49
        Ending Time:  17:16:33
       Elapsed Time:  00:01:44



MUTHEN & MUTHEN
3463 Stoner Ave.
Los Angeles, CA  90066

Tel: (310) 391-9971
Fax: (310) 391-8971
Web: www.StatModel.com
Support: Support@StatModel.com

Copyright (c) 1998-2021 Muthen & Muthen
