Mplus VERSION 8.6 (Mac)
MUTHEN & MUTHEN
09/29/2023   2:03 PM

INPUT INSTRUCTIONS

  TITLE:
  GMM_CI_isq@0cub@0_C_332_331 - R3STEP_CPZ_0;
  DATA:
  FILE = "/Users/olivierpercie/Desktop/LGM/SANS/Results/R3STEP/CPZ_0_R3STEP.dat";

  VARIABLE:
  NAMES = PIN SANS_0 SANS_1 SANS_2 SANS_3 SANS_6 SANS_9 SANS_12 SANS_18 SANS_24 I S Q
       CUB C_I C_S C_Q C_CUB CPROB1 CPROB2 CPROB3 N CPZ_0;
   MISSING=.;
   USEVAR = N CPZ_0;
  NOMINAL = N;
  CLASSES = c(3);
  ANALYSIS:
  TYPE = MIXTURE;
  ALGORITHM = INTEGRATION;
  INTEGRATION = MONTECARLO;
  STARTS = 0 0;
  PROCESSORS = 8;
  MODEL:
  %OVERALL%
  C ON CPZ_0;
  CPZ_0;
  %C#1%
  [N#1@0.806];
  [N#2@-0.173];
  %C#2%
  [N#1@-1.455];
  [N#2@1.406];
  %C#3%
  [N#1@-2.938];
  [N#2@-1.577];
  OUTPUT:
  SAMPSTAT;
  STANDARDIZED;
  CINTERVAL;
  TECH7;
  TECH12;



*** WARNING
  Data set contains cases with missing on all variables.
  These cases were not included in the analysis.
  Number of cases with missing on all variables:  10
   1 WARNING(S) FOUND IN THE INPUT INSTRUCTIONS




GMM_CI_isq@0cub@0_C_332_331 - R3STEP_CPZ_0;

SUMMARY OF ANALYSIS

Number of groups                                                 1
Number of observations                                         679

Number of dependent variables                                    1
Number of independent variables                                  1
Number of continuous latent variables                            0
Number of categorical latent variables                           1

Observed dependent variables

  Unordered categorical (nominal)
   N

Observed independent variables
   CPZ_0

Categorical latent variables
   C


Estimator                                                      MLR
Information matrix                                        OBSERVED
Optimization Specifications for the Quasi-Newton Algorithm for
Continuous Outcomes
  Maximum number of iterations                                 100
  Convergence criterion                                  0.100D-05
Optimization Specifications for the EM Algorithm
  Maximum number of iterations                                 500
  Convergence criteria
    Loglikelihood change                                 0.100D-02
    Relative loglikelihood change                        0.100D-05
    Derivative                                           0.100D-02
Optimization Specifications for the M step of the EM Algorithm for
Categorical Latent variables
  Number of M step iterations                                    1
  M step convergence criterion                           0.100D-02
  Basis for M step termination                           ITERATION
Optimization Specifications for the M step of the EM Algorithm for
Censored, Binary or Ordered Categorical (Ordinal), Unordered
Categorical (Nominal) and Count Outcomes
  Number of M step iterations                                    1
  M step convergence criterion                           0.100D-02
  Basis for M step termination                           ITERATION
  Maximum value for logit thresholds                            15
  Minimum value for logit thresholds                           -15
  Minimum expected cell size for chi-square              0.100D-01
Maximum number of iterations for H1                           2000
Convergence criterion for H1                             0.100D-03
Optimization algorithm                                         EMA
Integration Specifications
  Type                                                  MONTECARLO
  Number of integration points                                 250
  Dimensions of numerical integration                            1
  Adaptive quadrature                                           ON
  Monte Carlo integration seed                                   0
Cholesky                                                       OFF

Input data file(s)
  /Users/olivierpercie/Desktop/LGM/SANS/Results/R3STEP/CPZ_0_R3STEP.dat
Input data format  FREE


SUMMARY OF DATA

     Number of missing data patterns             2
     Number of y missing data patterns           2
     Number of u missing data patterns           0


COVARIANCE COVERAGE OF DATA

Minimum covariance coverage value   0.100


     PROPORTION OF DATA PRESENT FOR Y


           Covariance Coverage
              CPZ_0
              ________
 CPZ_0          0.850


UNIVARIATE PROPORTIONS AND COUNTS FOR CATEGORICAL VARIABLES

    N
      Category 1    0.153          104.000
      Category 2    0.408          277.000
      Category 3    0.439          298.000


SAMPLE STATISTICS


     ESTIMATED SAMPLE STATISTICS


           Means
              CPZ_0
              ________
              186.736


           Covariances
              CPZ_0
              ________
 CPZ_0      33801.191


           Correlations
              CPZ_0
              ________
 CPZ_0          1.000


     MAXIMUM LOG-LIKELIHOOD VALUE FOR THE UNRESTRICTED (H1) MODEL IS -3827.278


UNIVARIATE SAMPLE STATISTICS


     UNIVARIATE HIGHER-ORDER MOMENT DESCRIPTIVE STATISTICS

         Variable/         Mean/     Skewness/   Minimum/ % with                Percentiles
        Sample Size      Variance    Kurtosis    Maximum  Min/Max      20%/60%    40%/80%    Median

     CPZ_0               186.736       3.199       0.000   11.27%      50.000    100.000    150.000
             577.000   33801.191      22.579    2100.000    0.17%     200.000    300.000


THE MODEL ESTIMATION TERMINATED NORMALLY



MODEL FIT INFORMATION

Number of Free Parameters                        6

Loglikelihood

          H0 Value                       -4515.614
          H0 Scaling Correction Factor      3.0070
            for MLR

Information Criteria

          Akaike (AIC)                    9043.229
          Bayesian (BIC)                  9070.353
          Sample-Size Adjusted BIC        9051.302
            (n* = (n + 2) / 24)



FINAL CLASS COUNTS AND PROPORTIONS FOR THE LATENT CLASSES
BASED ON THE ESTIMATED MODEL

    Latent
   Classes

       1        148.61518          0.21887
       2        263.99578          0.38880
       3        266.38904          0.39233


FINAL CLASS COUNTS AND PROPORTIONS FOR THE LATENT CLASSES
BASED ON ESTIMATED POSTERIOR PROBABILITIES

    Latent
   Classes

       1        148.59895          0.21885
       2        263.99310          0.38880
       3        266.40795          0.39235


FINAL CLASS COUNTS AND PROPORTIONS FOR THE LATENT CLASSES
BASED ON THEIR MOST LIKELY LATENT CLASS MEMBERSHIP

Class Counts and Proportions

    Latent
   Classes

       1              105          0.15464
       2              277          0.40795
       3              297          0.43741


CLASSIFICATION QUALITY

     Entropy                         0.305


Average Latent Class Probabilities for Most Likely Latent Class Membership (Row)
by Latent Class (Column)

           1        2        3

    1   0.780    0.112    0.109
    2   0.110    0.732    0.158
    3   0.122    0.167    0.711


Classification Probabilities for the Most Likely Latent Class Membership (Column)
by Latent Class (Row)

           1        2        3

    1   0.551    0.206    0.243
    2   0.045    0.768    0.188
    3   0.043    0.164    0.793


Logits for the Classification Probabilities for the Most Likely Latent Class Membership (Column)
by Latent Class (Row)

              1        2        3

    1      0.817   -0.168    0.000
    2     -1.439    1.409    0.000
    3     -2.920   -1.576    0.000


MODEL RESULTS

                                                    Two-Tailed
                    Estimate       S.E.  Est./S.E.    P-Value

Latent Class 1

 Means
    CPZ_0            186.810      7.662     24.383      0.000
    N#1                0.806      0.000    999.000    999.000
    N#2               -0.173      0.000    999.000    999.000

 Variances
    CPZ_0          33790.910   6961.125      4.854      0.000

Latent Class 2

 Means
    CPZ_0            186.810      7.662     24.383      0.000
    N#1               -1.455      0.000    999.000    999.000
    N#2                1.406      0.000    999.000    999.000

 Variances
    CPZ_0          33790.910   6961.125      4.854      0.000

Latent Class 3

 Means
    CPZ_0            186.810      7.662     24.383      0.000
    N#1               -2.938      0.000    999.000    999.000
    N#2               -1.577      0.000    999.000    999.000

 Variances
    CPZ_0          33790.910   6961.125      4.854      0.000

Categorical Latent Variables

 C#1        ON
    CPZ_0              0.001      0.002      0.646      0.518

 C#2        ON
    CPZ_0              0.001      0.002      0.341      0.733

 Intercepts
    C#1               -0.835      0.394     -2.120      0.034
    C#2               -0.115      0.328     -0.351      0.726


QUALITY OF NUMERICAL RESULTS

     Condition Number for the Information Matrix              0.588E-03
       (ratio of smallest to largest eigenvalue)


LOGISTIC REGRESSION ODDS RATIO RESULTS

                                                95% C.I.
                    Estimate       S.E.  Lower 2.5% Upper 2.5%

Categorical Latent Variables

 C#1      ON
    CPZ_0              1.001      0.002      0.997      1.005

 C#2      ON
    CPZ_0              1.001      0.002      0.997      1.004


ALTERNATIVE PARAMETERIZATIONS FOR THE CATEGORICAL LATENT VARIABLE REGRESSION

                                                    Two-Tailed
                    Estimate       S.E.  Est./S.E.    P-Value

Parameterization using Reference Class 1

 C#2      ON
    CPZ_0             -0.001      0.001     -0.768      0.442

 C#3      ON
    CPZ_0             -0.001      0.002     -0.646      0.518

 Intercepts
    C#2                0.720      0.254      2.838      0.005
    C#3                0.835      0.394      2.120      0.034

Parameterization using Reference Class 2

 C#1      ON
    CPZ_0              0.001      0.001      0.768      0.442

 C#3      ON
    CPZ_0             -0.001      0.002     -0.341      0.733

 Intercepts
    C#1               -0.720      0.254     -2.838      0.005
    C#3                0.115      0.328      0.351      0.726


ODDS RATIO FOR THE ALTERNATIVE PARAMETERIZATIONS FOR THE CATEGORICAL LATENT VARIABLE REGRESSION

                                                95% C.I.
                    Estimate       S.E.  Lower 2.5% Upper 2.5%

Parameterization using Reference Class 1

 C#2      ON
    CPZ_0              0.999      0.001      0.997      1.001

 C#3      ON
    CPZ_0              0.999      0.002      0.995      1.003

Parameterization using Reference Class 2

 C#1      ON
    CPZ_0              1.001      0.001      0.999      1.003

 C#3      ON
    CPZ_0              0.999      0.002      0.996      1.003


STANDARDIZED MODEL RESULTS


STDYX Standardization

                                                    Two-Tailed
                    Estimate       S.E.  Est./S.E.    P-Value

Latent Class 1

 Means
    CPZ_0              1.016      0.084     12.091      0.000
    N#1                0.806      0.000    999.000    999.000
    N#2               -0.173      0.000    999.000    999.000

 Variances
    CPZ_0              1.000      0.000    999.000    999.000

Latent Class 2

 Means
    CPZ_0              1.016      0.084     12.091      0.000
    N#1               -1.455      0.000    999.000    999.000
    N#2                1.406      0.000    999.000    999.000

 Variances
    CPZ_0              1.000      0.000    999.000    999.000

Latent Class 3

 Means
    CPZ_0              1.016      0.084     12.091      0.000
    N#1               -2.938      0.000    999.000    999.000
    N#2               -1.577      0.000    999.000    999.000

 Variances
    CPZ_0              1.000      0.000    999.000    999.000


STDY Standardization

                                                    Two-Tailed
                    Estimate       S.E.  Est./S.E.    P-Value

Latent Class 1

 Means
    CPZ_0              1.016      0.084     12.091      0.000
    N#1                0.806      0.000    999.000    999.000
    N#2               -0.173      0.000    999.000    999.000

 Variances
    CPZ_0              1.000      0.000    999.000    999.000

Latent Class 2

 Means
    CPZ_0              1.016      0.084     12.091      0.000
    N#1               -1.455      0.000    999.000    999.000
    N#2                1.406      0.000    999.000    999.000

 Variances
    CPZ_0              1.000      0.000    999.000    999.000

Latent Class 3

 Means
    CPZ_0              1.016      0.084     12.091      0.000
    N#1               -2.938      0.000    999.000    999.000
    N#2               -1.577      0.000    999.000    999.000

 Variances
    CPZ_0              1.000      0.000    999.000    999.000


STD Standardization

                                                    Two-Tailed
                    Estimate       S.E.  Est./S.E.    P-Value

Latent Class 1

 Means
    CPZ_0            186.810      7.662     24.383      0.000
    N#1                0.806      0.000    999.000    999.000
    N#2               -0.173      0.000    999.000    999.000

 Variances
    CPZ_0          33790.910   6961.125      4.854      0.000

Latent Class 2

 Means
    CPZ_0            186.810      7.662     24.383      0.000
    N#1               -1.455      0.000    999.000    999.000
    N#2                1.406      0.000    999.000    999.000

 Variances
    CPZ_0          33790.910   6961.125      4.854      0.000

Latent Class 3

 Means
    CPZ_0            186.810      7.662     24.383      0.000
    N#1               -2.938      0.000    999.000    999.000
    N#2               -1.577      0.000    999.000    999.000

 Variances
    CPZ_0          33790.910   6961.125      4.854      0.000


CONFIDENCE INTERVALS OF MODEL RESULTS

                  Lower .5%  Lower 2.5%    Lower 5%    Estimate    Upper 5%  Upper 2.5%   Upper .5%

Latent Class 1

 Means
    CPZ_0          167.076     171.794     174.207     186.810     199.414     201.827     206.545
    N#1              0.806       0.806       0.806       0.806       0.806       0.806       0.806
    N#2             -0.173      -0.173      -0.173      -0.173      -0.173      -0.173      -0.173

 Variances
    CPZ_0        15860.445   20147.105   22339.859   33790.910   45241.961   47434.715   51721.375

Latent Class 2

 Means
    CPZ_0          167.076     171.794     174.207     186.810     199.414     201.827     206.545
    N#1             -1.455      -1.455      -1.455      -1.455      -1.455      -1.455      -1.455
    N#2              1.406       1.406       1.406       1.406       1.406       1.406       1.406

 Variances
    CPZ_0        15860.445   20147.105   22339.859   33790.910   45241.961   47434.715   51721.375

Latent Class 3

 Means
    CPZ_0          167.076     171.794     174.207     186.810     199.414     201.827     206.545
    N#1             -2.938      -2.938      -2.938      -2.938      -2.938      -2.938      -2.938
    N#2             -1.577      -1.577      -1.577      -1.577      -1.577      -1.577      -1.577

 Variances
    CPZ_0        15860.445   20147.105   22339.859   33790.910   45241.961   47434.715   51721.375

Categorical Latent Variables

 C#1      ON
    CPZ_0           -0.004      -0.003      -0.002       0.001       0.005       0.005       0.007

 C#2      ON
    CPZ_0           -0.004      -0.003      -0.002       0.001       0.003       0.004       0.005

 Intercepts
    C#1             -1.850      -1.608      -1.484      -0.835      -0.187      -0.063       0.180
    C#2             -0.961      -0.759      -0.656      -0.115       0.425       0.529       0.731


CONFIDENCE INTERVALS FOR THE LOGISTIC REGRESSION ODDS RATIO RESULTS

Categorical Latent Variables

 C#1      ON
    CPZ_0            0.996       0.997       0.998       1.001       1.005       1.005       1.007

 C#2      ON
    CPZ_0            0.996       0.997       0.998       1.001       1.003       1.004       1.005


CONFIDENCE INTERVALS FOR THE ALTERNATIVE PARAMETERIZATIONS FOR THE CATEGORICAL LATENT VARIABLE REGRESSION

Parameterization using Reference Class 1

 C#2      ON
    CPZ_0           -0.003      -0.003      -0.002      -0.001       0.001       0.001       0.002

 C#3      ON
    CPZ_0           -0.007      -0.005      -0.005      -0.001       0.002       0.003       0.004

 Intercepts
    C#2              0.067       0.223       0.303       0.720       1.138       1.218       1.374
    C#3             -0.180       0.063       0.187       0.835       1.484       1.608       1.850

Parameterization using Reference Class 2

 C#1      ON
    CPZ_0           -0.002      -0.001      -0.001       0.001       0.002       0.003       0.003

 C#3      ON
    CPZ_0           -0.005      -0.004      -0.003      -0.001       0.002       0.003       0.004

 Intercepts
    C#1             -1.374      -1.218      -1.138      -0.720      -0.303      -0.223      -0.067
    C#3             -0.731      -0.529      -0.425       0.115       0.656       0.759       0.961


CONFIDENCE INTERVALS FOR THE ODDS RATIO FOR THE ALTERNATIVE PARAMETERIZATIONS FOR THE
CATEGORICAL LATENT VARIABLE REGRESSION

Parameterization using Reference Class 1

 C#2      ON
    CPZ_0            0.997       0.997       0.998       0.999       1.001       1.001       1.002

 C#3      ON
    CPZ_0            0.993       0.995       0.995       0.999       1.002       1.003       1.004

Parameterization using Reference Class 2

 C#1      ON
    CPZ_0            0.998       0.999       0.999       1.001       1.002       1.003       1.003

 C#3      ON
    CPZ_0            0.995       0.996       0.997       0.999       1.002       1.003       1.004


CONFIDENCE INTERVALS OF STANDARDIZED MODEL RESULTS


STDYX Standardization

                  Lower .5%  Lower 2.5%    Lower 5%    Estimate    Upper 5%  Upper 2.5%   Upper .5%

Latent Class 1

 Means
    CPZ_0            0.800       0.852       0.878       1.016       1.155       1.181       1.233
    N#1              0.806       0.806       0.806       0.806       0.806       0.806       0.806
    N#2             -0.173      -0.173      -0.173      -0.173      -0.173      -0.173      -0.173

 Variances
    CPZ_0            1.000       1.000       1.000       1.000       1.000       1.000       1.000

Latent Class 2

 Means
    CPZ_0            0.800       0.852       0.878       1.016       1.155       1.181       1.233
    N#1             -1.455      -1.455      -1.455      -1.455      -1.455      -1.455      -1.455
    N#2              1.406       1.406       1.406       1.406       1.406       1.406       1.406

 Variances
    CPZ_0            1.000       1.000       1.000       1.000       1.000       1.000       1.000

Latent Class 3

 Means
    CPZ_0            0.800       0.852       0.878       1.016       1.155       1.181       1.233
    N#1             -2.938      -2.938      -2.938      -2.938      -2.938      -2.938      -2.938
    N#2             -1.577      -1.577      -1.577      -1.577      -1.577      -1.577      -1.577

 Variances
    CPZ_0            1.000       1.000       1.000       1.000       1.000       1.000       1.000


STDY Standardization

                  Lower .5%  Lower 2.5%    Lower 5%    Estimate    Upper 5%  Upper 2.5%   Upper .5%

Latent Class 1

 Means
    CPZ_0            0.800       0.852       0.878       1.016       1.155       1.181       1.233
    N#1              0.806       0.806       0.806       0.806       0.806       0.806       0.806
    N#2             -0.173      -0.173      -0.173      -0.173      -0.173      -0.173      -0.173

 Variances
    CPZ_0            1.000       1.000       1.000       1.000       1.000       1.000       1.000

Latent Class 2

 Means
    CPZ_0            0.800       0.852       0.878       1.016       1.155       1.181       1.233
    N#1             -1.455      -1.455      -1.455      -1.455      -1.455      -1.455      -1.455
    N#2              1.406       1.406       1.406       1.406       1.406       1.406       1.406

 Variances
    CPZ_0            1.000       1.000       1.000       1.000       1.000       1.000       1.000

Latent Class 3

 Means
    CPZ_0            0.800       0.852       0.878       1.016       1.155       1.181       1.233
    N#1             -2.938      -2.938      -2.938      -2.938      -2.938      -2.938      -2.938
    N#2             -1.577      -1.577      -1.577      -1.577      -1.577      -1.577      -1.577

 Variances
    CPZ_0            1.000       1.000       1.000       1.000       1.000       1.000       1.000


STD Standardization

                  Lower .5%  Lower 2.5%    Lower 5%    Estimate    Upper 5%  Upper 2.5%   Upper .5%

Latent Class 1

 Means
    CPZ_0          167.076     171.794     174.207     186.810     199.414     201.827     206.545
    N#1              0.806       0.806       0.806       0.806       0.806       0.806       0.806
    N#2             -0.173      -0.173      -0.173      -0.173      -0.173      -0.173      -0.173

 Variances
    CPZ_0        15860.445   20147.105   22339.859   33790.910   45241.961   47434.715   51721.375

Latent Class 2

 Means
    CPZ_0          167.076     171.794     174.207     186.810     199.414     201.827     206.545
    N#1             -1.455      -1.455      -1.455      -1.455      -1.455      -1.455      -1.455
    N#2              1.406       1.406       1.406       1.406       1.406       1.406       1.406

 Variances
    CPZ_0        15860.445   20147.105   22339.859   33790.910   45241.961   47434.715   51721.375

Latent Class 3

 Means
    CPZ_0          167.076     171.794     174.207     186.810     199.414     201.827     206.545
    N#1             -2.938      -2.938      -2.938      -2.938      -2.938      -2.938      -2.938
    N#2             -1.577      -1.577      -1.577      -1.577      -1.577      -1.577      -1.577

 Variances
    CPZ_0        15860.445   20147.105   22339.859   33790.910   45241.961   47434.715   51721.375


TECHNICAL 7 OUTPUT


     SAMPLE STATISTICS WEIGHTED BY ESTIMATED CLASS PROBABILITIES FOR CLASS 1


           Means
              CPZ_0
              ________
              215.894


           Covariances
              CPZ_0
              ________
 CPZ_0      45013.951


     SAMPLE STATISTICS WEIGHTED BY ESTIMATED CLASS PROBABILITIES FOR CLASS 2


           Means
              CPZ_0
              ________
              186.729


           Covariances
              CPZ_0
              ________
 CPZ_0      32129.051


     SAMPLE STATISTICS WEIGHTED BY ESTIMATED CLASS PROBABILITIES FOR CLASS 3


           Means
              CPZ_0
              ________
              170.064


           Covariances
              CPZ_0
              ________
 CPZ_0      28282.826


     UNIVARIATE SAMPLE DISTRIBUTIONS FOR CLASS 1

     Variable
     N
       Category 1        0.547
       Category 2        0.206
       Category 3        0.247


     UNIVARIATE SAMPLE DISTRIBUTIONS FOR CLASS 2

     Variable
     N
       Category 1        0.044
       Category 2        0.768
       Category 3        0.188


     UNIVARIATE SAMPLE DISTRIBUTIONS FOR CLASS 3

     Variable
     N
       Category 1        0.042
       Category 2        0.164
       Category 3        0.794


TECHNICAL 12 OUTPUT


     ESTIMATED MIXED MODEL AND RESIDUALS (OBSERVED - EXPECTED)


           Observed Means
              CPZ_0
              ________
              186.736


           Estimated Mixed Means
              CPZ_0
              ________
              186.810


           Residuals for Mixed Means
              CPZ_0
              ________
               -0.074


           Observed Covariances
              CPZ_0
              ________
 CPZ_0      33801.191


           Estimated Mixed Covariances
              CPZ_0
              ________
 CPZ_0      33790.909


           Residuals for Mixed Covariances
              CPZ_0
              ________
 CPZ_0         10.282


           Observed Skewness
              CPZ_0
              ________
                3.199


           Estimated Mixed Skewness
              CPZ_0
              ________
                0.000


           Residuals for Mixed Skewness
              CPZ_0
              ________
                3.199


           Observed Kurtosis
              CPZ_0
              ________
               22.579


           Estimated Mixed Kurtosis
              CPZ_0
              ________
                0.000


           Residuals for Mixed Kurtosis
              CPZ_0
              ________
               22.579


     Beginning Time:  14:03:36
        Ending Time:  14:03:38
       Elapsed Time:  00:00:02



MUTHEN & MUTHEN
3463 Stoner Ave.
Los Angeles, CA  90066

Tel: (310) 391-9971
Fax: (310) 391-8971
Web: www.StatModel.com
Support: Support@StatModel.com

Copyright (c) 1998-2021 Muthen & Muthen
