Mplus VERSION 8.6 (Mac)
MUTHEN & MUTHEN
07/24/2023   5:19 PM

INPUT INSTRUCTIONS

  TITLE:
  GMM_CI_isq@0cub@0_C_223_113 - R3STEP_ip_op;
  DATA:
  FILE = "/Users/olivierpercie/Desktop/MplusLGM/SANS/Results/R3STEP/ip_op_R3STEP.dat";

  VARIABLE:
  NAMES = PIN SANS_0 SANS_1 SANS_2 SANS_3 SANS_6 SANS_9 SANS_12 SANS_18 SANS_24 CPROB1
       CPROB2 CPROB3 N ip_op;
   MISSING=.;
   USEVAR = N ip_op;
  NOMINAL = N;
  CLASSES = c(3);
  ANALYSIS:
  TYPE = MIXTURE;
  ALGORITHM = INTEGRATION;
  INTEGRATION = MONTECARLO;
  STARTS = 0;
  PROCESSORS = 8;
  MODEL:
  %OVERALL%
  C ON ip_op;
  ip_op;
  %C#1%
  [N#1@1.778];
  [N#2@-1.142];
  %C#2%
  [N#1@0.278];
  [N#2@1.326];
  %C#3%
  [N#1@-1.822];
  [N#2@-2.898];
  OUTPUT:
  SAMPSTAT;
  STANDARDIZED;
  CINTERVAL;
  TECH7;



INPUT READING TERMINATED NORMALLY




GMM_CI_isq@0cub@0_C_223_113 - R3STEP_ip_op;

SUMMARY OF ANALYSIS

Number of groups                                                 1
Number of observations                                         404

Number of dependent variables                                    1
Number of independent variables                                  1
Number of continuous latent variables                            0
Number of categorical latent variables                           1

Observed dependent variables

  Unordered categorical (nominal)
   N

Observed independent variables
   IP_OP

Categorical latent variables
   C


Estimator                                                      MLR
Information matrix                                        OBSERVED
Optimization Specifications for the Quasi-Newton Algorithm for
Continuous Outcomes
  Maximum number of iterations                                 100
  Convergence criterion                                  0.100D-05
Optimization Specifications for the EM Algorithm
  Maximum number of iterations                                 500
  Convergence criteria
    Loglikelihood change                                 0.100D-02
    Relative loglikelihood change                        0.100D-05
    Derivative                                           0.100D-02
Optimization Specifications for the M step of the EM Algorithm for
Categorical Latent variables
  Number of M step iterations                                    1
  M step convergence criterion                           0.100D-02
  Basis for M step termination                           ITERATION
Optimization Specifications for the M step of the EM Algorithm for
Censored, Binary or Ordered Categorical (Ordinal), Unordered
Categorical (Nominal) and Count Outcomes
  Number of M step iterations                                    1
  M step convergence criterion                           0.100D-02
  Basis for M step termination                           ITERATION
  Maximum value for logit thresholds                            15
  Minimum value for logit thresholds                           -15
  Minimum expected cell size for chi-square              0.100D-01
Maximum number of iterations for H1                           2000
Convergence criterion for H1                             0.100D-03
Optimization algorithm                                         EMA
Integration Specifications
  Type                                                  MONTECARLO
  Number of integration points                                   1
  Dimensions of numerical integration                            0
  Adaptive quadrature                                           ON
  Monte Carlo integration seed                                   0
Cholesky                                                       OFF

Input data file(s)
  /Users/olivierpercie/Desktop/MplusLGM/SANS/Results/R3STEP/ip_op_R3STEP.dat
Input data format  FREE


SUMMARY OF DATA

     Number of missing data patterns             1
     Number of y missing data patterns           1
     Number of u missing data patterns           0


COVARIANCE COVERAGE OF DATA

Minimum covariance coverage value   0.100


     PROPORTION OF DATA PRESENT FOR Y


           Covariance Coverage
              IP_OP
              ________
 IP_OP          1.000


UNIVARIATE PROPORTIONS AND COUNTS FOR CATEGORICAL VARIABLES

    N
      Category 1    0.411          166.000
      Category 2    0.163           66.000
      Category 3    0.426          172.000


SAMPLE STATISTICS


     ESTIMATED SAMPLE STATISTICS


           Means
              IP_OP
              ________
                1.480


           Covariances
              IP_OP
              ________
 IP_OP          0.250


           Correlations
              IP_OP
              ________
 IP_OP          1.000


     MAXIMUM LOG-LIKELIHOOD VALUE FOR THE UNRESTRICTED (H1) MODEL IS -292.903


UNIVARIATE SAMPLE STATISTICS


     UNIVARIATE HIGHER-ORDER MOMENT DESCRIPTIVE STATISTICS

         Variable/         Mean/     Skewness/   Minimum/ % with                Percentiles
        Sample Size      Variance    Kurtosis    Maximum  Min/Max      20%/60%    40%/80%    Median

     IP_OP                 1.480       0.079       1.000   51.98%       1.000      1.000      1.000
             404.000       0.250      -1.994       2.000   48.02%       2.000      2.000

     THE STANDARD ERRORS OF THE MODEL PARAMETER ESTIMATES MAY NOT BE
     TRUSTWORTHY FOR SOME PARAMETERS DUE TO A NON-POSITIVE DEFINITE
     FIRST-ORDER DERIVATIVE PRODUCT MATRIX.  THIS MAY BE DUE TO THE STARTING
     VALUES BUT MAY ALSO BE AN INDICATION OF MODEL NONIDENTIFICATION.  THE
     CONDITION NUMBER IS       0.262D-16.  PROBLEM INVOLVING THE FOLLOWING PARAMETER:
     Parameter 2, %C#1%: IP_OP (equality/label)


THE MODEL ESTIMATION TERMINATED NORMALLY



MODEL FIT INFORMATION

Number of Free Parameters                        6

Loglikelihood

          H0 Value                        -701.902
          H0 Scaling Correction Factor      0.8325
            for MLR

Information Criteria

          Akaike (AIC)                    1415.803
          Bayesian (BIC)                  1439.812
          Sample-Size Adjusted BIC        1420.773
            (n* = (n + 2) / 24)



FINAL CLASS COUNTS AND PROPORTIONS FOR THE LATENT CLASSES
BASED ON THE ESTIMATED MODEL

    Latent
   Classes

       1        153.65577          0.38034
       2         83.66042          0.20708
       3        166.68381          0.41258


FINAL CLASS COUNTS AND PROPORTIONS FOR THE LATENT CLASSES
BASED ON ESTIMATED POSTERIOR PROBABILITIES

    Latent
   Classes

       1        153.65583          0.38034
       2         83.66029          0.20708
       3        166.68388          0.41258


FINAL CLASS COUNTS AND PROPORTIONS FOR THE LATENT CLASSES
BASED ON THEIR MOST LIKELY LATENT CLASS MEMBERSHIP

Class Counts and Proportions

    Latent
   Classes

       1              166          0.41089
       2               66          0.16337
       3              172          0.42574


CLASSIFICATION QUALITY

     Entropy                         0.400


Average Latent Class Probabilities for Most Likely Latent Class Membership (Row)
by Latent Class (Column)

           1        2        3

    1   0.757    0.109    0.133
    2   0.102    0.784    0.114
    3   0.123    0.080    0.797


Classification Probabilities for the Most Likely Latent Class Membership (Column)
by Latent Class (Row)

           1        2        3

    1   0.818    0.044    0.138
    2   0.217    0.618    0.165
    3   0.133    0.045    0.822


Logits for the Classification Probabilities for the Most Likely Latent Class Membership (Column)
by Latent Class (Row)

              1        2        3

    1      1.778   -1.146    0.000
    2      0.278    1.324    0.000
    3     -1.822   -2.902    0.000


MODEL RESULTS

                                                    Two-Tailed
                    Estimate       S.E.  Est./S.E.    P-Value

Latent Class 1

 Means
    IP_OP              1.480      0.025     59.550      0.000
    N#1                1.778      0.000    999.000    999.000
    N#2               -1.142      0.000    999.000    999.000

 Variances
    IP_OP              0.250      0.001    253.560      0.000

Latent Class 2

 Means
    IP_OP              1.480      0.025     59.550      0.000
    N#1                0.278      0.000    999.000    999.000
    N#2                1.326      0.000    999.000    999.000

 Variances
    IP_OP              0.250      0.001    253.560      0.000

Latent Class 3

 Means
    IP_OP              1.480      0.025     59.550      0.000
    N#1               -1.822      0.000    999.000    999.000
    N#2               -2.898      0.000    999.000    999.000

 Variances
    IP_OP              0.250      0.001    253.560      0.000

Categorical Latent Variables

 C#1        ON
    IP_OP             -0.368      0.348     -1.058      0.290

 C#2        ON
    IP_OP              1.070      0.464      2.309      0.021

 Intercepts
    C#1                0.441      0.510      0.864      0.388
    C#2               -2.393      0.810     -2.954      0.003


QUALITY OF NUMERICAL RESULTS

     Condition Number for the Information Matrix              0.262E-16
       (ratio of smallest to largest eigenvalue)


LOGISTIC REGRESSION ODDS RATIO RESULTS

                                                95% C.I.
                    Estimate       S.E.  Lower 2.5% Upper 2.5%

Categorical Latent Variables

 C#1      ON
    IP_OP              0.692      0.241      0.350      1.369

 C#2      ON
    IP_OP              2.916      1.352      1.175      7.234


ALTERNATIVE PARAMETERIZATIONS FOR THE CATEGORICAL LATENT VARIABLE REGRESSION

                                                    Two-Tailed
                    Estimate       S.E.  Est./S.E.    P-Value

Parameterization using Reference Class 1

 C#2      ON
    IP_OP              1.439      0.491      2.933      0.003

 C#3      ON
    IP_OP              0.368      0.348      1.058      0.290

 Intercepts
    C#2               -2.834      0.830     -3.414      0.001
    C#3               -0.441      0.510     -0.864      0.388

Parameterization using Reference Class 2

 C#1      ON
    IP_OP             -1.439      0.491     -2.933      0.003

 C#3      ON
    IP_OP             -1.070      0.464     -2.309      0.021

 Intercepts
    C#1                2.834      0.830      3.414      0.001
    C#3                2.393      0.810      2.954      0.003


ODDS RATIO FOR THE ALTERNATIVE PARAMETERIZATIONS FOR THE CATEGORICAL LATENT VARIABLE REGRESSION

                                                95% C.I.
                    Estimate       S.E.  Lower 2.5% Upper 2.5%

Parameterization using Reference Class 1

 C#2      ON
    IP_OP              4.215      2.068      1.611     11.026

 C#3      ON
    IP_OP              1.445      0.504      0.730      2.861

Parameterization using Reference Class 2

 C#1      ON
    IP_OP              0.237      0.116      0.091      0.621

 C#3      ON
    IP_OP              0.343      0.159      0.138      0.851


STANDARDIZED MODEL RESULTS


STDYX Standardization

                                                    Two-Tailed
                    Estimate       S.E.  Est./S.E.    P-Value

Latent Class 1

 Means
    IP_OP              2.963      0.044     67.473      0.000
    N#1                1.778      0.000    999.000    999.000
    N#2               -1.142      0.000    999.000    999.000

 Variances
    IP_OP              1.000      0.000    999.000    999.000

Latent Class 2

 Means
    IP_OP              2.963      0.044     67.473      0.000
    N#1                0.278      0.000    999.000    999.000
    N#2                1.326      0.000    999.000    999.000

 Variances
    IP_OP              1.000      0.000    999.000    999.000

Latent Class 3

 Means
    IP_OP              2.963      0.044     67.473      0.000
    N#1               -1.822      0.000    999.000    999.000
    N#2               -2.898      0.000    999.000    999.000

 Variances
    IP_OP              1.000      0.000    999.000    999.000


STDY Standardization

                                                    Two-Tailed
                    Estimate       S.E.  Est./S.E.    P-Value

Latent Class 1

 Means
    IP_OP              2.963      0.044     67.473      0.000
    N#1                1.778      0.000    999.000    999.000
    N#2               -1.142      0.000    999.000    999.000

 Variances
    IP_OP              1.000      0.000    999.000    999.000

Latent Class 2

 Means
    IP_OP              2.963      0.044     67.473      0.000
    N#1                0.278      0.000    999.000    999.000
    N#2                1.326      0.000    999.000    999.000

 Variances
    IP_OP              1.000      0.000    999.000    999.000

Latent Class 3

 Means
    IP_OP              2.963      0.044     67.473      0.000
    N#1               -1.822      0.000    999.000    999.000
    N#2               -2.898      0.000    999.000    999.000

 Variances
    IP_OP              1.000      0.000    999.000    999.000


STD Standardization

                                                    Two-Tailed
                    Estimate       S.E.  Est./S.E.    P-Value

Latent Class 1

 Means
    IP_OP              1.480      0.025     59.550      0.000
    N#1                1.778      0.000    999.000    999.000
    N#2               -1.142      0.000    999.000    999.000

 Variances
    IP_OP              0.250      0.001    253.560      0.000

Latent Class 2

 Means
    IP_OP              1.480      0.025     59.550      0.000
    N#1                0.278      0.000    999.000    999.000
    N#2                1.326      0.000    999.000    999.000

 Variances
    IP_OP              0.250      0.001    253.560      0.000

Latent Class 3

 Means
    IP_OP              1.480      0.025     59.550      0.000
    N#1               -1.822      0.000    999.000    999.000
    N#2               -2.898      0.000    999.000    999.000

 Variances
    IP_OP              0.250      0.001    253.560      0.000


CONFIDENCE INTERVALS OF MODEL RESULTS

                  Lower .5%  Lower 2.5%    Lower 5%    Estimate    Upper 5%  Upper 2.5%   Upper .5%

Latent Class 1

 Means
    IP_OP            1.416       1.431       1.439       1.480       1.521       1.529       1.544
    N#1              1.778       1.778       1.778       1.778       1.778       1.778       1.778
    N#2             -1.142      -1.142      -1.142      -1.142      -1.142      -1.142      -1.142

 Variances
    IP_OP            0.247       0.248       0.248       0.250       0.251       0.252       0.252

Latent Class 2

 Means
    IP_OP            1.416       1.431       1.439       1.480       1.521       1.529       1.544
    N#1              0.278       0.278       0.278       0.278       0.278       0.278       0.278
    N#2              1.326       1.326       1.326       1.326       1.326       1.326       1.326

 Variances
    IP_OP            0.247       0.248       0.248       0.250       0.251       0.252       0.252

Latent Class 3

 Means
    IP_OP            1.416       1.431       1.439       1.480       1.521       1.529       1.544
    N#1             -1.822      -1.822      -1.822      -1.822      -1.822      -1.822      -1.822
    N#2             -2.898      -2.898      -2.898      -2.898      -2.898      -2.898      -2.898

 Variances
    IP_OP            0.247       0.248       0.248       0.250       0.251       0.252       0.252

Categorical Latent Variables

 C#1      ON
    IP_OP           -1.266      -1.051      -0.941      -0.368       0.205       0.314       0.529

 C#2      ON
    IP_OP           -0.124       0.162       0.308       1.070       1.833       1.979       2.264

 Intercepts
    C#1             -0.873      -0.559      -0.399       0.441       1.280       1.440       1.755
    C#2             -4.480      -3.981      -3.726      -2.393      -1.061      -0.805      -0.307


CONFIDENCE INTERVALS FOR THE LOGISTIC REGRESSION ODDS RATIO RESULTS

Categorical Latent Variables

 C#1      ON
    IP_OP            0.282       0.350       0.390       0.692       1.227       1.369       1.697

 C#2      ON
    IP_OP            0.884       1.175       1.360       2.916       6.252       7.234       9.625


CONFIDENCE INTERVALS FOR THE ALTERNATIVE PARAMETERIZATIONS FOR THE CATEGORICAL LATENT VARIABLE REGRESSION

Parameterization using Reference Class 1

 C#2      ON
    IP_OP            0.175       0.477       0.632       1.439       2.246       2.400       2.702

 C#3      ON
    IP_OP           -0.529      -0.314      -0.205       0.368       0.941       1.051       1.266

 Intercepts
    C#2             -4.972      -4.461      -4.200      -2.834      -1.468      -1.207      -0.696
    C#3             -1.755      -1.440      -1.280      -0.441       0.399       0.559       0.873

Parameterization using Reference Class 2

 C#1      ON
    IP_OP           -2.702      -2.400      -2.246      -1.439      -0.632      -0.477      -0.175

 C#3      ON
    IP_OP           -2.264      -1.979      -1.833      -1.070      -0.308      -0.162       0.124

 Intercepts
    C#1              0.696       1.207       1.468       2.834       4.200       4.461       4.972
    C#3              0.307       0.805       1.061       2.393       3.726       3.981       4.480


CONFIDENCE INTERVALS FOR THE ODDS RATIO FOR THE ALTERNATIVE PARAMETERIZATIONS FOR THE
CATEGORICAL LATENT VARIABLE REGRESSION

Parameterization using Reference Class 1

 C#2      ON
    IP_OP            1.191       1.611       1.881       4.215       9.447      11.026      14.915

 C#3      ON
    IP_OP            0.589       0.730       0.815       1.445       2.564       2.861       3.546

Parameterization using Reference Class 2

 C#1      ON
    IP_OP            0.067       0.091       0.106       0.237       0.532       0.621       0.839

 C#3      ON
    IP_OP            0.104       0.138       0.160       0.343       0.735       0.851       1.132


CONFIDENCE INTERVALS OF STANDARDIZED MODEL RESULTS


STDYX Standardization

                  Lower .5%  Lower 2.5%    Lower 5%    Estimate    Upper 5%  Upper 2.5%   Upper .5%

Latent Class 1

 Means
    IP_OP            2.850       2.877       2.890       2.963       3.035       3.049       3.076
    N#1              1.778       1.778       1.778       1.778       1.778       1.778       1.778
    N#2             -1.142      -1.142      -1.142      -1.142      -1.142      -1.142      -1.142

 Variances
    IP_OP            1.000       1.000       1.000       1.000       1.000       1.000       1.000

Latent Class 2

 Means
    IP_OP            2.850       2.877       2.890       2.963       3.035       3.049       3.076
    N#1              0.278       0.278       0.278       0.278       0.278       0.278       0.278
    N#2              1.326       1.326       1.326       1.326       1.326       1.326       1.326

 Variances
    IP_OP            1.000       1.000       1.000       1.000       1.000       1.000       1.000

Latent Class 3

 Means
    IP_OP            2.850       2.877       2.890       2.963       3.035       3.049       3.076
    N#1             -1.822      -1.822      -1.822      -1.822      -1.822      -1.822      -1.822
    N#2             -2.898      -2.898      -2.898      -2.898      -2.898      -2.898      -2.898

 Variances
    IP_OP            1.000       1.000       1.000       1.000       1.000       1.000       1.000


STDY Standardization

                  Lower .5%  Lower 2.5%    Lower 5%    Estimate    Upper 5%  Upper 2.5%   Upper .5%

Latent Class 1

 Means
    IP_OP            2.850       2.877       2.890       2.963       3.035       3.049       3.076
    N#1              1.778       1.778       1.778       1.778       1.778       1.778       1.778
    N#2             -1.142      -1.142      -1.142      -1.142      -1.142      -1.142      -1.142

 Variances
    IP_OP            1.000       1.000       1.000       1.000       1.000       1.000       1.000

Latent Class 2

 Means
    IP_OP            2.850       2.877       2.890       2.963       3.035       3.049       3.076
    N#1              0.278       0.278       0.278       0.278       0.278       0.278       0.278
    N#2              1.326       1.326       1.326       1.326       1.326       1.326       1.326

 Variances
    IP_OP            1.000       1.000       1.000       1.000       1.000       1.000       1.000

Latent Class 3

 Means
    IP_OP            2.850       2.877       2.890       2.963       3.035       3.049       3.076
    N#1             -1.822      -1.822      -1.822      -1.822      -1.822      -1.822      -1.822
    N#2             -2.898      -2.898      -2.898      -2.898      -2.898      -2.898      -2.898

 Variances
    IP_OP            1.000       1.000       1.000       1.000       1.000       1.000       1.000


STD Standardization

                  Lower .5%  Lower 2.5%    Lower 5%    Estimate    Upper 5%  Upper 2.5%   Upper .5%

Latent Class 1

 Means
    IP_OP            1.416       1.431       1.439       1.480       1.521       1.529       1.544
    N#1              1.778       1.778       1.778       1.778       1.778       1.778       1.778
    N#2             -1.142      -1.142      -1.142      -1.142      -1.142      -1.142      -1.142

 Variances
    IP_OP            0.247       0.248       0.248       0.250       0.251       0.252       0.252

Latent Class 2

 Means
    IP_OP            1.416       1.431       1.439       1.480       1.521       1.529       1.544
    N#1              0.278       0.278       0.278       0.278       0.278       0.278       0.278
    N#2              1.326       1.326       1.326       1.326       1.326       1.326       1.326

 Variances
    IP_OP            0.247       0.248       0.248       0.250       0.251       0.252       0.252

Latent Class 3

 Means
    IP_OP            1.416       1.431       1.439       1.480       1.521       1.529       1.544
    N#1             -1.822      -1.822      -1.822      -1.822      -1.822      -1.822      -1.822
    N#2             -2.898      -2.898      -2.898      -2.898      -2.898      -2.898      -2.898

 Variances
    IP_OP            0.247       0.248       0.248       0.250       0.251       0.252       0.252


TECHNICAL 1 OUTPUT


     PARAMETER SPECIFICATION FOR LATENT CLASS 1


           NU
              N#1           N#2           IP_OP
              ________      ________      ________
                    0             0             0


           LAMBDA
              IP_OP
              ________
 N#1                0
 N#2                0
 IP_OP              0


           THETA
              N#1           N#2           IP_OP
              ________      ________      ________
 N#1                0
 N#2                0             0
 IP_OP              0             0             0


           ALPHA
              IP_OP
              ________
                    1


           BETA
              IP_OP
              ________
 IP_OP              0


           PSI
              IP_OP
              ________
 IP_OP              2


     PARAMETER SPECIFICATION FOR LATENT CLASS 2


           NU
              N#1           N#2           IP_OP
              ________      ________      ________
                    0             0             0


           LAMBDA
              IP_OP
              ________
 N#1                0
 N#2                0
 IP_OP              0


           THETA
              N#1           N#2           IP_OP
              ________      ________      ________
 N#1                0
 N#2                0             0
 IP_OP              0             0             0


           ALPHA
              IP_OP
              ________
                    1


           BETA
              IP_OP
              ________
 IP_OP              0


           PSI
              IP_OP
              ________
 IP_OP              2


     PARAMETER SPECIFICATION FOR LATENT CLASS 3


           NU
              N#1           N#2           IP_OP
              ________      ________      ________
                    0             0             0


           LAMBDA
              IP_OP
              ________
 N#1                0
 N#2                0
 IP_OP              0


           THETA
              N#1           N#2           IP_OP
              ________      ________      ________
 N#1                0
 N#2                0             0
 IP_OP              0             0             0


           ALPHA
              IP_OP
              ________
                    1


           BETA
              IP_OP
              ________
 IP_OP              0


           PSI
              IP_OP
              ________
 IP_OP              2


     PARAMETER SPECIFICATION FOR LATENT CLASS REGRESSION MODEL PART


           ALPHA(C)
              C#1           C#2           C#3
              ________      ________      ________
                    3             4             0


           GAMMA(C)
              IP_OP
              ________
 C#1                5
 C#2                6
 C#3                0


     STARTING VALUES FOR LATENT CLASS 1


           NU
              N#1           N#2           IP_OP
              ________      ________      ________
                1.778        -1.142         0.000


           LAMBDA
              IP_OP
              ________
 N#1            0.000
 N#2            0.000
 IP_OP          1.000


           THETA
              N#1           N#2           IP_OP
              ________      ________      ________
 N#1            0.000
 N#2            0.000         0.000
 IP_OP          0.000         0.000         0.000


           ALPHA
              IP_OP
              ________
                1.480


           BETA
              IP_OP
              ________
 IP_OP          0.000


           PSI
              IP_OP
              ________
 IP_OP          0.125


     STARTING VALUES FOR LATENT CLASS 2


           NU
              N#1           N#2           IP_OP
              ________      ________      ________
                0.278         1.326         0.000


           LAMBDA
              IP_OP
              ________
 N#1            0.000
 N#2            0.000
 IP_OP          1.000


           THETA
              N#1           N#2           IP_OP
              ________      ________      ________
 N#1            0.000
 N#2            0.000         0.000
 IP_OP          0.000         0.000         0.000


           ALPHA
              IP_OP
              ________
                1.480


           BETA
              IP_OP
              ________
 IP_OP          0.000


           PSI
              IP_OP
              ________
 IP_OP          0.125


     STARTING VALUES FOR LATENT CLASS 3


           NU
              N#1           N#2           IP_OP
              ________      ________      ________
               -1.822        -2.898         0.000


           LAMBDA
              IP_OP
              ________
 N#1            0.000
 N#2            0.000
 IP_OP          1.000


           THETA
              N#1           N#2           IP_OP
              ________      ________      ________
 N#1            0.000
 N#2            0.000         0.000
 IP_OP          0.000         0.000         0.000


           ALPHA
              IP_OP
              ________
                1.480


           BETA
              IP_OP
              ________
 IP_OP          0.000


           PSI
              IP_OP
              ________
 IP_OP          0.125


     STARTING VALUES FOR LATENT CLASS REGRESSION MODEL PART


           ALPHA(C)
              C#1           C#2           C#3
              ________      ________      ________
                0.000         0.000         0.000


           GAMMA(C)
              IP_OP
              ________
 C#1            0.000
 C#2            0.000
 C#3            0.000


TECHNICAL 7 OUTPUT


     SAMPLE STATISTICS WEIGHTED BY ESTIMATED CLASS PROBABILITIES FOR CLASS 1


           Means
              IP_OP
              ________
                1.373


           Covariances
              IP_OP
              ________
 IP_OP          0.234


     SAMPLE STATISTICS WEIGHTED BY ESTIMATED CLASS PROBABILITIES FOR CLASS 2


           Means
              IP_OP
              ________
                1.715


           Covariances
              IP_OP
              ________
 IP_OP          0.204


     SAMPLE STATISTICS WEIGHTED BY ESTIMATED CLASS PROBABILITIES FOR CLASS 3


           Means
              IP_OP
              ________
                1.462


           Covariances
              IP_OP
              ________
 IP_OP          0.249


     UNIVARIATE SAMPLE DISTRIBUTIONS FOR CLASS 1

     Variable
     N
       Category 1        0.818
       Category 2        0.044
       Category 3        0.138


     UNIVARIATE SAMPLE DISTRIBUTIONS FOR CLASS 2

     Variable
     N
       Category 1        0.217
       Category 2        0.618
       Category 3        0.165


     UNIVARIATE SAMPLE DISTRIBUTIONS FOR CLASS 3

     Variable
     N
       Category 1        0.133
       Category 2        0.045
       Category 3        0.822


     Beginning Time:  17:19:42
        Ending Time:  17:19:42
       Elapsed Time:  00:00:00



MUTHEN & MUTHEN
3463 Stoner Ave.
Los Angeles, CA  90066

Tel: (310) 391-9971
Fax: (310) 391-8971
Web: www.StatModel.com
Support: Support@StatModel.com

Copyright (c) 1998-2021 Muthen & Muthen
