Mplus VERSION 8.6 (Mac)
MUTHEN & MUTHEN
06/29/2023   2:55 PM

INPUT INSTRUCTIONS

  TITLE:
   FINAL_311; - R3STEP_mode;
  DATA:
  FILE = "/Users/olivierpercie/Desktop/MplusLGM/SANS/Results/R3STEP/mode_R3STEP.dat";

  VARIABLE:
  NAMES = PIN SANS_0 SANS_1 SANS_2 SANS_3 SANS_6 SANS_9 SANS_12 SANS_18 SANS_24 I S Q
       CUB C_I C_S C_Q C_CUB CPROB1 CPROB2 CPROB3 N mode;
   MISSING=.;
   USEVAR = N mode;
  NOMINAL = N;
  CLASSES = c(3);
  ANALYSIS:
  TYPE = MIXTURE;
  ALGORITHM = INTEGRATION;
  INTEGRATION = MONTECARLO;
  STARTS = 0;
  PROCESSORS = 8;
  MODEL:
  %OVERALL%
  C ON mode;
  mode;
  %C#1%
  [N#1@3.075];
  [N#2@1.083];
  %C#2%
  [N#1@1.199];
  [N#2@2.945];
  %C#3%
  [N#1@-1.281];
  [N#2@-1.148];
  OUTPUT:
  SAMPSTAT;
  STANDARDIZED;
  CINTERVAL;



INPUT READING TERMINATED NORMALLY




FINAL_311; - R3STEP_mode;

SUMMARY OF ANALYSIS

Number of groups                                                 1
Number of observations                                         405

Number of dependent variables                                    1
Number of independent variables                                  1
Number of continuous latent variables                            0
Number of categorical latent variables                           1

Observed dependent variables

  Unordered categorical (nominal)
   N

Observed independent variables
   MODE

Categorical latent variables
   C


Estimator                                                      MLR
Information matrix                                        OBSERVED
Optimization Specifications for the Quasi-Newton Algorithm for
Continuous Outcomes
  Maximum number of iterations                                 100
  Convergence criterion                                  0.100D-05
Optimization Specifications for the EM Algorithm
  Maximum number of iterations                                 500
  Convergence criteria
    Loglikelihood change                                 0.100D-02
    Relative loglikelihood change                        0.100D-05
    Derivative                                           0.100D-02
Optimization Specifications for the M step of the EM Algorithm for
Categorical Latent variables
  Number of M step iterations                                    1
  M step convergence criterion                           0.100D-02
  Basis for M step termination                           ITERATION
Optimization Specifications for the M step of the EM Algorithm for
Censored, Binary or Ordered Categorical (Ordinal), Unordered
Categorical (Nominal) and Count Outcomes
  Number of M step iterations                                    1
  M step convergence criterion                           0.100D-02
  Basis for M step termination                           ITERATION
  Maximum value for logit thresholds                            15
  Minimum value for logit thresholds                           -15
  Minimum expected cell size for chi-square              0.100D-01
Maximum number of iterations for H1                           2000
Convergence criterion for H1                             0.100D-03
Optimization algorithm                                         EMA
Integration Specifications
  Type                                                  MONTECARLO
  Number of integration points                                 250
  Dimensions of numerical integration                            1
  Adaptive quadrature                                           ON
  Monte Carlo integration seed                                   0
Cholesky                                                       OFF

Input data file(s)
  /Users/olivierpercie/Desktop/MplusLGM/SANS/Results/R3STEP/mode_R3STEP.dat
Input data format  FREE


SUMMARY OF DATA

     Number of missing data patterns             2
     Number of y missing data patterns           2
     Number of u missing data patterns           0


COVARIANCE COVERAGE OF DATA

Minimum covariance coverage value   0.100


     PROPORTION OF DATA PRESENT FOR Y


           Covariance Coverage
              MODE
              ________
 MODE           0.965


UNIVARIATE PROPORTIONS AND COUNTS FOR CATEGORICAL VARIABLES

    N
      Category 1    0.437          177.000
      Category 2    0.402          163.000
      Category 3    0.160           65.000


SAMPLE STATISTICS


     ESTIMATED SAMPLE STATISTICS


           Means
              MODE
              ________
                1.801


           Covariances
              MODE
              ________
 MODE           0.160


           Correlations
              MODE
              ________
 MODE           1.000


     MAXIMUM LOG-LIKELIHOOD VALUE FOR THE UNRESTRICTED (H1) MODEL IS -196.160


UNIVARIATE SAMPLE STATISTICS


     UNIVARIATE HIGHER-ORDER MOMENT DESCRIPTIVE STATISTICS

         Variable/         Mean/     Skewness/   Minimum/ % with                Percentiles
        Sample Size      Variance    Kurtosis    Maximum  Min/Max      20%/60%    40%/80%    Median

     MODE                  1.801      -1.504       1.000   19.95%       1.000      2.000      2.000
             391.000       0.160       0.262       2.000   80.05%       2.000      2.000


THE MODEL ESTIMATION TERMINATED NORMALLY



MODEL FIT INFORMATION

Number of Free Parameters                        6

Loglikelihood

          H0 Value                        -609.736
          H0 Scaling Correction Factor      1.0211
            for MLR

Information Criteria

          Akaike (AIC)                    1231.473
          Bayesian (BIC)                  1255.496
          Sample-Size Adjusted BIC        1236.457
            (n* = (n + 2) / 24)



FINAL CLASS COUNTS AND PROPORTIONS FOR THE LATENT CLASSES
BASED ON THE ESTIMATED MODEL

    Latent
   Classes

       1        165.96622          0.40979
       2        156.23279          0.38576
       3         82.80100          0.20445


FINAL CLASS COUNTS AND PROPORTIONS FOR THE LATENT CLASSES
BASED ON ESTIMATED POSTERIOR PROBABILITIES

    Latent
   Classes

       1        165.96579          0.40979
       2        156.23444          0.38576
       3         82.79977          0.20444


FINAL CLASS COUNTS AND PROPORTIONS FOR THE LATENT CLASSES
BASED ON THEIR MOST LIKELY LATENT CLASS MEMBERSHIP

Class Counts and Proportions

    Latent
   Classes

       1              177          0.43704
       2              163          0.40247
       3               65          0.16049


CLASSIFICATION QUALITY

     Entropy                         0.401


Average Latent Class Probabilities for Most Likely Latent Class Membership (Row)
by Latent Class (Column)

           1        2        3

    1   0.793    0.125    0.082
    2   0.118    0.781    0.101
    3   0.099    0.103    0.798


Classification Probabilities for the Most Likely Latent Class Membership (Column)
by Latent Class (Row)

           1        2        3

    1   0.846    0.115    0.039
    2   0.142    0.815    0.043
    3   0.174    0.199    0.626


Logits for the Classification Probabilities for the Most Likely Latent Class Membership (Column)
by Latent Class (Row)

              1        2        3

    1      3.078    1.086    0.000
    2      1.202    2.948    0.000
    3     -1.278   -1.145    0.000


MODEL RESULTS

                                                    Two-Tailed
                    Estimate       S.E.  Est./S.E.    P-Value

Latent Class 1

 Means
    MODE               1.800      0.020     88.843      0.000
    N#1                3.075      0.000    999.000    999.000
    N#2                1.083      0.000    999.000    999.000

 Variances
    MODE               0.160      0.012     13.130      0.000

Latent Class 2

 Means
    MODE               1.800      0.020     88.843      0.000
    N#1                1.199      0.000    999.000    999.000
    N#2                2.945      0.000    999.000    999.000

 Variances
    MODE               0.160      0.012     13.130      0.000

Latent Class 3

 Means
    MODE               1.800      0.020     88.843      0.000
    N#1               -1.281      0.000    999.000    999.000
    N#2               -1.148      0.000    999.000    999.000

 Variances
    MODE               0.160      0.012     13.130      0.000

Categorical Latent Variables

 C#1        ON
    MODE               0.152      0.494      0.308      0.758

 C#2        ON
    MODE               0.329      0.532      0.619      0.536

 Intercepts
    C#1                0.424      0.900      0.471      0.638
    C#2                0.043      0.976      0.044      0.965


QUALITY OF NUMERICAL RESULTS

     Condition Number for the Information Matrix              0.313E-04
       (ratio of smallest to largest eigenvalue)


LOGISTIC REGRESSION ODDS RATIO RESULTS

                                                95% C.I.
                    Estimate       S.E.  Lower 2.5% Upper 2.5%

Categorical Latent Variables

 C#1      ON
    MODE               1.165      0.576      0.442      3.069

 C#2      ON
    MODE               1.390      0.740      0.490      3.944


ALTERNATIVE PARAMETERIZATIONS FOR THE CATEGORICAL LATENT VARIABLE REGRESSION

                                                    Two-Tailed
                    Estimate       S.E.  Est./S.E.    P-Value

Parameterization using Reference Class 1

 C#2      ON
    MODE               0.177      0.428      0.413      0.680

 C#3      ON
    MODE              -0.152      0.494     -0.308      0.758

 Intercepts
    C#2               -0.380      0.794     -0.479      0.632
    C#3               -0.424      0.900     -0.471      0.638

Parameterization using Reference Class 2

 C#1      ON
    MODE              -0.177      0.428     -0.413      0.680

 C#3      ON
    MODE              -0.329      0.532     -0.619      0.536

 Intercepts
    C#1                0.380      0.794      0.479      0.632
    C#3               -0.043      0.976     -0.044      0.965


ODDS RATIO FOR THE ALTERNATIVE PARAMETERIZATIONS FOR THE CATEGORICAL LATENT VARIABLE REGRESSION

                                                95% C.I.
                    Estimate       S.E.  Lower 2.5% Upper 2.5%

Parameterization using Reference Class 1

 C#2      ON
    MODE               1.194      0.511      0.515      2.764

 C#3      ON
    MODE               0.859      0.424      0.326      2.262

Parameterization using Reference Class 2

 C#1      ON
    MODE               0.838      0.359      0.362      1.940

 C#3      ON
    MODE               0.719      0.383      0.254      2.041


STANDARDIZED MODEL RESULTS


STDYX Standardization

                                                    Two-Tailed
                    Estimate       S.E.  Est./S.E.    P-Value

Latent Class 1

 Means
    MODE               4.501      0.222     20.269      0.000
    N#1                3.075      0.000    999.000    999.000
    N#2                1.083      0.000    999.000    999.000

 Variances
    MODE               1.000      0.000    999.000    999.000

Latent Class 2

 Means
    MODE               4.501      0.222     20.269      0.000
    N#1                1.199      0.000    999.000    999.000
    N#2                2.945      0.000    999.000    999.000

 Variances
    MODE               1.000      0.000    999.000    999.000

Latent Class 3

 Means
    MODE               4.501      0.222     20.269      0.000
    N#1               -1.281      0.000    999.000    999.000
    N#2               -1.148      0.000    999.000    999.000

 Variances
    MODE               1.000      0.000    999.000    999.000


STDY Standardization

                                                    Two-Tailed
                    Estimate       S.E.  Est./S.E.    P-Value

Latent Class 1

 Means
    MODE               4.501      0.222     20.269      0.000
    N#1                3.075      0.000    999.000    999.000
    N#2                1.083      0.000    999.000    999.000

 Variances
    MODE               1.000      0.000    999.000    999.000

Latent Class 2

 Means
    MODE               4.501      0.222     20.269      0.000
    N#1                1.199      0.000    999.000    999.000
    N#2                2.945      0.000    999.000    999.000

 Variances
    MODE               1.000      0.000    999.000    999.000

Latent Class 3

 Means
    MODE               4.501      0.222     20.269      0.000
    N#1               -1.281      0.000    999.000    999.000
    N#2               -1.148      0.000    999.000    999.000

 Variances
    MODE               1.000      0.000    999.000    999.000


STD Standardization

                                                    Two-Tailed
                    Estimate       S.E.  Est./S.E.    P-Value

Latent Class 1

 Means
    MODE               1.800      0.020     88.843      0.000
    N#1                3.075      0.000    999.000    999.000
    N#2                1.083      0.000    999.000    999.000

 Variances
    MODE               0.160      0.012     13.130      0.000

Latent Class 2

 Means
    MODE               1.800      0.020     88.843      0.000
    N#1                1.199      0.000    999.000    999.000
    N#2                2.945      0.000    999.000    999.000

 Variances
    MODE               0.160      0.012     13.130      0.000

Latent Class 3

 Means
    MODE               1.800      0.020     88.843      0.000
    N#1               -1.281      0.000    999.000    999.000
    N#2               -1.148      0.000    999.000    999.000

 Variances
    MODE               0.160      0.012     13.130      0.000


CONFIDENCE INTERVALS OF MODEL RESULTS

                  Lower .5%  Lower 2.5%    Lower 5%    Estimate    Upper 5%  Upper 2.5%   Upper .5%

Latent Class 1

 Means
    MODE             1.748       1.761       1.767       1.800       1.834       1.840       1.853
    N#1              3.075       3.075       3.075       3.075       3.075       3.075       3.075
    N#2              1.083       1.083       1.083       1.083       1.083       1.083       1.083

 Variances
    MODE             0.129       0.136       0.140       0.160       0.180       0.184       0.191

Latent Class 2

 Means
    MODE             1.748       1.761       1.767       1.800       1.834       1.840       1.853
    N#1              1.199       1.199       1.199       1.199       1.199       1.199       1.199
    N#2              2.945       2.945       2.945       2.945       2.945       2.945       2.945

 Variances
    MODE             0.129       0.136       0.140       0.160       0.180       0.184       0.191

Latent Class 3

 Means
    MODE             1.748       1.761       1.767       1.800       1.834       1.840       1.853
    N#1             -1.281      -1.281      -1.281      -1.281      -1.281      -1.281      -1.281
    N#2             -1.148      -1.148      -1.148      -1.148      -1.148      -1.148      -1.148

 Variances
    MODE             0.129       0.136       0.140       0.160       0.180       0.184       0.191

Categorical Latent Variables

 C#1      ON
    MODE            -1.121      -0.816      -0.661       0.152       0.966       1.121       1.426

 C#2      ON
    MODE            -1.041      -0.714      -0.546       0.329       1.205       1.372       1.700

 Intercepts
    C#1             -1.894      -1.340      -1.057       0.424       1.904       2.187       2.742
    C#2             -2.472      -1.871      -1.563       0.043       1.649       1.957       2.558


CONFIDENCE INTERVALS FOR THE LOGISTIC REGRESSION ODDS RATIO RESULTS

Categorical Latent Variables

 C#1      ON
    MODE             0.326       0.442       0.517       1.165       2.626       3.069       4.160

 C#2      ON
    MODE             0.353       0.490       0.579       1.390       3.336       3.944       5.474


CONFIDENCE INTERVALS FOR THE ALTERNATIVE PARAMETERIZATIONS FOR THE CATEGORICAL LATENT VARIABLE REGRESSION

Parameterization using Reference Class 1

 C#2      ON
    MODE            -0.926      -0.663      -0.528       0.177       0.882       1.017       1.280

 C#3      ON
    MODE            -1.426      -1.121      -0.966      -0.152       0.661       0.816       1.121

 Intercepts
    C#2             -2.426      -1.937      -1.687      -0.380       0.926       1.176       1.665
    C#3             -2.742      -2.187      -1.904      -0.424       1.057       1.340       1.894

Parameterization using Reference Class 2

 C#1      ON
    MODE            -1.280      -1.017      -0.882      -0.177       0.528       0.663       0.926

 C#3      ON
    MODE            -1.700      -1.372      -1.205      -0.329       0.546       0.714       1.041

 Intercepts
    C#1             -1.665      -1.176      -0.926       0.380       1.687       1.937       2.426
    C#3             -2.558      -1.957      -1.649      -0.043       1.563       1.871       2.472


CONFIDENCE INTERVALS FOR THE ODDS RATIO FOR THE ALTERNATIVE PARAMETERIZATIONS FOR THE
CATEGORICAL LATENT VARIABLE REGRESSION

Parameterization using Reference Class 1

 C#2      ON
    MODE             0.396       0.515       0.590       1.194       2.415       2.764       3.598

 C#3      ON
    MODE             0.240       0.326       0.381       0.859       1.936       2.262       3.067

Parameterization using Reference Class 2

 C#1      ON
    MODE             0.278       0.362       0.414       0.838       1.695       1.940       2.526

 C#3      ON
    MODE             0.183       0.254       0.300       0.719       1.726       2.041       2.833


CONFIDENCE INTERVALS OF STANDARDIZED MODEL RESULTS


STDYX Standardization

                  Lower .5%  Lower 2.5%    Lower 5%    Estimate    Upper 5%  Upper 2.5%   Upper .5%

Latent Class 1

 Means
    MODE             3.929       4.066       4.136       4.501       4.866       4.936       5.073
    N#1              3.075       3.075       3.075       3.075       3.075       3.075       3.075
    N#2              1.083       1.083       1.083       1.083       1.083       1.083       1.083

 Variances
    MODE             1.000       1.000       1.000       1.000       1.000       1.000       1.000

Latent Class 2

 Means
    MODE             3.929       4.066       4.136       4.501       4.866       4.936       5.073
    N#1              1.199       1.199       1.199       1.199       1.199       1.199       1.199
    N#2              2.945       2.945       2.945       2.945       2.945       2.945       2.945

 Variances
    MODE             1.000       1.000       1.000       1.000       1.000       1.000       1.000

Latent Class 3

 Means
    MODE             3.929       4.066       4.136       4.501       4.866       4.936       5.073
    N#1             -1.281      -1.281      -1.281      -1.281      -1.281      -1.281      -1.281
    N#2             -1.148      -1.148      -1.148      -1.148      -1.148      -1.148      -1.148

 Variances
    MODE             1.000       1.000       1.000       1.000       1.000       1.000       1.000


STDY Standardization

                  Lower .5%  Lower 2.5%    Lower 5%    Estimate    Upper 5%  Upper 2.5%   Upper .5%

Latent Class 1

 Means
    MODE             3.929       4.066       4.136       4.501       4.866       4.936       5.073
    N#1              3.075       3.075       3.075       3.075       3.075       3.075       3.075
    N#2              1.083       1.083       1.083       1.083       1.083       1.083       1.083

 Variances
    MODE             1.000       1.000       1.000       1.000       1.000       1.000       1.000

Latent Class 2

 Means
    MODE             3.929       4.066       4.136       4.501       4.866       4.936       5.073
    N#1              1.199       1.199       1.199       1.199       1.199       1.199       1.199
    N#2              2.945       2.945       2.945       2.945       2.945       2.945       2.945

 Variances
    MODE             1.000       1.000       1.000       1.000       1.000       1.000       1.000

Latent Class 3

 Means
    MODE             3.929       4.066       4.136       4.501       4.866       4.936       5.073
    N#1             -1.281      -1.281      -1.281      -1.281      -1.281      -1.281      -1.281
    N#2             -1.148      -1.148      -1.148      -1.148      -1.148      -1.148      -1.148

 Variances
    MODE             1.000       1.000       1.000       1.000       1.000       1.000       1.000


STD Standardization

                  Lower .5%  Lower 2.5%    Lower 5%    Estimate    Upper 5%  Upper 2.5%   Upper .5%

Latent Class 1

 Means
    MODE             1.748       1.761       1.767       1.800       1.834       1.840       1.853
    N#1              3.075       3.075       3.075       3.075       3.075       3.075       3.075
    N#2              1.083       1.083       1.083       1.083       1.083       1.083       1.083

 Variances
    MODE             0.129       0.136       0.140       0.160       0.180       0.184       0.191

Latent Class 2

 Means
    MODE             1.748       1.761       1.767       1.800       1.834       1.840       1.853
    N#1              1.199       1.199       1.199       1.199       1.199       1.199       1.199
    N#2              2.945       2.945       2.945       2.945       2.945       2.945       2.945

 Variances
    MODE             0.129       0.136       0.140       0.160       0.180       0.184       0.191

Latent Class 3

 Means
    MODE             1.748       1.761       1.767       1.800       1.834       1.840       1.853
    N#1             -1.281      -1.281      -1.281      -1.281      -1.281      -1.281      -1.281
    N#2             -1.148      -1.148      -1.148      -1.148      -1.148      -1.148      -1.148

 Variances
    MODE             0.129       0.136       0.140       0.160       0.180       0.184       0.191


     Beginning Time:  14:55:10
        Ending Time:  14:55:11
       Elapsed Time:  00:00:01



MUTHEN & MUTHEN
3463 Stoner Ave.
Los Angeles, CA  90066

Tel: (310) 391-9971
Fax: (310) 391-8971
Web: www.StatModel.com
Support: Support@StatModel.com

Copyright (c) 1998-2021 Muthen & Muthen
