Mplus VERSION 8.6 (Mac)
MUTHEN & MUTHEN
07/05/2023   9:56 AM

INPUT INSTRUCTIONS

  TITLE:
   FINAL_311; - R3STEP_NSR_t;
  DATA:
  FILE = "/Users/olivierpercie/Desktop/MplusLGM/SANS/Results/R3STEP/NSR_t_R3STEP.dat";

  VARIABLE:
  NAMES = PIN SANS_0 SANS_1 SANS_2 SANS_3 SANS_6 SANS_9 SANS_12 SANS_18 SANS_24 I S Q
       CUB C_I C_S C_Q C_CUB CPROB1 CPROB2 CPROB3 N NSR_t;
   MISSING=.;
   USEVAR = N NSR_t;
  NOMINAL = N;
  CLASSES = c(3);
  ANALYSIS:
  TYPE = MIXTURE;
  ALGORITHM = INTEGRATION;
  INTEGRATION = MONTECARLO;
  STARTS = 0;
  PROCESSORS = 8;
  MODEL:
  %OVERALL%
  C ON NSR_t;
  NSR_t;
  %C#1%
  [N#1@3.075];
  [N#2@1.083];
  %C#2%
  [N#1@1.199];
  [N#2@2.945];
  %C#3%
  [N#1@-1.281];
  [N#2@-1.148];
  OUTPUT:
  SAMPSTAT;
  STANDARDIZED;
  CINTERVAL;
  TECH7;



INPUT READING TERMINATED NORMALLY




FINAL_311; - R3STEP_NSR_t;

SUMMARY OF ANALYSIS

Number of groups                                                 1
Number of observations                                         405

Number of dependent variables                                    1
Number of independent variables                                  1
Number of continuous latent variables                            0
Number of categorical latent variables                           1

Observed dependent variables

  Unordered categorical (nominal)
   N

Observed independent variables
   NSR_T

Categorical latent variables
   C


Estimator                                                      MLR
Information matrix                                        OBSERVED
Optimization Specifications for the Quasi-Newton Algorithm for
Continuous Outcomes
  Maximum number of iterations                                 100
  Convergence criterion                                  0.100D-05
Optimization Specifications for the EM Algorithm
  Maximum number of iterations                                 500
  Convergence criteria
    Loglikelihood change                                 0.100D-02
    Relative loglikelihood change                        0.100D-05
    Derivative                                           0.100D-02
Optimization Specifications for the M step of the EM Algorithm for
Categorical Latent variables
  Number of M step iterations                                    1
  M step convergence criterion                           0.100D-02
  Basis for M step termination                           ITERATION
Optimization Specifications for the M step of the EM Algorithm for
Censored, Binary or Ordered Categorical (Ordinal), Unordered
Categorical (Nominal) and Count Outcomes
  Number of M step iterations                                    1
  M step convergence criterion                           0.100D-02
  Basis for M step termination                           ITERATION
  Maximum value for logit thresholds                            15
  Minimum value for logit thresholds                           -15
  Minimum expected cell size for chi-square              0.100D-01
Maximum number of iterations for H1                           2000
Convergence criterion for H1                             0.100D-03
Optimization algorithm                                         EMA
Integration Specifications
  Type                                                  MONTECARLO
  Number of integration points                                 250
  Dimensions of numerical integration                            1
  Adaptive quadrature                                           ON
  Monte Carlo integration seed                                   0
Cholesky                                                       OFF

Input data file(s)
  /Users/olivierpercie/Desktop/MplusLGM/SANS/Results/R3STEP/NSR_t_R3STEP.dat
Input data format  FREE


SUMMARY OF DATA

     Number of missing data patterns             2
     Number of y missing data patterns           2
     Number of u missing data patterns           0


COVARIANCE COVERAGE OF DATA

Minimum covariance coverage value   0.100


     PROPORTION OF DATA PRESENT FOR Y


           Covariance Coverage
              NSR_T
              ________
 NSR_T          0.728


UNIVARIATE PROPORTIONS AND COUNTS FOR CATEGORICAL VARIABLES

    N
      Category 1    0.437          177.000
      Category 2    0.402          163.000
      Category 3    0.160           65.000


SAMPLE STATISTICS


     ESTIMATED SAMPLE STATISTICS


           Means
              NSR_T
              ________
                6.508


           Covariances
              NSR_T
              ________
 NSR_T         46.914


           Correlations
              NSR_T
              ________
 NSR_T          1.000


     MAXIMUM LOG-LIKELIHOOD VALUE FOR THE UNRESTRICTED (H1) MODEL IS -986.215


UNIVARIATE SAMPLE STATISTICS


     UNIVARIATE HIGHER-ORDER MOMENT DESCRIPTIVE STATISTICS

         Variable/         Mean/     Skewness/   Minimum/ % with                Percentiles
        Sample Size      Variance    Kurtosis    Maximum  Min/Max      20%/60%    40%/80%    Median

     NSR_T                 6.508       1.232       0.000   14.92%       1.000      2.000      3.000
             295.000      46.914       0.569      24.000    6.44%       6.000     12.000


THE MODEL ESTIMATION TERMINATED NORMALLY



MODEL FIT INFORMATION

Number of Free Parameters                        6

Loglikelihood

          H0 Value                       -1398.386
          H0 Scaling Correction Factor      1.0782
            for MLR

Information Criteria

          Akaike (AIC)                    2808.771
          Bayesian (BIC)                  2832.794
          Sample-Size Adjusted BIC        2813.756
            (n* = (n + 2) / 24)



FINAL CLASS COUNTS AND PROPORTIONS FOR THE LATENT CLASSES
BASED ON THE ESTIMATED MODEL

    Latent
   Classes

       1        166.77844          0.41180
       2        154.91898          0.38252
       3         83.30258          0.20569


FINAL CLASS COUNTS AND PROPORTIONS FOR THE LATENT CLASSES
BASED ON ESTIMATED POSTERIOR PROBABILITIES

    Latent
   Classes

       1        166.49857          0.41111
       2        155.46212          0.38386
       3         83.03931          0.20504


FINAL CLASS COUNTS AND PROPORTIONS FOR THE LATENT CLASSES
BASED ON THEIR MOST LIKELY LATENT CLASS MEMBERSHIP

Class Counts and Proportions

    Latent
   Classes

       1              177          0.43704
       2              163          0.40247
       3               65          0.16049


CLASSIFICATION QUALITY

     Entropy                         0.405


Average Latent Class Probabilities for Most Likely Latent Class Membership (Row)
by Latent Class (Column)

           1        2        3

    1   0.795    0.124    0.082
    2   0.119    0.778    0.103
    3   0.100    0.103    0.798


Classification Probabilities for the Most Likely Latent Class Membership (Column)
by Latent Class (Row)

           1        2        3

    1   0.845    0.116    0.039
    2   0.141    0.816    0.043
    3   0.174    0.202    0.624


Logits for the Classification Probabilities for the Most Likely Latent Class Membership (Column)
by Latent Class (Row)

              1        2        3

    1      3.077    1.094    0.000
    2      1.191    2.946    0.000
    3     -1.279   -1.130    0.000


MODEL RESULTS

                                                    Two-Tailed
                    Estimate       S.E.  Est./S.E.    P-Value

Latent Class 1

 Means
    NSR_T              6.682      0.446     14.982      0.000
    N#1                3.075      0.000    999.000    999.000
    N#2                1.083      0.000    999.000    999.000

 Variances
    NSR_T             47.113      4.392     10.726      0.000

Latent Class 2

 Means
    NSR_T              6.682      0.446     14.982      0.000
    N#1                1.199      0.000    999.000    999.000
    N#2                2.945      0.000    999.000    999.000

 Variances
    NSR_T             47.113      4.392     10.726      0.000

Latent Class 3

 Means
    NSR_T              6.682      0.446     14.982      0.000
    N#1               -1.281      0.000    999.000    999.000
    N#2               -1.148      0.000    999.000    999.000

 Variances
    NSR_T             47.113      4.392     10.726      0.000

Categorical Latent Variables

 C#1        ON
    NSR_T              0.014      0.036      0.380      0.704

 C#2        ON
    NSR_T              0.061      0.048      1.261      0.207

 Intercepts
    C#1                0.617      0.283      2.185      0.029
    C#2                0.218      0.402      0.544      0.587


QUALITY OF NUMERICAL RESULTS

     Condition Number for the Information Matrix              0.867E-03
       (ratio of smallest to largest eigenvalue)


LOGISTIC REGRESSION ODDS RATIO RESULTS

                                                95% C.I.
                    Estimate       S.E.  Lower 2.5% Upper 2.5%

Categorical Latent Variables

 C#1      ON
    NSR_T              1.014      0.037      0.944      1.089

 C#2      ON
    NSR_T              1.063      0.051      0.967      1.169


ALTERNATIVE PARAMETERIZATIONS FOR THE CATEGORICAL LATENT VARIABLE REGRESSION

                                                    Two-Tailed
                    Estimate       S.E.  Est./S.E.    P-Value

Parameterization using Reference Class 1

 C#2      ON
    NSR_T              0.047      0.033      1.437      0.151

 C#3      ON
    NSR_T             -0.014      0.036     -0.380      0.704

 Intercepts
    C#2               -0.399      0.315     -1.267      0.205
    C#3               -0.617      0.283     -2.185      0.029

Parameterization using Reference Class 2

 C#1      ON
    NSR_T             -0.047      0.033     -1.437      0.151

 C#3      ON
    NSR_T             -0.061      0.048     -1.261      0.207

 Intercepts
    C#1                0.399      0.315      1.267      0.205
    C#3               -0.218      0.402     -0.544      0.587


ODDS RATIO FOR THE ALTERNATIVE PARAMETERIZATIONS FOR THE CATEGORICAL LATENT VARIABLE REGRESSION

                                                95% C.I.
                    Estimate       S.E.  Lower 2.5% Upper 2.5%

Parameterization using Reference Class 1

 C#2      ON
    NSR_T              1.048      0.034      0.983      1.118

 C#3      ON
    NSR_T              0.986      0.036      0.918      1.059

Parameterization using Reference Class 2

 C#1      ON
    NSR_T              0.954      0.031      0.895      1.017

 C#3      ON
    NSR_T              0.941      0.046      0.856      1.034


STANDARDIZED MODEL RESULTS


STDYX Standardization

                                                    Two-Tailed
                    Estimate       S.E.  Est./S.E.    P-Value

Latent Class 1

 Means
    NSR_T              0.973      0.042     23.174      0.000
    N#1                3.075      0.000    999.000    999.000
    N#2                1.083      0.000    999.000    999.000

 Variances
    NSR_T              1.000      0.000    999.000    999.000

Latent Class 2

 Means
    NSR_T              0.973      0.042     23.174      0.000
    N#1                1.199      0.000    999.000    999.000
    N#2                2.945      0.000    999.000    999.000

 Variances
    NSR_T              1.000      0.000    999.000    999.000

Latent Class 3

 Means
    NSR_T              0.973      0.042     23.174      0.000
    N#1               -1.281      0.000    999.000    999.000
    N#2               -1.148      0.000    999.000    999.000

 Variances
    NSR_T              1.000      0.000    999.000    999.000


STDY Standardization

                                                    Two-Tailed
                    Estimate       S.E.  Est./S.E.    P-Value

Latent Class 1

 Means
    NSR_T              0.973      0.042     23.174      0.000
    N#1                3.075      0.000    999.000    999.000
    N#2                1.083      0.000    999.000    999.000

 Variances
    NSR_T              1.000      0.000    999.000    999.000

Latent Class 2

 Means
    NSR_T              0.973      0.042     23.174      0.000
    N#1                1.199      0.000    999.000    999.000
    N#2                2.945      0.000    999.000    999.000

 Variances
    NSR_T              1.000      0.000    999.000    999.000

Latent Class 3

 Means
    NSR_T              0.973      0.042     23.174      0.000
    N#1               -1.281      0.000    999.000    999.000
    N#2               -1.148      0.000    999.000    999.000

 Variances
    NSR_T              1.000      0.000    999.000    999.000


STD Standardization

                                                    Two-Tailed
                    Estimate       S.E.  Est./S.E.    P-Value

Latent Class 1

 Means
    NSR_T              6.682      0.446     14.982      0.000
    N#1                3.075      0.000    999.000    999.000
    N#2                1.083      0.000    999.000    999.000

 Variances
    NSR_T             47.113      4.392     10.726      0.000

Latent Class 2

 Means
    NSR_T              6.682      0.446     14.982      0.000
    N#1                1.199      0.000    999.000    999.000
    N#2                2.945      0.000    999.000    999.000

 Variances
    NSR_T             47.113      4.392     10.726      0.000

Latent Class 3

 Means
    NSR_T              6.682      0.446     14.982      0.000
    N#1               -1.281      0.000    999.000    999.000
    N#2               -1.148      0.000    999.000    999.000

 Variances
    NSR_T             47.113      4.392     10.726      0.000


CONFIDENCE INTERVALS OF MODEL RESULTS

                  Lower .5%  Lower 2.5%    Lower 5%    Estimate    Upper 5%  Upper 2.5%   Upper .5%

Latent Class 1

 Means
    NSR_T            5.533       5.807       5.948       6.682       7.415       7.556       7.830
    N#1              3.075       3.075       3.075       3.075       3.075       3.075       3.075
    N#2              1.083       1.083       1.083       1.083       1.083       1.083       1.083

 Variances
    NSR_T           35.799      38.504      39.888      47.113      54.339      55.723      58.427

Latent Class 2

 Means
    NSR_T            5.533       5.807       5.948       6.682       7.415       7.556       7.830
    N#1              1.199       1.199       1.199       1.199       1.199       1.199       1.199
    N#2              2.945       2.945       2.945       2.945       2.945       2.945       2.945

 Variances
    NSR_T           35.799      38.504      39.888      47.113      54.339      55.723      58.427

Latent Class 3

 Means
    NSR_T            5.533       5.807       5.948       6.682       7.415       7.556       7.830
    N#1             -1.281      -1.281      -1.281      -1.281      -1.281      -1.281      -1.281
    N#2             -1.148      -1.148      -1.148      -1.148      -1.148      -1.148      -1.148

 Variances
    NSR_T           35.799      38.504      39.888      47.113      54.339      55.723      58.427

Categorical Latent Variables

 C#1      ON
    NSR_T           -0.080      -0.058      -0.046       0.014       0.074       0.085       0.108

 C#2      ON
    NSR_T           -0.064      -0.034      -0.019       0.061       0.141       0.156       0.186

 Intercepts
    C#1             -0.110       0.064       0.153       0.617       1.082       1.171       1.345
    C#2             -0.816      -0.569      -0.442       0.218       0.879       1.006       1.253


CONFIDENCE INTERVALS FOR THE LOGISTIC REGRESSION ODDS RATIO RESULTS

Categorical Latent Variables

 C#1      ON
    NSR_T            0.923       0.944       0.955       1.014       1.077       1.089       1.114

 C#2      ON
    NSR_T            0.938       0.967       0.982       1.063       1.151       1.169       1.204


CONFIDENCE INTERVALS FOR THE ALTERNATIVE PARAMETERIZATIONS FOR THE CATEGORICAL LATENT VARIABLE REGRESSION

Parameterization using Reference Class 1

 C#2      ON
    NSR_T           -0.037      -0.017      -0.007       0.047       0.101       0.111       0.132

 C#3      ON
    NSR_T           -0.108      -0.085      -0.074      -0.014       0.046       0.058       0.080

 Intercepts
    C#2             -1.210      -1.016      -0.917      -0.399       0.119       0.218       0.412
    C#3             -1.345      -1.171      -1.082      -0.617      -0.153      -0.064       0.110

Parameterization using Reference Class 2

 C#1      ON
    NSR_T           -0.132      -0.111      -0.101      -0.047       0.007       0.017       0.037

 C#3      ON
    NSR_T           -0.186      -0.156      -0.141      -0.061       0.019       0.034       0.064

 Intercepts
    C#1             -0.412      -0.218      -0.119       0.399       0.917       1.016       1.210
    C#3             -1.253      -1.006      -0.879      -0.218       0.442       0.569       0.816


CONFIDENCE INTERVALS FOR THE ODDS RATIO FOR THE ALTERNATIVE PARAMETERIZATIONS FOR THE
CATEGORICAL LATENT VARIABLE REGRESSION

Parameterization using Reference Class 1

 C#2      ON
    NSR_T            0.963       0.983       0.993       1.048       1.106       1.118       1.141

 C#3      ON
    NSR_T            0.898       0.918       0.929       0.986       1.047       1.059       1.083

Parameterization using Reference Class 2

 C#1      ON
    NSR_T            0.877       0.895       0.904       0.954       1.007       1.017       1.038

 C#3      ON
    NSR_T            0.831       0.856       0.869       0.941       1.019       1.034       1.066


CONFIDENCE INTERVALS OF STANDARDIZED MODEL RESULTS


STDYX Standardization

                  Lower .5%  Lower 2.5%    Lower 5%    Estimate    Upper 5%  Upper 2.5%   Upper .5%

Latent Class 1

 Means
    NSR_T            0.865       0.891       0.904       0.973       1.043       1.056       1.082
    N#1              3.075       3.075       3.075       3.075       3.075       3.075       3.075
    N#2              1.083       1.083       1.083       1.083       1.083       1.083       1.083

 Variances
    NSR_T            1.000       1.000       1.000       1.000       1.000       1.000       1.000

Latent Class 2

 Means
    NSR_T            0.865       0.891       0.904       0.973       1.043       1.056       1.082
    N#1              1.199       1.199       1.199       1.199       1.199       1.199       1.199
    N#2              2.945       2.945       2.945       2.945       2.945       2.945       2.945

 Variances
    NSR_T            1.000       1.000       1.000       1.000       1.000       1.000       1.000

Latent Class 3

 Means
    NSR_T            0.865       0.891       0.904       0.973       1.043       1.056       1.082
    N#1             -1.281      -1.281      -1.281      -1.281      -1.281      -1.281      -1.281
    N#2             -1.148      -1.148      -1.148      -1.148      -1.148      -1.148      -1.148

 Variances
    NSR_T            1.000       1.000       1.000       1.000       1.000       1.000       1.000


STDY Standardization

                  Lower .5%  Lower 2.5%    Lower 5%    Estimate    Upper 5%  Upper 2.5%   Upper .5%

Latent Class 1

 Means
    NSR_T            0.865       0.891       0.904       0.973       1.043       1.056       1.082
    N#1              3.075       3.075       3.075       3.075       3.075       3.075       3.075
    N#2              1.083       1.083       1.083       1.083       1.083       1.083       1.083

 Variances
    NSR_T            1.000       1.000       1.000       1.000       1.000       1.000       1.000

Latent Class 2

 Means
    NSR_T            0.865       0.891       0.904       0.973       1.043       1.056       1.082
    N#1              1.199       1.199       1.199       1.199       1.199       1.199       1.199
    N#2              2.945       2.945       2.945       2.945       2.945       2.945       2.945

 Variances
    NSR_T            1.000       1.000       1.000       1.000       1.000       1.000       1.000

Latent Class 3

 Means
    NSR_T            0.865       0.891       0.904       0.973       1.043       1.056       1.082
    N#1             -1.281      -1.281      -1.281      -1.281      -1.281      -1.281      -1.281
    N#2             -1.148      -1.148      -1.148      -1.148      -1.148      -1.148      -1.148

 Variances
    NSR_T            1.000       1.000       1.000       1.000       1.000       1.000       1.000


STD Standardization

                  Lower .5%  Lower 2.5%    Lower 5%    Estimate    Upper 5%  Upper 2.5%   Upper .5%

Latent Class 1

 Means
    NSR_T            5.533       5.807       5.948       6.682       7.415       7.556       7.830
    N#1              3.075       3.075       3.075       3.075       3.075       3.075       3.075
    N#2              1.083       1.083       1.083       1.083       1.083       1.083       1.083

 Variances
    NSR_T           35.799      38.504      39.888      47.113      54.339      55.723      58.427

Latent Class 2

 Means
    NSR_T            5.533       5.807       5.948       6.682       7.415       7.556       7.830
    N#1              1.199       1.199       1.199       1.199       1.199       1.199       1.199
    N#2              2.945       2.945       2.945       2.945       2.945       2.945       2.945

 Variances
    NSR_T           35.799      38.504      39.888      47.113      54.339      55.723      58.427

Latent Class 3

 Means
    NSR_T            5.533       5.807       5.948       6.682       7.415       7.556       7.830
    N#1             -1.281      -1.281      -1.281      -1.281      -1.281      -1.281      -1.281
    N#2             -1.148      -1.148      -1.148      -1.148      -1.148      -1.148      -1.148

 Variances
    NSR_T           35.799      38.504      39.888      47.113      54.339      55.723      58.427


TECHNICAL 7 OUTPUT


     SAMPLE STATISTICS WEIGHTED BY ESTIMATED CLASS PROBABILITIES FOR CLASS 1


           Means
              NSR_T
              ________
                5.907


           Covariances
              NSR_T
              ________
 NSR_T         33.325


     SAMPLE STATISTICS WEIGHTED BY ESTIMATED CLASS PROBABILITIES FOR CLASS 2


           Means
              NSR_T
              ________
                8.198


           Covariances
              NSR_T
              ________
 NSR_T         71.288


     SAMPLE STATISTICS WEIGHTED BY ESTIMATED CLASS PROBABILITIES FOR CLASS 3


           Means
              NSR_T
              ________
                5.361


           Covariances
              NSR_T
              ________
 NSR_T         35.158


     UNIVARIATE SAMPLE DISTRIBUTIONS FOR CLASS 1

     Variable
     N
       Category 1        0.845
       Category 2        0.116
       Category 3        0.039


     UNIVARIATE SAMPLE DISTRIBUTIONS FOR CLASS 2

     Variable
     N
       Category 1        0.141
       Category 2        0.816
       Category 3        0.043


     UNIVARIATE SAMPLE DISTRIBUTIONS FOR CLASS 3

     Variable
     N
       Category 1        0.174
       Category 2        0.202
       Category 3        0.624


     Beginning Time:  09:56:44
        Ending Time:  09:56:45
       Elapsed Time:  00:00:01



MUTHEN & MUTHEN
3463 Stoner Ave.
Los Angeles, CA  90066

Tel: (310) 391-9971
Fax: (310) 391-8971
Web: www.StatModel.com
Support: Support@StatModel.com

Copyright (c) 1998-2021 Muthen & Muthen
