Mplus VERSION 8.6 (Mac)
MUTHEN & MUTHEN
06/06/2022   6:59 PM

INPUT INSTRUCTIONS

  TITLE:
  R3STEPm_PAS_tot2;
  DATA:
  FILE = "/Users/olivierpercie/Desktop/MplusLGM/SANS/Results/R3STEP/R3STEPm_PAS_tot2.dat";

  VARIABLE:
  NAMES = PIN SANS_0 SANS_1 SANS_2 SANS_3 SANS_6 SANS_9 SANS_12 SANS_18 SANS_24 I S Q
       CUB C_I C_S C_Q C_CUB CPROB1 CPROB2 CPROB3 N PAS_tot2;
   MISSING=.;
   USEVAR = PAS_tot2 N;
  NOMINAL= N;
  CLASSES = c(3);
  ANALYSIS:

    TYPE = MIXTURE;
    ALGORITHM=INTEGRATION;
    INTEGRATION=MONTECARLO;
    STARTS = 0;
    PROCESSORS = 8;
  MODEL:
  %OVERALL%
  C on PAS_tot2; PAS_tot2;

  %C#1%
  [N#1@3.075];
  [N#2@1.083];

  %C#2%
  [N#1@1.199];
  [N#2@2.945];

  %C#3%
  [N#1@-1.281];
  [N#2@-1.148];



INPUT READING TERMINATED NORMALLY




R3STEPm_PAS_tot2;

SUMMARY OF ANALYSIS

Number of groups                                                 1
Number of observations                                         405

Number of dependent variables                                    1
Number of independent variables                                  1
Number of continuous latent variables                            0
Number of categorical latent variables                           1

Observed dependent variables

  Unordered categorical (nominal)
   N

Observed independent variables
   PAS_TOT2

Categorical latent variables
   C


Estimator                                                      MLR
Information matrix                                        OBSERVED
Optimization Specifications for the Quasi-Newton Algorithm for
Continuous Outcomes
  Maximum number of iterations                                 100
  Convergence criterion                                  0.100D-05
Optimization Specifications for the EM Algorithm
  Maximum number of iterations                                 500
  Convergence criteria
    Loglikelihood change                                 0.100D-02
    Relative loglikelihood change                        0.100D-05
    Derivative                                           0.100D-02
Optimization Specifications for the M step of the EM Algorithm for
Categorical Latent variables
  Number of M step iterations                                    1
  M step convergence criterion                           0.100D-02
  Basis for M step termination                           ITERATION
Optimization Specifications for the M step of the EM Algorithm for
Censored, Binary or Ordered Categorical (Ordinal), Unordered
Categorical (Nominal) and Count Outcomes
  Number of M step iterations                                    1
  M step convergence criterion                           0.100D-02
  Basis for M step termination                           ITERATION
  Maximum value for logit thresholds                            15
  Minimum value for logit thresholds                           -15
  Minimum expected cell size for chi-square              0.100D-01
Maximum number of iterations for H1                           2000
Convergence criterion for H1                             0.100D-03
Optimization algorithm                                         EMA
Integration Specifications
  Type                                                  MONTECARLO
  Number of integration points                                 250
  Dimensions of numerical integration                            1
  Adaptive quadrature                                           ON
  Monte Carlo integration seed                                   0
Cholesky                                                       OFF

Input data file(s)
  /Users/olivierpercie/Desktop/MplusLGM/SANS/Results/R3STEP/R3STEPm_PAS_tot2.dat
Input data format  FREE


SUMMARY OF DATA

     Number of missing data patterns             2
     Number of y missing data patterns           2
     Number of u missing data patterns           0


COVARIANCE COVERAGE OF DATA

Minimum covariance coverage value   0.100


     PROPORTION OF DATA PRESENT FOR Y


           Covariance Coverage
              PAS_TOT2
              ________
 PAS_TOT2       0.726


UNIVARIATE PROPORTIONS AND COUNTS FOR CATEGORICAL VARIABLES

    N
      Category 1    0.437          177.000
      Category 2    0.402          163.000
      Category 3    0.160           65.000



UNIVARIATE SAMPLE STATISTICS


     UNIVARIATE HIGHER-ORDER MOMENT DESCRIPTIVE STATISTICS

         Variable/         Mean/     Skewness/   Minimum/ % with                Percentiles
        Sample Size      Variance    Kurtosis    Maximum  Min/Max      20%/60%    40%/80%    Median

     PAS_TOT2              0.238       0.980       0.000    0.34%       0.130      0.190      0.220
             294.000       0.018       1.802       0.850    0.34%       0.250      0.340


THE MODEL ESTIMATION TERMINATED NORMALLY



MODEL FIT INFORMATION

Number of Free Parameters                        6

Loglikelihood

          H0 Value                        -235.955
          H0 Scaling Correction Factor      1.2685
            for MLR

Information Criteria

          Akaike (AIC)                     483.910
          Bayesian (BIC)                   507.934
          Sample-Size Adjusted BIC         488.895
            (n* = (n + 2) / 24)



FINAL CLASS COUNTS AND PROPORTIONS FOR THE LATENT CLASSES
BASED ON THE ESTIMATED MODEL

    Latent
   Classes

       1        166.41116          0.41089
       2        156.21745          0.38572
       3         82.37139          0.20339


FINAL CLASS COUNTS AND PROPORTIONS FOR THE LATENT CLASSES
BASED ON ESTIMATED POSTERIOR PROBABILITIES

    Latent
   Classes

       1        166.57358          0.41129
       2        156.01710          0.38523
       3         82.40931          0.20348


FINAL CLASS COUNTS AND PROPORTIONS FOR THE LATENT CLASSES
BASED ON THEIR MOST LIKELY LATENT CLASS MEMBERSHIP

Class Counts and Proportions

    Latent
   Classes

       1              177          0.43704
       2              163          0.40247
       3               65          0.16049


CLASSIFICATION QUALITY

     Entropy                         0.408


Average Latent Class Probabilities for Most Likely Latent Class Membership (Row)
by Latent Class (Column)

           1        2        3

    1   0.795    0.123    0.081
    2   0.118    0.781    0.101
    3   0.100    0.105    0.795


Classification Probabilities for the Most Likely Latent Class Membership (Column)
by Latent Class (Row)

           1        2        3

    1   0.845    0.116    0.039
    2   0.140    0.816    0.044
    3   0.174    0.199    0.627


Logits for the Classification Probabilities for the Most Likely Latent Class Membership (Column)
by Latent Class (Row)

              1        2        3

    1      3.074    1.085    0.000
    2      1.161    2.923    0.000
    3     -1.281   -1.146    0.000


MODEL RESULTS

                                                    Two-Tailed
                    Estimate       S.E.  Est./S.E.    P-Value

Latent Class 1

 Means
    PAS_TOT2           0.238      0.008     30.629      0.000
    N#1                3.075      0.000    999.000    999.000
    N#2                1.083      0.000    999.000    999.000

 Variances
    PAS_TOT2           0.018      0.002      8.819      0.000

Latent Class 2

 Means
    PAS_TOT2           0.238      0.008     30.629      0.000
    N#1                1.199      0.000    999.000    999.000
    N#2                2.945      0.000    999.000    999.000

 Variances
    PAS_TOT2           0.018      0.002      8.819      0.000

Latent Class 3

 Means
    PAS_TOT2           0.238      0.008     30.629      0.000
    N#1               -1.281      0.000    999.000    999.000
    N#2               -1.148      0.000    999.000    999.000

 Variances
    PAS_TOT2           0.018      0.002      8.819      0.000

Categorical Latent Variables

 C#1        ON
    PAS_TOT2          -0.746      2.809     -0.266      0.790

 C#2        ON
    PAS_TOT2           2.473      3.321      0.745      0.457

 Intercepts
    C#1                0.868      0.653      1.330      0.184
    C#2                0.028      0.806      0.035      0.972


QUALITY OF NUMERICAL RESULTS

     Condition Number for the Information Matrix              0.199E-06
       (ratio of smallest to largest eigenvalue)


LOGISTIC REGRESSION ODDS RATIO RESULTS

                                                95% C.I.
                    Estimate       S.E.  Lower 2.5% Upper 2.5%

Categorical Latent Variables

 C#1      ON
    PAS_TOT2           0.474      1.332      0.002    116.680

 C#2      ON
    PAS_TOT2          11.857     39.382      0.018   7964.664


ALTERNATIVE PARAMETERIZATIONS FOR THE CATEGORICAL LATENT VARIABLE REGRESSION

                                                    Two-Tailed
                    Estimate       S.E.  Est./S.E.    P-Value

Parameterization using Reference Class 1

 C#2      ON
    PAS_TOT2           3.219      1.428      2.254      0.024

 C#3      ON
    PAS_TOT2           0.746      2.809      0.266      0.790

 Intercepts
    C#2               -0.840      0.403     -2.086      0.037
    C#3               -0.868      0.653     -1.330      0.184

Parameterization using Reference Class 2

 C#1      ON
    PAS_TOT2          -3.219      1.428     -2.254      0.024

 C#3      ON
    PAS_TOT2          -2.473      3.321     -0.745      0.457

 Intercepts
    C#1                0.840      0.403      2.086      0.037
    C#3               -0.028      0.806     -0.035      0.972


ODDS RATIO FOR THE ALTERNATIVE PARAMETERIZATIONS FOR THE CATEGORICAL LATENT VARIABLE REGRESSION

                                                95% C.I.
                    Estimate       S.E.  Lower 2.5% Upper 2.5%

Parameterization using Reference Class 1

 C#2      ON
    PAS_TOT2          25.010     35.724      1.521    411.132

 C#3      ON
    PAS_TOT2           2.109      5.925      0.009    519.081

Parameterization using Reference Class 2

 C#1      ON
    PAS_TOT2           0.040      0.057      0.002      0.657

 C#3      ON
    PAS_TOT2           0.084      0.280      0.000     56.649


     Beginning Time:  18:59:20
        Ending Time:  18:59:20
       Elapsed Time:  00:00:00



MUTHEN & MUTHEN
3463 Stoner Ave.
Los Angeles, CA  90066

Tel: (310) 391-9971
Fax: (310) 391-8971
Web: www.StatModel.com
Support: Support@StatModel.com

Copyright (c) 1998-2021 Muthen & Muthen
