Mplus VERSION 8.6 (Mac)
MUTHEN & MUTHEN
01/12/2023   2:51 PM

INPUT INSTRUCTIONS

  TITLE:
  R3STEPm_PSR_24;
  DATA:
  FILE = "/Users/olivierpercie/Desktop/MplusLGM/SANS/Results/R3STEP/R3STEPm_PSR_24.dat";

  VARIABLE:
  NAMES = PIN I S Q CUB C_I C_S C_Q C_CUB CPROB1 CPROB2 CPROB3 N PSR_24;
   MISSING=.;
   USEVAR = PSR_24 N;
  NOMINAL= N;
  CLASSES = c(3);
  ANALYSIS:

    TYPE = MIXTURE;
    ALGORITHM = INTEGRATION;
    INTEGRATION = MONTECARLO;
    STARTS = 0;
    PROCESSORS = 8;
  MODEL:
  %OVERALL%
  C on PSR_24; PSR_24;

  %C#1%
  [N#1@3.075];
  [N#2@1.083];

  %C#2%
  [N#1@1.199];
  [N#2@2.945];

  %C#3%
  [N#1@-1.281];
  [N#2@-1.148];



INPUT READING TERMINATED NORMALLY




R3STEPm_PSR_24;

SUMMARY OF ANALYSIS

Number of groups                                                 1
Number of observations                                         405

Number of dependent variables                                    1
Number of independent variables                                  1
Number of continuous latent variables                            0
Number of categorical latent variables                           1

Observed dependent variables

  Unordered categorical (nominal)
   N

Observed independent variables
   PSR_24

Categorical latent variables
   C


Estimator                                                      MLR
Information matrix                                        OBSERVED
Optimization Specifications for the Quasi-Newton Algorithm for
Continuous Outcomes
  Maximum number of iterations                                 100
  Convergence criterion                                  0.100D-05
Optimization Specifications for the EM Algorithm
  Maximum number of iterations                                 500
  Convergence criteria
    Loglikelihood change                                 0.100D-02
    Relative loglikelihood change                        0.100D-05
    Derivative                                           0.100D-02
Optimization Specifications for the M step of the EM Algorithm for
Categorical Latent variables
  Number of M step iterations                                    1
  M step convergence criterion                           0.100D-02
  Basis for M step termination                           ITERATION
Optimization Specifications for the M step of the EM Algorithm for
Censored, Binary or Ordered Categorical (Ordinal), Unordered
Categorical (Nominal) and Count Outcomes
  Number of M step iterations                                    1
  M step convergence criterion                           0.100D-02
  Basis for M step termination                           ITERATION
  Maximum value for logit thresholds                            15
  Minimum value for logit thresholds                           -15
  Minimum expected cell size for chi-square              0.100D-01
Maximum number of iterations for H1                           2000
Convergence criterion for H1                             0.100D-03
Optimization algorithm                                         EMA
Integration Specifications
  Type                                                  MONTECARLO
  Number of integration points                                 250
  Dimensions of numerical integration                            1
  Adaptive quadrature                                           ON
  Monte Carlo integration seed                                   0
Cholesky                                                       OFF

Input data file(s)
  /Users/olivierpercie/Desktop/MplusLGM/SANS/Results/R3STEP/R3STEPm_PSR_24.dat
Input data format  FREE


SUMMARY OF DATA

     Number of missing data patterns             2
     Number of y missing data patterns           2
     Number of u missing data patterns           0


COVARIANCE COVERAGE OF DATA

Minimum covariance coverage value   0.100


     PROPORTION OF DATA PRESENT FOR Y


           Covariance Coverage
              PSR_24
              ________
 PSR_24         0.793


UNIVARIATE PROPORTIONS AND COUNTS FOR CATEGORICAL VARIABLES

    N
      Category 1    0.437          177.000
      Category 2    0.402          163.000
      Category 3    0.160           65.000



UNIVARIATE SAMPLE STATISTICS


     UNIVARIATE HIGHER-ORDER MOMENT DESCRIPTIVE STATISTICS

         Variable/         Mean/     Skewness/   Minimum/ % with                Percentiles
        Sample Size      Variance    Kurtosis    Maximum  Min/Max      20%/60%    40%/80%    Median

     PSR_24                0.726      -1.013       0.000   27.41%       0.000      1.000      1.000
             321.000       0.199      -0.975       1.000   72.59%       1.000      1.000


THE MODEL ESTIMATION TERMINATED NORMALLY



MODEL FIT INFORMATION

Number of Free Parameters                        6

Loglikelihood

          H0 Value                        -607.637
          H0 Scaling Correction Factor      0.9171
            for MLR

Information Criteria

          Akaike (AIC)                    1227.274
          Bayesian (BIC)                  1251.297
          Sample-Size Adjusted BIC        1232.259
            (n* = (n + 2) / 24)



FINAL CLASS COUNTS AND PROPORTIONS FOR THE LATENT CLASSES
BASED ON THE ESTIMATED MODEL

    Latent
   Classes

       1        165.95934          0.40978
       2        156.25608          0.38582
       3         82.78459          0.20441


FINAL CLASS COUNTS AND PROPORTIONS FOR THE LATENT CLASSES
BASED ON ESTIMATED POSTERIOR PROBABILITIES

    Latent
   Classes

       1        165.97430          0.40981
       2        156.23911          0.38578
       3         82.78659          0.20441


FINAL CLASS COUNTS AND PROPORTIONS FOR THE LATENT CLASSES
BASED ON THEIR MOST LIKELY LATENT CLASS MEMBERSHIP

Class Counts and Proportions

    Latent
   Classes

       1              177          0.43704
       2              163          0.40247
       3               65          0.16049


CLASSIFICATION QUALITY

     Entropy                         0.407


Average Latent Class Probabilities for Most Likely Latent Class Membership (Row)
by Latent Class (Column)

           1        2        3

    1   0.793    0.125    0.082
    2   0.117    0.781    0.101
    3   0.100    0.103    0.798


Classification Probabilities for the Most Likely Latent Class Membership (Column)
by Latent Class (Row)

           1        2        3

    1   0.846    0.115    0.039
    2   0.142    0.815    0.043
    3   0.174    0.199    0.626


Logits for the Classification Probabilities for the Most Likely Latent Class Membership (Column)
by Latent Class (Row)

              1        2        3

    1      3.077    1.085    0.000
    2      1.202    2.949    0.000
    3     -1.279   -1.145    0.000


MODEL RESULTS

                                                    Two-Tailed
                    Estimate       S.E.  Est./S.E.    P-Value

Latent Class 1

 Means
    PSR_24             0.727      0.025     29.192      0.000
    N#1                3.075      0.000    999.000    999.000
    N#2                1.083      0.000    999.000    999.000

 Variances
    PSR_24             0.199      0.011     17.667      0.000

Latent Class 2

 Means
    PSR_24             0.727      0.025     29.192      0.000
    N#1                1.199      0.000    999.000    999.000
    N#2                2.945      0.000    999.000    999.000

 Variances
    PSR_24             0.199      0.011     17.667      0.000

Latent Class 3

 Means
    PSR_24             0.727      0.025     29.192      0.000
    N#1               -1.281      0.000    999.000    999.000
    N#2               -1.148      0.000    999.000    999.000

 Variances
    PSR_24             0.199      0.011     17.667      0.000

Categorical Latent Variables

 C#1        ON
    PSR_24             0.334      0.591      0.565      0.572

 C#2        ON
    PSR_24            -0.574      0.551     -1.042      0.297

 Intercepts
    C#1                0.436      0.503      0.866      0.387
    C#2                1.032      0.446      2.313      0.021


QUALITY OF NUMERICAL RESULTS

     Condition Number for the Information Matrix              0.266E-03
       (ratio of smallest to largest eigenvalue)


LOGISTIC REGRESSION ODDS RATIO RESULTS

                                                95% C.I.
                    Estimate       S.E.  Lower 2.5% Upper 2.5%

Categorical Latent Variables

 C#1      ON
    PSR_24             1.396      0.825      0.439      4.445

 C#2      ON
    PSR_24             0.563      0.310      0.191      1.659


ALTERNATIVE PARAMETERIZATIONS FOR THE CATEGORICAL LATENT VARIABLE REGRESSION

                                                    Two-Tailed
                    Estimate       S.E.  Est./S.E.    P-Value

Parameterization using Reference Class 1

 C#2      ON
    PSR_24            -0.908      0.429     -2.118      0.034

 C#3      ON
    PSR_24            -0.334      0.591     -0.565      0.572

 Intercepts
    C#2                0.596      0.358      1.666      0.096
    C#3               -0.436      0.503     -0.866      0.387

Parameterization using Reference Class 2

 C#1      ON
    PSR_24             0.908      0.429      2.118      0.034

 C#3      ON
    PSR_24             0.574      0.551      1.042      0.297

 Intercepts
    C#1               -0.596      0.358     -1.666      0.096
    C#3               -1.032      0.446     -2.313      0.021


ODDS RATIO FOR THE ALTERNATIVE PARAMETERIZATIONS FOR THE CATEGORICAL LATENT VARIABLE REGRESSION

                                                95% C.I.
                    Estimate       S.E.  Lower 2.5% Upper 2.5%

Parameterization using Reference Class 1

 C#2      ON
    PSR_24             0.403      0.173      0.174      0.934

 C#3      ON
    PSR_24             0.716      0.423      0.225      2.280

Parameterization using Reference Class 2

 C#1      ON
    PSR_24             2.479      1.063      1.070      5.743

 C#3      ON
    PSR_24             1.775      0.978      0.603      5.228


     Beginning Time:  14:51:42
        Ending Time:  14:51:43
       Elapsed Time:  00:00:01



MUTHEN & MUTHEN
3463 Stoner Ave.
Los Angeles, CA  90066

Tel: (310) 391-9971
Fax: (310) 391-8971
Web: www.StatModel.com
Support: Support@StatModel.com

Copyright (c) 1998-2021 Muthen & Muthen
