Mplus VERSION 8.6 (Mac)
MUTHEN & MUTHEN
01/12/2023   2:51 PM

INPUT INSTRUCTIONS

  TITLE:
  R3STEPm_SOFAS_0;
  DATA:
  FILE = "/Users/olivierpercie/Desktop/MplusLGM/SANS/Results/R3STEP/R3STEPm_SOFAS_0.dat";

  VARIABLE:
  NAMES = PIN I S Q CUB C_I C_S C_Q C_CUB CPROB1 CPROB2 CPROB3 N SOFAS_0;
   MISSING=.;
   USEVAR = SOFAS_0 N;
  NOMINAL= N;
  CLASSES = c(3);
  ANALYSIS:

    TYPE = MIXTURE;
    ALGORITHM = INTEGRATION;
    INTEGRATION = MONTECARLO;
    STARTS = 0;
    PROCESSORS = 8;
  MODEL:
  %OVERALL%
  C on SOFAS_0; SOFAS_0;

  %C#1%
  [N#1@3.075];
  [N#2@1.083];

  %C#2%
  [N#1@1.199];
  [N#2@2.945];

  %C#3%
  [N#1@-1.281];
  [N#2@-1.148];



INPUT READING TERMINATED NORMALLY




R3STEPm_SOFAS_0;

SUMMARY OF ANALYSIS

Number of groups                                                 1
Number of observations                                         405

Number of dependent variables                                    1
Number of independent variables                                  1
Number of continuous latent variables                            0
Number of categorical latent variables                           1

Observed dependent variables

  Unordered categorical (nominal)
   N

Observed independent variables
   SOFAS_0

Categorical latent variables
   C


Estimator                                                      MLR
Information matrix                                        OBSERVED
Optimization Specifications for the Quasi-Newton Algorithm for
Continuous Outcomes
  Maximum number of iterations                                 100
  Convergence criterion                                  0.100D-05
Optimization Specifications for the EM Algorithm
  Maximum number of iterations                                 500
  Convergence criteria
    Loglikelihood change                                 0.100D-02
    Relative loglikelihood change                        0.100D-05
    Derivative                                           0.100D-02
Optimization Specifications for the M step of the EM Algorithm for
Categorical Latent variables
  Number of M step iterations                                    1
  M step convergence criterion                           0.100D-02
  Basis for M step termination                           ITERATION
Optimization Specifications for the M step of the EM Algorithm for
Censored, Binary or Ordered Categorical (Ordinal), Unordered
Categorical (Nominal) and Count Outcomes
  Number of M step iterations                                    1
  M step convergence criterion                           0.100D-02
  Basis for M step termination                           ITERATION
  Maximum value for logit thresholds                            15
  Minimum value for logit thresholds                           -15
  Minimum expected cell size for chi-square              0.100D-01
Maximum number of iterations for H1                           2000
Convergence criterion for H1                             0.100D-03
Optimization algorithm                                         EMA
Integration Specifications
  Type                                                  MONTECARLO
  Number of integration points                                 250
  Dimensions of numerical integration                            1
  Adaptive quadrature                                           ON
  Monte Carlo integration seed                                   0
Cholesky                                                       OFF

Input data file(s)
  /Users/olivierpercie/Desktop/MplusLGM/SANS/Results/R3STEP/R3STEPm_SOFAS_0.dat
Input data format  FREE


SUMMARY OF DATA

     Number of missing data patterns             2
     Number of y missing data patterns           2
     Number of u missing data patterns           0


COVARIANCE COVERAGE OF DATA

Minimum covariance coverage value   0.100


     PROPORTION OF DATA PRESENT FOR Y


           Covariance Coverage
              SOFAS_0
              ________
 SOFAS_0        0.909


UNIVARIATE PROPORTIONS AND COUNTS FOR CATEGORICAL VARIABLES

    N
      Category 1    0.437          177.000
      Category 2    0.402          163.000
      Category 3    0.160           65.000



UNIVARIATE SAMPLE STATISTICS


     UNIVARIATE HIGHER-ORDER MOMENT DESCRIPTIVE STATISTICS

         Variable/         Mean/     Skewness/   Minimum/ % with                Percentiles
        Sample Size      Variance    Kurtosis    Maximum  Min/Max      20%/60%    40%/80%    Median

     SOFAS_0              41.326       0.729      15.000    0.27%      31.000     35.000     40.000
             368.000     172.752       0.183      85.000    0.27%      41.000     51.000


THE MODEL ESTIMATION TERMINATED NORMALLY



MODEL FIT INFORMATION

Number of Free Parameters                        6

Loglikelihood

          H0 Value                       -1883.317
          H0 Scaling Correction Factor      1.0229
            for MLR

Information Criteria

          Akaike (AIC)                    3778.634
          Bayesian (BIC)                  3802.657
          Sample-Size Adjusted BIC        3783.618
            (n* = (n + 2) / 24)



FINAL CLASS COUNTS AND PROPORTIONS FOR THE LATENT CLASSES
BASED ON THE ESTIMATED MODEL

    Latent
   Classes

       1        165.98142          0.40983
       2        156.24336          0.38579
       3         82.77523          0.20438


FINAL CLASS COUNTS AND PROPORTIONS FOR THE LATENT CLASSES
BASED ON ESTIMATED POSTERIOR PROBABILITIES

    Latent
   Classes

       1        165.97791          0.40982
       2        156.22861          0.38575
       3         82.79348          0.20443


FINAL CLASS COUNTS AND PROPORTIONS FOR THE LATENT CLASSES
BASED ON THEIR MOST LIKELY LATENT CLASS MEMBERSHIP

Class Counts and Proportions

    Latent
   Classes

       1              177          0.43704
       2              163          0.40247
       3               65          0.16049


CLASSIFICATION QUALITY

     Entropy                         0.402


Average Latent Class Probabilities for Most Likely Latent Class Membership (Row)
by Latent Class (Column)

           1        2        3

    1   0.793    0.125    0.082
    2   0.118    0.781    0.101
    3   0.099    0.103    0.798


Classification Probabilities for the Most Likely Latent Class Membership (Column)
by Latent Class (Row)

           1        2        3

    1   0.846    0.115    0.039
    2   0.142    0.815    0.043
    3   0.174    0.199    0.626


Logits for the Classification Probabilities for the Most Likely Latent Class Membership (Column)
by Latent Class (Row)

              1        2        3

    1      3.078    1.086    0.000
    2      1.201    2.947    0.000
    3     -1.279   -1.145    0.000


MODEL RESULTS

                                                    Two-Tailed
                    Estimate       S.E.  Est./S.E.    P-Value

Latent Class 1

 Means
    SOFAS_0           41.316      0.686     60.196      0.000
    N#1                3.075      0.000    999.000    999.000
    N#2                1.083      0.000    999.000    999.000

 Variances
    SOFAS_0          173.028     13.312     12.997      0.000

Latent Class 2

 Means
    SOFAS_0           41.316      0.686     60.196      0.000
    N#1                1.199      0.000    999.000    999.000
    N#2                2.945      0.000    999.000    999.000

 Variances
    SOFAS_0          173.028     13.312     12.997      0.000

Latent Class 3

 Means
    SOFAS_0           41.316      0.686     60.196      0.000
    N#1               -1.281      0.000    999.000    999.000
    N#2               -1.148      0.000    999.000    999.000

 Variances
    SOFAS_0          173.028     13.312     12.997      0.000

Categorical Latent Variables

 C#1        ON
    SOFAS_0            0.015      0.018      0.787      0.431

 C#2        ON
    SOFAS_0            0.019      0.019      0.989      0.323

 Intercepts
    C#1                0.109      0.756      0.145      0.885
    C#2               -0.140      0.797     -0.175      0.861


QUALITY OF NUMERICAL RESULTS

     Condition Number for the Information Matrix              0.693E-05
       (ratio of smallest to largest eigenvalue)


LOGISTIC REGRESSION ODDS RATIO RESULTS

                                                95% C.I.
                    Estimate       S.E.  Lower 2.5% Upper 2.5%

Categorical Latent Variables

 C#1      ON
    SOFAS_0            1.015      0.019      0.979      1.052

 C#2      ON
    SOFAS_0            1.019      0.020      0.981      1.058


ALTERNATIVE PARAMETERIZATIONS FOR THE CATEGORICAL LATENT VARIABLE REGRESSION

                                                    Two-Tailed
                    Estimate       S.E.  Est./S.E.    P-Value

Parameterization using Reference Class 1

 C#2      ON
    SOFAS_0            0.005      0.013      0.358      0.720

 C#3      ON
    SOFAS_0           -0.015      0.018     -0.787      0.431

 Intercepts
    C#2               -0.249      0.556     -0.449      0.654
    C#3               -0.109      0.756     -0.145      0.885

Parameterization using Reference Class 2

 C#1      ON
    SOFAS_0           -0.005      0.013     -0.358      0.720

 C#3      ON
    SOFAS_0           -0.019      0.019     -0.989      0.323

 Intercepts
    C#1                0.249      0.556      0.449      0.654
    C#3                0.140      0.797      0.175      0.861


ODDS RATIO FOR THE ALTERNATIVE PARAMETERIZATIONS FOR THE CATEGORICAL LATENT VARIABLE REGRESSION

                                                95% C.I.
                    Estimate       S.E.  Lower 2.5% Upper 2.5%

Parameterization using Reference Class 1

 C#2      ON
    SOFAS_0            1.005      0.013      0.980      1.030

 C#3      ON
    SOFAS_0            0.986      0.018      0.951      1.022

Parameterization using Reference Class 2

 C#1      ON
    SOFAS_0            0.996      0.013      0.971      1.020

 C#3      ON
    SOFAS_0            0.981      0.019      0.945      1.019


     Beginning Time:  14:51:23
        Ending Time:  14:51:24
       Elapsed Time:  00:00:01



MUTHEN & MUTHEN
3463 Stoner Ave.
Los Angeles, CA  90066

Tel: (310) 391-9971
Fax: (310) 391-8971
Web: www.StatModel.com
Support: Support@StatModel.com

Copyright (c) 1998-2021 Muthen & Muthen
