Mplus VERSION 8.6 (Mac)
MUTHEN & MUTHEN
01/12/2023   2:51 PM

INPUT INSTRUCTIONS

  TITLE:
  R3STEPm_PSR_12;
  DATA:
  FILE = "/Users/olivierpercie/Desktop/MplusLGM/SANS/Results/R3STEP/R3STEPm_PSR_12.dat";

  VARIABLE:
  NAMES = PIN I S Q CUB C_I C_S C_Q C_CUB CPROB1 CPROB2 CPROB3 N PSR_12;
   MISSING=.;
   USEVAR = PSR_12 N;
  NOMINAL= N;
  CLASSES = c(3);
  ANALYSIS:

    TYPE = MIXTURE;
    ALGORITHM = INTEGRATION;
    INTEGRATION = MONTECARLO;
    STARTS = 0;
    PROCESSORS = 8;
  MODEL:
  %OVERALL%
  C on PSR_12; PSR_12;

  %C#1%
  [N#1@3.075];
  [N#2@1.083];

  %C#2%
  [N#1@1.199];
  [N#2@2.945];

  %C#3%
  [N#1@-1.281];
  [N#2@-1.148];



INPUT READING TERMINATED NORMALLY




R3STEPm_PSR_12;

SUMMARY OF ANALYSIS

Number of groups                                                 1
Number of observations                                         405

Number of dependent variables                                    1
Number of independent variables                                  1
Number of continuous latent variables                            0
Number of categorical latent variables                           1

Observed dependent variables

  Unordered categorical (nominal)
   N

Observed independent variables
   PSR_12

Categorical latent variables
   C


Estimator                                                      MLR
Information matrix                                        OBSERVED
Optimization Specifications for the Quasi-Newton Algorithm for
Continuous Outcomes
  Maximum number of iterations                                 100
  Convergence criterion                                  0.100D-05
Optimization Specifications for the EM Algorithm
  Maximum number of iterations                                 500
  Convergence criteria
    Loglikelihood change                                 0.100D-02
    Relative loglikelihood change                        0.100D-05
    Derivative                                           0.100D-02
Optimization Specifications for the M step of the EM Algorithm for
Categorical Latent variables
  Number of M step iterations                                    1
  M step convergence criterion                           0.100D-02
  Basis for M step termination                           ITERATION
Optimization Specifications for the M step of the EM Algorithm for
Censored, Binary or Ordered Categorical (Ordinal), Unordered
Categorical (Nominal) and Count Outcomes
  Number of M step iterations                                    1
  M step convergence criterion                           0.100D-02
  Basis for M step termination                           ITERATION
  Maximum value for logit thresholds                            15
  Minimum value for logit thresholds                           -15
  Minimum expected cell size for chi-square              0.100D-01
Maximum number of iterations for H1                           2000
Convergence criterion for H1                             0.100D-03
Optimization algorithm                                         EMA
Integration Specifications
  Type                                                  MONTECARLO
  Number of integration points                                 250
  Dimensions of numerical integration                            1
  Adaptive quadrature                                           ON
  Monte Carlo integration seed                                   0
Cholesky                                                       OFF

Input data file(s)
  /Users/olivierpercie/Desktop/MplusLGM/SANS/Results/R3STEP/R3STEPm_PSR_12.dat
Input data format  FREE


SUMMARY OF DATA

     Number of missing data patterns             2
     Number of y missing data patterns           2
     Number of u missing data patterns           0


COVARIANCE COVERAGE OF DATA

Minimum covariance coverage value   0.100


     PROPORTION OF DATA PRESENT FOR Y


           Covariance Coverage
              PSR_12
              ________
 PSR_12         0.869


UNIVARIATE PROPORTIONS AND COUNTS FOR CATEGORICAL VARIABLES

    N
      Category 1    0.437          177.000
      Category 2    0.402          163.000
      Category 3    0.160           65.000



UNIVARIATE SAMPLE STATISTICS


     UNIVARIATE HIGHER-ORDER MOMENT DESCRIPTIVE STATISTICS

         Variable/         Mean/     Skewness/   Minimum/ % with                Percentiles
        Sample Size      Variance    Kurtosis    Maximum  Min/Max      20%/60%    40%/80%    Median

     PSR_12                0.702      -0.882       0.000   29.83%       0.000      1.000      1.000
             352.000       0.209      -1.223       1.000   70.17%       1.000      1.000


THE MODEL ESTIMATION TERMINATED NORMALLY



MODEL FIT INFORMATION

Number of Free Parameters                        6

Loglikelihood

          H0 Value                        -632.111
          H0 Scaling Correction Factor      0.8990
            for MLR

Information Criteria

          Akaike (AIC)                    1276.222
          Bayesian (BIC)                  1300.245
          Sample-Size Adjusted BIC        1281.206
            (n* = (n + 2) / 24)



FINAL CLASS COUNTS AND PROPORTIONS FOR THE LATENT CLASSES
BASED ON THE ESTIMATED MODEL

    Latent
   Classes

       1        166.14431          0.41023
       2        156.18494          0.38564
       3         82.67075          0.20413


FINAL CLASS COUNTS AND PROPORTIONS FOR THE LATENT CLASSES
BASED ON ESTIMATED POSTERIOR PROBABILITIES

    Latent
   Classes

       1        166.03265          0.40996
       2        156.25520          0.38582
       3         82.71216          0.20423


FINAL CLASS COUNTS AND PROPORTIONS FOR THE LATENT CLASSES
BASED ON THEIR MOST LIKELY LATENT CLASS MEMBERSHIP

Class Counts and Proportions

    Latent
   Classes

       1              177          0.43704
       2              163          0.40247
       3               65          0.16049


CLASSIFICATION QUALITY

     Entropy                         0.416


Average Latent Class Probabilities for Most Likely Latent Class Membership (Row)
by Latent Class (Column)

           1        2        3

    1   0.793    0.125    0.081
    2   0.118    0.781    0.101
    3   0.100    0.103    0.798


Classification Probabilities for the Most Likely Latent Class Membership (Column)
by Latent Class (Row)

           1        2        3

    1   0.846    0.116    0.039
    2   0.142    0.815    0.043
    3   0.174    0.199    0.627


Logits for the Classification Probabilities for the Most Likely Latent Class Membership (Column)
by Latent Class (Row)

              1        2        3

    1      3.078    1.087    0.000
    2      1.200    2.946    0.000
    3     -1.280   -1.147    0.000


MODEL RESULTS

                                                    Two-Tailed
                    Estimate       S.E.  Est./S.E.    P-Value

Latent Class 1

 Means
    PSR_12             0.701      0.024     28.699      0.000
    N#1                3.075      0.000    999.000    999.000
    N#2                1.083      0.000    999.000    999.000

 Variances
    PSR_12             0.209      0.010     21.139      0.000

Latent Class 2

 Means
    PSR_12             0.701      0.024     28.699      0.000
    N#1                1.199      0.000    999.000    999.000
    N#2                2.945      0.000    999.000    999.000

 Variances
    PSR_12             0.209      0.010     21.139      0.000

Latent Class 3

 Means
    PSR_12             0.701      0.024     28.699      0.000
    N#1               -1.281      0.000    999.000    999.000
    N#2               -1.148      0.000    999.000    999.000

 Variances
    PSR_12             0.209      0.010     21.139      0.000

Categorical Latent Variables

 C#1        ON
    PSR_12             1.336      0.539      2.478      0.013

 C#2        ON
    PSR_12             0.065      0.466      0.140      0.888

 Intercepts
    C#1               -0.277      0.449     -0.617      0.537
    C#2                0.597      0.342      1.747      0.081


QUALITY OF NUMERICAL RESULTS

     Condition Number for the Information Matrix              0.409E-03
       (ratio of smallest to largest eigenvalue)


LOGISTIC REGRESSION ODDS RATIO RESULTS

                                                95% C.I.
                    Estimate       S.E.  Lower 2.5% Upper 2.5%

Categorical Latent Variables

 C#1      ON
    PSR_12             3.803      2.050      1.322     10.937

 C#2      ON
    PSR_12             1.068      0.498      0.428      2.661


ALTERNATIVE PARAMETERIZATIONS FOR THE CATEGORICAL LATENT VARIABLE REGRESSION

                                                    Two-Tailed
                    Estimate       S.E.  Est./S.E.    P-Value

Parameterization using Reference Class 1

 C#2      ON
    PSR_12            -1.270      0.455     -2.793      0.005

 C#3      ON
    PSR_12            -1.336      0.539     -2.478      0.013

 Intercepts
    C#2                0.874      0.394      2.218      0.027
    C#3                0.277      0.449      0.617      0.537

Parameterization using Reference Class 2

 C#1      ON
    PSR_12             1.270      0.455      2.793      0.005

 C#3      ON
    PSR_12            -0.065      0.466     -0.140      0.888

 Intercepts
    C#1               -0.874      0.394     -2.218      0.027
    C#3               -0.597      0.342     -1.747      0.081


ODDS RATIO FOR THE ALTERNATIVE PARAMETERIZATIONS FOR THE CATEGORICAL LATENT VARIABLE REGRESSION

                                                95% C.I.
                    Estimate       S.E.  Lower 2.5% Upper 2.5%

Parameterization using Reference Class 1

 C#2      ON
    PSR_12             0.281      0.128      0.115      0.685

 C#3      ON
    PSR_12             0.263      0.142      0.091      0.756

Parameterization using Reference Class 2

 C#1      ON
    PSR_12             3.562      1.620      1.461      8.684

 C#3      ON
    PSR_12             0.937      0.436      0.376      2.335


     Beginning Time:  14:51:41
        Ending Time:  14:51:42
       Elapsed Time:  00:00:01



MUTHEN & MUTHEN
3463 Stoner Ave.
Los Angeles, CA  90066

Tel: (310) 391-9971
Fax: (310) 391-8971
Web: www.StatModel.com
Support: Support@StatModel.com

Copyright (c) 1998-2021 Muthen & Muthen
