Mplus VERSION 8.6 (Mac)
MUTHEN & MUTHEN
06/06/2022   6:59 PM

INPUT INSTRUCTIONS

  TITLE:
  R3STEPm_PSR_6;
  DATA:
  FILE = "/Users/olivierpercie/Desktop/MplusLGM/SANS/Results/R3STEP/R3STEPm_PSR_6.dat";

  VARIABLE:
  NAMES = PIN SANS_0 SANS_1 SANS_2 SANS_3 SANS_6 SANS_9 SANS_12 SANS_18 SANS_24 I S Q
       CUB C_I C_S C_Q C_CUB CPROB1 CPROB2 CPROB3 N PSR_6;
   MISSING=.;
   USEVAR = PSR_6 N;
  NOMINAL= N;
  CLASSES = c(3);
  ANALYSIS:

    TYPE = MIXTURE;
    ALGORITHM=INTEGRATION;
    INTEGRATION=MONTECARLO;
    STARTS = 0;
    PROCESSORS = 8;
  MODEL:
  %OVERALL%
  C on PSR_6; PSR_6;

  %C#1%
  [N#1@3.075];
  [N#2@1.083];

  %C#2%
  [N#1@1.199];
  [N#2@2.945];

  %C#3%
  [N#1@-1.281];
  [N#2@-1.148];



INPUT READING TERMINATED NORMALLY




R3STEPm_PSR_6;

SUMMARY OF ANALYSIS

Number of groups                                                 1
Number of observations                                         405

Number of dependent variables                                    1
Number of independent variables                                  1
Number of continuous latent variables                            0
Number of categorical latent variables                           1

Observed dependent variables

  Unordered categorical (nominal)
   N

Observed independent variables
   PSR_6

Categorical latent variables
   C


Estimator                                                      MLR
Information matrix                                        OBSERVED
Optimization Specifications for the Quasi-Newton Algorithm for
Continuous Outcomes
  Maximum number of iterations                                 100
  Convergence criterion                                  0.100D-05
Optimization Specifications for the EM Algorithm
  Maximum number of iterations                                 500
  Convergence criteria
    Loglikelihood change                                 0.100D-02
    Relative loglikelihood change                        0.100D-05
    Derivative                                           0.100D-02
Optimization Specifications for the M step of the EM Algorithm for
Categorical Latent variables
  Number of M step iterations                                    1
  M step convergence criterion                           0.100D-02
  Basis for M step termination                           ITERATION
Optimization Specifications for the M step of the EM Algorithm for
Censored, Binary or Ordered Categorical (Ordinal), Unordered
Categorical (Nominal) and Count Outcomes
  Number of M step iterations                                    1
  M step convergence criterion                           0.100D-02
  Basis for M step termination                           ITERATION
  Maximum value for logit thresholds                            15
  Minimum value for logit thresholds                           -15
  Minimum expected cell size for chi-square              0.100D-01
Maximum number of iterations for H1                           2000
Convergence criterion for H1                             0.100D-03
Optimization algorithm                                         EMA
Integration Specifications
  Type                                                  MONTECARLO
  Number of integration points                                 250
  Dimensions of numerical integration                            1
  Adaptive quadrature                                           ON
  Monte Carlo integration seed                                   0
Cholesky                                                       OFF

Input data file(s)
  /Users/olivierpercie/Desktop/MplusLGM/SANS/Results/R3STEP/R3STEPm_PSR_6.dat
Input data format  FREE


SUMMARY OF DATA

     Number of missing data patterns             2
     Number of y missing data patterns           2
     Number of u missing data patterns           0


COVARIANCE COVERAGE OF DATA

Minimum covariance coverage value   0.100


     PROPORTION OF DATA PRESENT FOR Y


           Covariance Coverage
              PSR_6
              ________
 PSR_6          0.909


UNIVARIATE PROPORTIONS AND COUNTS FOR CATEGORICAL VARIABLES

    N
      Category 1    0.437          177.000
      Category 2    0.402          163.000
      Category 3    0.160           65.000



UNIVARIATE SAMPLE STATISTICS


     UNIVARIATE HIGHER-ORDER MOMENT DESCRIPTIVE STATISTICS

         Variable/         Mean/     Skewness/   Minimum/ % with                Percentiles
        Sample Size      Variance    Kurtosis    Maximum  Min/Max      20%/60%    40%/80%    Median

     PSR_6                 0.685      -0.795       0.000   31.52%       0.000      1.000      1.000
             368.000       0.216      -1.367       1.000   68.48%       1.000      1.000


THE MODEL ESTIMATION TERMINATED NORMALLY



MODEL FIT INFORMATION

Number of Free Parameters                        6

Loglikelihood

          H0 Value                        -645.949
          H0 Scaling Correction Factor      0.8903
            for MLR

Information Criteria

          Akaike (AIC)                    1303.898
          Bayesian (BIC)                  1327.921
          Sample-Size Adjusted BIC        1308.883
            (n* = (n + 2) / 24)



FINAL CLASS COUNTS AND PROPORTIONS FOR THE LATENT CLASSES
BASED ON THE ESTIMATED MODEL

    Latent
   Classes

       1        166.26108          0.41052
       2        156.01835          0.38523
       3         82.72057          0.20425


FINAL CLASS COUNTS AND PROPORTIONS FOR THE LATENT CLASSES
BASED ON ESTIMATED POSTERIOR PROBABILITIES

    Latent
   Classes

       1        166.00437          0.40989
       2        156.24386          0.38579
       3         82.75177          0.20433


FINAL CLASS COUNTS AND PROPORTIONS FOR THE LATENT CLASSES
BASED ON THEIR MOST LIKELY LATENT CLASS MEMBERSHIP

Class Counts and Proportions

    Latent
   Classes

       1              177          0.43704
       2              163          0.40247
       3               65          0.16049


CLASSIFICATION QUALITY

     Entropy                         0.421


Average Latent Class Probabilities for Most Likely Latent Class Membership (Row)
by Latent Class (Column)

           1        2        3

    1   0.793    0.126    0.081
    2   0.118    0.781    0.101
    3   0.100    0.103    0.798


Classification Probabilities for the Most Likely Latent Class Membership (Column)
by Latent Class (Row)

           1        2        3

    1   0.846    0.116    0.039
    2   0.142    0.815    0.043
    3   0.174    0.199    0.627


Logits for the Classification Probabilities for the Most Likely Latent Class Membership (Column)
by Latent Class (Row)

              1        2        3

    1      3.077    1.086    0.000
    2      1.201    2.947    0.000
    3     -1.280   -1.146    0.000


MODEL RESULTS

                                                    Two-Tailed
                    Estimate       S.E.  Est./S.E.    P-Value

Latent Class 1

 Means
    PSR_6              0.683      0.024     28.100      0.000
    N#1                3.075      0.000    999.000    999.000
    N#2                1.083      0.000    999.000    999.000

 Variances
    PSR_6              0.216      0.009     24.065      0.000

Latent Class 2

 Means
    PSR_6              0.683      0.024     28.100      0.000
    N#1                1.199      0.000    999.000    999.000
    N#2                2.945      0.000    999.000    999.000

 Variances
    PSR_6              0.216      0.009     24.065      0.000

Latent Class 3

 Means
    PSR_6              0.683      0.024     28.100      0.000
    N#1               -1.281      0.000    999.000    999.000
    N#2               -1.148      0.000    999.000    999.000

 Variances
    PSR_6              0.216      0.009     24.065      0.000

Categorical Latent Variables

 C#1        ON
    PSR_6              0.973      0.545      1.785      0.074

 C#2        ON
    PSR_6             -0.569      0.472     -1.205      0.228

 Intercepts
    C#1               -0.040      0.466     -0.086      0.931
    C#2                0.975      0.357      2.734      0.006


QUALITY OF NUMERICAL RESULTS

     Condition Number for the Information Matrix              0.387E-03
       (ratio of smallest to largest eigenvalue)


LOGISTIC REGRESSION ODDS RATIO RESULTS

                                                95% C.I.
                    Estimate       S.E.  Lower 2.5% Upper 2.5%

Categorical Latent Variables

 C#1      ON
    PSR_6              2.646      1.442      0.909      7.701

 C#2      ON
    PSR_6              0.566      0.267      0.224      1.429


ALTERNATIVE PARAMETERIZATIONS FOR THE CATEGORICAL LATENT VARIABLE REGRESSION

                                                    Two-Tailed
                    Estimate       S.E.  Est./S.E.    P-Value

Parameterization using Reference Class 1

 C#2      ON
    PSR_6             -1.542      0.443     -3.483      0.000

 C#3      ON
    PSR_6             -0.973      0.545     -1.785      0.074

 Intercepts
    C#2                1.015      0.376      2.701      0.007
    C#3                0.040      0.466      0.086      0.931

Parameterization using Reference Class 2

 C#1      ON
    PSR_6              1.542      0.443      3.483      0.000

 C#3      ON
    PSR_6              0.569      0.472      1.205      0.228

 Intercepts
    C#1               -1.015      0.376     -2.701      0.007
    C#3               -0.975      0.357     -2.734      0.006


ODDS RATIO FOR THE ALTERNATIVE PARAMETERIZATIONS FOR THE CATEGORICAL LATENT VARIABLE REGRESSION

                                                95% C.I.
                    Estimate       S.E.  Lower 2.5% Upper 2.5%

Parameterization using Reference Class 1

 C#2      ON
    PSR_6              0.214      0.095      0.090      0.510

 C#3      ON
    PSR_6              0.378      0.206      0.130      1.100

Parameterization using Reference Class 2

 C#1      ON
    PSR_6              4.673      2.068      1.962     11.127

 C#3      ON
    PSR_6              1.766      0.834      0.700      4.457


     Beginning Time:  18:59:29
        Ending Time:  18:59:29
       Elapsed Time:  00:00:00



MUTHEN & MUTHEN
3463 Stoner Ave.
Los Angeles, CA  90066

Tel: (310) 391-9971
Fax: (310) 391-8971
Web: www.StatModel.com
Support: Support@StatModel.com

Copyright (c) 1998-2021 Muthen & Muthen
