Mplus VERSION 8.6 (Mac)
MUTHEN & MUTHEN
01/23/2023   6:11 PM

INPUT INSTRUCTIONS

  TITLE:
  R3STEPm_gender;
  DATA:
  FILE = "/Users/olivierpercie/Desktop/MplusLGM/SANS/Results/R3STEP/R3STEPm_gender.dat";

  VARIABLE:
  NAMES = PIN I S Q CUB C_I C_S C_Q C_CUB CPROB1 CPROB2 CPROB3 N gender;
   MISSING=.;
   USEVAR = gender N;
  NOMINAL= N;
  CLASSES = c(3);
  ANALYSIS:

    TYPE = MIXTURE;
    ALGORITHM = INTEGRATION;
    INTEGRATION = MONTECARLO;
    STARTS = 0;
    PROCESSORS = 8;
  MODEL:
  %OVERALL%
  C on gender; gender;

  %C#1%
  [N#1@3.075];
  [N#2@1.083];

  %C#2%
  [N#1@1.199];
  [N#2@2.945];

  %C#3%
  [N#1@-1.281];
  [N#2@-1.148];
  OUTPUT:
  SAMPSTAT STANDARDIZED CINTERVAL;



INPUT READING TERMINATED NORMALLY




R3STEPm_gender;

SUMMARY OF ANALYSIS

Number of groups                                                 1
Number of observations                                         405

Number of dependent variables                                    1
Number of independent variables                                  1
Number of continuous latent variables                            0
Number of categorical latent variables                           1

Observed dependent variables

  Unordered categorical (nominal)
   N

Observed independent variables
   GENDER

Categorical latent variables
   C


Estimator                                                      MLR
Information matrix                                        OBSERVED
Optimization Specifications for the Quasi-Newton Algorithm for
Continuous Outcomes
  Maximum number of iterations                                 100
  Convergence criterion                                  0.100D-05
Optimization Specifications for the EM Algorithm
  Maximum number of iterations                                 500
  Convergence criteria
    Loglikelihood change                                 0.100D-02
    Relative loglikelihood change                        0.100D-05
    Derivative                                           0.100D-02
Optimization Specifications for the M step of the EM Algorithm for
Categorical Latent variables
  Number of M step iterations                                    1
  M step convergence criterion                           0.100D-02
  Basis for M step termination                           ITERATION
Optimization Specifications for the M step of the EM Algorithm for
Censored, Binary or Ordered Categorical (Ordinal), Unordered
Categorical (Nominal) and Count Outcomes
  Number of M step iterations                                    1
  M step convergence criterion                           0.100D-02
  Basis for M step termination                           ITERATION
  Maximum value for logit thresholds                            15
  Minimum value for logit thresholds                           -15
  Minimum expected cell size for chi-square              0.100D-01
Maximum number of iterations for H1                           2000
Convergence criterion for H1                             0.100D-03
Optimization algorithm                                         EMA
Integration Specifications
  Type                                                  MONTECARLO
  Number of integration points                                   1
  Dimensions of numerical integration                            0
  Adaptive quadrature                                           ON
  Monte Carlo integration seed                                   0
Cholesky                                                       OFF

Input data file(s)
  /Users/olivierpercie/Desktop/MplusLGM/SANS/Results/R3STEP/R3STEPm_gender.dat
Input data format  FREE


SUMMARY OF DATA

     Number of missing data patterns             1
     Number of y missing data patterns           1
     Number of u missing data patterns           0


COVARIANCE COVERAGE OF DATA

Minimum covariance coverage value   0.100


     PROPORTION OF DATA PRESENT FOR Y


           Covariance Coverage
              GENDER
              ________
 GENDER         1.000


UNIVARIATE PROPORTIONS AND COUNTS FOR CATEGORICAL VARIABLES

    N
      Category 1    0.437          177.000
      Category 2    0.402          163.000
      Category 3    0.160           65.000


SAMPLE STATISTICS


     ESTIMATED SAMPLE STATISTICS


           Means
              GENDER
              ________
                1.331


           Covariances
              GENDER
              ________
 GENDER         0.221


           Correlations
              GENDER
              ________
 GENDER         1.000


     MAXIMUM LOG-LIKELIHOOD VALUE FOR THE UNRESTRICTED (H1) MODEL IS -269.337


UNIVARIATE SAMPLE STATISTICS


     UNIVARIATE HIGHER-ORDER MOMENT DESCRIPTIVE STATISTICS

         Variable/         Mean/     Skewness/   Minimum/ % with                Percentiles
        Sample Size      Variance    Kurtosis    Maximum  Min/Max      20%/60%    40%/80%    Median

     GENDER                1.331       0.719       1.000   66.91%       1.000      1.000      1.000
             405.000       0.221      -1.483       2.000   33.09%       1.000      2.000

     THE STANDARD ERRORS OF THE MODEL PARAMETER ESTIMATES MAY NOT BE
     TRUSTWORTHY FOR SOME PARAMETERS DUE TO A NON-POSITIVE DEFINITE
     FIRST-ORDER DERIVATIVE PRODUCT MATRIX.  THIS MAY BE DUE TO THE STARTING
     VALUES BUT MAY ALSO BE AN INDICATION OF MODEL NONIDENTIFICATION.  THE
     CONDITION NUMBER IS       0.207D-14.  PROBLEM INVOLVING THE FOLLOWING PARAMETER:
     Parameter 2, %C#1%: GENDER (equality/label)


THE MODEL ESTIMATION TERMINATED NORMALLY



MODEL FIT INFORMATION

Number of Free Parameters                        6

Loglikelihood

          H0 Value                        -682.175
          H0 Scaling Correction Factor      0.8758
            for MLR

Information Criteria

          Akaike (AIC)                    1376.350
          Bayesian (BIC)                  1400.374
          Sample-Size Adjusted BIC        1381.335
            (n* = (n + 2) / 24)



FINAL CLASS COUNTS AND PROPORTIONS FOR THE LATENT CLASSES
BASED ON THE ESTIMATED MODEL

    Latent
   Classes

       1        165.96920          0.40980
       2        156.23422          0.38576
       3         82.79658          0.20444


FINAL CLASS COUNTS AND PROPORTIONS FOR THE LATENT CLASSES
BASED ON ESTIMATED POSTERIOR PROBABILITIES

    Latent
   Classes

       1        165.96923          0.40980
       2        156.23424          0.38576
       3         82.79653          0.20444


FINAL CLASS COUNTS AND PROPORTIONS FOR THE LATENT CLASSES
BASED ON THEIR MOST LIKELY LATENT CLASS MEMBERSHIP

Class Counts and Proportions

    Latent
   Classes

       1              177          0.43704
       2              163          0.40247
       3               65          0.16049


CLASSIFICATION QUALITY

     Entropy                         0.402


Average Latent Class Probabilities for Most Likely Latent Class Membership (Row)
by Latent Class (Column)

           1        2        3

    1   0.793    0.125    0.082
    2   0.118    0.781    0.101
    3   0.099    0.103    0.798


Classification Probabilities for the Most Likely Latent Class Membership (Column)
by Latent Class (Row)

           1        2        3

    1   0.846    0.115    0.039
    2   0.142    0.815    0.043
    3   0.174    0.199    0.626


Logits for the Classification Probabilities for the Most Likely Latent Class Membership (Column)
by Latent Class (Row)

              1        2        3

    1      3.078    1.086    0.000
    2      1.202    2.948    0.000
    3     -1.278   -1.145    0.000


MODEL RESULTS

                                                    Two-Tailed
                    Estimate       S.E.  Est./S.E.    P-Value

Latent Class 1

 Means
    GENDER             1.331      0.023     56.922      0.000
    N#1                3.075      0.000    999.000    999.000
    N#2                1.083      0.000    999.000    999.000

 Variances
    GENDER             0.221      0.008     27.993      0.000

Latent Class 2

 Means
    GENDER             1.331      0.023     56.922      0.000
    N#1                1.199      0.000    999.000    999.000
    N#2                2.945      0.000    999.000    999.000

 Variances
    GENDER             0.221      0.008     27.993      0.000

Latent Class 3

 Means
    GENDER             1.331      0.023     56.922      0.000
    N#1               -1.281      0.000    999.000    999.000
    N#2               -1.148      0.000    999.000    999.000

 Variances
    GENDER             0.221      0.008     27.993      0.000

Categorical Latent Variables

 C#1        ON
    GENDER             0.383      0.437      0.878      0.380

 C#2        ON
    GENDER            -0.062      0.469     -0.132      0.895

 Intercepts
    C#1                0.181      0.615      0.294      0.769
    C#2                0.715      0.639      1.119      0.263


QUALITY OF NUMERICAL RESULTS

     Condition Number for the Information Matrix              0.207E-14
       (ratio of smallest to largest eigenvalue)


LOGISTIC REGRESSION ODDS RATIO RESULTS

                                                95% C.I.
                    Estimate       S.E.  Lower 2.5% Upper 2.5%

Categorical Latent Variables

 C#1      ON
    GENDER             1.467      0.641      0.623      3.454

 C#2      ON
    GENDER             0.940      0.441      0.375      2.355


ALTERNATIVE PARAMETERIZATIONS FOR THE CATEGORICAL LATENT VARIABLE REGRESSION

                                                    Two-Tailed
                    Estimate       S.E.  Est./S.E.    P-Value

Parameterization using Reference Class 1

 C#2      ON
    GENDER            -0.445      0.350     -1.273      0.203

 C#3      ON
    GENDER            -0.383      0.437     -0.878      0.380

 Intercepts
    C#2                0.535      0.495      1.081      0.280
    C#3               -0.181      0.615     -0.294      0.769

Parameterization using Reference Class 2

 C#1      ON
    GENDER             0.445      0.350      1.273      0.203

 C#3      ON
    GENDER             0.062      0.469      0.132      0.895

 Intercepts
    C#1               -0.535      0.495     -1.081      0.280
    C#3               -0.715      0.639     -1.119      0.263


ODDS RATIO FOR THE ALTERNATIVE PARAMETERIZATIONS FOR THE CATEGORICAL LATENT VARIABLE REGRESSION

                                                95% C.I.
                    Estimate       S.E.  Lower 2.5% Upper 2.5%

Parameterization using Reference Class 1

 C#2      ON
    GENDER             0.641      0.224      0.323      1.272

 C#3      ON
    GENDER             0.682      0.298      0.290      1.605

Parameterization using Reference Class 2

 C#1      ON
    GENDER             1.561      0.546      0.786      3.100

 C#3      ON
    GENDER             1.064      0.499      0.425      2.667


STANDARDIZED MODEL RESULTS


STDYX Standardization

                                                    Two-Tailed
                    Estimate       S.E.  Est./S.E.    P-Value

Latent Class 1

 Means
    GENDER             2.828      0.001   3402.557      0.000
    N#1                3.075      0.000    999.000    999.000
    N#2                1.083      0.000    999.000    999.000

 Variances
    GENDER             1.000      0.000    999.000    999.000

Latent Class 2

 Means
    GENDER             2.828      0.001   3402.557      0.000
    N#1                1.199      0.000    999.000    999.000
    N#2                2.945      0.000    999.000    999.000

 Variances
    GENDER             1.000      0.000    999.000    999.000

Latent Class 3

 Means
    GENDER             2.828      0.001   3402.557      0.000
    N#1               -1.281      0.000    999.000    999.000
    N#2               -1.148      0.000    999.000    999.000

 Variances
    GENDER             1.000      0.000    999.000    999.000


STDY Standardization

                                                    Two-Tailed
                    Estimate       S.E.  Est./S.E.    P-Value

Latent Class 1

 Means
    GENDER             2.828      0.001   3402.557      0.000
    N#1                3.075      0.000    999.000    999.000
    N#2                1.083      0.000    999.000    999.000

 Variances
    GENDER             1.000      0.000    999.000    999.000

Latent Class 2

 Means
    GENDER             2.828      0.001   3402.557      0.000
    N#1                1.199      0.000    999.000    999.000
    N#2                2.945      0.000    999.000    999.000

 Variances
    GENDER             1.000      0.000    999.000    999.000

Latent Class 3

 Means
    GENDER             2.828      0.001   3402.557      0.000
    N#1               -1.281      0.000    999.000    999.000
    N#2               -1.148      0.000    999.000    999.000

 Variances
    GENDER             1.000      0.000    999.000    999.000


STD Standardization

                                                    Two-Tailed
                    Estimate       S.E.  Est./S.E.    P-Value

Latent Class 1

 Means
    GENDER             1.331      0.023     56.922      0.000
    N#1                3.075      0.000    999.000    999.000
    N#2                1.083      0.000    999.000    999.000

 Variances
    GENDER             0.221      0.008     27.993      0.000

Latent Class 2

 Means
    GENDER             1.331      0.023     56.922      0.000
    N#1                1.199      0.000    999.000    999.000
    N#2                2.945      0.000    999.000    999.000

 Variances
    GENDER             0.221      0.008     27.993      0.000

Latent Class 3

 Means
    GENDER             1.331      0.023     56.922      0.000
    N#1               -1.281      0.000    999.000    999.000
    N#2               -1.148      0.000    999.000    999.000

 Variances
    GENDER             0.221      0.008     27.993      0.000


CONFIDENCE INTERVALS OF MODEL RESULTS

                  Lower .5%  Lower 2.5%    Lower 5%    Estimate    Upper 5%  Upper 2.5%   Upper .5%

Latent Class 1

 Means
    GENDER           1.271       1.285       1.292       1.331       1.369       1.377       1.391
    N#1              3.075       3.075       3.075       3.075       3.075       3.075       3.075
    N#2              1.083       1.083       1.083       1.083       1.083       1.083       1.083

 Variances
    GENDER           0.201       0.206       0.208       0.221       0.234       0.237       0.242

Latent Class 2

 Means
    GENDER           1.271       1.285       1.292       1.331       1.369       1.377       1.391
    N#1              1.199       1.199       1.199       1.199       1.199       1.199       1.199
    N#2              2.945       2.945       2.945       2.945       2.945       2.945       2.945

 Variances
    GENDER           0.201       0.206       0.208       0.221       0.234       0.237       0.242

Latent Class 3

 Means
    GENDER           1.271       1.285       1.292       1.331       1.369       1.377       1.391
    N#1             -1.281      -1.281      -1.281      -1.281      -1.281      -1.281      -1.281
    N#2             -1.148      -1.148      -1.148      -1.148      -1.148      -1.148      -1.148

 Variances
    GENDER           0.201       0.206       0.208       0.221       0.234       0.237       0.242

Categorical Latent Variables

 C#1      ON
    GENDER          -0.742      -0.473      -0.335       0.383       1.102       1.240       1.509

 C#2      ON
    GENDER          -1.270      -0.981      -0.833      -0.062       0.709       0.857       1.145

 Intercepts
    C#1             -1.403      -1.025      -0.831       0.181       1.192       1.386       1.765
    C#2             -0.932      -0.538      -0.337       0.715       1.767       1.969       2.362


CONFIDENCE INTERVALS FOR THE LOGISTIC REGRESSION ODDS RATIO RESULTS

Categorical Latent Variables

 C#1      ON
    GENDER           0.476       0.623       0.715       1.467       3.010       3.454       4.520

 C#2      ON
    GENDER           0.281       0.375       0.435       0.940       2.032       2.355       3.144


CONFIDENCE INTERVALS FOR THE ALTERNATIVE PARAMETERIZATIONS FOR THE CATEGORICAL LATENT VARIABLE REGRESSION

Parameterization using Reference Class 1

 C#2      ON
    GENDER          -1.347      -1.132      -1.021      -0.445       0.130       0.241       0.456

 C#3      ON
    GENDER          -1.509      -1.240      -1.102      -0.383       0.335       0.473       0.742

 Intercepts
    C#2             -0.739      -0.435      -0.279       0.535       1.348       1.504       1.809
    C#3             -1.765      -1.386      -1.192      -0.181       0.831       1.025       1.403

Parameterization using Reference Class 2

 C#1      ON
    GENDER          -0.456      -0.241      -0.130       0.445       1.021       1.132       1.347

 C#3      ON
    GENDER          -1.145      -0.857      -0.709       0.062       0.833       0.981       1.270

 Intercepts
    C#1             -1.809      -1.504      -1.348      -0.535       0.279       0.435       0.739
    C#3             -2.362      -1.969      -1.767      -0.715       0.337       0.538       0.932


CONFIDENCE INTERVALS FOR THE ODDS RATIO FOR THE ALTERNATIVE PARAMETERIZATIONS FOR THE
CATEGORICAL LATENT VARIABLE REGRESSION

Parameterization using Reference Class 1

 C#2      ON
    GENDER           0.260       0.323       0.360       0.641       1.139       1.272       1.578

 C#3      ON
    GENDER           0.221       0.290       0.332       0.682       1.398       1.605       2.100

Parameterization using Reference Class 2

 C#1      ON
    GENDER           0.634       0.786       0.878       1.561       2.777       3.100       3.846

 C#3      ON
    GENDER           0.318       0.425       0.492       1.064       2.301       2.667       3.559


CONFIDENCE INTERVALS OF STANDARDIZED MODEL RESULTS


STDYX Standardization

                  Lower .5%  Lower 2.5%    Lower 5%    Estimate    Upper 5%  Upper 2.5%   Upper .5%

Latent Class 1

 Means
    GENDER           2.826       2.827       2.827       2.828       2.830       2.830       2.831
    N#1              3.075       3.075       3.075       3.075       3.075       3.075       3.075
    N#2              1.083       1.083       1.083       1.083       1.083       1.083       1.083

 Variances
    GENDER           1.000       1.000       1.000       1.000       1.000       1.000       1.000

Latent Class 2

 Means
    GENDER           2.826       2.827       2.827       2.828       2.830       2.830       2.831
    N#1              1.199       1.199       1.199       1.199       1.199       1.199       1.199
    N#2              2.945       2.945       2.945       2.945       2.945       2.945       2.945

 Variances
    GENDER           1.000       1.000       1.000       1.000       1.000       1.000       1.000

Latent Class 3

 Means
    GENDER           2.826       2.827       2.827       2.828       2.830       2.830       2.831
    N#1             -1.281      -1.281      -1.281      -1.281      -1.281      -1.281      -1.281
    N#2             -1.148      -1.148      -1.148      -1.148      -1.148      -1.148      -1.148

 Variances
    GENDER           1.000       1.000       1.000       1.000       1.000       1.000       1.000


STDY Standardization

                  Lower .5%  Lower 2.5%    Lower 5%    Estimate    Upper 5%  Upper 2.5%   Upper .5%

Latent Class 1

 Means
    GENDER           2.826       2.827       2.827       2.828       2.830       2.830       2.831
    N#1              3.075       3.075       3.075       3.075       3.075       3.075       3.075
    N#2              1.083       1.083       1.083       1.083       1.083       1.083       1.083

 Variances
    GENDER           1.000       1.000       1.000       1.000       1.000       1.000       1.000

Latent Class 2

 Means
    GENDER           2.826       2.827       2.827       2.828       2.830       2.830       2.831
    N#1              1.199       1.199       1.199       1.199       1.199       1.199       1.199
    N#2              2.945       2.945       2.945       2.945       2.945       2.945       2.945

 Variances
    GENDER           1.000       1.000       1.000       1.000       1.000       1.000       1.000

Latent Class 3

 Means
    GENDER           2.826       2.827       2.827       2.828       2.830       2.830       2.831
    N#1             -1.281      -1.281      -1.281      -1.281      -1.281      -1.281      -1.281
    N#2             -1.148      -1.148      -1.148      -1.148      -1.148      -1.148      -1.148

 Variances
    GENDER           1.000       1.000       1.000       1.000       1.000       1.000       1.000


STD Standardization

                  Lower .5%  Lower 2.5%    Lower 5%    Estimate    Upper 5%  Upper 2.5%   Upper .5%

Latent Class 1

 Means
    GENDER           1.271       1.285       1.292       1.331       1.369       1.377       1.391
    N#1              3.075       3.075       3.075       3.075       3.075       3.075       3.075
    N#2              1.083       1.083       1.083       1.083       1.083       1.083       1.083

 Variances
    GENDER           0.201       0.206       0.208       0.221       0.234       0.237       0.242

Latent Class 2

 Means
    GENDER           1.271       1.285       1.292       1.331       1.369       1.377       1.391
    N#1              1.199       1.199       1.199       1.199       1.199       1.199       1.199
    N#2              2.945       2.945       2.945       2.945       2.945       2.945       2.945

 Variances
    GENDER           0.201       0.206       0.208       0.221       0.234       0.237       0.242

Latent Class 3

 Means
    GENDER           1.271       1.285       1.292       1.331       1.369       1.377       1.391
    N#1             -1.281      -1.281      -1.281      -1.281      -1.281      -1.281      -1.281
    N#2             -1.148      -1.148      -1.148      -1.148      -1.148      -1.148      -1.148

 Variances
    GENDER           0.201       0.206       0.208       0.221       0.234       0.237       0.242


TECHNICAL 1 OUTPUT


     PARAMETER SPECIFICATION FOR LATENT CLASS 1


           NU
              N#1           N#2           GENDER
              ________      ________      ________
                    0             0             0


           LAMBDA
              GENDER
              ________
 N#1                0
 N#2                0
 GENDER             0


           THETA
              N#1           N#2           GENDER
              ________      ________      ________
 N#1                0
 N#2                0             0
 GENDER             0             0             0


           ALPHA
              GENDER
              ________
                    1


           BETA
              GENDER
              ________
 GENDER             0


           PSI
              GENDER
              ________
 GENDER             2


     PARAMETER SPECIFICATION FOR LATENT CLASS 2


           NU
              N#1           N#2           GENDER
              ________      ________      ________
                    0             0             0


           LAMBDA
              GENDER
              ________
 N#1                0
 N#2                0
 GENDER             0


           THETA
              N#1           N#2           GENDER
              ________      ________      ________
 N#1                0
 N#2                0             0
 GENDER             0             0             0


           ALPHA
              GENDER
              ________
                    1


           BETA
              GENDER
              ________
 GENDER             0


           PSI
              GENDER
              ________
 GENDER             2


     PARAMETER SPECIFICATION FOR LATENT CLASS 3


           NU
              N#1           N#2           GENDER
              ________      ________      ________
                    0             0             0


           LAMBDA
              GENDER
              ________
 N#1                0
 N#2                0
 GENDER             0


           THETA
              N#1           N#2           GENDER
              ________      ________      ________
 N#1                0
 N#2                0             0
 GENDER             0             0             0


           ALPHA
              GENDER
              ________
                    1


           BETA
              GENDER
              ________
 GENDER             0


           PSI
              GENDER
              ________
 GENDER             2


     PARAMETER SPECIFICATION FOR LATENT CLASS REGRESSION MODEL PART


           ALPHA(C)
              C#1           C#2           C#3
              ________      ________      ________
                    3             4             0


           GAMMA(C)
              GENDER
              ________
 C#1                5
 C#2                6
 C#3                0


     STARTING VALUES FOR LATENT CLASS 1


           NU
              N#1           N#2           GENDER
              ________      ________      ________
                3.075         1.083         0.000


           LAMBDA
              GENDER
              ________
 N#1            0.000
 N#2            0.000
 GENDER         1.000


           THETA
              N#1           N#2           GENDER
              ________      ________      ________
 N#1            0.000
 N#2            0.000         0.000
 GENDER         0.000         0.000         0.000


           ALPHA
              GENDER
              ________
                1.331


           BETA
              GENDER
              ________
 GENDER         0.000


           PSI
              GENDER
              ________
 GENDER         0.111


     STARTING VALUES FOR LATENT CLASS 2


           NU
              N#1           N#2           GENDER
              ________      ________      ________
                1.199         2.945         0.000


           LAMBDA
              GENDER
              ________
 N#1            0.000
 N#2            0.000
 GENDER         1.000


           THETA
              N#1           N#2           GENDER
              ________      ________      ________
 N#1            0.000
 N#2            0.000         0.000
 GENDER         0.000         0.000         0.000


           ALPHA
              GENDER
              ________
                1.331


           BETA
              GENDER
              ________
 GENDER         0.000


           PSI
              GENDER
              ________
 GENDER         0.111


     STARTING VALUES FOR LATENT CLASS 3


           NU
              N#1           N#2           GENDER
              ________      ________      ________
               -1.281        -1.148         0.000


           LAMBDA
              GENDER
              ________
 N#1            0.000
 N#2            0.000
 GENDER         1.000


           THETA
              N#1           N#2           GENDER
              ________      ________      ________
 N#1            0.000
 N#2            0.000         0.000
 GENDER         0.000         0.000         0.000


           ALPHA
              GENDER
              ________
                1.331


           BETA
              GENDER
              ________
 GENDER         0.000


           PSI
              GENDER
              ________
 GENDER         0.111


     STARTING VALUES FOR LATENT CLASS REGRESSION MODEL PART


           ALPHA(C)
              C#1           C#2           C#3
              ________      ________      ________
                0.000         0.000         0.000


           GAMMA(C)
              GENDER
              ________
 C#1            0.000
 C#2            0.000
 C#3            0.000


     Beginning Time:  18:11:09
        Ending Time:  18:11:09
       Elapsed Time:  00:00:00



MUTHEN & MUTHEN
3463 Stoner Ave.
Los Angeles, CA  90066

Tel: (310) 391-9971
Fax: (310) 391-8971
Web: www.StatModel.com
Support: Support@StatModel.com

Copyright (c) 1998-2021 Muthen & Muthen
