Mplus VERSION 8.6 (Mac)
MUTHEN & MUTHEN
06/06/2022   6:58 PM

INPUT INSTRUCTIONS

  TITLE:
  R3STEPm_SANS_12;
  DATA:
  FILE = "/Users/olivierpercie/Desktop/MplusLGM/SANS/Results/R3STEP/R3STEPm_SANS_12.dat";

  VARIABLE:
  NAMES = PIN SANS_0 SANS_1 SANS_2 SANS_3 SANS_6 SANS_9 SANS_12_x SANS_18 SANS_24 I S
       Q CUB C_I C_S C_Q C_CUB CPROB1 CPROB2 CPROB3 N SANS_12_y;
   MISSING=.;
   USEVAR = SANS_12 N;
  NOMINAL= N;
  CLASSES = c(3);
  ANALYSIS:

    TYPE = MIXTURE;
    ALGORITHM=INTEGRATION;
    INTEGRATION=MONTECARLO;
    STARTS = 0;
    PROCESSORS = 8;
  MODEL:
  %OVERALL%
  C on SANS_12; SANS_12;

  %C#1%
  [N#1@3.075];
  [N#2@1.083];

  %C#2%
  [N#1@1.199];
  [N#2@2.945];

  %C#3%
  [N#1@-1.281];
  [N#2@-1.148];

*** ERROR in VARIABLE command
  On the USEVARIABLES list, variables from the NAMES list must come before
  all new variables created using the DEFINE command.  The variables(s)
  violating this order are:  SANS_12


MUTHEN & MUTHEN
3463 Stoner Ave.
Los Angeles, CA  90066

Tel: (310) 391-9971
Fax: (310) 391-8971
Web: www.StatModel.com
Support: Support@StatModel.com

Copyright (c) 1998-2021 Muthen & Muthen
