Mplus VERSION 8.6 (Mac)
MUTHEN & MUTHEN
05/30/2022   4:38 PM

INPUT INSTRUCTIONS

  TITLE:
  R3STEPm_YMRS_18;
  DATA:
  FILE = "/Users/olivierpercie/Desktop/MplusLGM/SANS/Results/R3STEP/R3STEPm_YMRS_18.dat";

  VARIABLE:
  NAMES = PIN SANS_0 SANS_1 SANS_2 SANS_3 SANS_6 SANS_9 SANS_12 SANS_18 SANS_24 I S Q
       CUB C_I C_S C_Q C_CUB CPROB1 CPROB2 CPROB3 N YMRS_18;
   MISSING=.;
   USEVAR = YMRS_18 N;
  NOMINAL= N;
  CLASSES = c(3);
  ANALYSIS:

    TYPE = MIXTURE;
    ALGORITHM=INTEGRATION;
    INTEGRATION=MONTECARLO;
    STARTS = 0;
    PROCESSORS = 8;
  MODEL:
  %OVERALL%
  C on YMRS_18; YMRS_18;

  %C#1%
  [N#1@3.075];
  [N#2@1.083];

  %C#2%
  [N#1@1.199];
  [N#2@2.945];

  %C#3%
  [N#1@-1.281];
  [N#2@-1.148];



INPUT READING TERMINATED NORMALLY




R3STEPm_YMRS_18;

SUMMARY OF ANALYSIS

Number of groups                                                 1
Number of observations                                         405

Number of dependent variables                                    1
Number of independent variables                                  1
Number of continuous latent variables                            0
Number of categorical latent variables                           1

Observed dependent variables

  Unordered categorical (nominal)
   N

Observed independent variables
   YMRS_18

Categorical latent variables
   C


Estimator                                                      MLR
Information matrix                                        OBSERVED
Optimization Specifications for the Quasi-Newton Algorithm for
Continuous Outcomes
  Maximum number of iterations                                 100
  Convergence criterion                                  0.100D-05
Optimization Specifications for the EM Algorithm
  Maximum number of iterations                                 500
  Convergence criteria
    Loglikelihood change                                 0.100D-02
    Relative loglikelihood change                        0.100D-05
    Derivative                                           0.100D-02
Optimization Specifications for the M step of the EM Algorithm for
Categorical Latent variables
  Number of M step iterations                                    1
  M step convergence criterion                           0.100D-02
  Basis for M step termination                           ITERATION
Optimization Specifications for the M step of the EM Algorithm for
Censored, Binary or Ordered Categorical (Ordinal), Unordered
Categorical (Nominal) and Count Outcomes
  Number of M step iterations                                    1
  M step convergence criterion                           0.100D-02
  Basis for M step termination                           ITERATION
  Maximum value for logit thresholds                            15
  Minimum value for logit thresholds                           -15
  Minimum expected cell size for chi-square              0.100D-01
Maximum number of iterations for H1                           2000
Convergence criterion for H1                             0.100D-03
Optimization algorithm                                         EMA
Integration Specifications
  Type                                                  MONTECARLO
  Number of integration points                                 250
  Dimensions of numerical integration                            1
  Adaptive quadrature                                           ON
  Monte Carlo integration seed                                   0
Cholesky                                                       OFF

Input data file(s)
  /Users/olivierpercie/Desktop/MplusLGM/SANS/Results/R3STEP/R3STEPm_YMRS_18.dat
Input data format  FREE


SUMMARY OF DATA

     Number of missing data patterns             2
     Number of y missing data patterns           2
     Number of u missing data patterns           0


COVARIANCE COVERAGE OF DATA

Minimum covariance coverage value   0.100


     PROPORTION OF DATA PRESENT FOR Y


           Covariance Coverage
              YMRS_18
              ________
 YMRS_18        0.244


UNIVARIATE PROPORTIONS AND COUNTS FOR CATEGORICAL VARIABLES

    N
      Category 1    0.437          177.000
      Category 2    0.402          163.000
      Category 3    0.160           65.000



UNIVARIATE SAMPLE STATISTICS


     UNIVARIATE HIGHER-ORDER MOMENT DESCRIPTIVE STATISTICS

         Variable/         Mean/     Skewness/   Minimum/ % with                Percentiles
        Sample Size      Variance    Kurtosis    Maximum  Min/Max      20%/60%    40%/80%    Median

     YMRS_18               5.444       2.341       0.000   34.34%       0.000      1.000      2.000
              99.000      62.974       6.390      44.000    1.01%       3.000      9.000


THE MODEL ESTIMATION TERMINATED NORMALLY



MODEL FIT INFORMATION

Number of Free Parameters                        6

Loglikelihood

          H0 Value                        -757.017
          H0 Scaling Correction Factor      1.5481
            for MLR

Information Criteria

          Akaike (AIC)                    1526.035
          Bayesian (BIC)                  1550.058
          Sample-Size Adjusted BIC        1531.019
            (n* = (n + 2) / 24)



FINAL CLASS COUNTS AND PROPORTIONS FOR THE LATENT CLASSES
BASED ON THE ESTIMATED MODEL

    Latent
   Classes

       1        165.51735          0.40868
       2        156.41514          0.38621
       3         83.06752          0.20510


FINAL CLASS COUNTS AND PROPORTIONS FOR THE LATENT CLASSES
BASED ON ESTIMATED POSTERIOR PROBABILITIES

    Latent
   Classes

       1        165.29145          0.40813
       2        156.53836          0.38651
       3         83.17019          0.20536


FINAL CLASS COUNTS AND PROPORTIONS FOR THE LATENT CLASSES
BASED ON THEIR MOST LIKELY LATENT CLASS MEMBERSHIP

Class Counts and Proportions

    Latent
   Classes

       1              175          0.43210
       2              164          0.40494
       3               66          0.16296


CLASSIFICATION QUALITY

     Entropy                         0.407


Average Latent Class Probabilities for Most Likely Latent Class Membership (Row)
by Latent Class (Column)

           1        2        3

    1   0.796    0.124    0.080
    2   0.119    0.779    0.102
    3   0.098    0.108    0.794


Classification Probabilities for the Most Likely Latent Class Membership (Column)
by Latent Class (Row)

           1        2        3

    1   0.843    0.118    0.039
    2   0.139    0.816    0.045
    3   0.168    0.202    0.630


Logits for the Classification Probabilities for the Most Likely Latent Class Membership (Column)
by Latent Class (Row)

              1        2        3

    1      3.073    1.104    0.000
    2      1.114    2.887    0.000
    3     -1.325   -1.138    0.000


MODEL RESULTS

                                                    Two-Tailed
                    Estimate       S.E.  Est./S.E.    P-Value

Latent Class 1

 Means
    YMRS_18            5.665      0.793      7.147      0.000
    N#1                3.075      0.000    999.000    999.000
    N#2                1.083      0.000    999.000    999.000

 Variances
    YMRS_18           63.194     17.387      3.635      0.000

Latent Class 2

 Means
    YMRS_18            5.665      0.793      7.147      0.000
    N#1                1.199      0.000    999.000    999.000
    N#2                2.945      0.000    999.000    999.000

 Variances
    YMRS_18           63.194     17.387      3.635      0.000

Latent Class 3

 Means
    YMRS_18            5.665      0.793      7.147      0.000
    N#1               -1.281      0.000    999.000    999.000
    N#2               -1.148      0.000    999.000    999.000

 Variances
    YMRS_18           63.194     17.387      3.635      0.000

Categorical Latent Variables

 C#1        ON
    YMRS_18           -0.132      0.107     -1.229      0.219

 C#2        ON
    YMRS_18           -0.021      0.037     -0.574      0.566

 Intercepts
    C#1                1.390      0.510      2.728      0.006
    C#2                0.808      0.378      2.134      0.033


QUALITY OF NUMERICAL RESULTS

     Condition Number for the Information Matrix              0.790E-03
       (ratio of smallest to largest eigenvalue)


LOGISTIC REGRESSION ODDS RATIO RESULTS

                                                95% C.I.
                    Estimate       S.E.  Lower 2.5% Upper 2.5%

Categorical Latent Variables

 C#1      ON
    YMRS_18            0.876      0.094      0.710      1.082

 C#2      ON
    YMRS_18            0.979      0.036      0.911      1.052


ALTERNATIVE PARAMETERIZATIONS FOR THE CATEGORICAL LATENT VARIABLE REGRESSION

                                                    Two-Tailed
                    Estimate       S.E.  Est./S.E.    P-Value

Parameterization using Reference Class 1

 C#2      ON
    YMRS_18            0.111      0.115      0.967      0.333

 C#3      ON
    YMRS_18            0.132      0.107      1.229      0.219

 Intercepts
    C#2               -0.583      0.524     -1.112      0.266
    C#3               -1.390      0.510     -2.728      0.006

Parameterization using Reference Class 2

 C#1      ON
    YMRS_18           -0.111      0.115     -0.967      0.333

 C#3      ON
    YMRS_18            0.021      0.037      0.574      0.566

 Intercepts
    C#1                0.583      0.524      1.112      0.266
    C#3               -0.808      0.378     -2.134      0.033


ODDS RATIO FOR THE ALTERNATIVE PARAMETERIZATIONS FOR THE CATEGORICAL LATENT VARIABLE REGRESSION

                                                95% C.I.
                    Estimate       S.E.  Lower 2.5% Upper 2.5%

Parameterization using Reference Class 1

 C#2      ON
    YMRS_18            1.117      0.128      0.893      1.399

 C#3      ON
    YMRS_18            1.141      0.123      0.925      1.409

Parameterization using Reference Class 2

 C#1      ON
    YMRS_18            0.895      0.103      0.715      1.120

 C#3      ON
    YMRS_18            1.021      0.038      0.950      1.098


     Beginning Time:  16:38:13
        Ending Time:  16:38:16
       Elapsed Time:  00:00:03



MUTHEN & MUTHEN
3463 Stoner Ave.
Los Angeles, CA  90066

Tel: (310) 391-9971
Fax: (310) 391-8971
Web: www.StatModel.com
Support: Support@StatModel.com

Copyright (c) 1998-2021 Muthen & Muthen
