Mplus VERSION 8.6 (Mac)
MUTHEN & MUTHEN
05/07/2024  11:27 AM

INPUT INSTRUCTIONS

  TITLE:
  GMM_CI_isq@0cub@0_C_332_331 - R3STEP_SANS_0;
  DATA:
  FILE = "/Users/olivierpercie/Desktop/LGM/SANS/Results/R3STEP/SANS_0_R3STEP.dat";

  VARIABLE:
  NAMES = PIN SANS_0 SANS_1 SANS_2 SANS_3 SANS_6 SANS_9 SANS_12 SANS_18 SANS_24 I S Q
       CUB C_I C_S C_Q C_CUB CPROB1 CPROB2 CPROB3 N;
   MISSING=.;
   USEVAR = N SANS_0;
  NOMINAL = N;
  CLASSES = c(3);
  ANALYSIS:
  TYPE = MIXTURE;
  ALGORITHM = INTEGRATION;
  INTEGRATION = MONTECARLO;
  STARTS = 0 0;
  PROCESSORS = 8;
  MODEL:
  %OVERALL%
  C ON SANS_0;
  SANS_0;
  %C#1%
  [N#1@0.806];
  [N#2@-0.173];
  %C#2%
  [N#1@-1.455];
  [N#2@1.406];
  %C#3%
  [N#1@-2.938];
  [N#2@-1.577];
  OUTPUT:
  SAMPSTAT;
  STANDARDIZED;
  CINTERVAL;
  TECH7;
  TECH12;



*** WARNING
  Data set contains cases with missing on all variables.
  These cases were not included in the analysis.
  Number of cases with missing on all variables:  10
   1 WARNING(S) FOUND IN THE INPUT INSTRUCTIONS




GMM_CI_isq@0cub@0_C_332_331 - R3STEP_SANS_0;

SUMMARY OF ANALYSIS

Number of groups                                                 1
Number of observations                                         679

Number of dependent variables                                    1
Number of independent variables                                  1
Number of continuous latent variables                            0
Number of categorical latent variables                           1

Observed dependent variables

  Unordered categorical (nominal)
   N

Observed independent variables
   SANS_0

Categorical latent variables
   C


Estimator                                                      MLR
Information matrix                                        OBSERVED
Optimization Specifications for the Quasi-Newton Algorithm for
Continuous Outcomes
  Maximum number of iterations                                 100
  Convergence criterion                                  0.100D-05
Optimization Specifications for the EM Algorithm
  Maximum number of iterations                                 500
  Convergence criteria
    Loglikelihood change                                 0.100D-02
    Relative loglikelihood change                        0.100D-05
    Derivative                                           0.100D-02
Optimization Specifications for the M step of the EM Algorithm for
Categorical Latent variables
  Number of M step iterations                                    1
  M step convergence criterion                           0.100D-02
  Basis for M step termination                           ITERATION
Optimization Specifications for the M step of the EM Algorithm for
Censored, Binary or Ordered Categorical (Ordinal), Unordered
Categorical (Nominal) and Count Outcomes
  Number of M step iterations                                    1
  M step convergence criterion                           0.100D-02
  Basis for M step termination                           ITERATION
  Maximum value for logit thresholds                            15
  Minimum value for logit thresholds                           -15
  Minimum expected cell size for chi-square              0.100D-01
Maximum number of iterations for H1                           2000
Convergence criterion for H1                             0.100D-03
Optimization algorithm                                         EMA
Integration Specifications
  Type                                                  MONTECARLO
  Number of integration points                                 250
  Dimensions of numerical integration                            1
  Adaptive quadrature                                           ON
  Monte Carlo integration seed                                   0
Cholesky                                                       OFF

Input data file(s)
  /Users/olivierpercie/Desktop/LGM/SANS/Results/R3STEP/SANS_0_R3STEP.dat
Input data format  FREE


SUMMARY OF DATA

     Number of missing data patterns             2
     Number of y missing data patterns           2
     Number of u missing data patterns           0


COVARIANCE COVERAGE OF DATA

Minimum covariance coverage value   0.100


     PROPORTION OF DATA PRESENT FOR Y


           Covariance Coverage
              SANS_0
              ________
 SANS_0         0.993


UNIVARIATE PROPORTIONS AND COUNTS FOR CATEGORICAL VARIABLES

    N
      Category 1    0.153          104.000
      Category 2    0.408          277.000
      Category 3    0.439          298.000


SAMPLE STATISTICS


     ESTIMATED SAMPLE STATISTICS


           Means
              SANS_0
              ________
                9.908


           Covariances
              SANS_0
              ________
 SANS_0        14.677


           Correlations
              SANS_0
              ________
 SANS_0         1.000


     MAXIMUM LOG-LIKELIHOOD VALUE FOR THE UNRESTRICTED (H1) MODEL IS -1861.641


UNIVARIATE SAMPLE STATISTICS


     UNIVARIATE HIGHER-ORDER MOMENT DESCRIPTIVE STATISTICS

         Variable/         Mean/     Skewness/   Minimum/ % with                Percentiles
        Sample Size      Variance    Kurtosis    Maximum  Min/Max      20%/60%    40%/80%    Median

     SANS_0                9.908      -0.071       0.000    0.59%       6.000      9.000     10.000
             674.000      14.677      -0.475      19.000    0.15%      11.000     13.000


THE MODEL ESTIMATION TERMINATED NORMALLY



MODEL FIT INFORMATION

Number of Free Parameters                        6

Loglikelihood

          H0 Value                       -2545.475
          H0 Scaling Correction Factor      0.9953
            for MLR

Information Criteria

          Akaike (AIC)                    5102.950
          Bayesian (BIC)                  5130.074
          Sample-Size Adjusted BIC        5111.023
            (n* = (n + 2) / 24)



FINAL CLASS COUNTS AND PROPORTIONS FOR THE LATENT CLASSES
BASED ON THE ESTIMATED MODEL

    Latent
   Classes

       1        147.79367          0.21766
       2        264.25138          0.38918
       3        266.95495          0.39316


FINAL CLASS COUNTS AND PROPORTIONS FOR THE LATENT CLASSES
BASED ON ESTIMATED POSTERIOR PROBABILITIES

    Latent
   Classes

       1        147.79196          0.21766
       2        264.27507          0.38921
       3        266.93297          0.39313


FINAL CLASS COUNTS AND PROPORTIONS FOR THE LATENT CLASSES
BASED ON THEIR MOST LIKELY LATENT CLASS MEMBERSHIP

Class Counts and Proportions

    Latent
   Classes

       1              104          0.15317
       2              277          0.40795
       3              298          0.43888


CLASSIFICATION QUALITY

     Entropy                         0.317


Average Latent Class Probabilities for Most Likely Latent Class Membership (Row)
by Latent Class (Column)

           1        2        3

    1   0.779    0.112    0.108
    2   0.110    0.733    0.157
    3   0.122    0.166    0.712


Classification Probabilities for the Most Likely Latent Class Membership (Column)
by Latent Class (Row)

           1        2        3

    1   0.548    0.206    0.245
    2   0.044    0.768    0.188
    3   0.042    0.163    0.795


Logits for the Classification Probabilities for the Most Likely Latent Class Membership (Column)
by Latent Class (Row)

              1        2        3

    1      0.804   -0.175    0.000
    2     -1.446    1.410    0.000
    3     -2.936   -1.584    0.000


MODEL RESULTS

                                                    Two-Tailed
                    Estimate       S.E.  Est./S.E.    P-Value

Latent Class 1

 Means
    SANS_0             9.909      0.148     67.101      0.000
    N#1                0.806      0.000    999.000    999.000
    N#2               -0.173      0.000    999.000    999.000

 Variances
    SANS_0            14.686      0.700     20.989      0.000

Latent Class 2

 Means
    SANS_0             9.909      0.148     67.101      0.000
    N#1               -1.455      0.000    999.000    999.000
    N#2                1.406      0.000    999.000    999.000

 Variances
    SANS_0            14.686      0.700     20.989      0.000

Latent Class 3

 Means
    SANS_0             9.909      0.148     67.101      0.000
    N#1               -2.938      0.000    999.000    999.000
    N#2               -1.577      0.000    999.000    999.000

 Variances
    SANS_0            14.686      0.700     20.989      0.000

Categorical Latent Variables

 C#1        ON
    SANS_0             0.052      0.055      0.944      0.345

 C#2        ON
    SANS_0             0.125      0.041      3.076      0.002

 Intercepts
    C#1               -1.081      0.552     -1.957      0.050
    C#2               -1.255      0.432     -2.907      0.004


QUALITY OF NUMERICAL RESULTS

     Condition Number for the Information Matrix              0.396E-03
       (ratio of smallest to largest eigenvalue)


LOGISTIC REGRESSION ODDS RATIO RESULTS

                                                95% C.I.
                    Estimate       S.E.  Lower 2.5% Upper 2.5%

Categorical Latent Variables

 C#1      ON
    SANS_0             1.053      0.058      0.946      1.173

 C#2      ON
    SANS_0             1.133      0.046      1.046      1.227


ALTERNATIVE PARAMETERIZATIONS FOR THE CATEGORICAL LATENT VARIABLE REGRESSION

                                                    Two-Tailed
                    Estimate       S.E.  Est./S.E.    P-Value

Parameterization using Reference Class 1

 C#2      ON
    SANS_0             0.073      0.053      1.388      0.165

 C#3      ON
    SANS_0            -0.052      0.055     -0.944      0.345

 Intercepts
    C#2               -0.174      0.562     -0.310      0.756
    C#3                1.081      0.552      1.957      0.050

Parameterization using Reference Class 2

 C#1      ON
    SANS_0            -0.073      0.053     -1.388      0.165

 C#3      ON
    SANS_0            -0.125      0.041     -3.076      0.002

 Intercepts
    C#1                0.174      0.562      0.310      0.756
    C#3                1.255      0.432      2.907      0.004


ODDS RATIO FOR THE ALTERNATIVE PARAMETERIZATIONS FOR THE CATEGORICAL LATENT VARIABLE REGRESSION

                                                95% C.I.
                    Estimate       S.E.  Lower 2.5% Upper 2.5%

Parameterization using Reference Class 1

 C#2      ON
    SANS_0             1.076      0.057      0.970      1.193

 C#3      ON
    SANS_0             0.949      0.052      0.852      1.057

Parameterization using Reference Class 2

 C#1      ON
    SANS_0             0.929      0.049      0.838      1.031

 C#3      ON
    SANS_0             0.882      0.036      0.815      0.956


STANDARDIZED MODEL RESULTS


STDYX Standardization

                                                    Two-Tailed
                    Estimate       S.E.  Est./S.E.    P-Value

Latent Class 1

 Means
    SANS_0             2.586      0.075     34.689      0.000
    N#1                0.806      0.000    999.000    999.000
    N#2               -0.173      0.000    999.000    999.000

 Variances
    SANS_0             1.000      0.000    999.000    999.000

Latent Class 2

 Means
    SANS_0             2.586      0.075     34.689      0.000
    N#1               -1.455      0.000    999.000    999.000
    N#2                1.406      0.000    999.000    999.000

 Variances
    SANS_0             1.000      0.000    999.000    999.000

Latent Class 3

 Means
    SANS_0             2.586      0.075     34.689      0.000
    N#1               -2.938      0.000    999.000    999.000
    N#2               -1.577      0.000    999.000    999.000

 Variances
    SANS_0             1.000      0.000    999.000    999.000


STDY Standardization

                                                    Two-Tailed
                    Estimate       S.E.  Est./S.E.    P-Value

Latent Class 1

 Means
    SANS_0             2.586      0.075     34.689      0.000
    N#1                0.806      0.000    999.000    999.000
    N#2               -0.173      0.000    999.000    999.000

 Variances
    SANS_0             1.000      0.000    999.000    999.000

Latent Class 2

 Means
    SANS_0             2.586      0.075     34.689      0.000
    N#1               -1.455      0.000    999.000    999.000
    N#2                1.406      0.000    999.000    999.000

 Variances
    SANS_0             1.000      0.000    999.000    999.000

Latent Class 3

 Means
    SANS_0             2.586      0.075     34.689      0.000
    N#1               -2.938      0.000    999.000    999.000
    N#2               -1.577      0.000    999.000    999.000

 Variances
    SANS_0             1.000      0.000    999.000    999.000


STD Standardization

                                                    Two-Tailed
                    Estimate       S.E.  Est./S.E.    P-Value

Latent Class 1

 Means
    SANS_0             9.909      0.148     67.101      0.000
    N#1                0.806      0.000    999.000    999.000
    N#2               -0.173      0.000    999.000    999.000

 Variances
    SANS_0            14.686      0.700     20.989      0.000

Latent Class 2

 Means
    SANS_0             9.909      0.148     67.101      0.000
    N#1               -1.455      0.000    999.000    999.000
    N#2                1.406      0.000    999.000    999.000

 Variances
    SANS_0            14.686      0.700     20.989      0.000

Latent Class 3

 Means
    SANS_0             9.909      0.148     67.101      0.000
    N#1               -2.938      0.000    999.000    999.000
    N#2               -1.577      0.000    999.000    999.000

 Variances
    SANS_0            14.686      0.700     20.989      0.000


CONFIDENCE INTERVALS OF MODEL RESULTS

                  Lower .5%  Lower 2.5%    Lower 5%    Estimate    Upper 5%  Upper 2.5%   Upper .5%

Latent Class 1

 Means
    SANS_0           9.529       9.619       9.666       9.909      10.152      10.198      10.289
    N#1              0.806       0.806       0.806       0.806       0.806       0.806       0.806
    N#2             -0.173      -0.173      -0.173      -0.173      -0.173      -0.173      -0.173

 Variances
    SANS_0          12.884      13.315      13.535      14.686      15.838      16.058      16.489

Latent Class 2

 Means
    SANS_0           9.529       9.619       9.666       9.909      10.152      10.198      10.289
    N#1             -1.455      -1.455      -1.455      -1.455      -1.455      -1.455      -1.455
    N#2              1.406       1.406       1.406       1.406       1.406       1.406       1.406

 Variances
    SANS_0          12.884      13.315      13.535      14.686      15.838      16.058      16.489

Latent Class 3

 Means
    SANS_0           9.529       9.619       9.666       9.909      10.152      10.198      10.289
    N#1             -2.938      -2.938      -2.938      -2.938      -2.938      -2.938      -2.938
    N#2             -1.577      -1.577      -1.577      -1.577      -1.577      -1.577      -1.577

 Variances
    SANS_0          12.884      13.315      13.535      14.686      15.838      16.058      16.489

Categorical Latent Variables

 C#1      ON
    SANS_0          -0.090      -0.056      -0.039       0.052       0.142       0.160       0.194

 C#2      ON
    SANS_0           0.020       0.045       0.058       0.125       0.192       0.205       0.230

 Intercepts
    C#1             -2.503      -2.163      -1.989      -1.081      -0.172       0.001       0.342
    C#2             -2.368      -2.102      -1.966      -1.255      -0.545      -0.409      -0.143


CONFIDENCE INTERVALS FOR THE LOGISTIC REGRESSION ODDS RATIO RESULTS

Categorical Latent Variables

 C#1      ON
    SANS_0           0.914       0.946       0.962       1.053       1.153       1.173       1.214

 C#2      ON
    SANS_0           1.021       1.046       1.060       1.133       1.212       1.227       1.259


CONFIDENCE INTERVALS FOR THE ALTERNATIVE PARAMETERIZATIONS FOR THE CATEGORICAL LATENT VARIABLE REGRESSION

Parameterization using Reference Class 1

 C#2      ON
    SANS_0          -0.063      -0.030      -0.014       0.073       0.160       0.177       0.209

 C#3      ON
    SANS_0          -0.194      -0.160      -0.142      -0.052       0.039       0.056       0.090

 Intercepts
    C#2             -1.622      -1.276      -1.099      -0.174       0.750       0.927       1.273
    C#3             -0.342      -0.001       0.172       1.081       1.989       2.163       2.503

Parameterization using Reference Class 2

 C#1      ON
    SANS_0          -0.209      -0.177      -0.160      -0.073       0.014       0.030       0.063

 C#3      ON
    SANS_0          -0.230      -0.205      -0.192      -0.125      -0.058      -0.045      -0.020

 Intercepts
    C#1             -1.273      -0.927      -0.750       0.174       1.099       1.276       1.622
    C#3              0.143       0.409       0.545       1.255       1.966       2.102       2.368


CONFIDENCE INTERVALS FOR THE ODDS RATIO FOR THE ALTERNATIVE PARAMETERIZATIONS FOR THE
CATEGORICAL LATENT VARIABLE REGRESSION

Parameterization using Reference Class 1

 C#2      ON
    SANS_0           0.939       0.970       0.987       1.076       1.174       1.193       1.233

 C#3      ON
    SANS_0           0.824       0.852       0.867       0.949       1.039       1.057       1.094

Parameterization using Reference Class 2

 C#1      ON
    SANS_0           0.811       0.838       0.852       0.929       1.014       1.031       1.065

 C#3      ON
    SANS_0           0.795       0.815       0.825       0.882       0.943       0.956       0.980


CONFIDENCE INTERVALS OF STANDARDIZED MODEL RESULTS


STDYX Standardization

                  Lower .5%  Lower 2.5%    Lower 5%    Estimate    Upper 5%  Upper 2.5%   Upper .5%

Latent Class 1

 Means
    SANS_0           2.394       2.440       2.463       2.586       2.708       2.732       2.778
    N#1              0.806       0.806       0.806       0.806       0.806       0.806       0.806
    N#2             -0.173      -0.173      -0.173      -0.173      -0.173      -0.173      -0.173

 Variances
    SANS_0           1.000       1.000       1.000       1.000       1.000       1.000       1.000

Latent Class 2

 Means
    SANS_0           2.394       2.440       2.463       2.586       2.708       2.732       2.778
    N#1             -1.455      -1.455      -1.455      -1.455      -1.455      -1.455      -1.455
    N#2              1.406       1.406       1.406       1.406       1.406       1.406       1.406

 Variances
    SANS_0           1.000       1.000       1.000       1.000       1.000       1.000       1.000

Latent Class 3

 Means
    SANS_0           2.394       2.440       2.463       2.586       2.708       2.732       2.778
    N#1             -2.938      -2.938      -2.938      -2.938      -2.938      -2.938      -2.938
    N#2             -1.577      -1.577      -1.577      -1.577      -1.577      -1.577      -1.577

 Variances
    SANS_0           1.000       1.000       1.000       1.000       1.000       1.000       1.000


STDY Standardization

                  Lower .5%  Lower 2.5%    Lower 5%    Estimate    Upper 5%  Upper 2.5%   Upper .5%

Latent Class 1

 Means
    SANS_0           2.394       2.440       2.463       2.586       2.708       2.732       2.778
    N#1              0.806       0.806       0.806       0.806       0.806       0.806       0.806
    N#2             -0.173      -0.173      -0.173      -0.173      -0.173      -0.173      -0.173

 Variances
    SANS_0           1.000       1.000       1.000       1.000       1.000       1.000       1.000

Latent Class 2

 Means
    SANS_0           2.394       2.440       2.463       2.586       2.708       2.732       2.778
    N#1             -1.455      -1.455      -1.455      -1.455      -1.455      -1.455      -1.455
    N#2              1.406       1.406       1.406       1.406       1.406       1.406       1.406

 Variances
    SANS_0           1.000       1.000       1.000       1.000       1.000       1.000       1.000

Latent Class 3

 Means
    SANS_0           2.394       2.440       2.463       2.586       2.708       2.732       2.778
    N#1             -2.938      -2.938      -2.938      -2.938      -2.938      -2.938      -2.938
    N#2             -1.577      -1.577      -1.577      -1.577      -1.577      -1.577      -1.577

 Variances
    SANS_0           1.000       1.000       1.000       1.000       1.000       1.000       1.000


STD Standardization

                  Lower .5%  Lower 2.5%    Lower 5%    Estimate    Upper 5%  Upper 2.5%   Upper .5%

Latent Class 1

 Means
    SANS_0           9.529       9.619       9.666       9.909      10.152      10.198      10.289
    N#1              0.806       0.806       0.806       0.806       0.806       0.806       0.806
    N#2             -0.173      -0.173      -0.173      -0.173      -0.173      -0.173      -0.173

 Variances
    SANS_0          12.884      13.315      13.535      14.686      15.838      16.058      16.489

Latent Class 2

 Means
    SANS_0           9.529       9.619       9.666       9.909      10.152      10.198      10.289
    N#1             -1.455      -1.455      -1.455      -1.455      -1.455      -1.455      -1.455
    N#2              1.406       1.406       1.406       1.406       1.406       1.406       1.406

 Variances
    SANS_0          12.884      13.315      13.535      14.686      15.838      16.058      16.489

Latent Class 3

 Means
    SANS_0           9.529       9.619       9.666       9.909      10.152      10.198      10.289
    N#1             -2.938      -2.938      -2.938      -2.938      -2.938      -2.938      -2.938
    N#2             -1.577      -1.577      -1.577      -1.577      -1.577      -1.577      -1.577

 Variances
    SANS_0          12.884      13.315      13.535      14.686      15.838      16.058      16.489


TECHNICAL 7 OUTPUT


     SAMPLE STATISTICS WEIGHTED BY ESTIMATED CLASS PROBABILITIES FOR CLASS 1


           Means
              SANS_0
              ________
                9.802


           Covariances
              SANS_0
              ________
 SANS_0        15.885


     SAMPLE STATISTICS WEIGHTED BY ESTIMATED CLASS PROBABILITIES FOR CLASS 2


           Means
              SANS_0
              ________
               10.828


           Covariances
              SANS_0
              ________
 SANS_0        13.318


     SAMPLE STATISTICS WEIGHTED BY ESTIMATED CLASS PROBABILITIES FOR CLASS 3


           Means
              SANS_0
              ________
                9.060


           Covariances
              SANS_0
              ________
 SANS_0        13.790


     UNIVARIATE SAMPLE DISTRIBUTIONS FOR CLASS 1

     Variable
     N
       Category 1        0.548
       Category 2        0.206
       Category 3        0.245


     UNIVARIATE SAMPLE DISTRIBUTIONS FOR CLASS 2

     Variable
     N
       Category 1        0.044
       Category 2        0.768
       Category 3        0.188


     UNIVARIATE SAMPLE DISTRIBUTIONS FOR CLASS 3

     Variable
     N
       Category 1        0.042
       Category 2        0.163
       Category 3        0.795


TECHNICAL 12 OUTPUT


     ESTIMATED MIXED MODEL AND RESIDUALS (OBSERVED - EXPECTED)


           Observed Means
              SANS_0
              ________
                9.908


           Estimated Mixed Means
              SANS_0
              ________
                9.909


           Residuals for Mixed Means
              SANS_0
              ________
               -0.001


           Observed Covariances
              SANS_0
              ________
 SANS_0        14.677


           Estimated Mixed Covariances
              SANS_0
              ________
 SANS_0        14.686


           Residuals for Mixed Covariances
              SANS_0
              ________
 SANS_0        -0.009


           Observed Skewness
              SANS_0
              ________
               -0.071


           Estimated Mixed Skewness
              SANS_0
              ________
                0.000


           Residuals for Mixed Skewness
              SANS_0
              ________
               -0.071


           Observed Kurtosis
              SANS_0
              ________
               -0.475


           Estimated Mixed Kurtosis
              SANS_0
              ________
                0.000


           Residuals for Mixed Kurtosis
              SANS_0
              ________
               -0.475


     Beginning Time:  11:27:46
        Ending Time:  11:27:48
       Elapsed Time:  00:00:02



MUTHEN & MUTHEN
3463 Stoner Ave.
Los Angeles, CA  90066

Tel: (310) 391-9971
Fax: (310) 391-8971
Web: www.StatModel.com
Support: Support@StatModel.com

Copyright (c) 1998-2021 Muthen & Muthen
