Mplus VERSION 8.6 (Mac)
MUTHEN & MUTHEN
07/05/2023   9:56 AM

INPUT INSTRUCTIONS

  TITLE:
   FINAL_311; - R3STEP_SAPS_0;
  DATA:
  FILE = "/Users/olivierpercie/Desktop/MplusLGM/SANS/Results/R3STEP/SAPS_0_R3STEP.dat";

  VARIABLE:
  NAMES = PIN SANS_0 SANS_1 SANS_2 SANS_3 SANS_6 SANS_9 SANS_12 SANS_18 SANS_24 I S Q
       CUB C_I C_S C_Q C_CUB CPROB1 CPROB2 CPROB3 N SAPS_0;
   MISSING=.;
   USEVAR = N SAPS_0;
  NOMINAL = N;
  CLASSES = c(3);
  ANALYSIS:
  TYPE = MIXTURE;
  ALGORITHM = INTEGRATION;
  INTEGRATION = MONTECARLO;
  STARTS = 0;
  PROCESSORS = 8;
  MODEL:
  %OVERALL%
  C ON SAPS_0;
  SAPS_0;
  %C#1%
  [N#1@3.075];
  [N#2@1.083];
  %C#2%
  [N#1@1.199];
  [N#2@2.945];
  %C#3%
  [N#1@-1.281];
  [N#2@-1.148];
  OUTPUT:
  SAMPSTAT;
  STANDARDIZED;
  CINTERVAL;
  TECH7;



INPUT READING TERMINATED NORMALLY




FINAL_311; - R3STEP_SAPS_0;

SUMMARY OF ANALYSIS

Number of groups                                                 1
Number of observations                                         405

Number of dependent variables                                    1
Number of independent variables                                  1
Number of continuous latent variables                            0
Number of categorical latent variables                           1

Observed dependent variables

  Unordered categorical (nominal)
   N

Observed independent variables
   SAPS_0

Categorical latent variables
   C


Estimator                                                      MLR
Information matrix                                        OBSERVED
Optimization Specifications for the Quasi-Newton Algorithm for
Continuous Outcomes
  Maximum number of iterations                                 100
  Convergence criterion                                  0.100D-05
Optimization Specifications for the EM Algorithm
  Maximum number of iterations                                 500
  Convergence criteria
    Loglikelihood change                                 0.100D-02
    Relative loglikelihood change                        0.100D-05
    Derivative                                           0.100D-02
Optimization Specifications for the M step of the EM Algorithm for
Categorical Latent variables
  Number of M step iterations                                    1
  M step convergence criterion                           0.100D-02
  Basis for M step termination                           ITERATION
Optimization Specifications for the M step of the EM Algorithm for
Censored, Binary or Ordered Categorical (Ordinal), Unordered
Categorical (Nominal) and Count Outcomes
  Number of M step iterations                                    1
  M step convergence criterion                           0.100D-02
  Basis for M step termination                           ITERATION
  Maximum value for logit thresholds                            15
  Minimum value for logit thresholds                           -15
  Minimum expected cell size for chi-square              0.100D-01
Maximum number of iterations for H1                           2000
Convergence criterion for H1                             0.100D-03
Optimization algorithm                                         EMA
Integration Specifications
  Type                                                  MONTECARLO
  Number of integration points                                 250
  Dimensions of numerical integration                            1
  Adaptive quadrature                                           ON
  Monte Carlo integration seed                                   0
Cholesky                                                       OFF

Input data file(s)
  /Users/olivierpercie/Desktop/MplusLGM/SANS/Results/R3STEP/SAPS_0_R3STEP.dat
Input data format  FREE


SUMMARY OF DATA

     Number of missing data patterns             2
     Number of y missing data patterns           2
     Number of u missing data patterns           0


COVARIANCE COVERAGE OF DATA

Minimum covariance coverage value   0.100


     PROPORTION OF DATA PRESENT FOR Y


           Covariance Coverage
              SAPS_0
              ________
 SAPS_0         0.995


UNIVARIATE PROPORTIONS AND COUNTS FOR CATEGORICAL VARIABLES

    N
      Category 1    0.437          177.000
      Category 2    0.402          163.000
      Category 3    0.160           65.000


SAMPLE STATISTICS


     ESTIMATED SAMPLE STATISTICS


           Means
              SAPS_0
              ________
               11.479


           Covariances
              SAPS_0
              ________
 SAPS_0        10.552


           Correlations
              SAPS_0
              ________
 SAPS_0         1.000


     MAXIMUM LOG-LIKELIHOOD VALUE FOR THE UNRESTRICTED (H1) MODEL IS -1046.635


UNIVARIATE SAMPLE STATISTICS


     UNIVARIATE HIGHER-ORDER MOMENT DESCRIPTIVE STATISTICS

         Variable/         Mean/     Skewness/   Minimum/ % with                Percentiles
        Sample Size      Variance    Kurtosis    Maximum  Min/Max      20%/60%    40%/80%    Median

     SAPS_0               11.479      -0.268       2.000    0.50%       9.000     11.000     12.000
             403.000      10.552      -0.259      20.000    0.25%      13.000     14.000


THE MODEL ESTIMATION TERMINATED NORMALLY



MODEL FIT INFORMATION

Number of Free Parameters                        6

Loglikelihood

          H0 Value                       -1459.302
          H0 Scaling Correction Factor      0.9903
            for MLR

Information Criteria

          Akaike (AIC)                    2930.604
          Bayesian (BIC)                  2954.628
          Sample-Size Adjusted BIC        2935.589
            (n* = (n + 2) / 24)



FINAL CLASS COUNTS AND PROPORTIONS FOR THE LATENT CLASSES
BASED ON THE ESTIMATED MODEL

    Latent
   Classes

       1        165.98771          0.40985
       2        156.27959          0.38588
       3         82.73270          0.20428


FINAL CLASS COUNTS AND PROPORTIONS FOR THE LATENT CLASSES
BASED ON ESTIMATED POSTERIOR PROBABILITIES

    Latent
   Classes

       1        165.98672          0.40984
       2        156.28277          0.38588
       3         82.73051          0.20427


FINAL CLASS COUNTS AND PROPORTIONS FOR THE LATENT CLASSES
BASED ON THEIR MOST LIKELY LATENT CLASS MEMBERSHIP

Class Counts and Proportions

    Latent
   Classes

       1              177          0.43704
       2              163          0.40247
       3               65          0.16049


CLASSIFICATION QUALITY

     Entropy                         0.404


Average Latent Class Probabilities for Most Likely Latent Class Membership (Row)
by Latent Class (Column)

           1        2        3

    1   0.793    0.125    0.082
    2   0.117    0.781    0.101
    3   0.100    0.103    0.797


Classification Probabilities for the Most Likely Latent Class Membership (Column)
by Latent Class (Row)

           1        2        3

    1   0.846    0.115    0.039
    2   0.142    0.815    0.043
    3   0.174    0.199    0.626


Logits for the Classification Probabilities for the Most Likely Latent Class Membership (Column)
by Latent Class (Row)

              1        2        3

    1      3.077    1.085    0.000
    2      1.196    2.943    0.000
    3     -1.278   -1.146    0.000


MODEL RESULTS

                                                    Two-Tailed
                    Estimate       S.E.  Est./S.E.    P-Value

Latent Class 1

 Means
    SAPS_0            11.477      0.162     70.854      0.000
    N#1                3.075      0.000    999.000    999.000
    N#2                1.083      0.000    999.000    999.000

 Variances
    SAPS_0            10.562      0.695     15.188      0.000

Latent Class 2

 Means
    SAPS_0            11.477      0.162     70.854      0.000
    N#1                1.199      0.000    999.000    999.000
    N#2                2.945      0.000    999.000    999.000

 Variances
    SAPS_0            10.562      0.695     15.188      0.000

Latent Class 3

 Means
    SAPS_0            11.477      0.162     70.854      0.000
    N#1               -1.281      0.000    999.000    999.000
    N#2               -1.148      0.000    999.000    999.000

 Variances
    SAPS_0            10.562      0.695     15.188      0.000

Categorical Latent Variables

 C#1        ON
    SAPS_0            -0.039      0.070     -0.556      0.578

 C#2        ON
    SAPS_0            -0.093      0.073     -1.274      0.203

 Intercepts
    C#1                1.155      0.863      1.338      0.181
    C#2                1.708      0.886      1.927      0.054


QUALITY OF NUMERICAL RESULTS

     Condition Number for the Information Matrix              0.791E-04
       (ratio of smallest to largest eigenvalue)


LOGISTIC REGRESSION ODDS RATIO RESULTS

                                                95% C.I.
                    Estimate       S.E.  Lower 2.5% Upper 2.5%

Categorical Latent Variables

 C#1      ON
    SAPS_0             0.962      0.067      0.839      1.103

 C#2      ON
    SAPS_0             0.911      0.066      0.790      1.051


ALTERNATIVE PARAMETERIZATIONS FOR THE CATEGORICAL LATENT VARIABLE REGRESSION

                                                    Two-Tailed
                    Estimate       S.E.  Est./S.E.    P-Value

Parameterization using Reference Class 1

 C#2      ON
    SAPS_0            -0.054      0.049     -1.111      0.267

 C#3      ON
    SAPS_0             0.039      0.070      0.556      0.578

 Intercepts
    C#2                0.553      0.572      0.967      0.334
    C#3               -1.155      0.863     -1.338      0.181

Parameterization using Reference Class 2

 C#1      ON
    SAPS_0             0.054      0.049      1.111      0.267

 C#3      ON
    SAPS_0             0.093      0.073      1.274      0.203

 Intercepts
    C#1               -0.553      0.572     -0.967      0.334
    C#3               -1.708      0.886     -1.927      0.054


ODDS RATIO FOR THE ALTERNATIVE PARAMETERIZATIONS FOR THE CATEGORICAL LATENT VARIABLE REGRESSION

                                                95% C.I.
                    Estimate       S.E.  Lower 2.5% Upper 2.5%

Parameterization using Reference Class 1

 C#2      ON
    SAPS_0             0.947      0.046      0.861      1.042

 C#3      ON
    SAPS_0             1.040      0.073      0.907      1.192

Parameterization using Reference Class 2

 C#1      ON
    SAPS_0             1.056      0.051      0.959      1.161

 C#3      ON
    SAPS_0             1.097      0.080      0.951      1.266


STANDARDIZED MODEL RESULTS


STDYX Standardization

                                                    Two-Tailed
                    Estimate       S.E.  Est./S.E.    P-Value

Latent Class 1

 Means
    SAPS_0             3.532      0.136     26.059      0.000
    N#1                3.075      0.000    999.000    999.000
    N#2                1.083      0.000    999.000    999.000

 Variances
    SAPS_0             1.000      0.000    999.000    999.000

Latent Class 2

 Means
    SAPS_0             3.532      0.136     26.059      0.000
    N#1                1.199      0.000    999.000    999.000
    N#2                2.945      0.000    999.000    999.000

 Variances
    SAPS_0             1.000      0.000    999.000    999.000

Latent Class 3

 Means
    SAPS_0             3.532      0.136     26.059      0.000
    N#1               -1.281      0.000    999.000    999.000
    N#2               -1.148      0.000    999.000    999.000

 Variances
    SAPS_0             1.000      0.000    999.000    999.000


STDY Standardization

                                                    Two-Tailed
                    Estimate       S.E.  Est./S.E.    P-Value

Latent Class 1

 Means
    SAPS_0             3.532      0.136     26.059      0.000
    N#1                3.075      0.000    999.000    999.000
    N#2                1.083      0.000    999.000    999.000

 Variances
    SAPS_0             1.000      0.000    999.000    999.000

Latent Class 2

 Means
    SAPS_0             3.532      0.136     26.059      0.000
    N#1                1.199      0.000    999.000    999.000
    N#2                2.945      0.000    999.000    999.000

 Variances
    SAPS_0             1.000      0.000    999.000    999.000

Latent Class 3

 Means
    SAPS_0             3.532      0.136     26.059      0.000
    N#1               -1.281      0.000    999.000    999.000
    N#2               -1.148      0.000    999.000    999.000

 Variances
    SAPS_0             1.000      0.000    999.000    999.000


STD Standardization

                                                    Two-Tailed
                    Estimate       S.E.  Est./S.E.    P-Value

Latent Class 1

 Means
    SAPS_0            11.477      0.162     70.854      0.000
    N#1                3.075      0.000    999.000    999.000
    N#2                1.083      0.000    999.000    999.000

 Variances
    SAPS_0            10.562      0.695     15.188      0.000

Latent Class 2

 Means
    SAPS_0            11.477      0.162     70.854      0.000
    N#1                1.199      0.000    999.000    999.000
    N#2                2.945      0.000    999.000    999.000

 Variances
    SAPS_0            10.562      0.695     15.188      0.000

Latent Class 3

 Means
    SAPS_0            11.477      0.162     70.854      0.000
    N#1               -1.281      0.000    999.000    999.000
    N#2               -1.148      0.000    999.000    999.000

 Variances
    SAPS_0            10.562      0.695     15.188      0.000


CONFIDENCE INTERVALS OF MODEL RESULTS

                  Lower .5%  Lower 2.5%    Lower 5%    Estimate    Upper 5%  Upper 2.5%   Upper .5%

Latent Class 1

 Means
    SAPS_0          11.060      11.160      11.211      11.477      11.744      11.795      11.894
    N#1              3.075       3.075       3.075       3.075       3.075       3.075       3.075
    N#2              1.083       1.083       1.083       1.083       1.083       1.083       1.083

 Variances
    SAPS_0           8.771       9.199       9.418      10.562      11.706      11.925      12.353

Latent Class 2

 Means
    SAPS_0          11.060      11.160      11.211      11.477      11.744      11.795      11.894
    N#1              1.199       1.199       1.199       1.199       1.199       1.199       1.199
    N#2              2.945       2.945       2.945       2.945       2.945       2.945       2.945

 Variances
    SAPS_0           8.771       9.199       9.418      10.562      11.706      11.925      12.353

Latent Class 3

 Means
    SAPS_0          11.060      11.160      11.211      11.477      11.744      11.795      11.894
    N#1             -1.281      -1.281      -1.281      -1.281      -1.281      -1.281      -1.281
    N#2             -1.148      -1.148      -1.148      -1.148      -1.148      -1.148      -1.148

 Variances
    SAPS_0           8.771       9.199       9.418      10.562      11.706      11.925      12.353

Categorical Latent Variables

 C#1      ON
    SAPS_0          -0.218      -0.175      -0.154      -0.039       0.076       0.098       0.141

 C#2      ON
    SAPS_0          -0.281      -0.236      -0.213      -0.093       0.027       0.050       0.095

 Intercepts
    C#1             -1.068      -0.537      -0.265       1.155       2.574       2.846       3.377
    C#2             -0.574      -0.029       0.250       1.708       3.165       3.444       3.990


CONFIDENCE INTERVALS FOR THE LOGISTIC REGRESSION ODDS RATIO RESULTS

Categorical Latent Variables

 C#1      ON
    SAPS_0           0.804       0.839       0.858       0.962       1.079       1.103       1.151

 C#2      ON
    SAPS_0           0.755       0.790       0.808       0.911       1.027       1.051       1.100


CONFIDENCE INTERVALS FOR THE ALTERNATIVE PARAMETERIZATIONS FOR THE CATEGORICAL LATENT VARIABLE REGRESSION

Parameterization using Reference Class 1

 C#2      ON
    SAPS_0          -0.180      -0.150      -0.134      -0.054       0.026       0.041       0.071

 C#3      ON
    SAPS_0          -0.141      -0.098      -0.076       0.039       0.154       0.175       0.218

 Intercepts
    C#2             -0.920      -0.568      -0.388       0.553       1.494       1.675       2.027
    C#3             -3.377      -2.846      -2.574      -1.155       0.265       0.537       1.068

Parameterization using Reference Class 2

 C#1      ON
    SAPS_0          -0.071      -0.041      -0.026       0.054       0.134       0.150       0.180

 C#3      ON
    SAPS_0          -0.095      -0.050      -0.027       0.093       0.213       0.236       0.281

 Intercepts
    C#1             -2.027      -1.675      -1.494      -0.553       0.388       0.568       0.920
    C#3             -3.990      -3.444      -3.165      -1.708      -0.250       0.029       0.574


CONFIDENCE INTERVALS FOR THE ODDS RATIO FOR THE ALTERNATIVE PARAMETERIZATIONS FOR THE
CATEGORICAL LATENT VARIABLE REGRESSION

Parameterization using Reference Class 1

 C#2      ON
    SAPS_0           0.836       0.861       0.874       0.947       1.026       1.042       1.074

 C#3      ON
    SAPS_0           0.869       0.907       0.927       1.040       1.166       1.192       1.244

Parameterization using Reference Class 2

 C#1      ON
    SAPS_0           0.931       0.959       0.974       1.056       1.144       1.161       1.197

 C#3      ON
    SAPS_0           0.909       0.951       0.973       1.097       1.237       1.266       1.324


CONFIDENCE INTERVALS OF STANDARDIZED MODEL RESULTS


STDYX Standardization

                  Lower .5%  Lower 2.5%    Lower 5%    Estimate    Upper 5%  Upper 2.5%   Upper .5%

Latent Class 1

 Means
    SAPS_0           3.182       3.266       3.309       3.532       3.754       3.797       3.881
    N#1              3.075       3.075       3.075       3.075       3.075       3.075       3.075
    N#2              1.083       1.083       1.083       1.083       1.083       1.083       1.083

 Variances
    SAPS_0           1.000       1.000       1.000       1.000       1.000       1.000       1.000

Latent Class 2

 Means
    SAPS_0           3.182       3.266       3.309       3.532       3.754       3.797       3.881
    N#1              1.199       1.199       1.199       1.199       1.199       1.199       1.199
    N#2              2.945       2.945       2.945       2.945       2.945       2.945       2.945

 Variances
    SAPS_0           1.000       1.000       1.000       1.000       1.000       1.000       1.000

Latent Class 3

 Means
    SAPS_0           3.182       3.266       3.309       3.532       3.754       3.797       3.881
    N#1             -1.281      -1.281      -1.281      -1.281      -1.281      -1.281      -1.281
    N#2             -1.148      -1.148      -1.148      -1.148      -1.148      -1.148      -1.148

 Variances
    SAPS_0           1.000       1.000       1.000       1.000       1.000       1.000       1.000


STDY Standardization

                  Lower .5%  Lower 2.5%    Lower 5%    Estimate    Upper 5%  Upper 2.5%   Upper .5%

Latent Class 1

 Means
    SAPS_0           3.182       3.266       3.309       3.532       3.754       3.797       3.881
    N#1              3.075       3.075       3.075       3.075       3.075       3.075       3.075
    N#2              1.083       1.083       1.083       1.083       1.083       1.083       1.083

 Variances
    SAPS_0           1.000       1.000       1.000       1.000       1.000       1.000       1.000

Latent Class 2

 Means
    SAPS_0           3.182       3.266       3.309       3.532       3.754       3.797       3.881
    N#1              1.199       1.199       1.199       1.199       1.199       1.199       1.199
    N#2              2.945       2.945       2.945       2.945       2.945       2.945       2.945

 Variances
    SAPS_0           1.000       1.000       1.000       1.000       1.000       1.000       1.000

Latent Class 3

 Means
    SAPS_0           3.182       3.266       3.309       3.532       3.754       3.797       3.881
    N#1             -1.281      -1.281      -1.281      -1.281      -1.281      -1.281      -1.281
    N#2             -1.148      -1.148      -1.148      -1.148      -1.148      -1.148      -1.148

 Variances
    SAPS_0           1.000       1.000       1.000       1.000       1.000       1.000       1.000


STD Standardization

                  Lower .5%  Lower 2.5%    Lower 5%    Estimate    Upper 5%  Upper 2.5%   Upper .5%

Latent Class 1

 Means
    SAPS_0          11.060      11.160      11.211      11.477      11.744      11.795      11.894
    N#1              3.075       3.075       3.075       3.075       3.075       3.075       3.075
    N#2              1.083       1.083       1.083       1.083       1.083       1.083       1.083

 Variances
    SAPS_0           8.771       9.199       9.418      10.562      11.706      11.925      12.353

Latent Class 2

 Means
    SAPS_0          11.060      11.160      11.211      11.477      11.744      11.795      11.894
    N#1              1.199       1.199       1.199       1.199       1.199       1.199       1.199
    N#2              2.945       2.945       2.945       2.945       2.945       2.945       2.945

 Variances
    SAPS_0           8.771       9.199       9.418      10.562      11.706      11.925      12.353

Latent Class 3

 Means
    SAPS_0          11.060      11.160      11.211      11.477      11.744      11.795      11.894
    N#1             -1.281      -1.281      -1.281      -1.281      -1.281      -1.281      -1.281
    N#2             -1.148      -1.148      -1.148      -1.148      -1.148      -1.148      -1.148

 Variances
    SAPS_0           8.771       9.199       9.418      10.562      11.706      11.925      12.353


TECHNICAL 7 OUTPUT


     SAMPLE STATISTICS WEIGHTED BY ESTIMATED CLASS PROBABILITIES FOR CLASS 1


           Means
              SAPS_0
              ________
               11.619


           Covariances
              SAPS_0
              ________
 SAPS_0        10.110


     SAMPLE STATISTICS WEIGHTED BY ESTIMATED CLASS PROBABILITIES FOR CLASS 2


           Means
              SAPS_0
              ________
               11.047


           Covariances
              SAPS_0
              ________
 SAPS_0        10.738


     SAMPLE STATISTICS WEIGHTED BY ESTIMATED CLASS PROBABILITIES FOR CLASS 3


           Means
              SAPS_0
              ________
               12.011


           Covariances
              SAPS_0
              ________
 SAPS_0        10.412


     UNIVARIATE SAMPLE DISTRIBUTIONS FOR CLASS 1

     Variable
     N
       Category 1        0.846
       Category 2        0.115
       Category 3        0.039


     UNIVARIATE SAMPLE DISTRIBUTIONS FOR CLASS 2

     Variable
     N
       Category 1        0.142
       Category 2        0.815
       Category 3        0.043


     UNIVARIATE SAMPLE DISTRIBUTIONS FOR CLASS 3

     Variable
     N
       Category 1        0.174
       Category 2        0.199
       Category 3        0.626


     Beginning Time:  09:56:31
        Ending Time:  09:56:32
       Elapsed Time:  00:00:01



MUTHEN & MUTHEN
3463 Stoner Ave.
Los Angeles, CA  90066

Tel: (310) 391-9971
Fax: (310) 391-8971
Web: www.StatModel.com
Support: Support@StatModel.com

Copyright (c) 1998-2021 Muthen & Muthen
