Mplus VERSION 8.6 (Mac)
MUTHEN & MUTHEN
07/24/2023   5:19 PM

INPUT INSTRUCTIONS

  TITLE:
  GMM_CI_isq@0cub@0_C_223_113 - R3STEP_verbm_z;
  DATA:
  FILE = "/Users/olivierpercie/Desktop/MplusLGM/SANS/Results/R3STEP/verbm_z_R3STEP.dat";

  VARIABLE:
  NAMES = PIN SANS_0 SANS_1 SANS_2 SANS_3 SANS_6 SANS_9 SANS_12 SANS_18 SANS_24 CPROB1
       CPROB2 CPROB3 N verbm_z;
   MISSING=.;
   USEVAR = N verbm_z;
  NOMINAL = N;
  CLASSES = c(3);
  ANALYSIS:
  TYPE = MIXTURE;
  ALGORITHM = INTEGRATION;
  INTEGRATION = MONTECARLO;
  STARTS = 0;
  PROCESSORS = 8;
  MODEL:
  %OVERALL%
  C ON verbm_z;
  verbm_z;
  %C#1%
  [N#1@1.778];
  [N#2@-1.142];
  %C#2%
  [N#1@0.278];
  [N#2@1.326];
  %C#3%
  [N#1@-1.822];
  [N#2@-2.898];
  OUTPUT:
  SAMPSTAT;
  STANDARDIZED;
  CINTERVAL;
  TECH7;



INPUT READING TERMINATED NORMALLY




GMM_CI_isq@0cub@0_C_223_113 - R3STEP_verbm_z;

SUMMARY OF ANALYSIS

Number of groups                                                 1
Number of observations                                         404

Number of dependent variables                                    1
Number of independent variables                                  1
Number of continuous latent variables                            0
Number of categorical latent variables                           1

Observed dependent variables

  Unordered categorical (nominal)
   N

Observed independent variables
   VERBM_Z

Categorical latent variables
   C


Estimator                                                      MLR
Information matrix                                        OBSERVED
Optimization Specifications for the Quasi-Newton Algorithm for
Continuous Outcomes
  Maximum number of iterations                                 100
  Convergence criterion                                  0.100D-05
Optimization Specifications for the EM Algorithm
  Maximum number of iterations                                 500
  Convergence criteria
    Loglikelihood change                                 0.100D-02
    Relative loglikelihood change                        0.100D-05
    Derivative                                           0.100D-02
Optimization Specifications for the M step of the EM Algorithm for
Categorical Latent variables
  Number of M step iterations                                    1
  M step convergence criterion                           0.100D-02
  Basis for M step termination                           ITERATION
Optimization Specifications for the M step of the EM Algorithm for
Censored, Binary or Ordered Categorical (Ordinal), Unordered
Categorical (Nominal) and Count Outcomes
  Number of M step iterations                                    1
  M step convergence criterion                           0.100D-02
  Basis for M step termination                           ITERATION
  Maximum value for logit thresholds                            15
  Minimum value for logit thresholds                           -15
  Minimum expected cell size for chi-square              0.100D-01
Maximum number of iterations for H1                           2000
Convergence criterion for H1                             0.100D-03
Optimization algorithm                                         EMA
Integration Specifications
  Type                                                  MONTECARLO
  Number of integration points                                 250
  Dimensions of numerical integration                            1
  Adaptive quadrature                                           ON
  Monte Carlo integration seed                                   0
Cholesky                                                       OFF

Input data file(s)
  /Users/olivierpercie/Desktop/MplusLGM/SANS/Results/R3STEP/verbm_z_R3STEP.dat
Input data format  FREE


SUMMARY OF DATA

     Number of missing data patterns             2
     Number of y missing data patterns           2
     Number of u missing data patterns           0


COVARIANCE COVERAGE OF DATA

Minimum covariance coverage value   0.100


     PROPORTION OF DATA PRESENT FOR Y


           Covariance Coverage
              VERBM_Z
              ________
 VERBM_Z        0.312


UNIVARIATE PROPORTIONS AND COUNTS FOR CATEGORICAL VARIABLES

    N
      Category 1    0.411          166.000
      Category 2    0.163           66.000
      Category 3    0.426          172.000


SAMPLE STATISTICS


     ESTIMATED SAMPLE STATISTICS


           Means
              VERBM_Z
              ________
               -0.829


           Covariances
              VERBM_Z
              ________
 VERBM_Z        1.433


           Correlations
              VERBM_Z
              ________
 VERBM_Z        1.000


     MAXIMUM LOG-LIKELIHOOD VALUE FOR THE UNRESTRICTED (H1) MODEL IS -201.453


UNIVARIATE SAMPLE STATISTICS


     UNIVARIATE HIGHER-ORDER MOMENT DESCRIPTIVE STATISTICS

         Variable/         Mean/     Skewness/   Minimum/ % with                Percentiles
        Sample Size      Variance    Kurtosis    Maximum  Min/Max      20%/60%    40%/80%    Median

     VERBM_Z              -0.829      -0.332      -3.635    0.79%      -1.989     -1.007     -0.750
             126.000       1.433      -0.553       1.621    0.79%      -0.400      0.350


THE MODEL ESTIMATION TERMINATED NORMALLY



MODEL FIT INFORMATION

Number of Free Parameters                        6

Loglikelihood

          H0 Value                        -611.610
          H0 Scaling Correction Factor      0.9112
            for MLR

Information Criteria

          Akaike (AIC)                    1235.219
          Bayesian (BIC)                  1259.228
          Sample-Size Adjusted BIC        1240.189
            (n* = (n + 2) / 24)



FINAL CLASS COUNTS AND PROPORTIONS FOR THE LATENT CLASSES
BASED ON THE ESTIMATED MODEL

    Latent
   Classes

       1        152.17007          0.37666
       2         83.21565          0.20598
       3        168.61427          0.41736


FINAL CLASS COUNTS AND PROPORTIONS FOR THE LATENT CLASSES
BASED ON ESTIMATED POSTERIOR PROBABILITIES

    Latent
   Classes

       1        153.20930          0.37923
       2         83.86570          0.20759
       3        166.92500          0.41318


FINAL CLASS COUNTS AND PROPORTIONS FOR THE LATENT CLASSES
BASED ON THEIR MOST LIKELY LATENT CLASS MEMBERSHIP

Class Counts and Proportions

    Latent
   Classes

       1              166          0.41089
       2               66          0.16337
       3              172          0.42574


CLASSIFICATION QUALITY

     Entropy                         0.393


Average Latent Class Probabilities for Most Likely Latent Class Membership (Row)
by Latent Class (Column)

           1        2        3

    1   0.755    0.110    0.135
    2   0.102    0.787    0.111
    3   0.123    0.080    0.797


Classification Probabilities for the Most Likely Latent Class Membership (Column)
by Latent Class (Row)

           1        2        3

    1   0.818    0.044    0.138
    2   0.217    0.619    0.164
    3   0.135    0.044    0.822


Logits for the Classification Probabilities for the Most Likely Latent Class Membership (Column)
by Latent Class (Row)

              1        2        3

    1      1.781   -1.139    0.000
    2      0.282    1.330    0.000
    3     -1.809   -2.931    0.000


MODEL RESULTS

                                                    Two-Tailed
                    Estimate       S.E.  Est./S.E.    P-Value

Latent Class 1

 Means
    VERBM_Z           -0.903      0.112     -8.076      0.000
    N#1                1.778      0.000    999.000    999.000
    N#2               -1.142      0.000    999.000    999.000

 Variances
    VERBM_Z            1.424      0.150      9.490      0.000

Latent Class 2

 Means
    VERBM_Z           -0.903      0.112     -8.076      0.000
    N#1                0.278      0.000    999.000    999.000
    N#2                1.326      0.000    999.000    999.000

 Variances
    VERBM_Z            1.424      0.150      9.490      0.000

Latent Class 3

 Means
    VERBM_Z           -0.903      0.112     -8.076      0.000
    N#1               -1.822      0.000    999.000    999.000
    N#2               -2.898      0.000    999.000    999.000

 Variances
    VERBM_Z            1.424      0.150      9.490      0.000

Categorical Latent Variables

 C#1        ON
    VERBM_Z           -0.670      0.354     -1.891      0.059

 C#2        ON
    VERBM_Z           -0.710      0.290     -2.445      0.014

 Intercepts
    C#1               -0.631      0.393     -1.606      0.108
    C#2               -1.284      0.341     -3.766      0.000


QUALITY OF NUMERICAL RESULTS

     Condition Number for the Information Matrix              0.139E-01
       (ratio of smallest to largest eigenvalue)


LOGISTIC REGRESSION ODDS RATIO RESULTS

                                                95% C.I.
                    Estimate       S.E.  Lower 2.5% Upper 2.5%

Categorical Latent Variables

 C#1      ON
    VERBM_Z            0.512      0.181      0.256      1.025

 C#2      ON
    VERBM_Z            0.492      0.143      0.279      0.869


ALTERNATIVE PARAMETERIZATIONS FOR THE CATEGORICAL LATENT VARIABLE REGRESSION

                                                    Two-Tailed
                    Estimate       S.E.  Est./S.E.    P-Value

Parameterization using Reference Class 1

 C#2      ON
    VERBM_Z           -0.040      0.333     -0.120      0.904

 C#3      ON
    VERBM_Z            0.670      0.354      1.891      0.059

 Intercepts
    C#2               -0.653      0.477     -1.368      0.171
    C#3                0.631      0.393      1.606      0.108

Parameterization using Reference Class 2

 C#1      ON
    VERBM_Z            0.040      0.333      0.120      0.904

 C#3      ON
    VERBM_Z            0.710      0.290      2.445      0.014

 Intercepts
    C#1                0.653      0.477      1.368      0.171
    C#3                1.284      0.341      3.766      0.000


ODDS RATIO FOR THE ALTERNATIVE PARAMETERIZATIONS FOR THE CATEGORICAL LATENT VARIABLE REGRESSION

                                                95% C.I.
                    Estimate       S.E.  Lower 2.5% Upper 2.5%

Parameterization using Reference Class 1

 C#2      ON
    VERBM_Z            0.961      0.320      0.500      1.845

 C#3      ON
    VERBM_Z            1.953      0.692      0.976      3.911

Parameterization using Reference Class 2

 C#1      ON
    VERBM_Z            1.041      0.346      0.542      1.998

 C#3      ON
    VERBM_Z            2.033      0.590      1.151      3.591


STANDARDIZED MODEL RESULTS


STDYX Standardization

                                                    Two-Tailed
                    Estimate       S.E.  Est./S.E.    P-Value

Latent Class 1

 Means
    VERBM_Z           -0.757      0.088     -8.577      0.000
    N#1                1.778      0.000    999.000    999.000
    N#2               -1.142      0.000    999.000    999.000

 Variances
    VERBM_Z            1.000      0.000    999.000    999.000

Latent Class 2

 Means
    VERBM_Z           -0.757      0.088     -8.577      0.000
    N#1                0.278      0.000    999.000    999.000
    N#2                1.326      0.000    999.000    999.000

 Variances
    VERBM_Z            1.000      0.000    999.000    999.000

Latent Class 3

 Means
    VERBM_Z           -0.757      0.088     -8.577      0.000
    N#1               -1.822      0.000    999.000    999.000
    N#2               -2.898      0.000    999.000    999.000

 Variances
    VERBM_Z            1.000      0.000    999.000    999.000


STDY Standardization

                                                    Two-Tailed
                    Estimate       S.E.  Est./S.E.    P-Value

Latent Class 1

 Means
    VERBM_Z           -0.757      0.088     -8.577      0.000
    N#1                1.778      0.000    999.000    999.000
    N#2               -1.142      0.000    999.000    999.000

 Variances
    VERBM_Z            1.000      0.000    999.000    999.000

Latent Class 2

 Means
    VERBM_Z           -0.757      0.088     -8.577      0.000
    N#1                0.278      0.000    999.000    999.000
    N#2                1.326      0.000    999.000    999.000

 Variances
    VERBM_Z            1.000      0.000    999.000    999.000

Latent Class 3

 Means
    VERBM_Z           -0.757      0.088     -8.577      0.000
    N#1               -1.822      0.000    999.000    999.000
    N#2               -2.898      0.000    999.000    999.000

 Variances
    VERBM_Z            1.000      0.000    999.000    999.000


STD Standardization

                                                    Two-Tailed
                    Estimate       S.E.  Est./S.E.    P-Value

Latent Class 1

 Means
    VERBM_Z           -0.903      0.112     -8.076      0.000
    N#1                1.778      0.000    999.000    999.000
    N#2               -1.142      0.000    999.000    999.000

 Variances
    VERBM_Z            1.424      0.150      9.490      0.000

Latent Class 2

 Means
    VERBM_Z           -0.903      0.112     -8.076      0.000
    N#1                0.278      0.000    999.000    999.000
    N#2                1.326      0.000    999.000    999.000

 Variances
    VERBM_Z            1.424      0.150      9.490      0.000

Latent Class 3

 Means
    VERBM_Z           -0.903      0.112     -8.076      0.000
    N#1               -1.822      0.000    999.000    999.000
    N#2               -2.898      0.000    999.000    999.000

 Variances
    VERBM_Z            1.424      0.150      9.490      0.000


CONFIDENCE INTERVALS OF MODEL RESULTS

                  Lower .5%  Lower 2.5%    Lower 5%    Estimate    Upper 5%  Upper 2.5%   Upper .5%

Latent Class 1

 Means
    VERBM_Z         -1.191      -1.122      -1.087      -0.903      -0.719      -0.684      -0.615
    N#1              1.778       1.778       1.778       1.778       1.778       1.778       1.778
    N#2             -1.142      -1.142      -1.142      -1.142      -1.142      -1.142      -1.142

 Variances
    VERBM_Z          1.037       1.130       1.177       1.424       1.670       1.718       1.810

Latent Class 2

 Means
    VERBM_Z         -1.191      -1.122      -1.087      -0.903      -0.719      -0.684      -0.615
    N#1              0.278       0.278       0.278       0.278       0.278       0.278       0.278
    N#2              1.326       1.326       1.326       1.326       1.326       1.326       1.326

 Variances
    VERBM_Z          1.037       1.130       1.177       1.424       1.670       1.718       1.810

Latent Class 3

 Means
    VERBM_Z         -1.191      -1.122      -1.087      -0.903      -0.719      -0.684      -0.615
    N#1             -1.822      -1.822      -1.822      -1.822      -1.822      -1.822      -1.822
    N#2             -2.898      -2.898      -2.898      -2.898      -2.898      -2.898      -2.898

 Variances
    VERBM_Z          1.037       1.130       1.177       1.424       1.670       1.718       1.810

Categorical Latent Variables

 C#1      ON
    VERBM_Z         -1.582      -1.364      -1.252      -0.670      -0.087       0.025       0.243

 C#2      ON
    VERBM_Z         -1.457      -1.278      -1.187      -0.710      -0.232      -0.141       0.038

 Intercepts
    C#1             -1.642      -1.400      -1.276      -0.631       0.015       0.139       0.381
    C#2             -2.162      -1.952      -1.844      -1.284      -0.723      -0.616      -0.406


CONFIDENCE INTERVALS FOR THE LOGISTIC REGRESSION ODDS RATIO RESULTS

Categorical Latent Variables

 C#1      ON
    VERBM_Z          0.206       0.256       0.286       0.512       0.917       1.025       1.275

 C#2      ON
    VERBM_Z          0.233       0.279       0.305       0.492       0.793       0.869       1.039


CONFIDENCE INTERVALS FOR THE ALTERNATIVE PARAMETERIZATIONS FOR THE CATEGORICAL LATENT VARIABLE REGRESSION

Parameterization using Reference Class 1

 C#2      ON
    VERBM_Z         -0.897      -0.692      -0.588      -0.040       0.508       0.612       0.817

 C#3      ON
    VERBM_Z         -0.243      -0.025       0.087       0.670       1.252       1.364       1.582

 Intercepts
    C#2             -1.882      -1.588      -1.438      -0.653       0.132       0.282       0.576
    C#3             -0.381      -0.139      -0.015       0.631       1.276       1.400       1.642

Parameterization using Reference Class 2

 C#1      ON
    VERBM_Z         -0.817      -0.612      -0.508       0.040       0.588       0.692       0.897

 C#3      ON
    VERBM_Z         -0.038       0.141       0.232       0.710       1.187       1.278       1.457

 Intercepts
    C#1             -0.576      -0.282      -0.132       0.653       1.438       1.588       1.882
    C#3              0.406       0.616       0.723       1.284       1.844       1.952       2.162


CONFIDENCE INTERVALS FOR THE ODDS RATIO FOR THE ALTERNATIVE PARAMETERIZATIONS FOR THE
CATEGORICAL LATENT VARIABLE REGRESSION

Parameterization using Reference Class 1

 C#2      ON
    VERBM_Z          0.408       0.500       0.556       0.961       1.661       1.845       2.265

 C#3      ON
    VERBM_Z          0.785       0.976       1.091       1.953       3.498       3.911       4.864

Parameterization using Reference Class 2

 C#1      ON
    VERBM_Z          0.442       0.542       0.602       1.041       1.800       1.998       2.453

 C#3      ON
    VERBM_Z          0.963       1.151       1.261       2.033       3.277       3.591       4.293


CONFIDENCE INTERVALS OF STANDARDIZED MODEL RESULTS


STDYX Standardization

                  Lower .5%  Lower 2.5%    Lower 5%    Estimate    Upper 5%  Upper 2.5%   Upper .5%

Latent Class 1

 Means
    VERBM_Z         -0.984      -0.930      -0.902      -0.757      -0.612      -0.584      -0.529
    N#1              1.778       1.778       1.778       1.778       1.778       1.778       1.778
    N#2             -1.142      -1.142      -1.142      -1.142      -1.142      -1.142      -1.142

 Variances
    VERBM_Z          1.000       1.000       1.000       1.000       1.000       1.000       1.000

Latent Class 2

 Means
    VERBM_Z         -0.984      -0.930      -0.902      -0.757      -0.612      -0.584      -0.529
    N#1              0.278       0.278       0.278       0.278       0.278       0.278       0.278
    N#2              1.326       1.326       1.326       1.326       1.326       1.326       1.326

 Variances
    VERBM_Z          1.000       1.000       1.000       1.000       1.000       1.000       1.000

Latent Class 3

 Means
    VERBM_Z         -0.984      -0.930      -0.902      -0.757      -0.612      -0.584      -0.529
    N#1             -1.822      -1.822      -1.822      -1.822      -1.822      -1.822      -1.822
    N#2             -2.898      -2.898      -2.898      -2.898      -2.898      -2.898      -2.898

 Variances
    VERBM_Z          1.000       1.000       1.000       1.000       1.000       1.000       1.000


STDY Standardization

                  Lower .5%  Lower 2.5%    Lower 5%    Estimate    Upper 5%  Upper 2.5%   Upper .5%

Latent Class 1

 Means
    VERBM_Z         -0.984      -0.930      -0.902      -0.757      -0.612      -0.584      -0.529
    N#1              1.778       1.778       1.778       1.778       1.778       1.778       1.778
    N#2             -1.142      -1.142      -1.142      -1.142      -1.142      -1.142      -1.142

 Variances
    VERBM_Z          1.000       1.000       1.000       1.000       1.000       1.000       1.000

Latent Class 2

 Means
    VERBM_Z         -0.984      -0.930      -0.902      -0.757      -0.612      -0.584      -0.529
    N#1              0.278       0.278       0.278       0.278       0.278       0.278       0.278
    N#2              1.326       1.326       1.326       1.326       1.326       1.326       1.326

 Variances
    VERBM_Z          1.000       1.000       1.000       1.000       1.000       1.000       1.000

Latent Class 3

 Means
    VERBM_Z         -0.984      -0.930      -0.902      -0.757      -0.612      -0.584      -0.529
    N#1             -1.822      -1.822      -1.822      -1.822      -1.822      -1.822      -1.822
    N#2             -2.898      -2.898      -2.898      -2.898      -2.898      -2.898      -2.898

 Variances
    VERBM_Z          1.000       1.000       1.000       1.000       1.000       1.000       1.000


STD Standardization

                  Lower .5%  Lower 2.5%    Lower 5%    Estimate    Upper 5%  Upper 2.5%   Upper .5%

Latent Class 1

 Means
    VERBM_Z         -1.191      -1.122      -1.087      -0.903      -0.719      -0.684      -0.615
    N#1              1.778       1.778       1.778       1.778       1.778       1.778       1.778
    N#2             -1.142      -1.142      -1.142      -1.142      -1.142      -1.142      -1.142

 Variances
    VERBM_Z          1.037       1.130       1.177       1.424       1.670       1.718       1.810

Latent Class 2

 Means
    VERBM_Z         -1.191      -1.122      -1.087      -0.903      -0.719      -0.684      -0.615
    N#1              0.278       0.278       0.278       0.278       0.278       0.278       0.278
    N#2              1.326       1.326       1.326       1.326       1.326       1.326       1.326

 Variances
    VERBM_Z          1.037       1.130       1.177       1.424       1.670       1.718       1.810

Latent Class 3

 Means
    VERBM_Z         -1.191      -1.122      -1.087      -0.903      -0.719      -0.684      -0.615
    N#1             -1.822      -1.822      -1.822      -1.822      -1.822      -1.822      -1.822
    N#2             -2.898      -2.898      -2.898      -2.898      -2.898      -2.898      -2.898

 Variances
    VERBM_Z          1.037       1.130       1.177       1.424       1.670       1.718       1.810


TECHNICAL 7 OUTPUT


     SAMPLE STATISTICS WEIGHTED BY ESTIMATED CLASS PROBABILITIES FOR CLASS 1


           Means
              VERBM_Z
              ________
               -1.252


           Covariances
              VERBM_Z
              ________
 VERBM_Z        1.624


     SAMPLE STATISTICS WEIGHTED BY ESTIMATED CLASS PROBABILITIES FOR CLASS 2


           Means
              VERBM_Z
              ________
               -1.314


           Covariances
              VERBM_Z
              ________
 VERBM_Z        1.075


     SAMPLE STATISTICS WEIGHTED BY ESTIMATED CLASS PROBABILITIES FOR CLASS 3


           Means
              VERBM_Z
              ________
               -0.419


           Covariances
              VERBM_Z
              ________
 VERBM_Z        1.090


     UNIVARIATE SAMPLE DISTRIBUTIONS FOR CLASS 1

     Variable
     N
       Category 1        0.818
       Category 2        0.044
       Category 3        0.138


     UNIVARIATE SAMPLE DISTRIBUTIONS FOR CLASS 2

     Variable
     N
       Category 1        0.217
       Category 2        0.619
       Category 3        0.164


     UNIVARIATE SAMPLE DISTRIBUTIONS FOR CLASS 3

     Variable
     N
       Category 1        0.135
       Category 2        0.044
       Category 3        0.822


     Beginning Time:  17:19:47
        Ending Time:  17:19:49
       Elapsed Time:  00:00:02



MUTHEN & MUTHEN
3463 Stoner Ave.
Los Angeles, CA  90066

Tel: (310) 391-9971
Fax: (310) 391-8971
Web: www.StatModel.com
Support: Support@StatModel.com

Copyright (c) 1998-2021 Muthen & Muthen
