Mplus VERSION 8.6 (Mac)
MUTHEN & MUTHEN
07/28/2023   3:57 PM

INPUT INSTRUCTIONS

  TITLE:
  GMM_CI_isq@0cub@0_C_223_113 - R3STEP_vism_z;
  DATA:
  FILE = "/Users/olivierpercie/Desktop/MplusLGM/SANS/Results/R3STEP/vism_z_R3STEP.dat";

  VARIABLE:
  NAMES = PIN SANS_0 SANS_1 SANS_2 SANS_3 SANS_6 SANS_9 SANS_12 SANS_18 SANS_24 I S Q
       CUB C_I C_S C_Q C_CUB CPROB1 CPROB2 CPROB3 N vism_z;
   MISSING=.;
   USEVAR = N vism_z;
  NOMINAL = N;
  CLASSES = c(3);
  ANALYSIS:
  TYPE = MIXTURE;
  ALGORITHM = INTEGRATION;
  INTEGRATION = MONTECARLO;
  STARTS = 0;
  PROCESSORS = 8;
  MODEL:
  %OVERALL%
  C ON vism_z;
  vism_z;
  %C#1%
  [N#1@1.778];
  [N#2@-1.142];
  %C#2%
  [N#1@0.278];
  [N#2@1.326];
  %C#3%
  [N#1@-1.822];
  [N#2@-2.898];
  OUTPUT:
  SAMPSTAT;
  STANDARDIZED;
  CINTERVAL;
  TECH7;



INPUT READING TERMINATED NORMALLY




GMM_CI_isq@0cub@0_C_223_113 - R3STEP_vism_z;

SUMMARY OF ANALYSIS

Number of groups                                                 1
Number of observations                                         404

Number of dependent variables                                    1
Number of independent variables                                  1
Number of continuous latent variables                            0
Number of categorical latent variables                           1

Observed dependent variables

  Unordered categorical (nominal)
   N

Observed independent variables
   VISM_Z

Categorical latent variables
   C


Estimator                                                      MLR
Information matrix                                        OBSERVED
Optimization Specifications for the Quasi-Newton Algorithm for
Continuous Outcomes
  Maximum number of iterations                                 100
  Convergence criterion                                  0.100D-05
Optimization Specifications for the EM Algorithm
  Maximum number of iterations                                 500
  Convergence criteria
    Loglikelihood change                                 0.100D-02
    Relative loglikelihood change                        0.100D-05
    Derivative                                           0.100D-02
Optimization Specifications for the M step of the EM Algorithm for
Categorical Latent variables
  Number of M step iterations                                    1
  M step convergence criterion                           0.100D-02
  Basis for M step termination                           ITERATION
Optimization Specifications for the M step of the EM Algorithm for
Censored, Binary or Ordered Categorical (Ordinal), Unordered
Categorical (Nominal) and Count Outcomes
  Number of M step iterations                                    1
  M step convergence criterion                           0.100D-02
  Basis for M step termination                           ITERATION
  Maximum value for logit thresholds                            15
  Minimum value for logit thresholds                           -15
  Minimum expected cell size for chi-square              0.100D-01
Maximum number of iterations for H1                           2000
Convergence criterion for H1                             0.100D-03
Optimization algorithm                                         EMA
Integration Specifications
  Type                                                  MONTECARLO
  Number of integration points                                 250
  Dimensions of numerical integration                            1
  Adaptive quadrature                                           ON
  Monte Carlo integration seed                                   0
Cholesky                                                       OFF

Input data file(s)
  /Users/olivierpercie/Desktop/MplusLGM/SANS/Results/R3STEP/vism_z_R3STEP.dat
Input data format  FREE


SUMMARY OF DATA

     Number of missing data patterns             2
     Number of y missing data patterns           2
     Number of u missing data patterns           0


COVARIANCE COVERAGE OF DATA

Minimum covariance coverage value   0.100


     PROPORTION OF DATA PRESENT FOR Y


           Covariance Coverage
              VISM_Z
              ________
 VISM_Z         0.312


UNIVARIATE PROPORTIONS AND COUNTS FOR CATEGORICAL VARIABLES

    N
      Category 1    0.411          166.000
      Category 2    0.163           66.000
      Category 3    0.426          172.000


SAMPLE STATISTICS


     ESTIMATED SAMPLE STATISTICS


           Means
              VISM_Z
              ________
               -0.599


           Covariances
              VISM_Z
              ________
 VISM_Z         1.017


           Correlations
              VISM_Z
              ________
 VISM_Z         1.000


     MAXIMUM LOG-LIKELIHOOD VALUE FOR THE UNRESTRICTED (H1) MODEL IS -179.835


UNIVARIATE SAMPLE STATISTICS


     UNIVARIATE HIGHER-ORDER MOMENT DESCRIPTIVE STATISTICS

         Variable/         Mean/     Skewness/   Minimum/ % with                Percentiles
        Sample Size      Variance    Kurtosis    Maximum  Min/Max      20%/60%    40%/80%    Median

     VISM_Z               -0.599      -0.738      -4.300    0.79%      -1.359     -0.752     -0.534
             126.000       1.017       1.092       1.417    0.79%      -0.300      0.200


THE MODEL ESTIMATION TERMINATED NORMALLY



MODEL FIT INFORMATION

Number of Free Parameters                        6

Loglikelihood

          H0 Value                        -593.831
          H0 Scaling Correction Factor      1.0016
            for MLR

Information Criteria

          Akaike (AIC)                    1199.663
          Bayesian (BIC)                  1223.671
          Sample-Size Adjusted BIC        1204.632
            (n* = (n + 2) / 24)



FINAL CLASS COUNTS AND PROPORTIONS FOR THE LATENT CLASSES
BASED ON THE ESTIMATED MODEL

    Latent
   Classes

       1        153.70096          0.38045
       2         83.54006          0.20678
       3        166.75898          0.41277


FINAL CLASS COUNTS AND PROPORTIONS FOR THE LATENT CLASSES
BASED ON ESTIMATED POSTERIOR PROBABILITIES

    Latent
   Classes

       1        153.73737          0.38054
       2         83.55015          0.20681
       3        166.71248          0.41265


FINAL CLASS COUNTS AND PROPORTIONS FOR THE LATENT CLASSES
BASED ON THEIR MOST LIKELY LATENT CLASS MEMBERSHIP

Class Counts and Proportions

    Latent
   Classes

       1              166          0.41089
       2               66          0.16337
       3              172          0.42574


CLASSIFICATION QUALITY

     Entropy                         0.382


Average Latent Class Probabilities for Most Likely Latent Class Membership (Row)
by Latent Class (Column)

           1        2        3

    1   0.757    0.109    0.133
    2   0.103    0.783    0.114
    3   0.124    0.080    0.797


Classification Probabilities for the Most Likely Latent Class Membership (Column)
by Latent Class (Row)

           1        2        3

    1   0.818    0.044    0.138
    2   0.217    0.619    0.164
    3   0.133    0.045    0.822


Logits for the Classification Probabilities for the Most Likely Latent Class Membership (Column)
by Latent Class (Row)

              1        2        3

    1      1.778   -1.143    0.000
    2      0.278    1.325    0.000
    3     -1.822   -2.899    0.000


MODEL RESULTS

                                                    Two-Tailed
                    Estimate       S.E.  Est./S.E.    P-Value

Latent Class 1

 Means
    VISM_Z            -0.575      0.088     -6.500      0.000
    N#1                1.778      0.000    999.000    999.000
    N#2               -1.142      0.000    999.000    999.000

 Variances
    VISM_Z             1.010      0.154      6.562      0.000

Latent Class 2

 Means
    VISM_Z            -0.575      0.088     -6.500      0.000
    N#1                0.278      0.000    999.000    999.000
    N#2                1.326      0.000    999.000    999.000

 Variances
    VISM_Z             1.010      0.154      6.562      0.000

Latent Class 3

 Means
    VISM_Z            -0.575      0.088     -6.500      0.000
    N#1               -1.822      0.000    999.000    999.000
    N#2               -2.898      0.000    999.000    999.000

 Variances
    VISM_Z             1.010      0.154      6.562      0.000

Categorical Latent Variables

 C#1        ON
    VISM_Z             0.131      0.296      0.443      0.658

 C#2        ON
    VISM_Z             0.101      0.297      0.341      0.733

 Intercepts
    C#1               -0.005      0.239     -0.021      0.983
    C#2               -0.631      0.272     -2.318      0.020


QUALITY OF NUMERICAL RESULTS

     Condition Number for the Information Matrix              0.246E-03
       (ratio of smallest to largest eigenvalue)


LOGISTIC REGRESSION ODDS RATIO RESULTS

                                                95% C.I.
                    Estimate       S.E.  Lower 2.5% Upper 2.5%

Categorical Latent Variables

 C#1      ON
    VISM_Z             1.140      0.337      0.638      2.036

 C#2      ON
    VISM_Z             1.107      0.329      0.618      1.981


ALTERNATIVE PARAMETERIZATIONS FOR THE CATEGORICAL LATENT VARIABLE REGRESSION

                                                    Two-Tailed
                    Estimate       S.E.  Est./S.E.    P-Value

Parameterization using Reference Class 1

 C#2      ON
    VISM_Z            -0.030      0.336     -0.088      0.930

 C#3      ON
    VISM_Z            -0.131      0.296     -0.443      0.658

 Intercepts
    C#2               -0.625      0.282     -2.221      0.026
    C#3                0.005      0.239      0.021      0.983

Parameterization using Reference Class 2

 C#1      ON
    VISM_Z             0.030      0.336      0.088      0.930

 C#3      ON
    VISM_Z            -0.101      0.297     -0.341      0.733

 Intercepts
    C#1                0.625      0.282      2.221      0.026
    C#3                0.631      0.272      2.318      0.020


ODDS RATIO FOR THE ALTERNATIVE PARAMETERIZATIONS FOR THE CATEGORICAL LATENT VARIABLE REGRESSION

                                                95% C.I.
                    Estimate       S.E.  Lower 2.5% Upper 2.5%

Parameterization using Reference Class 1

 C#2      ON
    VISM_Z             0.971      0.326      0.502      1.876

 C#3      ON
    VISM_Z             0.877      0.260      0.491      1.567

Parameterization using Reference Class 2

 C#1      ON
    VISM_Z             1.030      0.346      0.533      1.991

 C#3      ON
    VISM_Z             0.904      0.269      0.505      1.618


STANDARDIZED MODEL RESULTS


STDYX Standardization

                                                    Two-Tailed
                    Estimate       S.E.  Est./S.E.    P-Value

Latent Class 1

 Means
    VISM_Z            -0.572      0.084     -6.842      0.000
    N#1                1.778      0.000    999.000    999.000
    N#2               -1.142      0.000    999.000    999.000

 Variances
    VISM_Z             1.000      0.000    999.000    999.000

Latent Class 2

 Means
    VISM_Z            -0.572      0.084     -6.842      0.000
    N#1                0.278      0.000    999.000    999.000
    N#2                1.326      0.000    999.000    999.000

 Variances
    VISM_Z             1.000      0.000    999.000    999.000

Latent Class 3

 Means
    VISM_Z            -0.572      0.084     -6.842      0.000
    N#1               -1.822      0.000    999.000    999.000
    N#2               -2.898      0.000    999.000    999.000

 Variances
    VISM_Z             1.000      0.000    999.000    999.000


STDY Standardization

                                                    Two-Tailed
                    Estimate       S.E.  Est./S.E.    P-Value

Latent Class 1

 Means
    VISM_Z            -0.572      0.084     -6.842      0.000
    N#1                1.778      0.000    999.000    999.000
    N#2               -1.142      0.000    999.000    999.000

 Variances
    VISM_Z             1.000      0.000    999.000    999.000

Latent Class 2

 Means
    VISM_Z            -0.572      0.084     -6.842      0.000
    N#1                0.278      0.000    999.000    999.000
    N#2                1.326      0.000    999.000    999.000

 Variances
    VISM_Z             1.000      0.000    999.000    999.000

Latent Class 3

 Means
    VISM_Z            -0.572      0.084     -6.842      0.000
    N#1               -1.822      0.000    999.000    999.000
    N#2               -2.898      0.000    999.000    999.000

 Variances
    VISM_Z             1.000      0.000    999.000    999.000


STD Standardization

                                                    Two-Tailed
                    Estimate       S.E.  Est./S.E.    P-Value

Latent Class 1

 Means
    VISM_Z            -0.575      0.088     -6.500      0.000
    N#1                1.778      0.000    999.000    999.000
    N#2               -1.142      0.000    999.000    999.000

 Variances
    VISM_Z             1.010      0.154      6.562      0.000

Latent Class 2

 Means
    VISM_Z            -0.575      0.088     -6.500      0.000
    N#1                0.278      0.000    999.000    999.000
    N#2                1.326      0.000    999.000    999.000

 Variances
    VISM_Z             1.010      0.154      6.562      0.000

Latent Class 3

 Means
    VISM_Z            -0.575      0.088     -6.500      0.000
    N#1               -1.822      0.000    999.000    999.000
    N#2               -2.898      0.000    999.000    999.000

 Variances
    VISM_Z             1.010      0.154      6.562      0.000


CONFIDENCE INTERVALS OF MODEL RESULTS

                  Lower .5%  Lower 2.5%    Lower 5%    Estimate    Upper 5%  Upper 2.5%   Upper .5%

Latent Class 1

 Means
    VISM_Z          -0.802      -0.748      -0.720      -0.575      -0.429      -0.401      -0.347
    N#1              1.778       1.778       1.778       1.778       1.778       1.778       1.778
    N#2             -1.142      -1.142      -1.142      -1.142      -1.142      -1.142      -1.142

 Variances
    VISM_Z           0.614       0.709       0.757       1.010       1.264       1.312       1.407

Latent Class 2

 Means
    VISM_Z          -0.802      -0.748      -0.720      -0.575      -0.429      -0.401      -0.347
    N#1              0.278       0.278       0.278       0.278       0.278       0.278       0.278
    N#2              1.326       1.326       1.326       1.326       1.326       1.326       1.326

 Variances
    VISM_Z           0.614       0.709       0.757       1.010       1.264       1.312       1.407

Latent Class 3

 Means
    VISM_Z          -0.802      -0.748      -0.720      -0.575      -0.429      -0.401      -0.347
    N#1             -1.822      -1.822      -1.822      -1.822      -1.822      -1.822      -1.822
    N#2             -2.898      -2.898      -2.898      -2.898      -2.898      -2.898      -2.898

 Variances
    VISM_Z           0.614       0.709       0.757       1.010       1.264       1.312       1.407

Categorical Latent Variables

 C#1      ON
    VISM_Z          -0.631      -0.449      -0.356       0.131       0.618       0.711       0.893

 C#2      ON
    VISM_Z          -0.664      -0.481      -0.388       0.101       0.590       0.684       0.867

 Intercepts
    C#1             -0.622      -0.474      -0.399      -0.005       0.389       0.464       0.612
    C#2             -1.331      -1.164      -1.078      -0.631      -0.183      -0.097       0.070


CONFIDENCE INTERVALS FOR THE LOGISTIC REGRESSION ODDS RATIO RESULTS

Categorical Latent Variables

 C#1      ON
    VISM_Z           0.532       0.638       0.701       1.140       1.855       2.036       2.443

 C#2      ON
    VISM_Z           0.515       0.618       0.679       1.107       1.804       1.981       2.379


CONFIDENCE INTERVALS FOR THE ALTERNATIVE PARAMETERIZATIONS FOR THE CATEGORICAL LATENT VARIABLE REGRESSION

Parameterization using Reference Class 1

 C#2      ON
    VISM_Z          -0.896      -0.689      -0.583      -0.030       0.523       0.629       0.836

 C#3      ON
    VISM_Z          -0.893      -0.711      -0.618      -0.131       0.356       0.449       0.631

 Intercepts
    C#2             -1.351      -1.178      -1.089      -0.625      -0.162      -0.073       0.100
    C#3             -0.612      -0.464      -0.389       0.005       0.399       0.474       0.622

Parameterization using Reference Class 2

 C#1      ON
    VISM_Z          -0.836      -0.629      -0.523       0.030       0.583       0.689       0.896

 C#3      ON
    VISM_Z          -0.867      -0.684      -0.590      -0.101       0.388       0.481       0.664

 Intercepts
    C#1             -0.100       0.073       0.162       0.625       1.089       1.178       1.351
    C#3             -0.070       0.097       0.183       0.631       1.078       1.164       1.331


CONFIDENCE INTERVALS FOR THE ODDS RATIO FOR THE ALTERNATIVE PARAMETERIZATIONS FOR THE
CATEGORICAL LATENT VARIABLE REGRESSION

Parameterization using Reference Class 1

 C#2      ON
    VISM_Z           0.408       0.502       0.558       0.971       1.688       1.876       2.308

 C#3      ON
    VISM_Z           0.409       0.491       0.539       0.877       1.427       1.567       1.880

Parameterization using Reference Class 2

 C#1      ON
    VISM_Z           0.433       0.533       0.593       1.030       1.791       1.991       2.449

 C#3      ON
    VISM_Z           0.420       0.505       0.554       0.904       1.473       1.618       1.943


CONFIDENCE INTERVALS OF STANDARDIZED MODEL RESULTS


STDYX Standardization

                  Lower .5%  Lower 2.5%    Lower 5%    Estimate    Upper 5%  Upper 2.5%   Upper .5%

Latent Class 1

 Means
    VISM_Z          -0.787      -0.735      -0.709      -0.572      -0.434      -0.408      -0.356
    N#1              1.778       1.778       1.778       1.778       1.778       1.778       1.778
    N#2             -1.142      -1.142      -1.142      -1.142      -1.142      -1.142      -1.142

 Variances
    VISM_Z           1.000       1.000       1.000       1.000       1.000       1.000       1.000

Latent Class 2

 Means
    VISM_Z          -0.787      -0.735      -0.709      -0.572      -0.434      -0.408      -0.356
    N#1              0.278       0.278       0.278       0.278       0.278       0.278       0.278
    N#2              1.326       1.326       1.326       1.326       1.326       1.326       1.326

 Variances
    VISM_Z           1.000       1.000       1.000       1.000       1.000       1.000       1.000

Latent Class 3

 Means
    VISM_Z          -0.787      -0.735      -0.709      -0.572      -0.434      -0.408      -0.356
    N#1             -1.822      -1.822      -1.822      -1.822      -1.822      -1.822      -1.822
    N#2             -2.898      -2.898      -2.898      -2.898      -2.898      -2.898      -2.898

 Variances
    VISM_Z           1.000       1.000       1.000       1.000       1.000       1.000       1.000


STDY Standardization

                  Lower .5%  Lower 2.5%    Lower 5%    Estimate    Upper 5%  Upper 2.5%   Upper .5%

Latent Class 1

 Means
    VISM_Z          -0.787      -0.735      -0.709      -0.572      -0.434      -0.408      -0.356
    N#1              1.778       1.778       1.778       1.778       1.778       1.778       1.778
    N#2             -1.142      -1.142      -1.142      -1.142      -1.142      -1.142      -1.142

 Variances
    VISM_Z           1.000       1.000       1.000       1.000       1.000       1.000       1.000

Latent Class 2

 Means
    VISM_Z          -0.787      -0.735      -0.709      -0.572      -0.434      -0.408      -0.356
    N#1              0.278       0.278       0.278       0.278       0.278       0.278       0.278
    N#2              1.326       1.326       1.326       1.326       1.326       1.326       1.326

 Variances
    VISM_Z           1.000       1.000       1.000       1.000       1.000       1.000       1.000

Latent Class 3

 Means
    VISM_Z          -0.787      -0.735      -0.709      -0.572      -0.434      -0.408      -0.356
    N#1             -1.822      -1.822      -1.822      -1.822      -1.822      -1.822      -1.822
    N#2             -2.898      -2.898      -2.898      -2.898      -2.898      -2.898      -2.898

 Variances
    VISM_Z           1.000       1.000       1.000       1.000       1.000       1.000       1.000


STD Standardization

                  Lower .5%  Lower 2.5%    Lower 5%    Estimate    Upper 5%  Upper 2.5%   Upper .5%

Latent Class 1

 Means
    VISM_Z          -0.802      -0.748      -0.720      -0.575      -0.429      -0.401      -0.347
    N#1              1.778       1.778       1.778       1.778       1.778       1.778       1.778
    N#2             -1.142      -1.142      -1.142      -1.142      -1.142      -1.142      -1.142

 Variances
    VISM_Z           0.614       0.709       0.757       1.010       1.264       1.312       1.407

Latent Class 2

 Means
    VISM_Z          -0.802      -0.748      -0.720      -0.575      -0.429      -0.401      -0.347
    N#1              0.278       0.278       0.278       0.278       0.278       0.278       0.278
    N#2              1.326       1.326       1.326       1.326       1.326       1.326       1.326

 Variances
    VISM_Z           0.614       0.709       0.757       1.010       1.264       1.312       1.407

Latent Class 3

 Means
    VISM_Z          -0.802      -0.748      -0.720      -0.575      -0.429      -0.401      -0.347
    N#1             -1.822      -1.822      -1.822      -1.822      -1.822      -1.822      -1.822
    N#2             -2.898      -2.898      -2.898      -2.898      -2.898      -2.898      -2.898

 Variances
    VISM_Z           0.614       0.709       0.757       1.010       1.264       1.312       1.407


TECHNICAL 7 OUTPUT


     SAMPLE STATISTICS WEIGHTED BY ESTIMATED CLASS PROBABILITIES FOR CLASS 1


           Means
              VISM_Z
              ________
               -0.513


           Covariances
              VISM_Z
              ________
 VISM_Z         0.921


     SAMPLE STATISTICS WEIGHTED BY ESTIMATED CLASS PROBABILITIES FOR CLASS 2


           Means
              VISM_Z
              ________
               -0.555


           Covariances
              VISM_Z
              ________
 VISM_Z         0.767


     SAMPLE STATISTICS WEIGHTED BY ESTIMATED CLASS PROBABILITIES FOR CLASS 3


           Means
              VISM_Z
              ________
               -0.664


           Covariances
              VISM_Z
              ________
 VISM_Z         1.146


     UNIVARIATE SAMPLE DISTRIBUTIONS FOR CLASS 1

     Variable
     N
       Category 1        0.818
       Category 2        0.044
       Category 3        0.138


     UNIVARIATE SAMPLE DISTRIBUTIONS FOR CLASS 2

     Variable
     N
       Category 1        0.217
       Category 2        0.619
       Category 3        0.164


     UNIVARIATE SAMPLE DISTRIBUTIONS FOR CLASS 3

     Variable
     N
       Category 1        0.133
       Category 2        0.045
       Category 3        0.822


     Beginning Time:  15:57:53
        Ending Time:  15:57:54
       Elapsed Time:  00:00:01



MUTHEN & MUTHEN
3463 Stoner Ave.
Los Angeles, CA  90066

Tel: (310) 391-9971
Fax: (310) 391-8971
Web: www.StatModel.com
Support: Support@StatModel.com

Copyright (c) 1998-2021 Muthen & Muthen
