Mplus VERSION 8.6 (Mac)
MUTHEN & MUTHEN
02/09/2023   3:23 PM

INPUT INSTRUCTIONS

  TITLE:
  D3STEP_SANS_24 - GBTM_P2_K2_S1000;

  DATA:
  FILE = "/Users/olivierpercie/Desktop/MplusLGM/usevar/Results/D3STEP/SANS_24_D3STEP.dat";

  VARIABLE:
  NAMES = PIN SOFAS_0 SOFAS_12 SOFAS_24 I S Q C_I C_S C_Q CPROB1 CPROB2 N SANS_24;
   MISSING=.;
   USEVAR = SANS_24 N;
  NOMINAL = N;
  CLASSES = c(2);
  ANALYSIS:
  TYPE = MIXTURE;
  STARTS = 0;
  PROCESSORS = 8;
  MODEL:
  %OVERALL%
  %C#1%
  [N#1@2.378];
  [NSR_at3$1](M1);
  %C#2%
  [N#1@-1.949];
  [NSR_at3$1](M1);
  MODEL CONSTRAINT:
  New (diff12);
  diff12  = M1 - M2;
  OUTPUT:
  SAMPSTAT;
  CINTERVAL;

*** ERROR in MODEL command
  Unknown variable(s):  NSR_AT3$1
  in line:  NSR_AT3$1


MUTHEN & MUTHEN
3463 Stoner Ave.
Los Angeles, CA  90066

Tel: (310) 391-9971
Fax: (310) 391-8971
Web: www.StatModel.com
Support: Support@StatModel.com

Copyright (c) 1998-2021 Muthen & Muthen
