Mplus VERSION 8.6 (Mac)
MUTHEN & MUTHEN
09/05/2023   7:52 PM

INPUT INSTRUCTIONS

  TITLE:
  GMM_CV_isq@0_CT
  DATA:
  FILE = "/Users/olivierpercie/Desktop/LGM/SOFAS/689/SOFAS/Results/GMM/CV/isq@0/GMM8.dat";

  VARIABLE:
  NAMES = pin SOFAS_0 SOFAS_12 SOFAS_24;
   MISSING=.;
   USEVAR = SOFAS_0 SOFAS_12 SOFAS_24;
  IDVAR = pin;
  CLASSES = c(2);
  ANALYSIS:
  TYPE = MIXTURE;
  STARTS = 4000 1000;
  K-1STARTS = 2000 500;
  DISTRIBUTION = NORMAL;
  PROCESSORS = 8;
  MODEL:
  %OVERALL%
  i s q | SOFAS_0@0 SOFAS_12@12 SOFAS_24@24;
  i s q@0;
  i WITH s q;
  s WITH q;
  SOFAS_0 SOFAS_12 SOFAS_24;
  %C#1%
  i s q@0;
  i WITH s q;
  s WITH q;
  SOFAS_0 (1);
  SOFAS_12 (2);
  SOFAS_24 (3);
  %C#2%
  i s q@0;
  i WITH s q;
  s WITH q;
  SOFAS_0 (4);
  SOFAS_12 (5);
  SOFAS_24 (6);
  OUTPUT:
  TECH7;
  TECH11;
  SAMPSTAT;
  STANDARDIZED;
  CINTERVAL;
  SAVEDATA:
  FILE = GMM_CV_isq@0_CT_est.dat;
  SAVE = CPROBABILITIES FSCORES;



*** WARNING in MODEL command
  All continuous latent variable covariances involving Q have been fixed to 0
  because the variance of Q is fixed at 0.
*** WARNING in MODEL command
  All continuous latent variable covariances involving Q have been fixed to 0
  because the variance of Q is fixed at 0.
*** WARNING in MODEL command
  All continuous latent variable covariances involving Q have been fixed to 0
  because the variance of Q is fixed at 0.
*** WARNING
  Data set contains cases with missing on all variables.
  These cases were not included in the analysis.
  Number of cases with missing on all variables:  39
   4 WARNING(S) FOUND IN THE INPUT INSTRUCTIONS




GMM_CV_isq@0_CT

SUMMARY OF ANALYSIS

Number of groups                                                 1
Number of observations                                         650

Number of dependent variables                                    3
Number of independent variables                                  0
Number of continuous latent variables                            3
Number of categorical latent variables                           1

Observed dependent variables

  Continuous
   SOFAS_0     SOFAS_12    SOFAS_24

Continuous latent variables
   I           S           Q

Categorical latent variables
   C

Variables with special functions

  ID variable           PIN

Estimator                                                      MLR
Information matrix                                        OBSERVED
Optimization Specifications for the Quasi-Newton Algorithm for
Continuous Outcomes
  Maximum number of iterations                                 100
  Convergence criterion                                  0.100D-05
Optimization Specifications for the EM Algorithm
  Maximum number of iterations                                 500
  Convergence criteria
    Loglikelihood change                                 0.100D-06
    Relative loglikelihood change                        0.100D-06
    Derivative                                           0.100D-05
Optimization Specifications for the M step of the EM Algorithm for
Categorical Latent variables
  Number of M step iterations                                    1
  M step convergence criterion                           0.100D-05
  Basis for M step termination                           ITERATION
Optimization Specifications for the M step of the EM Algorithm for
Censored, Binary or Ordered Categorical (Ordinal), Unordered
Categorical (Nominal) and Count Outcomes
  Number of M step iterations                                    1
  M step convergence criterion                           0.100D-05
  Basis for M step termination                           ITERATION
  Maximum value for logit thresholds                            15
  Minimum value for logit thresholds                           -15
  Minimum expected cell size for chi-square              0.100D-01
Maximum number of iterations for H1                           2000
Convergence criterion for H1                             0.100D-03
Optimization algorithm                                         EMA
Random Starts Specifications
  Number of initial stage random starts                       4000
  Number of final stage optimizations                         1000
  Number of initial stage iterations                            10
  Initial stage convergence criterion                    0.100D+01
  Random starts scale                                    0.500D+01
  Random seed for generating random starts                       0

Input data file(s)
  /Users/olivierpercie/Desktop/LGM/SOFAS/689/SOFAS/Results/GMM/CV/isq@0/GMM8.dat
Input data format  FREE


SUMMARY OF DATA

     Number of missing data patterns             7
     Number of y missing data patterns           7
     Number of u missing data patterns           0


COVARIANCE COVERAGE OF DATA

Minimum covariance coverage value   0.100


     PROPORTION OF DATA PRESENT FOR Y


           Covariance Coverage
              SOFAS_0       SOFAS_12      SOFAS_24
              ________      ________      ________
 SOFAS_0        0.937
 SOFAS_12       0.629         0.686
 SOFAS_24       0.426         0.388         0.452


SAMPLE STATISTICS


     ESTIMATED SAMPLE STATISTICS


           Means
              SOFAS_0       SOFAS_12      SOFAS_24
              ________      ________      ________
               40.586        61.623        64.583


           Covariances
              SOFAS_0       SOFAS_12      SOFAS_24
              ________      ________      ________
 SOFAS_0      167.781
 SOFAS_12      63.815       298.753
 SOFAS_24      51.633       178.934       325.325


           Correlations
              SOFAS_0       SOFAS_12      SOFAS_24
              ________      ________      ________
 SOFAS_0        1.000
 SOFAS_12       0.285         1.000
 SOFAS_24       0.221         0.574         1.000


     MAXIMUM LOG-LIKELIHOOD VALUE FOR THE UNRESTRICTED (H1) MODEL IS -5526.046


UNIVARIATE SAMPLE STATISTICS


     UNIVARIATE HIGHER-ORDER MOMENT DESCRIPTIVE STATISTICS

         Variable/         Mean/     Skewness/   Minimum/ % with                Percentiles
        Sample Size      Variance    Kurtosis    Maximum  Min/Max      20%/60%    40%/80%    Median

     SOFAS_0              40.558       0.732      15.000    0.16%      30.000     35.000     40.000
             609.000     167.692       0.207      85.000    0.16%      41.000     51.000
     SOFAS_12             61.531      -0.180      20.000    0.22%      45.000     55.000     61.000
             446.000     297.581      -0.825     100.000    0.22%      68.000     80.000
     SOFAS_24             63.724      -0.278       5.000    0.34%      50.000     60.000     65.000
             294.000     327.914      -0.630     100.000    0.68%      70.000     80.000

RANDOM STARTS RESULTS RANKED FROM THE BEST TO THE WORST LOGLIKELIHOOD VALUES


281 perturbed starting value run(s) did not converge or were rejected in the third stage.
Final stage loglikelihood values at local maxima, seeds, and initial stage start numbers:

           -5413.265  442158           2644
           -5413.265  14721            3180
           -5413.265  63231            935
           -5413.265  692357           2081
           -5413.265  860772           174
           -5413.265  640602           2778
           -5478.749  182461           1346
           -5478.749  949654           1704
           -5478.749  992610           3795
           -5478.749  665121           417
           -5478.749  354624           448
           -5478.749  359063           1108
           -5478.749  321574           1185
           -5478.749  266008           656
           -5478.749  864574           2650
           -5478.749  163116           1329
           -5478.749  188490           1460
           -5478.749  710445           792
           -5478.749  616776           3283
           -5478.749  472001           1791
           -5478.749  441191           361
           -5478.749  195353           225
           -5478.749  521575           313
           -5478.749  422103           62
           -5478.749  178475           231
           -5478.749  644297           340
           -5478.749  23012            352
           -5478.749  366533           484
           -5478.749  156309           2086
           -5478.749  638611           524
           -5478.749  77237            2141
           -5478.749  979988           2164
           -5478.749  944186           541
           -5478.749  176837           2193
           -5478.749  733337           1105
           -5478.749  623120           1114
           -5478.749  74049            2269
           -5478.749  396921           2282
           -5478.749  469158           1145
           -5478.749  767845           2297
           -5478.749  415769           1149
           -5478.749  753916           2300
           -5478.749  261601           1163
           -5478.749  827570           2341
           -5478.749  925846           2405
           -5478.749  582181           2417
           -5478.749  794804           1211
           -5478.749  606576           151
           -5478.749  832406           2449
           -5478.749  952860           2461
           -5478.749  442512           2468
           -5478.749  856737           1241
           -5478.749  493368           2483
           -5478.749  143659           2516
           -5478.749  421606           2526
           -5478.749  908248           2536
           -5478.749  85352            2562
           -5478.749  93523            2589
           -5478.749  930781           2594
           -5478.749  480009           2598
           -5478.749  193990           1303
           -5478.749  303803           2613
           -5478.749  941497           1317
           -5478.749  269586           2647
           -5478.749  13571            2669
           -5478.749  153302           2685
           -5478.749  641965           2699
           -5478.749  170954           86
           -5478.749  157105           2817
           -5478.749  209869           2861
           -5478.749  559773           1440
           -5478.749  685140           1450
           -5478.749  878749           728
           -5478.749  24384            2932
           -5478.749  925997           2951
           -5478.749  380941           2968
           -5478.749  802785           2969
           -5478.749  536017           2977
           -5478.749  674786           1496
           -5478.749  34900            3002
           -5478.749  854613           3023
           -5478.749  75643            3024
           -5478.749  595590           3027
           -5478.749  88388            1527
           -5478.749  109357           765
           -5478.749  354564           3098
           -5478.749  240241           3113
           -5478.749  40947            3116
           -5478.749  133285           3126
           -5478.749  585553           3136
           -5478.749  865890           1571
           -5478.749  580539           786
           -5478.749  995913           787
           -5478.749  252020           1585
           -5478.749  829575           3177
           -5478.749  604861           800
           -5478.749  627151           1601
           -5478.749  332917           3212
           -5478.749  496344           808
           -5478.749  863643           1619
           -5478.749  754057           3252
           -5478.749  170194           1653
           -5478.749  598245           1655
           -5478.749  427979           3337
           -5478.749  275003           1674
           -5478.749  719798           1678
           -5478.749  137767           3361
           -5478.749  131063           843
           -5478.749  558535           3475
           -5478.749  492814           1746
           -5478.749  294492           3513
           -5478.749  4730             1760
           -5478.749  219035           3545
           -5478.749  141171           3553
           -5478.749  981727           1781
           -5478.749  353580           1794
           -5478.749  647125           3590
           -5478.749  304444           3594
           -5478.749  165822           1803
           -5478.749  496935           1805
           -5478.749  930501           1819
           -5478.749  567252           1843
           -5478.749  491690           3688
           -5478.749  950120           3742
           -5478.749  910119           1886
           -5478.749  376411           473
           -5478.749  589483           950
           -5478.749  170662           3825
           -5478.749  884242           957
           -5478.749  131921           3841
           -5478.749  442009           3848
           -5478.749  856347           1927
           -5478.749  297994           3862
           -5478.749  108881           3869
           -5478.749  956984           3898
           -5478.749  804821           3936
           -5478.749  929361           1971
           -5478.749  435506           988
           -5478.749  927045           1994
           -5478.749  321422           3998
           -5478.749  662162           4000
           -5478.749  613319           2008
           -5478.749  250631           2013
           -5478.749  262076           2015
           -5478.749  910119           2034
           -5478.749  407168           44
           -5478.749  329127           185
           -5478.749  722748           346
           -5478.749  284109           82
           -5478.749  259507           53
           -5478.749  913639           162
           -5478.749  732596           320
           -5478.749  751054           117
           -5478.749  787985           482
           -5478.749  788796           145
           -5478.749  679832           302
           -5478.749  535063           329
           -5478.749  443442           380
           -5478.749  188640           451
           -5478.749  319575           499
           -5478.749  996231           310
           -5478.749  791396           243
           -5478.749  830392           35
           -5478.749  411615           171
           -5478.749  903420           5
           -5478.749  507154           387
           -5478.749  965994           396
           -5478.749  505879           424
           -5478.749  582296           452
           -5478.749  260601           36
           -5478.749  957392           79
           -5478.749  791285           416
           -5478.749  42638            2048
           -5478.749  36077            2054
           -5478.749  634388           2055
           -5478.749  19374            2062
           -5478.749  460521           1032
           -5478.749  786248           2076
           -5478.749  320864           2078
           -5478.749  520685           2084
           -5478.749  486622           522
           -5478.749  971278           2094
           -5478.749  162030           1047
           -5478.749  190781           2095
           -5478.749  231581           1048
           -5478.749  454111           2097
           -5478.749  995249           525
           -5478.749  104688           2107
           -5478.749  259758           1054
           -5478.749  104520           1065
           -5478.749  481592           2133
           -5478.749  313407           132
           -5478.749  987012           1067
           -5478.749  25174            2136
           -5478.749  535011           2147
           -5478.749  813605           2152
           -5478.749  723035           538
           -5478.749  154575           539
           -5478.749  808376           2161
           -5478.749  672643           1085
           -5478.749  731610           1087
           -5478.749  88140            1089
           -5478.749  592043           1090
           -5478.749  897782           545
           -5478.749  754267           2203
           -5478.749  350074           2220
           -5478.749  51011            1111
           -5478.749  736746           2224
           -5478.749  43897            2230
           -5478.749  574942           558
           -5478.749  519357           559
           -5478.749  358074           560
           -5478.749  953205           2247
           -5478.749  690314           1128
           -5478.749  171931           2257
           -5478.749  831410           567
           -5478.749  789564           2275
           -5478.749  243072           2286
           -5478.749  938409           1144
           -5478.749  475420           71
           -5478.749  866183           2319
           -5478.749  8089             2326
           -5478.749  165213           2343
           -5478.749  788599           1180
           -5478.749  465028           2361
           -5478.749  932960           2369
           -5478.749  112482           2373
           -5478.749  615589           2389
           -5478.749  447667           2408
           -5478.749  402699           604
           -5478.749  68985            17
           -5478.749  887941           2425
           -5478.749  781442           1230
           -5478.749  16008            2464
           -5478.749  459547           2467
           -5478.749  807584           2470
           -5478.749  443741           1236
           -5478.749  293428           2473
           -5478.749  763285           620
           -5478.749  822698           621
           -5478.749  949451           2497
           -5478.749  59651            2517
           -5478.749  590471           2534
           -5478.749  705631           1269
           -5478.749  612586           2543
           -5478.749  322790           636
           -5478.749  921206           1277
           -5478.749  97300            640
           -5478.749  865906           641
           -5478.749  670915           2568
           -5478.749  638977           643
           -5478.749  124829           1292
           -5478.749  120855           2585
           -5478.749  505784           2597
           -5478.749  167220           2608
           -5478.749  461409           1310
           -5478.749  939870           655
           -5478.749  101894           2632
           -5478.749  599729           658
           -5478.749  934413           2635
           -5478.749  537745           1324
           -5478.749  20976            1336
           -5478.749  696830           668
           -5478.749  404917           1338
           -5478.749  59963            670
           -5478.749  188340           1343
           -5478.749  953815           1347
           -5478.749  149379           2696
           -5478.749  679890           2703
           -5478.749  282806           2710
           -5478.749  393453           1355
           -5478.749  2292             2715
           -5478.749  266340           683
           -5478.749  106561           686
           -5478.749  842091           1373
           -5478.749  741884           2752
           -5478.749  488581           688
           -5478.749  667170           1379
           -5478.749  865693           1380
           -5478.749  320884           1390
           -5478.749  227999           1392
           -5478.749  536551           696
           -5478.749  488663           2790
           -5478.749  848505           2799
           -5478.749  555330           1400
           -5478.749  900432           2808
           -5478.749  432960           2818
           -5478.749  228271           1422
           -5478.749  763867           2897
           -5478.749  185064           1449
           -5478.749  892583           2900
           -5478.749  386915           2902
           -5478.749  709906           2904
           -5478.749  991258           2910
           -5478.749  657909           2912
           -5478.749  779009           1458
           -5478.749  467957           2919
           -5478.749  42523            730
           -5478.749  792772           2930
           -5478.749  551829           1466
           -5478.749  109208           2938
           -5478.749  131251           2939
           -5478.749  540217           1477
           -5478.749  953003           1478
           -5478.749  277422           1485
           -5478.749  584602           2973
           -5478.749  258251           2982
           -5478.749  682382           2984
           -5478.749  398584           2989
           -5478.749  470921           2993
           -5478.749  695486           1500
           -5478.749  236640           3013
           -5478.749  111066           1509
           -5478.749  958223           3032
           -5478.749  93229            3047
           -5478.749  839525           3054
           -5478.749  182318           1536
           -5478.749  238262           1541
           -5478.749  979276           3085
           -5478.749  586121           3107
           -5478.749  214821           3108
           -5478.749  595619           779
           -5478.749  158480           3119
           -5478.749  935426           3142
           -5478.749  53570            3143
           -5478.749  903246           3176
           -5478.749  743613           3179
           -5478.749  364895           1590
           -5478.749  907810           795
           -5478.749  71086            3199
           -5478.749  276397           3205
           -5478.749  568859           49
           -5478.749  64791            3208
           -5478.749  529308           3209
           -5478.749  32468            1606
           -5478.749  224806           3213
           -5478.749  755386           3214
           -5478.749  142853           3228
           -5478.749  649554           3231
           -5478.749  328661           813
           -5478.749  64717            1631
           -5478.749  599524           3268
           -5478.749  852387           3269
           -5478.749  178659           1637
           -5478.749  371246           101
           -5478.749  627047           3288
           -5478.749  551282           1657
           -5478.749  82200            830
           -5478.749  269990           3326
           -5478.749  839844           1663
           -5478.749  544009           842
           -5478.749  784646           1687
           -5478.749  766824           3385
           -5478.749  857751           3415
           -5478.749  164804           3420
           -5478.749  290366           1715
           -5478.749  977507           1716
           -5478.749  903141           3435
           -5478.749  465160           862
           -5478.749  767770           1725
           -5478.749  322964           3451
           -5478.749  785023           3454
           -5478.749  178337           1727
           -5478.749  576960           3456
           -5478.749  883488           3465
           -5478.749  212241           3466
           -5478.749  993088           1740
           -5478.749  589391           3484
           -5478.749  899062           3493
           -5478.749  232480           3496
           -5478.749  999729           3503
           -5478.749  371378           3506
           -5478.749  398067           1759
           -5478.749  685155           1761
           -5478.749  271319           1765
           -5478.749  834916           3532
           -5478.749  330328           3541
           -5478.749  504861           1771
           -5478.749  359053           3552
           -5478.749  857122           889
           -5478.749  719490           1780
           -5478.749  65917            3572
           -5478.749  980970           894
           -5478.749  72344            897
           -5478.749  627795           3604
           -5478.749  513179           3613
           -5478.749  643723           1807
           -5478.749  574728           3619
           -5478.749  181069           1810
           -5478.749  879211           453
           -5478.749  704532           3637
           -5478.749  414110           1821
           -5478.749  517379           3644
           -5478.749  666197           3650
           -5478.749  189568           3651
           -5478.749  796166           3654
           -5478.749  738069           1830
           -5478.749  928789           3670
           -5478.749  396614           918
           -5478.749  530559           1845
           -5478.749  972349           3700
           -5478.749  269529           1850
           -5478.749  420910           928
           -5478.749  242576           3728
           -5478.749  812578           1865
           -5478.749  65952            933
           -5478.749  331689           1872
           -5478.749  32422            3759
           -5478.749  250295           1884
           -5478.749  611668           3776
           -5478.749  985325           1890
           -5478.749  612218           3784
           -5478.749  228459           947
           -5478.749  673336           1899
           -5478.749  239088           1902
           -5478.749  307652           3808
           -5478.749  501017           1904
           -5478.749  203018           3813
           -5478.749  206705           3822
           -5478.749  953267           3840
           -5478.749  72450            1922
           -5478.749  476295           969
           -5478.749  820170           1944
           -5478.749  891481           1948
           -5478.749  307090           3900
           -5478.749  750839           3904
           -5478.749  614401           3907
           -5478.749  44842            3910
           -5478.749  666207           3924
           -5478.749  921550           3934
           -5478.749  179079           3958
           -5478.749  430395           3978
           -5478.749  118958           994
           -5478.749  254551           996
           -5478.749  664138           3993
           -5478.749  140806           1001
           -5478.749  588887           2025
           -5478.749  247610           2039
           -5478.749  818278           2043
           -5478.749  862607           468
           -5478.749  849670           347
           -5478.749  165853           105
           -5478.749  156536           245
           -5478.749  887580           493
           -5478.749  432148           30
           -5478.749  316165           299
           -5478.749  360419           356
           -5478.749  73576            213
           -5478.749  640833           434
           -5478.749  879338           309
           -5478.749  963053           43
           -5478.749  53621            483
           -5478.749  978781           497
           -5478.749  691234           250
           -5478.749  997222           229
           -5478.749  349360           464
           -5478.749  105435           265
           -5478.749  621542           375
           -5478.749  978061           488
           -5478.749  405079           68
           -5478.749  303634           169
           -5478.749  85114            385
           -5478.749  797594           234
           -5478.749  76337            76
           -5478.749  780698           337
           -5478.749  407108           366
           -5478.749  57226            208
           -5478.749  224950           455
           -5478.749  971693           470
           -5478.749  981480           1025
           -5478.749  819358           2093
           -5478.749  715255           523
           -5478.749  616917           261
           -5478.749  900817           1060
           -5478.749  704798           530
           -5478.749  282955           1073
           -5478.749  592184           2155
           -5478.749  356951           2178
           -5478.749  441118           1091
           -5478.749  25294            2192
           -5478.749  69133            1097
           -5478.749  554395           2195
           -5478.749  179090           2206
           -5478.749  652184           2207
           -5478.749  172913           557
           -5478.749  691251           2249
           -5478.749  312754           562
           -5478.749  63236            2258
           -5478.749  765589           1140
           -5478.749  117731           570
           -5478.749  203099           2298
           -5478.749  814305           2301
           -5478.749  367213           2313
           -5478.749  908201           2317
           -5478.749  901159           1166
           -5478.749  358083           2344
           -5478.749  650387           2345
           -5478.749  4395             2391
           -5478.749  951352           2419
           -5478.749  738551           1214
           -5478.749  842637           2453
           -5478.749  101641           2481
           -5478.749  681671           1253
           -5478.749  449171           1260
           -5478.749  377584           630
           -5478.749  182163           1264
           -5478.749  798541           1266
           -5478.749  209421           2547
           -5478.749  667455           2558
           -5478.749  512360           2565
           -5478.749  62835            642
           -5478.749  421051           1287
           -5478.749  162072           2595
           -5478.749  864683           2606
           -5478.749  634407           2620
           -5478.749  358449           2627
           -5478.749  465996           2638
           -5478.749  660326           2639
           -5478.749  617658           660
           -5478.749  993504           2658
           -5478.749  84256            2662
           -5478.749  88767            2700
           -5478.749  404042           675
           -5478.749  574412           679
           -5478.749  908977           2740
           -5478.749  450181           2760
           -5478.749  832850           2779
           -5478.749  947822           2797
           -5478.749  855963           1408
           -5478.749  288190           2844
           -5478.749  372635           2849
           -5478.749  602306           2856
           -5478.749  89016            1428
           -5478.749  338892           1432
           -5478.749  633668           2874
           -5478.749  574727           1437
           -5478.749  413363           2884
           -5478.749  512630           2886
           -5478.749  708042           1444
           -5478.749  803816           2909
           -5478.749  464174           1461
           -5478.749  231400           738
           -5478.749  950970           2963
           -5478.749  713348           2976
           -5478.749  809654           1491
           -5478.749  919217           1501
           -5478.749  746057           3003
           -5478.749  308582           752
           -5478.749  626264           3014
           -5478.749  80226            3041
           -5478.749  91413            3045
           -5478.749  426169           1544
           -5478.749  904241           3093
           -5478.749  467054           3103
           -5478.749  570681           777
           -5478.749  797493           1563
           -5478.749  663031           1566
           -5478.749  587750           3135
           -5478.749  590834           785
           -5478.749  398349           3156
           -5478.749  227770           3166
           -5478.749  232654           3169
           -5478.749  505528           1604
           -5478.749  432765           1609
           -5478.749  417713           3222
           -5478.749  845580           805
           -5478.749  377751           3260
           -5478.749  420067           3267
           -5478.749  168888           817
           -5478.749  614098           3308
           -5478.749  85666            1654
           -5478.749  275475           413
           -5478.749  760599           832
           -5478.749  698420           3334
           -5478.749  895274           3342
           -5478.749  146857           1673
           -5478.749  778787           1677
           -5478.749  387354           3356
           -5478.749  914505           838
           -5478.749  198168           3382
           -5478.749  712456           3386
           -5478.749  177175           851
           -5478.749  410745           3424
           -5478.749  965074           1719
           -5478.749  826811           1721
           -5478.749  966924           3444
           -5478.749  109599           3448
           -5478.749  125089           1730
           -5478.749  255016           1731
           -5478.749  483093           3467
           -5478.749  433121           3473
           -5478.749  582916           1747
           -5478.749  15160            3507
           -5478.749  978555           3508
           -5478.749  149046           1755
           -5478.749  805768           879
           -5478.749  557917           3523
           -5478.749  457017           1762
           -5478.749  100595           1766
           -5478.749  446528           3538
           -5478.749  926659           3548
           -5478.749  299774           1777
           -5478.749  995233           3558
           -5478.749  540314           3561
           -5478.749  670286           3582
           -5478.749  415527           3602
           -5478.749  400467           1806
           -5478.749  899876           1808
           -5478.749  725009           3633
           -5478.749  484116           915
           -5478.749  227272           1831
           -5478.749  291035           3696
           -5478.749  572342           1848
           -5478.749  354483           1851
           -5478.749  187594           3708
           -5478.749  74518            927
           -5478.749  342197           3777
           -5478.749  11397            944
           -5478.749  279482           1895
           -5478.749  758647           951
           -5478.749  479256           1915
           -5478.749  270107           3831
           -5478.749  933977           1918
           -5478.749  448388           3844
           -5478.749  155749           960
           -5478.749  195981           3849
           -5478.749  424772           3852
           -5478.749  181512           3866
           -5478.749  446548           3875
           -5478.749  467831           3896
           -5478.749  207917           976
           -5478.749  440696           3915
           -5478.749  211879           3922
           -5478.749  647472           3927
           -5478.749  883789           1967
           -5478.749  40588            1976
           -5478.749  572637           989
           -5478.749  988537           1980
           -5478.749  105624           3977
           -5478.749  426708           3987
           -5478.749  76204            2003
           -5478.749  169882           2005
           -5478.749  788293           1003
           -5478.749  420002           2011
           -5478.749  690330           2014
           -5478.749  425831           2022
           -5478.749  420636           2032
           -5478.749  935195           2040
           -5478.749  483369           270
           -5478.749  354208           196
           -5478.749  318230           46
           -5478.749  960438           116
           -5478.749  190339           102
           -5478.749  46437            153
           -5478.749  783102           433
           -5478.749  569131           26
           -5478.749  347515           24
           -5478.749  414284           158
           -5478.749  418686           338
           -5478.749  608849           224
           -5478.749  233050           2087
           -5478.749  186808           2105
           -5478.749  90353            2121
           -5478.749  60038            1064
           -5478.749  355674           540
           -5478.749  137654           1084
           -5478.749  691544           2183
           -5478.749  729267           2202
           -5478.749  387431           2211
           -5478.749  364671           2261
           -5478.749  410793           1134
           -5478.749  889020           2277
           -5478.749  52010            2350
           -5478.749  573976           1217
           -5478.749  697540           2448
           -5478.749  805935           615
           -5478.749  785309           2490
           -5478.749  896153           1265
           -5478.749  877707           2564
           -5478.749  291388           2571
           -5478.749  668003           647
           -5478.749  338858           1342
           -5478.749  43393            2751
           -5478.749  638862           2753
           -5478.749  115653           1387
           -5478.749  158725           2825
           -5478.749  33659            1435
           -5478.749  949311           2889
           -5478.749  374171           2920
           -5478.749  107362           2928
           -5478.749  451348           2972
           -5478.749  550800           1488
           -5478.749  487062           3009
           -5478.749  718593           3083
           -5478.749  948834           3090
           -5478.749  453384           1545
           -5478.749  276071           1551
           -5478.749  883576           3118
           -5478.749  755611           3182
           -5478.749  630121           3187
           -5478.749  785277           1603
           -5478.749  19333            3229
           -5478.749  238317           812
           -5478.749  431630           3264
           -5478.749  812064           3427
           -5478.749  821678           3482
           -5478.749  485635           876
           -5478.749  269874           1756
           -5478.749  459408           3621
           -5478.749  439638           3625
           -5478.749  480926           1824
           -5478.749  370434           1832
           -5478.749  764609           3667
           -5478.749  946467           3724
           -5478.749  133843           3729
           -5478.749  62304            1885
           -5478.749  900041           3785
           -5478.749  848382           3790
           -5478.749  673681           3809
           -5478.749  816765           959
           -5478.749  286621           3857
           -5478.749  444363           1936
           -5478.749  604729           3891
           -5478.749  730868           977
           -5478.749  608763           3918
           -5478.749  112441           3926
           -5478.749  312951           3935
           -5478.749  869520           3943
           -5478.749  266349           1989
           -5478.749  497522           502
           -5478.749  596257           405
           -5478.749  76451            211
           -5478.749  928287           197
           -5478.749  789985           67
           -5478.749  562716           300
           -5478.749  325724           1043
           -5478.749  217645           2102
           -5478.749  268642           2114
           -5478.749  578567           2212
           -5478.749  324372           2214
           -5478.749  703783           2346
           -5478.749  360597           1174
           -5478.749  818353           1256
           -5478.749  976103           1289
           -5478.749  60547            2590
           -5478.749  829540           324
           -5478.749  242319           2616
           -5478.749  78021            2731
           -5478.749  916339           2764
           -5478.749  669639           699
           -5478.749  607072           717
           -5478.749  364901           2873
           -5478.749  352849           2962
           -5478.749  10632            3008
           -5478.749  568279           1580
           -5478.749  355254           796
           -5478.749  815575           1593
           -5478.749  990322           3309
           -5478.749  968853           3327
           -5478.749  161998           3357
           -5478.749  576783           866
           -5478.749  869564           869
           -5478.749  802928           892
           -5478.749  460304           3764
           -5478.749  105990           3803
           -5478.749  990442           3892
           -5478.749  227786           1964
           -5478.749  888626           3959
           -5478.749  957086           1019
           -5478.749  965639           463
           -5478.749  351807           617
           -5478.749  432950           1244
           -5478.749  656945           1255
           -5478.749  369684           1309
           -5478.749  436639           2645
           -5478.749  917702           693
           -5478.749  149841           2987
           -5478.749  72387            3203
           -5478.749  768687           1953
           -5478.749  663189           3378
           -5478.749  473343           844
           -5478.749  777529           3477
           -5478.749  633122           3524
           -5478.749  987487           3627
           -5478.749  712638           1827
           -5478.749  121292           3717
           -5478.749  936879           3720
           -5478.749  605784           3836
           -5478.749  164643           1941
           -5478.749  961880           2019
           -5478.749  429335           2021
           -5478.749  231281           542
           -5478.749  708207           1158
           -5478.749  907407           2624
           -5478.749  837902           2663
           -5478.749  512403           719
           -5478.749  806904           3392
           -5478.749  670998           1876
           -5478.749  872743           374
           -5478.749  385042           2101
           -5478.749  552713           2232
           -5478.749  384859           1530
           -5478.749  474518           3111
           -5478.749  725083           3216
           -5478.749  129198           1928
           -5478.749  850840           232
           -5478.749  923427           2182
           -5478.749  350191           2671
           -5478.749  660650           2678
           -5478.749  15715            274
           -5478.749  741888           138
           -5478.749  289148           1092
           -5478.749  566739           575
           -5478.749  995255           2705
           -5478.749  964570           701
           -5478.749  892537           2957
           -5478.749  588056           3232
           -5478.749  972873           157
           -5478.749  661978           1281
           -5478.749  334766           2929
           -5478.749  954055           2952
           -5478.749  823392           479
           -5478.749  10968            1492
           -5478.749  648555           113
           -5478.749  560128           3233
           -5478.749  327927           908
           -5478.749  590437           3699
           -5478.749  470038           3874
           -5478.749  830529           279
           -5478.749  999935           2882
           -5478.749  821206           1840
           -5478.749  428783           1176
           -5478.749  156147           1186
           -5478.749  968256           3948
           -5478.749  243298           3953
           -5478.749  293349           2520
           -5478.749  772315           1958
           -5478.749  267983           228
           -5478.749  990598           3810
           -5478.749  692908           2561
           -5478.749  479662           3730
           -5478.749  255806           3901
           -5478.749  948615           140
           -5478.749  760898           3673
           -5478.749  175583           1362
           -5478.749  736574           414
           -5478.749  332331           1913
           -5478.749  422747           2730
           -5478.749  566943           1023
           -5478.749  329099           3992
           -5482.203  275864           2426
           -5482.203  767822           1293
           -5482.203  877914           3025
           -5482.203  769461           3606
           -5482.203  720696           2058
           -5482.203  24070            1212
           -5482.203  784282           2479
           -5482.203  9311             1597
           -5482.203  102845           1640
           -5482.203  671703           3340
           -5482.203  100874           108
           -5482.203  931558           898
           -5482.203  301180           236
           -5482.203  7033             2329
           -5482.203  62585            2342
           -5482.203  309989           2428
           -5482.203  291922           2463
           -5482.203  463473           1249
           -5482.203  510491           1275
           -5482.203  723136           2848
           -5482.203  667120           2859
           -5482.203  121729           3011
           -5482.203  176439           3235
           -5482.203  659367           3347
           -5482.203  720663           3478
           -5482.203  153153           1763
           -5482.203  494209           904
           -5482.203  607642           1838
           -5482.203  930218           3738
           -5482.203  499150           216
           -5482.203  168437           2127
           -5482.203  864006           1075
           -5482.203  893448           3352
           -5482.203  370466           41
           -5482.203  222177           2763
           -5482.203  895878           1216
           -5482.203  817298           967
           -5487.700  242713           1911
           -5490.103  824608           3603
           -5490.103  560824           3578
           -5490.103  79156            3698
           -5490.103  387016           1035
           -5490.103  442072           625
           -5490.103  296574           3320
           -5490.103  286735           175
           -5490.103  846194           93
           -5490.103  871438           561
           -5490.103  251680           794
           -5490.103  747511           3236
           -5490.103  235435           3726
           -5490.103  402225           2721
           -5490.103  529627           1542
           -5490.103  955502           1119
           -5490.103  537926           3314
           -5490.103  485590           3195
           -5490.103  871188           1261
           -5490.103  795438           3539
           -5490.103  690608           1800
           -5490.103  746966           1656
           -5490.103  798839           312
           -5490.103  335877           3566
           -5490.103  505244           582
           -5490.103  914368           3838
           -5493.070  173440           328
           -5493.070  836515           341
           -5493.070  982520           737
           -5494.103  956446           1081
           -5494.103  427062           3411
           -5501.988  321423           2787
           -5502.600  967588           1495
           -5502.600  739214           807
           -5502.600  369331           2758
           -5502.620  123098           2191
           -5502.620  664045           3406
           -5502.620  677447           3499
           -5502.620  331259           1947
           -5502.620  586510           1446
           -5502.620  946393           2216
           -5502.620  766903           505
           -5502.620  987560           985
           -5502.620  749808           3344
           -5502.620  770836           2614
           -5502.620  460407           2435
           -5502.620  456915           2092
           -5502.620  468731           1451
           -5502.620  399071           1007
           -5502.620  502495           724
           -5502.620  36642            2509
           -5502.620  794426           3076
           -5502.620  15150            3087
           -5502.620  966014           37
           -5502.620  975082           2079
           -5502.620  877705           3399
           -5504.522  941301           3117
           -5509.618  985883           3015
           -5510.917  177936           726

54 perturbed starting value run(s) did not converge or were rejected in the third stage.



THE BEST LOGLIKELIHOOD VALUE HAS BEEN REPLICATED.  RERUN WITH AT LEAST TWICE THE
RANDOM STARTS TO CHECK THAT THE BEST LOGLIKELIHOOD IS STILL OBTAINED AND REPLICATED.


THE MODEL ESTIMATION TERMINATED NORMALLY

     WARNING:  THE RESIDUAL COVARIANCE MATRIX (THETA) IN CLASS 2 IS NOT
     POSITIVE DEFINITE.  THIS COULD INDICATE A NEGATIVE VARIANCE/RESIDUAL
     VARIANCE FOR AN OBSERVED VARIABLE, A CORRELATION GREATER OR EQUAL TO ONE
     BETWEEN TWO OBSERVED VARIABLES, OR A LINEAR DEPENDENCY AMONG MORE THAN TWO
     OBSERVED VARIABLES.  CHECK THE RESULTS SECTION FOR MORE INFORMATION.
     PROBLEM INVOLVING VARIABLE SOFAS_24.


     WARNING:  THE LATENT VARIABLE COVARIANCE MATRIX (PSI) IN CLASS 2
     IS NOT POSITIVE DEFINITE.  THIS COULD INDICATE A NEGATIVE VARIANCE/
     RESIDUAL VARIANCE FOR A LATENT VARIABLE, A CORRELATION GREATER OR EQUAL
     TO ONE BETWEEN TWO LATENT VARIABLES, OR A LINEAR DEPENDENCY AMONG MORE
     THAN TWO LATENT VARIABLES.  CHECK THE TECH4 OUTPUT FOR MORE INFORMATION.
     PROBLEM INVOLVING VARIABLE I.




MODEL FIT INFORMATION

Number of Free Parameters                       19

Loglikelihood

          H0 Value                       -5413.265
          H0 Scaling Correction Factor      0.9455
            for MLR

Information Criteria

          Akaike (AIC)                   10864.530
          Bayesian (BIC)                 10949.592
          Sample-Size Adjusted BIC       10889.267
            (n* = (n + 2) / 24)



FINAL CLASS COUNTS AND PROPORTIONS FOR THE LATENT CLASSES
BASED ON THE ESTIMATED MODEL

    Latent
   Classes

       1        535.37549          0.82365
       2        114.62451          0.17635


FINAL CLASS COUNTS AND PROPORTIONS FOR THE LATENT CLASSES
BASED ON ESTIMATED POSTERIOR PROBABILITIES

    Latent
   Classes

       1        535.37549          0.82365
       2        114.62451          0.17635


FINAL CLASS COUNTS AND PROPORTIONS FOR THE LATENT CLASSES
BASED ON THEIR MOST LIKELY LATENT CLASS MEMBERSHIP

Class Counts and Proportions

    Latent
   Classes

       1              524          0.80615
       2              126          0.19385


CLASSIFICATION QUALITY

     Entropy                         0.833


Average Latent Class Probabilities for Most Likely Latent Class Membership (Row)
by Latent Class (Column)

           1        2

    1   0.984    0.016
    2   0.156    0.844


Classification Probabilities for the Most Likely Latent Class Membership (Column)
by Latent Class (Row)

           1        2

    1   0.963    0.037
    2   0.073    0.927


Logits for the Classification Probabilities for the Most Likely Latent Class Membership (Column)
by Latent Class (Row)

              1        2

    1      3.264    0.000
    2     -2.546    0.000


MODEL RESULTS

                                                    Two-Tailed
                    Estimate       S.E.  Est./S.E.    P-Value

Latent Class 1

 I        |
    SOFAS_0            1.000      0.000    999.000    999.000
    SOFAS_12           1.000      0.000    999.000    999.000
    SOFAS_24           1.000      0.000    999.000    999.000

 S        |
    SOFAS_0            0.000      0.000    999.000    999.000
    SOFAS_12          12.000      0.000    999.000    999.000
    SOFAS_24          24.000      0.000    999.000    999.000

 Q        |
    SOFAS_0            0.000      0.000    999.000    999.000
    SOFAS_12         144.000      0.000    999.000    999.000
    SOFAS_24         576.000      0.000    999.000    999.000

 I        WITH
    S                 -0.456      1.484     -0.307      0.758
    Q                  0.000      0.000    999.000    999.000

 S        WITH
    Q                  0.000      0.000    999.000    999.000

 Means
    I                 42.747      0.606     70.498      0.000
    S                  2.388      0.140     17.027      0.000
    Q                 -0.061      0.006    -10.626      0.000

 Intercepts
    SOFAS_0            0.000      0.000    999.000    999.000
    SOFAS_12           0.000      0.000    999.000    999.000
    SOFAS_24           0.000      0.000    999.000    999.000

 Variances
    I                 70.428     24.302      2.898      0.004
    S                  0.441      0.126      3.491      0.000
    Q                  0.000      0.000    999.000    999.000

 Residual Variances
    SOFAS_0          106.864     24.578      4.348      0.000
    SOFAS_12         164.101     13.333     12.308      0.000
    SOFAS_24          25.288     35.390      0.715      0.475

Latent Class 2

 I        |
    SOFAS_0            1.000      0.000    999.000    999.000
    SOFAS_12           1.000      0.000    999.000    999.000
    SOFAS_24           1.000      0.000    999.000    999.000

 S        |
    SOFAS_0            0.000      0.000    999.000    999.000
    SOFAS_12          12.000      0.000    999.000    999.000
    SOFAS_24          24.000      0.000    999.000    999.000

 Q        |
    SOFAS_0            0.000      0.000    999.000    999.000
    SOFAS_12         144.000      0.000    999.000    999.000
    SOFAS_24         576.000      0.000    999.000    999.000

 I        WITH
    S                  0.174      0.137      1.273      0.203
    Q                  0.000      0.000    999.000    999.000

 S        WITH
    Q                  0.000      0.000    999.000    999.000

 Means
    I                 30.491      0.056    546.805      0.000
    S                  3.089      0.356      8.681      0.000
    Q                 -0.071      0.015     -4.669      0.000

 Intercepts
    SOFAS_0            0.000      0.000    999.000    999.000
    SOFAS_12           0.000      0.000    999.000    999.000
    SOFAS_24           0.000      0.000    999.000    999.000

 Variances
    I                 -0.551      2.450     -0.225      0.822
    S                  0.518      0.183      2.833      0.005
    Q                  0.000      0.000    999.000    999.000

 Residual Variances
    SOFAS_0            0.814      2.450      0.332      0.740
    SOFAS_12         251.170     38.734      6.485      0.000
    SOFAS_24          -5.034    103.091     -0.049      0.961

Categorical Latent Variables

 Means
    C#1                1.541      0.120     12.876      0.000


QUALITY OF NUMERICAL RESULTS

     Condition Number for the Information Matrix              0.203E-08
       (ratio of smallest to largest eigenvalue)


STANDARDIZED MODEL RESULTS


STDYX Standardization

                                                    Two-Tailed
                    Estimate       S.E.  Est./S.E.    P-Value

Latent Class 1

 I        |
    SOFAS_0            0.630      0.106      5.920      0.000
    SOFAS_12           0.495      0.082      6.044      0.000
    SOFAS_24           0.463      0.083      5.604      0.000

 S        |
    SOFAS_0            0.000      0.000    999.000    999.000
    SOFAS_12           0.470      0.064      7.301      0.000
    SOFAS_24           0.880      0.126      7.011      0.000

 Q        |
    SOFAS_0          999.000    999.000    999.000    999.000
    SOFAS_12         999.000    999.000    999.000    999.000
    SOFAS_24         999.000    999.000    999.000    999.000

 I        WITH
    S                 -0.082      0.244     -0.336      0.737
    Q                999.000    999.000    999.000    999.000

 S        WITH
    Q                999.000    999.000    999.000    999.000

 Means
    I                  5.094      0.869      5.860      0.000
    S                  3.595      0.557      6.455      0.000
    Q                999.000    999.000    999.000    999.000

 Intercepts
    SOFAS_0            0.000      0.000    999.000    999.000
    SOFAS_12           0.000      0.000    999.000    999.000
    SOFAS_24           0.000      0.000    999.000    999.000

 Variances
    I                  1.000      0.000    999.000    999.000
    S                  1.000      0.000    999.000    999.000
    Q                999.000    999.000    999.000    999.000

 Residual Variances
    SOFAS_0            0.603      0.134      4.492      0.000
    SOFAS_12           0.572      0.032     17.654      0.000
    SOFAS_24           0.077      0.106      0.726      0.468

Latent Class 2

 I        |
    SOFAS_0          999.000    999.000    999.000    999.000
    SOFAS_12         999.000    999.000    999.000    999.000
    SOFAS_24         999.000    999.000    999.000    999.000

 S        |
    SOFAS_0            0.000      0.000    999.000    999.000
    SOFAS_12           0.476      0.076      6.250      0.000
    SOFAS_24           0.995      0.169      5.881      0.000

 Q        |
    SOFAS_0          999.000    999.000    999.000    999.000
    SOFAS_12         999.000    999.000    999.000    999.000
    SOFAS_24         999.000    999.000    999.000    999.000

 I        WITH
    S                999.000    999.000    999.000    999.000
    Q                999.000    999.000    999.000    999.000

 S        WITH
    Q                999.000    999.000    999.000    999.000

 Means
    I                999.000    999.000    999.000    999.000
    S                  4.291      0.866      4.953      0.000
    Q                999.000    999.000    999.000    999.000

 Intercepts
    SOFAS_0            0.000      0.000    999.000    999.000
    SOFAS_12           0.000      0.000    999.000    999.000
    SOFAS_24           0.000      0.000    999.000    999.000

 Variances
    I                999.000    999.000    999.000    999.000
    S                  1.000      0.000    999.000    999.000
    Q                999.000    999.000    999.000    999.000

 Residual Variances
    SOFAS_0            3.098      9.330      0.332      0.740
    SOFAS_12           0.762      0.074     10.261      0.000
    SOFAS_24          -0.017    999.000    999.000    999.000


STDY Standardization

                                                    Two-Tailed
                    Estimate       S.E.  Est./S.E.    P-Value

Latent Class 1

 I        |
    SOFAS_0            0.630      0.106      5.920      0.000
    SOFAS_12           0.495      0.082      6.044      0.000
    SOFAS_24           0.463      0.083      5.604      0.000

 S        |
    SOFAS_0            0.000      0.000    999.000    999.000
    SOFAS_12           0.470      0.064      7.301      0.000
    SOFAS_24           0.880      0.126      7.011      0.000

 Q        |
    SOFAS_0          999.000    999.000    999.000    999.000
    SOFAS_12         999.000    999.000    999.000    999.000
    SOFAS_24         999.000    999.000    999.000    999.000

 I        WITH
    S                 -0.082      0.244     -0.336      0.737
    Q                999.000    999.000    999.000    999.000

 S        WITH
    Q                999.000    999.000    999.000    999.000

 Means
    I                  5.094      0.869      5.860      0.000
    S                  3.595      0.557      6.455      0.000
    Q                999.000    999.000    999.000    999.000

 Intercepts
    SOFAS_0            0.000      0.000    999.000    999.000
    SOFAS_12           0.000      0.000    999.000    999.000
    SOFAS_24           0.000      0.000    999.000    999.000

 Variances
    I                  1.000      0.000    999.000    999.000
    S                  1.000      0.000    999.000    999.000
    Q                999.000    999.000    999.000    999.000

 Residual Variances
    SOFAS_0            0.603      0.134      4.492      0.000
    SOFAS_12           0.572      0.032     17.654      0.000
    SOFAS_24           0.077      0.106      0.726      0.468

Latent Class 2

 I        |
    SOFAS_0          999.000    999.000    999.000    999.000
    SOFAS_12         999.000    999.000    999.000    999.000
    SOFAS_24         999.000    999.000    999.000    999.000

 S        |
    SOFAS_0            0.000      0.000    999.000    999.000
    SOFAS_12           0.476      0.076      6.250      0.000
    SOFAS_24           0.995      0.169      5.881      0.000

 Q        |
    SOFAS_0          999.000    999.000    999.000    999.000
    SOFAS_12         999.000    999.000    999.000    999.000
    SOFAS_24         999.000    999.000    999.000    999.000

 I        WITH
    S                999.000    999.000    999.000    999.000
    Q                999.000    999.000    999.000    999.000

 S        WITH
    Q                999.000    999.000    999.000    999.000

 Means
    I                999.000    999.000    999.000    999.000
    S                  4.291      0.866      4.953      0.000
    Q                999.000    999.000    999.000    999.000

 Intercepts
    SOFAS_0            0.000      0.000    999.000    999.000
    SOFAS_12           0.000      0.000    999.000    999.000
    SOFAS_24           0.000      0.000    999.000    999.000

 Variances
    I                999.000    999.000    999.000    999.000
    S                  1.000      0.000    999.000    999.000
    Q                999.000    999.000    999.000    999.000

 Residual Variances
    SOFAS_0            3.098      9.330      0.332      0.740
    SOFAS_12           0.762      0.074     10.261      0.000
    SOFAS_24         999.000    999.000    999.000    999.000


STD Standardization

                                                    Two-Tailed
                    Estimate       S.E.  Est./S.E.    P-Value

Latent Class 1

 I        |
    SOFAS_0            8.392      1.448      5.796      0.000
    SOFAS_12           8.392      1.448      5.796      0.000
    SOFAS_24           8.392      1.448      5.796      0.000

 S        |
    SOFAS_0            0.000      0.000    999.000    999.000
    SOFAS_12           7.972      1.142      6.981      0.000
    SOFAS_24          15.943      2.284      6.981      0.000

 Q        |
    SOFAS_0          999.000    999.000    999.000    999.000
    SOFAS_12         999.000    999.000    999.000    999.000
    SOFAS_24         999.000    999.000    999.000    999.000

 I        WITH
    S                 -0.082      0.244     -0.336      0.737
    Q                999.000    999.000    999.000    999.000

 S        WITH
    Q                999.000    999.000    999.000    999.000

 Means
    I                  5.094      0.869      5.860      0.000
    S                  3.595      0.557      6.455      0.000
    Q                999.000    999.000    999.000    999.000

 Intercepts
    SOFAS_0            0.000      0.000    999.000    999.000
    SOFAS_12           0.000      0.000    999.000    999.000
    SOFAS_24           0.000      0.000    999.000    999.000

 Variances
    I                  1.000      0.000    999.000    999.000
    S                  1.000      0.000    999.000    999.000
    Q                999.000    999.000    999.000    999.000

 Residual Variances
    SOFAS_0          106.864     24.578      4.348      0.000
    SOFAS_12         164.101     13.333     12.308      0.000
    SOFAS_24          25.288     35.390      0.715      0.475

Latent Class 2

 I        |
    SOFAS_0          999.000    999.000    999.000    999.000
    SOFAS_12         999.000    999.000    999.000    999.000
    SOFAS_24         999.000    999.000    999.000    999.000

 S        |
    SOFAS_0            0.000      0.000    999.000    999.000
    SOFAS_12           8.639      1.525      5.666      0.000
    SOFAS_24          17.278      3.050      5.666      0.000

 Q        |
    SOFAS_0          999.000    999.000    999.000    999.000
    SOFAS_12         999.000    999.000    999.000    999.000
    SOFAS_24         999.000    999.000    999.000    999.000

 I        WITH
    S                999.000    999.000    999.000    999.000
    Q                999.000    999.000    999.000    999.000

 S        WITH
    Q                999.000    999.000    999.000    999.000

 Means
    I                999.000    999.000    999.000    999.000
    S                  4.291      0.866      4.953      0.000
    Q                999.000    999.000    999.000    999.000

 Intercepts
    SOFAS_0            0.000      0.000    999.000    999.000
    SOFAS_12           0.000      0.000    999.000    999.000
    SOFAS_24           0.000      0.000    999.000    999.000

 Variances
    I                999.000    999.000    999.000    999.000
    S                  1.000      0.000    999.000    999.000
    Q                999.000    999.000    999.000    999.000

 Residual Variances
    SOFAS_0            0.814      2.450      0.332      0.740
    SOFAS_12         251.170     38.734      6.485      0.000
    SOFAS_24          -5.034    999.000    999.000    999.000


R-SQUARE

Class 1

    Observed                                        Two-Tailed
    Variable        Estimate       S.E.  Est./S.E.    P-Value

    SOFAS_0            0.397      0.134      2.960      0.003
    SOFAS_12           0.428      0.032     13.235      0.000
    SOFAS_24           0.923      0.106      8.690      0.000

Class 2

    Observed                                        Two-Tailed
    Variable        Estimate       S.E.  Est./S.E.    P-Value

    SOFAS_0         Undefined  -0.20985E+01
    SOFAS_12           0.238      0.074      3.197      0.001
    SOFAS_24        Undefined   0.10167E+01


CONFIDENCE INTERVALS OF MODEL RESULTS

                  Lower .5%  Lower 2.5%    Lower 5%    Estimate    Upper 5%  Upper 2.5%   Upper .5%

Latent Class 1

 I        |
    SOFAS_0          1.000       1.000       1.000       1.000       1.000       1.000       1.000
    SOFAS_12         1.000       1.000       1.000       1.000       1.000       1.000       1.000
    SOFAS_24         1.000       1.000       1.000       1.000       1.000       1.000       1.000

 S        |
    SOFAS_0          0.000       0.000       0.000       0.000       0.000       0.000       0.000
    SOFAS_12        12.000      12.000      12.000      12.000      12.000      12.000      12.000
    SOFAS_24        24.000      24.000      24.000      24.000      24.000      24.000      24.000

 Q        |
    SOFAS_0          0.000       0.000       0.000       0.000       0.000       0.000       0.000
    SOFAS_12       144.000     144.000     144.000     144.000     144.000     144.000     144.000
    SOFAS_24       576.000     576.000     576.000     576.000     576.000     576.000     576.000

 I        WITH
    S               -4.278      -3.364      -2.897      -0.456       1.984       2.452       3.365
    Q                0.000       0.000       0.000       0.000       0.000       0.000       0.000

 S        WITH
    Q                0.000       0.000       0.000       0.000       0.000       0.000       0.000

 Means
    I               41.185      41.558      41.749      42.747      43.744      43.935      44.309
    S                2.027       2.113       2.158       2.388       2.619       2.663       2.750
    Q               -0.076      -0.072      -0.071      -0.061      -0.052      -0.050      -0.046

 Intercepts
    SOFAS_0          0.000       0.000       0.000       0.000       0.000       0.000       0.000
    SOFAS_12         0.000       0.000       0.000       0.000       0.000       0.000       0.000
    SOFAS_24         0.000       0.000       0.000       0.000       0.000       0.000       0.000

 Variances
    I                7.831      22.796      30.451      70.428     110.404     118.059     133.024
    S                0.116       0.194       0.233       0.441       0.649       0.689       0.767
    Q                0.000       0.000       0.000       0.000       0.000       0.000       0.000

 Residual Variances
    SOFAS_0         43.555      58.690      66.432     106.864     147.295     155.037     170.172
    SOFAS_12       129.758     137.969     142.168     164.101     186.033     190.233     198.443
    SOFAS_24       -65.870     -44.077     -32.929      25.288      83.505      94.653     116.446

Latent Class 2

 I        |
    SOFAS_0          1.000       1.000       1.000       1.000       1.000       1.000       1.000
    SOFAS_12         1.000       1.000       1.000       1.000       1.000       1.000       1.000
    SOFAS_24         1.000       1.000       1.000       1.000       1.000       1.000       1.000

 S        |
    SOFAS_0          0.000       0.000       0.000       0.000       0.000       0.000       0.000
    SOFAS_12        12.000      12.000      12.000      12.000      12.000      12.000      12.000
    SOFAS_24        24.000      24.000      24.000      24.000      24.000      24.000      24.000

 Q        |
    SOFAS_0          0.000       0.000       0.000       0.000       0.000       0.000       0.000
    SOFAS_12       144.000     144.000     144.000     144.000     144.000     144.000     144.000
    SOFAS_24       576.000     576.000     576.000     576.000     576.000     576.000     576.000

 I        WITH
    S               -0.178      -0.094      -0.051       0.174       0.399       0.442       0.527
    Q                0.000       0.000       0.000       0.000       0.000       0.000       0.000

 S        WITH
    Q                0.000       0.000       0.000       0.000       0.000       0.000       0.000

 Means
    I               30.347      30.382      30.399      30.491      30.583      30.600      30.635
    S                2.172       2.392       2.504       3.089       3.674       3.786       4.006
    Q               -0.110      -0.101      -0.096      -0.071      -0.046      -0.041      -0.032

 Intercepts
    SOFAS_0          0.000       0.000       0.000       0.000       0.000       0.000       0.000
    SOFAS_12         0.000       0.000       0.000       0.000       0.000       0.000       0.000
    SOFAS_24         0.000       0.000       0.000       0.000       0.000       0.000       0.000

 Variances
    I               -6.863      -5.354      -4.582      -0.551       3.480       4.252       5.761
    S                0.047       0.160       0.217       0.518       0.819       0.877       0.990
    Q                0.000       0.000       0.000       0.000       0.000       0.000       0.000

 Residual Variances
    SOFAS_0         -5.497      -3.989      -3.217       0.814       4.845       5.617       7.125
    SOFAS_12       151.399     175.251     187.452     251.170     314.887     327.088     350.940
    SOFAS_24      -270.576    -207.092    -174.619      -5.034     164.550     197.024     260.507

Categorical Latent Variables

 Means
    C#1              1.233       1.307       1.344       1.541       1.738       1.776       1.850


CONFIDENCE INTERVALS OF STANDARDIZED MODEL RESULTS


STDYX Standardization

                  Lower .5%  Lower 2.5%    Lower 5%    Estimate    Upper 5%  Upper 2.5%   Upper .5%

Latent Class 1

 I        |
    SOFAS_0          0.356       0.422       0.455       0.630       0.805       0.839       0.904
    SOFAS_12         0.284       0.335       0.360       0.495       0.630       0.656       0.706
    SOFAS_24         0.250       0.301       0.327       0.463       0.599       0.625       0.676

 S        |
    SOFAS_0          0.000       0.000       0.000       0.000       0.000       0.000       0.000
    SOFAS_12         0.304       0.344       0.364       0.470       0.576       0.597       0.636
    SOFAS_24         0.557       0.634       0.674       0.880       1.087       1.126       1.204

 Q        |
    SOFAS_0        999.000     999.000     999.000     999.000     999.000     999.000     999.000
    SOFAS_12       999.000     999.000     999.000     999.000     999.000     999.000     999.000
    SOFAS_24       999.000     999.000     999.000     999.000     999.000     999.000     999.000

 I        WITH
    S               -0.709      -0.559      -0.483      -0.082       0.319       0.396       0.546
    Q              999.000     999.000     999.000     999.000     999.000     999.000     999.000

 S        WITH
    Q              999.000     999.000     999.000     999.000     999.000     999.000     999.000

 Means
    I                2.855       3.390       3.664       5.094       6.523       6.797       7.333
    S                2.161       2.504       2.679       3.595       4.511       4.687       5.030
    Q              999.000     999.000     999.000     999.000     999.000     999.000     999.000

 Intercepts
    SOFAS_0          0.000       0.000       0.000       0.000       0.000       0.000       0.000
    SOFAS_12         0.000       0.000       0.000       0.000       0.000       0.000       0.000
    SOFAS_24         0.000       0.000       0.000       0.000       0.000       0.000       0.000

 Variances
    I                1.000       1.000       1.000       1.000       1.000       1.000       1.000
    S                1.000       1.000       1.000       1.000       1.000       1.000       1.000
    Q              999.000     999.000     999.000     999.000     999.000     999.000     999.000

 Residual Variances
    SOFAS_0          0.257       0.340       0.382       0.603       0.824       0.866       0.948
    SOFAS_12         0.488       0.508       0.518       0.572       0.625       0.635       0.655
    SOFAS_24        -0.196      -0.131      -0.098       0.077       0.252       0.285       0.351

Latent Class 2

 I        |
    SOFAS_0        999.000     999.000     999.000     999.000     999.000     999.000     999.000
    SOFAS_12       999.000     999.000     999.000     999.000     999.000     999.000     999.000
    SOFAS_24       999.000     999.000     999.000     999.000     999.000     999.000     999.000

 S        |
    SOFAS_0          0.000       0.000       0.000       0.000       0.000       0.000       0.000
    SOFAS_12         0.280       0.327       0.351       0.476       0.601       0.625       0.672
    SOFAS_24         0.559       0.664       0.717       0.995       1.274       1.327       1.431

 Q        |
    SOFAS_0        999.000     999.000     999.000     999.000     999.000     999.000     999.000
    SOFAS_12       999.000     999.000     999.000     999.000     999.000     999.000     999.000
    SOFAS_24       999.000     999.000     999.000     999.000     999.000     999.000     999.000

 I        WITH
    S              999.000     999.000     999.000     999.000     999.000     999.000     999.000
    Q              999.000     999.000     999.000     999.000     999.000     999.000     999.000

 S        WITH
    Q              999.000     999.000     999.000     999.000     999.000     999.000     999.000

 Means
    I              999.000     999.000     999.000     999.000     999.000     999.000     999.000
    S                2.060       2.593       2.866       4.291       5.716       5.988       6.522
    Q              999.000     999.000     999.000     999.000     999.000     999.000     999.000

 Intercepts
    SOFAS_0          0.000       0.000       0.000       0.000       0.000       0.000       0.000
    SOFAS_12         0.000       0.000       0.000       0.000       0.000       0.000       0.000
    SOFAS_24         0.000       0.000       0.000       0.000       0.000       0.000       0.000

 Variances
    I              999.000     999.000     999.000     999.000     999.000     999.000     999.000
    S                1.000       1.000       1.000       1.000       1.000       1.000       1.000
    Q              999.000     999.000     999.000     999.000     999.000     999.000     999.000

 Residual Variances
    SOFAS_0        -20.933     -15.188     -12.249       3.098      18.446      21.385      27.130
    SOFAS_12         0.571       0.617       0.640       0.762       0.885       0.908       0.954
    SOFAS_24       999.000     999.000     999.000      -0.017     999.000     999.000     999.000


STDY Standardization

                  Lower .5%  Lower 2.5%    Lower 5%    Estimate    Upper 5%  Upper 2.5%   Upper .5%

Latent Class 1

 I        |
    SOFAS_0          0.356       0.422       0.455       0.630       0.805       0.839       0.904
    SOFAS_12         0.284       0.335       0.360       0.495       0.630       0.656       0.706
    SOFAS_24         0.250       0.301       0.327       0.463       0.599       0.625       0.676

 S        |
    SOFAS_0          0.000       0.000       0.000       0.000       0.000       0.000       0.000
    SOFAS_12         0.304       0.344       0.364       0.470       0.576       0.597       0.636
    SOFAS_24         0.557       0.634       0.674       0.880       1.087       1.126       1.204

 Q        |
    SOFAS_0        999.000     999.000     999.000     999.000     999.000     999.000     999.000
    SOFAS_12       999.000     999.000     999.000     999.000     999.000     999.000     999.000
    SOFAS_24       999.000     999.000     999.000     999.000     999.000     999.000     999.000

 I        WITH
    S               -0.709      -0.559      -0.483      -0.082       0.319       0.396       0.546
    Q              999.000     999.000     999.000     999.000     999.000     999.000     999.000

 S        WITH
    Q              999.000     999.000     999.000     999.000     999.000     999.000     999.000

 Means
    I                2.855       3.390       3.664       5.094       6.523       6.797       7.333
    S                2.161       2.504       2.679       3.595       4.511       4.687       5.030
    Q              999.000     999.000     999.000     999.000     999.000     999.000     999.000

 Intercepts
    SOFAS_0          0.000       0.000       0.000       0.000       0.000       0.000       0.000
    SOFAS_12         0.000       0.000       0.000       0.000       0.000       0.000       0.000
    SOFAS_24         0.000       0.000       0.000       0.000       0.000       0.000       0.000

 Variances
    I                1.000       1.000       1.000       1.000       1.000       1.000       1.000
    S                1.000       1.000       1.000       1.000       1.000       1.000       1.000
    Q              999.000     999.000     999.000     999.000     999.000     999.000     999.000

 Residual Variances
    SOFAS_0          0.257       0.340       0.382       0.603       0.824       0.866       0.948
    SOFAS_12         0.488       0.508       0.518       0.572       0.625       0.635       0.655
    SOFAS_24        -0.196      -0.131      -0.098       0.077       0.252       0.285       0.351

Latent Class 2

 I        |
    SOFAS_0        999.000     999.000     999.000     999.000     999.000     999.000     999.000
    SOFAS_12       999.000     999.000     999.000     999.000     999.000     999.000     999.000
    SOFAS_24       999.000     999.000     999.000     999.000     999.000     999.000     999.000

 S        |
    SOFAS_0          0.000       0.000       0.000       0.000       0.000       0.000       0.000
    SOFAS_12         0.280       0.327       0.351       0.476       0.601       0.625       0.672
    SOFAS_24         0.559       0.664       0.717       0.995       1.274       1.327       1.431

 Q        |
    SOFAS_0        999.000     999.000     999.000     999.000     999.000     999.000     999.000
    SOFAS_12       999.000     999.000     999.000     999.000     999.000     999.000     999.000
    SOFAS_24       999.000     999.000     999.000     999.000     999.000     999.000     999.000

 I        WITH
    S              999.000     999.000     999.000     999.000     999.000     999.000     999.000
    Q              999.000     999.000     999.000     999.000     999.000     999.000     999.000

 S        WITH
    Q              999.000     999.000     999.000     999.000     999.000     999.000     999.000

 Means
    I              999.000     999.000     999.000     999.000     999.000     999.000     999.000
    S                2.060       2.593       2.866       4.291       5.716       5.988       6.522
    Q              999.000     999.000     999.000     999.000     999.000     999.000     999.000

 Intercepts
    SOFAS_0          0.000       0.000       0.000       0.000       0.000       0.000       0.000
    SOFAS_12         0.000       0.000       0.000       0.000       0.000       0.000       0.000
    SOFAS_24         0.000       0.000       0.000       0.000       0.000       0.000       0.000

 Variances
    I              999.000     999.000     999.000     999.000     999.000     999.000     999.000
    S                1.000       1.000       1.000       1.000       1.000       1.000       1.000
    Q              999.000     999.000     999.000     999.000     999.000     999.000     999.000

 Residual Variances
    SOFAS_0        -20.933     -15.188     -12.249       3.098      18.446      21.385      27.130
    SOFAS_12         0.571       0.617       0.640       0.762       0.885       0.908       0.954
    SOFAS_24       999.000     999.000     999.000     999.000     999.000     999.000     999.000


STD Standardization

                  Lower .5%  Lower 2.5%    Lower 5%    Estimate    Upper 5%  Upper 2.5%   Upper .5%

Latent Class 1

 I        |
    SOFAS_0          4.663       5.554       6.010       8.392      10.774      11.230      12.122
    SOFAS_12         4.663       5.554       6.010       8.392      10.774      11.230      12.122
    SOFAS_24         4.663       5.554       6.010       8.392      10.774      11.230      12.122

 S        |
    SOFAS_0          0.000       0.000       0.000       0.000       0.000       0.000       0.000
    SOFAS_12         5.030       5.734       6.093       7.972       9.850      10.210      10.913
    SOFAS_24        10.061      11.467      12.187      15.943      19.700      20.419      21.826

 Q        |
    SOFAS_0        999.000     999.000     999.000     999.000     999.000     999.000     999.000
    SOFAS_12       999.000     999.000     999.000     999.000     999.000     999.000     999.000
    SOFAS_24       999.000     999.000     999.000     999.000     999.000     999.000     999.000

 I        WITH
    S               -0.709      -0.559      -0.483      -0.082       0.319       0.396       0.546
    Q              999.000     999.000     999.000     999.000     999.000     999.000     999.000

 S        WITH
    Q              999.000     999.000     999.000     999.000     999.000     999.000     999.000

 Means
    I                2.855       3.390       3.664       5.094       6.523       6.797       7.333
    S                2.161       2.504       2.679       3.595       4.511       4.687       5.030
    Q              999.000     999.000     999.000     999.000     999.000     999.000     999.000

 Intercepts
    SOFAS_0          0.000       0.000       0.000       0.000       0.000       0.000       0.000
    SOFAS_12         0.000       0.000       0.000       0.000       0.000       0.000       0.000
    SOFAS_24         0.000       0.000       0.000       0.000       0.000       0.000       0.000

 Variances
    I                1.000       1.000       1.000       1.000       1.000       1.000       1.000
    S                1.000       1.000       1.000       1.000       1.000       1.000       1.000
    Q              999.000     999.000     999.000     999.000     999.000     999.000     999.000

 Residual Variances
    SOFAS_0         43.555      58.690      66.432     106.864     147.295     155.037     170.172
    SOFAS_12       129.758     137.969     142.168     164.101     186.033     190.233     198.443
    SOFAS_24       -65.870     -44.077     -32.929      25.288      83.505      94.653     116.446

Latent Class 2

 I        |
    SOFAS_0        999.000     999.000     999.000     999.000     999.000     999.000     999.000
    SOFAS_12       999.000     999.000     999.000     999.000     999.000     999.000     999.000
    SOFAS_24       999.000     999.000     999.000     999.000     999.000     999.000     999.000

 S        |
    SOFAS_0          0.000       0.000       0.000       0.000       0.000       0.000       0.000
    SOFAS_12         4.712       5.650       6.131       8.639      11.147      11.628      12.567
    SOFAS_24         9.423      11.301      12.262      17.278      22.295      23.255      25.133

 Q        |
    SOFAS_0        999.000     999.000     999.000     999.000     999.000     999.000     999.000
    SOFAS_12       999.000     999.000     999.000     999.000     999.000     999.000     999.000
    SOFAS_24       999.000     999.000     999.000     999.000     999.000     999.000     999.000

 I        WITH
    S              999.000     999.000     999.000     999.000     999.000     999.000     999.000
    Q              999.000     999.000     999.000     999.000     999.000     999.000     999.000

 S        WITH
    Q              999.000     999.000     999.000     999.000     999.000     999.000     999.000

 Means
    I              999.000     999.000     999.000     999.000     999.000     999.000     999.000
    S                2.060       2.593       2.866       4.291       5.716       5.988       6.522
    Q              999.000     999.000     999.000     999.000     999.000     999.000     999.000

 Intercepts
    SOFAS_0          0.000       0.000       0.000       0.000       0.000       0.000       0.000
    SOFAS_12         0.000       0.000       0.000       0.000       0.000       0.000       0.000
    SOFAS_24         0.000       0.000       0.000       0.000       0.000       0.000       0.000

 Variances
    I              999.000     999.000     999.000     999.000     999.000     999.000     999.000
    S                1.000       1.000       1.000       1.000       1.000       1.000       1.000
    Q              999.000     999.000     999.000     999.000     999.000     999.000     999.000

 Residual Variances
    SOFAS_0         -5.497      -3.989      -3.217       0.814       4.845       5.617       7.125
    SOFAS_12       151.399     175.251     187.452     251.170     314.887     327.088     350.940
    SOFAS_24       999.000     999.000     999.000      -5.034     999.000     999.000     999.000


TECHNICAL 7 OUTPUT


     SAMPLE STATISTICS WEIGHTED BY ESTIMATED CLASS PROBABILITIES FOR CLASS 1


           Means
              SOFAS_0       SOFAS_12      SOFAS_24
              ________      ________      ________
               42.716        62.399        63.866


           Covariances
              SOFAS_0       SOFAS_12      SOFAS_24
              ________      ________      ________
 SOFAS_0      177.193
 SOFAS_12      31.194       287.052
 SOFAS_24     -52.654        89.356       334.848


     SAMPLE STATISTICS WEIGHTED BY ESTIMATED CLASS PROBABILITIES FOR CLASS 2


           Means
              SOFAS_0       SOFAS_12      SOFAS_24
              ________      ________      ________
               30.490        57.456        63.054


           Covariances
              SOFAS_0       SOFAS_12      SOFAS_24
              ________      ________      ________
 SOFAS_0        0.263
 SOFAS_12      -5.000       326.900
 SOFAS_24       1.552       165.713       294.507


TECHNICAL 11 OUTPUT

     Random Starts Specifications for the k-1 Class Analysis Model
        Number of initial stage random starts                2000
        Number of final stage optimizations                   500



     VUONG-LO-MENDELL-RUBIN LIKELIHOOD RATIO TEST FOR 1 (H0) VERSUS 2 CLASSES

          H0 Loglikelihood Value                        -5526.046
          2 Times the Loglikelihood Difference            225.563
          Difference in the Number of Parameters               10
          Mean                                             10.914
          Standard Deviation                                7.326
          P-Value                                          0.0000

     LO-MENDELL-RUBIN ADJUSTED LRT TEST

          Value                                           222.133
          P-Value                                          0.0000


SAMPLE STATISTICS FOR ESTIMATED FACTOR SCORES


     SAMPLE STATISTICS


           Means
              I             S             Q             C_I           C_S
              ________      ________      ________      ________      ________
               40.585         2.512        -0.063        40.506         2.521


           Means
              C_Q
              ________
               -0.063


           Covariances
              I             S             Q             C_I           C_S
              ________      ________      ________      ________      ________
 I             44.799
 S             -0.542         0.262
 Q              0.015        -0.001         0.000
 C_I           46.814        -0.658         0.016        49.452
 C_S           -0.710         0.272        -0.001        -0.871         0.287
 C_Q            0.017        -0.001         0.000         0.019        -0.001


           Covariances
              C_Q
              ________
 C_Q            0.000


           Correlations
              I             S             Q             C_I           C_S
              ________      ________      ________      ________      ________
 I              1.000
 S             -0.158         1.000
 Q              0.665        -0.459         1.000
 C_I            0.995        -0.183         0.695         1.000
 C_S           -0.198         0.994        -0.509        -0.232         1.000
 C_Q            0.653        -0.454         0.987         0.697        -0.516


           Correlations
              C_Q
              ________
 C_Q            1.000


SAVEDATA INFORMATION


  Save file
    GMM_CV_isq@0_CT_est.dat

  Order and format of variables

    SOFAS_0        F10.3
    SOFAS_12       F10.3
    SOFAS_24       F10.3
    I              F10.3
    S              F10.3
    Q              F10.3
    C_I            F10.3
    C_S            F10.3
    C_Q            F10.3
    CPROB1         F10.3
    CPROB2         F10.3
    C              F10.3
    PIN            I4

  Save file format
    12F10.3 I4

  Save file record length    10000

  Save missing symbol        *


     Beginning Time:  19:52:45
        Ending Time:  19:53:32
       Elapsed Time:  00:00:47



MUTHEN & MUTHEN
3463 Stoner Ave.
Los Angeles, CA  90066

Tel: (310) 391-9971
Fax: (310) 391-8971
Web: www.StatModel.com
Support: Support@StatModel.com

Copyright (c) 1998-2021 Muthen & Muthen
