Mplus VERSION 8.6 (Mac)
MUTHEN & MUTHEN
07/03/2023   3:42 PM

INPUT INSTRUCTIONS

  TITLE:
  GBTM_P2_K2_S1000;
   - R3STEP_PAS_a;
  DATA:
  FILE = "/Users/olivierpercie/Desktop/MplusLGM/SOFAS/Results/R3STEP/PAS_a_R3STEP.dat";

  VARIABLE:
  NAMES = PIN SOFAS_0 SOFAS_12 SOFAS_24 I S Q C_I C_S C_Q CPROB1 CPROB2 N PAS_a;
   MISSING=.;
   USEVAR = N PAS_a;
  NOMINAL = N;
  CLASSES = c(2);
  ANALYSIS:
  TYPE = MIXTURE;
  ALGORITHM = INTEGRATION;
  INTEGRATION = MONTECARLO;
  STARTS = 0;
  PROCESSORS = 8;
  MODEL:
  %OVERALL%
  C ON PAS_a;
  PAS_a;
  %C#1%
  [N#1@2.378];
  %C#2%
  [N#1@-1.949];
  OUTPUT:
  TECH7;
  SAMPSTAT;
  STANDARDIZED;
  CINTERVAL;



INPUT READING TERMINATED NORMALLY




GBTM_P2_K2_S1000;
- R3STEP_PAS_a;

SUMMARY OF ANALYSIS

Number of groups                                                 1
Number of observations                                         369

Number of dependent variables                                    1
Number of independent variables                                  1
Number of continuous latent variables                            0
Number of categorical latent variables                           1

Observed dependent variables

  Unordered categorical (nominal)
   N

Observed independent variables
   PAS_A

Categorical latent variables
   C


Estimator                                                      MLR
Information matrix                                        OBSERVED
Optimization Specifications for the Quasi-Newton Algorithm for
Continuous Outcomes
  Maximum number of iterations                                 100
  Convergence criterion                                  0.100D-05
Optimization Specifications for the EM Algorithm
  Maximum number of iterations                                 500
  Convergence criteria
    Loglikelihood change                                 0.100D-02
    Relative loglikelihood change                        0.100D-05
    Derivative                                           0.100D-02
Optimization Specifications for the M step of the EM Algorithm for
Categorical Latent variables
  Number of M step iterations                                    1
  M step convergence criterion                           0.100D-02
  Basis for M step termination                           ITERATION
Optimization Specifications for the M step of the EM Algorithm for
Censored, Binary or Ordered Categorical (Ordinal), Unordered
Categorical (Nominal) and Count Outcomes
  Number of M step iterations                                    1
  M step convergence criterion                           0.100D-02
  Basis for M step termination                           ITERATION
  Maximum value for logit thresholds                            15
  Minimum value for logit thresholds                           -15
  Minimum expected cell size for chi-square              0.100D-01
Maximum number of iterations for H1                           2000
Convergence criterion for H1                             0.100D-03
Optimization algorithm                                         EMA
Integration Specifications
  Type                                                  MONTECARLO
  Number of integration points                                 250
  Dimensions of numerical integration                            1
  Adaptive quadrature                                           ON
  Monte Carlo integration seed                                   0
Cholesky                                                       OFF

Input data file(s)
  /Users/olivierpercie/Desktop/MplusLGM/SOFAS/Results/R3STEP/PAS_a_R3STEP.dat
Input data format  FREE


SUMMARY OF DATA

     Number of missing data patterns             2
     Number of y missing data patterns           2
     Number of u missing data patterns           0


COVARIANCE COVERAGE OF DATA

Minimum covariance coverage value   0.100


     PROPORTION OF DATA PRESENT FOR Y


           Covariance Coverage
              PAS_A
              ________
 PAS_A          0.290


UNIVARIATE PROPORTIONS AND COUNTS FOR CATEGORICAL VARIABLES

    N
      Category 1    0.564          208.000
      Category 2    0.436          161.000


SAMPLE STATISTICS


     ESTIMATED SAMPLE STATISTICS


           Means
              PAS_A
              ________
                0.288


           Covariances
              PAS_A
              ________
 PAS_A          0.052


           Correlations
              PAS_A
              ________
 PAS_A          1.000


     MAXIMUM LOG-LIKELIHOOD VALUE FOR THE UNRESTRICTED (H1) MODEL IS 6.486


UNIVARIATE SAMPLE STATISTICS


     UNIVARIATE HIGHER-ORDER MOMENT DESCRIPTIVE STATISTICS

         Variable/         Mean/     Skewness/   Minimum/ % with                Percentiles
        Sample Size      Variance    Kurtosis    Maximum  Min/Max      20%/60%    40%/80%    Median

     PAS_A                 0.288       0.876       0.000   10.28%       0.060      0.220      0.220
             107.000       0.052       0.228       0.890    3.74%       0.280      0.440


THE MODEL ESTIMATION TERMINATED NORMALLY



MODEL FIT INFORMATION

Number of Free Parameters                        4

Loglikelihood

          H0 Value                        -245.274
          H0 Scaling Correction Factor      1.0193
            for MLR

Information Criteria

          Akaike (AIC)                     498.547
          Bayesian (BIC)                   514.190
          Sample-Size Adjusted BIC         501.500
            (n* = (n + 2) / 24)



FINAL CLASS COUNTS AND PROPORTIONS FOR THE LATENT CLASSES
BASED ON THE ESTIMATED MODEL

    Latent
   Classes

       1        205.20296          0.55611
       2        163.79704          0.44389


FINAL CLASS COUNTS AND PROPORTIONS FOR THE LATENT CLASSES
BASED ON ESTIMATED POSTERIOR PROBABILITIES

    Latent
   Classes

       1        204.94666          0.55541
       2        164.05334          0.44459


FINAL CLASS COUNTS AND PROPORTIONS FOR THE LATENT CLASSES
BASED ON THEIR MOST LIKELY LATENT CLASS MEMBERSHIP

Class Counts and Proportions

    Latent
   Classes

       1              208          0.56369
       2              161          0.43631


CLASSIFICATION QUALITY

     Entropy                         0.526


Average Latent Class Probabilities for Most Likely Latent Class Membership (Row)
by Latent Class (Column)

           1        2

    1   0.902    0.098
    2   0.108    0.892


Classification Probabilities for the Most Likely Latent Class Membership (Column)
by Latent Class (Row)

           1        2

    1   0.915    0.085
    2   0.125    0.875


Logits for the Classification Probabilities for the Most Likely Latent Class Membership (Column)
by Latent Class (Row)

              1        2

    1      2.379    0.000
    2     -1.950    0.000


MODEL RESULTS

                                                    Two-Tailed
                    Estimate       S.E.  Est./S.E.    P-Value

Latent Class 1

 Means
    PAS_A              0.298      0.023     13.056      0.000
    N#1                2.378      0.000    999.000    999.000

 Variances
    PAS_A              0.052      0.007      7.228      0.000

Latent Class 2

 Means
    PAS_A              0.298      0.023     13.056      0.000
    N#1               -1.949      0.000    999.000    999.000

 Variances
    PAS_A              0.052      0.007      7.228      0.000

Categorical Latent Variables

 C#1        ON
    PAS_A             -1.609      1.184     -1.359      0.174

 Intercepts
    C#1                0.708      0.394      1.797      0.072


QUALITY OF NUMERICAL RESULTS

     Condition Number for the Information Matrix              0.305E-04
       (ratio of smallest to largest eigenvalue)


LOGISTIC REGRESSION ODDS RATIO RESULTS

                                                95% C.I.
                    Estimate       S.E.  Lower 2.5% Upper 2.5%

Categorical Latent Variables

 C#1      ON
    PAS_A              0.200      0.237      0.020      2.036


ALTERNATIVE PARAMETERIZATIONS FOR THE CATEGORICAL LATENT VARIABLE REGRESSION

                                                    Two-Tailed
                    Estimate       S.E.  Est./S.E.    P-Value

Parameterization using Reference Class 1

 C#2      ON
    PAS_A              1.609      1.184      1.359      0.174

 Intercepts
    C#2               -0.708      0.394     -1.797      0.072


ODDS RATIO FOR THE ALTERNATIVE PARAMETERIZATIONS FOR THE CATEGORICAL LATENT VARIABLE REGRESSION

                                                95% C.I.
                    Estimate       S.E.  Lower 2.5% Upper 2.5%

Parameterization using Reference Class 1

 C#2      ON
    PAS_A              4.997      5.915      0.491     50.846


STANDARDIZED MODEL RESULTS


STDYX Standardization

                                                    Two-Tailed
                    Estimate       S.E.  Est./S.E.    P-Value

Latent Class 1

 Means
    PAS_A              1.309      0.086     15.216      0.000
    N#1                2.378      0.000    999.000    999.000

 Variances
    PAS_A              1.000      0.000    999.000    999.000

Latent Class 2

 Means
    PAS_A              1.309      0.086     15.216      0.000
    N#1               -1.949      0.000    999.000    999.000

 Variances
    PAS_A              1.000      0.000    999.000    999.000


STDY Standardization

                                                    Two-Tailed
                    Estimate       S.E.  Est./S.E.    P-Value

Latent Class 1

 Means
    PAS_A              1.309      0.086     15.216      0.000
    N#1                2.378      0.000    999.000    999.000

 Variances
    PAS_A              1.000      0.000    999.000    999.000

Latent Class 2

 Means
    PAS_A              1.309      0.086     15.216      0.000
    N#1               -1.949      0.000    999.000    999.000

 Variances
    PAS_A              1.000      0.000    999.000    999.000


STD Standardization

                                                    Two-Tailed
                    Estimate       S.E.  Est./S.E.    P-Value

Latent Class 1

 Means
    PAS_A              0.298      0.023     13.056      0.000
    N#1                2.378      0.000    999.000    999.000

 Variances
    PAS_A              0.052      0.007      7.228      0.000

Latent Class 2

 Means
    PAS_A              0.298      0.023     13.056      0.000
    N#1               -1.949      0.000    999.000    999.000

 Variances
    PAS_A              0.052      0.007      7.228      0.000


CONFIDENCE INTERVALS OF MODEL RESULTS

                  Lower .5%  Lower 2.5%    Lower 5%    Estimate    Upper 5%  Upper 2.5%   Upper .5%

Latent Class 1

 Means
    PAS_A            0.239       0.253       0.260       0.298       0.335       0.343       0.357
    N#1              2.378       2.378       2.378       2.378       2.378       2.378       2.378

 Variances
    PAS_A            0.033       0.038       0.040       0.052       0.064       0.066       0.070

Latent Class 2

 Means
    PAS_A            0.239       0.253       0.260       0.298       0.335       0.343       0.357
    N#1             -1.949      -1.949      -1.949      -1.949      -1.949      -1.949      -1.949

 Variances
    PAS_A            0.033       0.038       0.040       0.052       0.064       0.066       0.070

Categorical Latent Variables

 C#1      ON
    PAS_A           -4.658      -3.929      -3.556      -1.609       0.338       0.711       1.440

 Intercepts
    C#1             -0.307      -0.064       0.060       0.708       1.357       1.481       1.724


CONFIDENCE INTERVALS FOR THE LOGISTIC REGRESSION ODDS RATIO RESULTS

Categorical Latent Variables

 C#1      ON
    PAS_A            0.009       0.020       0.029       0.200       1.403       2.036       4.221


CONFIDENCE INTERVALS FOR THE ALTERNATIVE PARAMETERIZATIONS FOR THE CATEGORICAL LATENT VARIABLE REGRESSION

Parameterization using Reference Class 1

 C#2      ON
    PAS_A           -1.440      -0.711      -0.338       1.609       3.556       3.929       4.658

 Intercepts
    C#2             -1.724      -1.481      -1.357      -0.708      -0.060       0.064       0.307


CONFIDENCE INTERVALS FOR THE ODDS RATIO FOR THE ALTERNATIVE PARAMETERIZATIONS FOR THE
CATEGORICAL LATENT VARIABLE REGRESSION

Parameterization using Reference Class 1

 C#2      ON
    PAS_A            0.237       0.491       0.713       4.997      35.021      50.846     105.394


CONFIDENCE INTERVALS OF STANDARDIZED MODEL RESULTS


STDYX Standardization

                  Lower .5%  Lower 2.5%    Lower 5%    Estimate    Upper 5%  Upper 2.5%   Upper .5%

Latent Class 1

 Means
    PAS_A            1.088       1.141       1.168       1.309       1.451       1.478       1.531
    N#1              2.378       2.378       2.378       2.378       2.378       2.378       2.378

 Variances
    PAS_A            1.000       1.000       1.000       1.000       1.000       1.000       1.000

Latent Class 2

 Means
    PAS_A            1.088       1.141       1.168       1.309       1.451       1.478       1.531
    N#1             -1.949      -1.949      -1.949      -1.949      -1.949      -1.949      -1.949

 Variances
    PAS_A            1.000       1.000       1.000       1.000       1.000       1.000       1.000


STDY Standardization

                  Lower .5%  Lower 2.5%    Lower 5%    Estimate    Upper 5%  Upper 2.5%   Upper .5%

Latent Class 1

 Means
    PAS_A            1.088       1.141       1.168       1.309       1.451       1.478       1.531
    N#1              2.378       2.378       2.378       2.378       2.378       2.378       2.378

 Variances
    PAS_A            1.000       1.000       1.000       1.000       1.000       1.000       1.000

Latent Class 2

 Means
    PAS_A            1.088       1.141       1.168       1.309       1.451       1.478       1.531
    N#1             -1.949      -1.949      -1.949      -1.949      -1.949      -1.949      -1.949

 Variances
    PAS_A            1.000       1.000       1.000       1.000       1.000       1.000       1.000


STD Standardization

                  Lower .5%  Lower 2.5%    Lower 5%    Estimate    Upper 5%  Upper 2.5%   Upper .5%

Latent Class 1

 Means
    PAS_A            0.239       0.253       0.260       0.298       0.335       0.343       0.357
    N#1              2.378       2.378       2.378       2.378       2.378       2.378       2.378

 Variances
    PAS_A            0.033       0.038       0.040       0.052       0.064       0.066       0.070

Latent Class 2

 Means
    PAS_A            0.239       0.253       0.260       0.298       0.335       0.343       0.357
    N#1             -1.949      -1.949      -1.949      -1.949      -1.949      -1.949      -1.949

 Variances
    PAS_A            0.033       0.038       0.040       0.052       0.064       0.066       0.070


TECHNICAL 7 OUTPUT


     SAMPLE STATISTICS WEIGHTED BY ESTIMATED CLASS PROBABILITIES FOR CLASS 1


           Means
              PAS_A
              ________
                0.258


           Covariances
              PAS_A
              ________
 PAS_A          0.044


     SAMPLE STATISTICS WEIGHTED BY ESTIMATED CLASS PROBABILITIES FOR CLASS 2


           Means
              PAS_A
              ________
                0.340


           Covariances
              PAS_A
              ________
 PAS_A          0.062


     UNIVARIATE SAMPLE DISTRIBUTIONS FOR CLASS 1

     Variable
     N
       Category 1        0.915
       Category 2        0.085


     UNIVARIATE SAMPLE DISTRIBUTIONS FOR CLASS 2

     Variable
     N
       Category 1        0.125
       Category 2        0.875


     Beginning Time:  15:42:15
        Ending Time:  15:42:16
       Elapsed Time:  00:00:01



MUTHEN & MUTHEN
3463 Stoner Ave.
Los Angeles, CA  90066

Tel: (310) 391-9971
Fax: (310) 391-8971
Web: www.StatModel.com
Support: Support@StatModel.com

Copyright (c) 1998-2021 Muthen & Muthen
