Mplus VERSION 8.6 (Mac)
MUTHEN & MUTHEN
09/05/2023   8:17 PM

INPUT INSTRUCTIONS

  TITLE:
  GBTM_P2_K2_S1000;
   - R3STEP_PSR_0;
  DATA:
  FILE = "/Users/olivierpercie/Desktop/LGM/SOFAS/Results/R3STEP/PSR_0_R3STEP.dat";

  VARIABLE:
  NAMES = PIN SOFAS_0 SOFAS_12 SOFAS_24 I S Q C_I C_S C_Q CPROB1 CPROB2 N PSR_0;
   MISSING=.;
   USEVAR = N PSR_0;
  NOMINAL = N;
  CLASSES = c(2);
  ANALYSIS:
  TYPE = MIXTURE;
  ALGORITHM = INTEGRATION;
  INTEGRATION = MONTECARLO;
  STARTS = 0 0;
  PROCESSORS = 8;
  MODEL:
  %OVERALL%
  C ON PSR_0;
  PSR_0;
  %C#1%
  [N#1@1.35];
  %C#2%
  [N#1@-1.788];
  OUTPUT:
  SAMPSTAT;
  STANDARDIZED;
  CINTERVAL;
  TECH7;
  TECH12;



*** WARNING
  Data set contains cases with missing on all variables.
  These cases were not included in the analysis.
  Number of cases with missing on all variables:  7
   1 WARNING(S) FOUND IN THE INPUT INSTRUCTIONS




GBTM_P2_K2_S1000;
- R3STEP_PSR_0;

SUMMARY OF ANALYSIS

Number of groups                                                 1
Number of observations                                         682

Number of dependent variables                                    1
Number of independent variables                                  1
Number of continuous latent variables                            0
Number of categorical latent variables                           1

Observed dependent variables

  Unordered categorical (nominal)
   N

Observed independent variables
   PSR_0

Categorical latent variables
   C


Estimator                                                      MLR
Information matrix                                        OBSERVED
Optimization Specifications for the Quasi-Newton Algorithm for
Continuous Outcomes
  Maximum number of iterations                                 100
  Convergence criterion                                  0.100D-05
Optimization Specifications for the EM Algorithm
  Maximum number of iterations                                 500
  Convergence criteria
    Loglikelihood change                                 0.100D-02
    Relative loglikelihood change                        0.100D-05
    Derivative                                           0.100D-02
Optimization Specifications for the M step of the EM Algorithm for
Categorical Latent variables
  Number of M step iterations                                    1
  M step convergence criterion                           0.100D-02
  Basis for M step termination                           ITERATION
Optimization Specifications for the M step of the EM Algorithm for
Censored, Binary or Ordered Categorical (Ordinal), Unordered
Categorical (Nominal) and Count Outcomes
  Number of M step iterations                                    1
  M step convergence criterion                           0.100D-02
  Basis for M step termination                           ITERATION
  Maximum value for logit thresholds                            15
  Minimum value for logit thresholds                           -15
  Minimum expected cell size for chi-square              0.100D-01
Maximum number of iterations for H1                           2000
Convergence criterion for H1                             0.100D-03
Optimization algorithm                                         EMA
Integration Specifications
  Type                                                  MONTECARLO
  Number of integration points                                 250
  Dimensions of numerical integration                            1
  Adaptive quadrature                                           ON
  Monte Carlo integration seed                                   0
Cholesky                                                       OFF

Input data file(s)
  /Users/olivierpercie/Desktop/LGM/SOFAS/Results/R3STEP/PSR_0_R3STEP.dat
Input data format  FREE


SUMMARY OF DATA

     Number of missing data patterns             2
     Number of y missing data patterns           2
     Number of u missing data patterns           0


COVARIANCE COVERAGE OF DATA

Minimum covariance coverage value   0.100


     PROPORTION OF DATA PRESENT FOR Y


           Covariance Coverage
              PSR_0
              ________
 PSR_0          0.990


UNIVARIATE PROPORTIONS AND COUNTS FOR CATEGORICAL VARIABLES

    N
      Category 1    0.431          280.000
      Category 2    0.569          370.000


SAMPLE STATISTICS


     ESTIMATED SAMPLE STATISTICS


           Means
              PSR_0
              ________
                1.016


           Covariances
              PSR_0
              ________
 PSR_0          0.016


           Correlations
              PSR_0
              ________
 PSR_0          1.000


     MAXIMUM LOG-LIKELIHOOD VALUE FOR THE UNRESTRICTED (H1) MODEL IS 437.188


UNIVARIATE SAMPLE STATISTICS


     UNIVARIATE HIGHER-ORDER MOMENT DESCRIPTIVE STATISTICS

         Variable/         Mean/     Skewness/   Minimum/ % with                Percentiles
        Sample Size      Variance    Kurtosis    Maximum  Min/Max      20%/60%    40%/80%    Median

     PSR_0                 1.016       7.641       1.000   98.37%       1.000      1.000      1.000
             675.000       0.016      56.380       2.000    1.63%       1.000      1.000


THE MODEL ESTIMATION TERMINATED NORMALLY



MODEL FIT INFORMATION

Number of Free Parameters                        4

Loglikelihood

          H0 Value                          -7.104
          H0 Scaling Correction Factor      8.0486
            for MLR

Information Criteria

          Akaike (AIC)                      22.208
          Bayesian (BIC)                    40.308
          Sample-Size Adjusted BIC          27.608
            (n* = (n + 2) / 24)



FINAL CLASS COUNTS AND PROPORTIONS FOR THE LATENT CLASSES
BASED ON THE ESTIMATED MODEL

    Latent
   Classes

       1        301.28539          0.44177
       2        380.71461          0.55823


FINAL CLASS COUNTS AND PROPORTIONS FOR THE LATENT CLASSES
BASED ON ESTIMATED POSTERIOR PROBABILITIES

    Latent
   Classes

       1        301.28539          0.44177
       2        380.71461          0.55823


FINAL CLASS COUNTS AND PROPORTIONS FOR THE LATENT CLASSES
BASED ON THEIR MOST LIKELY LATENT CLASS MEMBERSHIP

Class Counts and Proportions

    Latent
   Classes

       1              280          0.41056
       2              402          0.58944


CLASSIFICATION QUALITY

     Entropy                         0.325


Average Latent Class Probabilities for Most Likely Latent Class Membership (Row)
by Latent Class (Column)

           1        2

    1   0.814    0.186
    2   0.182    0.818


Classification Probabilities for the Most Likely Latent Class Membership (Column)
by Latent Class (Row)

           1        2

    1   0.757    0.243
    2   0.137    0.863


Logits for the Classification Probabilities for the Most Likely Latent Class Membership (Column)
by Latent Class (Row)

              1        2

    1      1.135    0.000
    2     -1.844    0.000


MODEL RESULTS

                                                    Two-Tailed
                    Estimate       S.E.  Est./S.E.    P-Value

Latent Class 1

 Means
    PSR_0              1.016      0.005    209.175      0.000
    N#1                1.350      0.000    999.000    999.000

 Variances
    PSR_0              0.016      0.005      3.396      0.001

Latent Class 2

 Means
    PSR_0              1.016      0.005    209.175      0.000
    N#1               -1.788      0.000    999.000    999.000

 Variances
    PSR_0              0.016      0.005      3.396      0.001

Categorical Latent Variables

 C#1        ON
    PSR_0              0.082      1.031      0.080      0.936

 Intercepts
    C#1               -0.318      1.053     -0.302      0.763


QUALITY OF NUMERICAL RESULTS

     Condition Number for the Information Matrix              0.121E-07
       (ratio of smallest to largest eigenvalue)


LOGISTIC REGRESSION ODDS RATIO RESULTS

                                                95% C.I.
                    Estimate       S.E.  Lower 2.5% Upper 2.5%

Categorical Latent Variables

 C#1      ON
    PSR_0              1.086      1.120      0.144      8.197


ALTERNATIVE PARAMETERIZATIONS FOR THE CATEGORICAL LATENT VARIABLE REGRESSION

                                                    Two-Tailed
                    Estimate       S.E.  Est./S.E.    P-Value

Parameterization using Reference Class 1

 C#2      ON
    PSR_0             -0.082      1.031     -0.080      0.936

 Intercepts
    C#2                0.318      1.053      0.302      0.763


ODDS RATIO FOR THE ALTERNATIVE PARAMETERIZATIONS FOR THE CATEGORICAL LATENT VARIABLE REGRESSION

                                                95% C.I.
                    Estimate       S.E.  Lower 2.5% Upper 2.5%

Parameterization using Reference Class 1

 C#2      ON
    PSR_0              0.921      0.950      0.122      6.951


STANDARDIZED MODEL RESULTS


STDYX Standardization

                                                    Two-Tailed
                    Estimate       S.E.  Est./S.E.    P-Value

Latent Class 1

 Means
    PSR_0              8.023      1.143      7.021      0.000
    N#1                1.350      0.000    999.000    999.000

 Variances
    PSR_0              1.000      0.000    999.000    999.000

Latent Class 2

 Means
    PSR_0              8.023      1.143      7.021      0.000
    N#1               -1.788      0.000    999.000    999.000

 Variances
    PSR_0              1.000      0.000    999.000    999.000


STDY Standardization

                                                    Two-Tailed
                    Estimate       S.E.  Est./S.E.    P-Value

Latent Class 1

 Means
    PSR_0              8.023      1.143      7.021      0.000
    N#1                1.350      0.000    999.000    999.000

 Variances
    PSR_0              1.000      0.000    999.000    999.000

Latent Class 2

 Means
    PSR_0              8.023      1.143      7.021      0.000
    N#1               -1.788      0.000    999.000    999.000

 Variances
    PSR_0              1.000      0.000    999.000    999.000


STD Standardization

                                                    Two-Tailed
                    Estimate       S.E.  Est./S.E.    P-Value

Latent Class 1

 Means
    PSR_0              1.016      0.005    209.175      0.000
    N#1                1.350      0.000    999.000    999.000

 Variances
    PSR_0              0.016      0.005      3.396      0.001

Latent Class 2

 Means
    PSR_0              1.016      0.005    209.175      0.000
    N#1               -1.788      0.000    999.000    999.000

 Variances
    PSR_0              0.016      0.005      3.396      0.001


CONFIDENCE INTERVALS OF MODEL RESULTS

                  Lower .5%  Lower 2.5%    Lower 5%    Estimate    Upper 5%  Upper 2.5%   Upper .5%

Latent Class 1

 Means
    PSR_0            1.004       1.007       1.008       1.016       1.024       1.026       1.029
    N#1              1.350       1.350       1.350       1.350       1.350       1.350       1.350

 Variances
    PSR_0            0.004       0.007       0.008       0.016       0.024       0.025       0.028

Latent Class 2

 Means
    PSR_0            1.004       1.007       1.008       1.016       1.024       1.026       1.029
    N#1             -1.788      -1.788      -1.788      -1.788      -1.788      -1.788      -1.788

 Variances
    PSR_0            0.004       0.007       0.008       0.016       0.024       0.025       0.028

Categorical Latent Variables

 C#1      ON
    PSR_0           -2.574      -1.939      -1.614       0.082       1.779       2.104       2.739

 Intercepts
    C#1             -3.030      -2.381      -2.050      -0.318       1.414       1.746       2.394


CONFIDENCE INTERVALS FOR THE LOGISTIC REGRESSION ODDS RATIO RESULTS

Categorical Latent Variables

 C#1      ON
    PSR_0            0.076       0.144       0.199       1.086       5.924       8.197      15.470


CONFIDENCE INTERVALS FOR THE ALTERNATIVE PARAMETERIZATIONS FOR THE CATEGORICAL LATENT VARIABLE REGRESSION

Parameterization using Reference Class 1

 C#2      ON
    PSR_0           -2.739      -2.104      -1.779      -0.082       1.614       1.939       2.574

 Intercepts
    C#2             -2.394      -1.746      -1.414       0.318       2.050       2.381       3.030


CONFIDENCE INTERVALS FOR THE ODDS RATIO FOR THE ALTERNATIVE PARAMETERIZATIONS FOR THE
CATEGORICAL LATENT VARIABLE REGRESSION

Parameterization using Reference Class 1

 C#2      ON
    PSR_0            0.065       0.122       0.169       0.921       5.023       6.951      13.117


CONFIDENCE INTERVALS OF STANDARDIZED MODEL RESULTS


STDYX Standardization

                  Lower .5%  Lower 2.5%    Lower 5%    Estimate    Upper 5%  Upper 2.5%   Upper .5%

Latent Class 1

 Means
    PSR_0            5.079       5.783       6.143       8.023       9.903      10.263      10.966
    N#1              1.350       1.350       1.350       1.350       1.350       1.350       1.350

 Variances
    PSR_0            1.000       1.000       1.000       1.000       1.000       1.000       1.000

Latent Class 2

 Means
    PSR_0            5.079       5.783       6.143       8.023       9.903      10.263      10.966
    N#1             -1.788      -1.788      -1.788      -1.788      -1.788      -1.788      -1.788

 Variances
    PSR_0            1.000       1.000       1.000       1.000       1.000       1.000       1.000


STDY Standardization

                  Lower .5%  Lower 2.5%    Lower 5%    Estimate    Upper 5%  Upper 2.5%   Upper .5%

Latent Class 1

 Means
    PSR_0            5.079       5.783       6.143       8.023       9.903      10.263      10.966
    N#1              1.350       1.350       1.350       1.350       1.350       1.350       1.350

 Variances
    PSR_0            1.000       1.000       1.000       1.000       1.000       1.000       1.000

Latent Class 2

 Means
    PSR_0            5.079       5.783       6.143       8.023       9.903      10.263      10.966
    N#1             -1.788      -1.788      -1.788      -1.788      -1.788      -1.788      -1.788

 Variances
    PSR_0            1.000       1.000       1.000       1.000       1.000       1.000       1.000


STD Standardization

                  Lower .5%  Lower 2.5%    Lower 5%    Estimate    Upper 5%  Upper 2.5%   Upper .5%

Latent Class 1

 Means
    PSR_0            1.004       1.007       1.008       1.016       1.024       1.026       1.029
    N#1              1.350       1.350       1.350       1.350       1.350       1.350       1.350

 Variances
    PSR_0            0.004       0.007       0.008       0.016       0.024       0.025       0.028

Latent Class 2

 Means
    PSR_0            1.004       1.007       1.008       1.016       1.024       1.026       1.029
    N#1             -1.788      -1.788      -1.788      -1.788      -1.788      -1.788      -1.788

 Variances
    PSR_0            0.004       0.007       0.008       0.016       0.024       0.025       0.028


TECHNICAL 7 OUTPUT


     SAMPLE STATISTICS WEIGHTED BY ESTIMATED CLASS PROBABILITIES FOR CLASS 1


           Means
              PSR_0
              ________
                1.017


           Covariances
              PSR_0
              ________
 PSR_0          0.017


     SAMPLE STATISTICS WEIGHTED BY ESTIMATED CLASS PROBABILITIES FOR CLASS 2


           Means
              PSR_0
              ________
                1.016


           Covariances
              PSR_0
              ________
 PSR_0          0.015


     UNIVARIATE SAMPLE DISTRIBUTIONS FOR CLASS 1

     Variable
     N
       Category 1        0.794
       Category 2        0.206


     UNIVARIATE SAMPLE DISTRIBUTIONS FOR CLASS 2

     Variable
     N
       Category 1        0.143
       Category 2        0.857


TECHNICAL 12 OUTPUT


     ESTIMATED MIXED MODEL AND RESIDUALS (OBSERVED - EXPECTED)


           Observed Means
              PSR_0
              ________
                1.016


           Estimated Mixed Means
              PSR_0
              ________
                1.016


           Residuals for Mixed Means
              PSR_0
              ________
                0.000


           Observed Covariances
              PSR_0
              ________
 PSR_0          0.016


           Estimated Mixed Covariances
              PSR_0
              ________
 PSR_0          0.016


           Residuals for Mixed Covariances
              PSR_0
              ________
 PSR_0          0.000


           Observed Skewness
              PSR_0
              ________
                7.641


           Estimated Mixed Skewness
              PSR_0
              ________
                0.000


           Residuals for Mixed Skewness
              PSR_0
              ________
                7.641


           Observed Kurtosis
              PSR_0
              ________
               56.380


           Estimated Mixed Kurtosis
              PSR_0
              ________
                0.000


           Residuals for Mixed Kurtosis
              PSR_0
              ________
               56.380


     Beginning Time:  20:17:28
        Ending Time:  20:17:28
       Elapsed Time:  00:00:00



MUTHEN & MUTHEN
3463 Stoner Ave.
Los Angeles, CA  90066

Tel: (310) 391-9971
Fax: (310) 391-8971
Web: www.StatModel.com
Support: Support@StatModel.com

Copyright (c) 1998-2021 Muthen & Muthen
