Mplus VERSION 8.6 (Mac)
MUTHEN & MUTHEN
01/19/2025   8:26 PM

INPUT INSTRUCTIONS

  TITLE:
  LCGA_C_P322_K3_S4000;

  DATA:
  FILE = "Results/LCGA/C/P322/K3/S4000.dat";

  VARIABLE:
  NAMES = id sx_0 sx_6 sx_12 sx_18 sx_24;
   MISSING=.;
   USEVAR = sx_0 sx_6 sx_12 sx_18 sx_24;
  IDVAR = id;
  CLASSES = c(3);

  ANALYSIS:
  TYPE = MIXTURE;
  STARTS = 4000 1000;
  K-1STARTS = 4000 1000;
  PROCESSORS = 8;

  MODEL:
  %OVERALL%
  i s q cub | sx_0@0 sx_6@6 sx_12@12 sx_18@18 sx_24@24;
  [i s q cub];
  i-cub@0;
  %C#1%
  [i s q cub];
  i-cub@0;
  sx_0 - sx_24 (1);
  %C#2%
  [i s q cub@0];
  i-cub@0;
  sx_0 - sx_24 (2);
  %C#3%
  [i s q cub@0];
  i-cub@0;
  sx_0 - sx_24 (3);

  OUTPUT:
  TECH1 TECH11 SAMPSTAT STANDARDIZED;

  SAVEDATA:
  FILE = LCGA_C_P322_K3_S4000_res.dat;
  SAVE = FSCORES;

  PLOT:
  TYPE = PLOT3;
  SERIES = sx_0-sx_24 (*);




*** WARNING in MODEL command
  All continuous latent variable covariances involving I have been fixed to 0
  because the variance of I is fixed at 0.
*** WARNING in MODEL command
  All continuous latent variable covariances involving S have been fixed to 0
  because the variance of S is fixed at 0.
*** WARNING in MODEL command
  All continuous latent variable covariances involving Q have been fixed to 0
  because the variance of Q is fixed at 0.
   3 WARNING(S) FOUND IN THE INPUT INSTRUCTIONS




LCGA_C_P322_K3_S4000;

SUMMARY OF ANALYSIS

Number of groups                                                 1
Number of observations                                         350

Number of dependent variables                                    5
Number of independent variables                                  0
Number of continuous latent variables                            4
Number of categorical latent variables                           1

Observed dependent variables

  Continuous
   SX_0        SX_6        SX_12       SX_18       SX_24

Continuous latent variables
   I           S           Q           CUB

Categorical latent variables
   C

Variables with special functions

  ID variable           ID

Estimator                                                      MLR
Information matrix                                        OBSERVED
Optimization Specifications for the Quasi-Newton Algorithm for
Continuous Outcomes
  Maximum number of iterations                                 100
  Convergence criterion                                  0.100D-05
Optimization Specifications for the EM Algorithm
  Maximum number of iterations                                 500
  Convergence criteria
    Loglikelihood change                                 0.100D-06
    Relative loglikelihood change                        0.100D-06
    Derivative                                           0.100D-05
Optimization Specifications for the M step of the EM Algorithm for
Categorical Latent variables
  Number of M step iterations                                    1
  M step convergence criterion                           0.100D-05
  Basis for M step termination                           ITERATION
Optimization Specifications for the M step of the EM Algorithm for
Censored, Binary or Ordered Categorical (Ordinal), Unordered
Categorical (Nominal) and Count Outcomes
  Number of M step iterations                                    1
  M step convergence criterion                           0.100D-05
  Basis for M step termination                           ITERATION
  Maximum value for logit thresholds                            15
  Minimum value for logit thresholds                           -15
  Minimum expected cell size for chi-square              0.100D-01
Maximum number of iterations for H1                           2000
Convergence criterion for H1                             0.100D-03
Optimization algorithm                                         EMA
Random Starts Specifications
  Number of initial stage random starts                       4000
  Number of final stage optimizations                         1000
  Number of initial stage iterations                            10
  Initial stage convergence criterion                    0.100D+01
  Random starts scale                                    0.500D+01
  Random seed for generating random starts                       0

Input data file(s)
  Results/LCGA/C/P322/K3/S4000.dat
Input data format  FREE


SUMMARY OF DATA

     Number of missing data patterns             1
     Number of y missing data patterns           1
     Number of u missing data patterns           0


COVARIANCE COVERAGE OF DATA

Minimum covariance coverage value   0.100


     PROPORTION OF DATA PRESENT FOR Y


           Covariance Coverage
              SX_0          SX_6          SX_12         SX_18         SX_24
              ________      ________      ________      ________      ________
 SX_0           1.000
 SX_6           1.000         1.000
 SX_12          1.000         1.000         1.000
 SX_18          1.000         1.000         1.000         1.000
 SX_24          1.000         1.000         1.000         1.000         1.000


SAMPLE STATISTICS


     ESTIMATED SAMPLE STATISTICS


           Means
              SX_0          SX_6          SX_12         SX_18         SX_24
              ________      ________      ________      ________      ________
               10.266         7.377         6.331         6.683         6.409


           Covariances
              SX_0          SX_6          SX_12         SX_18         SX_24
              ________      ________      ________      ________      ________
 SX_0          14.007
 SX_6           6.220        18.423
 SX_12          4.306         8.655        20.090
 SX_18          5.064         6.577         9.937        18.302
 SX_24          3.231         7.097         9.882        10.350        20.162


           Correlations
              SX_0          SX_6          SX_12         SX_18         SX_24
              ________      ________      ________      ________      ________
 SX_0           1.000
 SX_6           0.387         1.000
 SX_12          0.257         0.450         1.000
 SX_18          0.316         0.358         0.518         1.000
 SX_24          0.192         0.368         0.491         0.539         1.000


     MAXIMUM LOG-LIKELIHOOD VALUE FOR THE UNRESTRICTED (H1) MODEL IS -4799.585


UNIVARIATE SAMPLE STATISTICS


     UNIVARIATE HIGHER-ORDER MOMENT DESCRIPTIVE STATISTICS

         Variable/         Mean/     Skewness/   Minimum/ % with                Percentiles
        Sample Size      Variance    Kurtosis    Maximum  Min/Max      20%/60%    40%/80%    Median

     SX_0                 10.266      -0.053       0.000    0.86%       7.000      9.000     10.000
             350.000      14.007      -0.253      19.000    1.14%      11.000     14.000
     SX_6                  7.377       0.325       0.000    2.29%       3.000      6.000      7.000
             350.000      18.423      -0.734      19.000    0.29%       8.000     11.000
     SX_12                 6.331       0.472       0.000    6.00%       2.000      4.000      6.000
             350.000      20.090      -0.802      17.000    0.57%       7.000     11.000
     SX_18                 6.683       0.278       0.000    4.86%       2.000      5.000      6.000
             350.000      18.302      -0.910      16.000    1.43%       8.000     11.000
     SX_24                 6.409       0.419       0.000    6.57%       2.000      4.000      6.000
             350.000      20.162      -0.801      18.000    0.29%       7.000     11.000

RANDOM STARTS RESULTS RANKED FROM THE BEST TO THE WORST LOGLIKELIHOOD VALUES

Final stage loglikelihood values at local maxima, seeds, and initial stage start numbers:

           -4781.777  179130           2197
           -4781.777  401601           1267
           -4781.777  301545           2672
           -4781.777  495366           964
           -4781.777  242621           1642
           -4781.777  749756           3321
           -4781.777  574728           3619
           -4781.777  15270            610
           -4781.777  11122            2523
           -4781.777  642386           662
           -4781.777  356194           1393
           -4781.777  789985           67
           -4781.777  137377           397
           -4781.777  970689           266
           -4781.777  813779           92
           -4781.777  946393           2216
           -4781.777  405371           569
           -4781.777  645295           2443
           -4781.777  994934           2500
           -4781.777  871188           1261
           -4781.777  134413           1290
           -4781.777  884081           2875
           -4781.777  671390           814
           -4781.777  192731           3351
           -4781.777  229355           3645
           -4789.425  726025           1445
           -4789.425  702449           3161
           -4789.425  546943           865
           -4789.425  125089           1730

971 perturbed starting value run(s) did not converge or were rejected in the third stage.



THE BEST LOGLIKELIHOOD VALUE HAS BEEN REPLICATED.  RERUN WITH AT LEAST TWICE THE
RANDOM STARTS TO CHECK THAT THE BEST LOGLIKELIHOOD IS STILL OBTAINED AND REPLICATED.


THE MODEL ESTIMATION TERMINATED NORMALLY



MODEL FIT INFORMATION

Number of Free Parameters                       15

Loglikelihood

          H0 Value                       -4781.777
          H0 Scaling Correction Factor      1.1874
            for MLR

Information Criteria

          Akaike (AIC)                    9593.554
          Bayesian (BIC)                  9651.423
          Sample-Size Adjusted BIC        9603.837
            (n* = (n + 2) / 24)



FINAL CLASS COUNTS AND PROPORTIONS FOR THE LATENT CLASSES
BASED ON THE ESTIMATED MODEL

    Latent
   Classes

       1        111.45717          0.31845
       2         36.23299          0.10352
       3        202.30984          0.57803


FINAL CLASS COUNTS AND PROPORTIONS FOR THE LATENT CLASSES
BASED ON ESTIMATED POSTERIOR PROBABILITIES

    Latent
   Classes

       1        111.45717          0.31845
       2         36.23299          0.10352
       3        202.30984          0.57803


FINAL CLASS COUNTS AND PROPORTIONS FOR THE LATENT CLASSES
BASED ON THEIR MOST LIKELY LATENT CLASS MEMBERSHIP

Class Counts and Proportions

    Latent
   Classes

       1              116          0.33143
       2               34          0.09714
       3              200          0.57143


CLASSIFICATION QUALITY

     Entropy                         0.808


Average Latent Class Probabilities for Most Likely Latent Class Membership (Row)
by Latent Class (Column)

           1        2        3

    1   0.888    0.000    0.112
    2   0.000    0.913    0.087
    3   0.042    0.026    0.932


Classification Probabilities for the Most Likely Latent Class Membership (Column)
by Latent Class (Row)

           1        2        3

    1   0.924    0.000    0.076
    2   0.000    0.856    0.144
    3   0.064    0.015    0.921


Logits for the Classification Probabilities for the Most Likely Latent Class Membership (Column)
by Latent Class (Row)

              1        2        3

    1      2.503  -11.234    0.000
    2    -11.875    1.785    0.000
    3     -2.665   -4.138    0.000


MODEL RESULTS

                                                    Two-Tailed
                    Estimate       S.E.  Est./S.E.    P-Value

Latent Class 1

 I        |
    SX_0               1.000      0.000    999.000    999.000
    SX_6               1.000      0.000    999.000    999.000
    SX_12              1.000      0.000    999.000    999.000
    SX_18              1.000      0.000    999.000    999.000
    SX_24              1.000      0.000    999.000    999.000

 S        |
    SX_0               0.000      0.000    999.000    999.000
    SX_6               6.000      0.000    999.000    999.000
    SX_12             12.000      0.000    999.000    999.000
    SX_18             18.000      0.000    999.000    999.000
    SX_24             24.000      0.000    999.000    999.000

 Q        |
    SX_0               0.000      0.000    999.000    999.000
    SX_6              36.000      0.000    999.000    999.000
    SX_12            144.000      0.000    999.000    999.000
    SX_18            324.000      0.000    999.000    999.000
    SX_24            576.000      0.000    999.000    999.000

 CUB      |
    SX_0               0.000      0.000    999.000    999.000
    SX_6             216.000      0.000    999.000    999.000
    SX_12           1728.000      0.000    999.000    999.000
    SX_18           5832.000      0.000    999.000    999.000
    SX_24          13824.000      0.000    999.000    999.000

 Means
    I                  8.764      0.459     19.111      0.000
    S                 -1.211      0.113    -10.750      0.000
    Q                  0.080      0.012      6.903      0.000
    CUB               -0.002      0.000     -5.429      0.000

 Intercepts
    SX_0               0.000      0.000    999.000    999.000
    SX_6               0.000      0.000    999.000    999.000
    SX_12              0.000      0.000    999.000    999.000
    SX_18              0.000      0.000    999.000    999.000
    SX_24              0.000      0.000    999.000    999.000

 Variances
    I                  0.000      0.000    999.000    999.000
    S                  0.000      0.000    999.000    999.000
    Q                  0.000      0.000    999.000    999.000
    CUB                0.000      0.000    999.000    999.000

 Residual Variances
    SX_0               6.587      0.845      7.795      0.000
    SX_6               6.587      0.845      7.795      0.000
    SX_12              6.587      0.845      7.795      0.000
    SX_18              6.587      0.845      7.795      0.000
    SX_24              6.587      0.845      7.795      0.000

Latent Class 2

 I        |
    SX_0               1.000      0.000    999.000    999.000
    SX_6               1.000      0.000    999.000    999.000
    SX_12              1.000      0.000    999.000    999.000
    SX_18              1.000      0.000    999.000    999.000
    SX_24              1.000      0.000    999.000    999.000

 S        |
    SX_0               0.000      0.000    999.000    999.000
    SX_6               6.000      0.000    999.000    999.000
    SX_12             12.000      0.000    999.000    999.000
    SX_18             18.000      0.000    999.000    999.000
    SX_24             24.000      0.000    999.000    999.000

 Q        |
    SX_0               0.000      0.000    999.000    999.000
    SX_6              36.000      0.000    999.000    999.000
    SX_12            144.000      0.000    999.000    999.000
    SX_18            324.000      0.000    999.000    999.000
    SX_24            576.000      0.000    999.000    999.000

 CUB      |
    SX_0               0.000      0.000    999.000    999.000
    SX_6             216.000      0.000    999.000    999.000
    SX_12           1728.000      0.000    999.000    999.000
    SX_18           5832.000      0.000    999.000    999.000
    SX_24          13824.000      0.000    999.000    999.000

 Means
    I                 14.207      0.756     18.781      0.000
    S                 -0.118      0.077     -1.522      0.128
    Q                  0.001      0.003      0.225      0.822
    CUB                0.000      0.000    999.000    999.000

 Intercepts
    SX_0               0.000      0.000    999.000    999.000
    SX_6               0.000      0.000    999.000    999.000
    SX_12              0.000      0.000    999.000    999.000
    SX_18              0.000      0.000    999.000    999.000
    SX_24              0.000      0.000    999.000    999.000

 Variances
    I                  0.000      0.000    999.000    999.000
    S                  0.000      0.000    999.000    999.000
    Q                  0.000      0.000    999.000    999.000
    CUB                0.000      0.000    999.000    999.000

 Residual Variances
    SX_0               7.635      1.602      4.767      0.000
    SX_6               7.635      1.602      4.767      0.000
    SX_12              7.635      1.602      4.767      0.000
    SX_18              7.635      1.602      4.767      0.000
    SX_24              7.635      1.602      4.767      0.000

Latent Class 3

 I        |
    SX_0               1.000      0.000    999.000    999.000
    SX_6               1.000      0.000    999.000    999.000
    SX_12              1.000      0.000    999.000    999.000
    SX_18              1.000      0.000    999.000    999.000
    SX_24              1.000      0.000    999.000    999.000

 S        |
    SX_0               0.000      0.000    999.000    999.000
    SX_6               6.000      0.000    999.000    999.000
    SX_12             12.000      0.000    999.000    999.000
    SX_18             18.000      0.000    999.000    999.000
    SX_24             24.000      0.000    999.000    999.000

 Q        |
    SX_0               0.000      0.000    999.000    999.000
    SX_6              36.000      0.000    999.000    999.000
    SX_12            144.000      0.000    999.000    999.000
    SX_18            324.000      0.000    999.000    999.000
    SX_24            576.000      0.000    999.000    999.000

 CUB      |
    SX_0               0.000      0.000    999.000    999.000
    SX_6             216.000      0.000    999.000    999.000
    SX_12           1728.000      0.000    999.000    999.000
    SX_18           5832.000      0.000    999.000    999.000
    SX_24          13824.000      0.000    999.000    999.000

 Means
    I                 10.242      0.287     35.731      0.000
    S                 -0.389      0.060     -6.522      0.000
    Q                  0.012      0.002      5.558      0.000
    CUB                0.000      0.000    999.000    999.000

 Intercepts
    SX_0               0.000      0.000    999.000    999.000
    SX_6               0.000      0.000    999.000    999.000
    SX_12              0.000      0.000    999.000    999.000
    SX_18              0.000      0.000    999.000    999.000
    SX_24              0.000      0.000    999.000    999.000

 Variances
    I                  0.000      0.000    999.000    999.000
    S                  0.000      0.000    999.000    999.000
    Q                  0.000      0.000    999.000    999.000
    CUB                0.000      0.000    999.000    999.000

 Residual Variances
    SX_0              14.213      0.573     24.803      0.000
    SX_6              14.213      0.573     24.803      0.000
    SX_12             14.213      0.573     24.803      0.000
    SX_18             14.213      0.573     24.803      0.000
    SX_24             14.213      0.573     24.803      0.000

Categorical Latent Variables

 Means
    C#1               -0.596      0.224     -2.665      0.008
    C#2               -1.720      0.311     -5.524      0.000


QUALITY OF NUMERICAL RESULTS

     Condition Number for the Information Matrix              0.499E-06
       (ratio of smallest to largest eigenvalue)


STANDARDIZED MODEL RESULTS


STDYX Standardization

                                                    Two-Tailed
                    Estimate       S.E.  Est./S.E.    P-Value

Latent Class 1

 I        |
    SX_0             999.000    999.000    999.000    999.000
    SX_6             999.000    999.000    999.000    999.000
    SX_12            999.000    999.000    999.000    999.000
    SX_18            999.000    999.000    999.000    999.000
    SX_24            999.000    999.000    999.000    999.000

 S        |
    SX_0             999.000    999.000    999.000    999.000
    SX_6             999.000    999.000    999.000    999.000
    SX_12            999.000    999.000    999.000    999.000
    SX_18            999.000    999.000    999.000    999.000
    SX_24            999.000    999.000    999.000    999.000

 Q        |
    SX_0             999.000    999.000    999.000    999.000
    SX_6             999.000    999.000    999.000    999.000
    SX_12            999.000    999.000    999.000    999.000
    SX_18            999.000    999.000    999.000    999.000
    SX_24            999.000    999.000    999.000    999.000

 CUB      |
    SX_0             999.000    999.000    999.000    999.000
    SX_6             999.000    999.000    999.000    999.000
    SX_12            999.000    999.000    999.000    999.000
    SX_18            999.000    999.000    999.000    999.000
    SX_24            999.000    999.000    999.000    999.000

 Means
    I                999.000    999.000    999.000    999.000
    S                999.000    999.000    999.000    999.000
    Q                999.000    999.000    999.000    999.000
    CUB              999.000    999.000    999.000    999.000

 Intercepts
    SX_0               0.000      0.000    999.000    999.000
    SX_6               0.000      0.000    999.000    999.000
    SX_12              0.000      0.000    999.000    999.000
    SX_18              0.000      0.000    999.000    999.000
    SX_24              0.000      0.000    999.000    999.000

 Variances
    I                999.000    999.000    999.000    999.000
    S                999.000    999.000    999.000    999.000
    Q                999.000    999.000    999.000    999.000
    CUB              999.000    999.000    999.000    999.000

 Residual Variances
    SX_0               1.000      0.000    999.000    999.000
    SX_6               1.000      0.000    999.000    999.000
    SX_12              1.000      0.000    999.000    999.000
    SX_18              1.000      0.000    999.000    999.000
    SX_24              1.000      0.000    999.000    999.000

Latent Class 2

 I        |
    SX_0             999.000    999.000    999.000    999.000
    SX_6             999.000    999.000    999.000    999.000
    SX_12            999.000    999.000    999.000    999.000
    SX_18            999.000    999.000    999.000    999.000
    SX_24            999.000    999.000    999.000    999.000

 S        |
    SX_0             999.000    999.000    999.000    999.000
    SX_6             999.000    999.000    999.000    999.000
    SX_12            999.000    999.000    999.000    999.000
    SX_18            999.000    999.000    999.000    999.000
    SX_24            999.000    999.000    999.000    999.000

 Q        |
    SX_0             999.000    999.000    999.000    999.000
    SX_6             999.000    999.000    999.000    999.000
    SX_12            999.000    999.000    999.000    999.000
    SX_18            999.000    999.000    999.000    999.000
    SX_24            999.000    999.000    999.000    999.000

 CUB      |
    SX_0             999.000    999.000    999.000    999.000
    SX_6             999.000    999.000    999.000    999.000
    SX_12            999.000    999.000    999.000    999.000
    SX_18            999.000    999.000    999.000    999.000
    SX_24            999.000    999.000    999.000    999.000

 Means
    I                999.000    999.000    999.000    999.000
    S                999.000    999.000    999.000    999.000
    Q                999.000    999.000    999.000    999.000
    CUB              999.000    999.000    999.000    999.000

 Intercepts
    SX_0               0.000      0.000    999.000    999.000
    SX_6               0.000      0.000    999.000    999.000
    SX_12              0.000      0.000    999.000    999.000
    SX_18              0.000      0.000    999.000    999.000
    SX_24              0.000      0.000    999.000    999.000

 Variances
    I                999.000    999.000    999.000    999.000
    S                999.000    999.000    999.000    999.000
    Q                999.000    999.000    999.000    999.000
    CUB              999.000    999.000    999.000    999.000

 Residual Variances
    SX_0               1.000      0.000    999.000    999.000
    SX_6               1.000      0.000    999.000    999.000
    SX_12              1.000      0.000    999.000    999.000
    SX_18              1.000      0.000    999.000    999.000
    SX_24              1.000      0.000    999.000    999.000

Latent Class 3

 I        |
    SX_0             999.000    999.000    999.000    999.000
    SX_6             999.000    999.000    999.000    999.000
    SX_12            999.000    999.000    999.000    999.000
    SX_18            999.000    999.000    999.000    999.000
    SX_24            999.000    999.000    999.000    999.000

 S        |
    SX_0             999.000    999.000    999.000    999.000
    SX_6             999.000    999.000    999.000    999.000
    SX_12            999.000    999.000    999.000    999.000
    SX_18            999.000    999.000    999.000    999.000
    SX_24            999.000    999.000    999.000    999.000

 Q        |
    SX_0             999.000    999.000    999.000    999.000
    SX_6             999.000    999.000    999.000    999.000
    SX_12            999.000    999.000    999.000    999.000
    SX_18            999.000    999.000    999.000    999.000
    SX_24            999.000    999.000    999.000    999.000

 CUB      |
    SX_0             999.000    999.000    999.000    999.000
    SX_6             999.000    999.000    999.000    999.000
    SX_12            999.000    999.000    999.000    999.000
    SX_18            999.000    999.000    999.000    999.000
    SX_24            999.000    999.000    999.000    999.000

 Means
    I                999.000    999.000    999.000    999.000
    S                999.000    999.000    999.000    999.000
    Q                999.000    999.000    999.000    999.000
    CUB              999.000    999.000    999.000    999.000

 Intercepts
    SX_0               0.000      0.000    999.000    999.000
    SX_6               0.000      0.000    999.000    999.000
    SX_12              0.000      0.000    999.000    999.000
    SX_18              0.000      0.000    999.000    999.000
    SX_24              0.000      0.000    999.000    999.000

 Variances
    I                999.000    999.000    999.000    999.000
    S                999.000    999.000    999.000    999.000
    Q                999.000    999.000    999.000    999.000
    CUB              999.000    999.000    999.000    999.000

 Residual Variances
    SX_0               1.000      0.000    999.000    999.000
    SX_6               1.000      0.000    999.000    999.000
    SX_12              1.000      0.000    999.000    999.000
    SX_18              1.000      0.000    999.000    999.000
    SX_24              1.000      0.000    999.000    999.000


STDY Standardization

                                                    Two-Tailed
                    Estimate       S.E.  Est./S.E.    P-Value

Latent Class 1

 I        |
    SX_0             999.000    999.000    999.000    999.000
    SX_6             999.000    999.000    999.000    999.000
    SX_12            999.000    999.000    999.000    999.000
    SX_18            999.000    999.000    999.000    999.000
    SX_24            999.000    999.000    999.000    999.000

 S        |
    SX_0             999.000    999.000    999.000    999.000
    SX_6             999.000    999.000    999.000    999.000
    SX_12            999.000    999.000    999.000    999.000
    SX_18            999.000    999.000    999.000    999.000
    SX_24            999.000    999.000    999.000    999.000

 Q        |
    SX_0             999.000    999.000    999.000    999.000
    SX_6             999.000    999.000    999.000    999.000
    SX_12            999.000    999.000    999.000    999.000
    SX_18            999.000    999.000    999.000    999.000
    SX_24            999.000    999.000    999.000    999.000

 CUB      |
    SX_0             999.000    999.000    999.000    999.000
    SX_6             999.000    999.000    999.000    999.000
    SX_12            999.000    999.000    999.000    999.000
    SX_18            999.000    999.000    999.000    999.000
    SX_24            999.000    999.000    999.000    999.000

 Means
    I                999.000    999.000    999.000    999.000
    S                999.000    999.000    999.000    999.000
    Q                999.000    999.000    999.000    999.000
    CUB              999.000    999.000    999.000    999.000

 Intercepts
    SX_0               0.000      0.000    999.000    999.000
    SX_6               0.000      0.000    999.000    999.000
    SX_12              0.000      0.000    999.000    999.000
    SX_18              0.000      0.000    999.000    999.000
    SX_24              0.000      0.000    999.000    999.000

 Variances
    I                999.000    999.000    999.000    999.000
    S                999.000    999.000    999.000    999.000
    Q                999.000    999.000    999.000    999.000
    CUB              999.000    999.000    999.000    999.000

 Residual Variances
    SX_0               1.000      0.000    999.000    999.000
    SX_6               1.000      0.000    999.000    999.000
    SX_12              1.000      0.000    999.000    999.000
    SX_18              1.000      0.000    999.000    999.000
    SX_24              1.000      0.000    999.000    999.000

Latent Class 2

 I        |
    SX_0             999.000    999.000    999.000    999.000
    SX_6             999.000    999.000    999.000    999.000
    SX_12            999.000    999.000    999.000    999.000
    SX_18            999.000    999.000    999.000    999.000
    SX_24            999.000    999.000    999.000    999.000

 S        |
    SX_0             999.000    999.000    999.000    999.000
    SX_6             999.000    999.000    999.000    999.000
    SX_12            999.000    999.000    999.000    999.000
    SX_18            999.000    999.000    999.000    999.000
    SX_24            999.000    999.000    999.000    999.000

 Q        |
    SX_0             999.000    999.000    999.000    999.000
    SX_6             999.000    999.000    999.000    999.000
    SX_12            999.000    999.000    999.000    999.000
    SX_18            999.000    999.000    999.000    999.000
    SX_24            999.000    999.000    999.000    999.000

 CUB      |
    SX_0             999.000    999.000    999.000    999.000
    SX_6             999.000    999.000    999.000    999.000
    SX_12            999.000    999.000    999.000    999.000
    SX_18            999.000    999.000    999.000    999.000
    SX_24            999.000    999.000    999.000    999.000

 Means
    I                999.000    999.000    999.000    999.000
    S                999.000    999.000    999.000    999.000
    Q                999.000    999.000    999.000    999.000
    CUB              999.000    999.000    999.000    999.000

 Intercepts
    SX_0               0.000      0.000    999.000    999.000
    SX_6               0.000      0.000    999.000    999.000
    SX_12              0.000      0.000    999.000    999.000
    SX_18              0.000      0.000    999.000    999.000
    SX_24              0.000      0.000    999.000    999.000

 Variances
    I                999.000    999.000    999.000    999.000
    S                999.000    999.000    999.000    999.000
    Q                999.000    999.000    999.000    999.000
    CUB              999.000    999.000    999.000    999.000

 Residual Variances
    SX_0               1.000      0.000    999.000    999.000
    SX_6               1.000      0.000    999.000    999.000
    SX_12              1.000      0.000    999.000    999.000
    SX_18              1.000      0.000    999.000    999.000
    SX_24              1.000      0.000    999.000    999.000

Latent Class 3

 I        |
    SX_0             999.000    999.000    999.000    999.000
    SX_6             999.000    999.000    999.000    999.000
    SX_12            999.000    999.000    999.000    999.000
    SX_18            999.000    999.000    999.000    999.000
    SX_24            999.000    999.000    999.000    999.000

 S        |
    SX_0             999.000    999.000    999.000    999.000
    SX_6             999.000    999.000    999.000    999.000
    SX_12            999.000    999.000    999.000    999.000
    SX_18            999.000    999.000    999.000    999.000
    SX_24            999.000    999.000    999.000    999.000

 Q        |
    SX_0             999.000    999.000    999.000    999.000
    SX_6             999.000    999.000    999.000    999.000
    SX_12            999.000    999.000    999.000    999.000
    SX_18            999.000    999.000    999.000    999.000
    SX_24            999.000    999.000    999.000    999.000

 CUB      |
    SX_0             999.000    999.000    999.000    999.000
    SX_6             999.000    999.000    999.000    999.000
    SX_12            999.000    999.000    999.000    999.000
    SX_18            999.000    999.000    999.000    999.000
    SX_24            999.000    999.000    999.000    999.000

 Means
    I                999.000    999.000    999.000    999.000
    S                999.000    999.000    999.000    999.000
    Q                999.000    999.000    999.000    999.000
    CUB              999.000    999.000    999.000    999.000

 Intercepts
    SX_0               0.000      0.000    999.000    999.000
    SX_6               0.000      0.000    999.000    999.000
    SX_12              0.000      0.000    999.000    999.000
    SX_18              0.000      0.000    999.000    999.000
    SX_24              0.000      0.000    999.000    999.000

 Variances
    I                999.000    999.000    999.000    999.000
    S                999.000    999.000    999.000    999.000
    Q                999.000    999.000    999.000    999.000
    CUB              999.000    999.000    999.000    999.000

 Residual Variances
    SX_0               1.000      0.000    999.000    999.000
    SX_6               1.000      0.000    999.000    999.000
    SX_12              1.000      0.000    999.000    999.000
    SX_18              1.000      0.000    999.000    999.000
    SX_24              1.000      0.000    999.000    999.000


STD Standardization

                                                    Two-Tailed
                    Estimate       S.E.  Est./S.E.    P-Value

Latent Class 1

 I        |
    SX_0             999.000    999.000    999.000    999.000
    SX_6             999.000    999.000    999.000    999.000
    SX_12            999.000    999.000    999.000    999.000
    SX_18            999.000    999.000    999.000    999.000
    SX_24            999.000    999.000    999.000    999.000

 S        |
    SX_0             999.000    999.000    999.000    999.000
    SX_6             999.000    999.000    999.000    999.000
    SX_12            999.000    999.000    999.000    999.000
    SX_18            999.000    999.000    999.000    999.000
    SX_24            999.000    999.000    999.000    999.000

 Q        |
    SX_0             999.000    999.000    999.000    999.000
    SX_6             999.000    999.000    999.000    999.000
    SX_12            999.000    999.000    999.000    999.000
    SX_18            999.000    999.000    999.000    999.000
    SX_24            999.000    999.000    999.000    999.000

 CUB      |
    SX_0             999.000    999.000    999.000    999.000
    SX_6             999.000    999.000    999.000    999.000
    SX_12            999.000    999.000    999.000    999.000
    SX_18            999.000    999.000    999.000    999.000
    SX_24            999.000    999.000    999.000    999.000

 Means
    I                999.000    999.000    999.000    999.000
    S                999.000    999.000    999.000    999.000
    Q                999.000    999.000    999.000    999.000
    CUB              999.000    999.000    999.000    999.000

 Intercepts
    SX_0               0.000      0.000    999.000    999.000
    SX_6               0.000      0.000    999.000    999.000
    SX_12              0.000      0.000    999.000    999.000
    SX_18              0.000      0.000    999.000    999.000
    SX_24              0.000      0.000    999.000    999.000

 Variances
    I                999.000    999.000    999.000    999.000
    S                999.000    999.000    999.000    999.000
    Q                999.000    999.000    999.000    999.000
    CUB              999.000    999.000    999.000    999.000

 Residual Variances
    SX_0               6.587      0.845      7.795      0.000
    SX_6               6.587      0.845      7.795      0.000
    SX_12              6.587      0.845      7.795      0.000
    SX_18              6.587      0.845      7.795      0.000
    SX_24              6.587      0.845      7.795      0.000

Latent Class 2

 I        |
    SX_0             999.000    999.000    999.000    999.000
    SX_6             999.000    999.000    999.000    999.000
    SX_12            999.000    999.000    999.000    999.000
    SX_18            999.000    999.000    999.000    999.000
    SX_24            999.000    999.000    999.000    999.000

 S        |
    SX_0             999.000    999.000    999.000    999.000
    SX_6             999.000    999.000    999.000    999.000
    SX_12            999.000    999.000    999.000    999.000
    SX_18            999.000    999.000    999.000    999.000
    SX_24            999.000    999.000    999.000    999.000

 Q        |
    SX_0             999.000    999.000    999.000    999.000
    SX_6             999.000    999.000    999.000    999.000
    SX_12            999.000    999.000    999.000    999.000
    SX_18            999.000    999.000    999.000    999.000
    SX_24            999.000    999.000    999.000    999.000

 CUB      |
    SX_0             999.000    999.000    999.000    999.000
    SX_6             999.000    999.000    999.000    999.000
    SX_12            999.000    999.000    999.000    999.000
    SX_18            999.000    999.000    999.000    999.000
    SX_24            999.000    999.000    999.000    999.000

 Means
    I                999.000    999.000    999.000    999.000
    S                999.000    999.000    999.000    999.000
    Q                999.000    999.000    999.000    999.000
    CUB              999.000    999.000    999.000    999.000

 Intercepts
    SX_0               0.000      0.000    999.000    999.000
    SX_6               0.000      0.000    999.000    999.000
    SX_12              0.000      0.000    999.000    999.000
    SX_18              0.000      0.000    999.000    999.000
    SX_24              0.000      0.000    999.000    999.000

 Variances
    I                999.000    999.000    999.000    999.000
    S                999.000    999.000    999.000    999.000
    Q                999.000    999.000    999.000    999.000
    CUB              999.000    999.000    999.000    999.000

 Residual Variances
    SX_0               7.635      1.602      4.767      0.000
    SX_6               7.635      1.602      4.767      0.000
    SX_12              7.635      1.602      4.767      0.000
    SX_18              7.635      1.602      4.767      0.000
    SX_24              7.635      1.602      4.767      0.000

Latent Class 3

 I        |
    SX_0             999.000    999.000    999.000    999.000
    SX_6             999.000    999.000    999.000    999.000
    SX_12            999.000    999.000    999.000    999.000
    SX_18            999.000    999.000    999.000    999.000
    SX_24            999.000    999.000    999.000    999.000

 S        |
    SX_0             999.000    999.000    999.000    999.000
    SX_6             999.000    999.000    999.000    999.000
    SX_12            999.000    999.000    999.000    999.000
    SX_18            999.000    999.000    999.000    999.000
    SX_24            999.000    999.000    999.000    999.000

 Q        |
    SX_0             999.000    999.000    999.000    999.000
    SX_6             999.000    999.000    999.000    999.000
    SX_12            999.000    999.000    999.000    999.000
    SX_18            999.000    999.000    999.000    999.000
    SX_24            999.000    999.000    999.000    999.000

 CUB      |
    SX_0             999.000    999.000    999.000    999.000
    SX_6             999.000    999.000    999.000    999.000
    SX_12            999.000    999.000    999.000    999.000
    SX_18            999.000    999.000    999.000    999.000
    SX_24            999.000    999.000    999.000    999.000

 Means
    I                999.000    999.000    999.000    999.000
    S                999.000    999.000    999.000    999.000
    Q                999.000    999.000    999.000    999.000
    CUB              999.000    999.000    999.000    999.000

 Intercepts
    SX_0               0.000      0.000    999.000    999.000
    SX_6               0.000      0.000    999.000    999.000
    SX_12              0.000      0.000    999.000    999.000
    SX_18              0.000      0.000    999.000    999.000
    SX_24              0.000      0.000    999.000    999.000

 Variances
    I                999.000    999.000    999.000    999.000
    S                999.000    999.000    999.000    999.000
    Q                999.000    999.000    999.000    999.000
    CUB              999.000    999.000    999.000    999.000

 Residual Variances
    SX_0              14.213      0.573     24.803      0.000
    SX_6              14.213      0.573     24.803      0.000
    SX_12             14.213      0.573     24.803      0.000
    SX_18             14.213      0.573     24.803      0.000
    SX_24             14.213      0.573     24.803      0.000


R-SQUARE

Class 1

    Observed                                        Two-Tailed
    Variable        Estimate       S.E.  Est./S.E.    P-Value

    SX_0               0.000      0.000    999.000    999.000
    SX_6               0.000      0.000    999.000    999.000
    SX_12              0.000      0.000    999.000    999.000
    SX_18              0.000      0.000    999.000    999.000
    SX_24              0.000      0.000    999.000    999.000

Class 2

    Observed                                        Two-Tailed
    Variable        Estimate       S.E.  Est./S.E.    P-Value

    SX_0               0.000      0.000    999.000    999.000
    SX_6               0.000      0.000    999.000    999.000
    SX_12              0.000      0.000    999.000    999.000
    SX_18              0.000      0.000    999.000    999.000
    SX_24              0.000      0.000    999.000    999.000

Class 3

    Observed                                        Two-Tailed
    Variable        Estimate       S.E.  Est./S.E.    P-Value

    SX_0               0.000      0.000    999.000    999.000
    SX_6               0.000      0.000    999.000    999.000
    SX_12              0.000      0.000    999.000    999.000
    SX_18              0.000      0.000    999.000    999.000
    SX_24              0.000      0.000    999.000    999.000


TECHNICAL 1 OUTPUT


     PARAMETER SPECIFICATION FOR LATENT CLASS 1


           NU
              SX_0          SX_6          SX_12         SX_18         SX_24
              ________      ________      ________      ________      ________
                    0             0             0             0             0


           LAMBDA
              I             S             Q             CUB
              ________      ________      ________      ________
 SX_0               0             0             0             0
 SX_6               0             0             0             0
 SX_12              0             0             0             0
 SX_18              0             0             0             0
 SX_24              0             0             0             0


           THETA
              SX_0          SX_6          SX_12         SX_18         SX_24
              ________      ________      ________      ________      ________
 SX_0               1
 SX_6               0             1
 SX_12              0             0             1
 SX_18              0             0             0             1
 SX_24              0             0             0             0             1


           ALPHA
              I             S             Q             CUB
              ________      ________      ________      ________
                    2             3             4             5


           BETA
              I             S             Q             CUB
              ________      ________      ________      ________
 I                  0             0             0             0
 S                  0             0             0             0
 Q                  0             0             0             0
 CUB                0             0             0             0


           PSI
              I             S             Q             CUB
              ________      ________      ________      ________
 I                  0
 S                  0             0
 Q                  0             0             0
 CUB                0             0             0             0


     PARAMETER SPECIFICATION FOR LATENT CLASS 2


           NU
              SX_0          SX_6          SX_12         SX_18         SX_24
              ________      ________      ________      ________      ________
                    0             0             0             0             0


           LAMBDA
              I             S             Q             CUB
              ________      ________      ________      ________
 SX_0               0             0             0             0
 SX_6               0             0             0             0
 SX_12              0             0             0             0
 SX_18              0             0             0             0
 SX_24              0             0             0             0


           THETA
              SX_0          SX_6          SX_12         SX_18         SX_24
              ________      ________      ________      ________      ________
 SX_0               6
 SX_6               0             6
 SX_12              0             0             6
 SX_18              0             0             0             6
 SX_24              0             0             0             0             6


           ALPHA
              I             S             Q             CUB
              ________      ________      ________      ________
                    7             8             9             0


           BETA
              I             S             Q             CUB
              ________      ________      ________      ________
 I                  0             0             0             0
 S                  0             0             0             0
 Q                  0             0             0             0
 CUB                0             0             0             0


           PSI
              I             S             Q             CUB
              ________      ________      ________      ________
 I                  0
 S                  0             0
 Q                  0             0             0
 CUB                0             0             0             0


     PARAMETER SPECIFICATION FOR LATENT CLASS 3


           NU
              SX_0          SX_6          SX_12         SX_18         SX_24
              ________      ________      ________      ________      ________
                    0             0             0             0             0


           LAMBDA
              I             S             Q             CUB
              ________      ________      ________      ________
 SX_0               0             0             0             0
 SX_6               0             0             0             0
 SX_12              0             0             0             0
 SX_18              0             0             0             0
 SX_24              0             0             0             0


           THETA
              SX_0          SX_6          SX_12         SX_18         SX_24
              ________      ________      ________      ________      ________
 SX_0              10
 SX_6               0            10
 SX_12              0             0            10
 SX_18              0             0             0            10
 SX_24              0             0             0             0            10


           ALPHA
              I             S             Q             CUB
              ________      ________      ________      ________
                   11            12            13             0


           BETA
              I             S             Q             CUB
              ________      ________      ________      ________
 I                  0             0             0             0
 S                  0             0             0             0
 Q                  0             0             0             0
 CUB                0             0             0             0


           PSI
              I             S             Q             CUB
              ________      ________      ________      ________
 I                  0
 S                  0             0
 Q                  0             0             0
 CUB                0             0             0             0


     PARAMETER SPECIFICATION FOR LATENT CLASS REGRESSION MODEL PART


           ALPHA(C)
              C#1           C#2           C#3
              ________      ________      ________
                   14            15             0


     STARTING VALUES FOR LATENT CLASS 1


           NU
              SX_0          SX_6          SX_12         SX_18         SX_24
              ________      ________      ________      ________      ________
                0.000         0.000         0.000         0.000         0.000


           LAMBDA
              I             S             Q             CUB
              ________      ________      ________      ________
 SX_0           1.000         0.000         0.000         0.000
 SX_6           1.000         6.000        36.000       216.000
 SX_12          1.000        12.000       144.000      1728.000
 SX_18          1.000        18.000       324.000      5832.000
 SX_24          1.000        24.000       576.000     13824.000


           THETA
              SX_0          SX_6          SX_12         SX_18         SX_24
              ________      ________      ________      ________      ________
 SX_0           7.003
 SX_6           0.000         9.212
 SX_12          0.000         0.000        10.045
 SX_18          0.000         0.000         0.000         9.151
 SX_24          0.000         0.000         0.000         0.000        10.081


           ALPHA
              I             S             Q             CUB
              ________      ________      ________      ________
                0.000         0.000         0.000         0.000


           BETA
              I             S             Q             CUB
              ________      ________      ________      ________
 I              0.000         0.000         0.000         0.000
 S              0.000         0.000         0.000         0.000
 Q              0.000         0.000         0.000         0.000
 CUB            0.000         0.000         0.000         0.000


           PSI
              I             S             Q             CUB
              ________      ________      ________      ________
 I              0.000
 S              0.000         0.000
 Q              0.000         0.000         0.000
 CUB            0.000         0.000         0.000         0.000


     STARTING VALUES FOR LATENT CLASS 2


           NU
              SX_0          SX_6          SX_12         SX_18         SX_24
              ________      ________      ________      ________      ________
                0.000         0.000         0.000         0.000         0.000


           LAMBDA
              I             S             Q             CUB
              ________      ________      ________      ________
 SX_0           1.000         0.000         0.000         0.000
 SX_6           1.000         6.000        36.000       216.000
 SX_12          1.000        12.000       144.000      1728.000
 SX_18          1.000        18.000       324.000      5832.000
 SX_24          1.000        24.000       576.000     13824.000


           THETA
              SX_0          SX_6          SX_12         SX_18         SX_24
              ________      ________      ________      ________      ________
 SX_0           7.003
 SX_6           0.000         9.212
 SX_12          0.000         0.000        10.045
 SX_18          0.000         0.000         0.000         9.151
 SX_24          0.000         0.000         0.000         0.000        10.081


           ALPHA
              I             S             Q             CUB
              ________      ________      ________      ________
                0.000         0.000         0.000         0.000


           BETA
              I             S             Q             CUB
              ________      ________      ________      ________
 I              0.000         0.000         0.000         0.000
 S              0.000         0.000         0.000         0.000
 Q              0.000         0.000         0.000         0.000
 CUB            0.000         0.000         0.000         0.000


           PSI
              I             S             Q             CUB
              ________      ________      ________      ________
 I              0.000
 S              0.000         0.000
 Q              0.000         0.000         0.000
 CUB            0.000         0.000         0.000         0.000


     STARTING VALUES FOR LATENT CLASS 3


           NU
              SX_0          SX_6          SX_12         SX_18         SX_24
              ________      ________      ________      ________      ________
                0.000         0.000         0.000         0.000         0.000


           LAMBDA
              I             S             Q             CUB
              ________      ________      ________      ________
 SX_0           1.000         0.000         0.000         0.000
 SX_6           1.000         6.000        36.000       216.000
 SX_12          1.000        12.000       144.000      1728.000
 SX_18          1.000        18.000       324.000      5832.000
 SX_24          1.000        24.000       576.000     13824.000


           THETA
              SX_0          SX_6          SX_12         SX_18         SX_24
              ________      ________      ________      ________      ________
 SX_0           7.003
 SX_6           0.000         9.212
 SX_12          0.000         0.000        10.045
 SX_18          0.000         0.000         0.000         9.151
 SX_24          0.000         0.000         0.000         0.000        10.081


           ALPHA
              I             S             Q             CUB
              ________      ________      ________      ________
                0.000         0.000         0.000         0.000


           BETA
              I             S             Q             CUB
              ________      ________      ________      ________
 I              0.000         0.000         0.000         0.000
 S              0.000         0.000         0.000         0.000
 Q              0.000         0.000         0.000         0.000
 CUB            0.000         0.000         0.000         0.000


           PSI
              I             S             Q             CUB
              ________      ________      ________      ________
 I              0.000
 S              0.000         0.000
 Q              0.000         0.000         0.000
 CUB            0.000         0.000         0.000         0.000


     STARTING VALUES FOR LATENT CLASS REGRESSION MODEL PART


           ALPHA(C)
              C#1           C#2           C#3
              ________      ________      ________
                0.000         0.000         0.000


TECHNICAL 11 OUTPUT

     Random Starts Specifications for the k-1 Class Analysis Model
        Number of initial stage random starts                4000
        Number of final stage optimizations                  1000



     VUONG-LO-MENDELL-RUBIN LIKELIHOOD RATIO TEST FOR 2 (H0) VERSUS 3 CLASSES

          H0 Loglikelihood Value                        -4840.409
          2 Times the Loglikelihood Difference            117.264
          Difference in the Number of Parameters                6
          Mean                                              6.774
          Standard Deviation                               20.762
          P-Value                                          0.0003

     LO-MENDELL-RUBIN ADJUSTED LRT TEST

          Value                                           114.020
          P-Value                                          0.0004


SAMPLE STATISTICS FOR ESTIMATED FACTOR SCORES


     SAMPLE STATISTICS


           Means
              I             S             Q             CUB           C_I
              ________      ________      ________      ________      ________
               10.181        -0.623         0.033        -0.001        10.137


           Means
              C_S           C_Q           C_CUB
              ________      ________      ________
               -0.635         0.034        -0.001


           Covariances
              I             S             Q             CUB           C_I
              ________      ________      ________      ________      ________
 I              1.937
 S              0.410         0.136
 Q             -0.030        -0.011         0.001
 CUB            0.001         0.000         0.000         0.000
 C_I            2.030         0.428        -0.031         0.001         2.240
 C_S            0.438         0.148        -0.012         0.000         0.481
 C_Q           -0.032        -0.012         0.001         0.000        -0.035
 C_CUB          0.001         0.000         0.000         0.000         0.001


           Covariances
              C_S           C_Q           C_CUB
              ________      ________      ________
 C_S            0.170
 C_Q           -0.014         0.001
 C_CUB          0.000         0.000         0.000


           Correlations
              I             S             Q             CUB           C_I
              ________      ________      ________      ________      ________
 I              1.000
 S              0.798         1.000
 Q             -0.739        -0.996         1.000
 CUB            0.667         0.981        -0.995         1.000
 C_I            0.975         0.775        -0.718         0.647         1.000
 C_S            0.763         0.970        -0.967         0.955         0.779
 C_Q           -0.704        -0.963         0.969        -0.965        -0.718
 C_CUB          0.634         0.946        -0.961         0.967         0.646


           Correlations
              C_S           C_Q           C_CUB
              ________      ________      ________
 C_S            1.000
 C_Q           -0.996         1.000
 C_CUB          0.982        -0.995         1.000


PLOT INFORMATION

The following plots are available:

  Histograms (sample values, estimated factor scores, estimated values, residuals)
  Scatterplots (sample values, estimated factor scores, estimated values, residuals)
  Sample means
  Estimated means, medians, modes, and percentiles
  Sample and estimated means
  Latent variable distribution plots
  Observed individual values
  Estimated individual values
  Estimated means and observed individual values
  Estimated means and estimated individual values
  Estimated overall and class-specific distributions

SAVEDATA INFORMATION


  Save file
    LCGA_C_P322_K3_S4000_res.dat

  Order and format of variables

    SX_0           F10.3
    SX_6           F10.3
    SX_12          F10.3
    SX_18          F10.3
    SX_24          F10.3
    I              F10.3
    S              F10.3
    Q              F10.3
    CUB            F10.3
    C_I            F10.3
    C_S            F10.3
    C_Q            F10.3
    C_CUB          F10.3
    CPROB1         F10.3
    CPROB2         F10.3
    CPROB3         F10.3
    C              F10.3
    ID             I4

  Save file format
    17F10.3 I4

  Save file record length    10000

  Save missing symbol        *


     Beginning Time:  20:26:21
        Ending Time:  20:27:38
       Elapsed Time:  00:01:17



MUTHEN & MUTHEN
3463 Stoner Ave.
Los Angeles, CA  90066

Tel: (310) 391-9971
Fax: (310) 391-8971
Web: www.StatModel.com
Support: Support@StatModel.com

Copyright (c) 1998-2021 Muthen & Muthen
