Mplus VERSION 8.6 (Mac)
MUTHEN & MUTHEN
07/27/2023   5:26 AM

INPUT INSTRUCTIONS

  TITLE:
  GMM_CI_isqcub_CT
  DATA:
  FILE = "~/Desktop/DIST/SAPS/Results/GMM/CI/isqcub/GMM16.dat";

  VARIABLE:
  NAMES = pin SAPS_0 SAPS_1 SAPS_2 SAPS_3 SAPS_6 SAPS_9 SAPS_12 SAPS_18 SAPS_24;
   MISSING=.;
   USEVAR = SAPS_0 SAPS_1 SAPS_2 SAPS_3 SAPS_6 SAPS_9 SAPS_12 SAPS_18 SAPS_24;
  IDVAR = pin;
  CLASSES = c(2);
  ANALYSIS:
  TYPE = MIXTURE;
  STARTS = 4000 1000;
  K-1STARTS = 2000 500;
  DISTRIBUTION = SKEWNORMAL;
  PROCESSORS = 8;
  MODEL:
  %OVERALL%
  i s q cub | SAPS_0@0 SAPS_1@1 SAPS_2@2 SAPS_3@3 SAPS_6@6 SAPS_9@9 SAPS_12@12 SAPS_18@18
  SAPS_24@24;
  i s q cub;
  i WITH s q cub;
  s WITH q cub;
  q WITH cub;
  SAPS_0 SAPS_1 SAPS_2 SAPS_3 SAPS_6 SAPS_9 SAPS_12 SAPS_18 SAPS_24;
  %C#1%
  SAPS_0 (1);
  SAPS_1 (2);
  SAPS_2 (3);
  SAPS_3 (4);
  SAPS_6 (5);
  SAPS_9 (6);
  SAPS_12 (7);
  SAPS_18 (8);
  SAPS_24 (9);
  %C#2%
  SAPS_0 (10);
  SAPS_1 (11);
  SAPS_2 (12);
  SAPS_3 (13);
  SAPS_6 (14);
  SAPS_9 (15);
  SAPS_12 (16);
  SAPS_18 (17);
  SAPS_24 (18);
  OUTPUT:
  TECH7;
  TECH11;
  SAMPSTAT;
  STANDARDIZED;
  CINTERVAL;
  SAVEDATA:
  FILE = GMM_CI_isqcub_CT_est.dat;
  SAVE = CPROBABILITIES FSCORES;



INPUT READING TERMINATED NORMALLY




GMM_CI_isqcub_CT

SUMMARY OF ANALYSIS

Number of groups                                                 1
Number of observations                                         404

Number of dependent variables                                    9
Number of independent variables                                  0
Number of continuous latent variables                            4
Number of categorical latent variables                           1

Observed dependent variables

  Continuous
   SAPS_0      SAPS_1      SAPS_2      SAPS_3      SAPS_6      SAPS_9
   SAPS_12     SAPS_18     SAPS_24

Continuous latent variables
   I           S           Q           CUB

Categorical latent variables
   C

Variables with special functions

  ID variable           PIN

Estimator                                                      MLR
Information matrix                                        OBSERVED
Optimization Specifications for the Quasi-Newton Algorithm for
Continuous Outcomes
  Maximum number of iterations                                 100
  Convergence criterion                                  0.100D-03
Optimization Specifications for the EM Algorithm
  Maximum number of iterations                                 500
  Convergence criteria
    Loglikelihood change                                 0.100D-02
    Relative loglikelihood change                        0.100D-05
    Derivative                                           0.100D-03
Optimization Specifications for the M step of the EM Algorithm for
Categorical Latent variables
  Number of M step iterations                                    1
  M step convergence criterion                           0.100D-03
  Basis for M step termination                           ITERATION
Optimization Specifications for the M step of the EM Algorithm for
Censored, Binary or Ordered Categorical (Ordinal), Unordered
Categorical (Nominal) and Count Outcomes
  Number of M step iterations                                    1
  M step convergence criterion                           0.100D-03
  Basis for M step termination                           ITERATION
  Maximum value for logit thresholds                            15
  Minimum value for logit thresholds                           -15
  Minimum expected cell size for chi-square              0.100D-01
Maximum number of iterations for H1                           2000
Convergence criterion for H1                             0.100D-03
Optimization algorithm                                         EMA
Random Starts Specifications
  Number of initial stage random starts                       4000
  Number of final stage optimizations                         1000
  Number of initial stage iterations                            10
  Initial stage convergence criterion                    0.100D+01
  Random starts scale                                    0.500D+01
  Random seed for generating random starts                       0
Distribution Specifications
  Distribution                                          SKEWNORMAL

Input data file(s)
  ~/Desktop/DIST/SAPS/Results/GMM/CI/isqcub/GMM16.dat
Input data format  FREE


SUMMARY OF DATA

     Number of missing data patterns            63
     Number of y missing data patterns          63
     Number of u missing data patterns           0


COVARIANCE COVERAGE OF DATA

Minimum covariance coverage value   0.100


     PROPORTION OF DATA PRESENT FOR Y


           Covariance Coverage
              SAPS_0        SAPS_1        SAPS_2        SAPS_3        SAPS_6
              ________      ________      ________      ________      ________
 SAPS_0         0.998
 SAPS_1         0.673         0.676
 SAPS_2         0.844         0.597         0.847
 SAPS_3         0.943         0.634         0.822         0.946
 SAPS_6         0.906         0.606         0.777         0.871         0.908
 SAPS_9         0.861         0.579         0.750         0.812         0.795
 SAPS_12        0.866         0.574         0.723         0.817         0.790
 SAPS_18        0.819         0.540         0.683         0.772         0.745
 SAPS_24        0.790         0.520         0.691         0.748         0.720


           Covariance Coverage
              SAPS_9        SAPS_12       SAPS_18       SAPS_24
              ________      ________      ________      ________
 SAPS_9         0.864
 SAPS_12        0.772         0.869
 SAPS_18        0.725         0.745         0.822
 SAPS_24        0.723         0.720         0.708         0.792


SAMPLE STATISTICS


     ESTIMATED SAMPLE STATISTICS


           Means
              SAPS_0        SAPS_1        SAPS_2        SAPS_3        SAPS_6
              ________      ________      ________      ________      ________
               11.475         5.546         4.114         3.495         3.555


           Means
              SAPS_9        SAPS_12       SAPS_18       SAPS_24
              ________      ________      ________      ________
                3.371         3.555         3.350         3.332


           Covariances
              SAPS_0        SAPS_1        SAPS_2        SAPS_3        SAPS_6
              ________      ________      ________      ________      ________
 SAPS_0        10.556
 SAPS_1         3.838        15.000
 SAPS_2         2.583        10.530        13.543
 SAPS_3         2.254         7.337         9.844        13.149
 SAPS_6         2.048         6.066         7.351         7.109        13.625
 SAPS_9         1.161         3.508         5.318         5.892         7.375
 SAPS_12        2.116         3.708         4.011         5.492         6.362
 SAPS_18        1.006         3.215         3.935         4.962         5.383
 SAPS_24        0.983         2.359         3.251         3.783         3.528


           Covariances
              SAPS_9        SAPS_12       SAPS_18       SAPS_24
              ________      ________      ________      ________
 SAPS_9        12.257
 SAPS_12        6.137        14.430
 SAPS_18        4.846         7.162        13.115
 SAPS_24        4.398         5.157         5.749        14.978


           Correlations
              SAPS_0        SAPS_1        SAPS_2        SAPS_3        SAPS_6
              ________      ________      ________      ________      ________
 SAPS_0         1.000
 SAPS_1         0.305         1.000
 SAPS_2         0.216         0.739         1.000
 SAPS_3         0.191         0.522         0.738         1.000
 SAPS_6         0.171         0.424         0.541         0.531         1.000
 SAPS_9         0.102         0.259         0.413         0.464         0.571
 SAPS_12        0.171         0.252         0.287         0.399         0.454
 SAPS_18        0.085         0.229         0.295         0.378         0.403
 SAPS_24        0.078         0.157         0.228         0.270         0.247


           Correlations
              SAPS_9        SAPS_12       SAPS_18       SAPS_24
              ________      ________      ________      ________
 SAPS_9         1.000
 SAPS_12        0.461         1.000
 SAPS_18        0.382         0.521         1.000
 SAPS_24        0.325         0.351         0.410         1.000


     MAXIMUM LOG-LIKELIHOOD VALUE FOR THE UNRESTRICTED (H1) MODEL IS -7898.566


UNIVARIATE SAMPLE STATISTICS


     UNIVARIATE HIGHER-ORDER MOMENT DESCRIPTIVE STATISTICS

         Variable/         Mean/     Skewness/   Minimum/ % with                Percentiles
        Sample Size      Variance    Kurtosis    Maximum  Min/Max      20%/60%    40%/80%    Median

     SAPS_0               11.479      -0.268       2.000    0.50%       9.000     11.000     12.000
             403.000      10.552      -0.259      20.000    0.25%      13.000     14.000
     SAPS_1                5.473       0.416       0.000   10.62%       2.000      4.000      5.000
             273.000      14.491      -0.593      16.000    0.73%       6.000      9.000
     SAPS_2                4.009       0.987       0.000   18.13%       1.000      2.000      3.000
             342.000      13.377       0.578      18.000    0.29%       4.000      7.000
     SAPS_3                3.442       1.067       0.000   28.80%       0.000      1.000      2.000
             382.000      12.933       0.497      16.000    0.26%       3.000      6.000
     SAPS_6                3.542       0.982       0.000   30.79%       0.000      1.000      2.000
             367.000      13.736       0.170      16.000    0.27%       4.000      6.000
     SAPS_9                3.318       1.129       0.000   30.37%       0.000      1.000      2.000
             349.000      12.395       0.858      16.000    0.29%       3.000      6.000
     SAPS_12               3.587       1.270       0.000   27.07%       0.000      2.000      3.000
             351.000      14.527       1.138      18.000    0.28%       3.000      6.000
     SAPS_18               3.250       1.304       0.000   30.42%       0.000      1.000      2.000
             332.000      12.820       1.292      17.000    0.30%       3.000      6.000
     SAPS_24               3.297       1.339       0.000   33.44%       0.000      1.000      2.000
             320.000      15.040       1.095      17.000    0.31%       3.000      6.000

RANDOM STARTS RESULTS RANKED FROM THE BEST TO THE WORST LOGLIKELIHOOD VALUES


3774 perturbed starting value run(s) did not converge or were rejected in the third stage.
Final stage loglikelihood values at local maxima, seeds, and initial stage start numbers:

           -9103.144  824535           3127
           -9405.672  84013            598
           -9420.065  720994           1531
           -9439.590  321422           3998
           -9439.590  544009           842
           -9440.948  264901           634
          -11843.899  121292           3717
          -11880.082  713148           3878

992 perturbed starting value run(s) did not converge or were rejected in the third stage.



     WARNING:  THE BEST LOGLIKELIHOOD VALUE WAS NOT REPLICATED.  THE
     SOLUTION MAY NOT BE TRUSTWORTHY DUE TO LOCAL MAXIMA.  INCREASE THE
     NUMBER OF RANDOM STARTS.

     ONE OR MORE PARAMETERS WERE FIXED TO AVOID SINGULARITY OF THE
     INFORMATION MATRIX. THE SINGULARITY IS MOST LIKELY BECAUSE THE
     MODEL IS NOT IDENTIFIED, OR BECAUSE OF EMPTY CELLS IN THE JOINT
     DISTRIBUTION OF THE CATEGORICAL VARIABLES IN THE MODEL.
     THE FOLLOWING PARAMETERS WERE FIXED:
     Parameter 15, %C#1%: S WITH I (equality/label)
     Parameter 16, %C#1%: S (equality/label)
     Parameter 17, %C#1%: Q WITH I (equality/label)
     Parameter 18, %C#1%: Q WITH S (equality/label)
     Parameter 19, %C#1%: Q (equality/label)
     Parameter 20, %C#1%: CUB WITH I (equality/label)
     Parameter 21, %C#1%: CUB WITH S (equality/label)
     Parameter 22, %C#1%: CUB WITH Q (equality/label)
     Parameter 23, %C#1%: CUB (equality/label)

     THIS MAY ALSO BE DUE TO RESIDUAL VARIANCES CONVERGING TO 0.
     THESE RESIDUAL VARIANCES AND CORRESPONDING COVARIANCES ARE FIXED TO 0.


THE MODEL ESTIMATION TERMINATED NORMALLY



MODEL FIT INFORMATION

Number of Free Parameters                       45

Loglikelihood

          H0 Value                       -9103.144
          H0 Scaling Correction Factor      1.0813
            for MLR

Information Criteria

          Akaike (AIC)                   18296.287
          Bayesian (BIC)                 18476.351
          Sample-Size Adjusted BIC       18333.561
            (n* = (n + 2) / 24)



FINAL CLASS COUNTS AND PROPORTIONS FOR THE LATENT CLASSES
BASED ON THE ESTIMATED MODEL

    Latent
   Classes

       1        149.77684          0.37073
       2        254.22316          0.62927


FINAL CLASS COUNTS AND PROPORTIONS FOR THE LATENT CLASSES
BASED ON ESTIMATED POSTERIOR PROBABILITIES

    Latent
   Classes

       1        149.77684          0.37073
       2        254.22316          0.62927


FINAL CLASS COUNTS AND PROPORTIONS FOR THE LATENT CLASSES
BASED ON THEIR MOST LIKELY LATENT CLASS MEMBERSHIP

Class Counts and Proportions

    Latent
   Classes

       1              153          0.37871
       2              251          0.62129


CLASSIFICATION QUALITY

     Entropy                         0.892


Average Latent Class Probabilities for Most Likely Latent Class Membership (Row)
by Latent Class (Column)

           1        2

    1   0.950    0.050
    2   0.018    0.982


Classification Probabilities for the Most Likely Latent Class Membership (Column)
by Latent Class (Row)

           1        2

    1   0.970    0.030
    2   0.030    0.970


Logits for the Classification Probabilities for the Most Likely Latent Class Membership (Column)
by Latent Class (Row)

              1        2

    1      3.491    0.000
    2     -3.473    0.000


MODEL RESULTS

                                                    Two-Tailed
                    Estimate       S.E.  Est./S.E.    P-Value

Latent Class 1

 I        |
    SAPS_0             1.000      0.000    999.000    999.000
    SAPS_1             1.000      0.000    999.000    999.000
    SAPS_2             1.000      0.000    999.000    999.000
    SAPS_3             1.000      0.000    999.000    999.000
    SAPS_6             1.000      0.000    999.000    999.000
    SAPS_9             1.000      0.000    999.000    999.000
    SAPS_12            1.000      0.000    999.000    999.000
    SAPS_18            1.000      0.000    999.000    999.000
    SAPS_24            1.000      0.000    999.000    999.000

 S        |
    SAPS_0             0.000      0.000    999.000    999.000
    SAPS_1             1.000      0.000    999.000    999.000
    SAPS_2             2.000      0.000    999.000    999.000
    SAPS_3             3.000      0.000    999.000    999.000
    SAPS_6             6.000      0.000    999.000    999.000
    SAPS_9             9.000      0.000    999.000    999.000
    SAPS_12           12.000      0.000    999.000    999.000
    SAPS_18           18.000      0.000    999.000    999.000
    SAPS_24           24.000      0.000    999.000    999.000

 Q        |
    SAPS_0             0.000      0.000    999.000    999.000
    SAPS_1             1.000      0.000    999.000    999.000
    SAPS_2             4.000      0.000    999.000    999.000
    SAPS_3             9.000      0.000    999.000    999.000
    SAPS_6            36.000      0.000    999.000    999.000
    SAPS_9            81.000      0.000    999.000    999.000
    SAPS_12          144.000      0.000    999.000    999.000
    SAPS_18          324.000      0.000    999.000    999.000
    SAPS_24          576.000      0.000    999.000    999.000

 CUB      |
    SAPS_0             0.000      0.000    999.000    999.000
    SAPS_1             1.000      0.000    999.000    999.000
    SAPS_2             8.000      0.000    999.000    999.000
    SAPS_3            27.000      0.000    999.000    999.000
    SAPS_6           216.000      0.000    999.000    999.000
    SAPS_9           729.000      0.000    999.000    999.000
    SAPS_12         1728.000      0.000    999.000    999.000
    SAPS_18         5832.000      0.000    999.000    999.000
    SAPS_24        13824.000      0.000    999.000    999.000

 I        WITH
    S                  0.000      0.000    999.000    999.000
    Q                  0.000      0.000    999.000    999.000
    CUB                0.000      0.000    999.000    999.000

 S        WITH
    Q                  0.000      0.000    999.000    999.000
    CUB                0.000      0.000    999.000    999.000

 Q        WITH
    CUB                0.000      0.000    999.000    999.000

 Means
    I                  3.700      1.110      3.334      0.001
    S                 -0.889      0.214     -4.157      0.000
    Q                  0.077      0.016      4.868      0.000
    CUB               -0.002      0.000     -3.885      0.000

 Intercepts
    SAPS_0             0.000      0.000    999.000    999.000
    SAPS_1             0.000      0.000    999.000    999.000
    SAPS_2             0.000      0.000    999.000    999.000
    SAPS_3             0.000      0.000    999.000    999.000
    SAPS_6             0.000      0.000    999.000    999.000
    SAPS_9             0.000      0.000    999.000    999.000
    SAPS_12            0.000      0.000    999.000    999.000
    SAPS_18            0.000      0.000    999.000    999.000
    SAPS_24            0.000      0.000    999.000    999.000

 Variances
    I                  0.602      0.311      1.938      0.053
    S                  0.000      0.000    999.000    999.000
    Q                  0.000      0.000    999.000    999.000
    CUB                0.000      0.000    999.000    999.000

 Residual Variances
    SAPS_0            87.339      9.997      8.737      0.000
    SAPS_1             6.826      2.546      2.681      0.007
    SAPS_2             1.412      0.627      2.253      0.024
    SAPS_3             1.264      0.583      2.169      0.030
    SAPS_6             0.802      0.337      2.377      0.017
    SAPS_9             0.710      0.205      3.460      0.001
    SAPS_12            0.758      0.223      3.395      0.001
    SAPS_18            0.907      0.879      1.032      0.302
    SAPS_24            3.912      6.371      0.614      0.539

Latent Class 2

 I        |
    SAPS_0             1.000      0.000    999.000    999.000
    SAPS_1             1.000      0.000    999.000    999.000
    SAPS_2             1.000      0.000    999.000    999.000
    SAPS_3             1.000      0.000    999.000    999.000
    SAPS_6             1.000      0.000    999.000    999.000
    SAPS_9             1.000      0.000    999.000    999.000
    SAPS_12            1.000      0.000    999.000    999.000
    SAPS_18            1.000      0.000    999.000    999.000
    SAPS_24            1.000      0.000    999.000    999.000

 S        |
    SAPS_0             0.000      0.000    999.000    999.000
    SAPS_1             1.000      0.000    999.000    999.000
    SAPS_2             2.000      0.000    999.000    999.000
    SAPS_3             3.000      0.000    999.000    999.000
    SAPS_6             6.000      0.000    999.000    999.000
    SAPS_9             9.000      0.000    999.000    999.000
    SAPS_12           12.000      0.000    999.000    999.000
    SAPS_18           18.000      0.000    999.000    999.000
    SAPS_24           24.000      0.000    999.000    999.000

 Q        |
    SAPS_0             0.000      0.000    999.000    999.000
    SAPS_1             1.000      0.000    999.000    999.000
    SAPS_2             4.000      0.000    999.000    999.000
    SAPS_3             9.000      0.000    999.000    999.000
    SAPS_6            36.000      0.000    999.000    999.000
    SAPS_9            81.000      0.000    999.000    999.000
    SAPS_12          144.000      0.000    999.000    999.000
    SAPS_18          324.000      0.000    999.000    999.000
    SAPS_24          576.000      0.000    999.000    999.000

 CUB      |
    SAPS_0             0.000      0.000    999.000    999.000
    SAPS_1             1.000      0.000    999.000    999.000
    SAPS_2             8.000      0.000    999.000    999.000
    SAPS_3            27.000      0.000    999.000    999.000
    SAPS_6           216.000      0.000    999.000    999.000
    SAPS_9           729.000      0.000    999.000    999.000
    SAPS_12         1728.000      0.000    999.000    999.000
    SAPS_18         5832.000      0.000    999.000    999.000
    SAPS_24        13824.000      0.000    999.000    999.000

 I        WITH
    S                  0.000      0.000    999.000    999.000
    Q                  0.000      0.000    999.000    999.000
    CUB                0.000      0.000    999.000    999.000

 S        WITH
    Q                  0.000      0.000    999.000    999.000
    CUB                0.000      0.000    999.000    999.000

 Q        WITH
    CUB                0.000      0.000    999.000    999.000

 Means
    I                 11.410      0.543     20.997      0.000
    S                 -1.121      0.201     -5.591      0.000
    Q                  0.063      0.021      2.989      0.003
    CUB               -0.001      0.001     -1.966      0.049

 Intercepts
    SAPS_0             0.000      0.000    999.000    999.000
    SAPS_1             0.000      0.000    999.000    999.000
    SAPS_2             0.000      0.000    999.000    999.000
    SAPS_3             0.000      0.000    999.000    999.000
    SAPS_6             0.000      0.000    999.000    999.000
    SAPS_9             0.000      0.000    999.000    999.000
    SAPS_12            0.000      0.000    999.000    999.000
    SAPS_18            0.000      0.000    999.000    999.000
    SAPS_24            0.000      0.000    999.000    999.000

 Variances
    I                  0.602      0.311      1.938      0.053
    S                  0.000      0.000    999.000    999.000
    Q                  0.000      0.000    999.000    999.000
    CUB                0.000      0.000    999.000    999.000

 Residual Variances
    SAPS_0            13.375      2.477      5.401      0.000
    SAPS_1            10.877      1.823      5.967      0.000
    SAPS_2            10.331      1.693      6.102      0.000
    SAPS_3             9.947      1.212      8.207      0.000
    SAPS_6            11.085      1.357      8.168      0.000
    SAPS_9            11.428      1.642      6.961      0.000
    SAPS_12           13.359      1.840      7.261      0.000
    SAPS_18            8.973      4.927      1.821      0.069
    SAPS_24           28.482     27.971      1.018      0.309

Categorical Latent Variables

 Means
    C#1               -0.529      0.178     -2.970      0.003

Skew and Df Parameters

Latent Class 1

    I                 -1.673      0.682     -2.454      0.014
    S                  0.579      0.208      2.790      0.005
    Q                 -0.056      0.024     -2.376      0.017
    CUB                0.002      0.001      1.942      0.052

Latent Class 2

    I                 -2.241      0.624     -3.590      0.000
    S                 -0.563      0.229     -2.457      0.014
    Q                  0.093      0.025      3.644      0.000
    CUB               -0.003      0.001     -3.437      0.001


QUALITY OF NUMERICAL RESULTS

     Condition Number for the Information Matrix              0.148E-06
       (ratio of smallest to largest eigenvalue)


STANDARDIZED MODEL RESULTS

                      StdYX       StdY        Std
                    Estimate   Estimate   Estimate

Latent Class 1

 I        |
    SAPS_0             0.135      0.135      1.273
    SAPS_1             0.453      0.453      1.273
    SAPS_2             0.855      0.855      1.273
    SAPS_3             0.898      0.898      1.273
    SAPS_6             0.511      0.511      1.273
    SAPS_9             0.171      0.171      1.273
    SAPS_12            0.073      0.073      1.273
    SAPS_18            0.022      0.022      1.273
    SAPS_24            0.009      0.009      1.273

 S        |
    SAPS_0             0.000      0.000      0.000
    SAPS_1             0.124      0.124      0.349
    SAPS_2             0.469      0.469      0.698
    SAPS_3             0.740      0.740      1.048
    SAPS_6             0.841      0.841      2.095
    SAPS_9             0.423      0.423      3.143
    SAPS_12            0.241      0.241      4.190
    SAPS_18            0.108      0.108      6.285
    SAPS_24            0.061      0.061      8.381

 Q        |
    SAPS_0             0.000      0.000      0.000
    SAPS_1             0.013      0.013      0.035
    SAPS_2             0.095      0.095      0.142
    SAPS_3             0.225      0.225      0.319
    SAPS_6             0.512      0.512      1.275
    SAPS_9             0.386      0.386      2.869
    SAPS_12            0.293      0.293      5.100
    SAPS_18            0.196      0.196     11.476
    SAPS_24            0.147      0.147     20.401

 CUB      |
    SAPS_0             0.000      0.000      0.000
    SAPS_1             0.004      0.004      0.010
    SAPS_2             0.054      0.054      0.080
    SAPS_3             0.191      0.191      0.271
    SAPS_6             0.871      0.871      2.169
    SAPS_9             0.986      0.986      7.321
    SAPS_12            0.998      0.998     17.353
    SAPS_18            1.002      1.002     58.567
    SAPS_24            1.003      1.003    138.825

 I        WITH
    S                  0.000      0.000      0.000
    Q                  0.000      0.000      0.000
    CUB                0.000      0.000      0.000

 S        WITH
    Q                  0.000      0.000      0.000
    CUB                0.000      0.000      0.000

 Q        WITH
    CUB                0.000      0.000      0.000

 Means
    I                  2.908      2.908      2.908
    S                 -2.547     -2.547     -2.547
    Q                  2.176      2.176      2.176
    CUB               -0.180     -0.180     -0.180

 Intercepts
    SAPS_0             0.000      0.000      0.000
    SAPS_1             0.000      0.000      0.000
    SAPS_2             0.000      0.000      0.000
    SAPS_3             0.000      0.000      0.000
    SAPS_6             0.000      0.000      0.000
    SAPS_9             0.000      0.000      0.000
    SAPS_12            0.000      0.000      0.000
    SAPS_18            0.000      0.000      0.000
    SAPS_24            0.000      0.000      0.000

 Variances
    I                  0.372      0.372      0.372
    S                  0.001      0.001      0.001
    Q                  0.080      0.080      0.080
    CUB                0.992      0.992      0.992

 Residual Variances
    SAPS_0             0.982      0.982     87.339
    SAPS_1             0.863      0.863      6.826
    SAPS_2             0.637      0.637      1.412
    SAPS_3             0.630      0.630      1.264
    SAPS_6             0.129      0.129      0.802
    SAPS_9             0.013      0.013      0.710
    SAPS_12            0.003      0.003      0.758
    SAPS_18            0.000      0.000      0.907
    SAPS_24            0.000      0.000      3.912

Latent Class 2

 I        |
    SAPS_0             0.392      0.392      1.558
    SAPS_1             0.414      0.414      1.558
    SAPS_2             0.413      0.413      1.558
    SAPS_3             0.412      0.412      1.558
    SAPS_6             0.353      0.353      1.558
    SAPS_9             0.190      0.190      1.558
    SAPS_12            0.088      0.088      1.558
    SAPS_18            0.027      0.027      1.558
    SAPS_24            0.011      0.011      1.558

 S        |
    SAPS_0             0.000      0.000      0.000
    SAPS_1             0.090      0.090      0.339
    SAPS_2             0.180      0.180      0.679
    SAPS_3             0.269      0.269      1.018
    SAPS_6             0.461      0.461      2.036
    SAPS_9             0.373      0.373      3.054
    SAPS_12            0.230      0.230      4.072
    SAPS_18            0.104      0.104      6.108
    SAPS_24            0.059      0.059      8.143

 Q        |
    SAPS_0             0.000      0.000      0.000
    SAPS_1             0.015      0.015      0.057
    SAPS_2             0.060      0.060      0.227
    SAPS_3             0.135      0.135      0.512
    SAPS_6             0.464      0.464      2.046
    SAPS_9             0.562      0.562      4.604
    SAPS_12            0.461      0.461      8.186
    SAPS_18            0.315      0.315     18.417
    SAPS_24            0.236      0.236     32.742

 CUB      |
    SAPS_0             0.000      0.000      0.000
    SAPS_1             0.003      0.003      0.010
    SAPS_2             0.021      0.021      0.081
    SAPS_3             0.072      0.072      0.274
    SAPS_6             0.496      0.496      2.190
    SAPS_9             0.903      0.903      7.391
    SAPS_12            0.988      0.988     17.519
    SAPS_18            1.011      1.011     59.128
    SAPS_24            1.012      1.012    140.156

 I        WITH
    S                  0.000      0.000      0.000
    Q                  0.000      0.000      0.000
    CUB                0.000      0.000      0.000

 S        WITH
    Q                  0.000      0.000      0.000
    CUB                0.000      0.000      0.000

 Q        WITH
    CUB                0.000      0.000      0.000

 Means
    I                  7.325      7.325      7.325
    S                 -3.305     -3.305     -3.305
    Q                  1.117      1.117      1.117
    CUB               -0.125     -0.125     -0.125

 Intercepts
    SAPS_0             0.000      0.000      0.000
    SAPS_1             0.000      0.000      0.000
    SAPS_2             0.000      0.000      0.000
    SAPS_3             0.000      0.000      0.000
    SAPS_6             0.000      0.000      0.000
    SAPS_9             0.000      0.000      0.000
    SAPS_12            0.000      0.000      0.000
    SAPS_18            0.000      0.000      0.000
    SAPS_24            0.000      0.000      0.000

 Variances
    I                  0.248      0.248      0.248
    S                  0.001      0.001      0.001
    Q                  0.031      0.031      0.031
    CUB                0.973      0.973      0.973

 Residual Variances
    SAPS_0             0.846      0.846     13.375
    SAPS_1             0.768      0.768     10.877
    SAPS_2             0.725      0.725     10.331
    SAPS_3             0.697      0.697      9.947
    SAPS_6             0.569      0.569     11.085
    SAPS_9             0.171      0.171     11.428
    SAPS_12            0.042      0.042     13.359
    SAPS_18            0.003      0.003      8.973
    SAPS_24            0.001      0.001     28.482


R-SQUARE

Class 1

    Observed
    Variable        Estimate

    SAPS_0             0.018
    SAPS_1             0.137
    SAPS_2             0.363
    SAPS_3             0.370
    SAPS_6             0.871
    SAPS_9             0.987
    SAPS_12            0.997
    SAPS_18            1.000
    SAPS_24            1.000

Class 2

    Observed
    Variable        Estimate

    SAPS_0             0.154
    SAPS_1             0.232
    SAPS_2             0.275
    SAPS_3             0.303
    SAPS_6             0.431
    SAPS_9             0.829
    SAPS_12            0.958
    SAPS_18            0.997
    SAPS_24            0.999


CONFIDENCE INTERVALS OF MODEL RESULTS

                  Lower .5%  Lower 2.5%    Lower 5%    Estimate    Upper 5%  Upper 2.5%   Upper .5%

Latent Class 1

 I        |
    SAPS_0           1.000       1.000       1.000       1.000       1.000       1.000       1.000
    SAPS_1           1.000       1.000       1.000       1.000       1.000       1.000       1.000
    SAPS_2           1.000       1.000       1.000       1.000       1.000       1.000       1.000
    SAPS_3           1.000       1.000       1.000       1.000       1.000       1.000       1.000
    SAPS_6           1.000       1.000       1.000       1.000       1.000       1.000       1.000
    SAPS_9           1.000       1.000       1.000       1.000       1.000       1.000       1.000
    SAPS_12          1.000       1.000       1.000       1.000       1.000       1.000       1.000
    SAPS_18          1.000       1.000       1.000       1.000       1.000       1.000       1.000
    SAPS_24          1.000       1.000       1.000       1.000       1.000       1.000       1.000

 S        |
    SAPS_0           0.000       0.000       0.000       0.000       0.000       0.000       0.000
    SAPS_1           1.000       1.000       1.000       1.000       1.000       1.000       1.000
    SAPS_2           2.000       2.000       2.000       2.000       2.000       2.000       2.000
    SAPS_3           3.000       3.000       3.000       3.000       3.000       3.000       3.000
    SAPS_6           6.000       6.000       6.000       6.000       6.000       6.000       6.000
    SAPS_9           9.000       9.000       9.000       9.000       9.000       9.000       9.000
    SAPS_12         12.000      12.000      12.000      12.000      12.000      12.000      12.000
    SAPS_18         18.000      18.000      18.000      18.000      18.000      18.000      18.000
    SAPS_24         24.000      24.000      24.000      24.000      24.000      24.000      24.000

 Q        |
    SAPS_0           0.000       0.000       0.000       0.000       0.000       0.000       0.000
    SAPS_1           1.000       1.000       1.000       1.000       1.000       1.000       1.000
    SAPS_2           4.000       4.000       4.000       4.000       4.000       4.000       4.000
    SAPS_3           9.000       9.000       9.000       9.000       9.000       9.000       9.000
    SAPS_6          36.000      36.000      36.000      36.000      36.000      36.000      36.000
    SAPS_9          81.000      81.000      81.000      81.000      81.000      81.000      81.000
    SAPS_12        144.000     144.000     144.000     144.000     144.000     144.000     144.000
    SAPS_18        324.000     324.000     324.000     324.000     324.000     324.000     324.000
    SAPS_24        576.000     576.000     576.000     576.000     576.000     576.000     576.000

 CUB      |
    SAPS_0           0.000       0.000       0.000       0.000       0.000       0.000       0.000
    SAPS_1           1.000       1.000       1.000       1.000       1.000       1.000       1.000
    SAPS_2           8.000       8.000       8.000       8.000       8.000       8.000       8.000
    SAPS_3          27.000      27.000      27.000      27.000      27.000      27.000      27.000
    SAPS_6         216.000     216.000     216.000     216.000     216.000     216.000     216.000
    SAPS_9         729.000     729.000     729.000     729.000     729.000     729.000     729.000
    SAPS_12       1728.000    1728.000    1728.000    1728.000    1728.000    1728.000    1728.000
    SAPS_18       5832.000    5832.000    5832.000    5832.000    5832.000    5832.000    5832.000
    SAPS_24      13824.000   13824.000   13824.000   13824.000   13824.000   13824.000   13824.000

 I        WITH
    S                0.000       0.000       0.000       0.000       0.000       0.000       0.000
    Q                0.000       0.000       0.000       0.000       0.000       0.000       0.000
    CUB              0.000       0.000       0.000       0.000       0.000       0.000       0.000

 S        WITH
    Q                0.000       0.000       0.000       0.000       0.000       0.000       0.000
    CUB              0.000       0.000       0.000       0.000       0.000       0.000       0.000

 Q        WITH
    CUB              0.000       0.000       0.000       0.000       0.000       0.000       0.000

 Means
    I                0.842       1.525       1.875       3.700       5.525       5.875       6.558
    S               -1.440      -1.309      -1.241      -0.889      -0.537      -0.470      -0.338
    Q                0.036       0.046       0.051       0.077       0.103       0.108       0.118
    CUB             -0.003      -0.003      -0.003      -0.002      -0.001      -0.001      -0.001

 Intercepts
    SAPS_0           0.000       0.000       0.000       0.000       0.000       0.000       0.000
    SAPS_1           0.000       0.000       0.000       0.000       0.000       0.000       0.000
    SAPS_2           0.000       0.000       0.000       0.000       0.000       0.000       0.000
    SAPS_3           0.000       0.000       0.000       0.000       0.000       0.000       0.000
    SAPS_6           0.000       0.000       0.000       0.000       0.000       0.000       0.000
    SAPS_9           0.000       0.000       0.000       0.000       0.000       0.000       0.000
    SAPS_12          0.000       0.000       0.000       0.000       0.000       0.000       0.000
    SAPS_18          0.000       0.000       0.000       0.000       0.000       0.000       0.000
    SAPS_24          0.000       0.000       0.000       0.000       0.000       0.000       0.000

 Variances
    I               -0.198      -0.007       0.091       0.602       1.113       1.211       1.403
    S                0.000       0.000       0.000       0.000       0.000       0.000       0.000
    Q                0.000       0.000       0.000       0.000       0.000       0.000       0.000
    CUB              0.000       0.000       0.000       0.000       0.000       0.000       0.000

 Residual Variances
    SAPS_0          61.589      67.745      70.894      87.339     103.784     106.933     113.089
    SAPS_1           0.269       1.837       2.639       6.826      11.014      11.816      13.383
    SAPS_2          -0.202       0.184       0.381       1.412       2.443       2.640       3.026
    SAPS_3          -0.237       0.122       0.305       1.264       2.222       2.406       2.764
    SAPS_6          -0.067       0.141       0.247       0.802       1.357       1.463       1.670
    SAPS_9           0.182       0.308       0.373       0.710       1.048       1.113       1.239
    SAPS_12          0.183       0.320       0.391       0.758       1.126       1.196       1.334
    SAPS_18         -1.356      -0.815      -0.538       0.907       2.353       2.630       3.171
    SAPS_24        -12.500      -8.576      -6.569       3.912      14.393      16.400      20.323

Latent Class 2

 I        |
    SAPS_0           1.000       1.000       1.000       1.000       1.000       1.000       1.000
    SAPS_1           1.000       1.000       1.000       1.000       1.000       1.000       1.000
    SAPS_2           1.000       1.000       1.000       1.000       1.000       1.000       1.000
    SAPS_3           1.000       1.000       1.000       1.000       1.000       1.000       1.000
    SAPS_6           1.000       1.000       1.000       1.000       1.000       1.000       1.000
    SAPS_9           1.000       1.000       1.000       1.000       1.000       1.000       1.000
    SAPS_12          1.000       1.000       1.000       1.000       1.000       1.000       1.000
    SAPS_18          1.000       1.000       1.000       1.000       1.000       1.000       1.000
    SAPS_24          1.000       1.000       1.000       1.000       1.000       1.000       1.000

 S        |
    SAPS_0           0.000       0.000       0.000       0.000       0.000       0.000       0.000
    SAPS_1           1.000       1.000       1.000       1.000       1.000       1.000       1.000
    SAPS_2           2.000       2.000       2.000       2.000       2.000       2.000       2.000
    SAPS_3           3.000       3.000       3.000       3.000       3.000       3.000       3.000
    SAPS_6           6.000       6.000       6.000       6.000       6.000       6.000       6.000
    SAPS_9           9.000       9.000       9.000       9.000       9.000       9.000       9.000
    SAPS_12         12.000      12.000      12.000      12.000      12.000      12.000      12.000
    SAPS_18         18.000      18.000      18.000      18.000      18.000      18.000      18.000
    SAPS_24         24.000      24.000      24.000      24.000      24.000      24.000      24.000

 Q        |
    SAPS_0           0.000       0.000       0.000       0.000       0.000       0.000       0.000
    SAPS_1           1.000       1.000       1.000       1.000       1.000       1.000       1.000
    SAPS_2           4.000       4.000       4.000       4.000       4.000       4.000       4.000
    SAPS_3           9.000       9.000       9.000       9.000       9.000       9.000       9.000
    SAPS_6          36.000      36.000      36.000      36.000      36.000      36.000      36.000
    SAPS_9          81.000      81.000      81.000      81.000      81.000      81.000      81.000
    SAPS_12        144.000     144.000     144.000     144.000     144.000     144.000     144.000
    SAPS_18        324.000     324.000     324.000     324.000     324.000     324.000     324.000
    SAPS_24        576.000     576.000     576.000     576.000     576.000     576.000     576.000

 CUB      |
    SAPS_0           0.000       0.000       0.000       0.000       0.000       0.000       0.000
    SAPS_1           1.000       1.000       1.000       1.000       1.000       1.000       1.000
    SAPS_2           8.000       8.000       8.000       8.000       8.000       8.000       8.000
    SAPS_3          27.000      27.000      27.000      27.000      27.000      27.000      27.000
    SAPS_6         216.000     216.000     216.000     216.000     216.000     216.000     216.000
    SAPS_9         729.000     729.000     729.000     729.000     729.000     729.000     729.000
    SAPS_12       1728.000    1728.000    1728.000    1728.000    1728.000    1728.000    1728.000
    SAPS_18       5832.000    5832.000    5832.000    5832.000    5832.000    5832.000    5832.000
    SAPS_24      13824.000   13824.000   13824.000   13824.000   13824.000   13824.000   13824.000

 I        WITH
    S                0.000       0.000       0.000       0.000       0.000       0.000       0.000
    Q                0.000       0.000       0.000       0.000       0.000       0.000       0.000
    CUB              0.000       0.000       0.000       0.000       0.000       0.000       0.000

 S        WITH
    Q                0.000       0.000       0.000       0.000       0.000       0.000       0.000
    CUB              0.000       0.000       0.000       0.000       0.000       0.000       0.000

 Q        WITH
    CUB              0.000       0.000       0.000       0.000       0.000       0.000       0.000

 Means
    I               10.010      10.344      10.516      11.410      12.303      12.475      12.809
    S               -1.638      -1.515      -1.451      -1.121      -0.792      -0.728      -0.605
    Q                0.009       0.022       0.029       0.063       0.098       0.105       0.118
    CUB             -0.003      -0.003      -0.002      -0.001       0.000       0.000       0.000

 Intercepts
    SAPS_0           0.000       0.000       0.000       0.000       0.000       0.000       0.000
    SAPS_1           0.000       0.000       0.000       0.000       0.000       0.000       0.000
    SAPS_2           0.000       0.000       0.000       0.000       0.000       0.000       0.000
    SAPS_3           0.000       0.000       0.000       0.000       0.000       0.000       0.000
    SAPS_6           0.000       0.000       0.000       0.000       0.000       0.000       0.000
    SAPS_9           0.000       0.000       0.000       0.000       0.000       0.000       0.000
    SAPS_12          0.000       0.000       0.000       0.000       0.000       0.000       0.000
    SAPS_18          0.000       0.000       0.000       0.000       0.000       0.000       0.000
    SAPS_24          0.000       0.000       0.000       0.000       0.000       0.000       0.000

 Variances
    I               -0.198      -0.007       0.091       0.602       1.113       1.211       1.403
    S                0.000       0.000       0.000       0.000       0.000       0.000       0.000
    Q                0.000       0.000       0.000       0.000       0.000       0.000       0.000
    CUB              0.000       0.000       0.000       0.000       0.000       0.000       0.000

 Residual Variances
    SAPS_0           6.996       8.521       9.301      13.375      17.449      18.229      19.754
    SAPS_1           6.182       7.304       7.878      10.877      13.875      14.449      15.572
    SAPS_2           5.970       7.012       7.546      10.331      13.116      13.649      14.692
    SAPS_3           6.825       7.572       7.954       9.947      11.941      12.323      13.070
    SAPS_6           7.590       8.425       8.853      11.085      13.318      13.745      14.581
    SAPS_9           7.199       8.210       8.727      11.428      14.128      14.645      15.656
    SAPS_12          8.620       9.753      10.333      13.359      16.386      16.965      18.098
    SAPS_18         -3.718      -0.684       0.868       8.973      17.078      18.630      21.664
    SAPS_24        -43.566     -26.341     -17.530      28.482      74.495      83.305     100.530

Categorical Latent Variables

 Means
    C#1             -0.988      -0.878      -0.822      -0.529      -0.236      -0.180      -0.070

Skew and Df Parameters

Latent Class 1

    I               -3.430      -3.010      -2.795      -1.673      -0.551      -0.337       0.083
    S                0.044       0.172       0.238       0.579       0.920       0.986       1.114
    Q               -0.117      -0.103      -0.095      -0.056      -0.017      -0.010       0.005
    CUB              0.000       0.000       0.000       0.002       0.003       0.003       0.004

Latent Class 2

    I               -3.848      -3.464      -3.267      -2.241      -1.214      -1.017      -0.633
    S               -1.153      -1.012      -0.939      -0.563      -0.186      -0.114       0.027
    Q                0.027       0.043       0.051       0.093       0.135       0.143       0.158
    CUB             -0.005      -0.004      -0.004      -0.003      -0.001      -0.001      -0.001


TECHNICAL 7 OUTPUT


     SAMPLE STATISTICS WEIGHTED BY ESTIMATED CLASS PROBABILITIES FOR CLASS 1


           Means
              SAPS_0        SAPS_1        SAPS_2        SAPS_3        SAPS_6
              ________      ________      ________      ________      ________
               11.001         3.099         1.513         0.991         0.847


           Means
              SAPS_9        SAPS_12       SAPS_18       SAPS_24
              ________      ________      ________      ________
                0.805         0.929         1.234         1.942


           Covariances
              SAPS_0        SAPS_1        SAPS_2        SAPS_3        SAPS_6
              ________      ________      ________      ________      ________
 SAPS_0        12.275
 SAPS_1         2.939         7.285
 SAPS_2         0.496         2.223         2.121
 SAPS_3         0.261         0.995         0.697         1.761
 SAPS_6         0.641         0.632         0.577         0.621         1.414
 SAPS_9         0.040         0.563         0.229         0.454         0.547
 SAPS_12        0.989         0.694         0.071         0.471         0.489
 SAPS_18       -0.016         0.951        -0.029         0.233         0.561
 SAPS_24        0.778         0.035        -0.501        -0.236         0.414


           Covariances
              SAPS_9        SAPS_12       SAPS_18       SAPS_24
              ________      ________      ________      ________
 SAPS_9         1.185
 SAPS_12        0.464         1.517
 SAPS_18        0.475         0.576         3.268
 SAPS_24        0.217         0.778         1.312        10.278


     SAMPLE STATISTICS WEIGHTED BY ESTIMATED CLASS PROBABILITIES FOR CLASS 2


           Means
              SAPS_0        SAPS_1        SAPS_2        SAPS_3        SAPS_6
              ________      ________      ________      ________      ________
               11.758         6.818         5.614         4.966         5.223


           Means
              SAPS_9        SAPS_12       SAPS_18       SAPS_24
              ________      ________      ________      ________
                4.940         5.156         4.519         4.166


           Covariances
              SAPS_0        SAPS_1        SAPS_2        SAPS_3        SAPS_6
              ________      ________      ________      ________      ________
 SAPS_0         9.333
 SAPS_1         4.370        13.571
 SAPS_2         3.058         7.638        14.036
 SAPS_3         2.340         2.981         7.790        13.818
 SAPS_6         2.477         3.930         5.186         4.299        14.064
 SAPS_9         1.276         0.090         3.537         3.178         5.183
 SAPS_12        1.949         1.872         1.206         3.092         3.510
 SAPS_18        1.208         2.882         3.742         2.877         3.482
 SAPS_24        1.670         1.942         2.373         4.097         2.544


           Covariances
              SAPS_9        SAPS_12       SAPS_18       SAPS_24
              ________      ________      ________      ________
 SAPS_9        12.924
 SAPS_12        3.951        15.577
 SAPS_18        2.393         3.065        14.662
 SAPS_24        3.427         4.877         4.860        16.161


TECHNICAL 11 OUTPUT

     Random Starts Specifications for the k-1 Class Analysis Model
        Number of initial stage random starts                2000
        Number of final stage optimizations                   500



     VUONG-LO-MENDELL-RUBIN LIKELIHOOD RATIO TEST FOR 1 (H0) VERSUS 2 CLASSES

          H0 Loglikelihood Value                        -9419.946
          2 Times the Loglikelihood Difference            633.606
          Difference in the Number of Parameters               28
          Mean                                             92.705
          Standard Deviation                              113.840
          P-Value                                          0.0040

     LO-MENDELL-RUBIN ADJUSTED LRT TEST

          Value                                           629.857
          P-Value                                          0.0042


SAMPLE STATISTICS FOR ESTIMATED FACTOR SCORES


     SAMPLE STATISTICS


           Means
              I             S             Q             CUB           C_I
              ________      ________      ________      ________      ________
                6.912        -1.152         0.099        -0.002         6.871


           Means
              C_S           C_Q           C_CUB
              ________      ________      ________
               -1.139         0.098        -0.002


           Covariances
              I             S             Q             CUB           C_I
              ________      ________      ________      ________      ________
 I             12.747
 S             -1.670         0.315
 Q              0.143        -0.031         0.003
 CUB           -0.004         0.001         0.000         0.000
 C_I           13.008        -1.718         0.147        -0.004        13.466
 C_S           -1.744         0.328        -0.032         0.001        -1.841
 C_Q            0.150        -0.033         0.003         0.000         0.160
 C_CUB         -0.004         0.001         0.000         0.000        -0.004


           Covariances
              C_S           C_Q           C_CUB
              ________      ________      ________
 C_S            0.354
 C_Q           -0.035         0.004
 C_CUB          0.001         0.000         0.000


           Correlations
              I             S             Q             CUB           C_I
              ________      ________      ________      ________      ________
 I              1.000
 S             -0.834         1.000
 Q              0.698        -0.974         1.000
 CUB           -0.581         0.848        -0.880         1.000
 C_I            0.993        -0.834         0.699        -0.580         1.000
 C_S           -0.821         0.982        -0.951         0.824        -0.843
 C_Q            0.697        -0.963         0.981        -0.859         0.720
 C_CUB         -0.592         0.852        -0.876         0.982        -0.613


           Correlations
              C_S           C_Q           C_CUB
              ________      ________      ________
 C_S            1.000
 C_Q           -0.977         1.000
 C_CUB          0.862        -0.891         1.000


SAVEDATA INFORMATION


  Save file
    GMM_CI_isqcub_CT_est.dat

  Order and format of variables

    SAPS_0         F10.3
    SAPS_1         F10.3
    SAPS_2         F10.3
    SAPS_3         F10.3
    SAPS_6         F10.3
    SAPS_9         F10.3
    SAPS_12        F10.3
    SAPS_18        F10.3
    SAPS_24        F10.3
    I              F10.3
    S              F10.3
    Q              F10.3
    CUB            F10.3
    C_I            F10.3
    C_S            F10.3
    C_Q            F10.3
    C_CUB          F10.3
    CPROB1         F10.3
    CPROB2         F10.3
    C              F10.3
    PIN            I4

  Save file format
    20F10.3 I4

  Save file record length    10000

  Save missing symbol        *


     Beginning Time:  05:26:45
        Ending Time:  06:02:44
       Elapsed Time:  00:35:59



MUTHEN & MUTHEN
3463 Stoner Ave.
Los Angeles, CA  90066

Tel: (310) 391-9971
Fax: (310) 391-8971
Web: www.StatModel.com
Support: Support@StatModel.com

Copyright (c) 1998-2021 Muthen & Muthen
