Mplus VERSION 8.6 (Mac)
MUTHEN & MUTHEN
11/25/2022   6:56 PM

INPUT INSTRUCTIONS

  TITLE:
  MixREG_PSR_3;
  DATA:
  FILE = "/Users/olivierpercie/Desktop/MplusLGM/SOFAS/Results/MixREG/MixREG_PSR_3.dat";

  VARIABLE:
  NAMES = PIN I S Q C_I C_S C_Q CPROB1 CPROB2 N PSR_3;
   MISSING=.;
   USEVAR = PSR_3 N S;
  NOMINAL = N;
  CLASSES = c(2);
  ANALYSIS:

    TYPE = MIXTURE;
    STARTS = 0;
    PROCESSORS = 8;
  MODEL:
  %OVERALL%
  S on PSR_3;

  %C#1%
  [N#1@2.378];
  S on PSR_3;

  %C#2%
  [N#1@-1.949];
  S on PSR_3;



*** WARNING
  Data set contains cases with missing on x-variables.
  These cases were not included in the analysis.
  Number of cases with missing on x-variables:  33
   1 WARNING(S) FOUND IN THE INPUT INSTRUCTIONS




MixREG_PSR_3;

SUMMARY OF ANALYSIS

Number of groups                                                 1
Number of observations                                         336

Number of dependent variables                                    2
Number of independent variables                                  1
Number of continuous latent variables                            0
Number of categorical latent variables                           1

Observed dependent variables

  Continuous
   S

  Unordered categorical (nominal)
   N

Observed independent variables
   PSR_3

Categorical latent variables
   C


Estimator                                                      MLR
Information matrix                                        OBSERVED
Optimization Specifications for the Quasi-Newton Algorithm for
Continuous Outcomes
  Maximum number of iterations                                 100
  Convergence criterion                                  0.100D-05
Optimization Specifications for the EM Algorithm
  Maximum number of iterations                                 500
  Convergence criteria
    Loglikelihood change                                 0.100D-06
    Relative loglikelihood change                        0.100D-06
    Derivative                                           0.100D-05
Optimization Specifications for the M step of the EM Algorithm for
Categorical Latent variables
  Number of M step iterations                                    1
  M step convergence criterion                           0.100D-05
  Basis for M step termination                           ITERATION
Optimization Specifications for the M step of the EM Algorithm for
Censored, Binary or Ordered Categorical (Ordinal), Unordered
Categorical (Nominal) and Count Outcomes
  Number of M step iterations                                    1
  M step convergence criterion                           0.100D-05
  Basis for M step termination                           ITERATION
  Maximum value for logit thresholds                            15
  Minimum value for logit thresholds                           -15
  Minimum expected cell size for chi-square              0.100D-01
Maximum number of iterations for H1                           2000
Convergence criterion for H1                             0.100D-03
Optimization algorithm                                         EMA

Input data file(s)
  /Users/olivierpercie/Desktop/MplusLGM/SOFAS/Results/MixREG/MixREG_PSR_3.dat
Input data format  FREE


SUMMARY OF DATA

     Number of missing data patterns             1
     Number of y missing data patterns           1
     Number of u missing data patterns           0


COVARIANCE COVERAGE OF DATA

Minimum covariance coverage value   0.100


     PROPORTION OF DATA PRESENT FOR Y


           Covariance Coverage
              S             PSR_3
              ________      ________
 S              1.000
 PSR_3          1.000         1.000


UNIVARIATE PROPORTIONS AND COUNTS FOR CATEGORICAL VARIABLES

    N
      Category 1    0.565          190.000
      Category 2    0.435          146.000



UNIVARIATE SAMPLE STATISTICS


     UNIVARIATE HIGHER-ORDER MOMENT DESCRIPTIVE STATISTICS

         Variable/         Mean/     Skewness/   Minimum/ % with                Percentiles
        Sample Size      Variance    Kurtosis    Maximum  Min/Max      20%/60%    40%/80%    Median

     S                     2.541      -0.252       1.522    6.25%       1.553      2.211      2.806
             336.000       0.584      -1.703       3.347    0.89%       3.126      3.333
     PSR_3                 1.664      -0.693       1.000   33.63%       1.000      2.000      2.000
             336.000       0.223      -1.520       2.000   66.37%       2.000      2.000


THE MODEL ESTIMATION TERMINATED NORMALLY



MODEL FIT INFORMATION

Number of Free Parameters                        6

Loglikelihood

          H0 Value                        -267.521
          H0 Scaling Correction Factor      1.0805
            for MLR

Information Criteria

          Akaike (AIC)                     547.042
          Bayesian (BIC)                   569.945
          Sample-Size Adjusted BIC         550.912
            (n* = (n + 2) / 24)



FINAL CLASS COUNTS AND PROPORTIONS FOR THE LATENT CLASSES
BASED ON THE ESTIMATED MODEL

    Latent
   Classes

       1        189.61505          0.56433
       2        146.38495          0.43567


FINAL CLASS COUNTS AND PROPORTIONS FOR THE LATENT CLASSES
BASED ON ESTIMATED POSTERIOR PROBABILITIES

    Latent
   Classes

       1        189.61505          0.56433
       2        146.38495          0.43567


FINAL CLASS COUNTS AND PROPORTIONS FOR THE LATENT CLASSES
BASED ON THEIR MOST LIKELY LATENT CLASS MEMBERSHIP

Class Counts and Proportions

    Latent
   Classes

       1              190          0.56548
       2              146          0.43452


CLASSIFICATION QUALITY

     Entropy                         0.992


Average Latent Class Probabilities for Most Likely Latent Class Membership (Row)
by Latent Class (Column)

           1        2

    1   0.998    0.002
    2   0.001    0.999


Classification Probabilities for the Most Likely Latent Class Membership (Column)
by Latent Class (Row)

           1        2

    1   1.000    0.000
    2   0.003    0.997


Logits for the Classification Probabilities for the Most Likely Latent Class Membership (Column)
by Latent Class (Row)

              1        2

    1      7.766    0.000
    2     -5.748    0.000


MODEL RESULTS

                                                    Two-Tailed
                    Estimate       S.E.  Est./S.E.    P-Value

Latent Class 1

 S          ON
    PSR_3              0.094      0.044      2.121      0.034

 Means
    N#1                2.378      0.000    999.000    999.000

 Intercepts
    S                  3.013      0.082     36.639      0.000

 Residual Variances
    S                  0.059      0.005     11.503      0.000

Latent Class 2

 S          ON
    PSR_3              0.099      0.042      2.382      0.017

 Means
    N#1               -1.949      0.000    999.000    999.000

 Intercepts
    S                  1.564      0.060     26.024      0.000

 Residual Variances
    S                  0.059      0.005     11.503      0.000

Categorical Latent Variables

 Means
    C#1                0.259      0.110      2.345      0.019


QUALITY OF NUMERICAL RESULTS

     Condition Number for the Information Matrix              0.117E-02
       (ratio of smallest to largest eigenvalue)


     Beginning Time:  18:56:01
        Ending Time:  18:56:01
       Elapsed Time:  00:00:00



MUTHEN & MUTHEN
3463 Stoner Ave.
Los Angeles, CA  90066

Tel: (310) 391-9971
Fax: (310) 391-8971
Web: www.StatModel.com
Support: Support@StatModel.com

Copyright (c) 1998-2021 Muthen & Muthen
