Mplus VERSION 8.6 (Mac)
MUTHEN & MUTHEN
11/25/2022   6:56 PM

INPUT INSTRUCTIONS

  TITLE:
  MixREG_PSR_1;
  DATA:
  FILE = "/Users/olivierpercie/Desktop/MplusLGM/SOFAS/Results/MixREG/MixREG_PSR_1.dat";

  VARIABLE:
  NAMES = PIN I S Q C_I C_S C_Q CPROB1 CPROB2 N PSR_1;
   MISSING=.;
   USEVAR = PSR_1 N S;
  NOMINAL = N;
  CLASSES = c(2);
  ANALYSIS:

    TYPE = MIXTURE;
    STARTS = 0;
    PROCESSORS = 8;
  MODEL:
  %OVERALL%
  S on PSR_1;

  %C#1%
  [N#1@2.378];
  S on PSR_1;

  %C#2%
  [N#1@-1.949];
  S on PSR_1;



*** WARNING
  Data set contains cases with missing on x-variables.
  These cases were not included in the analysis.
  Number of cases with missing on x-variables:  164
   1 WARNING(S) FOUND IN THE INPUT INSTRUCTIONS




MixREG_PSR_1;

SUMMARY OF ANALYSIS

Number of groups                                                 1
Number of observations                                         205

Number of dependent variables                                    2
Number of independent variables                                  1
Number of continuous latent variables                            0
Number of categorical latent variables                           1

Observed dependent variables

  Continuous
   S

  Unordered categorical (nominal)
   N

Observed independent variables
   PSR_1

Categorical latent variables
   C


Estimator                                                      MLR
Information matrix                                        OBSERVED
Optimization Specifications for the Quasi-Newton Algorithm for
Continuous Outcomes
  Maximum number of iterations                                 100
  Convergence criterion                                  0.100D-05
Optimization Specifications for the EM Algorithm
  Maximum number of iterations                                 500
  Convergence criteria
    Loglikelihood change                                 0.100D-06
    Relative loglikelihood change                        0.100D-06
    Derivative                                           0.100D-05
Optimization Specifications for the M step of the EM Algorithm for
Categorical Latent variables
  Number of M step iterations                                    1
  M step convergence criterion                           0.100D-05
  Basis for M step termination                           ITERATION
Optimization Specifications for the M step of the EM Algorithm for
Censored, Binary or Ordered Categorical (Ordinal), Unordered
Categorical (Nominal) and Count Outcomes
  Number of M step iterations                                    1
  M step convergence criterion                           0.100D-05
  Basis for M step termination                           ITERATION
  Maximum value for logit thresholds                            15
  Minimum value for logit thresholds                           -15
  Minimum expected cell size for chi-square              0.100D-01
Maximum number of iterations for H1                           2000
Convergence criterion for H1                             0.100D-03
Optimization algorithm                                         EMA

Input data file(s)
  /Users/olivierpercie/Desktop/MplusLGM/SOFAS/Results/MixREG/MixREG_PSR_1.dat
Input data format  FREE


SUMMARY OF DATA

     Number of missing data patterns             1
     Number of y missing data patterns           1
     Number of u missing data patterns           0


COVARIANCE COVERAGE OF DATA

Minimum covariance coverage value   0.100


     PROPORTION OF DATA PRESENT FOR Y


           Covariance Coverage
              S             PSR_1
              ________      ________
 S              1.000
 PSR_1          1.000         1.000


UNIVARIATE PROPORTIONS AND COUNTS FOR CATEGORICAL VARIABLES

    N
      Category 1    0.541          111.000
      Category 2    0.459           94.000



UNIVARIATE SAMPLE STATISTICS


     UNIVARIATE HIGHER-ORDER MOMENT DESCRIPTIVE STATISTICS

         Variable/         Mean/     Skewness/   Minimum/ % with                Percentiles
        Sample Size      Variance    Kurtosis    Maximum  Min/Max      20%/60%    40%/80%    Median

     S                     2.484      -0.136       1.522    4.88%       1.554      2.061      2.704
             205.000       0.573      -1.729       3.347    0.49%       3.026      3.331
     PSR_1                 1.380       0.492       1.000   61.95%       1.000      1.000      1.000
             205.000       0.236      -1.758       2.000   38.05%       1.000      2.000


THE MODEL ESTIMATION TERMINATED NORMALLY



MODEL FIT INFORMATION

Number of Free Parameters                        6

Loglikelihood

          H0 Value                        -173.484
          H0 Scaling Correction Factor      1.0345
            for MLR

Information Criteria

          Akaike (AIC)                     358.968
          Bayesian (BIC)                   378.906
          Sample-Size Adjusted BIC         359.896
            (n* = (n + 2) / 24)



FINAL CLASS COUNTS AND PROPORTIONS FOR THE LATENT CLASSES
BASED ON THE ESTIMATED MODEL

    Latent
   Classes

       1        110.92049          0.54108
       2         94.07951          0.45892


FINAL CLASS COUNTS AND PROPORTIONS FOR THE LATENT CLASSES
BASED ON ESTIMATED POSTERIOR PROBABILITIES

    Latent
   Classes

       1        110.92049          0.54108
       2         94.07951          0.45892


FINAL CLASS COUNTS AND PROPORTIONS FOR THE LATENT CLASSES
BASED ON THEIR MOST LIKELY LATENT CLASS MEMBERSHIP

Class Counts and Proportions

    Latent
   Classes

       1              111          0.54146
       2               94          0.45854


CLASSIFICATION QUALITY

     Entropy                         0.986


Average Latent Class Probabilities for Most Likely Latent Class Membership (Row)
by Latent Class (Column)

           1        2

    1   0.997    0.003
    2   0.003    0.997


Classification Probabilities for the Most Likely Latent Class Membership (Column)
by Latent Class (Row)

           1        2

    1   0.998    0.002
    2   0.004    0.996


Logits for the Classification Probabilities for the Most Likely Latent Class Membership (Column)
by Latent Class (Row)

              1        2

    1      6.086    0.000
    2     -5.646    0.000


MODEL RESULTS

                                                    Two-Tailed
                    Estimate       S.E.  Est./S.E.    P-Value

Latent Class 1

 S          ON
    PSR_1              0.069      0.049      1.418      0.156

 Means
    N#1                2.378      0.000    999.000    999.000

 Intercepts
    S                  3.043      0.075     40.364      0.000

 Residual Variances
    S                  0.065      0.007      9.023      0.000

Latent Class 2

 S          ON
    PSR_1              0.041      0.056      0.732      0.464

 Means
    N#1               -1.949      0.000    999.000    999.000

 Intercepts
    S                  1.653      0.081     20.529      0.000

 Residual Variances
    S                  0.065      0.007      9.023      0.000

Categorical Latent Variables

 Means
    C#1                0.165      0.141      1.168      0.243


QUALITY OF NUMERICAL RESULTS

     Condition Number for the Information Matrix              0.147E-02
       (ratio of smallest to largest eigenvalue)


     Beginning Time:  18:56:01
        Ending Time:  18:56:01
       Elapsed Time:  00:00:00



MUTHEN & MUTHEN
3463 Stoner Ave.
Los Angeles, CA  90066

Tel: (310) 391-9971
Fax: (310) 391-8971
Web: www.StatModel.com
Support: Support@StatModel.com

Copyright (c) 1998-2021 Muthen & Muthen
