Mplus VERSION 8.6 (Mac)
MUTHEN & MUTHEN
07/27/2023   7:27 AM

INPUT INSTRUCTIONS

  TITLE:
  GMM_CV_is@0q@0cub@0_CT
  DATA:
  FILE = "~/Desktop/DIST/SAPS/Results/GMM/CV/is@0q@0cub@0/GMM4.dat";

  VARIABLE:
  NAMES = pin SAPS_0 SAPS_1 SAPS_2 SAPS_3 SAPS_6 SAPS_9 SAPS_12 SAPS_18 SAPS_24;
   MISSING=.;
   USEVAR = SAPS_0 SAPS_1 SAPS_2 SAPS_3 SAPS_6 SAPS_9 SAPS_12 SAPS_18 SAPS_24;
  IDVAR = pin;
  CLASSES = c(2);
  ANALYSIS:
  TYPE = MIXTURE;
  STARTS = 4000 1000;
  K-1STARTS = 2000 500;
  DISTRIBUTION = SKEWNORMAL;
  PROCESSORS = 8;
  MODEL:
  %OVERALL%
  i s q cub | SAPS_0@0 SAPS_1@1 SAPS_2@2 SAPS_3@3 SAPS_6@6 SAPS_9@9 SAPS_12@12 SAPS_18@18
  SAPS_24@24;
  i s@0 q@0 cub@0;
  i WITH s q cub;
  s WITH q cub;
  q WITH cub;
  SAPS_0 SAPS_1 SAPS_2 SAPS_3 SAPS_6 SAPS_9 SAPS_12 SAPS_18 SAPS_24;
  %C#1%
  i s@0 q@0 cub@0;
  i WITH s q cub;
  s WITH q cub;
  q WITH cub;
  SAPS_0 (1);
  SAPS_1 (2);
  SAPS_2 (3);
  SAPS_3 (4);
  SAPS_6 (5);
  SAPS_9 (6);
  SAPS_12 (7);
  SAPS_18 (8);
  SAPS_24 (9);
  %C#2%
  i s@0 q@0 cub@0;
  i WITH s q cub;
  s WITH q cub;
  q WITH cub;
  SAPS_0 (10);
  SAPS_1 (11);
  SAPS_2 (12);
  SAPS_3 (13);
  SAPS_6 (14);
  SAPS_9 (15);
  SAPS_12 (16);
  SAPS_18 (17);
  SAPS_24 (18);
  OUTPUT:
  TECH7;
  TECH11;
  SAMPSTAT;
  STANDARDIZED;
  CINTERVAL;
  SAVEDATA:
  FILE = GMM_CV_is@0q@0cub@0_CT_est.dat;
  SAVE = CPROBABILITIES FSCORES;



*** WARNING in MODEL command
  All continuous latent variable covariances involving S have been fixed to 0
  because the variance of S is fixed at 0.
*** WARNING in MODEL command
  All continuous latent variable covariances involving Q have been fixed to 0
  because the variance of Q is fixed at 0.
*** WARNING in MODEL command
  All continuous latent variable covariances involving CUB have been fixed to 0
  because the variance of CUB is fixed at 0.
*** WARNING in MODEL command
  All continuous latent variable covariances involving S have been fixed to 0
  because the variance of S is fixed at 0.
*** WARNING in MODEL command
  All continuous latent variable covariances involving Q have been fixed to 0
  because the variance of Q is fixed at 0.
*** WARNING in MODEL command
  All continuous latent variable covariances involving CUB have been fixed to 0
  because the variance of CUB is fixed at 0.
*** WARNING in MODEL command
  All continuous latent variable covariances involving S have been fixed to 0
  because the variance of S is fixed at 0.
*** WARNING in MODEL command
  All continuous latent variable covariances involving Q have been fixed to 0
  because the variance of Q is fixed at 0.
*** WARNING in MODEL command
  All continuous latent variable covariances involving CUB have been fixed to 0
  because the variance of CUB is fixed at 0.
   9 WARNING(S) FOUND IN THE INPUT INSTRUCTIONS




GMM_CV_is@0q@0cub@0_CT

SUMMARY OF ANALYSIS

Number of groups                                                 1
Number of observations                                         404

Number of dependent variables                                    9
Number of independent variables                                  0
Number of continuous latent variables                            4
Number of categorical latent variables                           1

Observed dependent variables

  Continuous
   SAPS_0      SAPS_1      SAPS_2      SAPS_3      SAPS_6      SAPS_9
   SAPS_12     SAPS_18     SAPS_24

Continuous latent variables
   I           S           Q           CUB

Categorical latent variables
   C

Variables with special functions

  ID variable           PIN

Estimator                                                      MLR
Information matrix                                        OBSERVED
Optimization Specifications for the Quasi-Newton Algorithm for
Continuous Outcomes
  Maximum number of iterations                                 100
  Convergence criterion                                  0.100D-03
Optimization Specifications for the EM Algorithm
  Maximum number of iterations                                 500
  Convergence criteria
    Loglikelihood change                                 0.100D-02
    Relative loglikelihood change                        0.100D-05
    Derivative                                           0.100D-03
Optimization Specifications for the M step of the EM Algorithm for
Categorical Latent variables
  Number of M step iterations                                    1
  M step convergence criterion                           0.100D-03
  Basis for M step termination                           ITERATION
Optimization Specifications for the M step of the EM Algorithm for
Censored, Binary or Ordered Categorical (Ordinal), Unordered
Categorical (Nominal) and Count Outcomes
  Number of M step iterations                                    1
  M step convergence criterion                           0.100D-03
  Basis for M step termination                           ITERATION
  Maximum value for logit thresholds                            15
  Minimum value for logit thresholds                           -15
  Minimum expected cell size for chi-square              0.100D-01
Maximum number of iterations for H1                           2000
Convergence criterion for H1                             0.100D-03
Optimization algorithm                                         EMA
Random Starts Specifications
  Number of initial stage random starts                       4000
  Number of final stage optimizations                         1000
  Number of initial stage iterations                            10
  Initial stage convergence criterion                    0.100D+01
  Random starts scale                                    0.500D+01
  Random seed for generating random starts                       0
Distribution Specifications
  Distribution                                          SKEWNORMAL

Input data file(s)
  ~/Desktop/DIST/SAPS/Results/GMM/CV/is@0q@0cub@0/GMM4.dat
Input data format  FREE


SUMMARY OF DATA

     Number of missing data patterns            63
     Number of y missing data patterns          63
     Number of u missing data patterns           0


COVARIANCE COVERAGE OF DATA

Minimum covariance coverage value   0.100


     PROPORTION OF DATA PRESENT FOR Y


           Covariance Coverage
              SAPS_0        SAPS_1        SAPS_2        SAPS_3        SAPS_6
              ________      ________      ________      ________      ________
 SAPS_0         0.998
 SAPS_1         0.673         0.676
 SAPS_2         0.844         0.597         0.847
 SAPS_3         0.943         0.634         0.822         0.946
 SAPS_6         0.906         0.606         0.777         0.871         0.908
 SAPS_9         0.861         0.579         0.750         0.812         0.795
 SAPS_12        0.866         0.574         0.723         0.817         0.790
 SAPS_18        0.819         0.540         0.683         0.772         0.745
 SAPS_24        0.790         0.520         0.691         0.748         0.720


           Covariance Coverage
              SAPS_9        SAPS_12       SAPS_18       SAPS_24
              ________      ________      ________      ________
 SAPS_9         0.864
 SAPS_12        0.772         0.869
 SAPS_18        0.725         0.745         0.822
 SAPS_24        0.723         0.720         0.708         0.792


SAMPLE STATISTICS


     ESTIMATED SAMPLE STATISTICS


           Means
              SAPS_0        SAPS_1        SAPS_2        SAPS_3        SAPS_6
              ________      ________      ________      ________      ________
               11.475         5.546         4.114         3.495         3.555


           Means
              SAPS_9        SAPS_12       SAPS_18       SAPS_24
              ________      ________      ________      ________
                3.371         3.555         3.350         3.332


           Covariances
              SAPS_0        SAPS_1        SAPS_2        SAPS_3        SAPS_6
              ________      ________      ________      ________      ________
 SAPS_0        10.556
 SAPS_1         3.838        15.000
 SAPS_2         2.583        10.530        13.543
 SAPS_3         2.254         7.337         9.844        13.149
 SAPS_6         2.048         6.066         7.351         7.109        13.625
 SAPS_9         1.161         3.508         5.318         5.892         7.375
 SAPS_12        2.116         3.708         4.011         5.492         6.362
 SAPS_18        1.006         3.215         3.935         4.962         5.383
 SAPS_24        0.983         2.359         3.251         3.783         3.528


           Covariances
              SAPS_9        SAPS_12       SAPS_18       SAPS_24
              ________      ________      ________      ________
 SAPS_9        12.257
 SAPS_12        6.137        14.430
 SAPS_18        4.846         7.162        13.115
 SAPS_24        4.398         5.157         5.749        14.978


           Correlations
              SAPS_0        SAPS_1        SAPS_2        SAPS_3        SAPS_6
              ________      ________      ________      ________      ________
 SAPS_0         1.000
 SAPS_1         0.305         1.000
 SAPS_2         0.216         0.739         1.000
 SAPS_3         0.191         0.522         0.738         1.000
 SAPS_6         0.171         0.424         0.541         0.531         1.000
 SAPS_9         0.102         0.259         0.413         0.464         0.571
 SAPS_12        0.171         0.252         0.287         0.399         0.454
 SAPS_18        0.085         0.229         0.295         0.378         0.403
 SAPS_24        0.078         0.157         0.228         0.270         0.247


           Correlations
              SAPS_9        SAPS_12       SAPS_18       SAPS_24
              ________      ________      ________      ________
 SAPS_9         1.000
 SAPS_12        0.461         1.000
 SAPS_18        0.382         0.521         1.000
 SAPS_24        0.325         0.351         0.410         1.000


     MAXIMUM LOG-LIKELIHOOD VALUE FOR THE UNRESTRICTED (H1) MODEL IS -7898.566


UNIVARIATE SAMPLE STATISTICS


     UNIVARIATE HIGHER-ORDER MOMENT DESCRIPTIVE STATISTICS

         Variable/         Mean/     Skewness/   Minimum/ % with                Percentiles
        Sample Size      Variance    Kurtosis    Maximum  Min/Max      20%/60%    40%/80%    Median

     SAPS_0               11.479      -0.268       2.000    0.50%       9.000     11.000     12.000
             403.000      10.552      -0.259      20.000    0.25%      13.000     14.000
     SAPS_1                5.473       0.416       0.000   10.62%       2.000      4.000      5.000
             273.000      14.491      -0.593      16.000    0.73%       6.000      9.000
     SAPS_2                4.009       0.987       0.000   18.13%       1.000      2.000      3.000
             342.000      13.377       0.578      18.000    0.29%       4.000      7.000
     SAPS_3                3.442       1.067       0.000   28.80%       0.000      1.000      2.000
             382.000      12.933       0.497      16.000    0.26%       3.000      6.000
     SAPS_6                3.542       0.982       0.000   30.79%       0.000      1.000      2.000
             367.000      13.736       0.170      16.000    0.27%       4.000      6.000
     SAPS_9                3.318       1.129       0.000   30.37%       0.000      1.000      2.000
             349.000      12.395       0.858      16.000    0.29%       3.000      6.000
     SAPS_12               3.587       1.270       0.000   27.07%       0.000      2.000      3.000
             351.000      14.527       1.138      18.000    0.28%       3.000      6.000
     SAPS_18               3.250       1.304       0.000   30.42%       0.000      1.000      2.000
             332.000      12.820       1.292      17.000    0.30%       3.000      6.000
     SAPS_24               3.297       1.339       0.000   33.44%       0.000      1.000      2.000
             320.000      15.040       1.095      17.000    0.31%       3.000      6.000

RANDOM STARTS RESULTS RANKED FROM THE BEST TO THE WORST LOGLIKELIHOOD VALUES


2621 perturbed starting value run(s) did not converge or were rejected in the third stage.
Final stage loglikelihood values at local maxima, seeds, and initial stage start numbers:

           -7684.578  551300           3969
           -7727.724  662524           1414
           -7833.506  25275            2649
           -7833.506  208620           965
           -7833.506  276397           3205
           -7833.506  799920           3471
           -7833.506  641965           2699
           -7833.506  634782           979
           -7833.506  327185           2704
           -7833.506  167220           2608
           -7833.506  137614           2198
           -7833.506  560402           1532
           -7833.506  882750           646
           -7833.506  836219           3913
           -7833.506  241997           2573
           -7833.506  699810           571
           -7833.506  462953           7
           -7833.506  488814           3170
           -7833.506  946393           2216
           -7833.506  444166           1443
           -7833.506  657909           2912
           -7833.506  616917           261
           -7833.506  283146           1126
           -7833.506  943158           3059
           -7833.506  279850           555
           -7833.506  514266           3692
           -7833.506  559901           2956
           -7833.506  778949           3595
           -7833.506  402224           91
           -7833.506  601383           2743
           -7833.506  893169           1847
           -7833.506  621904           2142
           -7833.506  384972           3773
           -7833.506  563002           360
           -7833.506  826112           3721
           -7833.506  235969           1579
           -7833.506  716616           1159
           -7833.506  868155           2204
           -7833.506  560717           3158
           -7833.507  256781           1448
           -7833.507  301180           236
           -7833.507  605784           3836
           -7833.507  669634           335
           -7833.507  317858           3752
           -7833.507  86698            893
           -7833.507  475420           71
           -7833.507  22155            3946
           -7833.507  398067           1759
           -7833.507  831417           3095
           -7833.507  848838           1647
           -7833.507  620568           2843
           -7833.507  121729           3011
           -7833.507  151775           3317
           -7833.507  144164           3860
           -7833.507  80438            246
           -7833.507  384859           1530
           -7833.507  898009           2586
           -7833.507  56628            2485
           -7833.507  76451            211
           -7833.507  935426           3142
           -7833.507  286835           1969
           -7833.507  145042           2798
           -7833.507  496016           2135
           -7833.507  579134           3931
           -7833.507  36369            3258
           -7833.507  27733            2407
           -7833.507  716642           3151
           -7833.507  294669           501
           -7833.507  695961           1668
           -7833.507  565631           1209
           -7833.507  724519           333
           -7833.507  945490           3300
           -7833.507  621978           1587
           -7833.507  24379            3944
           -7833.507  995249           525
           -7833.507  13508            3908
           -7833.507  37570            3925
           -7841.347  344689           1354
           -7844.707  452789           3826
           -7844.707  402699           604
           -7844.707  283492           435
           -7844.707  803696           1340
           -7844.707  224410           1220
           -7844.707  98068            998
           -7844.708  382611           1990
           -7844.708  117116           1909
           -7844.975  913007           3017
           -7848.652  592043           1090
           -7848.652  908977           2740
           -7848.652  115653           1387
           -7848.652  125742           2943
           -7848.652  946467           3724
           -7848.653  541019           3145
           -7848.653  633668           2874
           -7848.653  626891           32
           -7848.653  295033           1052
           -7848.653  193990           1303
           -7848.653  4091             548
           -7848.653  783165           170
           -7848.879  919098           2465
           -7848.879  505784           2597
           -7848.879  824535           3127
           -7848.879  919217           1501
           -7848.879  119513           821
           -7848.879  97158            205
           -7848.879  392602           2487
           -7848.879  347593           3407
           -7848.879  305006           3775
           -7848.879  586561           1735
           -7848.879  296924           1702
           -7848.879  512296           2476
           -7848.879  462662           872
           -7848.879  807584           2470
           -7848.879  854613           3023
           -7848.879  675755           3189
           -7848.879  36642            2509
           -7848.879  752292           1750
           -7848.879  483538           1897
           -7848.880  276468           1739
           -7848.880  679427           2446
           -7848.880  20976            1336
           -7848.880  588848           3965
           -7848.880  339073           841
           -7848.880  298201           903
           -7848.880  491838           2851
           -7848.880  269874           1756
           -7848.880  993088           1740
           -7851.757  458784           3185
           -7851.757  938661           2227
           -7851.757  309881           2153
           -7851.757  386915           2902
           -7851.757  874698           1027
           -7851.757  535063           329
           -7851.757  951709           348
           -7851.757  537007           1472
           -7851.757  200591           3408
           -7851.758  729401           2106
           -7851.758  745177           1879
           -7853.355  174809           2813
           -7853.355  536551           696
           -7853.355  404870           2452
           -7853.355  155898           2551
           -7853.355  354060           3887
           -7853.355  383791           3373
           -7853.355  918558           412
           -7853.355  754329           3889
           -7853.355  165382           1816
           -7853.355  704051           1083
           -7853.355  892896           2177
           -7853.355  908067           3734
           -7853.355  860102           495
           -7853.355  972349           3700
           -7853.355  746966           1656
           -7853.355  765589           1140
           -7853.355  397552           2213
           -7853.355  749635           420
           -7853.355  478386           2720
           -7853.355  636919           3559
           -7853.355  897272           1239
           -7853.355  621308           3960
           -7853.355  499347           881
           -7853.355  146772           2233
           -7853.355  512836           289
           -7853.355  452606           1675
           -7853.355  829540           324
           -7853.355  830416           2120
           -7853.355  225561           3077
           -7859.441  338892           1432
           -7860.536  647617           725
           -7860.540  720696           2058
           -7860.540  943486           2460
           -7860.540  156034           2381
           -7860.540  221256           3464
           -7860.540  33659            1435
           -7862.626  214260           2283
           -7862.626  321390           133
           -7862.626  325494           3704
           -7862.626  84013            598
           -7862.626  967567           1377
           -7862.626  863643           1619
           -7862.626  927789           2742
           -7862.626  592184           2155
           -7862.626  997513           3727
           -7862.626  190770           3605
           -7865.172  51011            1111
           -7865.172  262922           1914
           -7865.172  399508           415
           -7865.734  961880           2019
           -7865.734  287545           3198
           -7865.734  860732           2774
           -7865.734  809593           3329
           -7865.734  396607           3897
           -7865.734  948974           3197
           -7865.734  161421           519
           -7865.734  175820           1040
           -7865.734  407520           2854
           -7865.734  595190           1554
           -7865.734  861413           1154
           -7865.734  387701           275
           -7865.734  347110           3761
           -7865.734  817298           967
           -7865.734  83878            2541
           -7865.734  197223           332
           -7865.734  738069           1830
           -7865.734  489524           3395
           -7865.734  188340           1343
           -7865.734  538482           3755
           -7865.734  354624           448
           -7865.734  287787           1630
           -7865.734  814975           129
           -7865.734  435112           2339
           -7865.734  31158            2514
           -7865.734  848356           602
           -7865.734  595153           230
           -7865.734  859380           1113
           -7865.734  485948           3188
           -7865.734  258359           1202
           -7865.734  928683           1307
           -7865.734  820822           3986
           -7865.734  976103           1289
           -7868.018  480046           2484
           -7868.309  284109           82
           -7868.310  246794           801
           -7868.310  839460           2507
           -7868.310  893582           2412
           -7869.331  758926           1682
           -7869.331  824956           607
           -7869.331  192071           142
           -7869.583  582061           2057
           -7869.583  677790           3792
           -7869.583  531668           1271
           -7869.583  634333           1648
           -7869.583  830392           35
           -7869.583  741888           138
           -7869.583  138927           3289
           -7869.583  300741           3010
           -7869.583  987560           985
           -7869.583  42638            2048
           -7869.583  781349           1079
           -7869.583  729267           2202
           -7869.583  605969           3639
           -7871.058  168000           3882
           -7871.058  255016           1731
           -7871.058  914505           838
           -7871.058  553920           2961
           -7871.058  397522           1311
           -7871.058  42278            1305
           -7871.058  787857           2219
           -7871.058  697297           3697
           -7871.058  749808           3344
           -7871.058  978061           488
           -7871.058  364895           1590
           -7871.058  203018           3813
           -7871.058  65952            933
           -7871.058  320884           1390
           -7871.058  389538           2052
           -7871.058  224806           3213
           -7871.058  999166           3146
           -7871.058  387058           3120
           -7871.058  131202           1575
           -7871.058  696107           1452
           -7871.058  864006           1075
           -7871.058  816765           959
           -7871.058  630704           2295
           -7871.058  971770           2708
           -7871.058  850506           2759
           -7871.058  15160            3507
           -7871.058  551829           1466
           -7871.058  720520           3285
           -7871.058  231366           1137
           -7871.058  975141           1623
           -7871.058  408234           2840
           -7871.058  235435           3726
           -7871.058  245947           2732
           -7871.058  212241           3466
           -7871.058  566399           1877
           -7871.058  79932            3705
           -7871.058  689589           3947
           -7871.058  896135           2189
           -7871.058  206705           3822
           -7871.058  966243           1751
           -7871.058  512403           719
           -7871.058  823410           1578
           -7871.058  525406           3029
           -7871.058  910071           1061
           -7871.058  949311           2889
           -7871.058  723136           2848
           -7871.058  440963           3012
           -7871.058  458226           1078
           -7871.058  18109            2690
           -7871.058  479256           1915
           -7871.058  952682           1882
           -7871.058  369026           3255
           -7871.058  513949           1910
           -7871.058  274131           3004
           -7871.058  148079           1773
           -7871.058  341365           2794
           -7871.058  101894           2632
           -7871.058  238736           3820
           -7871.058  835162           1038
           -7871.058  263877           1659
           -7871.058  317444           1136
           -7871.058  147767           3750
           -7871.058  263268           165
           -7871.058  195981           3849
           -7871.058  990491           1709
           -7871.058  35478            2103
           -7871.058  189496           2572
           -7871.058  62835            642
           -7871.058  28983            1574
           -7871.058  624309           3588
           -7871.058  45724            2833
           -7871.058  818353           1256
           -7871.058  300806           2828
           -7871.058  978781           497
           -7871.058  77210            712
           -7871.058  67009            564
           -7871.058  711233           3782
           -7871.058  110911           1234
           -7871.058  704905           3749
           -7871.058  921206           1277
           -7871.058  92564            583
           -7871.058  618760           489
           -7871.058  141171           3553
           -7871.058  664045           3406
           -7871.058  556929           734
           -7871.058  734946           3847
           -7871.058  591227           2455
           -7871.058  452297           1068
           -7871.058  208182           3591
           -7871.058  157206           3920
           -7871.058  104836           2659
           -7871.058  855934           3662
           -7871.058  232509           2745
           -7871.058  889772           2832
           -7871.058  404042           675
           -7871.058  269171           2307
           -7871.289  848331           137
           -7871.289  202788           3043
           -7871.289  260601           36
           -7871.289  179229           1453
           -7871.289  845617           1262
           -7871.289  798658           3600
           -7871.289  745249           3082
           -7871.289  211879           3922
           -7871.289  896562           2773
           -7871.289  651982           2944
           -7871.289  483369           270
           -7871.289  36579            2265
           -7871.289  765586           709
           -7871.289  231281           542
           -7871.289  500273           3468
           -7871.289  513448           2016
           -7871.289  209031           632
           -7871.289  483431           2433
           -7871.289  14253            1252
           -7871.289  357077           3007
           -7871.289  785277           1603
           -7871.289  379823           905
           -7871.289  84437            1628
           -7871.289  883355           2140
           -7871.289  81954            1823
           -7871.289  242970           1945
           -7873.807  393147           2109
           -7873.808  329626           2457
           -7874.552  907014           3870
           -7874.552  761633           50
           -7874.552  325724           1043
           -7874.552  483602           3026
           -7874.552  564723           3744
           -7874.552  781255           3287
           -7874.552  529308           3209
           -7874.552  288620           1171
           -7874.552  251341           3061
           -7874.552  348637           749
           -7874.552  201311           1995
           -7874.552  364449           2239
           -7874.552  333642           2555
           -7874.552  460304           3764
           -7874.552  683518           2521
           -7874.552  213704           2165
           -7874.552  580405           286
           -7874.552  916761           3498
           -7874.552  306768           978
           -7874.552  659832           754
           -7874.552  564685           2602
           -7874.552  88767            2700
           -7874.552  679890           2703
           -7875.641  24045            2066
           -7875.641  303742           3693
           -7875.641  952860           2461
           -7875.641  720663           3478
           -7875.641  866961           1139
           -7875.641  168762           200
           -7875.641  85186            3674
           -7875.641  529346           1633
           -7875.641  234137           1965
           -7875.641  659147           2499
           -7875.641  910784           3980
           -7875.641  411615           171
           -7875.641  313599           3418
           -7875.641  43393            2751
           -7875.641  159195           2661
           -7875.641  332331           1913
           -7875.641  392418           28
           -7875.641  556697           3174
           -7875.641  566687           597
           -7875.641  845197           1456
           -7875.641  685146           1257
           -7875.641  901845           2729
           -7875.641  322964           3451
           -7875.641  4730             1760
           -7875.641  106529           3767
           -7875.641  70157            1858
           -7875.641  358688           1573
           -7875.641  768472           3740
           -7875.641  88117            3417
           -7875.874  222513           1088
           -7875.874  104055           3224
           -7875.874  648019           2946
           -7875.874  472543           1917
           -7875.874  932458           1132
           -7875.874  840078           203
           -7875.874  751054           117
           -7875.874  966726           3618
           -7875.874  294948           1999
           -7875.874  346843           1316
           -7875.874  995197           2529
           -7875.874  414672           3872
           -7875.874  661141           3608
           -7875.874  480649           1900
           -7875.874  182880           1396
           -7876.042  182568           2903
           -7876.042  848579           2263
           -7876.042  83354            2478
           -7876.042  82711            2181
           -7876.042  928686           3349
           -7876.042  254551           996
           -7876.042  743878           2402
           -7876.042  966603           919
           -7876.042  329099           3992
           -7876.042  408652           2290
           -7876.042  437181           135
           -7876.042  660368           2570
           -7876.042  330254           2684
           -7876.042  190781           2095
           -7876.042  602032           648
           -7876.042  69526            3599
           -7876.042  319993           1480
           -7876.042  843933           3832
           -7876.042  439638           3625
           -7876.042  217744           326
           -7876.042  80798            3616
           -7876.042  827041           2400
           -7876.042  418686           338
           -7876.042  961454           665
           -7876.042  69098            2788
           -7876.042  168199           1155
           -7876.042  600082           1008
           -7876.042  635597           3702
           -7876.042  953205           2247
           -7876.042  881058           3215
           -7876.042  670281           721
           -7876.042  344358           3816
           -7876.042  33553            2098
           -7876.042  381543           1407
           -7876.042  788197           3328
           -7876.042  896897           3919
           -7876.042  930781           2594
           -7876.042  812064           3427
           -7876.042  504861           1771
           -7876.042  269374           2321
           -7876.042  59651            2517
           -7876.042  165213           2343
           -7876.042  460747           2274
           -7876.042  252175           1520
           -7876.042  264316           2420
           -7876.042  180654           3150
           -7876.042  448829           938
           -7876.042  509060           1548
           -7876.042  725083           3216
           -7876.042  508482           446
           -7876.042  536082           1539
           -7876.042  517379           3644
           -7876.042  165822           1803
           -7876.042  151923           2983
           -7876.042  46437            153
           -7876.042  170658           2609
           -7876.042  824608           3603
           -7876.042  804561           59
           -7876.042  154192           3972
           -7876.042  480009           2598
           -7876.042  170118           238
           -7876.042  833955           2954
           -7876.042  950120           3742
           -7876.042  144257           3262
           -7876.042  460521           1032
           -7876.042  60038            1064
           -7876.887  192191           629
           -7877.166  540809           3389
           -7877.166  217585           2821
           -7877.166  783110           72
           -7877.166  60547            2590
           -7877.166  551282           1657
           -7877.166  372176           23
           -7877.166  240994           1598
           -7877.166  27690            2347
           -7877.166  66600            3186
           -7877.166  864683           2606
           -7877.166  579712           2359
           -7877.166  891347           504
           -7877.166  426103           3577
           -7877.166  791614           1852
           -7877.166  567252           1843
           -7877.166  75643            3024
           -7877.166  988761           475
           -7877.166  359578           458
           -7877.166  317640           437
           -7877.166  318596           3710
           -7877.166  908248           2536
           -7877.166  345974           622
           -7877.166  602306           2856
           -7877.166  781442           1230
           -7877.166  925741           1567
           -7877.166  44697            1792
           -7877.166  703893           2366
           -7877.166  774692           1764
           -7877.166  235356           2878
           -7877.166  138695           783
           -7877.166  536847           3967
           -7877.166  198593           2996
           -7877.166  527134           2091
           -7877.166  442009           3848
           -7877.166  282955           1073
           -7877.166  677720           681
           -7877.539  8089             2326
           -7877.540  433197           2364
           -7877.540  851658           3044
           -7877.540  452342           3073
           -7877.540  656945           1255
           -7877.540  36714            201
           -7877.540  848505           2799
           -7877.540  850112           922
           -7877.540  231199           1641
           -7877.540  85352            2562
           -7877.981  114433           708
           -7877.981  22170            3245
           -7877.981  424818           2756
           -7879.889  179748           3505
           -7879.889  22518            1680
           -7879.889  587946           120
           -7879.889  777244           2852
           -7879.889  303429           1016
           -7879.889  612578           1512
           -7879.889  697983           2256
           -7879.889  655497           376
           -7879.889  510814           3219
           -7879.889  60380            3099
           -7879.889  727375           3649
           -7879.889  553953           1595
           -7879.889  448749           1975
           -7879.889  725009           3633
           -7879.889  705224           953
           -7879.889  425149           878
           -7879.889  493083           1370
           -7879.889  175952           2075
           -7879.889  991329           182
           -7879.889  827570           2341
           -7879.889  16008            2464
           -7879.889  917364           2314
           -7879.889  560128           3233
           -7879.889  280104           1875
           -7879.889  349898           3516
           -7879.889  241197           747
           -7879.889  502532           445
           -7879.889  385042           2101
           -7879.889  299700           932
           -7879.889  551340           766
           -7879.889  566094           2115
           -7879.889  692531           2838
           -7879.889  578694           1608
           -7879.889  345726           461
           -7879.889  485635           876
           -7879.889  259758           1054
           -7879.889  575700           100
           -7879.889  299730           1627
           -7879.889  294811           637
           -7879.889  456812           3246
           -7879.889  659773           663
           -7879.889  539423           1517
           -7879.889  465996           2638
           -7879.889  166171           1577
           -7879.889  753939           1785
           -7879.889  802298           2812
           -7879.889  790081           3982
           -7879.889  228185           2842
           -7879.889  105022           3052
           -7879.889  643723           1807
           -7879.889  72662            729
           -7879.889  78862            529
           -7880.595  290366           1715
           -7880.595  529627           1542
           -7880.595  923437           398
           -7880.595  116150           3570
           -7880.595  995875           547
           -7880.595  673767           1736
           -7880.595  553604           2383
           -7880.595  456199           3845
           -7880.595  785822           1339
           -7880.595  820170           1944
           -7880.595  819932           2180
           -7880.595  422103           62
           -7880.595  901150           1143
           -7880.595  506228           3939
           -7880.595  700855           2761
           -7880.595  955502           1119
           -7880.595  503619           3249
           -7880.595  324372           2214
           -7880.595  114115           2007
           -7880.595  647690           1232
           -7880.595  391949           295
           -7880.652  659319           2888
           -7880.652  257136           1774
           -7880.652  610181           711
           -7880.653  680987           1926
           -7882.230  271397           3646
           -7882.867  538872           949
           -7882.867  82255            2186
           -7882.867  188944           3585
           -7882.867  29591            633
           -7882.867  642909           251
           -7882.867  207228           2805
           -7883.142  422421           1022
           -7883.142  766178           1937
           -7883.142  928789           3670
           -7883.142  703313           1415
           -7883.412  568405           233
           -7883.412  480926           1824
           -7883.412  784646           1687
           -7883.412  757590           2804
           -7883.412  933600           1661
           -7883.412  97300            640
           -7883.412  723642           3817
           -7883.412  886510           3906
           -7883.412  137767           3361
           -7883.412  810705           626
           -7883.412  225932           1285
           -7883.412  971119           1358
           -7883.412  622896           1385
           -7883.412  937885           426
           -7883.412  290586           3540
           -7883.412  654377           1684
           -7883.412  965639           463
           -7883.412  405371           569
           -7883.412  355253           1233
           -7883.412  908483           2331
           -7883.412  752513           2174
           -7883.412  3137             1321
           -7883.412  404917           1338
           -7883.412  997423           2447
           -7883.412  120506           45
           -7883.412  472647           2948
           -7883.412  93468            3
           -7883.412  377584           630
           -7883.412  639911           3945
           -7883.412  95219            1871
           -7883.412  566943           1023
           -7883.412  539389           544
           -7883.412  847129           3854
           -7883.412  614535           449
           -7883.412  15270            610
           -7883.412  507154           387
           -7883.412  891510           1625
           -7883.412  50983            834
           -7883.412  690985           2271
           -7883.412  206840           3985
           -7883.412  773195           849
           -7883.412  383992           3663
           -7883.412  853439           1671
           -7883.412  669947           1528
           -7883.412  599306           2979
           -7883.412  971278           2094
           -7883.412  193926           3165
           -7883.412  250872           2380
           -7883.412  969383           3432
           -7883.412  628997           1188
           -7883.412  793768           3129
           -7883.412  732954           2434
           -7883.412  68850            462
           -7883.412  145602           2578
           -7883.412  781624           2462
           -7883.412  832635           3239
           -7883.412  22362            365
           -7883.412  849670           347
           -7883.412  19271            3020
           -7883.412  30166            1888
           -7883.412  401483           2287
           -7883.412  619539           2199
           -7883.412  16220            3221
           -7883.412  103653           3821
           -7886.335  867690           3543
           -7890.481  873388           3173
           -7890.481  291884           1621
           -7896.810  673496           218
           -7896.810  427363           1966
           -7896.810  149379           2696
           -7896.810  732904           2739
           -7896.810  577058           2673
           -7896.810  734100           2162
           -7896.810  590471           2534
           -7896.810  818278           2043
           -7896.810  104688           2107
           -7896.810  298997           1315
           -7896.810  768629           3984
           -7896.810  919335           3253
           -7900.834  552209           2123
           -7905.474  485590           3195
           -7905.474  301952           2414
           -7908.115  413363           2884
           -7908.115  793487           595
           -7908.115  782781           2587
           -7908.115  830367           1351
           -7908.115  856612           700
           -7908.115  420067           3267
           -7908.115  279027           3474
           -7908.115  354395           486
           -7908.115  353983           1235
           -7908.115  109357           765
           -7908.115  801717           364
           -7908.115  987012           1067
           -7908.115  380978           3031
           -7908.115  999935           2882
           -7908.115  698420           3334
           -7908.115  372635           2849
           -7908.936  562716           300
           -7908.936  661978           1281
           -7911.473  528696           3037
           -7911.473  647472           3927
           -7911.475  884146           1720
           -7913.111  276696           676
           -7915.313  412135           3072
           -7915.314  40947            3116
           -7915.315  746304           3335
           -7915.315  848969           173
           -7916.900  46552            1778
           -7916.900  318230           46
           -7918.131  928624           981
           -7918.131  126237           3443
           -7921.166  994679           2830
           -7922.054  366739           1283
           -7929.421  3461             3879
           -7931.145  544009           842
           -7932.336  9311             1597
           -7932.337  500237           3358
           -7932.338  217645           2102
           -7940.566  692169           308
           -7942.078  705631           1269
           -7944.631  77571            980
           -7954.403  860643           1844
           -7965.548  964389           1223
           -7971.637  584602           2973
           -7971.637  166256           2591
           -7973.027  787985           482
           -7999.517  925997           2951
           -8004.323  970939           3115
           -8140.264  845466           3157
           -8159.100  932529           1013
           -8190.549  685607           3259
           -8190.574  432950           1244
           -8265.749  881552           3664
           -8265.879  995233           3558
           -8265.880  63236            2258
           -8267.795  928287           197
           -8268.285  363979           1594
           -8268.752  288692           3880
           -8268.833  53570            3143
           -8268.833  570738           2306
           -8270.018  765372           1123
           -8270.182  157035           2308
           -8270.199  160779           2668
           -8270.201  471040           403
           -8270.204  498105           3459
           -8270.223  508613           1494
           -8273.312  599524           3268
           -8274.068  181178           1069
           -8274.956  514629           1695
           -8279.927  140987           1093
           -8282.345  463409           2648
           -8283.468  96617            955
           -8287.926  505528           1604
           -8308.901  312061           2184
           -8308.901  563647           2456
           -8308.901  971853           402
           -8308.901  987090           70
           -8308.901  137863           1030
           -8308.901  570842           2137
           -8308.901  808376           2161
           -8308.901  565763           2231
           -8308.901  574942           558
           -8308.901  126922           1124
           -8308.901  396921           2282
           -8308.901  62585            2342
           -8308.901  710833           1179
           -8308.901  974762           2360
           -8308.901  291922           2463
           -8308.901  217415           1240
           -8308.901  785309           2490
           -8308.901  611740           1251
           -8308.901  942358           644
           -8308.901  162072           2595
           -8308.901  53701            2664
           -8308.901  808328           2717
           -8308.901  712702           684
           -8308.901  847341           1398
           -8308.901  558741           2815
           -8308.901  432960           2818
           -8308.901  776569           2847
           -8308.901  251601           2907
           -8308.901  779009           1458
           -8308.901  442879           3114
           -8308.901  585553           3136
           -8308.901  942094           3139
           -8308.901  907810           795
           -8308.901  402557           3202
           -8308.901  850071           3311
           -8308.901  169819           3322
           -8308.901  949654           1704
           -8308.901  115028           1718
           -8308.901  781531           3441
           -8308.901  885995           3469
           -8308.901  340820           3622
           -8308.901  414110           1821
           -8308.901  288706           3789
           -8308.901  528938           1898
           -8308.901  966499           963
           -8308.901  238176           3876
           -8308.901  209986           1939
           -8308.901  643910           1957
           -8308.901  923767           1979
           -8308.901  972430           491
           -8308.901  85735            2067
           -8308.901  356951           2178
           -8308.901  299108           1420
           -8308.901  337181           3437
           -8308.901  179079           3958
           -8308.901  726025           1445
           -8308.901  851553           3675
           -8308.901  723096           1388
           -8308.901  700846           867
           -8308.901  371737           532
           -8308.901  699554           427
           -8308.901  366872           1169
           -8308.901  40340            188
           -8308.901  968846           970
           -8308.901  915642           40
           -8308.901  675765           1323
           -8308.901  979450           913
           -8308.901  289148           1092
           -8308.901  752148           822
           -8308.901  119023           3521
           -8308.901  285380           1
           -8308.901  215353           164
           -8308.901  161831           3016
           -8308.901  195763           358
           -8308.901  296574           3320
           -8308.901  780698           337
           -8308.901  922042           492
           -8308.901  777045           377
           -8308.901  777529           3477
           -8308.901  77063            3387
           -8308.901  663090           906
           -8308.901  507218           613
           -8308.901  210870           383
           -8308.901  461866           722
           -8308.901  319575           499
           -8308.901  809240           543
           -8308.901  879338           309
           -8308.901  690596           858
           -8308.901  455410           999
           -8308.901  117731           570
           -8308.901  453915           975
           -8308.901  123985           248
           -8308.901  519357           559
           -8308.901  485256           371
           -8308.901  384199           882
           -8308.901  180889           920
           -8308.901  21345            199
           -8308.901  278692           342
           -8308.901  760878           249
           -8308.901  195353           225
           -8308.901  327140           678
           -8308.901  238317           812
           -8308.901  580539           786
           -8308.901  604861           800

Unperturbed starting value run did not converge or was rejected in the third stage.

105 perturbed starting value run(s) did not converge or were rejected in the third stage.



     WARNING:  THE BEST LOGLIKELIHOOD VALUE WAS NOT REPLICATED.  THE
     SOLUTION MAY NOT BE TRUSTWORTHY DUE TO LOCAL MAXIMA.  INCREASE THE
     NUMBER OF RANDOM STARTS.

     ONE OR MORE PARAMETERS WERE FIXED TO AVOID SINGULARITY OF THE
     INFORMATION MATRIX. THE SINGULARITY IS MOST LIKELY BECAUSE THE
     MODEL IS NOT IDENTIFIED, OR BECAUSE OF EMPTY CELLS IN THE JOINT
     DISTRIBUTION OF THE CATEGORICAL VARIABLES IN THE MODEL.
     THE FOLLOWING PARAMETERS WERE FIXED:
     Parameter 23, %C#2%: SAPS_6
     Parameter 27, %C#2%: SAPS_24
     Parameter 32, %C#2%: I
     Parameter 20, %C#2%: SAPS_1
     Parameter 8, %C#1%: SAPS_18
     Parameter 25, %C#2%: SAPS_12
     Parameter 26, %C#2%: SAPS_18
     Parameter 15, %C#1%: { I }
     Parameter 19, %C#2%: SAPS_0
     Parameter 24, %C#2%: SAPS_9
     Parameter 21, %C#2%: SAPS_2
     Parameter 2, %C#1%: SAPS_1
     Parameter 7, %C#1%: SAPS_12
     Parameter 3, %C#1%: SAPS_2
     Parameter 14, %C#1%: I
     Parameter 9, %C#1%: SAPS_24
     Parameter 4, %C#1%: SAPS_3
     Parameter 6, %C#1%: SAPS_9
     Parameter 5, %C#1%: SAPS_6
     Parameter 1, %C#1%: SAPS_0
     Parameter 37, [ C#1 ]
     Parameter 22, %C#2%: SAPS_3
     Parameter 10, %C#1%: [ I ]
     Parameter 16, %C#1%: { S }
     Parameter 34, %C#2%: { S }
     Parameter 11, %C#1%: [ S ]
     Parameter 31, %C#2%: [ CUB ]

     THIS MAY ALSO BE DUE TO RESIDUAL VARIANCES CONVERGING TO 0.
     THESE RESIDUAL VARIANCES AND CORRESPONDING COVARIANCES ARE FIXED TO 0.


THE MODEL ESTIMATION TERMINATED NORMALLY



MODEL FIT INFORMATION

Number of Free Parameters                       37

Loglikelihood

          H0 Value                       -7684.578
          H0 Scaling Correction Factor      0.3219
            for MLR

Information Criteria

          Akaike (AIC)                   15443.156
          Bayesian (BIC)                 15591.209
          Sample-Size Adjusted BIC       15473.803
            (n* = (n + 2) / 24)



FINAL CLASS COUNTS AND PROPORTIONS FOR THE LATENT CLASSES
BASED ON THE ESTIMATED MODEL

    Latent
   Classes

       1        301.79223          0.74701
       2        102.20777          0.25299


FINAL CLASS COUNTS AND PROPORTIONS FOR THE LATENT CLASSES
BASED ON ESTIMATED POSTERIOR PROBABILITIES

    Latent
   Classes

       1        301.79223          0.74701
       2        102.20777          0.25299


FINAL CLASS COUNTS AND PROPORTIONS FOR THE LATENT CLASSES
BASED ON THEIR MOST LIKELY LATENT CLASS MEMBERSHIP

Class Counts and Proportions

    Latent
   Classes

       1              303          0.75000
       2              101          0.25000


CLASSIFICATION QUALITY

     Entropy                         0.971


Average Latent Class Probabilities for Most Likely Latent Class Membership (Row)
by Latent Class (Column)

           1        2

    1   0.992    0.008
    2   0.012    0.988


Classification Probabilities for the Most Likely Latent Class Membership (Column)
by Latent Class (Row)

           1        2

    1   0.996    0.004
    2   0.023    0.977


Logits for the Classification Probabilities for the Most Likely Latent Class Membership (Column)
by Latent Class (Row)

              1        2

    1      5.541    0.000
    2     -3.733    0.000


MODEL RESULTS

                                                    Two-Tailed
                    Estimate       S.E.  Est./S.E.    P-Value

Latent Class 1

 I        |
    SAPS_0             1.000      0.000    999.000    999.000
    SAPS_1             1.000      0.000    999.000    999.000
    SAPS_2             1.000      0.000    999.000    999.000
    SAPS_3             1.000      0.000    999.000    999.000
    SAPS_6             1.000      0.000    999.000    999.000
    SAPS_9             1.000      0.000    999.000    999.000
    SAPS_12            1.000      0.000    999.000    999.000
    SAPS_18            1.000      0.000    999.000    999.000
    SAPS_24            1.000      0.000    999.000    999.000

 S        |
    SAPS_0             0.000      0.000    999.000    999.000
    SAPS_1             1.000      0.000    999.000    999.000
    SAPS_2             2.000      0.000    999.000    999.000
    SAPS_3             3.000      0.000    999.000    999.000
    SAPS_6             6.000      0.000    999.000    999.000
    SAPS_9             9.000      0.000    999.000    999.000
    SAPS_12           12.000      0.000    999.000    999.000
    SAPS_18           18.000      0.000    999.000    999.000
    SAPS_24           24.000      0.000    999.000    999.000

 Q        |
    SAPS_0             0.000      0.000    999.000    999.000
    SAPS_1             1.000      0.000    999.000    999.000
    SAPS_2             4.000      0.000    999.000    999.000
    SAPS_3             9.000      0.000    999.000    999.000
    SAPS_6            36.000      0.000    999.000    999.000
    SAPS_9            81.000      0.000    999.000    999.000
    SAPS_12          144.000      0.000    999.000    999.000
    SAPS_18          324.000      0.000    999.000    999.000
    SAPS_24          576.000      0.000    999.000    999.000

 CUB      |
    SAPS_0             0.000      0.000    999.000    999.000
    SAPS_1             1.000      0.000    999.000    999.000
    SAPS_2             8.000      0.000    999.000    999.000
    SAPS_3            27.000      0.000    999.000    999.000
    SAPS_6           216.000      0.000    999.000    999.000
    SAPS_9           729.000      0.000    999.000    999.000
    SAPS_12         1728.000      0.000    999.000    999.000
    SAPS_18         5832.000      0.000    999.000    999.000
    SAPS_24        13824.000      0.000    999.000    999.000

 I        WITH
    S                  0.000      0.000    999.000    999.000
    Q                  0.000      0.000    999.000    999.000
    CUB                0.000      0.000    999.000    999.000

 S        WITH
    Q                  0.000      0.000    999.000    999.000
    CUB                0.000      0.000    999.000    999.000

 Q        WITH
    CUB                0.000      0.000    999.000    999.000

 Means
    I                  9.065      0.000    999.000    999.000
    S                 -1.099      0.000    999.000    999.000
    Q                  0.046      0.004     11.900      0.000
    CUB               -0.001      0.000     -2.988      0.003

 Intercepts
    SAPS_0             0.000      0.000    999.000    999.000
    SAPS_1             0.000      0.000    999.000    999.000
    SAPS_2             0.000      0.000    999.000    999.000
    SAPS_3             0.000      0.000    999.000    999.000
    SAPS_6             0.000      0.000    999.000    999.000
    SAPS_9             0.000      0.000    999.000    999.000
    SAPS_12            0.000      0.000    999.000    999.000
    SAPS_18            0.000      0.000    999.000    999.000
    SAPS_24            0.000      0.000    999.000    999.000

 Variances
    I                  4.251      0.000    999.000    999.000
    S                  0.000      0.000    999.000    999.000
    Q                  0.000      0.000    999.000    999.000
    CUB                0.000      0.000    999.000    999.000

 Residual Variances
    SAPS_0            24.219      0.000    999.000    999.000
    SAPS_1             8.039      0.000    999.000    999.000
    SAPS_2             7.392      0.000    999.000    999.000
    SAPS_3             7.821      0.000    999.000    999.000
    SAPS_6             8.661      0.000    999.000    999.000
    SAPS_9             9.706      0.000    999.000    999.000
    SAPS_12            6.644      0.000    999.000    999.000
    SAPS_18            3.729      0.000    999.000    999.000
    SAPS_24           11.235      0.000    999.000    999.000

Latent Class 2

 I        |
    SAPS_0             1.000      0.000    999.000    999.000
    SAPS_1             1.000      0.000    999.000    999.000
    SAPS_2             1.000      0.000    999.000    999.000
    SAPS_3             1.000      0.000    999.000    999.000
    SAPS_6             1.000      0.000    999.000    999.000
    SAPS_9             1.000      0.000    999.000    999.000
    SAPS_12            1.000      0.000    999.000    999.000
    SAPS_18            1.000      0.000    999.000    999.000
    SAPS_24            1.000      0.000    999.000    999.000

 S        |
    SAPS_0             0.000      0.000    999.000    999.000
    SAPS_1             1.000      0.000    999.000    999.000
    SAPS_2             2.000      0.000    999.000    999.000
    SAPS_3             3.000      0.000    999.000    999.000
    SAPS_6             6.000      0.000    999.000    999.000
    SAPS_9             9.000      0.000    999.000    999.000
    SAPS_12           12.000      0.000    999.000    999.000
    SAPS_18           18.000      0.000    999.000    999.000
    SAPS_24           24.000      0.000    999.000    999.000

 Q        |
    SAPS_0             0.000      0.000    999.000    999.000
    SAPS_1             1.000      0.000    999.000    999.000
    SAPS_2             4.000      0.000    999.000    999.000
    SAPS_3             9.000      0.000    999.000    999.000
    SAPS_6            36.000      0.000    999.000    999.000
    SAPS_9            81.000      0.000    999.000    999.000
    SAPS_12          144.000      0.000    999.000    999.000
    SAPS_18          324.000      0.000    999.000    999.000
    SAPS_24          576.000      0.000    999.000    999.000

 CUB      |
    SAPS_0             0.000      0.000    999.000    999.000
    SAPS_1             1.000      0.000    999.000    999.000
    SAPS_2             8.000      0.000    999.000    999.000
    SAPS_3            27.000      0.000    999.000    999.000
    SAPS_6           216.000      0.000    999.000    999.000
    SAPS_9           729.000      0.000    999.000    999.000
    SAPS_12         1728.000      0.000    999.000    999.000
    SAPS_18         5832.000      0.000    999.000    999.000
    SAPS_24        13824.000      0.000    999.000    999.000

 I        WITH
    S                  0.000      0.000    999.000    999.000
    Q                  0.000      0.000    999.000    999.000
    CUB                0.000      0.000    999.000    999.000

 S        WITH
    Q                  0.000      0.000    999.000    999.000
    CUB                0.000      0.000    999.000    999.000

 Q        WITH
    CUB                0.000      0.000    999.000    999.000

 Means
    I                  2.991      0.152     19.637      0.000
    S                 -1.105      0.032    -34.805      0.000
    Q                  0.121      0.001    114.429      0.000
    CUB               -0.003      0.000    999.000    999.000

 Intercepts
    SAPS_0             0.000      0.000    999.000    999.000
    SAPS_1             0.000      0.000    999.000    999.000
    SAPS_2             0.000      0.000    999.000    999.000
    SAPS_3             0.000      0.000    999.000    999.000
    SAPS_6             0.000      0.000    999.000    999.000
    SAPS_9             0.000      0.000    999.000    999.000
    SAPS_12            0.000      0.000    999.000    999.000
    SAPS_18            0.000      0.000    999.000    999.000
    SAPS_24            0.000      0.000    999.000    999.000

 Variances
    I                  0.000      0.000    999.000    999.000
    S                  0.000      0.000    999.000    999.000
    Q                  0.000      0.000    999.000    999.000
    CUB                0.000      0.000    999.000    999.000

 Residual Variances
    SAPS_0            78.498      0.000    999.000    999.000
    SAPS_1             8.625      0.000    999.000    999.000
    SAPS_2             1.539      0.000    999.000    999.000
    SAPS_3             0.492      0.000    999.000    999.000
    SAPS_6             0.000      0.000    999.000    999.000
    SAPS_9             1.347      0.000    999.000    999.000
    SAPS_12           12.054      0.000    999.000    999.000
    SAPS_18           11.317      0.000    999.000    999.000
    SAPS_24            0.000      0.000    999.000    999.000

Categorical Latent Variables

 Means
    C#1                1.083      0.000    999.000    999.000

Skew and Df Parameters

Latent Class 1

    I                 -1.293      0.000    999.000    999.000
    S                 -0.030      0.000    999.000    999.000
    Q                  0.054      0.006      8.588      0.000
    CUB               -0.002      0.000     -6.636      0.000

Latent Class 2

    I                 -0.551      0.064     -8.646      0.000
    S                  0.216      0.000    999.000    999.000
    Q                 -0.027      0.002    -11.978      0.000
    CUB                0.001      0.000     10.937      0.000


QUALITY OF NUMERICAL RESULTS

     Condition Number for the Information Matrix              0.166E-09
       (ratio of smallest to largest eigenvalue)


STANDARDIZED MODEL RESULTS

                      StdYX       StdY        Std
                    Estimate   Estimate   Estimate

Latent Class 1

 I        |
    SAPS_0             0.409      0.409      2.204
    SAPS_1             0.614      0.614      2.204
    SAPS_2             0.633      0.633      2.204
    SAPS_3             0.626      0.626      2.204
    SAPS_6             0.613      0.613      2.204
    SAPS_9             0.576      0.576      2.204
    SAPS_12            0.596      0.596      2.204
    SAPS_18            0.574      0.574      2.204
    SAPS_24            0.532      0.532      2.204

 S        |
    SAPS_0             0.000      0.000      0.000
    SAPS_1             0.005      0.005      0.018
    SAPS_2             0.010      0.010      0.036
    SAPS_3             0.015      0.015      0.054
    SAPS_6             0.030      0.030      0.107
    SAPS_9             0.042      0.042      0.161
    SAPS_12            0.058      0.058      0.214
    SAPS_18            0.084      0.084      0.321
    SAPS_24            0.103      0.103      0.428

 Q        |
    SAPS_0             0.000      0.000      0.000
    SAPS_1             0.009      0.009      0.033
    SAPS_2             0.037      0.037      0.130
    SAPS_3             0.083      0.083      0.294
    SAPS_6             0.327      0.327      1.174
    SAPS_9             0.690      0.690      2.643
    SAPS_12            1.270      1.270      4.698
    SAPS_18            2.752      2.752     10.570
    SAPS_24            4.531      4.531     18.791

 CUB      |
    SAPS_0             0.000      0.000      0.000
    SAPS_1             0.000      0.000      0.001
    SAPS_2             0.003      0.003      0.009
    SAPS_3             0.009      0.009      0.032
    SAPS_6             0.071      0.071      0.254
    SAPS_9             0.224      0.224      0.858
    SAPS_12            0.550      0.550      2.034
    SAPS_18            1.788      1.788      6.866
    SAPS_24            3.925      3.925     16.276

 I        WITH
    S                999.000    999.000    999.000
    Q                999.000    999.000    999.000
    CUB              999.000    999.000    999.000

 S        WITH
    Q                999.000    999.000    999.000
    CUB              999.000    999.000    999.000

 Q        WITH
    CUB              999.000    999.000    999.000

 Means
    I                  4.113      4.113      4.113
    S                -61.600    -61.600    -61.600
    Q                  1.424      1.424      1.424
    CUB               -0.476     -0.476     -0.476

 Intercepts
    SAPS_0             0.000      0.000      0.000
    SAPS_1             0.000      0.000      0.000
    SAPS_2             0.000      0.000      0.000
    SAPS_3             0.000      0.000      0.000
    SAPS_6             0.000      0.000      0.000
    SAPS_9             0.000      0.000      0.000
    SAPS_12            0.000      0.000      0.000
    SAPS_18            0.000      0.000      0.000
    SAPS_24            0.000      0.000      0.000

 Variances
    I                  0.875      0.875      0.875
    S                  0.000    999.000    999.000
    Q                  0.000    999.000    999.000
    CUB                0.000    999.000    999.000

 Residual Variances
    SAPS_0             0.833      0.833     24.219
    SAPS_1             0.624      0.624      8.039
    SAPS_2             0.610      0.610      7.392
    SAPS_3             0.631      0.631      7.821
    SAPS_6             0.671      0.671      8.661
    SAPS_9             0.662      0.662      9.706
    SAPS_12            0.486      0.486      6.644
    SAPS_18            0.253      0.253      3.729
    SAPS_24            0.653      0.653     11.235

Latent Class 2

 I        |
    SAPS_0             0.037      0.037      0.332
    SAPS_1             0.113      0.113      0.332
    SAPS_2             0.266      0.266      0.332
    SAPS_3             0.471      0.471      0.332
    SAPS_6            23.498     23.498      0.332
    SAPS_9             0.286      0.286      0.332
    SAPS_12            0.096      0.096      0.332
    SAPS_18            0.098      0.098      0.332
    SAPS_24            0.138      0.138      0.332

 S        |
    SAPS_0             0.000      0.000      0.000
    SAPS_1             0.044      0.044      0.130
    SAPS_2             0.208      0.208      0.260
    SAPS_3             0.553      0.553      0.390
    SAPS_6            55.136     55.136      0.780
    SAPS_9             1.008      1.008      1.170
    SAPS_12            0.449      0.449      1.559
    SAPS_18            0.687      0.687      2.339
    SAPS_24            1.292      1.292      3.119

 Q        |
    SAPS_0             0.000      0.000      0.000
    SAPS_1             0.006      0.006      0.016
    SAPS_2             0.052      0.052      0.065
    SAPS_3             0.209      0.209      0.147
    SAPS_6            41.647     41.647      0.589
    SAPS_9             1.142      1.142      1.325
    SAPS_12            0.679      0.679      2.356
    SAPS_18            1.557      1.557      5.301
    SAPS_24            3.904      3.904      9.424

 CUB      |
    SAPS_0             0.000      0.000      0.000
    SAPS_1             0.000      0.000      0.001
    SAPS_2             0.004      0.004      0.005
    SAPS_3             0.025      0.025      0.018
    SAPS_6            10.000     10.000      0.141
    SAPS_9             0.411      0.411      0.477
    SAPS_12            0.326      0.326      1.131
    SAPS_18            1.121      1.121      3.818
    SAPS_24            3.749      3.749      9.051

 I        WITH
    S                999.000    999.000    999.000
    Q                999.000    999.000    999.000
    CUB              999.000    999.000    999.000

 S        WITH
    Q                999.000    999.000    999.000
    CUB              999.000    999.000    999.000

 Q        WITH
    CUB              999.000    999.000    999.000

 Means
    I                  9.002      9.002      9.002
    S                 -8.500     -8.500     -8.500
    Q                  7.402      7.402      7.402
    CUB               -5.113     -5.113     -5.113

 Intercepts
    SAPS_0             0.000      0.000      0.000
    SAPS_1             0.000      0.000      0.000
    SAPS_2             0.000      0.000      0.000
    SAPS_3             0.000      0.000      0.000
    SAPS_6             0.000      0.000      0.000
    SAPS_9             0.000      0.000      0.000
    SAPS_12            0.000      0.000      0.000
    SAPS_18            0.000      0.000      0.000
    SAPS_24            0.000      0.000      0.000

 Variances
    I                  0.001      0.001      0.001
    S                  0.000    999.000    999.000
    Q                  0.000    999.000    999.000
    CUB                0.000    999.000    999.000

 Residual Variances
    SAPS_0             0.999      0.999     78.498
    SAPS_1             0.995      0.995      8.625
    SAPS_2             0.989      0.989      1.539
    SAPS_3             0.989      0.989      0.492
    SAPS_6             0.500      0.500      0.000
    SAPS_9             1.000      1.000      1.347
    SAPS_12            1.000      1.000     12.054
    SAPS_18            0.976      0.976     11.317
    SAPS_24            0.000      0.000      0.000


R-SQUARE

Class 1

    Observed
    Variable        Estimate

    SAPS_0             0.167
    SAPS_1             0.376
    SAPS_2             0.390
    SAPS_3             0.369
    SAPS_6             0.329
    SAPS_9             0.338
    SAPS_12            0.514
    SAPS_18            0.747
    SAPS_24            0.347

Class 2

    Observed
    Variable        Estimate

    SAPS_0             0.001
    SAPS_1             0.005
    SAPS_2             0.011
    SAPS_3             0.011
    SAPS_6             0.500
    SAPS_9             0.000
    SAPS_12            0.000
    SAPS_18            0.024
    SAPS_24            1.000


CONFIDENCE INTERVALS OF MODEL RESULTS

                  Lower .5%  Lower 2.5%    Lower 5%    Estimate    Upper 5%  Upper 2.5%   Upper .5%

Latent Class 1

 I        |
    SAPS_0           1.000       1.000       1.000       1.000       1.000       1.000       1.000
    SAPS_1           1.000       1.000       1.000       1.000       1.000       1.000       1.000
    SAPS_2           1.000       1.000       1.000       1.000       1.000       1.000       1.000
    SAPS_3           1.000       1.000       1.000       1.000       1.000       1.000       1.000
    SAPS_6           1.000       1.000       1.000       1.000       1.000       1.000       1.000
    SAPS_9           1.000       1.000       1.000       1.000       1.000       1.000       1.000
    SAPS_12          1.000       1.000       1.000       1.000       1.000       1.000       1.000
    SAPS_18          1.000       1.000       1.000       1.000       1.000       1.000       1.000
    SAPS_24          1.000       1.000       1.000       1.000       1.000       1.000       1.000

 S        |
    SAPS_0           0.000       0.000       0.000       0.000       0.000       0.000       0.000
    SAPS_1           1.000       1.000       1.000       1.000       1.000       1.000       1.000
    SAPS_2           2.000       2.000       2.000       2.000       2.000       2.000       2.000
    SAPS_3           3.000       3.000       3.000       3.000       3.000       3.000       3.000
    SAPS_6           6.000       6.000       6.000       6.000       6.000       6.000       6.000
    SAPS_9           9.000       9.000       9.000       9.000       9.000       9.000       9.000
    SAPS_12         12.000      12.000      12.000      12.000      12.000      12.000      12.000
    SAPS_18         18.000      18.000      18.000      18.000      18.000      18.000      18.000
    SAPS_24         24.000      24.000      24.000      24.000      24.000      24.000      24.000

 Q        |
    SAPS_0           0.000       0.000       0.000       0.000       0.000       0.000       0.000
    SAPS_1           1.000       1.000       1.000       1.000       1.000       1.000       1.000
    SAPS_2           4.000       4.000       4.000       4.000       4.000       4.000       4.000
    SAPS_3           9.000       9.000       9.000       9.000       9.000       9.000       9.000
    SAPS_6          36.000      36.000      36.000      36.000      36.000      36.000      36.000
    SAPS_9          81.000      81.000      81.000      81.000      81.000      81.000      81.000
    SAPS_12        144.000     144.000     144.000     144.000     144.000     144.000     144.000
    SAPS_18        324.000     324.000     324.000     324.000     324.000     324.000     324.000
    SAPS_24        576.000     576.000     576.000     576.000     576.000     576.000     576.000

 CUB      |
    SAPS_0           0.000       0.000       0.000       0.000       0.000       0.000       0.000
    SAPS_1           1.000       1.000       1.000       1.000       1.000       1.000       1.000
    SAPS_2           8.000       8.000       8.000       8.000       8.000       8.000       8.000
    SAPS_3          27.000      27.000      27.000      27.000      27.000      27.000      27.000
    SAPS_6         216.000     216.000     216.000     216.000     216.000     216.000     216.000
    SAPS_9         729.000     729.000     729.000     729.000     729.000     729.000     729.000
    SAPS_12       1728.000    1728.000    1728.000    1728.000    1728.000    1728.000    1728.000
    SAPS_18       5832.000    5832.000    5832.000    5832.000    5832.000    5832.000    5832.000
    SAPS_24      13824.000   13824.000   13824.000   13824.000   13824.000   13824.000   13824.000

 I        WITH
    S                0.000       0.000       0.000       0.000       0.000       0.000       0.000
    Q                0.000       0.000       0.000       0.000       0.000       0.000       0.000
    CUB              0.000       0.000       0.000       0.000       0.000       0.000       0.000

 S        WITH
    Q                0.000       0.000       0.000       0.000       0.000       0.000       0.000
    CUB              0.000       0.000       0.000       0.000       0.000       0.000       0.000

 Q        WITH
    CUB              0.000       0.000       0.000       0.000       0.000       0.000       0.000

 Means
    I                9.065       9.065       9.065       9.065       9.065       9.065       9.065
    S               -1.099      -1.099      -1.099      -1.099      -1.099      -1.099      -1.099
    Q                0.036       0.039       0.040       0.046       0.053       0.054       0.057
    CUB             -0.001      -0.001      -0.001      -0.001       0.000       0.000       0.000

 Intercepts
    SAPS_0           0.000       0.000       0.000       0.000       0.000       0.000       0.000
    SAPS_1           0.000       0.000       0.000       0.000       0.000       0.000       0.000
    SAPS_2           0.000       0.000       0.000       0.000       0.000       0.000       0.000
    SAPS_3           0.000       0.000       0.000       0.000       0.000       0.000       0.000
    SAPS_6           0.000       0.000       0.000       0.000       0.000       0.000       0.000
    SAPS_9           0.000       0.000       0.000       0.000       0.000       0.000       0.000
    SAPS_12          0.000       0.000       0.000       0.000       0.000       0.000       0.000
    SAPS_18          0.000       0.000       0.000       0.000       0.000       0.000       0.000
    SAPS_24          0.000       0.000       0.000       0.000       0.000       0.000       0.000

 Variances
    I                4.251       4.251       4.251       4.251       4.251       4.251       4.251
    S                0.000       0.000       0.000       0.000       0.000       0.000       0.000
    Q                0.000       0.000       0.000       0.000       0.000       0.000       0.000
    CUB              0.000       0.000       0.000       0.000       0.000       0.000       0.000

 Residual Variances
    SAPS_0          24.219      24.219      24.219      24.219      24.219      24.219      24.219
    SAPS_1           8.039       8.039       8.039       8.039       8.039       8.039       8.039
    SAPS_2           7.392       7.392       7.392       7.392       7.392       7.392       7.392
    SAPS_3           7.821       7.821       7.821       7.821       7.821       7.821       7.821
    SAPS_6           8.661       8.661       8.661       8.661       8.661       8.661       8.661
    SAPS_9           9.706       9.706       9.706       9.706       9.706       9.706       9.706
    SAPS_12          6.644       6.644       6.644       6.644       6.644       6.644       6.644
    SAPS_18          3.729       3.729       3.729       3.729       3.729       3.729       3.729
    SAPS_24         11.235      11.235      11.235      11.235      11.235      11.235      11.235

Latent Class 2

 I        |
    SAPS_0           1.000       1.000       1.000       1.000       1.000       1.000       1.000
    SAPS_1           1.000       1.000       1.000       1.000       1.000       1.000       1.000
    SAPS_2           1.000       1.000       1.000       1.000       1.000       1.000       1.000
    SAPS_3           1.000       1.000       1.000       1.000       1.000       1.000       1.000
    SAPS_6           1.000       1.000       1.000       1.000       1.000       1.000       1.000
    SAPS_9           1.000       1.000       1.000       1.000       1.000       1.000       1.000
    SAPS_12          1.000       1.000       1.000       1.000       1.000       1.000       1.000
    SAPS_18          1.000       1.000       1.000       1.000       1.000       1.000       1.000
    SAPS_24          1.000       1.000       1.000       1.000       1.000       1.000       1.000

 S        |
    SAPS_0           0.000       0.000       0.000       0.000       0.000       0.000       0.000
    SAPS_1           1.000       1.000       1.000       1.000       1.000       1.000       1.000
    SAPS_2           2.000       2.000       2.000       2.000       2.000       2.000       2.000
    SAPS_3           3.000       3.000       3.000       3.000       3.000       3.000       3.000
    SAPS_6           6.000       6.000       6.000       6.000       6.000       6.000       6.000
    SAPS_9           9.000       9.000       9.000       9.000       9.000       9.000       9.000
    SAPS_12         12.000      12.000      12.000      12.000      12.000      12.000      12.000
    SAPS_18         18.000      18.000      18.000      18.000      18.000      18.000      18.000
    SAPS_24         24.000      24.000      24.000      24.000      24.000      24.000      24.000

 Q        |
    SAPS_0           0.000       0.000       0.000       0.000       0.000       0.000       0.000
    SAPS_1           1.000       1.000       1.000       1.000       1.000       1.000       1.000
    SAPS_2           4.000       4.000       4.000       4.000       4.000       4.000       4.000
    SAPS_3           9.000       9.000       9.000       9.000       9.000       9.000       9.000
    SAPS_6          36.000      36.000      36.000      36.000      36.000      36.000      36.000
    SAPS_9          81.000      81.000      81.000      81.000      81.000      81.000      81.000
    SAPS_12        144.000     144.000     144.000     144.000     144.000     144.000     144.000
    SAPS_18        324.000     324.000     324.000     324.000     324.000     324.000     324.000
    SAPS_24        576.000     576.000     576.000     576.000     576.000     576.000     576.000

 CUB      |
    SAPS_0           0.000       0.000       0.000       0.000       0.000       0.000       0.000
    SAPS_1           1.000       1.000       1.000       1.000       1.000       1.000       1.000
    SAPS_2           8.000       8.000       8.000       8.000       8.000       8.000       8.000
    SAPS_3          27.000      27.000      27.000      27.000      27.000      27.000      27.000
    SAPS_6         216.000     216.000     216.000     216.000     216.000     216.000     216.000
    SAPS_9         729.000     729.000     729.000     729.000     729.000     729.000     729.000
    SAPS_12       1728.000    1728.000    1728.000    1728.000    1728.000    1728.000    1728.000
    SAPS_18       5832.000    5832.000    5832.000    5832.000    5832.000    5832.000    5832.000
    SAPS_24      13824.000   13824.000   13824.000   13824.000   13824.000   13824.000   13824.000

 I        WITH
    S                0.000       0.000       0.000       0.000       0.000       0.000       0.000
    Q                0.000       0.000       0.000       0.000       0.000       0.000       0.000
    CUB              0.000       0.000       0.000       0.000       0.000       0.000       0.000

 S        WITH
    Q                0.000       0.000       0.000       0.000       0.000       0.000       0.000
    CUB              0.000       0.000       0.000       0.000       0.000       0.000       0.000

 Q        WITH
    CUB              0.000       0.000       0.000       0.000       0.000       0.000       0.000

 Means
    I                2.599       2.693       2.741       2.991       3.242       3.290       3.384
    S               -1.186      -1.167      -1.157      -1.105      -1.052      -1.042      -1.023
    Q                0.118       0.119       0.119       0.121       0.123       0.123       0.124
    CUB             -0.003      -0.003      -0.003      -0.003      -0.003      -0.003      -0.003

 Intercepts
    SAPS_0           0.000       0.000       0.000       0.000       0.000       0.000       0.000
    SAPS_1           0.000       0.000       0.000       0.000       0.000       0.000       0.000
    SAPS_2           0.000       0.000       0.000       0.000       0.000       0.000       0.000
    SAPS_3           0.000       0.000       0.000       0.000       0.000       0.000       0.000
    SAPS_6           0.000       0.000       0.000       0.000       0.000       0.000       0.000
    SAPS_9           0.000       0.000       0.000       0.000       0.000       0.000       0.000
    SAPS_12          0.000       0.000       0.000       0.000       0.000       0.000       0.000
    SAPS_18          0.000       0.000       0.000       0.000       0.000       0.000       0.000
    SAPS_24          0.000       0.000       0.000       0.000       0.000       0.000       0.000

 Variances
    I                0.000       0.000       0.000       0.000       0.000       0.000       0.000
    S                0.000       0.000       0.000       0.000       0.000       0.000       0.000
    Q                0.000       0.000       0.000       0.000       0.000       0.000       0.000
    CUB              0.000       0.000       0.000       0.000       0.000       0.000       0.000

 Residual Variances
    SAPS_0          78.498      78.498      78.498      78.498      78.498      78.498      78.498
    SAPS_1           8.625       8.625       8.625       8.625       8.625       8.625       8.625
    SAPS_2           1.539       1.539       1.539       1.539       1.539       1.539       1.539
    SAPS_3           0.492       0.492       0.492       0.492       0.492       0.492       0.492
    SAPS_6           0.000       0.000       0.000       0.000       0.000       0.000       0.000
    SAPS_9           1.347       1.347       1.347       1.347       1.347       1.347       1.347
    SAPS_12         12.054      12.054      12.054      12.054      12.054      12.054      12.054
    SAPS_18         11.317      11.317      11.317      11.317      11.317      11.317      11.317
    SAPS_24          0.000       0.000       0.000       0.000       0.000       0.000       0.000

Categorical Latent Variables

 Means
    C#1              1.083       1.083       1.083       1.083       1.083       1.083       1.083

Skew and Df Parameters

Latent Class 1

    I               -1.293      -1.293      -1.293      -1.293      -1.293      -1.293      -1.293
    S               -0.030      -0.030      -0.030      -0.030      -0.030      -0.030      -0.030
    Q                0.038       0.042       0.044       0.054       0.064       0.066       0.070
    CUB             -0.003      -0.003      -0.002      -0.002      -0.001      -0.001      -0.001

Latent Class 2

    I               -0.715      -0.676      -0.656      -0.551      -0.446      -0.426      -0.387
    S                0.216       0.216       0.216       0.216       0.216       0.216       0.216
    Q               -0.033      -0.032      -0.031      -0.027      -0.023      -0.023      -0.021
    CUB              0.001       0.001       0.001       0.001       0.001       0.001       0.001


TECHNICAL 7 OUTPUT


     SAMPLE STATISTICS WEIGHTED BY ESTIMATED CLASS PROBABILITIES FOR CLASS 1


           Means
              SAPS_0        SAPS_1        SAPS_2        SAPS_3        SAPS_6
              ________      ________      ________      ________      ________
               11.696         6.429         5.040         4.506         4.724


           Means
              SAPS_9        SAPS_12       SAPS_18       SAPS_24
              ________      ________      ________      ________
                4.199         4.133         3.815         3.752


           Covariances
              SAPS_0        SAPS_1        SAPS_2        SAPS_3        SAPS_6
              ________      ________      ________      ________      ________
 SAPS_0         9.954
 SAPS_1         4.561        13.502
 SAPS_2         2.589         8.364        13.496
 SAPS_3         1.946         4.349         7.738        13.007
 SAPS_6         2.295         4.660         4.852         4.260        12.736
 SAPS_9         1.025         1.680         4.192         3.884         5.420
 SAPS_12        1.833         3.859         3.805         5.614         5.979
 SAPS_18        1.399         4.450         4.746         4.119         4.672
 SAPS_24        1.513         2.339         2.598         3.959         2.841


           Covariances
              SAPS_9        SAPS_12       SAPS_18       SAPS_24
              ________      ________      ________      ________
 SAPS_9        13.006
 SAPS_12        6.524        14.266
 SAPS_18        3.814         5.807        13.235
 SAPS_24        3.840         5.278         5.802        15.279


     SAMPLE STATISTICS WEIGHTED BY ESTIMATED CLASS PROBABILITIES FOR CLASS 2


           Means
              SAPS_0        SAPS_1        SAPS_2        SAPS_3        SAPS_6
              ________      ________      ________      ________      ________
               10.832         2.814         1.097         0.434         0.000


           Means
              SAPS_9        SAPS_12       SAPS_18       SAPS_24
              ________      ________      ________      ________
                0.679         1.954         1.666         1.994


           Covariances
              SAPS_0        SAPS_1        SAPS_2        SAPS_3        SAPS_6
              ________      ________      ________      ________      ________
 SAPS_0        11.778
 SAPS_1         2.342         7.624
 SAPS_2         0.688         1.478         1.563
 SAPS_3         0.446         0.234         0.169         0.474
 SAPS_6         0.000         0.000         0.000         0.000         0.000
 SAPS_9         0.542         0.714        -0.179         0.113         0.000
 SAPS_12        2.558         3.862         0.218         0.082         0.000
 SAPS_18       -0.238         1.980        -0.167         0.216         0.000
 SAPS_24        1.079         0.534        -0.683        -0.234         0.000


           Covariances
              SAPS_9        SAPS_12       SAPS_18       SAPS_24
              ________      ________      ________      ________
 SAPS_9         1.273
 SAPS_12        0.898        11.749
 SAPS_18        1.048         0.453         8.252
 SAPS_24        0.179         2.679         0.313        12.064


TECHNICAL 11 OUTPUT

     Random Starts Specifications for the k-1 Class Analysis Model
        Number of initial stage random starts                2000
        Number of final stage optimizations                   500



     THE LIKELIHOOD RATIO TEST COULD NOT BE COMPUTED.  AN ERROR HAS
     OCCURRED DURING THE ESTIMATION OF THE H0 MODEL WITH ONE LESS CLASS.

     USING MORE RANDOM STARTS MAY RESOLVE THE PROBLEM.



SAMPLE STATISTICS FOR ESTIMATED FACTOR SCORES


     SAMPLE STATISTICS


           Means
              I             S             Q             CUB           C_I
              ________      ________      ________      ________      ________
                6.656        -1.075         0.092        -0.002         6.672


           Means
              C_S           C_Q           C_CUB
              ________      ________      ________
               -1.075         0.092        -0.002


           Covariances
              I             S             Q             CUB           C_I
              ________      ________      ________      ________      ________
 I              8.213
 S             -0.186         0.007
 Q             -0.019         0.000         0.000
 CUB            0.001         0.000         0.000         0.000
 C_I            8.213        -0.186        -0.019         0.001         8.268
 C_S           -0.186         0.007         0.000         0.000        -0.189
 C_Q           -0.019         0.000         0.000         0.000        -0.019
 C_CUB          0.001         0.000         0.000         0.000         0.001


           Covariances
              C_S           C_Q           C_CUB
              ________      ________      ________
 C_S            0.007
 C_Q            0.000         0.000
 C_CUB          0.000         0.000         0.000


           Correlations
              I             S             Q             CUB           C_I
              ________      ________      ________      ________      ________
 I              1.000
 S             -0.789         1.000
 Q             -0.309         0.080         1.000
 CUB            0.204        -0.091        -0.647         1.000
 C_I            0.997        -0.789        -0.309         0.201         1.000
 C_S           -0.783         0.996         0.080        -0.086        -0.790
 C_Q           -0.307         0.080         0.998        -0.644        -0.312
 C_CUB          0.204        -0.091        -0.647         0.999         0.203


           Correlations
              C_S           C_Q           C_CUB
              ________      ________      ________
 C_S            1.000
 C_Q            0.085         1.000
 C_CUB         -0.089        -0.647         1.000


SAVEDATA INFORMATION


  Save file
    GMM_CV_is@0q@0cub@0_CT_est.dat

  Order and format of variables

    SAPS_0         F10.3
    SAPS_1         F10.3
    SAPS_2         F10.3
    SAPS_3         F10.3
    SAPS_6         F10.3
    SAPS_9         F10.3
    SAPS_12        F10.3
    SAPS_18        F10.3
    SAPS_24        F10.3
    I              F10.3
    S              F10.3
    Q              F10.3
    CUB            F10.3
    C_I            F10.3
    C_S            F10.3
    C_Q            F10.3
    C_CUB          F10.3
    CPROB1         F10.3
    CPROB2         F10.3
    C              F10.3
    PIN            I4

  Save file format
    20F10.3 I4

  Save file record length    10000

  Save missing symbol        *


     Beginning Time:  07:27:28
        Ending Time:  07:59:24
       Elapsed Time:  00:31:56



MUTHEN & MUTHEN
3463 Stoner Ave.
Los Angeles, CA  90066

Tel: (310) 391-9971
Fax: (310) 391-8971
Web: www.StatModel.com
Support: Support@StatModel.com

Copyright (c) 1998-2021 Muthen & Muthen
