Mplus VERSION 8.6 (Mac)
MUTHEN & MUTHEN
07/17/2023   9:15 PM

INPUT INSTRUCTIONS

  TITLE:
  GBTM_P3_K3_S500

  DATA:
  FILE = "/Users/olivierpercie/Desktop/MplusLGM/SAPS/Results/GBTM/P=3/K=3/K3_S500.dat";

  VARIABLE:
  NAMES = pin SAPS_0 SAPS_1 SAPS_2 SAPS_3 SAPS_6 SAPS_9 SAPS_12 SAPS_18 SAPS_24;
   MISSING=.;
   USEVAR = SAPS_0 SAPS_1 SAPS_2 SAPS_3 SAPS_6 SAPS_9 SAPS_12
  SAPS_18 SAPS_24;
  IDVAR = pin;
  CLASSES = c(3);

  ANALYSIS:
  TYPE = MIXTURE;
  STARTS = 500 125;
  K-1STARTS = 250 62.5;
  PROCESSORS = 8;

  MODEL:
  %OVERALL%
  i s q cub |
  SAPS_0@0 SAPS_1@1 SAPS_2@2 SAPS_3@3 SAPS_6@6
  SAPS_9@9 SAPS_12@12 SAPS_18@18 SAPS_24@24;
  i-cub@0;
  SAPS_0-SAPS_24 (1);
  %c#1%
  [i s q cub];
  %c#2%
  [i s q cub];
  %c#3%
  [i s q cub];

  OUTPUT:
  sampstat standardized
  TECH1;
  TECH11;

  SAVEDATA:
  file = K3_S500_res.dat;
  save = CPROBABILITIES;

  PLOT:
  TYPE = plot3;
  SERIES = SAPS_0 (s) SAPS_1 (s) SAPS_2 (s) SAPS_3 (s)
  SAPS_6 (s) SAPS_9 (s) SAPS_12 (s) SAPS_18 (s)
  SAPS_24 (s);




*** WARNING in MODEL command
  All continuous latent variable covariances involving I have been fixed to 0
  because the variance of I is fixed at 0.
*** WARNING in MODEL command
  All continuous latent variable covariances involving S have been fixed to 0
  because the variance of S is fixed at 0.
*** WARNING in MODEL command
  All continuous latent variable covariances involving Q have been fixed to 0
  because the variance of Q is fixed at 0.
   3 WARNING(S) FOUND IN THE INPUT INSTRUCTIONS




GBTM_P3_K3_S500

SUMMARY OF ANALYSIS

Number of groups                                                 1
Number of observations                                         404

Number of dependent variables                                    9
Number of independent variables                                  0
Number of continuous latent variables                            4
Number of categorical latent variables                           1

Observed dependent variables

  Continuous
   SAPS_0      SAPS_1      SAPS_2      SAPS_3      SAPS_6      SAPS_9
   SAPS_12     SAPS_18     SAPS_24

Continuous latent variables
   I           S           Q           CUB

Categorical latent variables
   C

Variables with special functions

  ID variable           PIN

Estimator                                                      MLR
Information matrix                                        OBSERVED
Optimization Specifications for the Quasi-Newton Algorithm for
Continuous Outcomes
  Maximum number of iterations                                 100
  Convergence criterion                                  0.100D-05
Optimization Specifications for the EM Algorithm
  Maximum number of iterations                                 500
  Convergence criteria
    Loglikelihood change                                 0.100D-06
    Relative loglikelihood change                        0.100D-06
    Derivative                                           0.100D-05
Optimization Specifications for the M step of the EM Algorithm for
Categorical Latent variables
  Number of M step iterations                                    1
  M step convergence criterion                           0.100D-05
  Basis for M step termination                           ITERATION
Optimization Specifications for the M step of the EM Algorithm for
Censored, Binary or Ordered Categorical (Ordinal), Unordered
Categorical (Nominal) and Count Outcomes
  Number of M step iterations                                    1
  M step convergence criterion                           0.100D-05
  Basis for M step termination                           ITERATION
  Maximum value for logit thresholds                            15
  Minimum value for logit thresholds                           -15
  Minimum expected cell size for chi-square              0.100D-01
Maximum number of iterations for H1                           2000
Convergence criterion for H1                             0.100D-03
Optimization algorithm                                         EMA
Random Starts Specifications
  Number of initial stage random starts                        500
  Number of final stage optimizations                          125
  Number of initial stage iterations                            10
  Initial stage convergence criterion                    0.100D+01
  Random starts scale                                    0.500D+01
  Random seed for generating random starts                       0

Input data file(s)
  /Users/olivierpercie/Desktop/MplusLGM/SAPS/Results/GBTM/P=3/K=3/K3_S500.dat
Input data format  FREE


SUMMARY OF DATA

     Number of missing data patterns            63
     Number of y missing data patterns          63
     Number of u missing data patterns           0


COVARIANCE COVERAGE OF DATA

Minimum covariance coverage value   0.100


     PROPORTION OF DATA PRESENT FOR Y


           Covariance Coverage
              SAPS_0        SAPS_1        SAPS_2        SAPS_3        SAPS_6
              ________      ________      ________      ________      ________
 SAPS_0         0.998
 SAPS_1         0.673         0.676
 SAPS_2         0.844         0.597         0.847
 SAPS_3         0.943         0.634         0.822         0.946
 SAPS_6         0.906         0.606         0.777         0.871         0.908
 SAPS_9         0.861         0.579         0.750         0.812         0.795
 SAPS_12        0.866         0.574         0.723         0.817         0.790
 SAPS_18        0.819         0.540         0.683         0.772         0.745
 SAPS_24        0.790         0.520         0.691         0.748         0.720


           Covariance Coverage
              SAPS_9        SAPS_12       SAPS_18       SAPS_24
              ________      ________      ________      ________
 SAPS_9         0.864
 SAPS_12        0.772         0.869
 SAPS_18        0.725         0.745         0.822
 SAPS_24        0.723         0.720         0.708         0.792


SAMPLE STATISTICS


     ESTIMATED SAMPLE STATISTICS


           Means
              SAPS_0        SAPS_1        SAPS_2        SAPS_3        SAPS_6
              ________      ________      ________      ________      ________
               11.475         5.546         4.114         3.495         3.555


           Means
              SAPS_9        SAPS_12       SAPS_18       SAPS_24
              ________      ________      ________      ________
                3.371         3.555         3.350         3.332


           Covariances
              SAPS_0        SAPS_1        SAPS_2        SAPS_3        SAPS_6
              ________      ________      ________      ________      ________
 SAPS_0        10.556
 SAPS_1         3.838        15.000
 SAPS_2         2.583        10.530        13.543
 SAPS_3         2.254         7.337         9.844        13.149
 SAPS_6         2.048         6.066         7.351         7.109        13.625
 SAPS_9         1.161         3.508         5.318         5.892         7.375
 SAPS_12        2.116         3.708         4.011         5.492         6.362
 SAPS_18        1.006         3.215         3.935         4.962         5.383
 SAPS_24        0.983         2.359         3.251         3.783         3.528


           Covariances
              SAPS_9        SAPS_12       SAPS_18       SAPS_24
              ________      ________      ________      ________
 SAPS_9        12.257
 SAPS_12        6.137        14.430
 SAPS_18        4.846         7.162        13.115
 SAPS_24        4.398         5.157         5.749        14.978


           Correlations
              SAPS_0        SAPS_1        SAPS_2        SAPS_3        SAPS_6
              ________      ________      ________      ________      ________
 SAPS_0         1.000
 SAPS_1         0.305         1.000
 SAPS_2         0.216         0.739         1.000
 SAPS_3         0.191         0.522         0.738         1.000
 SAPS_6         0.171         0.424         0.541         0.531         1.000
 SAPS_9         0.102         0.259         0.413         0.464         0.571
 SAPS_12        0.171         0.252         0.287         0.399         0.454
 SAPS_18        0.085         0.229         0.295         0.378         0.403
 SAPS_24        0.078         0.157         0.228         0.270         0.247


           Correlations
              SAPS_9        SAPS_12       SAPS_18       SAPS_24
              ________      ________      ________      ________
 SAPS_9         1.000
 SAPS_12        0.461         1.000
 SAPS_18        0.382         0.521         1.000
 SAPS_24        0.325         0.351         0.410         1.000


     MAXIMUM LOG-LIKELIHOOD VALUE FOR THE UNRESTRICTED (H1) MODEL IS -7898.566


UNIVARIATE SAMPLE STATISTICS


     UNIVARIATE HIGHER-ORDER MOMENT DESCRIPTIVE STATISTICS

         Variable/         Mean/     Skewness/   Minimum/ % with                Percentiles
        Sample Size      Variance    Kurtosis    Maximum  Min/Max      20%/60%    40%/80%    Median

     SAPS_0               11.479      -0.268       2.000    0.50%       9.000     11.000     12.000
             403.000      10.552      -0.259      20.000    0.25%      13.000     14.000
     SAPS_1                5.473       0.416       0.000   10.62%       2.000      4.000      5.000
             273.000      14.491      -0.593      16.000    0.73%       6.000      9.000
     SAPS_2                4.009       0.987       0.000   18.13%       1.000      2.000      3.000
             342.000      13.377       0.578      18.000    0.29%       4.000      7.000
     SAPS_3                3.442       1.067       0.000   28.80%       0.000      1.000      2.000
             382.000      12.933       0.497      16.000    0.26%       3.000      6.000
     SAPS_6                3.542       0.982       0.000   30.79%       0.000      1.000      2.000
             367.000      13.736       0.170      16.000    0.27%       4.000      6.000
     SAPS_9                3.318       1.129       0.000   30.37%       0.000      1.000      2.000
             349.000      12.395       0.858      16.000    0.29%       3.000      6.000
     SAPS_12               3.587       1.270       0.000   27.07%       0.000      2.000      3.000
             351.000      14.527       1.138      18.000    0.28%       3.000      6.000
     SAPS_18               3.250       1.304       0.000   30.42%       0.000      1.000      2.000
             332.000      12.820       1.292      17.000    0.30%       3.000      6.000
     SAPS_24               3.297       1.339       0.000   33.44%       0.000      1.000      2.000
             320.000      15.040       1.095      17.000    0.31%       3.000      6.000

RANDOM STARTS RESULTS RANKED FROM THE BEST TO THE WORST LOGLIKELIHOOD VALUES

Final stage loglikelihood values at local maxima, seeds, and initial stage start numbers:

           -8386.991  655497           376
           -8386.991  505879           424
           -8386.991  576220           115
           -8386.991  263268           165
           -8386.991  570782           193
           -8386.991  68850            462
           -8386.991  965994           396
           -8386.991  27071            15
           -8386.991  848331           137
           -8386.991  22089            143
           -8386.991  319144           176
           -8386.991  526324           178
           -8386.991  443442           380
           -8386.991  736574           414
           -8386.991  751153           110
           -8386.991  178475           231
           -8386.991  862607           468
           -8386.991  787985           482
           -8386.991  53621            483
           -8386.991  140442           500
           -8398.051  694303           282
           -8398.051  762461           425
           -8398.051  645664           39
           -8398.051  903420           5
           -8398.051  915107           54
           -8398.051  814975           129
           -8398.051  354559           73
           -8398.051  679832           302
           -8398.051  798839           312
           -8398.051  521575           313
           -8398.051  667250           318
           -8398.051  415502           194
           -8398.051  85734            411
           -8398.051  823392           479
           -8398.051  49221            254
           -8398.051  467339           66
           -8685.984  281558           184
           -8685.984  614535           449
           -8685.984  320494           465
           -8685.984  972430           491
           -8685.984  622860           259
           -8685.984  616917           261
           -8685.984  220454           288
           -8685.984  507154           387
           -8685.984  61587            400
           -8685.984  746978           410
           -8685.984  317640           437

78 perturbed starting value run(s) did not converge or were rejected in the third stage.



THE BEST LOGLIKELIHOOD VALUE HAS BEEN REPLICATED.  RERUN WITH AT LEAST TWICE THE
RANDOM STARTS TO CHECK THAT THE BEST LOGLIKELIHOOD IS STILL OBTAINED AND REPLICATED.


THE MODEL ESTIMATION TERMINATED NORMALLY



MODEL FIT INFORMATION

Number of Free Parameters                       15

Loglikelihood

          H0 Value                       -8386.991
          H0 Scaling Correction Factor      1.5969
            for MLR

Information Criteria

          Akaike (AIC)                   16803.983
          Bayesian (BIC)                 16864.004
          Sample-Size Adjusted BIC       16816.407
            (n* = (n + 2) / 24)



FINAL CLASS COUNTS AND PROPORTIONS FOR THE LATENT CLASSES
BASED ON THE ESTIMATED MODEL

    Latent
   Classes

       1         39.47806          0.09772
       2        262.87992          0.65069
       3        101.64202          0.25159


FINAL CLASS COUNTS AND PROPORTIONS FOR THE LATENT CLASSES
BASED ON ESTIMATED POSTERIOR PROBABILITIES

    Latent
   Classes

       1         39.47806          0.09772
       2        262.87992          0.65069
       3        101.64202          0.25159


FINAL CLASS COUNTS AND PROPORTIONS FOR THE LATENT CLASSES
BASED ON THEIR MOST LIKELY LATENT CLASS MEMBERSHIP

Class Counts and Proportions

    Latent
   Classes

       1               37          0.09158
       2              267          0.66089
       3              100          0.24752


CLASSIFICATION QUALITY

     Entropy                         0.819


Average Latent Class Probabilities for Most Likely Latent Class Membership (Row)
by Latent Class (Column)

           1        2        3

    1   0.824    0.072    0.104
    2   0.018    0.947    0.035
    3   0.042    0.074    0.884


Classification Probabilities for the Most Likely Latent Class Membership (Column)
by Latent Class (Row)

           1        2        3

    1   0.772    0.121    0.106
    2   0.010    0.962    0.028
    3   0.038    0.092    0.870


Logits for the Classification Probabilities for the Most Likely Latent Class Membership (Column)
by Latent Class (Row)

              1        2        3

    1      1.982    0.132    0.000
    2     -1.027    3.530    0.000
    3     -3.130   -2.242    0.000


MODEL RESULTS

                                                    Two-Tailed
                    Estimate       S.E.  Est./S.E.    P-Value

Latent Class 1

 I        |
    SAPS_0             1.000      0.000    999.000    999.000
    SAPS_1             1.000      0.000    999.000    999.000
    SAPS_2             1.000      0.000    999.000    999.000
    SAPS_3             1.000      0.000    999.000    999.000
    SAPS_6             1.000      0.000    999.000    999.000
    SAPS_9             1.000      0.000    999.000    999.000
    SAPS_12            1.000      0.000    999.000    999.000
    SAPS_18            1.000      0.000    999.000    999.000
    SAPS_24            1.000      0.000    999.000    999.000

 S        |
    SAPS_0             0.000      0.000    999.000    999.000
    SAPS_1             1.000      0.000    999.000    999.000
    SAPS_2             2.000      0.000    999.000    999.000
    SAPS_3             3.000      0.000    999.000    999.000
    SAPS_6             6.000      0.000    999.000    999.000
    SAPS_9             9.000      0.000    999.000    999.000
    SAPS_12           12.000      0.000    999.000    999.000
    SAPS_18           18.000      0.000    999.000    999.000
    SAPS_24           24.000      0.000    999.000    999.000

 Q        |
    SAPS_0             0.000      0.000    999.000    999.000
    SAPS_1             1.000      0.000    999.000    999.000
    SAPS_2             4.000      0.000    999.000    999.000
    SAPS_3             9.000      0.000    999.000    999.000
    SAPS_6            36.000      0.000    999.000    999.000
    SAPS_9            81.000      0.000    999.000    999.000
    SAPS_12          144.000      0.000    999.000    999.000
    SAPS_18          324.000      0.000    999.000    999.000
    SAPS_24          576.000      0.000    999.000    999.000

 CUB      |
    SAPS_0             0.000      0.000    999.000    999.000
    SAPS_1             1.000      0.000    999.000    999.000
    SAPS_2             8.000      0.000    999.000    999.000
    SAPS_3            27.000      0.000    999.000    999.000
    SAPS_6           216.000      0.000    999.000    999.000
    SAPS_9           729.000      0.000    999.000    999.000
    SAPS_12         1728.000      0.000    999.000    999.000
    SAPS_18         5832.000      0.000    999.000    999.000
    SAPS_24        13824.000      0.000    999.000    999.000

 Means
    I                  8.406      0.543     15.478      0.000
    S                 -1.693      0.249     -6.805      0.000
    Q                  0.197      0.032      6.181      0.000
    CUB               -0.005      0.001     -4.912      0.000

 Intercepts
    SAPS_0             0.000      0.000    999.000    999.000
    SAPS_1             0.000      0.000    999.000    999.000
    SAPS_2             0.000      0.000    999.000    999.000
    SAPS_3             0.000      0.000    999.000    999.000
    SAPS_6             0.000      0.000    999.000    999.000
    SAPS_9             0.000      0.000    999.000    999.000
    SAPS_12            0.000      0.000    999.000    999.000
    SAPS_18            0.000      0.000    999.000    999.000
    SAPS_24            0.000      0.000    999.000    999.000

 Variances
    I                  0.000      0.000    999.000    999.000
    S                  0.000      0.000    999.000    999.000
    Q                  0.000      0.000    999.000    999.000
    CUB                0.000      0.000    999.000    999.000

 Residual Variances
    SAPS_0            10.703      0.396     27.047      0.000
    SAPS_1            10.703      0.396     27.047      0.000
    SAPS_2            10.703      0.396     27.047      0.000
    SAPS_3            10.703      0.396     27.047      0.000
    SAPS_6            10.703      0.396     27.047      0.000
    SAPS_9            10.703      0.396     27.047      0.000
    SAPS_12           10.703      0.396     27.047      0.000
    SAPS_18           10.703      0.396     27.047      0.000
    SAPS_24           10.703      0.396     27.047      0.000

Latent Class 2

 I        |
    SAPS_0             1.000      0.000    999.000    999.000
    SAPS_1             1.000      0.000    999.000    999.000
    SAPS_2             1.000      0.000    999.000    999.000
    SAPS_3             1.000      0.000    999.000    999.000
    SAPS_6             1.000      0.000    999.000    999.000
    SAPS_9             1.000      0.000    999.000    999.000
    SAPS_12            1.000      0.000    999.000    999.000
    SAPS_18            1.000      0.000    999.000    999.000
    SAPS_24            1.000      0.000    999.000    999.000

 S        |
    SAPS_0             0.000      0.000    999.000    999.000
    SAPS_1             1.000      0.000    999.000    999.000
    SAPS_2             2.000      0.000    999.000    999.000
    SAPS_3             3.000      0.000    999.000    999.000
    SAPS_6             6.000      0.000    999.000    999.000
    SAPS_9             9.000      0.000    999.000    999.000
    SAPS_12           12.000      0.000    999.000    999.000
    SAPS_18           18.000      0.000    999.000    999.000
    SAPS_24           24.000      0.000    999.000    999.000

 Q        |
    SAPS_0             0.000      0.000    999.000    999.000
    SAPS_1             1.000      0.000    999.000    999.000
    SAPS_2             4.000      0.000    999.000    999.000
    SAPS_3             9.000      0.000    999.000    999.000
    SAPS_6            36.000      0.000    999.000    999.000
    SAPS_9            81.000      0.000    999.000    999.000
    SAPS_12          144.000      0.000    999.000    999.000
    SAPS_18          324.000      0.000    999.000    999.000
    SAPS_24          576.000      0.000    999.000    999.000

 CUB      |
    SAPS_0             0.000      0.000    999.000    999.000
    SAPS_1             1.000      0.000    999.000    999.000
    SAPS_2             8.000      0.000    999.000    999.000
    SAPS_3            27.000      0.000    999.000    999.000
    SAPS_6           216.000      0.000    999.000    999.000
    SAPS_9           729.000      0.000    999.000    999.000
    SAPS_12         1728.000      0.000    999.000    999.000
    SAPS_18         5832.000      0.000    999.000    999.000
    SAPS_24        13824.000      0.000    999.000    999.000

 Means
    I                  8.199      0.194     42.179      0.000
    S                 -2.202      0.073    -30.306      0.000
    Q                  0.191      0.007     25.857      0.000
    CUB               -0.005      0.000    -23.017      0.000

 Intercepts
    SAPS_0             0.000      0.000    999.000    999.000
    SAPS_1             0.000      0.000    999.000    999.000
    SAPS_2             0.000      0.000    999.000    999.000
    SAPS_3             0.000      0.000    999.000    999.000
    SAPS_6             0.000      0.000    999.000    999.000
    SAPS_9             0.000      0.000    999.000    999.000
    SAPS_12            0.000      0.000    999.000    999.000
    SAPS_18            0.000      0.000    999.000    999.000
    SAPS_24            0.000      0.000    999.000    999.000

 Variances
    I                  0.000      0.000    999.000    999.000
    S                  0.000      0.000    999.000    999.000
    Q                  0.000      0.000    999.000    999.000
    CUB                0.000      0.000    999.000    999.000

 Residual Variances
    SAPS_0            10.703      0.396     27.047      0.000
    SAPS_1            10.703      0.396     27.047      0.000
    SAPS_2            10.703      0.396     27.047      0.000
    SAPS_3            10.703      0.396     27.047      0.000
    SAPS_6            10.703      0.396     27.047      0.000
    SAPS_9            10.703      0.396     27.047      0.000
    SAPS_12           10.703      0.396     27.047      0.000
    SAPS_18           10.703      0.396     27.047      0.000
    SAPS_24           10.703      0.396     27.047      0.000

Latent Class 3

 I        |
    SAPS_0             1.000      0.000    999.000    999.000
    SAPS_1             1.000      0.000    999.000    999.000
    SAPS_2             1.000      0.000    999.000    999.000
    SAPS_3             1.000      0.000    999.000    999.000
    SAPS_6             1.000      0.000    999.000    999.000
    SAPS_9             1.000      0.000    999.000    999.000
    SAPS_12            1.000      0.000    999.000    999.000
    SAPS_18            1.000      0.000    999.000    999.000
    SAPS_24            1.000      0.000    999.000    999.000

 S        |
    SAPS_0             0.000      0.000    999.000    999.000
    SAPS_1             1.000      0.000    999.000    999.000
    SAPS_2             2.000      0.000    999.000    999.000
    SAPS_3             3.000      0.000    999.000    999.000
    SAPS_6             6.000      0.000    999.000    999.000
    SAPS_9             9.000      0.000    999.000    999.000
    SAPS_12           12.000      0.000    999.000    999.000
    SAPS_18           18.000      0.000    999.000    999.000
    SAPS_24           24.000      0.000    999.000    999.000

 Q        |
    SAPS_0             0.000      0.000    999.000    999.000
    SAPS_1             1.000      0.000    999.000    999.000
    SAPS_2             4.000      0.000    999.000    999.000
    SAPS_3             9.000      0.000    999.000    999.000
    SAPS_6            36.000      0.000    999.000    999.000
    SAPS_9            81.000      0.000    999.000    999.000
    SAPS_12          144.000      0.000    999.000    999.000
    SAPS_18          324.000      0.000    999.000    999.000
    SAPS_24          576.000      0.000    999.000    999.000

 CUB      |
    SAPS_0             0.000      0.000    999.000    999.000
    SAPS_1             1.000      0.000    999.000    999.000
    SAPS_2             8.000      0.000    999.000    999.000
    SAPS_3            27.000      0.000    999.000    999.000
    SAPS_6           216.000      0.000    999.000    999.000
    SAPS_9           729.000      0.000    999.000    999.000
    SAPS_12         1728.000      0.000    999.000    999.000
    SAPS_18         5832.000      0.000    999.000    999.000
    SAPS_24        13824.000      0.000    999.000    999.000

 Means
    I                 11.625      0.452     25.736      0.000
    S                 -1.286      0.142     -9.072      0.000
    Q                  0.088      0.015      5.882      0.000
    CUB               -0.002      0.000     -4.467      0.000

 Intercepts
    SAPS_0             0.000      0.000    999.000    999.000
    SAPS_1             0.000      0.000    999.000    999.000
    SAPS_2             0.000      0.000    999.000    999.000
    SAPS_3             0.000      0.000    999.000    999.000
    SAPS_6             0.000      0.000    999.000    999.000
    SAPS_9             0.000      0.000    999.000    999.000
    SAPS_12            0.000      0.000    999.000    999.000
    SAPS_18            0.000      0.000    999.000    999.000
    SAPS_24            0.000      0.000    999.000    999.000

 Variances
    I                  0.000      0.000    999.000    999.000
    S                  0.000      0.000    999.000    999.000
    Q                  0.000      0.000    999.000    999.000
    CUB                0.000      0.000    999.000    999.000

 Residual Variances
    SAPS_0            10.703      0.396     27.047      0.000
    SAPS_1            10.703      0.396     27.047      0.000
    SAPS_2            10.703      0.396     27.047      0.000
    SAPS_3            10.703      0.396     27.047      0.000
    SAPS_6            10.703      0.396     27.047      0.000
    SAPS_9            10.703      0.396     27.047      0.000
    SAPS_12           10.703      0.396     27.047      0.000
    SAPS_18           10.703      0.396     27.047      0.000
    SAPS_24           10.703      0.396     27.047      0.000

Categorical Latent Variables

 Means
    C#1               -0.946      0.307     -3.080      0.002
    C#2                0.950      0.206      4.620      0.000


QUALITY OF NUMERICAL RESULTS

     Condition Number for the Information Matrix              0.649E-06
       (ratio of smallest to largest eigenvalue)


STANDARDIZED MODEL RESULTS


STDYX Standardization

                                                    Two-Tailed
                    Estimate       S.E.  Est./S.E.    P-Value

Latent Class 1

 I        |
    SAPS_0           999.000    999.000    999.000    999.000
    SAPS_1           999.000    999.000    999.000    999.000
    SAPS_2           999.000    999.000    999.000    999.000
    SAPS_3           999.000    999.000    999.000    999.000
    SAPS_6           999.000    999.000    999.000    999.000
    SAPS_9           999.000    999.000    999.000    999.000
    SAPS_12          999.000    999.000    999.000    999.000
    SAPS_18          999.000    999.000    999.000    999.000
    SAPS_24          999.000    999.000    999.000    999.000

 S        |
    SAPS_0           999.000    999.000    999.000    999.000
    SAPS_1           999.000    999.000    999.000    999.000
    SAPS_2           999.000    999.000    999.000    999.000
    SAPS_3           999.000    999.000    999.000    999.000
    SAPS_6           999.000    999.000    999.000    999.000
    SAPS_9           999.000    999.000    999.000    999.000
    SAPS_12          999.000    999.000    999.000    999.000
    SAPS_18          999.000    999.000    999.000    999.000
    SAPS_24          999.000    999.000    999.000    999.000

 Q        |
    SAPS_0           999.000    999.000    999.000    999.000
    SAPS_1           999.000    999.000    999.000    999.000
    SAPS_2           999.000    999.000    999.000    999.000
    SAPS_3           999.000    999.000    999.000    999.000
    SAPS_6           999.000    999.000    999.000    999.000
    SAPS_9           999.000    999.000    999.000    999.000
    SAPS_12          999.000    999.000    999.000    999.000
    SAPS_18          999.000    999.000    999.000    999.000
    SAPS_24          999.000    999.000    999.000    999.000

 CUB      |
    SAPS_0           999.000    999.000    999.000    999.000
    SAPS_1           999.000    999.000    999.000    999.000
    SAPS_2           999.000    999.000    999.000    999.000
    SAPS_3           999.000    999.000    999.000    999.000
    SAPS_6           999.000    999.000    999.000    999.000
    SAPS_9           999.000    999.000    999.000    999.000
    SAPS_12          999.000    999.000    999.000    999.000
    SAPS_18          999.000    999.000    999.000    999.000
    SAPS_24          999.000    999.000    999.000    999.000

 Means
    I                999.000    999.000    999.000    999.000
    S                999.000    999.000    999.000    999.000
    Q                999.000    999.000    999.000    999.000
    CUB              999.000    999.000    999.000    999.000

 Intercepts
    SAPS_0             0.000      0.000    999.000    999.000
    SAPS_1             0.000      0.000    999.000    999.000
    SAPS_2             0.000      0.000    999.000    999.000
    SAPS_3             0.000      0.000    999.000    999.000
    SAPS_6             0.000      0.000    999.000    999.000
    SAPS_9             0.000      0.000    999.000    999.000
    SAPS_12            0.000      0.000    999.000    999.000
    SAPS_18            0.000      0.000    999.000    999.000
    SAPS_24            0.000      0.000    999.000    999.000

 Variances
    I                999.000    999.000    999.000    999.000
    S                999.000    999.000    999.000    999.000
    Q                999.000    999.000    999.000    999.000
    CUB              999.000    999.000    999.000    999.000

 Residual Variances
    SAPS_0             1.000      0.000    999.000    999.000
    SAPS_1             1.000      0.000    999.000    999.000
    SAPS_2             1.000      0.000    999.000    999.000
    SAPS_3             1.000      0.000    999.000    999.000
    SAPS_6             1.000      0.000    999.000    999.000
    SAPS_9             1.000      0.000    999.000    999.000
    SAPS_12            1.000      0.000    999.000    999.000
    SAPS_18            1.000      0.000    999.000    999.000
    SAPS_24            1.000      0.000    999.000    999.000

Latent Class 2

 I        |
    SAPS_0           999.000    999.000    999.000    999.000
    SAPS_1           999.000    999.000    999.000    999.000
    SAPS_2           999.000    999.000    999.000    999.000
    SAPS_3           999.000    999.000    999.000    999.000
    SAPS_6           999.000    999.000    999.000    999.000
    SAPS_9           999.000    999.000    999.000    999.000
    SAPS_12          999.000    999.000    999.000    999.000
    SAPS_18          999.000    999.000    999.000    999.000
    SAPS_24          999.000    999.000    999.000    999.000

 S        |
    SAPS_0           999.000    999.000    999.000    999.000
    SAPS_1           999.000    999.000    999.000    999.000
    SAPS_2           999.000    999.000    999.000    999.000
    SAPS_3           999.000    999.000    999.000    999.000
    SAPS_6           999.000    999.000    999.000    999.000
    SAPS_9           999.000    999.000    999.000    999.000
    SAPS_12          999.000    999.000    999.000    999.000
    SAPS_18          999.000    999.000    999.000    999.000
    SAPS_24          999.000    999.000    999.000    999.000

 Q        |
    SAPS_0           999.000    999.000    999.000    999.000
    SAPS_1           999.000    999.000    999.000    999.000
    SAPS_2           999.000    999.000    999.000    999.000
    SAPS_3           999.000    999.000    999.000    999.000
    SAPS_6           999.000    999.000    999.000    999.000
    SAPS_9           999.000    999.000    999.000    999.000
    SAPS_12          999.000    999.000    999.000    999.000
    SAPS_18          999.000    999.000    999.000    999.000
    SAPS_24          999.000    999.000    999.000    999.000

 CUB      |
    SAPS_0           999.000    999.000    999.000    999.000
    SAPS_1           999.000    999.000    999.000    999.000
    SAPS_2           999.000    999.000    999.000    999.000
    SAPS_3           999.000    999.000    999.000    999.000
    SAPS_6           999.000    999.000    999.000    999.000
    SAPS_9           999.000    999.000    999.000    999.000
    SAPS_12          999.000    999.000    999.000    999.000
    SAPS_18          999.000    999.000    999.000    999.000
    SAPS_24          999.000    999.000    999.000    999.000

 Means
    I                999.000    999.000    999.000    999.000
    S                999.000    999.000    999.000    999.000
    Q                999.000    999.000    999.000    999.000
    CUB              999.000    999.000    999.000    999.000

 Intercepts
    SAPS_0             0.000      0.000    999.000    999.000
    SAPS_1             0.000      0.000    999.000    999.000
    SAPS_2             0.000      0.000    999.000    999.000
    SAPS_3             0.000      0.000    999.000    999.000
    SAPS_6             0.000      0.000    999.000    999.000
    SAPS_9             0.000      0.000    999.000    999.000
    SAPS_12            0.000      0.000    999.000    999.000
    SAPS_18            0.000      0.000    999.000    999.000
    SAPS_24            0.000      0.000    999.000    999.000

 Variances
    I                999.000    999.000    999.000    999.000
    S                999.000    999.000    999.000    999.000
    Q                999.000    999.000    999.000    999.000
    CUB              999.000    999.000    999.000    999.000

 Residual Variances
    SAPS_0             1.000      0.000    999.000    999.000
    SAPS_1             1.000      0.000    999.000    999.000
    SAPS_2             1.000      0.000    999.000    999.000
    SAPS_3             1.000      0.000    999.000    999.000
    SAPS_6             1.000      0.000    999.000    999.000
    SAPS_9             1.000      0.000    999.000    999.000
    SAPS_12            1.000      0.000    999.000    999.000
    SAPS_18            1.000      0.000    999.000    999.000
    SAPS_24            1.000      0.000    999.000    999.000

Latent Class 3

 I        |
    SAPS_0           999.000    999.000    999.000    999.000
    SAPS_1           999.000    999.000    999.000    999.000
    SAPS_2           999.000    999.000    999.000    999.000
    SAPS_3           999.000    999.000    999.000    999.000
    SAPS_6           999.000    999.000    999.000    999.000
    SAPS_9           999.000    999.000    999.000    999.000
    SAPS_12          999.000    999.000    999.000    999.000
    SAPS_18          999.000    999.000    999.000    999.000
    SAPS_24          999.000    999.000    999.000    999.000

 S        |
    SAPS_0           999.000    999.000    999.000    999.000
    SAPS_1           999.000    999.000    999.000    999.000
    SAPS_2           999.000    999.000    999.000    999.000
    SAPS_3           999.000    999.000    999.000    999.000
    SAPS_6           999.000    999.000    999.000    999.000
    SAPS_9           999.000    999.000    999.000    999.000
    SAPS_12          999.000    999.000    999.000    999.000
    SAPS_18          999.000    999.000    999.000    999.000
    SAPS_24          999.000    999.000    999.000    999.000

 Q        |
    SAPS_0           999.000    999.000    999.000    999.000
    SAPS_1           999.000    999.000    999.000    999.000
    SAPS_2           999.000    999.000    999.000    999.000
    SAPS_3           999.000    999.000    999.000    999.000
    SAPS_6           999.000    999.000    999.000    999.000
    SAPS_9           999.000    999.000    999.000    999.000
    SAPS_12          999.000    999.000    999.000    999.000
    SAPS_18          999.000    999.000    999.000    999.000
    SAPS_24          999.000    999.000    999.000    999.000

 CUB      |
    SAPS_0           999.000    999.000    999.000    999.000
    SAPS_1           999.000    999.000    999.000    999.000
    SAPS_2           999.000    999.000    999.000    999.000
    SAPS_3           999.000    999.000    999.000    999.000
    SAPS_6           999.000    999.000    999.000    999.000
    SAPS_9           999.000    999.000    999.000    999.000
    SAPS_12          999.000    999.000    999.000    999.000
    SAPS_18          999.000    999.000    999.000    999.000
    SAPS_24          999.000    999.000    999.000    999.000

 Means
    I                999.000    999.000    999.000    999.000
    S                999.000    999.000    999.000    999.000
    Q                999.000    999.000    999.000    999.000
    CUB              999.000    999.000    999.000    999.000

 Intercepts
    SAPS_0             0.000      0.000    999.000    999.000
    SAPS_1             0.000      0.000    999.000    999.000
    SAPS_2             0.000      0.000    999.000    999.000
    SAPS_3             0.000      0.000    999.000    999.000
    SAPS_6             0.000      0.000    999.000    999.000
    SAPS_9             0.000      0.000    999.000    999.000
    SAPS_12            0.000      0.000    999.000    999.000
    SAPS_18            0.000      0.000    999.000    999.000
    SAPS_24            0.000      0.000    999.000    999.000

 Variances
    I                999.000    999.000    999.000    999.000
    S                999.000    999.000    999.000    999.000
    Q                999.000    999.000    999.000    999.000
    CUB              999.000    999.000    999.000    999.000

 Residual Variances
    SAPS_0             1.000      0.000    999.000    999.000
    SAPS_1             1.000      0.000    999.000    999.000
    SAPS_2             1.000      0.000    999.000    999.000
    SAPS_3             1.000      0.000    999.000    999.000
    SAPS_6             1.000      0.000    999.000    999.000
    SAPS_9             1.000      0.000    999.000    999.000
    SAPS_12            1.000      0.000    999.000    999.000
    SAPS_18            1.000      0.000    999.000    999.000
    SAPS_24            1.000      0.000    999.000    999.000


STDY Standardization

                                                    Two-Tailed
                    Estimate       S.E.  Est./S.E.    P-Value

Latent Class 1

 I        |
    SAPS_0           999.000    999.000    999.000    999.000
    SAPS_1           999.000    999.000    999.000    999.000
    SAPS_2           999.000    999.000    999.000    999.000
    SAPS_3           999.000    999.000    999.000    999.000
    SAPS_6           999.000    999.000    999.000    999.000
    SAPS_9           999.000    999.000    999.000    999.000
    SAPS_12          999.000    999.000    999.000    999.000
    SAPS_18          999.000    999.000    999.000    999.000
    SAPS_24          999.000    999.000    999.000    999.000

 S        |
    SAPS_0           999.000    999.000    999.000    999.000
    SAPS_1           999.000    999.000    999.000    999.000
    SAPS_2           999.000    999.000    999.000    999.000
    SAPS_3           999.000    999.000    999.000    999.000
    SAPS_6           999.000    999.000    999.000    999.000
    SAPS_9           999.000    999.000    999.000    999.000
    SAPS_12          999.000    999.000    999.000    999.000
    SAPS_18          999.000    999.000    999.000    999.000
    SAPS_24          999.000    999.000    999.000    999.000

 Q        |
    SAPS_0           999.000    999.000    999.000    999.000
    SAPS_1           999.000    999.000    999.000    999.000
    SAPS_2           999.000    999.000    999.000    999.000
    SAPS_3           999.000    999.000    999.000    999.000
    SAPS_6           999.000    999.000    999.000    999.000
    SAPS_9           999.000    999.000    999.000    999.000
    SAPS_12          999.000    999.000    999.000    999.000
    SAPS_18          999.000    999.000    999.000    999.000
    SAPS_24          999.000    999.000    999.000    999.000

 CUB      |
    SAPS_0           999.000    999.000    999.000    999.000
    SAPS_1           999.000    999.000    999.000    999.000
    SAPS_2           999.000    999.000    999.000    999.000
    SAPS_3           999.000    999.000    999.000    999.000
    SAPS_6           999.000    999.000    999.000    999.000
    SAPS_9           999.000    999.000    999.000    999.000
    SAPS_12          999.000    999.000    999.000    999.000
    SAPS_18          999.000    999.000    999.000    999.000
    SAPS_24          999.000    999.000    999.000    999.000

 Means
    I                999.000    999.000    999.000    999.000
    S                999.000    999.000    999.000    999.000
    Q                999.000    999.000    999.000    999.000
    CUB              999.000    999.000    999.000    999.000

 Intercepts
    SAPS_0             0.000      0.000    999.000    999.000
    SAPS_1             0.000      0.000    999.000    999.000
    SAPS_2             0.000      0.000    999.000    999.000
    SAPS_3             0.000      0.000    999.000    999.000
    SAPS_6             0.000      0.000    999.000    999.000
    SAPS_9             0.000      0.000    999.000    999.000
    SAPS_12            0.000      0.000    999.000    999.000
    SAPS_18            0.000      0.000    999.000    999.000
    SAPS_24            0.000      0.000    999.000    999.000

 Variances
    I                999.000    999.000    999.000    999.000
    S                999.000    999.000    999.000    999.000
    Q                999.000    999.000    999.000    999.000
    CUB              999.000    999.000    999.000    999.000

 Residual Variances
    SAPS_0             1.000      0.000    999.000    999.000
    SAPS_1             1.000      0.000    999.000    999.000
    SAPS_2             1.000      0.000    999.000    999.000
    SAPS_3             1.000      0.000    999.000    999.000
    SAPS_6             1.000      0.000    999.000    999.000
    SAPS_9             1.000      0.000    999.000    999.000
    SAPS_12            1.000      0.000    999.000    999.000
    SAPS_18            1.000      0.000    999.000    999.000
    SAPS_24            1.000      0.000    999.000    999.000

Latent Class 2

 I        |
    SAPS_0           999.000    999.000    999.000    999.000
    SAPS_1           999.000    999.000    999.000    999.000
    SAPS_2           999.000    999.000    999.000    999.000
    SAPS_3           999.000    999.000    999.000    999.000
    SAPS_6           999.000    999.000    999.000    999.000
    SAPS_9           999.000    999.000    999.000    999.000
    SAPS_12          999.000    999.000    999.000    999.000
    SAPS_18          999.000    999.000    999.000    999.000
    SAPS_24          999.000    999.000    999.000    999.000

 S        |
    SAPS_0           999.000    999.000    999.000    999.000
    SAPS_1           999.000    999.000    999.000    999.000
    SAPS_2           999.000    999.000    999.000    999.000
    SAPS_3           999.000    999.000    999.000    999.000
    SAPS_6           999.000    999.000    999.000    999.000
    SAPS_9           999.000    999.000    999.000    999.000
    SAPS_12          999.000    999.000    999.000    999.000
    SAPS_18          999.000    999.000    999.000    999.000
    SAPS_24          999.000    999.000    999.000    999.000

 Q        |
    SAPS_0           999.000    999.000    999.000    999.000
    SAPS_1           999.000    999.000    999.000    999.000
    SAPS_2           999.000    999.000    999.000    999.000
    SAPS_3           999.000    999.000    999.000    999.000
    SAPS_6           999.000    999.000    999.000    999.000
    SAPS_9           999.000    999.000    999.000    999.000
    SAPS_12          999.000    999.000    999.000    999.000
    SAPS_18          999.000    999.000    999.000    999.000
    SAPS_24          999.000    999.000    999.000    999.000

 CUB      |
    SAPS_0           999.000    999.000    999.000    999.000
    SAPS_1           999.000    999.000    999.000    999.000
    SAPS_2           999.000    999.000    999.000    999.000
    SAPS_3           999.000    999.000    999.000    999.000
    SAPS_6           999.000    999.000    999.000    999.000
    SAPS_9           999.000    999.000    999.000    999.000
    SAPS_12          999.000    999.000    999.000    999.000
    SAPS_18          999.000    999.000    999.000    999.000
    SAPS_24          999.000    999.000    999.000    999.000

 Means
    I                999.000    999.000    999.000    999.000
    S                999.000    999.000    999.000    999.000
    Q                999.000    999.000    999.000    999.000
    CUB              999.000    999.000    999.000    999.000

 Intercepts
    SAPS_0             0.000      0.000    999.000    999.000
    SAPS_1             0.000      0.000    999.000    999.000
    SAPS_2             0.000      0.000    999.000    999.000
    SAPS_3             0.000      0.000    999.000    999.000
    SAPS_6             0.000      0.000    999.000    999.000
    SAPS_9             0.000      0.000    999.000    999.000
    SAPS_12            0.000      0.000    999.000    999.000
    SAPS_18            0.000      0.000    999.000    999.000
    SAPS_24            0.000      0.000    999.000    999.000

 Variances
    I                999.000    999.000    999.000    999.000
    S                999.000    999.000    999.000    999.000
    Q                999.000    999.000    999.000    999.000
    CUB              999.000    999.000    999.000    999.000

 Residual Variances
    SAPS_0             1.000      0.000    999.000    999.000
    SAPS_1             1.000      0.000    999.000    999.000
    SAPS_2             1.000      0.000    999.000    999.000
    SAPS_3             1.000      0.000    999.000    999.000
    SAPS_6             1.000      0.000    999.000    999.000
    SAPS_9             1.000      0.000    999.000    999.000
    SAPS_12            1.000      0.000    999.000    999.000
    SAPS_18            1.000      0.000    999.000    999.000
    SAPS_24            1.000      0.000    999.000    999.000

Latent Class 3

 I        |
    SAPS_0           999.000    999.000    999.000    999.000
    SAPS_1           999.000    999.000    999.000    999.000
    SAPS_2           999.000    999.000    999.000    999.000
    SAPS_3           999.000    999.000    999.000    999.000
    SAPS_6           999.000    999.000    999.000    999.000
    SAPS_9           999.000    999.000    999.000    999.000
    SAPS_12          999.000    999.000    999.000    999.000
    SAPS_18          999.000    999.000    999.000    999.000
    SAPS_24          999.000    999.000    999.000    999.000

 S        |
    SAPS_0           999.000    999.000    999.000    999.000
    SAPS_1           999.000    999.000    999.000    999.000
    SAPS_2           999.000    999.000    999.000    999.000
    SAPS_3           999.000    999.000    999.000    999.000
    SAPS_6           999.000    999.000    999.000    999.000
    SAPS_9           999.000    999.000    999.000    999.000
    SAPS_12          999.000    999.000    999.000    999.000
    SAPS_18          999.000    999.000    999.000    999.000
    SAPS_24          999.000    999.000    999.000    999.000

 Q        |
    SAPS_0           999.000    999.000    999.000    999.000
    SAPS_1           999.000    999.000    999.000    999.000
    SAPS_2           999.000    999.000    999.000    999.000
    SAPS_3           999.000    999.000    999.000    999.000
    SAPS_6           999.000    999.000    999.000    999.000
    SAPS_9           999.000    999.000    999.000    999.000
    SAPS_12          999.000    999.000    999.000    999.000
    SAPS_18          999.000    999.000    999.000    999.000
    SAPS_24          999.000    999.000    999.000    999.000

 CUB      |
    SAPS_0           999.000    999.000    999.000    999.000
    SAPS_1           999.000    999.000    999.000    999.000
    SAPS_2           999.000    999.000    999.000    999.000
    SAPS_3           999.000    999.000    999.000    999.000
    SAPS_6           999.000    999.000    999.000    999.000
    SAPS_9           999.000    999.000    999.000    999.000
    SAPS_12          999.000    999.000    999.000    999.000
    SAPS_18          999.000    999.000    999.000    999.000
    SAPS_24          999.000    999.000    999.000    999.000

 Means
    I                999.000    999.000    999.000    999.000
    S                999.000    999.000    999.000    999.000
    Q                999.000    999.000    999.000    999.000
    CUB              999.000    999.000    999.000    999.000

 Intercepts
    SAPS_0             0.000      0.000    999.000    999.000
    SAPS_1             0.000      0.000    999.000    999.000
    SAPS_2             0.000      0.000    999.000    999.000
    SAPS_3             0.000      0.000    999.000    999.000
    SAPS_6             0.000      0.000    999.000    999.000
    SAPS_9             0.000      0.000    999.000    999.000
    SAPS_12            0.000      0.000    999.000    999.000
    SAPS_18            0.000      0.000    999.000    999.000
    SAPS_24            0.000      0.000    999.000    999.000

 Variances
    I                999.000    999.000    999.000    999.000
    S                999.000    999.000    999.000    999.000
    Q                999.000    999.000    999.000    999.000
    CUB              999.000    999.000    999.000    999.000

 Residual Variances
    SAPS_0             1.000      0.000    999.000    999.000
    SAPS_1             1.000      0.000    999.000    999.000
    SAPS_2             1.000      0.000    999.000    999.000
    SAPS_3             1.000      0.000    999.000    999.000
    SAPS_6             1.000      0.000    999.000    999.000
    SAPS_9             1.000      0.000    999.000    999.000
    SAPS_12            1.000      0.000    999.000    999.000
    SAPS_18            1.000      0.000    999.000    999.000
    SAPS_24            1.000      0.000    999.000    999.000


STD Standardization

                                                    Two-Tailed
                    Estimate       S.E.  Est./S.E.    P-Value

Latent Class 1

 I        |
    SAPS_0           999.000    999.000    999.000    999.000
    SAPS_1           999.000    999.000    999.000    999.000
    SAPS_2           999.000    999.000    999.000    999.000
    SAPS_3           999.000    999.000    999.000    999.000
    SAPS_6           999.000    999.000    999.000    999.000
    SAPS_9           999.000    999.000    999.000    999.000
    SAPS_12          999.000    999.000    999.000    999.000
    SAPS_18          999.000    999.000    999.000    999.000
    SAPS_24          999.000    999.000    999.000    999.000

 S        |
    SAPS_0           999.000    999.000    999.000    999.000
    SAPS_1           999.000    999.000    999.000    999.000
    SAPS_2           999.000    999.000    999.000    999.000
    SAPS_3           999.000    999.000    999.000    999.000
    SAPS_6           999.000    999.000    999.000    999.000
    SAPS_9           999.000    999.000    999.000    999.000
    SAPS_12          999.000    999.000    999.000    999.000
    SAPS_18          999.000    999.000    999.000    999.000
    SAPS_24          999.000    999.000    999.000    999.000

 Q        |
    SAPS_0           999.000    999.000    999.000    999.000
    SAPS_1           999.000    999.000    999.000    999.000
    SAPS_2           999.000    999.000    999.000    999.000
    SAPS_3           999.000    999.000    999.000    999.000
    SAPS_6           999.000    999.000    999.000    999.000
    SAPS_9           999.000    999.000    999.000    999.000
    SAPS_12          999.000    999.000    999.000    999.000
    SAPS_18          999.000    999.000    999.000    999.000
    SAPS_24          999.000    999.000    999.000    999.000

 CUB      |
    SAPS_0           999.000    999.000    999.000    999.000
    SAPS_1           999.000    999.000    999.000    999.000
    SAPS_2           999.000    999.000    999.000    999.000
    SAPS_3           999.000    999.000    999.000    999.000
    SAPS_6           999.000    999.000    999.000    999.000
    SAPS_9           999.000    999.000    999.000    999.000
    SAPS_12          999.000    999.000    999.000    999.000
    SAPS_18          999.000    999.000    999.000    999.000
    SAPS_24          999.000    999.000    999.000    999.000

 Means
    I                999.000    999.000    999.000    999.000
    S                999.000    999.000    999.000    999.000
    Q                999.000    999.000    999.000    999.000
    CUB              999.000    999.000    999.000    999.000

 Intercepts
    SAPS_0             0.000      0.000    999.000    999.000
    SAPS_1             0.000      0.000    999.000    999.000
    SAPS_2             0.000      0.000    999.000    999.000
    SAPS_3             0.000      0.000    999.000    999.000
    SAPS_6             0.000      0.000    999.000    999.000
    SAPS_9             0.000      0.000    999.000    999.000
    SAPS_12            0.000      0.000    999.000    999.000
    SAPS_18            0.000      0.000    999.000    999.000
    SAPS_24            0.000      0.000    999.000    999.000

 Variances
    I                999.000    999.000    999.000    999.000
    S                999.000    999.000    999.000    999.000
    Q                999.000    999.000    999.000    999.000
    CUB              999.000    999.000    999.000    999.000

 Residual Variances
    SAPS_0            10.703      0.396     27.047      0.000
    SAPS_1            10.703      0.396     27.047      0.000
    SAPS_2            10.703      0.396     27.047      0.000
    SAPS_3            10.703      0.396     27.047      0.000
    SAPS_6            10.703      0.396     27.047      0.000
    SAPS_9            10.703      0.396     27.047      0.000
    SAPS_12           10.703      0.396     27.047      0.000
    SAPS_18           10.703      0.396     27.047      0.000
    SAPS_24           10.703      0.396     27.047      0.000

Latent Class 2

 I        |
    SAPS_0           999.000    999.000    999.000    999.000
    SAPS_1           999.000    999.000    999.000    999.000
    SAPS_2           999.000    999.000    999.000    999.000
    SAPS_3           999.000    999.000    999.000    999.000
    SAPS_6           999.000    999.000    999.000    999.000
    SAPS_9           999.000    999.000    999.000    999.000
    SAPS_12          999.000    999.000    999.000    999.000
    SAPS_18          999.000    999.000    999.000    999.000
    SAPS_24          999.000    999.000    999.000    999.000

 S        |
    SAPS_0           999.000    999.000    999.000    999.000
    SAPS_1           999.000    999.000    999.000    999.000
    SAPS_2           999.000    999.000    999.000    999.000
    SAPS_3           999.000    999.000    999.000    999.000
    SAPS_6           999.000    999.000    999.000    999.000
    SAPS_9           999.000    999.000    999.000    999.000
    SAPS_12          999.000    999.000    999.000    999.000
    SAPS_18          999.000    999.000    999.000    999.000
    SAPS_24          999.000    999.000    999.000    999.000

 Q        |
    SAPS_0           999.000    999.000    999.000    999.000
    SAPS_1           999.000    999.000    999.000    999.000
    SAPS_2           999.000    999.000    999.000    999.000
    SAPS_3           999.000    999.000    999.000    999.000
    SAPS_6           999.000    999.000    999.000    999.000
    SAPS_9           999.000    999.000    999.000    999.000
    SAPS_12          999.000    999.000    999.000    999.000
    SAPS_18          999.000    999.000    999.000    999.000
    SAPS_24          999.000    999.000    999.000    999.000

 CUB      |
    SAPS_0           999.000    999.000    999.000    999.000
    SAPS_1           999.000    999.000    999.000    999.000
    SAPS_2           999.000    999.000    999.000    999.000
    SAPS_3           999.000    999.000    999.000    999.000
    SAPS_6           999.000    999.000    999.000    999.000
    SAPS_9           999.000    999.000    999.000    999.000
    SAPS_12          999.000    999.000    999.000    999.000
    SAPS_18          999.000    999.000    999.000    999.000
    SAPS_24          999.000    999.000    999.000    999.000

 Means
    I                999.000    999.000    999.000    999.000
    S                999.000    999.000    999.000    999.000
    Q                999.000    999.000    999.000    999.000
    CUB              999.000    999.000    999.000    999.000

 Intercepts
    SAPS_0             0.000      0.000    999.000    999.000
    SAPS_1             0.000      0.000    999.000    999.000
    SAPS_2             0.000      0.000    999.000    999.000
    SAPS_3             0.000      0.000    999.000    999.000
    SAPS_6             0.000      0.000    999.000    999.000
    SAPS_9             0.000      0.000    999.000    999.000
    SAPS_12            0.000      0.000    999.000    999.000
    SAPS_18            0.000      0.000    999.000    999.000
    SAPS_24            0.000      0.000    999.000    999.000

 Variances
    I                999.000    999.000    999.000    999.000
    S                999.000    999.000    999.000    999.000
    Q                999.000    999.000    999.000    999.000
    CUB              999.000    999.000    999.000    999.000

 Residual Variances
    SAPS_0            10.703      0.396     27.047      0.000
    SAPS_1            10.703      0.396     27.047      0.000
    SAPS_2            10.703      0.396     27.047      0.000
    SAPS_3            10.703      0.396     27.047      0.000
    SAPS_6            10.703      0.396     27.047      0.000
    SAPS_9            10.703      0.396     27.047      0.000
    SAPS_12           10.703      0.396     27.047      0.000
    SAPS_18           10.703      0.396     27.047      0.000
    SAPS_24           10.703      0.396     27.047      0.000

Latent Class 3

 I        |
    SAPS_0           999.000    999.000    999.000    999.000
    SAPS_1           999.000    999.000    999.000    999.000
    SAPS_2           999.000    999.000    999.000    999.000
    SAPS_3           999.000    999.000    999.000    999.000
    SAPS_6           999.000    999.000    999.000    999.000
    SAPS_9           999.000    999.000    999.000    999.000
    SAPS_12          999.000    999.000    999.000    999.000
    SAPS_18          999.000    999.000    999.000    999.000
    SAPS_24          999.000    999.000    999.000    999.000

 S        |
    SAPS_0           999.000    999.000    999.000    999.000
    SAPS_1           999.000    999.000    999.000    999.000
    SAPS_2           999.000    999.000    999.000    999.000
    SAPS_3           999.000    999.000    999.000    999.000
    SAPS_6           999.000    999.000    999.000    999.000
    SAPS_9           999.000    999.000    999.000    999.000
    SAPS_12          999.000    999.000    999.000    999.000
    SAPS_18          999.000    999.000    999.000    999.000
    SAPS_24          999.000    999.000    999.000    999.000

 Q        |
    SAPS_0           999.000    999.000    999.000    999.000
    SAPS_1           999.000    999.000    999.000    999.000
    SAPS_2           999.000    999.000    999.000    999.000
    SAPS_3           999.000    999.000    999.000    999.000
    SAPS_6           999.000    999.000    999.000    999.000
    SAPS_9           999.000    999.000    999.000    999.000
    SAPS_12          999.000    999.000    999.000    999.000
    SAPS_18          999.000    999.000    999.000    999.000
    SAPS_24          999.000    999.000    999.000    999.000

 CUB      |
    SAPS_0           999.000    999.000    999.000    999.000
    SAPS_1           999.000    999.000    999.000    999.000
    SAPS_2           999.000    999.000    999.000    999.000
    SAPS_3           999.000    999.000    999.000    999.000
    SAPS_6           999.000    999.000    999.000    999.000
    SAPS_9           999.000    999.000    999.000    999.000
    SAPS_12          999.000    999.000    999.000    999.000
    SAPS_18          999.000    999.000    999.000    999.000
    SAPS_24          999.000    999.000    999.000    999.000

 Means
    I                999.000    999.000    999.000    999.000
    S                999.000    999.000    999.000    999.000
    Q                999.000    999.000    999.000    999.000
    CUB              999.000    999.000    999.000    999.000

 Intercepts
    SAPS_0             0.000      0.000    999.000    999.000
    SAPS_1             0.000      0.000    999.000    999.000
    SAPS_2             0.000      0.000    999.000    999.000
    SAPS_3             0.000      0.000    999.000    999.000
    SAPS_6             0.000      0.000    999.000    999.000
    SAPS_9             0.000      0.000    999.000    999.000
    SAPS_12            0.000      0.000    999.000    999.000
    SAPS_18            0.000      0.000    999.000    999.000
    SAPS_24            0.000      0.000    999.000    999.000

 Variances
    I                999.000    999.000    999.000    999.000
    S                999.000    999.000    999.000    999.000
    Q                999.000    999.000    999.000    999.000
    CUB              999.000    999.000    999.000    999.000

 Residual Variances
    SAPS_0            10.703      0.396     27.047      0.000
    SAPS_1            10.703      0.396     27.047      0.000
    SAPS_2            10.703      0.396     27.047      0.000
    SAPS_3            10.703      0.396     27.047      0.000
    SAPS_6            10.703      0.396     27.047      0.000
    SAPS_9            10.703      0.396     27.047      0.000
    SAPS_12           10.703      0.396     27.047      0.000
    SAPS_18           10.703      0.396     27.047      0.000
    SAPS_24           10.703      0.396     27.047      0.000


R-SQUARE

Class 1

    Observed                                        Two-Tailed
    Variable        Estimate       S.E.  Est./S.E.    P-Value

    SAPS_0             0.000      0.000    999.000    999.000
    SAPS_1             0.000      0.000    999.000    999.000
    SAPS_2             0.000      0.000    999.000    999.000
    SAPS_3             0.000      0.000    999.000    999.000
    SAPS_6             0.000      0.000    999.000    999.000
    SAPS_9             0.000      0.000    999.000    999.000
    SAPS_12            0.000      0.000    999.000    999.000
    SAPS_18            0.000      0.000    999.000    999.000
    SAPS_24            0.000      0.000    999.000    999.000

Class 2

    Observed                                        Two-Tailed
    Variable        Estimate       S.E.  Est./S.E.    P-Value

    SAPS_0             0.000      0.000    999.000    999.000
    SAPS_1             0.000      0.000    999.000    999.000
    SAPS_2             0.000      0.000    999.000    999.000
    SAPS_3             0.000      0.000    999.000    999.000
    SAPS_6             0.000      0.000    999.000    999.000
    SAPS_9             0.000      0.000    999.000    999.000
    SAPS_12            0.000      0.000    999.000    999.000
    SAPS_18            0.000      0.000    999.000    999.000
    SAPS_24            0.000      0.000    999.000    999.000

Class 3

    Observed                                        Two-Tailed
    Variable        Estimate       S.E.  Est./S.E.    P-Value

    SAPS_0             0.000      0.000    999.000    999.000
    SAPS_1             0.000      0.000    999.000    999.000
    SAPS_2             0.000      0.000    999.000    999.000
    SAPS_3             0.000      0.000    999.000    999.000
    SAPS_6             0.000      0.000    999.000    999.000
    SAPS_9             0.000      0.000    999.000    999.000
    SAPS_12            0.000      0.000    999.000    999.000
    SAPS_18            0.000      0.000    999.000    999.000
    SAPS_24            0.000      0.000    999.000    999.000


TECHNICAL 1 OUTPUT


     PARAMETER SPECIFICATION FOR LATENT CLASS 1


           NU
              SAPS_0        SAPS_1        SAPS_2        SAPS_3        SAPS_6
              ________      ________      ________      ________      ________
                    0             0             0             0             0


           NU
              SAPS_9        SAPS_12       SAPS_18       SAPS_24
              ________      ________      ________      ________
                    0             0             0             0


           LAMBDA
              I             S             Q             CUB
              ________      ________      ________      ________
 SAPS_0             0             0             0             0
 SAPS_1             0             0             0             0
 SAPS_2             0             0             0             0
 SAPS_3             0             0             0             0
 SAPS_6             0             0             0             0
 SAPS_9             0             0             0             0
 SAPS_12            0             0             0             0
 SAPS_18            0             0             0             0
 SAPS_24            0             0             0             0


           THETA
              SAPS_0        SAPS_1        SAPS_2        SAPS_3        SAPS_6
              ________      ________      ________      ________      ________
 SAPS_0             1
 SAPS_1             0             1
 SAPS_2             0             0             1
 SAPS_3             0             0             0             1
 SAPS_6             0             0             0             0             1
 SAPS_9             0             0             0             0             0
 SAPS_12            0             0             0             0             0
 SAPS_18            0             0             0             0             0
 SAPS_24            0             0             0             0             0


           THETA
              SAPS_9        SAPS_12       SAPS_18       SAPS_24
              ________      ________      ________      ________
 SAPS_9             1
 SAPS_12            0             1
 SAPS_18            0             0             1
 SAPS_24            0             0             0             1


           ALPHA
              I             S             Q             CUB
              ________      ________      ________      ________
                    2             3             4             5


           BETA
              I             S             Q             CUB
              ________      ________      ________      ________
 I                  0             0             0             0
 S                  0             0             0             0
 Q                  0             0             0             0
 CUB                0             0             0             0


           PSI
              I             S             Q             CUB
              ________      ________      ________      ________
 I                  0
 S                  0             0
 Q                  0             0             0
 CUB                0             0             0             0


     PARAMETER SPECIFICATION FOR LATENT CLASS 2


           NU
              SAPS_0        SAPS_1        SAPS_2        SAPS_3        SAPS_6
              ________      ________      ________      ________      ________
                    0             0             0             0             0


           NU
              SAPS_9        SAPS_12       SAPS_18       SAPS_24
              ________      ________      ________      ________
                    0             0             0             0


           LAMBDA
              I             S             Q             CUB
              ________      ________      ________      ________
 SAPS_0             0             0             0             0
 SAPS_1             0             0             0             0
 SAPS_2             0             0             0             0
 SAPS_3             0             0             0             0
 SAPS_6             0             0             0             0
 SAPS_9             0             0             0             0
 SAPS_12            0             0             0             0
 SAPS_18            0             0             0             0
 SAPS_24            0             0             0             0


           THETA
              SAPS_0        SAPS_1        SAPS_2        SAPS_3        SAPS_6
              ________      ________      ________      ________      ________
 SAPS_0             1
 SAPS_1             0             1
 SAPS_2             0             0             1
 SAPS_3             0             0             0             1
 SAPS_6             0             0             0             0             1
 SAPS_9             0             0             0             0             0
 SAPS_12            0             0             0             0             0
 SAPS_18            0             0             0             0             0
 SAPS_24            0             0             0             0             0


           THETA
              SAPS_9        SAPS_12       SAPS_18       SAPS_24
              ________      ________      ________      ________
 SAPS_9             1
 SAPS_12            0             1
 SAPS_18            0             0             1
 SAPS_24            0             0             0             1


           ALPHA
              I             S             Q             CUB
              ________      ________      ________      ________
                    6             7             8             9


           BETA
              I             S             Q             CUB
              ________      ________      ________      ________
 I                  0             0             0             0
 S                  0             0             0             0
 Q                  0             0             0             0
 CUB                0             0             0             0


           PSI
              I             S             Q             CUB
              ________      ________      ________      ________
 I                  0
 S                  0             0
 Q                  0             0             0
 CUB                0             0             0             0


     PARAMETER SPECIFICATION FOR LATENT CLASS 3


           NU
              SAPS_0        SAPS_1        SAPS_2        SAPS_3        SAPS_6
              ________      ________      ________      ________      ________
                    0             0             0             0             0


           NU
              SAPS_9        SAPS_12       SAPS_18       SAPS_24
              ________      ________      ________      ________
                    0             0             0             0


           LAMBDA
              I             S             Q             CUB
              ________      ________      ________      ________
 SAPS_0             0             0             0             0
 SAPS_1             0             0             0             0
 SAPS_2             0             0             0             0
 SAPS_3             0             0             0             0
 SAPS_6             0             0             0             0
 SAPS_9             0             0             0             0
 SAPS_12            0             0             0             0
 SAPS_18            0             0             0             0
 SAPS_24            0             0             0             0


           THETA
              SAPS_0        SAPS_1        SAPS_2        SAPS_3        SAPS_6
              ________      ________      ________      ________      ________
 SAPS_0             1
 SAPS_1             0             1
 SAPS_2             0             0             1
 SAPS_3             0             0             0             1
 SAPS_6             0             0             0             0             1
 SAPS_9             0             0             0             0             0
 SAPS_12            0             0             0             0             0
 SAPS_18            0             0             0             0             0
 SAPS_24            0             0             0             0             0


           THETA
              SAPS_9        SAPS_12       SAPS_18       SAPS_24
              ________      ________      ________      ________
 SAPS_9             1
 SAPS_12            0             1
 SAPS_18            0             0             1
 SAPS_24            0             0             0             1


           ALPHA
              I             S             Q             CUB
              ________      ________      ________      ________
                   10            11            12            13


           BETA
              I             S             Q             CUB
              ________      ________      ________      ________
 I                  0             0             0             0
 S                  0             0             0             0
 Q                  0             0             0             0
 CUB                0             0             0             0


           PSI
              I             S             Q             CUB
              ________      ________      ________      ________
 I                  0
 S                  0             0
 Q                  0             0             0
 CUB                0             0             0             0


     PARAMETER SPECIFICATION FOR LATENT CLASS REGRESSION MODEL PART


           ALPHA(C)
              C#1           C#2           C#3
              ________      ________      ________
                   14            15             0


     STARTING VALUES FOR LATENT CLASS 1


           NU
              SAPS_0        SAPS_1        SAPS_2        SAPS_3        SAPS_6
              ________      ________      ________      ________      ________
                0.000         0.000         0.000         0.000         0.000


           NU
              SAPS_9        SAPS_12       SAPS_18       SAPS_24
              ________      ________      ________      ________
                0.000         0.000         0.000         0.000


           LAMBDA
              I             S             Q             CUB
              ________      ________      ________      ________
 SAPS_0         1.000         0.000         0.000         0.000
 SAPS_1         1.000         1.000         1.000         1.000
 SAPS_2         1.000         2.000         4.000         8.000
 SAPS_3         1.000         3.000         9.000        27.000
 SAPS_6         1.000         6.000        36.000       216.000
 SAPS_9         1.000         9.000        81.000       729.000
 SAPS_12        1.000        12.000       144.000      1728.000
 SAPS_18        1.000        18.000       324.000      5832.000
 SAPS_24        1.000        24.000       576.000     13824.000


           THETA
              SAPS_0        SAPS_1        SAPS_2        SAPS_3        SAPS_6
              ________      ________      ________      ________      ________
 SAPS_0         5.276
 SAPS_1         0.000         7.246
 SAPS_2         0.000         0.000         6.689
 SAPS_3         0.000         0.000         0.000         6.466
 SAPS_6         0.000         0.000         0.000         0.000         6.868
 SAPS_9         0.000         0.000         0.000         0.000         0.000
 SAPS_12        0.000         0.000         0.000         0.000         0.000
 SAPS_18        0.000         0.000         0.000         0.000         0.000
 SAPS_24        0.000         0.000         0.000         0.000         0.000


           THETA
              SAPS_9        SAPS_12       SAPS_18       SAPS_24
              ________      ________      ________      ________
 SAPS_9         6.197
 SAPS_12        0.000         7.264
 SAPS_18        0.000         0.000         6.410
 SAPS_24        0.000         0.000         0.000         7.520


           ALPHA
              I             S             Q             CUB
              ________      ________      ________      ________
               10.720        -4.185         0.874        -0.062


           BETA
              I             S             Q             CUB
              ________      ________      ________      ________
 I              0.000         0.000         0.000         0.000
 S              0.000         0.000         0.000         0.000
 Q              0.000         0.000         0.000         0.000
 CUB            0.000         0.000         0.000         0.000


           PSI
              I             S             Q             CUB
              ________      ________      ________      ________
 I              0.000
 S              0.000         0.000
 Q              0.000         0.000         0.000
 CUB            0.000         0.000         0.000         0.000


     STARTING VALUES FOR LATENT CLASS 2


           NU
              SAPS_0        SAPS_1        SAPS_2        SAPS_3        SAPS_6
              ________      ________      ________      ________      ________
                0.000         0.000         0.000         0.000         0.000


           NU
              SAPS_9        SAPS_12       SAPS_18       SAPS_24
              ________      ________      ________      ________
                0.000         0.000         0.000         0.000


           LAMBDA
              I             S             Q             CUB
              ________      ________      ________      ________
 SAPS_0         1.000         0.000         0.000         0.000
 SAPS_1         1.000         1.000         1.000         1.000
 SAPS_2         1.000         2.000         4.000         8.000
 SAPS_3         1.000         3.000         9.000        27.000
 SAPS_6         1.000         6.000        36.000       216.000
 SAPS_9         1.000         9.000        81.000       729.000
 SAPS_12        1.000        12.000       144.000      1728.000
 SAPS_18        1.000        18.000       324.000      5832.000
 SAPS_24        1.000        24.000       576.000     13824.000


           THETA
              SAPS_0        SAPS_1        SAPS_2        SAPS_3        SAPS_6
              ________      ________      ________      ________      ________
 SAPS_0         5.276
 SAPS_1         0.000         7.246
 SAPS_2         0.000         0.000         6.689
 SAPS_3         0.000         0.000         0.000         6.466
 SAPS_6         0.000         0.000         0.000         0.000         6.868
 SAPS_9         0.000         0.000         0.000         0.000         0.000
 SAPS_12        0.000         0.000         0.000         0.000         0.000
 SAPS_18        0.000         0.000         0.000         0.000         0.000
 SAPS_24        0.000         0.000         0.000         0.000         0.000


           THETA
              SAPS_9        SAPS_12       SAPS_18       SAPS_24
              ________      ________      ________      ________
 SAPS_9         6.197
 SAPS_12        0.000         7.264
 SAPS_18        0.000         0.000         6.410
 SAPS_24        0.000         0.000         0.000         7.520


           ALPHA
              I             S             Q             CUB
              ________      ________      ________      ________
               10.720        -4.185         0.874        -0.062


           BETA
              I             S             Q             CUB
              ________      ________      ________      ________
 I              0.000         0.000         0.000         0.000
 S              0.000         0.000         0.000         0.000
 Q              0.000         0.000         0.000         0.000
 CUB            0.000         0.000         0.000         0.000


           PSI
              I             S             Q             CUB
              ________      ________      ________      ________
 I              0.000
 S              0.000         0.000
 Q              0.000         0.000         0.000
 CUB            0.000         0.000         0.000         0.000


     STARTING VALUES FOR LATENT CLASS 3


           NU
              SAPS_0        SAPS_1        SAPS_2        SAPS_3        SAPS_6
              ________      ________      ________      ________      ________
                0.000         0.000         0.000         0.000         0.000


           NU
              SAPS_9        SAPS_12       SAPS_18       SAPS_24
              ________      ________      ________      ________
                0.000         0.000         0.000         0.000


           LAMBDA
              I             S             Q             CUB
              ________      ________      ________      ________
 SAPS_0         1.000         0.000         0.000         0.000
 SAPS_1         1.000         1.000         1.000         1.000
 SAPS_2         1.000         2.000         4.000         8.000
 SAPS_3         1.000         3.000         9.000        27.000
 SAPS_6         1.000         6.000        36.000       216.000
 SAPS_9         1.000         9.000        81.000       729.000
 SAPS_12        1.000        12.000       144.000      1728.000
 SAPS_18        1.000        18.000       324.000      5832.000
 SAPS_24        1.000        24.000       576.000     13824.000


           THETA
              SAPS_0        SAPS_1        SAPS_2        SAPS_3        SAPS_6
              ________      ________      ________      ________      ________
 SAPS_0         5.276
 SAPS_1         0.000         7.246
 SAPS_2         0.000         0.000         6.689
 SAPS_3         0.000         0.000         0.000         6.466
 SAPS_6         0.000         0.000         0.000         0.000         6.868
 SAPS_9         0.000         0.000         0.000         0.000         0.000
 SAPS_12        0.000         0.000         0.000         0.000         0.000
 SAPS_18        0.000         0.000         0.000         0.000         0.000
 SAPS_24        0.000         0.000         0.000         0.000         0.000


           THETA
              SAPS_9        SAPS_12       SAPS_18       SAPS_24
              ________      ________      ________      ________
 SAPS_9         6.197
 SAPS_12        0.000         7.264
 SAPS_18        0.000         0.000         6.410
 SAPS_24        0.000         0.000         0.000         7.520


           ALPHA
              I             S             Q             CUB
              ________      ________      ________      ________
               10.720        -4.185         0.874        -0.062


           BETA
              I             S             Q             CUB
              ________      ________      ________      ________
 I              0.000         0.000         0.000         0.000
 S              0.000         0.000         0.000         0.000
 Q              0.000         0.000         0.000         0.000
 CUB            0.000         0.000         0.000         0.000


           PSI
              I             S             Q             CUB
              ________      ________      ________      ________
 I              0.000
 S              0.000         0.000
 Q              0.000         0.000         0.000
 CUB            0.000         0.000         0.000         0.000


     STARTING VALUES FOR LATENT CLASS REGRESSION MODEL PART


           ALPHA(C)
              C#1           C#2           C#3
              ________      ________      ________
                0.000         0.000         0.000


TECHNICAL 11 OUTPUT

     Random Starts Specifications for the k-1 Class Analysis Model
        Number of initial stage random starts                 250
        Number of final stage optimizations                    62



     VUONG-LO-MENDELL-RUBIN LIKELIHOOD RATIO TEST FOR 2 (H0) VERSUS 3 CLASSES

          H0 Loglikelihood Value                        -8427.689
          2 Times the Loglikelihood Difference             81.395
          Difference in the Number of Parameters                5
          Mean                                             36.942
          Standard Deviation                               47.829
          P-Value                                          0.1307

     LO-MENDELL-RUBIN ADJUSTED LRT TEST

          Value                                            78.770
          P-Value                                          0.1379


SAMPLE STATISTICS FOR ESTIMATED FACTOR SCORES


     SAMPLE STATISTICS


           Means
              I             S             Q             CUB           C_I
              ________      ________      ________      ________      ________
                9.081        -1.922         0.166        -0.004         9.066


           Means
              C_S           C_Q           C_CUB
              ________      ________      ________
               -1.929         0.166        -0.004


           Covariances
              I             S             Q             CUB           C_I
              ________      ________      ________      ________      ________
 I              1.686
 S              0.442         0.128
 Q             -0.051        -0.013         0.002
 CUB            0.001         0.000         0.000         0.000
 C_I            1.820         0.472        -0.055         0.001         2.157
 C_S            0.472         0.136        -0.014         0.000         0.550
 C_Q           -0.055        -0.014         0.002         0.000        -0.066
 C_CUB          0.001         0.000         0.000         0.000         0.002


           Covariances
              C_S           C_Q           C_CUB
              ________      ________      ________
 C_S            0.157
 C_Q           -0.016         0.002
 C_CUB          0.000         0.000         0.000


           Correlations
              I             S             Q             CUB           C_I
              ________      ________      ________      ________      ________
 I              1.000
 S              0.951         1.000
 Q             -0.997        -0.926         1.000
 CUB            0.984         0.882        -0.995         1.000
 C_I            0.954         0.898        -0.954         0.945         1.000
 C_S            0.918         0.960        -0.895         0.854         0.945
 C_Q           -0.948        -0.870         0.953        -0.951        -0.997
 C_CUB          0.930         0.823        -0.942         0.950         0.984


           Correlations
              C_S           C_Q           C_CUB
              ________      ________      ________
 C_S            1.000
 C_Q           -0.918         1.000
 C_CUB          0.871        -0.994         1.000


PLOT INFORMATION

The following plots are available:

  Histograms (sample values, estimated factor scores, estimated values, residuals)
  Scatterplots (sample values, estimated factor scores, estimated values, residuals)
  Sample means
  Estimated means, medians, modes, and percentiles
  Sample and estimated means
  Latent variable distribution plots
  Observed individual values
  Estimated individual values
  Estimated means and observed individual values
  Estimated means and estimated individual values
  Estimated overall and class-specific distributions

SAVEDATA INFORMATION


  Save file
    K3_S500_res.dat

  Order and format of variables

    SAPS_0         F10.3
    SAPS_1         F10.3
    SAPS_2         F10.3
    SAPS_3         F10.3
    SAPS_6         F10.3
    SAPS_9         F10.3
    SAPS_12        F10.3
    SAPS_18        F10.3
    SAPS_24        F10.3
    I              F10.3
    S              F10.3
    Q              F10.3
    CUB            F10.3
    C_I            F10.3
    C_S            F10.3
    C_Q            F10.3
    C_CUB          F10.3
    CPROB1         F10.3
    CPROB2         F10.3
    CPROB3         F10.3
    C              F10.3
    PIN            I4

  Save file format
    21F10.3 I4

  Save file record length    10000

  Save missing symbol        *


     Beginning Time:  21:15:53
        Ending Time:  21:16:26
       Elapsed Time:  00:00:33



MUTHEN & MUTHEN
3463 Stoner Ave.
Los Angeles, CA  90066

Tel: (310) 391-9971
Fax: (310) 391-8971
Web: www.StatModel.com
Support: Support@StatModel.com

Copyright (c) 1998-2021 Muthen & Muthen
