Mplus VERSION 8.6 (Mac)
MUTHEN & MUTHEN
02/16/2023  11:25 AM

INPUT INSTRUCTIONS

  TITLE:
  D3STEP_CDS_24 -  FINAL_311;
  DATA:
  FILE = "/Users/olivierpercie/Desktop/MplusLGM/SANS/Results/D3STEP/CDS_24_D3STEP.dat";

  VARIABLE:
  NAMES = PIN SANS_0 SANS_1 SANS_2 SANS_3 SANS_6 SANS_9 SANS_12 SANS_18 SANS_24 I S Q
       CUB C_I C_S C_Q C_CUB CPROB1 CPROB2 CPROB3 N CDS_24;
   MISSING=.;
   USEVAR = CDS_24 N;
  NOMINAL = N;
  CLASSES = c(3);
  ANALYSIS:
  TYPE = MIXTURE;
  STARTS = 0;
  PROCESSORS = 8;
  MODEL:
  %OVERALL%
  %C#1%
  [N#1@3.075];
  [N#2@1.083];
  [CDS_24](M1); CDS_24;
  %C#2%
  [N#1@1.199];
  [N#2@2.945];
  [CDS_24](M2); CDS_24;
  %C#3%
  [N#1@-1.281];
  [N#2@-1.148];
  [CDS_24](M3); CDS_24;
  MODEL CONSTRAINT:
  New (diff12 diff13);
  diff12  = M1 - M2;
  diff13  = M1 - M3;
  MODEL TEST:
  M1 = M2;
  M1 = M3;
  OUTPUT:
  SAMPSTAT;
  STANDARDIZED;
  CINTERVAL;



*** WARNING in MODEL command
  All variables are uncorrelated with all other variables within class.
  Check that this is what is intended.
   1 WARNING(S) FOUND IN THE INPUT INSTRUCTIONS




D3STEP_CDS_24 -  FINAL_311;

SUMMARY OF ANALYSIS

Number of groups                                                 1
Number of observations                                         405

Number of dependent variables                                    2
Number of independent variables                                  0
Number of continuous latent variables                            0
Number of categorical latent variables                           1

Observed dependent variables

  Continuous
   CDS_24

  Unordered categorical (nominal)
   N

Categorical latent variables
   C


Estimator                                                      MLR
Information matrix                                        OBSERVED
Optimization Specifications for the Quasi-Newton Algorithm for
Continuous Outcomes
  Maximum number of iterations                                 100
  Convergence criterion                                  0.100D-05
Optimization Specifications for the EM Algorithm
  Maximum number of iterations                                 500
  Convergence criteria
    Loglikelihood change                                 0.100D-06
    Relative loglikelihood change                        0.100D-06
    Derivative                                           0.100D-05
Optimization Specifications for the M step of the EM Algorithm for
Categorical Latent variables
  Number of M step iterations                                    1
  M step convergence criterion                           0.100D-05
  Basis for M step termination                           ITERATION
Optimization Specifications for the M step of the EM Algorithm for
Censored, Binary or Ordered Categorical (Ordinal), Unordered
Categorical (Nominal) and Count Outcomes
  Number of M step iterations                                    1
  M step convergence criterion                           0.100D-05
  Basis for M step termination                           ITERATION
  Maximum value for logit thresholds                            15
  Minimum value for logit thresholds                           -15
  Minimum expected cell size for chi-square              0.100D-01
Maximum number of iterations for H1                           2000
Convergence criterion for H1                             0.100D-03
Optimization algorithm                                         EMA

Input data file(s)
  /Users/olivierpercie/Desktop/MplusLGM/SANS/Results/D3STEP/CDS_24_D3STEP.dat
Input data format  FREE


SUMMARY OF DATA

     Number of missing data patterns             2
     Number of y missing data patterns           2
     Number of u missing data patterns           0


COVARIANCE COVERAGE OF DATA

Minimum covariance coverage value   0.100


     PROPORTION OF DATA PRESENT FOR Y


           Covariance Coverage
              CDS_24
              ________
 CDS_24         0.694


UNIVARIATE PROPORTIONS AND COUNTS FOR CATEGORICAL VARIABLES

    N
      Category 1    0.437          177.000
      Category 2    0.402          163.000
      Category 3    0.160           65.000


SAMPLE STATISTICS


UNIVARIATE SAMPLE STATISTICS


     UNIVARIATE HIGHER-ORDER MOMENT DESCRIPTIVE STATISTICS

         Variable/         Mean/     Skewness/   Minimum/ % with                Percentiles
        Sample Size      Variance    Kurtosis    Maximum  Min/Max      20%/60%    40%/80%    Median

     CDS_24                1.192       2.919       0.000   62.99%       0.000      0.000      0.000
             281.000       5.508      10.708      17.000    0.36%       0.000      2.000

     THE ESTIMATED COVARIANCE MATRIX FOR THE Y VARIABLES IN CLASS 1 COULD NOT
     BE INVERTED.  PROBLEM INVOLVING VARIABLE CDS_24.  COMPUTATION COULD
     NOT BE COMPLETED IN ITERATION 7.  CHANGE YOUR MODEL AND/OR STARTING
     VALUES.  THIS MAY BE DUE TO A ZERO ESTIMATED VARIANCE, THAT IS, NO WITHIN-CLASS
     VARIATION FOR THE VARIABLE.


     THE MODEL ESTIMATION DID NOT TERMINATE NORMALLY DUE TO AN ERROR IN THE
     COMPUTATION.  CHANGE YOUR MODEL AND/OR STARTING VALUES.






MODEL RESULTS

                    Estimate

Latent Class 1

 Means
    CDS_24             0.000

 Means
    N#1                3.075
    N#2                1.083

 Variances
    CDS_24             0.000

Latent Class 2

 Means
    CDS_24            -1.067

 Means
    N#1                1.199
    N#2                2.945

 Variances
    CDS_24             2.284

Latent Class 3

 Means
    CDS_24            -0.027

 Means
    N#1               -1.281
    N#2               -1.148

 Variances
    CDS_24            89.261

Categorical Latent Variables

 Means
    C#1                0.818
    C#2                0.093

New/Additional Parameters
    DIFF12             1.067
    DIFF13             0.027


MODEL COMMAND WITH FINAL ESTIMATES USED AS STARTING VALUES

     %OVERALL%

     [ c#1*0.81814 ];
     [ c#2*0.09324 ];

     %C#1%

     [ cds_24*0.00001 ] (m1);
     [ n#1@3.07500 ];
     [ n#2@1.08300 ];

     cds_24*0.00000;

     %C#2%

     [ cds_24*-1.06672 ] (m2);
     [ n#1@1.19900 ];
     [ n#2@2.94500 ];

     cds_24*2.28412;

     %C#3%

     [ cds_24*-0.02712 ] (m3);
     [ n#1@-1.28100 ];
     [ n#2@-1.14800 ];

     cds_24*89.26080;

     ! NEW statements in MODEL CONSTRAINT
     NEW(diff12*1.06673);
     NEW(diff13*0.02713);




     Beginning Time:  11:25:47
        Ending Time:  11:25:47
       Elapsed Time:  00:00:00



MUTHEN & MUTHEN
3463 Stoner Ave.
Los Angeles, CA  90066

Tel: (310) 391-9971
Fax: (310) 391-8971
Web: www.StatModel.com
Support: Support@StatModel.com

Copyright (c) 1998-2021 Muthen & Muthen
