Mplus VERSION 8.6 (Mac)
MUTHEN & MUTHEN
01/16/2023   5:07 PM

INPUT INSTRUCTIONS

  TITLE:
  D3STEP_SANS_24;
  DATA:
  FILE = "/Users/olivierpercie/Desktop/MplusLGM/SANS/Results/D3STEP/D3STEP_SANS_24.dat";

  VARIABLE:
  NAMES = PIN I S Q CUB C_I C_S C_Q C_CUB CPROB1 CPROB2 CPROB3 N SANS_24;
   MISSING=.;
   USEVAR = SANS_24 N;
  NOMINAL = N;
  CLASSES = c(3);
  ANALYSIS:

    TYPE = MIXTURE;
    STARTS = 0;
    PROCESSORS = 8;

  MODEL:
  %OVERALL%
  SANS_24;

  %C#1%
  [N#1@3.075];
  [N#2@1.083];
  [SANS_24](M1); SANS_24;

  %C#2%
  [N#1@1.199];
  [N#2@2.945];
  [SANS_24](M2); SANS_24;

  %C#3%
  [N#1@-1.281];
  [N#2@-1.148];
  [SANS_24](M3); SANS_24;
  MODEL CONSTRAINT:
  New (diff12 diff13 diff23);
  diff12 = M1 - M2;
  diff13 = M1 - M3;
  diff23 = M2 - M3;
  MODEL TEST:
  M1 = M2; M1 = M3; M2 = M3;



*** WARNING in MODEL command
  All variables are uncorrelated with all other variables within class.
  Check that this is what is intended.
   1 WARNING(S) FOUND IN THE INPUT INSTRUCTIONS




D3STEP_SANS_24;

SUMMARY OF ANALYSIS

Number of groups                                                 1
Number of observations                                         405

Number of dependent variables                                    2
Number of independent variables                                  0
Number of continuous latent variables                            0
Number of categorical latent variables                           1

Observed dependent variables

  Continuous
   SANS_24

  Unordered categorical (nominal)
   N

Categorical latent variables
   C


Estimator                                                      MLR
Information matrix                                        OBSERVED
Optimization Specifications for the Quasi-Newton Algorithm for
Continuous Outcomes
  Maximum number of iterations                                 100
  Convergence criterion                                  0.100D-05
Optimization Specifications for the EM Algorithm
  Maximum number of iterations                                 500
  Convergence criteria
    Loglikelihood change                                 0.100D-06
    Relative loglikelihood change                        0.100D-06
    Derivative                                           0.100D-05
Optimization Specifications for the M step of the EM Algorithm for
Categorical Latent variables
  Number of M step iterations                                    1
  M step convergence criterion                           0.100D-05
  Basis for M step termination                           ITERATION
Optimization Specifications for the M step of the EM Algorithm for
Censored, Binary or Ordered Categorical (Ordinal), Unordered
Categorical (Nominal) and Count Outcomes
  Number of M step iterations                                    1
  M step convergence criterion                           0.100D-05
  Basis for M step termination                           ITERATION
  Maximum value for logit thresholds                            15
  Minimum value for logit thresholds                           -15
  Minimum expected cell size for chi-square              0.100D-01
Maximum number of iterations for H1                           2000
Convergence criterion for H1                             0.100D-03
Optimization algorithm                                         EMA

Input data file(s)
  /Users/olivierpercie/Desktop/MplusLGM/SANS/Results/D3STEP/D3STEP_SANS_24.dat
Input data format  FREE


SUMMARY OF DATA

     Number of missing data patterns             2
     Number of y missing data patterns           2
     Number of u missing data patterns           0


COVARIANCE COVERAGE OF DATA

Minimum covariance coverage value   0.100


     PROPORTION OF DATA PRESENT FOR Y


           Covariance Coverage
              SANS_24
              ________
 SANS_24        0.793


UNIVARIATE PROPORTIONS AND COUNTS FOR CATEGORICAL VARIABLES

    N
      Category 1    0.437          177.000
      Category 2    0.402          163.000
      Category 3    0.160           65.000



UNIVARIATE SAMPLE STATISTICS


     UNIVARIATE HIGHER-ORDER MOMENT DESCRIPTIVE STATISTICS

         Variable/         Mean/     Skewness/   Minimum/ % with                Percentiles
        Sample Size      Variance    Kurtosis    Maximum  Min/Max      20%/60%    40%/80%    Median

     SANS_24               5.866       0.677       0.000   10.90%       2.000      4.000      5.000
             321.000      18.745      -0.108      20.000    0.31%       6.000     10.000


THE MODEL ESTIMATION TERMINATED NORMALLY

     WALD'S TEST COULD NOT BE COMPUTED BECAUSE OF A SINGULAR COVARIANCE MATRIX.




MODEL FIT INFORMATION

Number of Free Parameters                        8

Loglikelihood

          H0 Value                       -1314.835
          H0 Scaling Correction Factor      1.0695
            for MLR

Information Criteria

          Akaike (AIC)                    2645.669
          Bayesian (BIC)                  2677.700
          Sample-Size Adjusted BIC        2652.315
            (n* = (n + 2) / 24)



FINAL CLASS COUNTS AND PROPORTIONS FOR THE LATENT CLASSES
BASED ON THE ESTIMATED MODEL

    Latent
   Classes

       1        160.29958          0.39580
       2        160.44747          0.39617
       3         84.25295          0.20803


FINAL CLASS COUNTS AND PROPORTIONS FOR THE LATENT CLASSES
BASED ON ESTIMATED POSTERIOR PROBABILITIES

    Latent
   Classes

       1        160.29958          0.39580
       2        160.44747          0.39617
       3         84.25295          0.20803


FINAL CLASS COUNTS AND PROPORTIONS FOR THE LATENT CLASSES
BASED ON THEIR MOST LIKELY LATENT CLASS MEMBERSHIP

Class Counts and Proportions

    Latent
   Classes

       1              158          0.39012
       2              183          0.45185
       3               64          0.15802


CLASSIFICATION QUALITY

     Entropy                         0.457


Average Latent Class Probabilities for Most Likely Latent Class Membership (Row)
by Latent Class (Column)

           1        2        3

    1   0.828    0.093    0.080
    2   0.126    0.763    0.110
    3   0.100    0.096    0.804


Classification Probabilities for the Most Likely Latent Class Membership (Column)
by Latent Class (Row)

           1        2        3

    1   0.816    0.144    0.040
    2   0.091    0.870    0.038
    3   0.150    0.240    0.611


Logits for the Classification Probabilities for the Most Likely Latent Class Membership (Column)
by Latent Class (Row)

              1        2        3

    1      3.016    1.285    0.000
    2      0.867    3.121    0.000
    3     -1.407   -0.934    0.000


MODEL RESULTS

                                                    Two-Tailed
                    Estimate       S.E.  Est./S.E.    P-Value

Latent Class 1

 Means
    SANS_24            3.625      0.582      6.232      0.000

 Means
    N#1                3.075      0.000    999.000    999.000
    N#2                1.083      0.000    999.000    999.000

 Variances
    SANS_24            6.870      2.224      3.090      0.002

Latent Class 2

 Means
    SANS_24            8.186      0.558     14.667      0.000

 Means
    N#1                1.199      0.000    999.000    999.000
    N#2                2.945      0.000    999.000    999.000

 Variances
    SANS_24           23.521      2.438      9.646      0.000

Latent Class 3

 Means
    SANS_24            5.678      1.077      5.273      0.000

 Means
    N#1               -1.281      0.000    999.000    999.000
    N#2               -1.148      0.000    999.000    999.000

 Variances
    SANS_24           11.580      3.715      3.117      0.002

Categorical Latent Variables

 Means
    C#1                0.643      0.220      2.925      0.003
    C#2                0.644      0.215      2.993      0.003

New/Additional Parameters
    DIFF12            -4.561      0.831     -5.486      0.000
    DIFF13            -2.052      1.441     -1.425      0.154
    DIFF23             2.509      1.356      1.850      0.064


QUALITY OF NUMERICAL RESULTS

     Condition Number for the Information Matrix              0.950E-02
       (ratio of smallest to largest eigenvalue)


     Beginning Time:  17:07:02
        Ending Time:  17:07:02
       Elapsed Time:  00:00:00



MUTHEN & MUTHEN
3463 Stoner Ave.
Los Angeles, CA  90066

Tel: (310) 391-9971
Fax: (310) 391-8971
Web: www.StatModel.com
Support: Support@StatModel.com

Copyright (c) 1998-2021 Muthen & Muthen
