Mplus VERSION 8.6 (Mac)
MUTHEN & MUTHEN
10/09/2023   5:51 PM

INPUT INSTRUCTIONS

  TITLE:
  D3STEP_NSR - GMM_CI_isq@0cub@0_C_332_331;
  DATA:
  FILE = "/Users/olivierpercie/Desktop/LGM/SANS/Results/D3STEP/NSR_D3STEP.dat";

  VARIABLE:
  NAMES = PIN SANS_0 SANS_1 SANS_2 SANS_3 SANS_6 SANS_9 SANS_12 SANS_18 SANS_24 I S Q
       CUB C_I C_S C_Q C_CUB CPROB1 CPROB2 CPROB3 N NSR;
   MISSING=.;
   USEVAR = NSR N;
  NOMINAL = N;
  CATEGORICAL = NSR;
  CLASSES = c(3);
  ANALYSIS:
  TYPE = MIXTURE;
  ALGORITHM = INTEGRATION;
  STARTS = 0;
  PROCESSORS = 8;
  MODEL:
  %OVERALL%
  %C#1%
  [N#1@0.806];
  [N#2@-0.173];
  [NSR$1](M1);
  %C#2%
  [N#1@-1.455];
  [N#2@1.406];
  [NSR$1](M2);
  %C#3%
  [N#1@-2.938];
  [N#2@-1.577];
  [NSR$1](M3);
  MODEL CONSTRAINT:
  New (diff12 diff13 diff21 diff23 diff31 diff32);
  diff12 = M1 - M2;
  diff13 = M1 - M3;
  diff21 = M2 - M1;
  diff23 = M2 - M3;
  diff31 = M3 - M1;
  diff32 = M3 - M2;
  MODEL TEST:
  M1 = M2;
  M2 = M3;
  OUTPUT:
  SAMPSTAT;
  STANDARDIZED;
  CINTERVAL;
  TECH7;
  TECH12;



*** WARNING in MODEL command
  All variables are uncorrelated with all other variables within class.
  Check that this is what is intended.
*** WARNING in OUTPUT command
  SAMPSTAT option is not available when all outcomes are censored, ordered
  categorical, unordered categorical (nominal), count or continuous-time
  survival variables.  Request for SAMPSTAT is ignored.
*** WARNING in OUTPUT command
  TECH12 option is not available when there are no continuous dependent variables
  in the analysis.  Request for TECH12 is ignored.
*** WARNING
  Data set contains cases with missing on all variables.
  These cases were not included in the analysis.
  Number of cases with missing on all variables:  10
   4 WARNING(S) FOUND IN THE INPUT INSTRUCTIONS




D3STEP_NSR - GMM_CI_isq@0cub@0_C_332_331;

SUMMARY OF ANALYSIS

Number of groups                                                 1
Number of observations                                         679

Number of dependent variables                                    2
Number of independent variables                                  0
Number of continuous latent variables                            0
Number of categorical latent variables                           1

Observed dependent variables

  Binary and ordered categorical (ordinal)
   NSR

  Unordered categorical (nominal)
   N

Categorical latent variables
   C


Estimator                                                      MLR
Information matrix                                        OBSERVED
Optimization Specifications for the Quasi-Newton Algorithm for
Continuous Outcomes
  Maximum number of iterations                                 100
  Convergence criterion                                  0.100D-05
Optimization Specifications for the EM Algorithm
  Maximum number of iterations                                 500
  Convergence criteria
    Loglikelihood change                                 0.100D-02
    Relative loglikelihood change                        0.100D-05
    Derivative                                           0.100D-02
Optimization Specifications for the M step of the EM Algorithm for
Categorical Latent variables
  Number of M step iterations                                    1
  M step convergence criterion                           0.100D-02
  Basis for M step termination                           ITERATION
Optimization Specifications for the M step of the EM Algorithm for
Censored, Binary or Ordered Categorical (Ordinal), Unordered
Categorical (Nominal) and Count Outcomes
  Number of M step iterations                                    1
  M step convergence criterion                           0.100D-02
  Basis for M step termination                           ITERATION
  Maximum value for logit thresholds                            15
  Minimum value for logit thresholds                           -15
  Minimum expected cell size for chi-square              0.100D-01
Maximum number of iterations for H1                           2000
Convergence criterion for H1                             0.100D-03
Optimization algorithm                                         EMA
Integration Specifications
  Type                                                    STANDARD
  Number of integration points                                  15
  Dimensions of numerical integration                            0
  Adaptive quadrature                                           ON
Link                                                         LOGIT
Cholesky                                                       OFF

Input data file(s)
  /Users/olivierpercie/Desktop/LGM/SANS/Results/D3STEP/NSR_D3STEP.dat
Input data format  FREE


SUMMARY OF DATA

     Number of missing data patterns             2
     Number of y missing data patterns           0
     Number of u missing data patterns           2


COVARIANCE COVERAGE OF DATA

Minimum covariance coverage value   0.100


     PROPORTION OF DATA PRESENT FOR U


           Covariance Coverage
              NSR
              ________
 NSR            0.607


UNIVARIATE PROPORTIONS AND COUNTS FOR CATEGORICAL VARIABLES

    NSR
      Category 1    0.694          286.000
      Category 2    0.306          126.000
    N
      Category 1    0.153          104.000
      Category 2    0.408          277.000
      Category 3    0.439          298.000



THE MODEL ESTIMATION TERMINATED NORMALLY



MODEL FIT INFORMATION

Number of Free Parameters                        5

Loglikelihood

          H0 Value                        -932.065
          H0 Scaling Correction Factor      0.9967
            for MLR

Information Criteria

          Akaike (AIC)                    1874.129
          Bayesian (BIC)                  1896.732
          Sample-Size Adjusted BIC        1880.857
            (n* = (n + 2) / 24)

Chi-Square Test of Model Fit for the Binary and Ordered Categorical
(Ordinal) Outcomes

          Pearson Chi-Square

          Value                              0.004
          Degrees of freedom cannot be computed for this model part.

          Likelihood Ratio Chi-Square

          Value                              0.004
          Degrees of freedom cannot be computed for this model part.

Chi-Square Test for MCAR under the Unrestricted Latent Class Indicator Model

          Pearson Chi-Square

          Value                              0.000
          Degrees of Freedom                     0
          P-Value                           1.0000

          Likelihood Ratio Chi-Square

          Value                              0.000
          Degrees of Freedom                     0
          P-Value                           1.0000

Wald Test of Parameter Constraints

          Value                             16.761
          Degrees of Freedom                     2
          P-Value                           0.0002



FINAL CLASS COUNTS AND PROPORTIONS FOR THE LATENT CLASSES
BASED ON THE ESTIMATED MODEL

    Latent
   Classes

       1        148.14408          0.21818
       2        263.96219          0.38875
       3        266.89372          0.39307


FINAL CLASS COUNTS AND PROPORTIONS FOR THE LATENT CLASSES
BASED ON ESTIMATED POSTERIOR PROBABILITIES

    Latent
   Classes

       1        148.14407          0.21818
       2        263.96221          0.38875
       3        266.89372          0.39307


FINAL CLASS COUNTS AND PROPORTIONS FOR THE LATENT CLASSES
BASED ON THEIR MOST LIKELY LATENT CLASS MEMBERSHIP

Class Counts and Proportions

    Latent
   Classes

       1              104          0.15317
       2              277          0.40795
       3              298          0.43888


CLASSIFICATION QUALITY

     Entropy                         0.330


Average Latent Class Probabilities for Most Likely Latent Class Membership (Row)
by Latent Class (Column)

           1        2        3

    1   0.781    0.111    0.108
    2   0.110    0.732    0.158
    3   0.122    0.167    0.711


Classification Probabilities for the Most Likely Latent Class Membership (Column)
by Latent Class (Row)

           1        2        3

    1   0.548    0.206    0.245
    2   0.044    0.768    0.188
    3   0.042    0.164    0.794


Logits for the Classification Probabilities for the Most Likely Latent Class Membership (Column)
by Latent Class (Row)

              1        2        3

    1      0.805   -0.173    0.000
    2     -1.460    1.405    0.000
    3     -2.940   -1.578    0.000


MODEL RESULTS

                                                    Two-Tailed
                    Estimate       S.E.  Est./S.E.    P-Value

Latent Class 1

 Means
    N#1                0.806      0.000    999.000    999.000
    N#2               -0.173      0.000    999.000    999.000

 Thresholds
    NSR$1              2.058      0.612      3.363      0.001

Latent Class 2

 Means
    N#1               -1.455      0.000    999.000    999.000
    N#2                1.406      0.000    999.000    999.000

 Thresholds
    NSR$1             -0.096      0.234     -0.409      0.682

Latent Class 3

 Means
    N#1               -2.938      0.000    999.000    999.000
    N#2               -1.577      0.000    999.000    999.000

 Thresholds
    NSR$1              1.382      0.317      4.363      0.000

Categorical Latent Variables

 Means
    C#1               -0.589      0.178     -3.314      0.001
    C#2               -0.011      0.149     -0.074      0.941

New/Additional Parameters
    DIFF12             2.154      0.695      3.099      0.002
    DIFF13             0.676      0.748      0.904      0.366
    DIFF21            -2.154      0.695     -3.099      0.002
    DIFF23            -1.477      0.454     -3.253      0.001
    DIFF31            -0.676      0.748     -0.904      0.366
    DIFF32             1.477      0.454      3.253      0.001


QUALITY OF NUMERICAL RESULTS

     Condition Number for the Information Matrix              0.124E-01
       (ratio of smallest to largest eigenvalue)


RESULTS IN PROBABILITY SCALE

                                                    Two-Tailed
                    Estimate       S.E.  Est./S.E.    P-Value

Latent Class 1

 NSR
    Category 1         0.887      0.061     14.430      0.000
    Category 2         0.113      0.061      1.843      0.065

Latent Class 2

 NSR
    Category 1         0.476      0.058      8.153      0.000
    Category 2         0.524      0.058      8.973      0.000

Latent Class 3

 NSR
    Category 1         0.799      0.051     15.730      0.000
    Category 2         0.201      0.051      3.951      0.000


LATENT CLASS INDICATOR ODDS RATIOS FOR THE LATENT CLASSES

                                                95% C.I.
                    Estimate       S.E.  Lower 2.5% Upper 2.5%

Latent Class 1 Compared to Latent Class 2

 NSR
    Category > 1       0.116      0.081      0.030      0.453

Latent Class 1 Compared to Latent Class 3

 NSR
    Category > 1       0.509      0.381      0.117      2.204

Latent Class 2 Compared to Latent Class 3

 NSR
    Category > 1       4.382      1.990      1.799     10.672


STANDARDIZED MODEL RESULTS


STDYX Standardization

                                                    Two-Tailed
                    Estimate       S.E.  Est./S.E.    P-Value

Latent Class 1

 Means
    N#1                0.806      0.000    999.000    999.000
    N#2               -0.173      0.000    999.000    999.000

 Thresholds
    NSR$1              1.135      0.337      3.363      0.001

Latent Class 2

 Means
    N#1               -1.455      0.000    999.000    999.000
    N#2                1.406      0.000    999.000    999.000

 Thresholds
    NSR$1             -0.053      0.129     -0.409      0.682

Latent Class 3

 Means
    N#1               -2.938      0.000    999.000    999.000
    N#2               -1.577      0.000    999.000    999.000

 Thresholds
    NSR$1              0.762      0.175      4.363      0.000


STDY Standardization

                                                    Two-Tailed
                    Estimate       S.E.  Est./S.E.    P-Value

Latent Class 1

 Means
    N#1                0.806      0.000    999.000    999.000
    N#2               -0.173      0.000    999.000    999.000

 Thresholds
    NSR$1              1.135      0.337      3.363      0.001

Latent Class 2

 Means
    N#1               -1.455      0.000    999.000    999.000
    N#2                1.406      0.000    999.000    999.000

 Thresholds
    NSR$1             -0.053      0.129     -0.409      0.682

Latent Class 3

 Means
    N#1               -2.938      0.000    999.000    999.000
    N#2               -1.577      0.000    999.000    999.000

 Thresholds
    NSR$1              0.762      0.175      4.363      0.000


STD Standardization

                                                    Two-Tailed
                    Estimate       S.E.  Est./S.E.    P-Value

Latent Class 1

 Means
    N#1                0.806      0.000    999.000    999.000
    N#2               -0.173      0.000    999.000    999.000

 Thresholds
    NSR$1              2.058      0.612      3.363      0.001

Latent Class 2

 Means
    N#1               -1.455      0.000    999.000    999.000
    N#2                1.406      0.000    999.000    999.000

 Thresholds
    NSR$1             -0.096      0.234     -0.409      0.682

Latent Class 3

 Means
    N#1               -2.938      0.000    999.000    999.000
    N#2               -1.577      0.000    999.000    999.000

 Thresholds
    NSR$1              1.382      0.317      4.363      0.000


CONFIDENCE INTERVALS OF MODEL RESULTS

                  Lower .5%  Lower 2.5%    Lower 5%    Estimate    Upper 5%  Upper 2.5%   Upper .5%

Latent Class 1

 Means
    N#1              0.806       0.806       0.806       0.806       0.806       0.806       0.806
    N#2             -0.173      -0.173      -0.173      -0.173      -0.173      -0.173      -0.173

 Thresholds
    NSR$1            0.482       0.859       1.051       2.058       3.064       3.257       3.634

Latent Class 2

 Means
    N#1             -1.455      -1.455      -1.455      -1.455      -1.455      -1.455      -1.455
    N#2              1.406       1.406       1.406       1.406       1.406       1.406       1.406

 Thresholds
    NSR$1           -0.699      -0.555      -0.481      -0.096       0.289       0.363       0.507

Latent Class 3

 Means
    N#1             -2.938      -2.938      -2.938      -2.938      -2.938      -2.938      -2.938
    N#2             -1.577      -1.577      -1.577      -1.577      -1.577      -1.577      -1.577

 Thresholds
    NSR$1            0.566       0.761       0.861       1.382       1.903       2.002       2.197

Categorical Latent Variables

 Means
    C#1             -1.046      -0.937      -0.881      -0.589      -0.296      -0.241      -0.131
    C#2             -0.396      -0.304      -0.257      -0.011       0.235       0.282       0.374

New/Additional Parameters
    DIFF12           0.364       0.792       1.010       2.154       3.297       3.516       3.944
    DIFF13          -1.251      -0.790      -0.555       0.676       1.907       2.143       2.603
    DIFF21          -3.944      -3.516      -3.297      -2.154      -1.010      -0.792      -0.364
    DIFF23          -2.647      -2.368      -2.225      -1.477      -0.730      -0.587      -0.308
    DIFF31          -2.603      -2.143      -1.907      -0.676       0.555       0.790       1.251
    DIFF32           0.308       0.587       0.730       1.477       2.225       2.368       2.647


CONFIDENCE INTERVALS IN PROBABILITY SCALE

Latent Class 1

 NSR
    Category 1       0.728       0.766       0.786       0.887       0.988       1.007       1.045
    Category 2      -0.045      -0.007       0.012       0.113       0.214       0.234       0.272

Latent Class 2

 NSR
    Category 1       0.326       0.362       0.380       0.476       0.572       0.591       0.626
    Category 2       0.374       0.409       0.428       0.524       0.620       0.638       0.674

Latent Class 3

 NSR
    Category 1       0.668       0.700       0.716       0.799       0.883       0.899       0.930
    Category 2       0.070       0.101       0.117       0.201       0.284       0.300       0.332


CONFIDENCE INTERVALS FOR THE LATENT CLASS ODDS RATIO RESULTS

Latent Class 1 Compared to Latent Class 2

 NSR
    Category > 1     0.019       0.030       0.037       0.116       0.364       0.453       0.695

Latent Class 1 Compared to Latent Class 3

 NSR
    Category > 1     0.074       0.117       0.149       0.509       1.741       2.204       3.494

Latent Class 2 Compared to Latent Class 3

 NSR
    Category > 1     1.360       1.799       2.076       4.382       9.249      10.672      14.115


CONFIDENCE INTERVALS OF STANDARDIZED MODEL RESULTS


STDYX Standardization

                  Lower .5%  Lower 2.5%    Lower 5%    Estimate    Upper 5%  Upper 2.5%   Upper .5%

Latent Class 1

 Means
    N#1              0.806       0.806       0.806       0.806       0.806       0.806       0.806
    N#2             -0.173      -0.173      -0.173      -0.173      -0.173      -0.173      -0.173

 Thresholds
    NSR$1            0.266       0.473       0.580       1.135       1.689       1.796       2.003

Latent Class 2

 Means
    N#1             -1.455      -1.455      -1.455      -1.455      -1.455      -1.455      -1.455
    N#2              1.406       1.406       1.406       1.406       1.406       1.406       1.406

 Thresholds
    NSR$1           -0.385      -0.306      -0.265      -0.053       0.159       0.200       0.280

Latent Class 3

 Means
    N#1             -2.938      -2.938      -2.938      -2.938      -2.938      -2.938      -2.938
    N#2             -1.577      -1.577      -1.577      -1.577      -1.577      -1.577      -1.577

 Thresholds
    NSR$1            0.312       0.420       0.475       0.762       1.049       1.104       1.212


STDY Standardization

                  Lower .5%  Lower 2.5%    Lower 5%    Estimate    Upper 5%  Upper 2.5%   Upper .5%

Latent Class 1

 Means
    N#1              0.806       0.806       0.806       0.806       0.806       0.806       0.806
    N#2             -0.173      -0.173      -0.173      -0.173      -0.173      -0.173      -0.173

 Thresholds
    NSR$1            0.266       0.473       0.580       1.135       1.689       1.796       2.003

Latent Class 2

 Means
    N#1             -1.455      -1.455      -1.455      -1.455      -1.455      -1.455      -1.455
    N#2              1.406       1.406       1.406       1.406       1.406       1.406       1.406

 Thresholds
    NSR$1           -0.385      -0.306      -0.265      -0.053       0.159       0.200       0.280

Latent Class 3

 Means
    N#1             -2.938      -2.938      -2.938      -2.938      -2.938      -2.938      -2.938
    N#2             -1.577      -1.577      -1.577      -1.577      -1.577      -1.577      -1.577

 Thresholds
    NSR$1            0.312       0.420       0.475       0.762       1.049       1.104       1.212


STD Standardization

                  Lower .5%  Lower 2.5%    Lower 5%    Estimate    Upper 5%  Upper 2.5%   Upper .5%

Latent Class 1

 Means
    N#1              0.806       0.806       0.806       0.806       0.806       0.806       0.806
    N#2             -0.173      -0.173      -0.173      -0.173      -0.173      -0.173      -0.173

 Thresholds
    NSR$1            0.482       0.859       1.051       2.058       3.064       3.257       3.634

Latent Class 2

 Means
    N#1             -1.455      -1.455      -1.455      -1.455      -1.455      -1.455      -1.455
    N#2              1.406       1.406       1.406       1.406       1.406       1.406       1.406

 Thresholds
    NSR$1           -0.699      -0.555      -0.481      -0.096       0.289       0.363       0.507

Latent Class 3

 Means
    N#1             -2.938      -2.938      -2.938      -2.938      -2.938      -2.938      -2.938
    N#2             -1.577      -1.577      -1.577      -1.577      -1.577      -1.577      -1.577

 Thresholds
    NSR$1            0.566       0.761       0.861       1.382       1.903       2.002       2.197


TECHNICAL 7 OUTPUT


     UNIVARIATE SAMPLE DISTRIBUTIONS FOR CLASS 1

     Variable
     N
       Category 1        0.548
       Category 2        0.206
       Category 3        0.245
     NSR
       Category 1        0.887
       Category 2        0.113


     UNIVARIATE SAMPLE DISTRIBUTIONS FOR CLASS 2

     Variable
     N
       Category 1        0.044
       Category 2        0.768
       Category 3        0.188
     NSR
       Category 1        0.476
       Category 2        0.524


     UNIVARIATE SAMPLE DISTRIBUTIONS FOR CLASS 3

     Variable
     N
       Category 1        0.042
       Category 2        0.164
       Category 3        0.794
     NSR
       Category 1        0.799
       Category 2        0.201


     Beginning Time:  17:51:35
        Ending Time:  17:51:35
       Elapsed Time:  00:00:00



MUTHEN & MUTHEN
3463 Stoner Ave.
Los Angeles, CA  90066

Tel: (310) 391-9971
Fax: (310) 391-8971
Web: www.StatModel.com
Support: Support@StatModel.com

Copyright (c) 1998-2021 Muthen & Muthen
