Mplus VERSION 8.6 (Mac)
MUTHEN & MUTHEN
12/14/2023   5:27 PM

INPUT INSTRUCTIONS

  TITLE:
  D3STEP_PSR - GMM_CI_isq@0cub@0_C_332_331;
  DATA:
  FILE = "/Users/olivierpercie/Desktop/LGM/SANS/Results/D3STEP/PSR_D3STEP.dat";

  VARIABLE:
  NAMES = PIN SANS_0 SANS_1 SANS_2 SANS_3 SANS_6 SANS_9 SANS_12 SANS_18 SANS_24 I S Q
       CUB C_I C_S C_Q C_CUB CPROB1 CPROB2 CPROB3 N PSR;
   MISSING=.;
   USEVAR = PSR N;
  NOMINAL = N;
  CATEGORICAL = PSR;
  CLASSES = c(3);
  ANALYSIS:
  TYPE = MIXTURE;
  ALGORITHM = INTEGRATION;
  STARTS = 0;
  PROCESSORS = 8;
  MODEL:
  %OVERALL%
  %C#1%
  [N#1@0.806];
  [N#2@-0.173];
  [PSR$1](M1);
  %C#2%
  [N#1@-1.455];
  [N#2@1.406];
  [PSR$1](M2);
  %C#3%
  [N#1@-2.938];
  [N#2@-1.577];
  [PSR$1](M3);
  MODEL CONSTRAINT:
  New (diff12 diff13 diff21 diff23 diff31 diff32);
  diff12 = M1 - M2;
  diff13 = M1 - M3;
  diff21 = M2 - M1;
  diff23 = M2 - M3;
  diff31 = M3 - M1;
  diff32 = M3 - M2;
  MODEL TEST:
  M1 = M2;
  M2 = M3;
  OUTPUT:
  SAMPSTAT;
  STANDARDIZED;
  CINTERVAL;
  TECH7;
  TECH12;



*** WARNING in MODEL command
  All variables are uncorrelated with all other variables within class.
  Check that this is what is intended.
*** WARNING in OUTPUT command
  SAMPSTAT option is not available when all outcomes are censored, ordered
  categorical, unordered categorical (nominal), count or continuous-time
  survival variables.  Request for SAMPSTAT is ignored.
*** WARNING in OUTPUT command
  TECH12 option is not available when there are no continuous dependent variables
  in the analysis.  Request for TECH12 is ignored.
*** WARNING
  Data set contains cases with missing on all variables.
  These cases were not included in the analysis.
  Number of cases with missing on all variables:  10
   4 WARNING(S) FOUND IN THE INPUT INSTRUCTIONS




D3STEP_PSR - GMM_CI_isq@0cub@0_C_332_331;

SUMMARY OF ANALYSIS

Number of groups                                                 1
Number of observations                                         679

Number of dependent variables                                    2
Number of independent variables                                  0
Number of continuous latent variables                            0
Number of categorical latent variables                           1

Observed dependent variables

  Binary and ordered categorical (ordinal)
   PSR

  Unordered categorical (nominal)
   N

Categorical latent variables
   C


Estimator                                                      MLR
Information matrix                                        OBSERVED
Optimization Specifications for the Quasi-Newton Algorithm for
Continuous Outcomes
  Maximum number of iterations                                 100
  Convergence criterion                                  0.100D-05
Optimization Specifications for the EM Algorithm
  Maximum number of iterations                                 500
  Convergence criteria
    Loglikelihood change                                 0.100D-02
    Relative loglikelihood change                        0.100D-05
    Derivative                                           0.100D-02
Optimization Specifications for the M step of the EM Algorithm for
Categorical Latent variables
  Number of M step iterations                                    1
  M step convergence criterion                           0.100D-02
  Basis for M step termination                           ITERATION
Optimization Specifications for the M step of the EM Algorithm for
Censored, Binary or Ordered Categorical (Ordinal), Unordered
Categorical (Nominal) and Count Outcomes
  Number of M step iterations                                    1
  M step convergence criterion                           0.100D-02
  Basis for M step termination                           ITERATION
  Maximum value for logit thresholds                            15
  Minimum value for logit thresholds                           -15
  Minimum expected cell size for chi-square              0.100D-01
Maximum number of iterations for H1                           2000
Convergence criterion for H1                             0.100D-03
Optimization algorithm                                         EMA
Integration Specifications
  Type                                                    STANDARD
  Number of integration points                                  15
  Dimensions of numerical integration                            0
  Adaptive quadrature                                           ON
Link                                                         LOGIT
Cholesky                                                       OFF

Input data file(s)
  /Users/olivierpercie/Desktop/LGM/SANS/Results/D3STEP/PSR_D3STEP.dat
Input data format  FREE


SUMMARY OF DATA

     Number of missing data patterns             2
     Number of y missing data patterns           0
     Number of u missing data patterns           2


COVARIANCE COVERAGE OF DATA

Minimum covariance coverage value   0.100


     PROPORTION OF DATA PRESENT FOR U


           Covariance Coverage
              PSR
              ________
 PSR            0.583


UNIVARIATE PROPORTIONS AND COUNTS FOR CATEGORICAL VARIABLES

    PSR
      Category 1    0.444          176.000
      Category 2    0.556          220.000
    N
      Category 1    0.153          104.000
      Category 2    0.408          277.000
      Category 3    0.439          298.000



THE MODEL ESTIMATION TERMINATED NORMALLY



MODEL FIT INFORMATION

Number of Free Parameters                        5

Loglikelihood

          H0 Value                        -955.324
          H0 Scaling Correction Factor      0.9996
            for MLR

Information Criteria

          Akaike (AIC)                    1920.647
          Bayesian (BIC)                  1943.250
          Sample-Size Adjusted BIC        1927.375
            (n* = (n + 2) / 24)

Chi-Square Test of Model Fit for the Binary and Ordered Categorical
(Ordinal) Outcomes

          Pearson Chi-Square

          Value                              0.000
          Degrees of freedom cannot be computed for this model part.

          Likelihood Ratio Chi-Square

          Value                              0.000
          Degrees of freedom cannot be computed for this model part.

Chi-Square Test for MCAR under the Unrestricted Latent Class Indicator Model

          Pearson Chi-Square

          Value                              0.000
          Degrees of Freedom                     0
          P-Value                           1.0000

          Likelihood Ratio Chi-Square

          Value                              0.000
          Degrees of Freedom                     0
          P-Value                           1.0000

Wald Test of Parameter Constraints

          Value                              9.651
          Degrees of Freedom                     2
          P-Value                           0.0080



FINAL CLASS COUNTS AND PROPORTIONS FOR THE LATENT CLASSES
BASED ON THE ESTIMATED MODEL

    Latent
   Classes

       1        148.18651          0.21824
       2        264.06047          0.38890
       3        266.75302          0.39286


FINAL CLASS COUNTS AND PROPORTIONS FOR THE LATENT CLASSES
BASED ON ESTIMATED POSTERIOR PROBABILITIES

    Latent
   Classes

       1        148.18647          0.21824
       2        264.06051          0.38890
       3        266.75302          0.39286


FINAL CLASS COUNTS AND PROPORTIONS FOR THE LATENT CLASSES
BASED ON THEIR MOST LIKELY LATENT CLASS MEMBERSHIP

Class Counts and Proportions

    Latent
   Classes

       1              104          0.15317
       2              277          0.40795
       3              298          0.43888


CLASSIFICATION QUALITY

     Entropy                         0.318


Average Latent Class Probabilities for Most Likely Latent Class Membership (Row)
by Latent Class (Column)

           1        2        3

    1   0.781    0.111    0.108
    2   0.110    0.732    0.158
    3   0.122    0.167    0.711


Classification Probabilities for the Most Likely Latent Class Membership (Column)
by Latent Class (Row)

           1        2        3

    1   0.548    0.206    0.246
    2   0.044    0.768    0.188
    3   0.042    0.164    0.794


Logits for the Classification Probabilities for the Most Likely Latent Class Membership (Column)
by Latent Class (Row)

              1        2        3

    1      0.803   -0.174    0.000
    2     -1.459    1.405    0.000
    3     -2.940   -1.578    0.000


MODEL RESULTS

                                                    Two-Tailed
                    Estimate       S.E.  Est./S.E.    P-Value

Latent Class 1

 Means
    N#1                0.806      0.000    999.000    999.000
    N#2               -0.173      0.000    999.000    999.000

 Thresholds
    PSR$1             -0.009      0.339     -0.025      0.980

Latent Class 2

 Means
    N#1               -1.455      0.000    999.000    999.000
    N#2                1.406      0.000    999.000    999.000

 Thresholds
    PSR$1             -0.990      0.290     -3.418      0.001

Latent Class 3

 Means
    N#1               -2.938      0.000    999.000    999.000
    N#2               -1.577      0.000    999.000    999.000

 Thresholds
    PSR$1              0.353      0.249      1.421      0.155

Categorical Latent Variables

 Means
    C#1               -0.588      0.178     -3.307      0.001
    C#2               -0.010      0.149     -0.068      0.946

New/Additional Parameters
    DIFF12             0.981      0.493      1.988      0.047
    DIFF13            -0.362      0.469     -0.772      0.440
    DIFF21            -0.981      0.493     -1.988      0.047
    DIFF23            -1.343      0.439     -3.060      0.002
    DIFF31             0.362      0.469      0.772      0.440
    DIFF32             1.343      0.439      3.060      0.002


QUALITY OF NUMERICAL RESULTS

     Condition Number for the Information Matrix              0.295E-03
       (ratio of smallest to largest eigenvalue)


RESULTS IN PROBABILITY SCALE

                                                    Two-Tailed
                    Estimate       S.E.  Est./S.E.    P-Value

Latent Class 1

 PSR
    Category 1         0.498      0.085      5.868      0.000
    Category 2         0.502      0.085      5.919      0.000

Latent Class 2

 PSR
    Category 1         0.271      0.057      4.737      0.000
    Category 2         0.729      0.057     12.744      0.000

Latent Class 3

 PSR
    Category 1         0.587      0.060      9.750      0.000
    Category 2         0.413      0.060      6.847      0.000


LATENT CLASS INDICATOR ODDS RATIOS FOR THE LATENT CLASSES

                                                95% C.I.
                    Estimate       S.E.  Lower 2.5% Upper 2.5%

Latent Class 1 Compared to Latent Class 2

 PSR
    Category > 1       0.375      0.185      0.143      0.986

Latent Class 1 Compared to Latent Class 3

 PSR
    Category > 1       1.436      0.674      0.573      3.602

Latent Class 2 Compared to Latent Class 3

 PSR
    Category > 1       3.830      1.681      1.621      9.053


STANDARDIZED MODEL RESULTS


STDYX Standardization

                                                    Two-Tailed
                    Estimate       S.E.  Est./S.E.    P-Value

Latent Class 1

 Means
    N#1                0.806      0.000    999.000    999.000
    N#2               -0.173      0.000    999.000    999.000

 Thresholds
    PSR$1             -0.005      0.187     -0.025      0.980

Latent Class 2

 Means
    N#1               -1.455      0.000    999.000    999.000
    N#2                1.406      0.000    999.000    999.000

 Thresholds
    PSR$1             -0.546      0.160     -3.418      0.001

Latent Class 3

 Means
    N#1               -2.938      0.000    999.000    999.000
    N#2               -1.577      0.000    999.000    999.000

 Thresholds
    PSR$1              0.195      0.137      1.421      0.155


STDY Standardization

                                                    Two-Tailed
                    Estimate       S.E.  Est./S.E.    P-Value

Latent Class 1

 Means
    N#1                0.806      0.000    999.000    999.000
    N#2               -0.173      0.000    999.000    999.000

 Thresholds
    PSR$1             -0.005      0.187     -0.025      0.980

Latent Class 2

 Means
    N#1               -1.455      0.000    999.000    999.000
    N#2                1.406      0.000    999.000    999.000

 Thresholds
    PSR$1             -0.546      0.160     -3.418      0.001

Latent Class 3

 Means
    N#1               -2.938      0.000    999.000    999.000
    N#2               -1.577      0.000    999.000    999.000

 Thresholds
    PSR$1              0.195      0.137      1.421      0.155


STD Standardization

                                                    Two-Tailed
                    Estimate       S.E.  Est./S.E.    P-Value

Latent Class 1

 Means
    N#1                0.806      0.000    999.000    999.000
    N#2               -0.173      0.000    999.000    999.000

 Thresholds
    PSR$1             -0.009      0.339     -0.025      0.980

Latent Class 2

 Means
    N#1               -1.455      0.000    999.000    999.000
    N#2                1.406      0.000    999.000    999.000

 Thresholds
    PSR$1             -0.990      0.290     -3.418      0.001

Latent Class 3

 Means
    N#1               -2.938      0.000    999.000    999.000
    N#2               -1.577      0.000    999.000    999.000

 Thresholds
    PSR$1              0.353      0.249      1.421      0.155


CONFIDENCE INTERVALS OF MODEL RESULTS

                  Lower .5%  Lower 2.5%    Lower 5%    Estimate    Upper 5%  Upper 2.5%   Upper .5%

Latent Class 1

 Means
    N#1              0.806       0.806       0.806       0.806       0.806       0.806       0.806
    N#2             -0.173      -0.173      -0.173      -0.173      -0.173      -0.173      -0.173

 Thresholds
    PSR$1           -0.883      -0.674      -0.567      -0.009       0.550       0.656       0.865

Latent Class 2

 Means
    N#1             -1.455      -1.455      -1.455      -1.455      -1.455      -1.455      -1.455
    N#2              1.406       1.406       1.406       1.406       1.406       1.406       1.406

 Thresholds
    PSR$1           -1.735      -1.557      -1.466      -0.990      -0.513      -0.422      -0.244

Latent Class 3

 Means
    N#1             -2.938      -2.938      -2.938      -2.938      -2.938      -2.938      -2.938
    N#2             -1.577      -1.577      -1.577      -1.577      -1.577      -1.577      -1.577

 Thresholds
    PSR$1           -0.287      -0.134      -0.056       0.353       0.762       0.841       0.994

Categorical Latent Variables

 Means
    C#1             -1.046      -0.936      -0.880      -0.588      -0.295      -0.239      -0.130
    C#2             -0.395      -0.303      -0.256      -0.010       0.236       0.283       0.375

New/Additional Parameters
    DIFF12          -0.290       0.014       0.169       0.981       1.793       1.948       2.252
    DIFF13          -1.570      -1.281      -1.134      -0.362       0.410       0.557       0.846
    DIFF21          -2.252      -1.948      -1.793      -0.981      -0.169      -0.014       0.290
    DIFF23          -2.473      -2.203      -2.065      -1.343      -0.621      -0.483      -0.213
    DIFF31          -0.846      -0.557      -0.410       0.362       1.134       1.281       1.570
    DIFF32           0.213       0.483       0.621       1.343       2.065       2.203       2.473


CONFIDENCE INTERVALS IN PROBABILITY SCALE

Latent Class 1

 PSR
    Category 1       0.279       0.332       0.358       0.498       0.637       0.664       0.716
    Category 2       0.284       0.336       0.363       0.502       0.642       0.668       0.721

Latent Class 2

 PSR
    Category 1       0.124       0.159       0.177       0.271       0.365       0.383       0.418
    Category 2       0.582       0.617       0.635       0.729       0.823       0.841       0.876

Latent Class 3

 PSR
    Category 1       0.432       0.469       0.488       0.587       0.687       0.706       0.743
    Category 2       0.257       0.294       0.313       0.413       0.512       0.531       0.568


CONFIDENCE INTERVALS FOR THE LATENT CLASS ODDS RATIO RESULTS

Latent Class 1 Compared to Latent Class 2

 PSR
    Category > 1     0.105       0.143       0.167       0.375       0.844       0.986       1.336

Latent Class 1 Compared to Latent Class 3

 PSR
    Category > 1     0.429       0.573       0.664       1.436       3.107       3.602       4.809

Latent Class 2 Compared to Latent Class 3

 PSR
    Category > 1     1.237       1.621       1.861       3.830       7.884       9.053      11.861


CONFIDENCE INTERVALS OF STANDARDIZED MODEL RESULTS


STDYX Standardization

                  Lower .5%  Lower 2.5%    Lower 5%    Estimate    Upper 5%  Upper 2.5%   Upper .5%

Latent Class 1

 Means
    N#1              0.806       0.806       0.806       0.806       0.806       0.806       0.806
    N#2             -0.173      -0.173      -0.173      -0.173      -0.173      -0.173      -0.173

 Thresholds
    PSR$1           -0.487      -0.371      -0.313      -0.005       0.303       0.362       0.477

Latent Class 2

 Means
    N#1             -1.455      -1.455      -1.455      -1.455      -1.455      -1.455      -1.455
    N#2              1.406       1.406       1.406       1.406       1.406       1.406       1.406

 Thresholds
    PSR$1           -0.957      -0.858      -0.808      -0.546      -0.283      -0.233      -0.134

Latent Class 3

 Means
    N#1             -2.938      -2.938      -2.938      -2.938      -2.938      -2.938      -2.938
    N#2             -1.577      -1.577      -1.577      -1.577      -1.577      -1.577      -1.577

 Thresholds
    PSR$1           -0.158      -0.074      -0.031       0.195       0.420       0.463       0.548


STDY Standardization

                  Lower .5%  Lower 2.5%    Lower 5%    Estimate    Upper 5%  Upper 2.5%   Upper .5%

Latent Class 1

 Means
    N#1              0.806       0.806       0.806       0.806       0.806       0.806       0.806
    N#2             -0.173      -0.173      -0.173      -0.173      -0.173      -0.173      -0.173

 Thresholds
    PSR$1           -0.487      -0.371      -0.313      -0.005       0.303       0.362       0.477

Latent Class 2

 Means
    N#1             -1.455      -1.455      -1.455      -1.455      -1.455      -1.455      -1.455
    N#2              1.406       1.406       1.406       1.406       1.406       1.406       1.406

 Thresholds
    PSR$1           -0.957      -0.858      -0.808      -0.546      -0.283      -0.233      -0.134

Latent Class 3

 Means
    N#1             -2.938      -2.938      -2.938      -2.938      -2.938      -2.938      -2.938
    N#2             -1.577      -1.577      -1.577      -1.577      -1.577      -1.577      -1.577

 Thresholds
    PSR$1           -0.158      -0.074      -0.031       0.195       0.420       0.463       0.548


STD Standardization

                  Lower .5%  Lower 2.5%    Lower 5%    Estimate    Upper 5%  Upper 2.5%   Upper .5%

Latent Class 1

 Means
    N#1              0.806       0.806       0.806       0.806       0.806       0.806       0.806
    N#2             -0.173      -0.173      -0.173      -0.173      -0.173      -0.173      -0.173

 Thresholds
    PSR$1           -0.883      -0.674      -0.567      -0.009       0.550       0.656       0.865

Latent Class 2

 Means
    N#1             -1.455      -1.455      -1.455      -1.455      -1.455      -1.455      -1.455
    N#2              1.406       1.406       1.406       1.406       1.406       1.406       1.406

 Thresholds
    PSR$1           -1.735      -1.557      -1.466      -0.990      -0.513      -0.422      -0.244

Latent Class 3

 Means
    N#1             -2.938      -2.938      -2.938      -2.938      -2.938      -2.938      -2.938
    N#2             -1.577      -1.577      -1.577      -1.577      -1.577      -1.577      -1.577

 Thresholds
    PSR$1           -0.287      -0.134      -0.056       0.353       0.762       0.841       0.994


TECHNICAL 7 OUTPUT


     UNIVARIATE SAMPLE DISTRIBUTIONS FOR CLASS 1

     Variable
     N
       Category 1        0.548
       Category 2        0.206
       Category 3        0.246
     PSR
       Category 1        0.499
       Category 2        0.501


     UNIVARIATE SAMPLE DISTRIBUTIONS FOR CLASS 2

     Variable
     N
       Category 1        0.044
       Category 2        0.768
       Category 3        0.188
     PSR
       Category 1        0.271
       Category 2        0.729


     UNIVARIATE SAMPLE DISTRIBUTIONS FOR CLASS 3

     Variable
     N
       Category 1        0.042
       Category 2        0.164
       Category 3        0.794
     PSR
       Category 1        0.587
       Category 2        0.413


     Beginning Time:  17:27:57
        Ending Time:  17:27:57
       Elapsed Time:  00:00:00



MUTHEN & MUTHEN
3463 Stoner Ave.
Los Angeles, CA  90066

Tel: (310) 391-9971
Fax: (310) 391-8971
Web: www.StatModel.com
Support: Support@StatModel.com

Copyright (c) 1998-2021 Muthen & Muthen
