Mplus VERSION 8.6 (Mac)
MUTHEN & MUTHEN
07/31/2023  11:21 AM

INPUT INSTRUCTIONS

  TITLE:
  D3STEP_SOFAS_24 - GMM_CI_isq@0cub@0_C_223_113;
  DATA:
  FILE = "/Users/olivierpercie/Desktop/MplusLGM/SANS/Results/D3STEP/SOFAS_24_D3STEP.dat";

  VARIABLE:
  NAMES = PIN SANS_0 SANS_1 SANS_2 SANS_3 SANS_6 SANS_9 SANS_12 SANS_18 SANS_24 I S Q
       CUB C_I C_S C_Q C_CUB CPROB1 CPROB2 CPROB3 N SOFAS_24;
   MISSING=.;
   USEVAR = SOFAS_24 N;
  NOMINAL = N;
  CLASSES = c(3);
  ANALYSIS:
  TYPE = MIXTURE;
  STARTS = 0;
  PROCESSORS = 8;
  MODEL:
  %OVERALL%
  %C#1%
  [N#1@1.778];
  [N#2@-1.142];
  [SOFAS_24](M1); SOFAS_24;
  %C#2%
  [N#1@0.278];
  [N#2@1.326];
  [SOFAS_24](M2); SOFAS_24;
  %C#3%
  [N#1@-1.822];
  [N#2@-2.898];
  [SOFAS_24](M3); SOFAS_24;
  MODEL CONSTRAINT:
  New (diff12 diff13 diff23);
  diff12 = M1 - M2;
  diff13 = M1 - M3;
  diff23 = M2 - M3;
  MODEL TEST:
  M1 = M2;
  M2 = M3;
  OUTPUT:
  SAMPSTAT;
  STANDARDIZED;
  CINTERVAL;



*** WARNING in MODEL command
  All variables are uncorrelated with all other variables within class.
  Check that this is what is intended.
   1 WARNING(S) FOUND IN THE INPUT INSTRUCTIONS




D3STEP_SOFAS_24 - GMM_CI_isq@0cub@0_C_223_113;

SUMMARY OF ANALYSIS

Number of groups                                                 1
Number of observations                                         404

Number of dependent variables                                    2
Number of independent variables                                  0
Number of continuous latent variables                            0
Number of categorical latent variables                           1

Observed dependent variables

  Continuous
   SOFAS_24

  Unordered categorical (nominal)
   N

Categorical latent variables
   C


Estimator                                                      MLR
Information matrix                                        OBSERVED
Optimization Specifications for the Quasi-Newton Algorithm for
Continuous Outcomes
  Maximum number of iterations                                 100
  Convergence criterion                                  0.100D-05
Optimization Specifications for the EM Algorithm
  Maximum number of iterations                                 500
  Convergence criteria
    Loglikelihood change                                 0.100D-06
    Relative loglikelihood change                        0.100D-06
    Derivative                                           0.100D-05
Optimization Specifications for the M step of the EM Algorithm for
Categorical Latent variables
  Number of M step iterations                                    1
  M step convergence criterion                           0.100D-05
  Basis for M step termination                           ITERATION
Optimization Specifications for the M step of the EM Algorithm for
Censored, Binary or Ordered Categorical (Ordinal), Unordered
Categorical (Nominal) and Count Outcomes
  Number of M step iterations                                    1
  M step convergence criterion                           0.100D-05
  Basis for M step termination                           ITERATION
  Maximum value for logit thresholds                            15
  Minimum value for logit thresholds                           -15
  Minimum expected cell size for chi-square              0.100D-01
Maximum number of iterations for H1                           2000
Convergence criterion for H1                             0.100D-03
Optimization algorithm                                         EMA

Input data file(s)
  /Users/olivierpercie/Desktop/MplusLGM/SANS/Results/D3STEP/SOFAS_24_D3STEP.dat
Input data format  FREE


SUMMARY OF DATA

     Number of missing data patterns             2
     Number of y missing data patterns           2
     Number of u missing data patterns           0


COVARIANCE COVERAGE OF DATA

Minimum covariance coverage value   0.100


     PROPORTION OF DATA PRESENT FOR Y


           Covariance Coverage
              SOFAS_24
              ________
 SOFAS_24       0.569


UNIVARIATE PROPORTIONS AND COUNTS FOR CATEGORICAL VARIABLES

    N
      Category 1    0.411          166.000
      Category 2    0.163           66.000
      Category 3    0.426          172.000


SAMPLE STATISTICS


     ESTIMATED SAMPLE STATISTICS


           Means
              SOFAS_24
              ________
               63.478


           Covariances
              SOFAS_24
              ________
 SOFAS_24     331.293


           Correlations
              SOFAS_24
              ________
 SOFAS_24       1.000


     MAXIMUM LOG-LIKELIHOOD VALUE FOR THE UNRESTRICTED (H1) MODEL IS -993.701


UNIVARIATE SAMPLE STATISTICS


     UNIVARIATE HIGHER-ORDER MOMENT DESCRIPTIVE STATISTICS

         Variable/         Mean/     Skewness/   Minimum/ % with                Percentiles
        Sample Size      Variance    Kurtosis    Maximum  Min/Max      20%/60%    40%/80%    Median

     SOFAS_24             63.478      -0.266       5.000    0.43%      49.000     60.000     65.000
             230.000     331.293      -0.618     100.000    0.87%      70.000     80.000


THE MODEL ESTIMATION TERMINATED NORMALLY



MODEL FIT INFORMATION

Number of Free Parameters                        8

Loglikelihood

          H0 Value                       -1396.717
          H0 Scaling Correction Factor      1.2438
            for MLR

Information Criteria

          Akaike (AIC)                    2809.434
          Bayesian (BIC)                  2841.445
          Sample-Size Adjusted BIC        2816.060
            (n* = (n + 2) / 24)

Wald Test of Parameter Constraints

          Value                              6.797
          Degrees of Freedom                     2
          P-Value                           0.0334



FINAL CLASS COUNTS AND PROPORTIONS FOR THE LATENT CLASSES
BASED ON THE ESTIMATED MODEL

    Latent
   Classes

       1        157.57875          0.39005
       2         84.81705          0.20994
       3        161.60420          0.40001


FINAL CLASS COUNTS AND PROPORTIONS FOR THE LATENT CLASSES
BASED ON ESTIMATED POSTERIOR PROBABILITIES

    Latent
   Classes

       1        157.57875          0.39005
       2         84.81705          0.20994
       3        161.60420          0.40001


FINAL CLASS COUNTS AND PROPORTIONS FOR THE LATENT CLASSES
BASED ON THEIR MOST LIKELY LATENT CLASS MEMBERSHIP

Class Counts and Proportions

    Latent
   Classes

       1              168          0.41584
       2               66          0.16337
       3              170          0.42079


CLASSIFICATION QUALITY

     Entropy                         0.431


Average Latent Class Probabilities for Most Likely Latent Class Membership (Row)
by Latent Class (Column)

           1        2        3

    1   0.773    0.107    0.120
    2   0.101    0.789    0.110
    3   0.124    0.087    0.790


Classification Probabilities for the Most Likely Latent Class Membership (Column)
by Latent Class (Row)

           1        2        3

    1   0.824    0.042    0.134
    2   0.213    0.614    0.174
    3   0.125    0.045    0.831


Logits for the Classification Probabilities for the Most Likely Latent Class Membership (Column)
by Latent Class (Row)

              1        2        3

    1      1.819   -1.147    0.000
    2      0.204    1.263    0.000
    3     -1.897   -2.918    0.000


MODEL RESULTS

                                                    Two-Tailed
                    Estimate       S.E.  Est./S.E.    P-Value

Latent Class 1

 Means
    SOFAS_24          51.886      4.764     10.891      0.000

 Means
    N#1                1.778      0.000    999.000    999.000
    N#2               -1.142      0.000    999.000    999.000

 Variances
    SOFAS_24         286.785    106.863      2.684      0.007

Latent Class 2

 Means
    SOFAS_24          64.319      5.465     11.770      0.000

 Means
    N#1                0.278      0.000    999.000    999.000
    N#2                1.326      0.000    999.000    999.000

 Variances
    SOFAS_24         226.740     51.781      4.379      0.000

Latent Class 3

 Means
    SOFAS_24          74.038      4.832     15.321      0.000

 Means
    N#1               -1.822      0.000    999.000    999.000
    N#2               -2.898      0.000    999.000    999.000

 Variances
    SOFAS_24         180.809     95.128      1.901      0.057

Categorical Latent Variables

 Means
    C#1               -0.025      0.186     -0.135      0.892
    C#2               -0.645      0.224     -2.875      0.004

New/Additional Parameters
    DIFF12           -12.433      8.130     -1.529      0.126
    DIFF13           -22.152      8.546     -2.592      0.010
    DIFF23            -9.719      8.378     -1.160      0.246


QUALITY OF NUMERICAL RESULTS

     Condition Number for the Information Matrix              0.177E-02
       (ratio of smallest to largest eigenvalue)


STANDARDIZED MODEL RESULTS


STDYX Standardization

                                                    Two-Tailed
                    Estimate       S.E.  Est./S.E.    P-Value

Latent Class 1

 Means
    SOFAS_24           3.064      0.353      8.691      0.000

 Variances
    SOFAS_24           1.000      0.000    999.000    999.000

Latent Class 2

 Means
    SOFAS_24           4.271      0.793      5.390      0.000

 Variances
    SOFAS_24           1.000      0.000    999.000    999.000

Latent Class 3

 Means
    SOFAS_24           5.506      1.794      3.068      0.002

 Variances
    SOFAS_24           1.000      0.000    999.000    999.000


STDY Standardization

                                                    Two-Tailed
                    Estimate       S.E.  Est./S.E.    P-Value

Latent Class 1

 Means
    SOFAS_24           3.064      0.353      8.691      0.000

 Variances
    SOFAS_24           1.000      0.000    999.000    999.000

Latent Class 2

 Means
    SOFAS_24           4.271      0.793      5.390      0.000

 Variances
    SOFAS_24           1.000      0.000    999.000    999.000

Latent Class 3

 Means
    SOFAS_24           5.506      1.794      3.068      0.002

 Variances
    SOFAS_24           1.000      0.000    999.000    999.000


STD Standardization

                                                    Two-Tailed
                    Estimate       S.E.  Est./S.E.    P-Value

Latent Class 1

 Means
    SOFAS_24          51.886      4.764     10.891      0.000

 Variances
    SOFAS_24         286.785    106.863      2.684      0.007

Latent Class 2

 Means
    SOFAS_24          64.319      5.465     11.770      0.000

 Variances
    SOFAS_24         226.740     51.781      4.379      0.000

Latent Class 3

 Means
    SOFAS_24          74.038      4.832     15.321      0.000

 Variances
    SOFAS_24         180.809     95.128      1.901      0.057


R-SQUARE

Class 1

Class 2

Class 3


CONFIDENCE INTERVALS OF MODEL RESULTS

                  Lower .5%  Lower 2.5%    Lower 5%    Estimate    Upper 5%  Upper 2.5%   Upper .5%

Latent Class 1

 Means
    SOFAS_24        39.614      42.548      44.048      51.886      59.723      61.223      64.157

 Means
    N#1              1.778       1.778       1.778       1.778       1.778       1.778       1.778
    N#2             -1.142      -1.142      -1.142      -1.142      -1.142      -1.142      -1.142

 Variances
    SOFAS_24        11.528      77.334     110.995     286.785     462.574     496.235     562.041

Latent Class 2

 Means
    SOFAS_24        50.243      53.608      55.329      64.319      73.308      75.029      78.394

 Means
    N#1              0.278       0.278       0.278       0.278       0.278       0.278       0.278
    N#2              1.326       1.326       1.326       1.326       1.326       1.326       1.326

 Variances
    SOFAS_24        93.363     125.250     141.561     226.740     311.920     328.231     360.118

Latent Class 3

 Means
    SOFAS_24        61.591      64.567      66.089      74.038      81.987      83.509      86.485

 Means
    N#1             -1.822      -1.822      -1.822      -1.822      -1.822      -1.822      -1.822
    N#2             -2.898      -2.898      -2.898      -2.898      -2.898      -2.898      -2.898

 Variances
    SOFAS_24       -64.223      -5.643      24.322     180.809     337.295     367.260     425.840

Categorical Latent Variables

 Means
    C#1             -0.505      -0.391      -0.332      -0.025       0.281       0.340       0.455
    C#2             -1.222      -1.084      -1.014      -0.645      -0.276      -0.205      -0.067

New/Additional Parameters
    DIFF12         -33.374     -28.368     -25.807     -12.433       0.941       3.502       8.508
    DIFF13         -44.165     -38.903     -36.211     -22.152      -8.094      -5.402      -0.139
    DIFF23         -31.299     -26.140     -23.501      -9.719       4.062       6.701      11.860


CONFIDENCE INTERVALS OF STANDARDIZED MODEL RESULTS


STDYX Standardization

                  Lower .5%  Lower 2.5%    Lower 5%    Estimate    Upper 5%  Upper 2.5%   Upper .5%

Latent Class 1

 Means
    SOFAS_24         2.156       2.373       2.484       3.064       3.644       3.755       3.972

 Variances
    SOFAS_24         1.000       1.000       1.000       1.000       1.000       1.000       1.000

Latent Class 2

 Means
    SOFAS_24         2.230       2.718       2.968       4.271       5.575       5.825       6.313

 Variances
    SOFAS_24         1.000       1.000       1.000       1.000       1.000       1.000       1.000

Latent Class 3

 Means
    SOFAS_24         0.884       1.989       2.554       5.506       8.458       9.023      10.128

 Variances
    SOFAS_24         1.000       1.000       1.000       1.000       1.000       1.000       1.000


STDY Standardization

                  Lower .5%  Lower 2.5%    Lower 5%    Estimate    Upper 5%  Upper 2.5%   Upper .5%

Latent Class 1

 Means
    SOFAS_24         2.156       2.373       2.484       3.064       3.644       3.755       3.972

 Variances
    SOFAS_24         1.000       1.000       1.000       1.000       1.000       1.000       1.000

Latent Class 2

 Means
    SOFAS_24         2.230       2.718       2.968       4.271       5.575       5.825       6.313

 Variances
    SOFAS_24         1.000       1.000       1.000       1.000       1.000       1.000       1.000

Latent Class 3

 Means
    SOFAS_24         0.884       1.989       2.554       5.506       8.458       9.023      10.128

 Variances
    SOFAS_24         1.000       1.000       1.000       1.000       1.000       1.000       1.000


STD Standardization

                  Lower .5%  Lower 2.5%    Lower 5%    Estimate    Upper 5%  Upper 2.5%   Upper .5%

Latent Class 1

 Means
    SOFAS_24        39.614      42.548      44.048      51.886      59.723      61.223      64.157

 Variances
    SOFAS_24        11.528      77.334     110.995     286.785     462.574     496.235     562.041

Latent Class 2

 Means
    SOFAS_24        50.243      53.608      55.329      64.319      73.308      75.029      78.394

 Variances
    SOFAS_24        93.363     125.250     141.561     226.740     311.920     328.231     360.118

Latent Class 3

 Means
    SOFAS_24        61.591      64.567      66.089      74.038      81.987      83.509      86.485

 Variances
    SOFAS_24       -64.223      -5.643      24.322     180.809     337.295     367.260     425.840


     Beginning Time:  11:21:24
        Ending Time:  11:21:24
       Elapsed Time:  00:00:00



MUTHEN & MUTHEN
3463 Stoner Ave.
Los Angeles, CA  90066

Tel: (310) 391-9971
Fax: (310) 391-8971
Web: www.StatModel.com
Support: Support@StatModel.com

Copyright (c) 1998-2021 Muthen & Muthen
