Mplus VERSION 8.6 (Mac)
MUTHEN & MUTHEN
07/18/2023   3:39 PM

INPUT INSTRUCTIONS

  TITLE:
  GMM_CV_isq_FIX
  DATA:
  FILE = "/Users/olivierpercie/Desktop/MplusLGM/SOFAS/Results/GMM/CV/isq/GMM9.dat";

  VARIABLE:
  NAMES = pin SOFAS_0 SOFAS_12 SOFAS_24;
   MISSING=.;
   USEVAR = SOFAS_0 SOFAS_12 SOFAS_24;
  IDVAR = pin;
  CLASSES = c(2);
  ANALYSIS:
  TYPE = MIXTURE;
  STARTS = 4000 1000;
  K-1STARTS = 2000 500;
  PROCESSORS = 8;
  MODEL:
  %OVERALL%
  i s q | SOFAS_0@0 SOFAS_12@12 SOFAS_24@24;
  i s q;
  i WITH s q;
  s WITH q;
  SOFAS_0 SOFAS_12 SOFAS_24;
  %C#1%
  i s q;
  i WITH s q;
  s WITH q;
  SOFAS_0 SOFAS_12 SOFAS_24 (1);
  %C#2%
  i s q;
  i WITH s q;
  s WITH q;
  SOFAS_0 SOFAS_12 SOFAS_24 (1);
  OUTPUT:
  TECH7;
  TECH11;
  SAMPSTAT;
  STANDARDIZED;
  CINTERVAL;
  SAVEDATA:
  FILE = GMM_CV_isq_FIX_CP.dat;
  SAVE = CPROBABILITIES;



INPUT READING TERMINATED NORMALLY




GMM_CV_isq_FIX

SUMMARY OF ANALYSIS

Number of groups                                                 1
Number of observations                                         368

Number of dependent variables                                    3
Number of independent variables                                  0
Number of continuous latent variables                            3
Number of categorical latent variables                           1

Observed dependent variables

  Continuous
   SOFAS_0     SOFAS_12    SOFAS_24

Continuous latent variables
   I           S           Q

Categorical latent variables
   C

Variables with special functions

  ID variable           PIN

Estimator                                                      MLR
Information matrix                                        OBSERVED
Optimization Specifications for the Quasi-Newton Algorithm for
Continuous Outcomes
  Maximum number of iterations                                 100
  Convergence criterion                                  0.100D-05
Optimization Specifications for the EM Algorithm
  Maximum number of iterations                                 500
  Convergence criteria
    Loglikelihood change                                 0.100D-06
    Relative loglikelihood change                        0.100D-06
    Derivative                                           0.100D-05
Optimization Specifications for the M step of the EM Algorithm for
Categorical Latent variables
  Number of M step iterations                                    1
  M step convergence criterion                           0.100D-05
  Basis for M step termination                           ITERATION
Optimization Specifications for the M step of the EM Algorithm for
Censored, Binary or Ordered Categorical (Ordinal), Unordered
Categorical (Nominal) and Count Outcomes
  Number of M step iterations                                    1
  M step convergence criterion                           0.100D-05
  Basis for M step termination                           ITERATION
  Maximum value for logit thresholds                            15
  Minimum value for logit thresholds                           -15
  Minimum expected cell size for chi-square              0.100D-01
Maximum number of iterations for H1                           2000
Convergence criterion for H1                             0.100D-03
Optimization algorithm                                         EMA
Random Starts Specifications
  Number of initial stage random starts                       4000
  Number of final stage optimizations                         1000
  Number of initial stage iterations                            10
  Initial stage convergence criterion                    0.100D+01
  Random starts scale                                    0.500D+01
  Random seed for generating random starts                       0

Input data file(s)
  /Users/olivierpercie/Desktop/MplusLGM/SOFAS/Results/GMM/CV/isq/GMM9.dat
Input data format  FREE


SUMMARY OF DATA

     Number of missing data patterns             4
     Number of y missing data patterns           4
     Number of u missing data patterns           0


COVARIANCE COVERAGE OF DATA

Minimum covariance coverage value   0.100


     PROPORTION OF DATA PRESENT FOR Y


           Covariance Coverage
              SOFAS_0       SOFAS_12      SOFAS_24
              ________      ________      ________
 SOFAS_0        0.978
 SOFAS_12       0.894         0.916
 SOFAS_24       0.617         0.554         0.639


SAMPLE STATISTICS


     ESTIMATED SAMPLE STATISTICS


           Means
              SOFAS_0       SOFAS_12      SOFAS_24
              ________      ________      ________
               40.525        61.693        64.186


           Covariances
              SOFAS_0       SOFAS_12      SOFAS_24
              ________      ________      ________
 SOFAS_0      164.686
 SOFAS_12      62.760       287.063
 SOFAS_24      49.448       181.208       323.994


           Correlations
              SOFAS_0       SOFAS_12      SOFAS_24
              ________      ________      ________
 SOFAS_0        1.000
 SOFAS_12       0.289         1.000
 SOFAS_24       0.214         0.594         1.000


     MAXIMUM LOG-LIKELIHOOD VALUE FOR THE UNRESTRICTED (H1) MODEL IS -3814.311


UNIVARIATE SAMPLE STATISTICS


     UNIVARIATE HIGHER-ORDER MOMENT DESCRIPTIVE STATISTICS

         Variable/         Mean/     Skewness/   Minimum/ % with                Percentiles
        Sample Size      Variance    Kurtosis    Maximum  Min/Max      20%/60%    40%/80%    Median

     SOFAS_0              40.542       0.655      15.000    0.28%      30.000     35.000     40.000
             360.000     164.759       0.120      85.000    0.28%      41.000     51.000
     SOFAS_12             61.745      -0.142      22.000    0.30%      45.000     55.000     61.000
             337.000     285.419      -0.868      95.000    0.30%      68.000     80.000
     SOFAS_24             63.502      -0.263       5.000    0.43%      49.000     60.000     65.000
             235.000     329.246      -0.620     100.000    0.85%      70.000     80.000

RANDOM STARTS RESULTS RANKED FROM THE BEST TO THE WORST LOGLIKELIHOOD VALUES


468 perturbed starting value run(s) did not converge or were rejected in the third stage.
Final stage loglikelihood values at local maxima, seeds, and initial stage start numbers:

           -3757.177  985325           1890
           -3757.177  34050            2235
           -3757.177  193990           1303
           -3757.177  839912           3360
           -3757.177  415527           3602
           -3757.177  699554           427
           -3757.177  895274           3342
           -3757.177  309523           3620
           -3784.074  291149           536
           -3784.074  118183           2841
           -3784.074  192071           142
           -3784.074  298275           418
           -3784.074  456213           160
           -3784.074  851945           18
           -3784.074  609185           181
           -3784.074  582296           452
           -3784.074  783110           72
           -3784.074  496710           386
           -3784.074  131856           90
           -3784.074  164467           2047
           -3784.074  915628           2059
           -3784.074  79212            517
           -3784.074  295033           1052
           -3784.074  477063           2116
           -3784.074  670595           1072
           -3784.074  179130           2197
           -3784.074  294978           1100
           -3784.074  387431           2211
           -3784.074  350074           2220
           -3784.074  574942           558
           -3784.074  311484           1135
           -3784.074  694663           2278
           -3784.074  203099           2298
           -3784.074  506886           576
           -3784.074  300470           1153
           -3784.074  861413           1154
           -3784.074  435112           2339
           -3784.074  535336           2355
           -3784.074  753696           2372
           -3784.074  44196            2379
           -3784.074  747551           1190
           -3784.074  103765           2382
           -3784.074  227478           2396
           -3784.074  315131           2401
           -3784.074  548493           1201
           -3784.074  24070            1212
           -3784.074  588923           606
           -3784.074  842637           2453
           -3784.074  314784           2475
           -3784.074  83354            2478
           -3784.074  955828           2491
           -3784.074  676560           1250
           -3784.074  490008           2542
           -3784.074  195407           1278
           -3784.074  778331           1280
           -3784.074  670915           2568
           -3784.074  225932           1285
           -3784.074  241997           2573
           -3784.074  770425           2577
           -3784.074  196408           2584
           -3784.074  602032           648
           -3784.074  564685           2602
           -3784.074  42278            1305
           -3784.074  95308            2618
           -3784.074  226814           2623
           -3784.074  619700           2629
           -3784.074  20625            2636
           -3784.074  465996           2638
           -3784.074  84256            2662
           -3784.074  59963            670
           -3784.074  393453           1355
           -3784.074  931841           2724
           -3784.074  148918           682
           -3784.074  78021            2731
           -3784.074  369331           2758
           -3784.074  476995           2783
           -3784.074  794866           2795
           -3784.074  407520           2854
           -3784.074  732319           1430
           -3784.074  526324           178
           -3784.074  444166           1443
           -3784.074  699834           723
           -3784.074  256781           1448
           -3784.074  468731           1451
           -3784.074  421653           2922
           -3784.074  478341           731
           -3784.074  792772           2930
           -3784.074  548673           732
           -3784.074  985445           2934
           -3784.074  379464           1483
           -3784.074  151923           2983
           -3784.074  389631           2986
           -3784.074  241197           747
           -3784.074  352269           1497
           -3784.074  838944           3018
           -3784.074  659832           754
           -3784.074  380978           3031
           -3784.074  102093           1521
           -3784.074  960766           3046
           -3784.074  88388            1527
           -3784.074  943158           3059
           -3784.074  135790           3060
           -3784.074  251341           3061
           -3784.074  59296            1534
           -3784.074  596170           3074
           -3784.074  485816           3092
           -3784.074  914462           3094
           -3784.074  831417           3095
           -3784.074  705989           3097
           -3784.074  240241           3113
           -3784.074  246967           1557
           -3784.074  403287           1558
           -3784.074  158480           3119
           -3784.074  138695           783
           -3784.074  925741           1567
           -3784.074  975897           1569
           -3784.074  935426           3142
           -3784.074  996270           1572
           -3784.074  126505           3175
           -3784.074  14721            3180
           -3784.074  755611           3182
           -3784.074  72387            3203
           -3784.074  22170            3245
           -3784.074  720520           3285
           -3784.074  627047           3288
           -3784.074  945490           3300
           -3784.074  514098           3306
           -3784.074  192731           3351
           -3784.074  719798           1678
           -3784.074  22518            1680
           -3784.074  274385           3368
           -3784.074  544009           842
           -3784.074  325083           3371
           -3784.074  135076           1692
           -3784.074  818326           3401
           -3784.074  622568           3402
           -3784.074  691368           3416
           -3784.074  460453           1708
           -3784.074  413360           3422
           -3784.074  792993           859
           -3784.074  884146           1720
           -3784.074  966924           3444
           -3784.074  592063           3453
           -3784.074  526244           3457
           -3784.074  576783           866
           -3784.074  463894           1733
           -3784.074  276468           1739
           -3784.074  51296            3485
           -3784.074  999729           3503
           -3784.074  758825           3512
           -3784.074  915107           54
           -3784.074  419474           3544
           -3784.074  467509           3546
           -3784.074  257136           1774
           -3784.074  950796           3562
           -3784.074  715948           3568
           -3784.074  709990           3581
           -3784.074  376289           1798
           -3784.074  891259           3635
           -3784.074  360476           3647
           -3784.074  480926           1824
           -3784.074  200463           1826
           -3784.074  488342           3656
           -3784.074  5139             3676
           -3784.074  345726           461
           -3784.074  138513           3703
           -3784.074  605442           3715
           -3784.074  264521           929
           -3784.074  786545           3719
           -3784.074  936879           3720
           -3784.074  135514           3739
           -3784.074  448829           938
           -3784.074  48713            1880
           -3784.074  692399           3763
           -3784.074  106529           3767
           -3784.074  305006           3775
           -3784.074  642008           1894
           -3784.074  351474           3805
           -3784.074  600244           3830
           -3784.074  676943           1916
           -3784.074  847129           3854
           -3784.074  760380           3885
           -3784.074  886510           3906
           -3784.074  13508            3908
           -3784.074  564643           1955
           -3784.074  647472           3927
           -3784.074  640732           3929
           -3784.074  75718            1987
           -3784.074  382611           1990
           -3784.074  206840           3985
           -3784.074  345196           3989
           -3784.074  595759           997
           -3784.074  923803           1002
           -3784.074  697272           2010
           -3784.074  497522           502
           -3784.074  213532           503
           -3784.074  600082           1008
           -3784.074  779882           1012
           -3784.074  143337           2029
           -3784.074  818278           2043
           -3784.074  404426           344
           -3784.074  902278           21
           -3784.074  802682           419
           -3784.074  741888           138
           -3784.074  43523            297
           -3784.074  569131           26
           -3784.074  247224           94
           -3784.074  124999           96
           -3784.074  484406           421
           -3784.074  252949           487
           -3784.074  156536           245
           -3784.074  335485           496
           -3784.074  728038           177
           -3784.074  960438           116
           -3784.074  804561           59
           -3784.074  551639           55
           -3784.074  112586           494
           -3784.074  618000           190
           -3784.074  85734            411
           -3784.074  848331           137
           -3784.074  281558           184
           -3784.074  407108           366
           -3784.074  700349           401
           -3784.074  192780           2264
           -3784.074  684993           1148
           -3784.074  893582           2412
           -3784.074  322790           636
           -3784.074  554694           2610
           -3784.074  286732           2637
           -3784.074  91119            3204
           -3784.074  696878           1643
           -3784.074  568              3381
           -3784.074  939470           3383
           -3784.074  188637           3518
           -3784.074  735928           916
           -3784.074  883276           3753
           -3784.074  91710            1908
           -3784.074  702808           3886
           -3784.074  929499           3974
           -3784.074  420002           2011
           -3784.074  207896           25
           -3784.074  970689           266
           -3784.074  995913           787
           -3784.074  188833           3576
           -3784.074  248493           1901
           -3784.074  39810            966
           -3784.074  842091           1373
           -3784.074  518162           1611
           -3784.074  832850           2779
           -3784.074  352184           3080
           -3787.547  686384           690
           -3787.547  906835           2994
           -3787.547  94573            983
           -3787.547  928287           197
           -3787.547  391949           295
           -3787.547  460521           1032
           -3787.547  830367           1351
           -3787.547  970838           3615
           -3787.547  526077           1903
           -3787.547  786984           2035
           -3787.547  264901           634
           -3787.547  771981           2860
           -3787.547  492839           1493
           -3787.547  486572           1333
           -3787.547  645295           2443
           -3787.547  85186            3674
           -3787.547  732971           1447
           -3788.578  859380           1113
           -3788.578  296162           856
           -3788.578  402224           91
           -3788.578  903633           553
           -3788.578  352988           2348
           -3788.578  995197           2529
           -3788.578  574412           679
           -3788.578  149777           1434
           -3788.578  224806           3213
           -3788.578  424223           900
           -3788.578  791678           974
           -3788.578  321422           3998
           -3789.417  608496           4
           -3789.417  704051           1083
           -3789.417  469158           1145
           -3789.417  742688           594
           -3789.417  263268           165
           -3789.417  61710            1327
           -3789.417  273423           2711
           -3789.417  179022           687
           -3789.417  606094           2866
           -3789.417  985883           3015
           -3789.417  883576           3118
           -3789.417  263877           1659
           -3789.417  676616           3348
           -3789.417  359578           458
           -3789.417  830978           3350
           -3795.175  289739           1348
           -3798.724  887676           22
           -3798.724  817593           2682
           -3799.101  965994           396
           -3799.101  837243           2167
           -3799.101  435287           623
           -3799.101  838615           677
           -3799.101  583083           2734
           -3799.101  145042           2798
           -3799.101  242966           1523
           -3799.101  412135           3072
           -3799.101  173709           1560
           -3799.101  19333            3229
           -3799.101  431630           3264
           -3799.101  555550           3380
           -3799.101  178337           1727
           -3799.101  219197           3480
           -3799.101  140864           1776
           -3799.101  645052           910
           -3799.101  746487           3711
           -3799.101  210139           991
           -3799.101  250631           2013
           -3799.101  178475           231
           -3799.101  592219           119
           -3799.101  263049           454
           -3799.101  462228           298
           -3799.101  398789           2336
           -3799.101  560412           2442
           -3799.101  696266           1192
           -3799.101  933578           506
           -3799.101  358449           2627
           -3799.935  876943           650
           -3799.935  608552           2654
           -3799.935  174809           2813
           -3800.487  473343           844
           -3800.487  392602           2487
           -3801.081  433121           3473
           -3801.519  991329           182
           -3801.862  680847           2305
           -3801.862  760878           249
           -3801.890  277475           2143
           -3804.159  399097           3921
           -3804.163  351807           617
           -3804.201  376992           1199
           -3804.522  785015           2245
           -3804.522  757590           2804
           -3804.522  80438            246
           -3804.736  733775           2617
           -3804.736  65917            3572
           -3805.218  641252           3455
           -3805.282  618385           3050
           -3805.282  907014           3870
           -3814.311  818743           3991
           -3814.311  663189           3378
           -3814.311  374630           1869
           -3814.311  126371           526
           -3814.311  763285           620
           -3814.311  303803           2613
           -3814.311  599729           658
           -3814.311  864574           2650
           -3814.311  969468           2674
           -3814.311  848505           2799
           -3814.311  291915           2926
           -3814.311  678766           3130
           -3814.311  779095           3132
           -3814.311  886520           3171
           -3814.311  442267           3460
           -3814.311  519234           3479
           -3814.311  15160            3507
           -3814.311  400319           887
           -3814.311  728986           3580
           -3814.311  309926           1841
           -3814.311  418599           3783
           -3814.311  759125           3824
           -3814.311  725670           3837
           -3814.311  215483           1952
           -3814.311  211879           3922
           -3814.311  234137           1965
           -3814.311  793035           187
           -3814.311  188640           451
           -3814.311  232559           136
           -3814.311  948615           140
           -3814.311  344422           296
           -3814.311  567165           319
           -3814.311  613075           2056
           -3814.311  946511           2068
           -3814.311  842511           2070
           -3814.311  786248           2076
           -3814.311  622860           259
           -3814.311  161421           519
           -3814.311  207299           1039
           -3814.311  156309           2086
           -3814.311  456915           2092
           -3814.311  819358           2093
           -3814.311  859041           2096
           -3814.311  231581           1048
           -3814.311  33553            2098
           -3814.311  319638           1049
           -3814.311  385042           2101
           -3814.311  729401           2106
           -3814.311  32106            2108
           -3814.311  349263           263
           -3814.311  379230           2125
           -3814.311  139885           2128
           -3814.311  60038            1064
           -3814.311  452297           1068
           -3814.311  872628           2146
           -3814.311  561273           2149
           -3814.311  291962           2151
           -3814.311  781349           1079
           -3814.311  572472           2159
           -3814.311  355674           540
           -3814.311  607284           2163
           -3814.311  66309            2168
           -3814.311  897245           2179
           -3814.311  312061           2184
           -3814.311  321363           1095
           -3814.311  318388           2196
           -3814.311  907676           1101
           -3814.311  434915           552
           -3814.311  578567           2212
           -3814.311  453260           1106
           -3814.311  752847           1109
           -3814.311  51011            1111
           -3814.311  248742           556
           -3814.311  600202           1115
           -3814.311  294174           2241
           -3814.311  871438           561
           -3814.311  83263            2251
           -3814.311  264935           281
           -3814.311  697983           2256
           -3814.311  341041           34
           -3814.311  212934           568
           -3814.311  117731           570
           -3814.311  987090           70
           -3814.311  16096            1147
           -3814.311  415769           1149
           -3814.311  22089            143
           -3814.311  168199           1155
           -3814.311  181598           2325
           -3814.311  505244           582
           -3814.311  384819           2333
           -3814.311  788796           145
           -3814.311  366872           1169
           -3814.311  197621           1172
           -3814.311  650387           2345
           -3814.311  933596           2349
           -3814.311  565709           2356
           -3814.311  165579           2358
           -3814.311  377504           294
           -3814.311  579712           2359
           -3814.311  554483           1182
           -3814.311  806363           2374
           -3814.311  855760           593
           -3814.311  250872           2380
           -3814.311  156034           2381
           -3814.311  170683           2388
           -3814.311  566687           597
           -3814.311  316165           299
           -3814.311  309989           2428
           -3814.311  483431           2433
           -3814.311  964389           1223
           -3814.311  395865           2451
           -3814.311  781624           2462
           -3814.311  681992           2466
           -3814.311  364689           1237
           -3814.311  233596           2477
           -3814.311  834485           2486
           -3814.311  822698           621
           -3814.311  530291           2488
           -3814.311  180878           1246
           -3814.311  478421           311
           -3814.311  386373           2504
           -3814.311  185342           2512
           -3814.311  644989           2513
           -3814.311  377584           630
           -3814.311  227797           1263
           -3814.311  777178           2530
           -3814.311  220279           2533
           -3814.311  813784           2544
           -3814.311  249557           2545
           -3814.311  526675           2549
           -3814.311  155898           2551
           -3814.311  732596           320
           -3814.311  660368           2570
           -3814.311  291388           2571
           -3814.311  769072           1286
           -3814.311  976103           1289
           -3814.311  291112           645
           -3814.311  668003           647
           -3814.311  864683           2606
           -3814.311  459221           652
           -3814.311  217744           326
           -3814.311  232015           1313
           -3814.311  22075            659
           -3814.311  337570           1319
           -3814.311  370823           2640
           -3814.311  900149           2646
           -3814.311  675765           1323
           -3814.311  18944            1326
           -3814.311  837902           2663
           -3814.311  724519           333
           -3814.311  301545           2672
           -3814.311  545108           667
           -3814.311  696830           668
           -3814.311  188340           1343
           -3814.311  115267           2689
           -3814.311  350502           1345
           -3814.311  38165            2716
           -3814.311  808328           2717
           -3814.311  57775            2725
           -3814.311  677720           681
           -3814.311  859223           1363
           -3814.311  850354           2738
           -3814.311  277373           1374
           -3814.311  450181           2760
           -3814.311  115218           1382
           -3814.311  651337           2772
           -3814.311  950604           172
           -3814.311  874339           2782
           -3814.311  145786           2785
           -3814.311  284920           2791
           -3814.311  444307           2809
           -3814.311  877272           1406
           -3814.311  534256           1410
           -3814.311  49293            707
           -3814.311  228271           1422
           -3814.311  159216           1423
           -3814.311  876370           2855
           -3814.311  89016            1428
           -3814.311  209869           2861
           -3814.311  338892           1432
           -3814.311  707067           2876
           -3814.311  670281           721
           -3814.311  891364           2892
           -3814.311  435399           2896
           -3814.311  892583           2900
           -3814.311  685140           1450
           -3814.311  709906           2904
           -3814.311  902202           2911
           -3814.311  908276           2917
           -3814.311  911144           2933
           -3814.311  682718           733
           -3814.311  982520           737
           -3814.311  953003           1478
           -3814.311  851200           1479
           -3814.311  873488           2965
           -3814.311  646573           741
           -3814.311  872631           2967
           -3814.311  246057           2971
           -3814.311  599306           2979
           -3814.311  836066           372
           -3814.311  137719           1504
           -3814.311  813351           1507
           -3814.311  626277           1510
           -3814.311  612578           1512
           -3814.311  204058           3036
           -3814.311  137305           379
           -3814.311  91413            3045
           -3814.311  122612           3055
           -3814.311  210870           383
           -3814.311  452342           3073
           -3814.311  509415           3088
           -3814.311  383636           3089
           -3814.311  722095           1549
           -3814.311  820977           776
           -3814.311  365814           3110
           -3814.311  57148            1561
           -3814.311  797493           1563
           -3814.311  539883           3131
           -3814.311  53570            3143
           -3814.311  801065           393
           -3814.311  261045           3155
           -3814.311  560717           3158
           -3814.311  870609           3160
           -3814.311  568279           1580
           -3814.311  355254           796
           -3814.311  576596           99
           -3814.311  627151           1601
           -3814.311  604861           800
           -3814.311  64791            3208
           -3814.311  505528           1604
           -3814.311  591290           1607
           -3814.311  16220            3221
           -3814.311  417713           3222
           -3814.311  845580           805
           -3814.311  676223           3227
           -3814.311  419858           1617
           -3814.311  798446           1622
           -3814.311  891510           1625
           -3814.311  919335           3253
           -3814.311  338967           3256
           -3814.311  205875           1635
           -3814.311  561546           3277
           -3814.311  382139           3305
           -3814.311  990322           3309
           -3814.311  746966           1656
           -3814.311  705057           3313
           -3814.311  537926           3314
           -3814.311  151775           3317
           -3814.311  710154           831
           -3814.311  275003           1674
           -3814.311  57226            208
           -3814.311  387354           3356
           -3814.311  914505           838
           -3814.311  70118            104
           -3814.311  269800           1686
           -3814.311  383791           3373
           -3814.311  131063           843
           -3814.311  320563           1688
           -3814.311  810594           845
           -3814.311  715647           3390
           -3814.311  347593           3407
           -3814.311  628143           854
           -3814.311  208230           1710
           -3814.311  139018           1714
           -3814.311  337181           3437
           -3814.311  189029           3440
           -3814.311  350076           3442
           -3814.311  623663           3446
           -3814.311  259997           3449
           -3814.311  816796           1728
           -3814.311  255016           1731
           -3814.311  212241           3466
           -3814.311  783102           433
           -3814.311  799920           3471
           -3814.311  279027           3474
           -3814.311  993088           1740
           -3814.311  87586            871
           -3814.311  908674           1748
           -3814.311  802644           874
           -3814.311  173997           3500
           -3814.311  485635           876
           -3814.311  699983           3510
           -3814.311  411295           3515
           -3814.311  781190           219
           -3814.311  557917           3523
           -3814.311  669610           3525
           -3814.311  18840            3536
           -3814.311  978153           1772
           -3814.311  737601           891
           -3814.311  323342           3569
           -3814.311  753939           1785
           -3814.311  69526            3599
           -3814.311  125727           899
           -3814.311  165822           1803
           -3814.311  950763           3609
           -3814.311  987487           3627
           -3814.311  344904           1814
           -3814.311  105656           909
           -3814.311  677338           3640
           -3814.311  954914           911
           -3814.311  666197           3650
           -3814.311  498962           3653
           -3814.311  41447            3665
           -3814.311  539751           459
           -3814.311  535303           923
           -3814.311  697297           3697
           -3814.311  590437           3699
           -3814.311  870721           3701
           -3814.311  808960           3713
           -3814.311  70157            1858
           -3814.311  235435           3726
           -3814.311  208797           931
           -3814.311  14000            1867
           -3814.311  634907           3737
           -3814.311  63231            935
           -3814.311  270428           1873
           -3814.311  801526           3747
           -3814.311  280104           1875
           -3814.311  670998           1876
           -3814.311  790059           469
           -3814.311  347110           3761
           -3814.311  288738           940
           -3814.311  945212           3769
           -3814.311  729232           1892
           -3814.311  527050           948
           -3814.311  973357           3796
           -3814.311  673336           1899
           -3814.311  103653           3821
           -3814.311  242713           1911
           -3814.311  373370           3833
           -3814.311  378530           1919
           -3814.311  155749           960
           -3814.311  326269           3855
           -3814.311  401245           1929
           -3814.311  366706           29
           -3814.311  817298           967
           -3814.311  587886           3883
           -3814.311  928085           1946
           -3814.311  195104           3905
           -3814.311  207917           976
           -3814.311  772315           1958
           -3814.311  116136           1960
           -3814.311  883789           1967
           -3814.311  46908            3949
           -3814.311  503540           1984
           -3814.311  118958           994
           -3814.311  123985           248
           -3814.311  455410           999
           -3814.311  140806           1001
           -3814.311  931959           2026
           -3814.311  155622           507
           -3814.311  553174           2033
           -3814.311  68985            17
           -3814.311  260601           36
           -3814.311  614009           317
           -3814.311  215353           164
           -3814.311  602797           336
           -3814.311  303634           169
           -3814.311  399671           13
           -3814.311  373505           88
           -3814.311  787985           482

293 perturbed starting value run(s) did not converge or were rejected in the third stage.



THE BEST LOGLIKELIHOOD VALUE HAS BEEN REPLICATED.  RERUN WITH AT LEAST TWICE THE
RANDOM STARTS TO CHECK THAT THE BEST LOGLIKELIHOOD IS STILL OBTAINED AND REPLICATED.

     THE STANDARD ERRORS OF THE MODEL PARAMETER ESTIMATES MAY NOT BE
     TRUSTWORTHY FOR SOME PARAMETERS DUE TO A NON-POSITIVE DEFINITE
     FIRST-ORDER DERIVATIVE PRODUCT MATRIX.  THIS MAY BE DUE TO THE STARTING
     VALUES BUT MAY ALSO BE AN INDICATION OF MODEL NONIDENTIFICATION.  THE
     CONDITION NUMBER IS       0.110D-13.  PROBLEM INVOLVING THE FOLLOWING PARAMETER:
     Parameter 2, %C#1%: [ I ]

     THE MODEL ESTIMATION DID NOT TERMINATE NORMALLY DUE TO AN ILL-CONDITIONED
     FISHER INFORMATION MATRIX.  CHANGE YOUR MODEL AND/OR STARTING VALUES.

     THE MODEL ESTIMATION DID NOT TERMINATE NORMALLY DUE TO A NON-POSITIVE
     DEFINITE FISHER INFORMATION MATRIX.  THIS MAY BE DUE TO THE STARTING VALUES
     BUT MAY ALSO BE AN INDICATION OF MODEL NONIDENTIFICATION.  THE CONDITION
     NUMBER IS       0.661D-14.

     THE STANDARD ERRORS OF THE MODEL PARAMETER ESTIMATES COULD NOT BE
     COMPUTED.  THIS IS OFTEN DUE TO THE STARTING VALUES BUT MAY ALSO BE
     AN INDICATION OF MODEL NONIDENTIFICATION.  CHANGE YOUR MODEL AND/OR
     STARTING VALUES.  PROBLEM INVOLVING THE FOLLOWING PARAMETER:
     Parameter 2, %C#1%: [ I ]






FINAL CLASS COUNTS AND PROPORTIONS FOR THE LATENT CLASSES
BASED ON THE ESTIMATED MODEL

    Latent
   Classes

       1        312.61158          0.84949
       2         55.38842          0.15051


FINAL CLASS COUNTS AND PROPORTIONS FOR THE LATENT CLASSES
BASED ON ESTIMATED POSTERIOR PROBABILITIES

    Latent
   Classes

       1        312.61158          0.84949
       2         55.38842          0.15051


FINAL CLASS COUNTS AND PROPORTIONS FOR THE LATENT CLASSES
BASED ON THEIR MOST LIKELY LATENT CLASS MEMBERSHIP

Class Counts and Proportions

    Latent
   Classes

       1              304          0.82609
       2               64          0.17391


CLASSIFICATION QUALITY

     Entropy                         0.868


Average Latent Class Probabilities for Most Likely Latent Class Membership (Row)
by Latent Class (Column)

           1        2

    1   0.992    0.008
    2   0.174    0.826


Classification Probabilities for the Most Likely Latent Class Membership (Column)
by Latent Class (Row)

           1        2

    1   0.964    0.036
    2   0.045    0.955


Logits for the Classification Probabilities for the Most Likely Latent Class Membership (Column)
by Latent Class (Row)

              1        2

    1      3.301    0.000
    2     -3.053    0.000


MODEL RESULTS

                    Estimate

Latent Class 1

 I        |
    SOFAS_0            1.000
    SOFAS_12           1.000
    SOFAS_24           1.000

 S        |
    SOFAS_0            0.000
    SOFAS_12          12.000
    SOFAS_24          24.000

 Q        |
    SOFAS_0            0.000
    SOFAS_12         144.000
    SOFAS_24         576.000

 I        WITH
    S              *********
    Q               1174.840

 S        WITH
    Q               -587.475

 Means
    I                 42.318
    S                  2.438
    Q                 -0.063

 Intercepts
    SOFAS_0            0.000
    SOFAS_12           0.000
    SOFAS_24           0.000

 Variances
    I              *********
    S              15274.830
    Q                 24.478

 Residual Variances
    SOFAS_0        *********
    SOFAS_12       *********
    SOFAS_24       *********

Latent Class 2

 I        |
    SOFAS_0            1.000
    SOFAS_12           1.000
    SOFAS_24           1.000

 S        |
    SOFAS_0            0.000
    SOFAS_12          12.000
    SOFAS_24          24.000

 Q        |
    SOFAS_0            0.000
    SOFAS_12         144.000
    SOFAS_24         576.000

 I        WITH
    S              *********
    Q               1174.513

 S        WITH
    Q               -587.523

 Means
    I                 30.414
    S                  3.155
    Q                 -0.079

 Intercepts
    SOFAS_0            0.000
    SOFAS_12           0.000
    SOFAS_24           0.000

 Variances
    I              *********
    S              15275.993
    Q                 24.479

 Residual Variances
    SOFAS_0        *********
    SOFAS_12       *********
    SOFAS_24       *********

Categorical Latent Variables

 Means
    C#1                1.731


MODEL COMMAND WITH FINAL ESTIMATES USED AS STARTING VALUES

     %OVERALL%

     i s q | sofas_0@0 sofas_12@12 sofas_24@24;

     [ c#1*1.73059 ];

     %C#1%

     i WITH s*-42295.27344;
     i WITH q*1174.84021;
     s WITH q*-587.47522;

     [ sofas_0@0 ];
     [ sofas_12@0 ];
     [ sofas_24@0 ];
     [ i*42.31787 ];
     [ s*2.43818 ];
     [ q*-0.06267 ];

     sofas_0*-338257.15625 (1);
     sofas_12*-338257.15625 (1);
     sofas_24*-338257.15625 (1);
     i*338429.59375;
     s*15274.83008;
     q*24.47772;

     %C#2%

     i WITH s*-42282.17969;
     i WITH q*1174.51331;
     s WITH q*-587.52289;

     [ sofas_0@0 ];
     [ sofas_12@0 ];
     [ sofas_24@0 ];
     [ i*30.41421 ];
     [ s*3.15468 ];
     [ q*-0.07892 ];

     sofas_0*-338257.15625 (1);
     sofas_12*-338257.15625 (1);
     sofas_24*-338257.15625 (1);
     i*338257.37500;
     s*15275.99316;
     q*24.47941;



TECHNICAL 1 OUTPUT


     PARAMETER SPECIFICATION FOR LATENT CLASS 1


           NU
              SOFAS_0       SOFAS_12      SOFAS_24
              ________      ________      ________
                    0             0             0


           LAMBDA
              I             S             Q
              ________      ________      ________
 SOFAS_0            0             0             0
 SOFAS_12           0             0             0
 SOFAS_24           0             0             0


           THETA
              SOFAS_0       SOFAS_12      SOFAS_24
              ________      ________      ________
 SOFAS_0            1
 SOFAS_12           0             1
 SOFAS_24           0             0             1


           ALPHA
              I             S             Q
              ________      ________      ________
                    2             3             4


           BETA
              I             S             Q
              ________      ________      ________
 I                  0             0             0
 S                  0             0             0
 Q                  0             0             0


           PSI
              I             S             Q
              ________      ________      ________
 I                  5
 S                  6             7
 Q                  8             9            10


     PARAMETER SPECIFICATION FOR LATENT CLASS 2


           NU
              SOFAS_0       SOFAS_12      SOFAS_24
              ________      ________      ________
                    0             0             0


           LAMBDA
              I             S             Q
              ________      ________      ________
 SOFAS_0            0             0             0
 SOFAS_12           0             0             0
 SOFAS_24           0             0             0


           THETA
              SOFAS_0       SOFAS_12      SOFAS_24
              ________      ________      ________
 SOFAS_0            1
 SOFAS_12           0             1
 SOFAS_24           0             0             1


           ALPHA
              I             S             Q
              ________      ________      ________
                   11            12            13


           BETA
              I             S             Q
              ________      ________      ________
 I                  0             0             0
 S                  0             0             0
 Q                  0             0             0


           PSI
              I             S             Q
              ________      ________      ________
 I                 14
 S                 15            16
 Q                 17            18            19


     PARAMETER SPECIFICATION FOR LATENT CLASS REGRESSION MODEL PART


           ALPHA(C)
              C#1           C#2
              ________      ________
                   20             0


     STARTING VALUES FOR LATENT CLASS 1


           NU
              SOFAS_0       SOFAS_12      SOFAS_24
              ________      ________      ________
                0.000         0.000         0.000


           LAMBDA
              I             S             Q
              ________      ________      ________
 SOFAS_0        1.000         0.000         0.000
 SOFAS_12       1.000        12.000       144.000
 SOFAS_24       1.000        24.000       576.000


           THETA
              SOFAS_0       SOFAS_12      SOFAS_24
              ________      ________      ________
 SOFAS_0       82.380
 SOFAS_12       0.000       142.709
 SOFAS_24       0.000         0.000       164.623


           ALPHA
              I             S             Q
              ________      ________      ________
               39.964         2.479        -0.063


           BETA
              I             S             Q
              ________      ________      ________
 I              0.000         0.000         0.000
 S              0.000         0.000         0.000
 Q              0.000         0.000         0.000


           PSI
              I             S             Q
              ________      ________      ________
 I            141.902
 S              0.000         7.064
 Q              0.000         0.000         0.010


     STARTING VALUES FOR LATENT CLASS 2


           NU
              SOFAS_0       SOFAS_12      SOFAS_24
              ________      ________      ________
                0.000         0.000         0.000


           LAMBDA
              I             S             Q
              ________      ________      ________
 SOFAS_0        1.000         0.000         0.000
 SOFAS_12       1.000        12.000       144.000
 SOFAS_24       1.000        24.000       576.000


           THETA
              SOFAS_0       SOFAS_12      SOFAS_24
              ________      ________      ________
 SOFAS_0       82.380
 SOFAS_12       0.000       142.709
 SOFAS_24       0.000         0.000       164.623


           ALPHA
              I             S             Q
              ________      ________      ________
               39.964         2.479        -0.063


           BETA
              I             S             Q
              ________      ________      ________
 I              0.000         0.000         0.000
 S              0.000         0.000         0.000
 Q              0.000         0.000         0.000


           PSI
              I             S             Q
              ________      ________      ________
 I            141.902
 S              0.000         7.064
 Q              0.000         0.000         0.010


     STARTING VALUES FOR LATENT CLASS REGRESSION MODEL PART


           ALPHA(C)
              C#1           C#2
              ________      ________
                0.000         0.000


TECHNICAL 7 OUTPUT


     SAMPLE STATISTICS WEIGHTED BY ESTIMATED CLASS PROBABILITIES FOR CLASS 1


           Means
              SOFAS_0       SOFAS_12      SOFAS_24
              ________      ________      ________
               42.336        62.528        64.027


           Covariances
              SOFAS_0       SOFAS_12      SOFAS_24
              ________      ________      ________
 SOFAS_0      172.519
 SOFAS_12      82.233       270.264
 SOFAS_24     -14.834        87.820       332.584


     SAMPLE STATISTICS WEIGHTED BY ESTIMATED CLASS PROBABILITIES FOR CLASS 2


           Means
              SOFAS_0       SOFAS_12      SOFAS_24
              ________      ________      ________
               30.415        57.337        60.654


           Covariances
              SOFAS_0       SOFAS_12      SOFAS_24
              ________      ________      ________
 SOFAS_0        0.244
 SOFAS_12       5.374       347.771
 SOFAS_24       8.141       229.120       301.528


TECHNICAL 11 OUTPUT

     Random Starts Specifications for the k-1 Class Analysis Model
        Number of initial stage random starts                2000
        Number of final stage optimizations                   500



SAVEDATA INFORMATION

     Class probabilities were not computed.
     No data were saved.


     Beginning Time:  15:39:46
        Ending Time:  15:40:05
       Elapsed Time:  00:00:19



MUTHEN & MUTHEN
3463 Stoner Ave.
Los Angeles, CA  90066

Tel: (310) 391-9971
Fax: (310) 391-8971
Web: www.StatModel.com
Support: Support@StatModel.com

Copyright (c) 1998-2021 Muthen & Muthen
