Mplus VERSION 8.6 (Mac)
MUTHEN & MUTHEN
02/12/2024  11:51 AM

INPUT INSTRUCTIONS

  TITLE:
  GMM_CI_isq@0_CT
  DATA:
  FILE = "/Users/olivierpercie/Desktop/LGM/SOFAS/460/SOFAS/Results/GMM/CI/isq@0/GMM8.dat";

  VARIABLE:
  NAMES = pin SOFAS_0 SOFAS_12 SOFAS_24;
   MISSING=.;
   USEVAR = SOFAS_0 SOFAS_12 SOFAS_24;
  IDVAR = pin;
  CLASSES = c(2);
  ANALYSIS:
  TYPE = MIXTURE;
  STARTS = 4000 1000;
  K-1STARTS = 2000 500;
  DISTRIBUTION = NORMAL;
  PROCESSORS = 8;
  MODEL:
  %OVERALL%
  i s q | SOFAS_0@0 SOFAS_12@12 SOFAS_24@24;
  i s q@0;
  i WITH s q;
  s WITH q;
  SOFAS_0 SOFAS_12 SOFAS_24;
  %C#1%
  SOFAS_0 (1);
  SOFAS_12 (2);
  SOFAS_24 (3);
  %C#2%
  SOFAS_0 (4);
  SOFAS_12 (5);
  SOFAS_24 (6);
  OUTPUT:
  TECH7;
  TECH11;
  SAMPSTAT;
  STANDARDIZED;
  CINTERVAL;
  SAVEDATA:
  FILE = GMM_CI_isq@0_CT_est.dat;
  SAVE = CPROBABILITIES FSCORES;



*** WARNING in MODEL command
  All continuous latent variable covariances involving Q have been fixed to 0
  because the variance of Q is fixed at 0.
   1 WARNING(S) FOUND IN THE INPUT INSTRUCTIONS




GMM_CI_isq@0_CT

SUMMARY OF ANALYSIS

Number of groups                                                 1
Number of observations                                         460

Number of dependent variables                                    3
Number of independent variables                                  0
Number of continuous latent variables                            3
Number of categorical latent variables                           1

Observed dependent variables

  Continuous
   SOFAS_0     SOFAS_12    SOFAS_24

Continuous latent variables
   I           S           Q

Categorical latent variables
   C

Variables with special functions

  ID variable           PIN

Estimator                                                      MLR
Information matrix                                        OBSERVED
Optimization Specifications for the Quasi-Newton Algorithm for
Continuous Outcomes
  Maximum number of iterations                                 100
  Convergence criterion                                  0.100D-05
Optimization Specifications for the EM Algorithm
  Maximum number of iterations                                 500
  Convergence criteria
    Loglikelihood change                                 0.100D-06
    Relative loglikelihood change                        0.100D-06
    Derivative                                           0.100D-05
Optimization Specifications for the M step of the EM Algorithm for
Categorical Latent variables
  Number of M step iterations                                    1
  M step convergence criterion                           0.100D-05
  Basis for M step termination                           ITERATION
Optimization Specifications for the M step of the EM Algorithm for
Censored, Binary or Ordered Categorical (Ordinal), Unordered
Categorical (Nominal) and Count Outcomes
  Number of M step iterations                                    1
  M step convergence criterion                           0.100D-05
  Basis for M step termination                           ITERATION
  Maximum value for logit thresholds                            15
  Minimum value for logit thresholds                           -15
  Minimum expected cell size for chi-square              0.100D-01
Maximum number of iterations for H1                           2000
Convergence criterion for H1                             0.100D-03
Optimization algorithm                                         EMA
Random Starts Specifications
  Number of initial stage random starts                       4000
  Number of final stage optimizations                         1000
  Number of initial stage iterations                            10
  Initial stage convergence criterion                    0.100D+01
  Random starts scale                                    0.500D+01
  Random seed for generating random starts                       0

Input data file(s)
  /Users/olivierpercie/Desktop/LGM/SOFAS/460/SOFAS/Results/GMM/CI/isq@0/GMM8.dat
Input data format  FREE


SUMMARY OF DATA

     Number of missing data patterns             4
     Number of y missing data patterns           4
     Number of u missing data patterns           0


COVARIANCE COVERAGE OF DATA

Minimum covariance coverage value   0.100


     PROPORTION OF DATA PRESENT FOR Y


           Covariance Coverage
              SOFAS_0       SOFAS_12      SOFAS_24
              ________      ________      ________
 SOFAS_0        0.972
 SOFAS_12       0.889         0.917
 SOFAS_24       0.602         0.548         0.630


SAMPLE STATISTICS


     ESTIMATED SAMPLE STATISTICS


           Means
              SOFAS_0       SOFAS_12      SOFAS_24
              ________      ________      ________
               40.083        61.234        64.437


           Covariances
              SOFAS_0       SOFAS_12      SOFAS_24
              ________      ________      ________
 SOFAS_0      160.362
 SOFAS_12      60.346       294.342
 SOFAS_24      49.403       177.204       325.939


           Correlations
              SOFAS_0       SOFAS_12      SOFAS_24
              ________      ________      ________
 SOFAS_0        1.000
 SOFAS_12       0.278         1.000
 SOFAS_24       0.216         0.572         1.000


     MAXIMUM LOG-LIKELIHOOD VALUE FOR THE UNRESTRICTED (H1) MODEL IS -4749.989


UNIVARIATE SAMPLE STATISTICS


     UNIVARIATE HIGHER-ORDER MOMENT DESCRIPTIVE STATISTICS

         Variable/         Mean/     Skewness/   Minimum/ % with                Percentiles
        Sample Size      Variance    Kurtosis    Maximum  Min/Max      20%/60%    40%/80%    Median

     SOFAS_0              40.083       0.647      15.000    0.22%      30.000     35.000     40.000
             447.000     160.358       0.033      85.000    0.22%      40.000     51.000
     SOFAS_12             61.251      -0.176      20.000    0.24%      45.000     55.000     61.000
             422.000     293.643      -0.837      95.000    0.24%      68.000     80.000
     SOFAS_24             63.862      -0.297       5.000    0.34%      50.000     60.000     65.000
             290.000     330.636      -0.632     100.000    0.69%      70.000     80.000

RANDOM STARTS RESULTS RANKED FROM THE BEST TO THE WORST LOGLIKELIHOOD VALUES


68 perturbed starting value run(s) did not converge or were rejected in the third stage.
Final stage loglikelihood values at local maxima, seeds, and initial stage start numbers:

           -4719.075  537745           1324
           -4719.075  164804           3420
           -4719.075  704532           3637
           -4719.075  850112           922
           -4719.075  334766           2929
           -4719.075  643910           1957
           -4719.075  420002           2011
           -4719.075  944394           1024
           -4719.075  91413            3045
           -4719.075  328661           813
           -4719.075  917267           3731
           -4719.075  569131           26
           -4719.075  349360           464
           -4719.075  566943           1023
           -4719.075  781349           1079
           -4719.075  566739           575
           -4719.075  62585            2342
           -4719.075  321574           1185
           -4719.075  373815           618
           -4719.075  661978           1281
           -4719.075  660326           2639
           -4719.075  13571            2669
           -4719.075  404917           1338
           -4719.075  81124            2677
           -4719.075  2292             2715
           -4719.075  667170           1379
           -4719.075  703313           1415
           -4719.075  436170           2936
           -4719.075  953003           1478
           -4719.075  474518           3111
           -4719.075  556697           3174
           -4719.075  377751           3260
           -4719.075  659367           3347
           -4719.075  387354           3356
           -4719.075  965074           1719
           -4719.075  926659           3548
           -4719.075  470466           3642
           -4719.075  928789           3670
           -4719.075  758647           951
           -4719.075  568534           961
           -4719.075  470038           3874
           -4719.075  476295           969
           -4719.075  497522           502
           -4719.075  53621            483
           -4719.075  422103           62
           -4719.075  987012           1067
           -4719.075  100595           1766
           -4719.075  921550           3934
           -4719.075  410745           3424
           -4719.763  325724           1043
           -4719.763  441118           1091
           -4719.763  831410           567
           -4719.763  374735           1178
           -4719.763  84013            598
           -4719.763  493368           2483
           -4719.763  432950           1244
           -4719.763  463473           1249
           -4719.763  386373           2504
           -4719.763  681671           1253
           -4719.763  427273           2524
           -4719.763  668003           647
           -4719.763  634407           2620
           -4719.763  907407           2624
           -4719.763  941497           1317
           -4719.763  837902           2663
           -4719.763  995255           2705
           -4719.763  158725           2825
           -4719.763  559901           2956
           -4719.763  746057           3003
           -4719.763  743613           3179
           -4719.763  630121           3187
           -4719.763  235334           1613
           -4719.763  649554           3231
           -4719.763  754057           3252
           -4719.763  294492           3513
           -4719.763  219035           3545
           -4719.763  400467           1806
           -4719.763  227272           1831
           -4719.763  670998           1876
           -4719.763  460304           3764
           -4719.763  106529           3767
           -4719.763  992610           3795
           -4719.763  849285           3864
           -4719.763  416483           3999
           -4719.763  140806           1001
           -4719.763  961880           2019
           -4719.763  275475           413
           -4719.763  49221            254
           -4719.763  92689            304
           -4719.763  23012            352
           -4719.763  791285           416
           -4719.763  608849           224
           -4719.763  188640           451
           -4719.763  178475           231
           -4719.763  118421           139
           -4719.763  597614           284
           -4719.763  957392           79
           -4719.763  456213           160
           -4719.763  170954           86
           -4719.763  849670           347
           -4719.763  22362            365
           -4719.763  407108           366
           -4719.763  247224           94
           -4719.763  879211           453
           -4719.763  965639           463
           -4719.763  85114            385
           -4719.763  371246           101
           -4719.763  640833           434
           -4719.763  408713           450
           -4719.763  754100           56
           -4719.763  268896           124
           -4719.763  260601           36
           -4719.763  303634           169
           -4719.763  928287           197
           -4719.763  319575           499
           -4719.763  432148           30
           -4719.763  42638            2048
           -4719.763  720696           2058
           -4719.763  140849           515
           -4719.763  460521           1032
           -4719.763  387016           1035
           -4719.763  786248           2076
           -4719.763  320864           2078
           -4719.763  905166           1042
           -4719.763  233050           2087
           -4719.763  486622           522
           -4719.763  456915           2092
           -4719.763  971278           2094
           -4719.763  454111           2097
           -4719.763  385042           2101
           -4719.763  995249           525
           -4719.763  186808           2105
           -4719.763  729401           2106
           -4719.763  104688           2107
           -4719.763  259758           1054
           -4719.763  268642           2114
           -4719.763  701526           1057
           -4719.763  900817           1060
           -4719.763  704798           530
           -4719.763  60038            1064
           -4719.763  105748           2129
           -4719.763  228451           1066
           -4719.763  496016           2135
           -4719.763  25174            2136
           -4719.763  524942           2139
           -4719.763  77237            2141
           -4719.763  813605           2152
           -4719.763  723035           538
           -4719.763  154575           539
           -4719.763  355674           540
           -4719.763  979988           2164
           -4719.763  137654           1084
           -4719.763  672643           1085
           -4719.763  703715           2171
           -4719.763  731610           1087
           -4719.763  88140            1089
           -4719.763  592043           1090
           -4719.763  897782           545
           -4719.763  80               2188
           -4719.763  176837           2193
           -4719.763  672942           1098
           -4719.763  754267           2203
           -4719.763  179090           2206
           -4719.763  848331           137
           -4719.763  321112           1103
           -4719.763  578567           2212
           -4719.763  422004           1107
           -4719.763  350074           2220
           -4719.763  51011            1111
           -4719.763  736746           2224
           -4719.763  623120           1114
           -4719.763  172913           557
           -4719.763  574942           558
           -4719.763  312754           562
           -4719.763  283146           1126
           -4719.763  690314           1128
           -4719.763  364671           2261
           -4719.763  804104           566
           -4719.763  889020           2277
           -4719.763  117731           570
           -4719.763  938409           1144
           -4719.763  364335           2289
           -4719.763  469158           1145
           -4719.763  753916           2300
           -4719.763  3685             2310
           -4719.763  367213           2313
           -4719.763  901159           1166
           -4719.763  359127           2337
           -4719.763  358083           2344
           -4719.763  428783           1176
           -4719.763  974762           2360
           -4719.763  788599           1180
           -4719.763  465028           2361
           -4719.763  554483           1182
           -4719.763  158157           1183
           -4719.763  753696           2372
           -4719.763  925846           2405
           -4719.763  447667           2408
           -4719.763  383979           603
           -4719.763  931896           2418
           -4719.763  402699           604
           -4719.763  460407           2435
           -4719.763  832406           2449
           -4719.763  614032           1226
           -4719.763  291922           2463
           -4719.763  16008            2464
           -4719.763  459547           2467
           -4719.763  443741           1236
           -4719.763  293428           2473
           -4719.763  665858           1238
           -4719.763  738393           619
           -4719.763  763285           620
           -4719.763  392602           2487
           -4719.763  822698           621
           -4719.763  180878           1246
           -4719.763  445689           1248
           -4719.763  949451           2497
           -4719.763  656945           1255
           -4719.763  59651            2517
           -4719.763  293349           2520
           -4719.763  972873           157
           -4719.763  182163           1264
           -4719.763  590471           2534
           -4719.763  908248           2536
           -4719.763  583657           2537
           -4719.763  705631           1269
           -4719.763  612586           2543
           -4719.763  322790           636
           -4719.763  209421           2547
           -4719.763  294811           637
           -4719.763  667455           2558
           -4719.763  692908           2561
           -4719.763  877707           2564
           -4719.763  410512           1282
           -4719.763  670915           2568
           -4719.763  636052           2569
           -4719.763  62835            642
           -4719.763  124829           1292
           -4719.763  93523            2589
           -4719.763  930781           2594
           -4719.763  162072           2595
           -4719.763  505784           2597
           -4719.763  480009           2598
           -4719.763  193990           1303
           -4719.763  242319           2616
           -4719.763  518570           1308
           -4719.763  369684           1309
           -4719.763  461409           1310
           -4719.763  939870           655
           -4719.763  358449           2627
           -4719.763  101894           2632
           -4719.763  934413           2635
           -4719.763  463409           2648
           -4719.763  864574           2650
           -4719.763  993504           2658
           -4719.763  163116           1329
           -4719.763  682047           2666
           -4719.763  350191           2671
           -4719.763  59963            670
           -4719.763  153302           2685
           -4719.763  188340           1343
           -4719.763  182461           1346
           -4719.763  77289            2693
           -4719.763  641965           2699
           -4719.763  49633            2701
           -4719.763  679890           2703
           -4719.763  404042           675
           -4719.763  282806           2710
           -4719.763  574412           679
           -4719.763  722647           2722
           -4719.763  266340           683
           -4719.763  106561           686
           -4719.763  842091           1373
           -4719.763  450181           2760
           -4719.763  916339           2764
           -4719.763  153920           2767
           -4719.763  832850           2779
           -4719.763  320884           1390
           -4719.763  227999           1392
           -4719.763  536551           696
           -4719.763  321423           2787
           -4719.763  488663           2790
           -4719.763  56630            2793
           -4719.763  947822           2797
           -4719.763  669639           699
           -4719.763  848505           2799
           -4719.763  964570           701
           -4719.763  900432           2808
           -4719.763  855963           1408
           -4719.763  157105           2817
           -4719.763  432960           2818
           -4719.763  963053           43
           -4719.763  288190           2844
           -4719.763  448580           2845
           -4719.763  372635           2849
           -4719.763  602306           2856
           -4719.763  338892           1432
           -4719.763  607072           717
           -4719.763  33659            1435
           -4719.763  633668           2874
           -4719.763  512403           719
           -4719.763  173429           2879
           -4719.763  559773           1440
           -4719.763  655632           2885
           -4719.763  512630           2886
           -4719.763  949311           2889
           -4719.763  185064           1449
           -4719.763  892583           2900
           -4719.763  685140           1450
           -4719.763  468731           1451
           -4719.763  709906           2904
           -4719.763  991258           2910
           -4719.763  374171           2920
           -4719.763  107362           2928
           -4719.763  792772           2930
           -4719.763  548673           732
           -4719.763  985445           2934
           -4719.763  902278           21
           -4719.763  682718           733
           -4719.763  537007           1472
           -4719.763  954055           2952
           -4719.763  892537           2957
           -4719.763  371518           2959
           -4719.763  352849           2962
           -4719.763  380941           2968
           -4719.763  802785           2969
           -4719.763  277422           1485
           -4719.763  713348           2976
           -4719.763  599306           2979
           -4719.763  809654           1491
           -4719.763  682382           2984
           -4719.763  695486           1500
           -4719.763  34900            3002
           -4719.763  236640           3013
           -4719.763  626264           3014
           -4719.763  854613           3023
           -4719.763  75643            3024
           -4719.763  127362           757
           -4719.763  539423           1517
           -4719.763  80226            3041
           -4719.763  839525           3054
           -4719.763  88388            1527
           -4719.763  384859           1530
           -4719.763  109357           765
           -4719.763  79196            3069
           -4719.763  585607           1537
           -4719.763  979276           3085
           -4719.763  45696            1543
           -4719.763  948834           3090
           -4719.763  453384           1545
           -4719.763  467054           3103
           -4719.763  837992           3104
           -4719.763  214821           3108
           -4719.763  240241           3113
           -4719.763  40947            3116
           -4719.763  883576           3118
           -4719.763  133285           3126
           -4719.763  587750           3135
           -4719.763  585553           3136
           -4719.763  16207            1568
           -4719.763  935426           3142
           -4719.763  590834           785
           -4719.763  865890           1571
           -4719.763  995913           787
           -4719.763  568279           1580
           -4719.763  227770           3166
           -4719.763  488814           3170
           -4719.763  252020           1585
           -4719.763  621978           1587
           -4719.763  829575           3177
           -4719.763  965994           396
           -4719.763  815575           1593
           -4719.763  627151           1601
           -4719.763  72387            3203
           -4719.763  505528           1604
           -4719.763  32468            1606
           -4719.763  224806           3213
           -4719.763  755386           3214
           -4719.763  432513           803
           -4719.763  591290           1607
           -4719.763  432765           1609
           -4719.763  611958           3226
           -4719.763  142853           3228
           -4719.763  272764           3230
           -4719.763  588056           3232
           -4719.763  560128           3233
           -4719.763  496344           808
           -4719.763  863643           1619
           -4719.763  596257           405
           -4719.763  238317           812
           -4719.763  529346           1633
           -4719.763  599524           3268
           -4719.763  852387           3269
           -4719.763  168888           817
           -4719.763  178659           1637
           -4719.763  102845           1640
           -4719.763  616776           3283
           -4719.763  627047           3288
           -4719.763  370560           3292
           -4719.763  634333           1648
           -4719.763  261364           3301
           -4719.763  514098           3306
           -4719.763  170194           1653
           -4719.763  301682           3315
           -4719.763  736705           3319
           -4719.763  82200            830
           -4719.763  269990           3326
           -4719.763  427979           3337
           -4719.763  761888           3339
           -4719.763  895274           3342
           -4719.763  679391           3354
           -4719.763  914505           838
           -4719.763  778787           1677
           -4719.763  161998           3357
           -4719.763  839912           3360
           -4719.763  137767           3361
           -4719.763  958803           1685
           -4719.763  131063           843
           -4719.763  663189           3378
           -4719.763  987174           1689
           -4719.763  198168           3382
           -4719.763  766824           3385
           -4719.763  712456           3386
           -4719.763  622568           3402
           -4719.763  290171           3413
           -4719.763  812064           3427
           -4719.763  903141           3435
           -4719.763  126237           3443
           -4719.763  109599           3448
           -4719.763  785023           3454
           -4719.763  125089           1730
           -4719.763  546943           865
           -4719.763  212241           3466
           -4719.763  576783           866
           -4719.763  483093           3467
           -4719.763  654041           3472
           -4719.763  127359           1737
           -4719.763  777529           3477
           -4719.763  720663           3478
           -4719.763  869564           869
           -4719.763  821678           3482
           -4719.763  230385           3488
           -4719.763  232480           3496
           -4719.763  238331           1749
           -4719.763  999729           3503
           -4719.763  836345           1752
           -4719.763  371378           3506
           -4719.763  485635           876
           -4719.763  15160            3507
           -4719.763  978555           3508
           -4719.763  805768           879
           -4719.763  398067           1759
           -4719.763  4730             1760
           -4719.763  685155           1761
           -4719.763  557917           3523
           -4719.763  457017           1762
           -4719.763  271319           1765
           -4719.763  582630           3537
           -4719.763  141171           3553
           -4719.763  299774           1777
           -4719.763  857122           889
           -4719.763  540314           3561
           -4719.763  335877           3566
           -4719.763  323342           3569
           -4719.763  802928           892
           -4719.763  65917            3572
           -4719.763  109229           3573
           -4719.763  588962           1790
           -4719.763  670286           3582
           -4719.763  472001           1791
           -4719.763  353580           1794
           -4719.763  647125           3590
           -4719.763  72344            897
           -4719.763  424223           900
           -4719.763  195873           6
           -4719.763  137888           901
           -4719.763  496935           1805
           -4719.763  643723           1807
           -4719.763  970838           3615
           -4719.763  572695           3617
           -4719.763  181069           1810
           -4719.763  987487           3627
           -4719.763  725009           3633
           -4719.763  891259           3635
           -4719.763  327927           908
           -4719.763  930501           1819
           -4719.763  414110           1821
           -4719.763  480926           1824
           -4719.763  666197           3650
           -4719.763  189568           3651
           -4719.763  712638           1827
           -4719.763  484116           915
           -4719.763  370434           1832
           -4719.763  346749           3671
           -4719.763  396614           918
           -4719.763  5139             3676
           -4719.763  539751           459
           -4719.763  239389           3680
           -4719.763  821206           1840
           -4719.763  945083           1842
           -4719.763  997222           229
           -4719.763  567252           1843
           -4719.763  491690           3688
           -4719.763  785753           3689
           -4719.763  530559           1845
           -4719.763  291035           3696
           -4719.763  572342           1848
           -4719.763  972349           3700
           -4719.763  269529           1850
           -4719.763  74518            927
           -4719.763  121292           3717
           -4719.763  269910           1861
           -4719.763  997513           3727
           -4719.763  133843           3729
           -4719.763  812578           1865
           -4719.763  65952            933
           -4719.763  950120           3742
           -4719.763  331689           1872
           -4719.763  32422            3759
           -4719.763  250295           1884
           -4719.763  611668           3776
           -4719.763  342197           3777
           -4719.763  11397            944
           -4719.763  900041           3785
           -4719.763  288706           3789
           -4719.763  848382           3790
           -4719.763  228459           947
           -4719.763  673336           1899
           -4719.763  105990           3803
           -4719.763  239088           1902
           -4719.763  307652           3808
           -4719.763  501017           1904
           -4719.763  990598           3810
           -4719.763  203018           3813
           -4719.763  889774           954
           -4719.763  242713           1911
           -4719.763  759125           3824
           -4719.763  170662           3825
           -4719.763  332331           1913
           -4719.763  884242           957
           -4719.763  479256           1915
           -4719.763  270107           3831
           -4719.763  605784           3836
           -4719.763  933977           1918
           -4719.763  816765           959
           -4719.763  953267           3840
           -4719.763  155749           960
           -4719.763  448388           3844
           -4719.763  72450            1922
           -4719.763  456199           3845
           -4719.763  856347           1927
           -4719.763  129198           1928
           -4719.763  286621           3857
           -4719.763  297994           3862
           -4719.763  787985           482
           -4719.763  208620           965
           -4719.763  181512           3866
           -4719.763  108881           3869
           -4719.763  817298           967
           -4719.763  444363           1936
           -4719.763  990442           3892
           -4719.763  467831           3896
           -4719.763  891481           1948
           -4719.763  956984           3898
           -4719.763  635245           121
           -4719.763  750839           3904
           -4719.763  768687           1953
           -4719.763  614401           3907
           -4719.763  440696           3915
           -4719.763  608763           3918
           -4719.763  116136           1960
           -4719.763  189463           1961
           -4719.763  227786           1964
           -4719.763  487467           3932
           -4719.763  156536           245
           -4719.763  312951           3935
           -4719.763  506228           3939
           -4719.763  869520           3943
           -4719.763  888626           3959
           -4719.763  329099           3992
           -4719.763  664138           3993
           -4719.763  662162           4000
           -4719.763  76204            2003
           -4719.763  788293           1003
           -4719.763  429335           2021
           -4719.763  697866           1018
           -4719.763  957086           1019
           -4719.763  818278           2043
           -4719.763  782096           2045
           -4719.763  15715            274
           -4719.763  606576           151
           -4719.763  73576            213
           -4719.763  751153           110
           -4719.763  582296           452
           -4719.763  411615           171
           -4719.763  625191           350
           -4719.763  79945            395
           -4719.763  347515           24
           -4719.763  699554           427
           -4719.763  850840           232
           -4719.763  609089           241
           -4719.763  978061           488
           -4719.763  791396           243
           -4719.763  618760           489
           -4719.763  340112           126
           -4719.763  830392           35
           -4719.763  996231           310
           -4719.763  780698           337
           -4719.763  722748           346
           -4719.763  76451            211
           -4719.763  903420           5
           -4719.763  175199           247
           -4719.763  150531           154
           -4719.763  405079           68
           -4719.763  521575           313
           -4719.763  329127           185
           -4719.763  259507           53
           -4719.763  224950           455
           -4719.763  616917           261
           -4719.763  679832           302
           -4719.763  741888           138
           -4719.763  318230           46
           -4719.763  354624           448
           -4719.763  797594           234
           -4719.763  701525           239
           -4719.763  68985            17
           -4719.763  913639           162
           -4719.763  714997           399
           -4719.763  57226            208
           -4719.763  960438           116
           -4719.763  24045            2066
           -4719.763  190781           2095
           -4719.763  481592           2133
           -4719.763  137614           2198
           -4719.763  359063           1108
           -4719.763  775844           2371
           -4719.763  221460           2375
           -4719.763  275864           2426
           -4719.763  738551           1214
           -4719.763  842637           2453
           -4719.763  785309           2490
           -4719.763  490008           2542
           -4719.763  512360           2565
           -4719.763  291388           2571
           -4719.763  167220           2608
           -4719.763  465996           2638
           -4719.763  7195             697
           -4719.763  441191           361
           -4719.763  42523            730
           -4719.763  109208           2938
           -4719.763  10968            1492
           -4719.763  10632            3008
           -4719.763  958223           3032
           -4719.763  425133           3079
           -4719.763  507154           387
           -4719.763  158480           3119
           -4719.763  398349           3156
           -4719.763  702449           3161
           -4719.763  710445           792
           -4719.763  364895           1590
           -4719.763  485590           3195
           -4719.763  19333            3229
           -4719.763  431630           3264
           -4719.763  968853           3327
           -4719.763  893448           3352
           -4719.763  544009           842
           -4719.763  473343           844
           -4719.763  115028           1718
           -4719.763  255016           1731
           -4719.763  433121           3473
           -4719.763  633122           3524
           -4719.763  330328           3541
           -4719.763  995233           3558
           -4719.763  406311           3560
           -4719.763  315772           3575
           -4719.763  165822           1803
           -4719.763  274000           3607
           -4719.763  513179           3613
           -4719.763  899876           1808
           -4719.763  796166           3654
           -4719.763  673681           3809
           -4719.763  369024           1905
           -4719.763  195981           3849
           -4719.763  424772           3852
           -4719.763  207917           976
           -4719.763  112441           3926
           -4719.763  118958           994
           -4719.763  169882           2005
           -4719.763  613319           2008
           -4719.763  948615           140
           -4719.763  358074           560
           -4719.763  74049            2269
           -4719.763  308582           752
           -4719.763  977507           1716
           -4719.763  578301           3550
           -4719.763  607642           1838
           -4719.763  589483           950
           -4719.763  179079           3958
           -4719.763  46437            153
           -4719.763  802779           122
           -4719.763  881652           2539
           -4719.763  337381           1397
           -4719.763  134830           780
           -4719.763  209869           2861
           -4719.763  94573            983
           -4719.763  231366           1137
           -4719.763  53570            3143
           -4719.763  545756           1056
           -4719.763  672339           1693
           -4719.763  985325           1890
           -4719.763  407049           2089
           -4719.763  797493           1563
           -4719.763  910119           1886
           -4719.763  910119           2034
           -4719.763  497690           2173
           -4719.763  970939           3115
           -4719.763  536017           2977
           -4719.763  781442           1230
           -4719.763  195407           1278
           -4719.763  446548           3875
           -4719.763  964999           1522
           -4719.763  578694           1608
           -4719.763  818353           1256
           -4719.763  769461           3606
           -4719.763  500237           3358
           -4719.763  681680           3557
           -4719.940  354208           196
           -4719.940  410793           1134
           -4719.940  415769           1149
           -4719.940  52010            2350
           -4719.940  617658           660
           -4719.940  638862           2753
           -4719.940  386915           2902
           -4719.940  111066           1509
           -4719.940  131202           1575
           -4719.940  785277           1603
           -4719.940  735183           1666
           -4719.940  785215           3364
           -4719.940  465160           862
           -4719.940  592063           3453
           -4719.940  297461           3628
           -4719.940  164643           1941
           -4719.940  262076           2015
           -4719.940  935195           2040
           -4719.940  499150           216
           -4719.940  36077            2054
           -4719.940  168205           2110
           -4719.940  300582           2236
           -4719.940  908201           2317
           -4719.940  650387           2345
           -4719.940  887941           2425
           -4719.940  224410           1220
           -4719.940  697540           2448
           -4719.940  752476           614
           -4719.940  826132           2518
           -4719.940  732596           320
           -4719.940  638977           643
           -4719.940  435399           2896
           -4719.940  254551           996
           -4719.940  529627           1542
           -4719.940  733175           1857
           -4721.514  312061           2184
           -4721.514  27690            2347
           -4721.514  24070            1212
           -4721.514  485816           3092
           -4721.514  217990           1077
           -4721.514  998744           2367
           -4721.514  377584           630
           -4721.514  640602           2778
           -4721.514  35191            703
           -4721.514  570388           2819
           -4721.514  570681           777
           -4721.514  51296            3485
           -4721.514  459408           3621
           -4728.343  286735           175
           -4729.329  414059           1200
           -4732.659  872743           374
           -4732.659  992389           77
           -4732.659  699748           1120
           -4732.659  582181           2417
           -4732.659  36642            2509
           -4732.659  60547            2590
           -4732.659  770836           2614
           -4732.659  175583           1362
           -4732.659  772758           2829
           -4732.659  982520           737
           -4732.659  494663           1498
           -4732.659  85666            1654
           -4732.659  724245           3384
           -4732.659  877705           3399
           -4732.659  279482           1895
           -4732.659  551300           3969
           -4732.659  766903           505
           -4732.659  736574           414
           -4732.659  691234           250
           -4732.659  660650           2678
           -4732.659  69526            3599
           -4732.659  399071           1007
           -4732.659  247610           2039
           -4732.659  917702           693
           -4732.659  502495           724
           -4732.659  418686           338
           -4732.659  807584           2470
           -4732.659  123102           1302
           -4732.659  966014           37
           -4732.659  946393           2216
           -4732.659  794426           3076
           -4732.659  415527           3602
           -4732.659  331259           1947
           -4732.659  586510           1446
           -4732.659  804872           2707
           -4732.659  804561           59
           -4732.659  987560           985
           -4732.659  67009            564
           -4732.659  975082           2079
           -4732.659  664045           3406
           -4733.885  269874           1756
           -4738.075  360419           356
           -4738.075  907676           1101
           -4738.075  586561           1735
           -4738.075  360597           1174
           -4739.182  812494           2144
           -4739.182  475420           71
           -4740.134  330772           2031
           -4740.134  225630           3846
           -4740.134  726025           1445
           -4740.584  123098           2191
           -4740.584  668655           2036
           -4740.584  622173           992
           -4740.584  262022           1467
           -4740.584  425140           1378
           -4740.584  186047           1513
           -4740.584  164125           3042
           -4740.584  15150            3087
           -4740.584  985883           3015
           -4740.584  467957           2919
           -4740.584  630704           2295
           -4740.584  435058           3535
           -4742.015  654884           1352
           -4742.015  498962           3653
           -4742.015  868112           1484
           -4742.015  661264           1181
           -4745.127  540809           3389
           -4745.127  440841           118
           -4745.127  457623           2246
           -4745.127  171931           2257
           -4745.127  196844           3804
           -4745.127  696266           1192
           -4745.127  101331           2582
           -4745.127  330254           2684
           -4745.127  425929           508
           -4745.127  371138           2042
           -4745.127  7033             2329
           -4745.127  768629           3984
           -4745.127  235969           1579
           -4748.903  168437           2127
           -4748.903  424818           2756
           -4748.903  266630           3429
           -4748.903  707067           2876

141 perturbed starting value run(s) did not converge or were rejected in the third stage.



THE BEST LOGLIKELIHOOD VALUE HAS BEEN REPLICATED.  RERUN WITH AT LEAST TWICE THE
RANDOM STARTS TO CHECK THAT THE BEST LOGLIKELIHOOD IS STILL OBTAINED AND REPLICATED.


THE MODEL ESTIMATION TERMINATED NORMALLY

     WARNING:  THE RESIDUAL COVARIANCE MATRIX (THETA) IN CLASS 1 IS NOT
     POSITIVE DEFINITE.  THIS COULD INDICATE A NEGATIVE VARIANCE/RESIDUAL
     VARIANCE FOR AN OBSERVED VARIABLE, A CORRELATION GREATER OR EQUAL TO ONE
     BETWEEN TWO OBSERVED VARIABLES, OR A LINEAR DEPENDENCY AMONG MORE THAN TWO
     OBSERVED VARIABLES.  CHECK THE RESULTS SECTION FOR MORE INFORMATION.
     PROBLEM INVOLVING VARIABLE SOFAS_24.




MODEL FIT INFORMATION

Number of Free Parameters                       16

Loglikelihood

          H0 Value                       -4719.075
          H0 Scaling Correction Factor      1.1733
            for MLR

Information Criteria

          Akaike (AIC)                    9470.149
          Bayesian (BIC)                  9536.249
          Sample-Size Adjusted BIC        9485.469
            (n* = (n + 2) / 24)



FINAL CLASS COUNTS AND PROPORTIONS FOR THE LATENT CLASSES
BASED ON THE ESTIMATED MODEL

    Latent
   Classes

       1        198.22556          0.43093
       2        261.77444          0.56907


FINAL CLASS COUNTS AND PROPORTIONS FOR THE LATENT CLASSES
BASED ON ESTIMATED POSTERIOR PROBABILITIES

    Latent
   Classes

       1        198.22556          0.43093
       2        261.77444          0.56907


FINAL CLASS COUNTS AND PROPORTIONS FOR THE LATENT CLASSES
BASED ON THEIR MOST LIKELY LATENT CLASS MEMBERSHIP

Class Counts and Proportions

    Latent
   Classes

       1              199          0.43261
       2              261          0.56739


CLASSIFICATION QUALITY

     Entropy                         0.589


Average Latent Class Probabilities for Most Likely Latent Class Membership (Row)
by Latent Class (Column)

           1        2

    1   0.851    0.149
    2   0.111    0.889


Classification Probabilities for the Most Likely Latent Class Membership (Column)
by Latent Class (Row)

           1        2

    1   0.854    0.146
    2   0.114    0.886


Logits for the Classification Probabilities for the Most Likely Latent Class Membership (Column)
by Latent Class (Row)

              1        2

    1      1.766    0.000
    2     -2.055    0.000


MODEL RESULTS

                                                    Two-Tailed
                    Estimate       S.E.  Est./S.E.    P-Value

Latent Class 1

 I        |
    SOFAS_0            1.000      0.000    999.000    999.000
    SOFAS_12           1.000      0.000    999.000    999.000
    SOFAS_24           1.000      0.000    999.000    999.000

 S        |
    SOFAS_0            0.000      0.000    999.000    999.000
    SOFAS_12          12.000      0.000    999.000    999.000
    SOFAS_24          24.000      0.000    999.000    999.000

 Q        |
    SOFAS_0            0.000      0.000    999.000    999.000
    SOFAS_12         144.000      0.000    999.000    999.000
    SOFAS_24         576.000      0.000    999.000    999.000

 I        WITH
    S                 -1.540      1.190     -1.294      0.196
    Q                  0.000      0.000    999.000    999.000

 S        WITH
    Q                  0.000      0.000    999.000    999.000

 Means
    I                 45.750      1.279     35.781      0.000
    S                  3.211      0.369      8.691      0.000
    Q                 -0.075      0.016     -4.797      0.000

 Intercepts
    SOFAS_0            0.000      0.000    999.000    999.000
    SOFAS_12           0.000      0.000    999.000    999.000
    SOFAS_24           0.000      0.000    999.000    999.000

 Variances
    I                 26.838     26.287      1.021      0.307
    S                  0.238      0.100      2.374      0.018
    Q                  0.000      0.000    999.000    999.000

 Residual Variances
    SOFAS_0          158.933     24.637      6.451      0.000
    SOFAS_12         110.112     26.475      4.159      0.000
    SOFAS_24          -3.317     45.966     -0.072      0.942

Latent Class 2

 I        |
    SOFAS_0            1.000      0.000    999.000    999.000
    SOFAS_12           1.000      0.000    999.000    999.000
    SOFAS_24           1.000      0.000    999.000    999.000

 S        |
    SOFAS_0            0.000      0.000    999.000    999.000
    SOFAS_12          12.000      0.000    999.000    999.000
    SOFAS_24          24.000      0.000    999.000    999.000

 Q        |
    SOFAS_0            0.000      0.000    999.000    999.000
    SOFAS_12         144.000      0.000    999.000    999.000
    SOFAS_24         576.000      0.000    999.000    999.000

 I        WITH
    S                 -1.540      1.190     -1.294      0.196
    Q                  0.000      0.000    999.000    999.000

 S        WITH
    Q                  0.000      0.000    999.000    999.000

 Means
    I                 35.772      1.268     28.204      0.000
    S                  1.981      0.302      6.553      0.000
    Q                 -0.052      0.013     -4.092      0.000

 Intercepts
    SOFAS_0            0.000      0.000    999.000    999.000
    SOFAS_12           0.000      0.000    999.000    999.000
    SOFAS_24           0.000      0.000    999.000    999.000

 Variances
    I                 26.838     26.287      1.021      0.307
    S                  0.238      0.100      2.374      0.018
    Q                  0.000      0.000    999.000    999.000

 Residual Variances
    SOFAS_0           71.422     23.190      3.080      0.002
    SOFAS_12         193.967     27.019      7.179      0.000
    SOFAS_24         121.924     43.383      2.810      0.005

Categorical Latent Variables

 Means
    C#1               -0.278      0.240     -1.157      0.247


QUALITY OF NUMERICAL RESULTS

     Condition Number for the Information Matrix              0.818E-08
       (ratio of smallest to largest eigenvalue)


STANDARDIZED MODEL RESULTS


STDYX Standardization

                                                    Two-Tailed
                    Estimate       S.E.  Est./S.E.    P-Value

Latent Class 1

 I        |
    SOFAS_0            0.380      0.179      2.126      0.034
    SOFAS_12           0.447      0.202      2.216      0.027
    SOFAS_24           0.556      0.339      1.639      0.101

 S        |
    SOFAS_0            0.000      0.000    999.000    999.000
    SOFAS_12           0.505      0.090      5.618      0.000
    SOFAS_24           1.257      0.364      3.457      0.001

 Q        |
    SOFAS_0          999.000    999.000    999.000    999.000
    SOFAS_12         999.000    999.000    999.000    999.000
    SOFAS_24         999.000    999.000    999.000    999.000

 I        WITH
    S                 -0.609      0.144     -4.233      0.000
    Q                999.000    999.000    999.000    999.000

 S        WITH
    Q                999.000    999.000    999.000    999.000

 Means
    I                  8.831      4.372      2.020      0.043
    S                  6.579      1.865      3.527      0.000
    Q                999.000    999.000    999.000    999.000

 Intercepts
    SOFAS_0            0.000      0.000    999.000    999.000
    SOFAS_12           0.000      0.000    999.000    999.000
    SOFAS_24           0.000      0.000    999.000    999.000

 Variances
    I                  1.000      0.000    999.000    999.000
    S                  1.000      0.000    999.000    999.000
    Q                999.000    999.000    999.000    999.000

 Residual Variances
    SOFAS_0            0.856      0.136      6.294      0.000
    SOFAS_12           0.820      0.073     11.218      0.000
    SOFAS_24          -0.038    999.000    999.000    999.000

Latent Class 2

 I        |
    SOFAS_0            0.523      0.236      2.213      0.027
    SOFAS_12           0.351      0.158      2.222      0.026
    SOFAS_24           0.356      0.182      1.955      0.051

 S        |
    SOFAS_0            0.000      0.000    999.000    999.000
    SOFAS_12           0.397      0.076      5.235      0.000
    SOFAS_24           0.804      0.176      4.566      0.000

 Q        |
    SOFAS_0          999.000    999.000    999.000    999.000
    SOFAS_12         999.000    999.000    999.000    999.000
    SOFAS_24         999.000    999.000    999.000    999.000

 I        WITH
    S                 -0.609      0.144     -4.233      0.000
    Q                999.000    999.000    999.000    999.000

 S        WITH
    Q                999.000    999.000    999.000    999.000

 Means
    I                  6.905      3.258      2.119      0.034
    S                  4.059      0.819      4.959      0.000
    Q                999.000    999.000    999.000    999.000

 Intercepts
    SOFAS_0            0.000      0.000    999.000    999.000
    SOFAS_12           0.000      0.000    999.000    999.000
    SOFAS_24           0.000      0.000    999.000    999.000

 Variances
    I                  1.000      0.000    999.000    999.000
    S                  1.000      0.000    999.000    999.000
    Q                999.000    999.000    999.000    999.000

 Residual Variances
    SOFAS_0            0.727      0.247      2.945      0.003
    SOFAS_12           0.889      0.043     20.612      0.000
    SOFAS_24           0.575      0.159      3.614      0.000


STDY Standardization

                                                    Two-Tailed
                    Estimate       S.E.  Est./S.E.    P-Value

Latent Class 1

 I        |
    SOFAS_0            0.380      0.179      2.126      0.034
    SOFAS_12           0.447      0.202      2.216      0.027
    SOFAS_24           0.556      0.339      1.639      0.101

 S        |
    SOFAS_0            0.000      0.000    999.000    999.000
    SOFAS_12           0.505      0.090      5.618      0.000
    SOFAS_24           1.257      0.364      3.457      0.001

 Q        |
    SOFAS_0          999.000    999.000    999.000    999.000
    SOFAS_12         999.000    999.000    999.000    999.000
    SOFAS_24         999.000    999.000    999.000    999.000

 I        WITH
    S                 -0.609      0.144     -4.233      0.000
    Q                999.000    999.000    999.000    999.000

 S        WITH
    Q                999.000    999.000    999.000    999.000

 Means
    I                  8.831      4.372      2.020      0.043
    S                  6.579      1.865      3.527      0.000
    Q                999.000    999.000    999.000    999.000

 Intercepts
    SOFAS_0            0.000      0.000    999.000    999.000
    SOFAS_12           0.000      0.000    999.000    999.000
    SOFAS_24           0.000      0.000    999.000    999.000

 Variances
    I                  1.000      0.000    999.000    999.000
    S                  1.000      0.000    999.000    999.000
    Q                999.000    999.000    999.000    999.000

 Residual Variances
    SOFAS_0            0.856      0.136      6.294      0.000
    SOFAS_12           0.820      0.073     11.218      0.000
    SOFAS_24         999.000    999.000    999.000    999.000

Latent Class 2

 I        |
    SOFAS_0            0.523      0.236      2.213      0.027
    SOFAS_12           0.351      0.158      2.222      0.026
    SOFAS_24           0.356      0.182      1.955      0.051

 S        |
    SOFAS_0            0.000      0.000    999.000    999.000
    SOFAS_12           0.397      0.076      5.235      0.000
    SOFAS_24           0.804      0.176      4.566      0.000

 Q        |
    SOFAS_0          999.000    999.000    999.000    999.000
    SOFAS_12         999.000    999.000    999.000    999.000
    SOFAS_24         999.000    999.000    999.000    999.000

 I        WITH
    S                 -0.609      0.144     -4.233      0.000
    Q                999.000    999.000    999.000    999.000

 S        WITH
    Q                999.000    999.000    999.000    999.000

 Means
    I                  6.905      3.258      2.119      0.034
    S                  4.059      0.819      4.959      0.000
    Q                999.000    999.000    999.000    999.000

 Intercepts
    SOFAS_0            0.000      0.000    999.000    999.000
    SOFAS_12           0.000      0.000    999.000    999.000
    SOFAS_24           0.000      0.000    999.000    999.000

 Variances
    I                  1.000      0.000    999.000    999.000
    S                  1.000      0.000    999.000    999.000
    Q                999.000    999.000    999.000    999.000

 Residual Variances
    SOFAS_0            0.727      0.247      2.945      0.003
    SOFAS_12           0.889      0.043     20.612      0.000
    SOFAS_24           0.575      0.159      3.614      0.000


STD Standardization

                                                    Two-Tailed
                    Estimate       S.E.  Est./S.E.    P-Value

Latent Class 1

 I        |
    SOFAS_0            5.181      2.537      2.042      0.041
    SOFAS_12           5.181      2.537      2.042      0.041
    SOFAS_24           5.181      2.537      2.042      0.041

 S        |
    SOFAS_0            0.000      0.000    999.000    999.000
    SOFAS_12           5.857      1.234      4.748      0.000
    SOFAS_24          11.714      2.467      4.748      0.000

 Q        |
    SOFAS_0          999.000    999.000    999.000    999.000
    SOFAS_12         999.000    999.000    999.000    999.000
    SOFAS_24         999.000    999.000    999.000    999.000

 I        WITH
    S                 -0.609      0.144     -4.233      0.000
    Q                999.000    999.000    999.000    999.000

 S        WITH
    Q                999.000    999.000    999.000    999.000

 Means
    I                  8.831      4.372      2.020      0.043
    S                  6.579      1.865      3.527      0.000
    Q                999.000    999.000    999.000    999.000

 Intercepts
    SOFAS_0            0.000      0.000    999.000    999.000
    SOFAS_12           0.000      0.000    999.000    999.000
    SOFAS_24           0.000      0.000    999.000    999.000

 Variances
    I                  1.000      0.000    999.000    999.000
    S                  1.000      0.000    999.000    999.000
    Q                999.000    999.000    999.000    999.000

 Residual Variances
    SOFAS_0          158.933     24.637      6.451      0.000
    SOFAS_12         110.112     26.475      4.159      0.000
    SOFAS_24          -3.317    999.000    999.000    999.000

Latent Class 2

 I        |
    SOFAS_0            5.181      2.537      2.042      0.041
    SOFAS_12           5.181      2.537      2.042      0.041
    SOFAS_24           5.181      2.537      2.042      0.041

 S        |
    SOFAS_0            0.000      0.000    999.000    999.000
    SOFAS_12           5.857      1.234      4.748      0.000
    SOFAS_24          11.714      2.467      4.748      0.000

 Q        |
    SOFAS_0          999.000    999.000    999.000    999.000
    SOFAS_12         999.000    999.000    999.000    999.000
    SOFAS_24         999.000    999.000    999.000    999.000

 I        WITH
    S                 -0.609      0.144     -4.233      0.000
    Q                999.000    999.000    999.000    999.000

 S        WITH
    Q                999.000    999.000    999.000    999.000

 Means
    I                  6.905      3.258      2.119      0.034
    S                  4.059      0.819      4.959      0.000
    Q                999.000    999.000    999.000    999.000

 Intercepts
    SOFAS_0            0.000      0.000    999.000    999.000
    SOFAS_12           0.000      0.000    999.000    999.000
    SOFAS_24           0.000      0.000    999.000    999.000

 Variances
    I                  1.000      0.000    999.000    999.000
    S                  1.000      0.000    999.000    999.000
    Q                999.000    999.000    999.000    999.000

 Residual Variances
    SOFAS_0           71.422     23.190      3.080      0.002
    SOFAS_12         193.967     27.019      7.179      0.000
    SOFAS_24         121.924     43.383      2.810      0.005


R-SQUARE

Class 1

    Observed                                        Two-Tailed
    Variable        Estimate       S.E.  Est./S.E.    P-Value

    SOFAS_0            0.144      0.136      1.063      0.288
    SOFAS_12           0.180      0.073      2.465      0.014
    SOFAS_24        Undefined   0.10382E+01

Class 2

    Observed                                        Two-Tailed
    Variable        Estimate       S.E.  Est./S.E.    P-Value

    SOFAS_0            0.273      0.247      1.107      0.268
    SOFAS_12           0.111      0.043      2.571      0.010
    SOFAS_24           0.425      0.159      2.673      0.008


CONFIDENCE INTERVALS OF MODEL RESULTS

                  Lower .5%  Lower 2.5%    Lower 5%    Estimate    Upper 5%  Upper 2.5%   Upper .5%

Latent Class 1

 I        |
    SOFAS_0          1.000       1.000       1.000       1.000       1.000       1.000       1.000
    SOFAS_12         1.000       1.000       1.000       1.000       1.000       1.000       1.000
    SOFAS_24         1.000       1.000       1.000       1.000       1.000       1.000       1.000

 S        |
    SOFAS_0          0.000       0.000       0.000       0.000       0.000       0.000       0.000
    SOFAS_12        12.000      12.000      12.000      12.000      12.000      12.000      12.000
    SOFAS_24        24.000      24.000      24.000      24.000      24.000      24.000      24.000

 Q        |
    SOFAS_0          0.000       0.000       0.000       0.000       0.000       0.000       0.000
    SOFAS_12       144.000     144.000     144.000     144.000     144.000     144.000     144.000
    SOFAS_24       576.000     576.000     576.000     576.000     576.000     576.000     576.000

 I        WITH
    S               -4.604      -3.871      -3.496      -1.540       0.417       0.792       1.525
    Q                0.000       0.000       0.000       0.000       0.000       0.000       0.000

 S        WITH
    Q                0.000       0.000       0.000       0.000       0.000       0.000       0.000

 Means
    I               42.456      43.244      43.646      45.750      47.853      48.256      49.043
    S                2.259       2.487       2.603       3.211       3.819       3.935       4.163
    Q               -0.116      -0.106      -0.101      -0.075      -0.050      -0.045      -0.035

 Intercepts
    SOFAS_0          0.000       0.000       0.000       0.000       0.000       0.000       0.000
    SOFAS_12         0.000       0.000       0.000       0.000       0.000       0.000       0.000
    SOFAS_24         0.000       0.000       0.000       0.000       0.000       0.000       0.000

 Variances
    I              -40.871     -24.684     -16.403      26.838      70.080      78.360      94.548
    S               -0.020       0.042       0.073       0.238       0.403       0.435       0.497
    Q                0.000       0.000       0.000       0.000       0.000       0.000       0.000

 Residual Variances
    SOFAS_0         95.473     110.644     118.405     158.933     199.460     207.221     222.393
    SOFAS_12        41.917      58.220      66.560     110.112     153.664     162.004     178.308
    SOFAS_24      -121.715     -93.409     -78.930      -3.317      72.297      86.776     115.081

Latent Class 2

 I        |
    SOFAS_0          1.000       1.000       1.000       1.000       1.000       1.000       1.000
    SOFAS_12         1.000       1.000       1.000       1.000       1.000       1.000       1.000
    SOFAS_24         1.000       1.000       1.000       1.000       1.000       1.000       1.000

 S        |
    SOFAS_0          0.000       0.000       0.000       0.000       0.000       0.000       0.000
    SOFAS_12        12.000      12.000      12.000      12.000      12.000      12.000      12.000
    SOFAS_24        24.000      24.000      24.000      24.000      24.000      24.000      24.000

 Q        |
    SOFAS_0          0.000       0.000       0.000       0.000       0.000       0.000       0.000
    SOFAS_12       144.000     144.000     144.000     144.000     144.000     144.000     144.000
    SOFAS_24       576.000     576.000     576.000     576.000     576.000     576.000     576.000

 I        WITH
    S               -4.604      -3.871      -3.496      -1.540       0.417       0.792       1.525
    Q                0.000       0.000       0.000       0.000       0.000       0.000       0.000

 S        WITH
    Q                0.000       0.000       0.000       0.000       0.000       0.000       0.000

 Means
    I               32.505      33.286      33.685      35.772      37.858      38.258      39.039
    S                1.202       1.389       1.484       1.981       2.479       2.574       2.760
    Q               -0.085      -0.077      -0.073      -0.052      -0.031      -0.027      -0.019

 Intercepts
    SOFAS_0          0.000       0.000       0.000       0.000       0.000       0.000       0.000
    SOFAS_12         0.000       0.000       0.000       0.000       0.000       0.000       0.000
    SOFAS_24         0.000       0.000       0.000       0.000       0.000       0.000       0.000

 Variances
    I              -40.871     -24.684     -16.403      26.838      70.080      78.360      94.548
    S               -0.020       0.042       0.073       0.238       0.403       0.435       0.497
    Q                0.000       0.000       0.000       0.000       0.000       0.000       0.000

 Residual Variances
    SOFAS_0         11.689      25.970      33.274      71.422     109.570     116.875     131.155
    SOFAS_12       124.373     141.011     149.522     193.967     238.413     246.924     263.562
    SOFAS_24        10.177      36.893      50.559     121.924     193.290     206.955     233.671

Categorical Latent Variables

 Means
    C#1             -0.897      -0.749      -0.673      -0.278       0.117       0.193       0.341


CONFIDENCE INTERVALS OF STANDARDIZED MODEL RESULTS


STDYX Standardization

                  Lower .5%  Lower 2.5%    Lower 5%    Estimate    Upper 5%  Upper 2.5%   Upper .5%

Latent Class 1

 I        |
    SOFAS_0         -0.081       0.030       0.086       0.380       0.674       0.731       0.841
    SOFAS_12        -0.073       0.052       0.115       0.447       0.779       0.842       0.967
    SOFAS_24        -0.318      -0.109      -0.002       0.556       1.114       1.221       1.430

 S        |
    SOFAS_0          0.000       0.000       0.000       0.000       0.000       0.000       0.000
    SOFAS_12         0.274       0.329       0.357       0.505       0.653       0.682       0.737
    SOFAS_24         0.320       0.544       0.659       1.257       1.855       1.970       2.194

 Q        |
    SOFAS_0        999.000     999.000     999.000     999.000     999.000     999.000     999.000
    SOFAS_12       999.000     999.000     999.000     999.000     999.000     999.000     999.000
    SOFAS_24       999.000     999.000     999.000     999.000     999.000     999.000     999.000

 I        WITH
    S               -0.979      -0.891      -0.845      -0.609      -0.372      -0.327      -0.238
    Q              999.000     999.000     999.000     999.000     999.000     999.000     999.000

 S        WITH
    Q              999.000     999.000     999.000     999.000     999.000     999.000     999.000

 Means
    I               -2.430       0.262       1.639       8.831      16.023      17.400      20.092
    S                1.775       2.923       3.511       6.579       9.647      10.234      11.382
    Q              999.000     999.000     999.000     999.000     999.000     999.000     999.000

 Intercepts
    SOFAS_0          0.000       0.000       0.000       0.000       0.000       0.000       0.000
    SOFAS_12         0.000       0.000       0.000       0.000       0.000       0.000       0.000
    SOFAS_24         0.000       0.000       0.000       0.000       0.000       0.000       0.000

 Variances
    I                1.000       1.000       1.000       1.000       1.000       1.000       1.000
    S                1.000       1.000       1.000       1.000       1.000       1.000       1.000
    Q              999.000     999.000     999.000     999.000     999.000     999.000     999.000

 Residual Variances
    SOFAS_0          0.505       0.589       0.632       0.856       1.079       1.122       1.206
    SOFAS_12         0.632       0.677       0.700       0.820       0.940       0.963       1.008
    SOFAS_24       999.000     999.000     999.000      -0.038     999.000     999.000     999.000

Latent Class 2

 I        |
    SOFAS_0         -0.086       0.060       0.134       0.523       0.911       0.985       1.131
    SOFAS_12        -0.056       0.041       0.091       0.351       0.610       0.660       0.757
    SOFAS_24        -0.113      -0.001       0.056       0.356       0.655       0.712       0.824

 S        |
    SOFAS_0          0.000       0.000       0.000       0.000       0.000       0.000       0.000
    SOFAS_12         0.201       0.248       0.272       0.397       0.521       0.545       0.592
    SOFAS_24         0.351       0.459       0.515       0.804       1.094       1.150       1.258

 Q        |
    SOFAS_0        999.000     999.000     999.000     999.000     999.000     999.000     999.000
    SOFAS_12       999.000     999.000     999.000     999.000     999.000     999.000     999.000
    SOFAS_24       999.000     999.000     999.000     999.000     999.000     999.000     999.000

 I        WITH
    S               -0.979      -0.891      -0.845      -0.609      -0.372      -0.327      -0.238
    Q              999.000     999.000     999.000     999.000     999.000     999.000     999.000

 S        WITH
    Q              999.000     999.000     999.000     999.000     999.000     999.000     999.000

 Means
    I               -1.487       0.519       1.545       6.905      12.265      13.291      15.297
    S                1.951       2.455       2.713       4.059       5.406       5.663       6.167
    Q              999.000     999.000     999.000     999.000     999.000     999.000     999.000

 Intercepts
    SOFAS_0          0.000       0.000       0.000       0.000       0.000       0.000       0.000
    SOFAS_12         0.000       0.000       0.000       0.000       0.000       0.000       0.000
    SOFAS_24         0.000       0.000       0.000       0.000       0.000       0.000       0.000

 Variances
    I                1.000       1.000       1.000       1.000       1.000       1.000       1.000
    S                1.000       1.000       1.000       1.000       1.000       1.000       1.000
    Q              999.000     999.000     999.000     999.000     999.000     999.000     999.000

 Residual Variances
    SOFAS_0          0.091       0.243       0.321       0.727       1.133       1.211       1.363
    SOFAS_12         0.778       0.805       0.818       0.889       0.960       0.974       1.000
    SOFAS_24         0.165       0.263       0.313       0.575       0.837       0.887       0.985


STDY Standardization

                  Lower .5%  Lower 2.5%    Lower 5%    Estimate    Upper 5%  Upper 2.5%   Upper .5%

Latent Class 1

 I        |
    SOFAS_0         -0.081       0.030       0.086       0.380       0.674       0.731       0.841
    SOFAS_12        -0.073       0.052       0.115       0.447       0.779       0.842       0.967
    SOFAS_24        -0.318      -0.109      -0.002       0.556       1.114       1.221       1.430

 S        |
    SOFAS_0          0.000       0.000       0.000       0.000       0.000       0.000       0.000
    SOFAS_12         0.274       0.329       0.357       0.505       0.653       0.682       0.737
    SOFAS_24         0.320       0.544       0.659       1.257       1.855       1.970       2.194

 Q        |
    SOFAS_0        999.000     999.000     999.000     999.000     999.000     999.000     999.000
    SOFAS_12       999.000     999.000     999.000     999.000     999.000     999.000     999.000
    SOFAS_24       999.000     999.000     999.000     999.000     999.000     999.000     999.000

 I        WITH
    S               -0.979      -0.891      -0.845      -0.609      -0.372      -0.327      -0.238
    Q              999.000     999.000     999.000     999.000     999.000     999.000     999.000

 S        WITH
    Q              999.000     999.000     999.000     999.000     999.000     999.000     999.000

 Means
    I               -2.430       0.262       1.639       8.831      16.023      17.400      20.092
    S                1.775       2.923       3.511       6.579       9.647      10.234      11.382
    Q              999.000     999.000     999.000     999.000     999.000     999.000     999.000

 Intercepts
    SOFAS_0          0.000       0.000       0.000       0.000       0.000       0.000       0.000
    SOFAS_12         0.000       0.000       0.000       0.000       0.000       0.000       0.000
    SOFAS_24         0.000       0.000       0.000       0.000       0.000       0.000       0.000

 Variances
    I                1.000       1.000       1.000       1.000       1.000       1.000       1.000
    S                1.000       1.000       1.000       1.000       1.000       1.000       1.000
    Q              999.000     999.000     999.000     999.000     999.000     999.000     999.000

 Residual Variances
    SOFAS_0          0.505       0.589       0.632       0.856       1.079       1.122       1.206
    SOFAS_12         0.632       0.677       0.700       0.820       0.940       0.963       1.008
    SOFAS_24       999.000     999.000     999.000     999.000     999.000     999.000     999.000

Latent Class 2

 I        |
    SOFAS_0         -0.086       0.060       0.134       0.523       0.911       0.985       1.131
    SOFAS_12        -0.056       0.041       0.091       0.351       0.610       0.660       0.757
    SOFAS_24        -0.113      -0.001       0.056       0.356       0.655       0.712       0.824

 S        |
    SOFAS_0          0.000       0.000       0.000       0.000       0.000       0.000       0.000
    SOFAS_12         0.201       0.248       0.272       0.397       0.521       0.545       0.592
    SOFAS_24         0.351       0.459       0.515       0.804       1.094       1.150       1.258

 Q        |
    SOFAS_0        999.000     999.000     999.000     999.000     999.000     999.000     999.000
    SOFAS_12       999.000     999.000     999.000     999.000     999.000     999.000     999.000
    SOFAS_24       999.000     999.000     999.000     999.000     999.000     999.000     999.000

 I        WITH
    S               -0.979      -0.891      -0.845      -0.609      -0.372      -0.327      -0.238
    Q              999.000     999.000     999.000     999.000     999.000     999.000     999.000

 S        WITH
    Q              999.000     999.000     999.000     999.000     999.000     999.000     999.000

 Means
    I               -1.487       0.519       1.545       6.905      12.265      13.291      15.297
    S                1.951       2.455       2.713       4.059       5.406       5.663       6.167
    Q              999.000     999.000     999.000     999.000     999.000     999.000     999.000

 Intercepts
    SOFAS_0          0.000       0.000       0.000       0.000       0.000       0.000       0.000
    SOFAS_12         0.000       0.000       0.000       0.000       0.000       0.000       0.000
    SOFAS_24         0.000       0.000       0.000       0.000       0.000       0.000       0.000

 Variances
    I                1.000       1.000       1.000       1.000       1.000       1.000       1.000
    S                1.000       1.000       1.000       1.000       1.000       1.000       1.000
    Q              999.000     999.000     999.000     999.000     999.000     999.000     999.000

 Residual Variances
    SOFAS_0          0.091       0.243       0.321       0.727       1.133       1.211       1.363
    SOFAS_12         0.778       0.805       0.818       0.889       0.960       0.974       1.000
    SOFAS_24         0.165       0.263       0.313       0.575       0.837       0.887       0.985


STD Standardization

                  Lower .5%  Lower 2.5%    Lower 5%    Estimate    Upper 5%  Upper 2.5%   Upper .5%

Latent Class 1

 I        |
    SOFAS_0         -1.354       0.208       1.007       5.181       9.354      10.153      11.716
    SOFAS_12        -1.354       0.208       1.007       5.181       9.354      10.153      11.716
    SOFAS_24        -1.354       0.208       1.007       5.181       9.354      10.153      11.716

 S        |
    SOFAS_0          0.000       0.000       0.000       0.000       0.000       0.000       0.000
    SOFAS_12         2.680       3.439       3.828       5.857       7.886       8.275       9.034
    SOFAS_24         5.359       6.879       7.656      11.714      15.772      16.550      18.069

 Q        |
    SOFAS_0        999.000     999.000     999.000     999.000     999.000     999.000     999.000
    SOFAS_12       999.000     999.000     999.000     999.000     999.000     999.000     999.000
    SOFAS_24       999.000     999.000     999.000     999.000     999.000     999.000     999.000

 I        WITH
    S               -0.979      -0.891      -0.845      -0.609      -0.372      -0.327      -0.238
    Q              999.000     999.000     999.000     999.000     999.000     999.000     999.000

 S        WITH
    Q              999.000     999.000     999.000     999.000     999.000     999.000     999.000

 Means
    I               -2.430       0.262       1.639       8.831      16.023      17.400      20.092
    S                1.775       2.923       3.511       6.579       9.647      10.234      11.382
    Q              999.000     999.000     999.000     999.000     999.000     999.000     999.000

 Intercepts
    SOFAS_0          0.000       0.000       0.000       0.000       0.000       0.000       0.000
    SOFAS_12         0.000       0.000       0.000       0.000       0.000       0.000       0.000
    SOFAS_24         0.000       0.000       0.000       0.000       0.000       0.000       0.000

 Variances
    I                1.000       1.000       1.000       1.000       1.000       1.000       1.000
    S                1.000       1.000       1.000       1.000       1.000       1.000       1.000
    Q              999.000     999.000     999.000     999.000     999.000     999.000     999.000

 Residual Variances
    SOFAS_0         95.473     110.644     118.405     158.933     199.460     207.221     222.393
    SOFAS_12        41.917      58.220      66.560     110.112     153.664     162.004     178.308
    SOFAS_24       999.000     999.000     999.000      -3.317     999.000     999.000     999.000

Latent Class 2

 I        |
    SOFAS_0         -1.354       0.208       1.007       5.181       9.354      10.153      11.716
    SOFAS_12        -1.354       0.208       1.007       5.181       9.354      10.153      11.716
    SOFAS_24        -1.354       0.208       1.007       5.181       9.354      10.153      11.716

 S        |
    SOFAS_0          0.000       0.000       0.000       0.000       0.000       0.000       0.000
    SOFAS_12         2.680       3.439       3.828       5.857       7.886       8.275       9.034
    SOFAS_24         5.359       6.879       7.656      11.714      15.772      16.550      18.069

 Q        |
    SOFAS_0        999.000     999.000     999.000     999.000     999.000     999.000     999.000
    SOFAS_12       999.000     999.000     999.000     999.000     999.000     999.000     999.000
    SOFAS_24       999.000     999.000     999.000     999.000     999.000     999.000     999.000

 I        WITH
    S               -0.979      -0.891      -0.845      -0.609      -0.372      -0.327      -0.238
    Q              999.000     999.000     999.000     999.000     999.000     999.000     999.000

 S        WITH
    Q              999.000     999.000     999.000     999.000     999.000     999.000     999.000

 Means
    I               -1.487       0.519       1.545       6.905      12.265      13.291      15.297
    S                1.951       2.455       2.713       4.059       5.406       5.663       6.167
    Q              999.000     999.000     999.000     999.000     999.000     999.000     999.000

 Intercepts
    SOFAS_0          0.000       0.000       0.000       0.000       0.000       0.000       0.000
    SOFAS_12         0.000       0.000       0.000       0.000       0.000       0.000       0.000
    SOFAS_24         0.000       0.000       0.000       0.000       0.000       0.000       0.000

 Variances
    I                1.000       1.000       1.000       1.000       1.000       1.000       1.000
    S                1.000       1.000       1.000       1.000       1.000       1.000       1.000
    Q              999.000     999.000     999.000     999.000     999.000     999.000     999.000

 Residual Variances
    SOFAS_0         11.689      25.970      33.274      71.422     109.570     116.875     131.155
    SOFAS_12       124.373     141.011     149.522     193.967     238.413     246.924     263.562
    SOFAS_24        10.177      36.893      50.559     121.924     193.290     206.955     233.671


TECHNICAL 7 OUTPUT


     SAMPLE STATISTICS WEIGHTED BY ESTIMATED CLASS PROBABILITIES FOR CLASS 1


           Means
              SOFAS_0       SOFAS_12      SOFAS_24
              ________      ________      ________
               45.779        73.358        79.618


           Covariances
              SOFAS_0       SOFAS_12      SOFAS_24
              ________      ________      ________
 SOFAS_0      185.252
 SOFAS_12      12.470       132.562
 SOFAS_24    -144.411        57.250        87.468


     SAMPLE STATISTICS WEIGHTED BY ESTIMATED CLASS PROBABILITIES FOR CLASS 2


           Means
              SOFAS_0       SOFAS_12      SOFAS_24
              ________      ________      ________
               35.776        52.079        53.155


           Covariances
              SOFAS_0       SOFAS_12      SOFAS_24
              ________      ________      ________
 SOFAS_0       98.463
 SOFAS_12      30.546       220.515
 SOFAS_24      -0.923         0.310       212.541


TECHNICAL 11 OUTPUT

     Random Starts Specifications for the k-1 Class Analysis Model
        Number of initial stage random starts                2000
        Number of final stage optimizations                   500



     VUONG-LO-MENDELL-RUBIN LIKELIHOOD RATIO TEST FOR 1 (H0) VERSUS 2 CLASSES

          H0 Loglikelihood Value                        -4749.989
          2 Times the Loglikelihood Difference             61.829
          Difference in the Number of Parameters                7
          Mean                                             22.612
          Standard Deviation                               21.175
          P-Value                                          0.0551

     LO-MENDELL-RUBIN ADJUSTED LRT TEST

          Value                                            60.421
          P-Value                                          0.0586


SAMPLE STATISTICS FOR ESTIMATED FACTOR SCORES


     SAMPLE STATISTICS


           Means
              I             S             Q             C_I           C_S
              ________      ________      ________      ________      ________
               40.071         2.511        -0.062        40.043         2.523


           Means
              C_Q
              ________
               -0.062


           Covariances
              I             S             Q             C_I           C_S
              ________      ________      ________      ________      ________
 I             24.566
 S              1.920         0.390
 Q             -0.040        -0.005         0.000
 C_I           26.891         2.176        -0.045        31.853
 C_S            2.194         0.420        -0.006         2.714         0.485
 C_Q           -0.047        -0.006         0.000        -0.059        -0.007


           Covariances
              C_Q
              ________
 C_Q            0.000


           Correlations
              I             S             Q             C_I           C_S
              ________      ________      ________      ________      ________
 I              1.000
 S              0.621         1.000
 Q             -0.876        -0.898         1.000
 C_I            0.961         0.618        -0.865         1.000
 C_S            0.636         0.966        -0.894         0.691         1.000
 C_Q           -0.816        -0.815         0.931        -0.903        -0.899


           Correlations
              C_Q
              ________
 C_Q            1.000


SAVEDATA INFORMATION


  Save file
    GMM_CI_isq@0_CT_est.dat

  Order and format of variables

    SOFAS_0        F10.3
    SOFAS_12       F10.3
    SOFAS_24       F10.3
    I              F10.3
    S              F10.3
    Q              F10.3
    C_I            F10.3
    C_S            F10.3
    C_Q            F10.3
    CPROB1         F10.3
    CPROB2         F10.3
    C              F10.3
    PIN            I4

  Save file format
    12F10.3 I4

  Save file record length    10000

  Save missing symbol        *


     Beginning Time:  11:51:56
        Ending Time:  12:24:59
       Elapsed Time:  00:33:03



MUTHEN & MUTHEN
3463 Stoner Ave.
Los Angeles, CA  90066

Tel: (310) 391-9971
Fax: (310) 391-8971
Web: www.StatModel.com
Support: Support@StatModel.com

Copyright (c) 1998-2021 Muthen & Muthen
