Mplus VERSION 8.6 (Mac)
MUTHEN & MUTHEN
07/20/2023  12:36 PM

INPUT INSTRUCTIONS

  TITLE:
  LCGA1_P3_K2_S500

  DATA:
  FILE = "/Users/olivierpercie/Desktop/MplusLGM/SAPS/Results/LCGA1/P=3/K=2/K2_S500.dat";

  VARIABLE:
  NAMES = pin SAPS_0 SAPS_1 SAPS_2 SAPS_3 SAPS_6 SAPS_9 SAPS_12 SAPS_18 SAPS_24;
   MISSING=.;
   USEVAR = SAPS_0 SAPS_1 SAPS_2 SAPS_3 SAPS_6 SAPS_9 SAPS_12
  SAPS_18 SAPS_24;
  IDVAR = pin;
  CLASSES = c(2);

  ANALYSIS:
  TYPE = MIXTURE;
  STARTS = 500 125;
  K-1STARTS = 250 62.5;
  PROCESSORS = 8;

  MODEL:
  %OVERALL%
  i s q cub |
  SAPS_0@0 SAPS_1@1 SAPS_2@2 SAPS_3@3 SAPS_6@6
  SAPS_9@9 SAPS_12@12 SAPS_18@18 SAPS_24@24;
  i-cub@0;
  %c#1%
  [i s q cub];
  SAPS_0-SAPS_24 (1);
  %c#2%
  [i s q cub];
  SAPS_0-SAPS_24 (2);

  OUTPUT:
  sampstat standardized
  TECH1;
  TECH11;

  SAVEDATA:
  file = K2_S500_res.dat;
  save = CPROBABILITIES;

  PLOT:
  TYPE = plot3;
  SERIES = SAPS_0 (s) SAPS_1 (s) SAPS_2 (s) SAPS_3 (s)
  SAPS_6 (s) SAPS_9 (s) SAPS_12 (s) SAPS_18 (s)
  SAPS_24 (s);




*** WARNING in MODEL command
  All continuous latent variable covariances involving I have been fixed to 0
  because the variance of I is fixed at 0.
*** WARNING in MODEL command
  All continuous latent variable covariances involving S have been fixed to 0
  because the variance of S is fixed at 0.
*** WARNING in MODEL command
  All continuous latent variable covariances involving Q have been fixed to 0
  because the variance of Q is fixed at 0.
   3 WARNING(S) FOUND IN THE INPUT INSTRUCTIONS




LCGA1_P3_K2_S500

SUMMARY OF ANALYSIS

Number of groups                                                 1
Number of observations                                         404

Number of dependent variables                                    9
Number of independent variables                                  0
Number of continuous latent variables                            4
Number of categorical latent variables                           1

Observed dependent variables

  Continuous
   SAPS_0      SAPS_1      SAPS_2      SAPS_3      SAPS_6      SAPS_9
   SAPS_12     SAPS_18     SAPS_24

Continuous latent variables
   I           S           Q           CUB

Categorical latent variables
   C

Variables with special functions

  ID variable           PIN

Estimator                                                      MLR
Information matrix                                        OBSERVED
Optimization Specifications for the Quasi-Newton Algorithm for
Continuous Outcomes
  Maximum number of iterations                                 100
  Convergence criterion                                  0.100D-05
Optimization Specifications for the EM Algorithm
  Maximum number of iterations                                 500
  Convergence criteria
    Loglikelihood change                                 0.100D-06
    Relative loglikelihood change                        0.100D-06
    Derivative                                           0.100D-05
Optimization Specifications for the M step of the EM Algorithm for
Categorical Latent variables
  Number of M step iterations                                    1
  M step convergence criterion                           0.100D-05
  Basis for M step termination                           ITERATION
Optimization Specifications for the M step of the EM Algorithm for
Censored, Binary or Ordered Categorical (Ordinal), Unordered
Categorical (Nominal) and Count Outcomes
  Number of M step iterations                                    1
  M step convergence criterion                           0.100D-05
  Basis for M step termination                           ITERATION
  Maximum value for logit thresholds                            15
  Minimum value for logit thresholds                           -15
  Minimum expected cell size for chi-square              0.100D-01
Maximum number of iterations for H1                           2000
Convergence criterion for H1                             0.100D-03
Optimization algorithm                                         EMA
Random Starts Specifications
  Number of initial stage random starts                        500
  Number of final stage optimizations                          125
  Number of initial stage iterations                            10
  Initial stage convergence criterion                    0.100D+01
  Random starts scale                                    0.500D+01
  Random seed for generating random starts                       0

Input data file(s)
  /Users/olivierpercie/Desktop/MplusLGM/SAPS/Results/LCGA1/P=3/K=2/K2_S500.dat
Input data format  FREE


SUMMARY OF DATA

     Number of missing data patterns            63
     Number of y missing data patterns          63
     Number of u missing data patterns           0


COVARIANCE COVERAGE OF DATA

Minimum covariance coverage value   0.100


     PROPORTION OF DATA PRESENT FOR Y


           Covariance Coverage
              SAPS_0        SAPS_1        SAPS_2        SAPS_3        SAPS_6
              ________      ________      ________      ________      ________
 SAPS_0         0.998
 SAPS_1         0.673         0.676
 SAPS_2         0.844         0.597         0.847
 SAPS_3         0.943         0.634         0.822         0.946
 SAPS_6         0.906         0.606         0.777         0.871         0.908
 SAPS_9         0.861         0.579         0.750         0.812         0.795
 SAPS_12        0.866         0.574         0.723         0.817         0.790
 SAPS_18        0.819         0.540         0.683         0.772         0.745
 SAPS_24        0.790         0.520         0.691         0.748         0.720


           Covariance Coverage
              SAPS_9        SAPS_12       SAPS_18       SAPS_24
              ________      ________      ________      ________
 SAPS_9         0.864
 SAPS_12        0.772         0.869
 SAPS_18        0.725         0.745         0.822
 SAPS_24        0.723         0.720         0.708         0.792


SAMPLE STATISTICS


     ESTIMATED SAMPLE STATISTICS


           Means
              SAPS_0        SAPS_1        SAPS_2        SAPS_3        SAPS_6
              ________      ________      ________      ________      ________
               11.475         5.546         4.114         3.495         3.555


           Means
              SAPS_9        SAPS_12       SAPS_18       SAPS_24
              ________      ________      ________      ________
                3.371         3.555         3.350         3.332


           Covariances
              SAPS_0        SAPS_1        SAPS_2        SAPS_3        SAPS_6
              ________      ________      ________      ________      ________
 SAPS_0        10.556
 SAPS_1         3.838        15.000
 SAPS_2         2.583        10.530        13.543
 SAPS_3         2.254         7.337         9.844        13.149
 SAPS_6         2.048         6.066         7.351         7.109        13.625
 SAPS_9         1.161         3.508         5.318         5.892         7.375
 SAPS_12        2.116         3.708         4.011         5.492         6.362
 SAPS_18        1.006         3.215         3.935         4.962         5.383
 SAPS_24        0.983         2.359         3.251         3.783         3.528


           Covariances
              SAPS_9        SAPS_12       SAPS_18       SAPS_24
              ________      ________      ________      ________
 SAPS_9        12.257
 SAPS_12        6.137        14.430
 SAPS_18        4.846         7.162        13.115
 SAPS_24        4.398         5.157         5.749        14.978


           Correlations
              SAPS_0        SAPS_1        SAPS_2        SAPS_3        SAPS_6
              ________      ________      ________      ________      ________
 SAPS_0         1.000
 SAPS_1         0.305         1.000
 SAPS_2         0.216         0.739         1.000
 SAPS_3         0.191         0.522         0.738         1.000
 SAPS_6         0.171         0.424         0.541         0.531         1.000
 SAPS_9         0.102         0.259         0.413         0.464         0.571
 SAPS_12        0.171         0.252         0.287         0.399         0.454
 SAPS_18        0.085         0.229         0.295         0.378         0.403
 SAPS_24        0.078         0.157         0.228         0.270         0.247


           Correlations
              SAPS_9        SAPS_12       SAPS_18       SAPS_24
              ________      ________      ________      ________
 SAPS_9         1.000
 SAPS_12        0.461         1.000
 SAPS_18        0.382         0.521         1.000
 SAPS_24        0.325         0.351         0.410         1.000


     MAXIMUM LOG-LIKELIHOOD VALUE FOR THE UNRESTRICTED (H1) MODEL IS -7898.566


UNIVARIATE SAMPLE STATISTICS


     UNIVARIATE HIGHER-ORDER MOMENT DESCRIPTIVE STATISTICS

         Variable/         Mean/     Skewness/   Minimum/ % with                Percentiles
        Sample Size      Variance    Kurtosis    Maximum  Min/Max      20%/60%    40%/80%    Median

     SAPS_0               11.479      -0.268       2.000    0.50%       9.000     11.000     12.000
             403.000      10.552      -0.259      20.000    0.25%      13.000     14.000
     SAPS_1                5.473       0.416       0.000   10.62%       2.000      4.000      5.000
             273.000      14.491      -0.593      16.000    0.73%       6.000      9.000
     SAPS_2                4.009       0.987       0.000   18.13%       1.000      2.000      3.000
             342.000      13.377       0.578      18.000    0.29%       4.000      7.000
     SAPS_3                3.442       1.067       0.000   28.80%       0.000      1.000      2.000
             382.000      12.933       0.497      16.000    0.26%       3.000      6.000
     SAPS_6                3.542       0.982       0.000   30.79%       0.000      1.000      2.000
             367.000      13.736       0.170      16.000    0.27%       4.000      6.000
     SAPS_9                3.318       1.129       0.000   30.37%       0.000      1.000      2.000
             349.000      12.395       0.858      16.000    0.29%       3.000      6.000
     SAPS_12               3.587       1.270       0.000   27.07%       0.000      2.000      3.000
             351.000      14.527       1.138      18.000    0.28%       3.000      6.000
     SAPS_18               3.250       1.304       0.000   30.42%       0.000      1.000      2.000
             332.000      12.820       1.292      17.000    0.30%       3.000      6.000
     SAPS_24               3.297       1.339       0.000   33.44%       0.000      1.000      2.000
             320.000      15.040       1.095      17.000    0.31%       3.000      6.000

RANDOM STARTS RESULTS RANKED FROM THE BEST TO THE WORST LOGLIKELIHOOD VALUES

Final stage loglikelihood values at local maxima, seeds, and initial stage start numbers:

           -8383.184  850545           357
           -8383.184  85114            385
           -8383.184  788796           145
           -8383.184  782200           84
           -8383.184  416463           467
           -8383.184  609089           241
           -8383.184  49221            254
           -8383.184  608496           4
           -8383.184  164305           128
           -8383.184  232559           136
           -8383.184  830529           279
           -8383.184  211281           292
           -8383.184  484687           306
           -8383.184  636396           168
           -8383.184  418686           338
           -8383.184  875667           367
           -8383.184  813779           92
           -8383.184  836066           372
           -8383.184  965994           396
           -8383.184  100874           108
           -8383.184  17359            227
           -8383.184  315029           471
           -8383.184  53621            483
           -8383.184  533738           11
           -8383.184  107446           12
           -8383.184  915107           54
           -8383.184  963053           43
           -8383.184  27071            15
           -8383.184  443917           60
           -8383.184  945065           255
           -8383.184  227563           63
           -8383.184  814975           129
           -8383.184  520177           262
           -8383.184  437181           135
           -8383.184  688839           273
           -8383.184  264935           281
           -8383.184  281462           285
           -8383.184  22089            143
           -8383.184  260601           36
           -8383.184  43523            297
           -8383.184  316165           299
           -8383.184  966014           37
           -8383.184  606576           151
           -8383.184  193042           316
           -8383.184  414284           158
           -8383.184  263268           165
           -8383.184  836515           341
           -8383.184  411615           171
           -8383.184  529496           343
           -8383.184  625191           350
           -8383.184  319144           176
           -8383.184  728038           177
           -8383.184  373505           88
           -8383.184  526324           178
           -8383.184  436460           89
           -8383.184  872743           374
           -8383.184  655497           376
           -8383.184  247224           94
           -8383.184  458181           189
           -8383.184  618000           190
           -8383.184  124999           96
           -8383.184  570782           193
           -8383.184  415502           194
           -8383.184  801065           393
           -8383.184  79945            395
           -8383.184  923437           398
           -8383.184  190339           102
           -8383.184  85734            411
           -8383.184  736574           414
           -8383.184  85462            51
           -8383.184  399508           415
           -8383.184  699554           427
           -8383.184  631413           439
           -8383.184  508482           446
           -8383.184  408713           450
           -8383.184  648555           113
           -8383.184  769907           457
           -8383.184  178475           231
           -8383.184  301180           236
           -8383.184  170118           238
           -8383.184  59674            240
           -8383.184  587946           120
           -8383.184  922042           492
           -8383.184  123985           248
           -8383.184  642909           251
           -8383.184  568859           49
           -8383.184  372176           23
           -8383.184  468036           131
           -8383.184  667250           318
           -8383.184  849670           347
           -8383.184  609185           181
           -8383.184  283492           435
           -8383.184  978781           497
           -8685.984  132336           362
           -8685.984  349263           263
           -8685.984  483369           270
           -8685.984  782821           272
           -8685.984  840031           276
           -8685.984  475420           71
           -8685.984  824126           287
           -8685.984  391179           78
           -8685.984  407108           366
           -8685.984  621542           375
           -8685.984  1548             384
           -8685.984  50887            389
           -8685.984  674171           195
           -8685.984  137377           397
           -8685.984  61587            400
           -8685.984  746978           410
           -8685.984  891531           206
           -8685.984  637095           207
           -8685.984  30098            209
           -8685.984  345726           461
           -8685.984  635245           121
           -8685.984  650371           14
           -8685.984  432148           30
           -8685.984  565819           65
           -8685.984  967237           48
           -8685.984  576596           99
           -8685.984  193569           440
           -8685.984  614535           449
           -8685.984  539751           459
           -8685.984  662718           460
           -8685.984  823392           479
           -8685.984  246261           38



THE BEST LOGLIKELIHOOD VALUE HAS BEEN REPLICATED.  RERUN WITH AT LEAST TWICE THE
RANDOM STARTS TO CHECK THAT THE BEST LOGLIKELIHOOD IS STILL OBTAINED AND REPLICATED.


THE MODEL ESTIMATION TERMINATED NORMALLY



MODEL FIT INFORMATION

Number of Free Parameters                       11

Loglikelihood

          H0 Value                       -8383.184
          H0 Scaling Correction Factor      1.3455
            for MLR

Information Criteria

          Akaike (AIC)                   16788.369
          Bayesian (BIC)                 16832.384
          Sample-Size Adjusted BIC       16797.480
            (n* = (n + 2) / 24)



FINAL CLASS COUNTS AND PROPORTIONS FOR THE LATENT CLASSES
BASED ON THE ESTIMATED MODEL

    Latent
   Classes

       1        184.32660          0.45625
       2        219.67340          0.54375


FINAL CLASS COUNTS AND PROPORTIONS FOR THE LATENT CLASSES
BASED ON ESTIMATED POSTERIOR PROBABILITIES

    Latent
   Classes

       1        184.32660          0.45625
       2        219.67340          0.54375


FINAL CLASS COUNTS AND PROPORTIONS FOR THE LATENT CLASSES
BASED ON THEIR MOST LIKELY LATENT CLASS MEMBERSHIP

Class Counts and Proportions

    Latent
   Classes

       1              180          0.44554
       2              224          0.55446


CLASSIFICATION QUALITY

     Entropy                         0.768


Average Latent Class Probabilities for Most Likely Latent Class Membership (Row)
by Latent Class (Column)

           1        2

    1   0.938    0.062
    2   0.069    0.931


Classification Probabilities for the Most Likely Latent Class Membership (Column)
by Latent Class (Row)

           1        2

    1   0.916    0.084
    2   0.051    0.949


Logits for the Classification Probabilities for the Most Likely Latent Class Membership (Column)
by Latent Class (Row)

              1        2

    1      2.386    0.000
    2     -2.923    0.000


MODEL RESULTS

                                                    Two-Tailed
                    Estimate       S.E.  Est./S.E.    P-Value

Latent Class 1

 I        |
    SAPS_0             1.000      0.000    999.000    999.000
    SAPS_1             1.000      0.000    999.000    999.000
    SAPS_2             1.000      0.000    999.000    999.000
    SAPS_3             1.000      0.000    999.000    999.000
    SAPS_6             1.000      0.000    999.000    999.000
    SAPS_9             1.000      0.000    999.000    999.000
    SAPS_12            1.000      0.000    999.000    999.000
    SAPS_18            1.000      0.000    999.000    999.000
    SAPS_24            1.000      0.000    999.000    999.000

 S        |
    SAPS_0             0.000      0.000    999.000    999.000
    SAPS_1             1.000      0.000    999.000    999.000
    SAPS_2             2.000      0.000    999.000    999.000
    SAPS_3             3.000      0.000    999.000    999.000
    SAPS_6             6.000      0.000    999.000    999.000
    SAPS_9             9.000      0.000    999.000    999.000
    SAPS_12           12.000      0.000    999.000    999.000
    SAPS_18           18.000      0.000    999.000    999.000
    SAPS_24           24.000      0.000    999.000    999.000

 Q        |
    SAPS_0             0.000      0.000    999.000    999.000
    SAPS_1             1.000      0.000    999.000    999.000
    SAPS_2             4.000      0.000    999.000    999.000
    SAPS_3             9.000      0.000    999.000    999.000
    SAPS_6            36.000      0.000    999.000    999.000
    SAPS_9            81.000      0.000    999.000    999.000
    SAPS_12          144.000      0.000    999.000    999.000
    SAPS_18          324.000      0.000    999.000    999.000
    SAPS_24          576.000      0.000    999.000    999.000

 CUB      |
    SAPS_0             0.000      0.000    999.000    999.000
    SAPS_1             1.000      0.000    999.000    999.000
    SAPS_2             8.000      0.000    999.000    999.000
    SAPS_3            27.000      0.000    999.000    999.000
    SAPS_6           216.000      0.000    999.000    999.000
    SAPS_9           729.000      0.000    999.000    999.000
    SAPS_12         1728.000      0.000    999.000    999.000
    SAPS_18         5832.000      0.000    999.000    999.000
    SAPS_24        13824.000      0.000    999.000    999.000

 Means
    I                 10.113      0.295     34.271      0.000
    S                 -1.428      0.113    -12.614      0.000
    Q                  0.122      0.013      9.722      0.000
    CUB               -0.003      0.000     -8.505      0.000

 Intercepts
    SAPS_0             0.000      0.000    999.000    999.000
    SAPS_1             0.000      0.000    999.000    999.000
    SAPS_2             0.000      0.000    999.000    999.000
    SAPS_3             0.000      0.000    999.000    999.000
    SAPS_6             0.000      0.000    999.000    999.000
    SAPS_9             0.000      0.000    999.000    999.000
    SAPS_12            0.000      0.000    999.000    999.000
    SAPS_18            0.000      0.000    999.000    999.000
    SAPS_24            0.000      0.000    999.000    999.000

 Variances
    I                  0.000      0.000    999.000    999.000
    S                  0.000      0.000    999.000    999.000
    Q                  0.000      0.000    999.000    999.000
    CUB                0.000      0.000    999.000    999.000

 Residual Variances
    SAPS_0            16.015      0.924     17.327      0.000
    SAPS_1            16.015      0.924     17.327      0.000
    SAPS_2            16.015      0.924     17.327      0.000
    SAPS_3            16.015      0.924     17.327      0.000
    SAPS_6            16.015      0.924     17.327      0.000
    SAPS_9            16.015      0.924     17.327      0.000
    SAPS_12           16.015      0.924     17.327      0.000
    SAPS_18           16.015      0.924     17.327      0.000
    SAPS_24           16.015      0.924     17.327      0.000

Latent Class 2

 I        |
    SAPS_0             1.000      0.000    999.000    999.000
    SAPS_1             1.000      0.000    999.000    999.000
    SAPS_2             1.000      0.000    999.000    999.000
    SAPS_3             1.000      0.000    999.000    999.000
    SAPS_6             1.000      0.000    999.000    999.000
    SAPS_9             1.000      0.000    999.000    999.000
    SAPS_12            1.000      0.000    999.000    999.000
    SAPS_18            1.000      0.000    999.000    999.000
    SAPS_24            1.000      0.000    999.000    999.000

 S        |
    SAPS_0             0.000      0.000    999.000    999.000
    SAPS_1             1.000      0.000    999.000    999.000
    SAPS_2             2.000      0.000    999.000    999.000
    SAPS_3             3.000      0.000    999.000    999.000
    SAPS_6             6.000      0.000    999.000    999.000
    SAPS_9             9.000      0.000    999.000    999.000
    SAPS_12           12.000      0.000    999.000    999.000
    SAPS_18           18.000      0.000    999.000    999.000
    SAPS_24           24.000      0.000    999.000    999.000

 Q        |
    SAPS_0             0.000      0.000    999.000    999.000
    SAPS_1             1.000      0.000    999.000    999.000
    SAPS_2             4.000      0.000    999.000    999.000
    SAPS_3             9.000      0.000    999.000    999.000
    SAPS_6            36.000      0.000    999.000    999.000
    SAPS_9            81.000      0.000    999.000    999.000
    SAPS_12          144.000      0.000    999.000    999.000
    SAPS_18          324.000      0.000    999.000    999.000
    SAPS_24          576.000      0.000    999.000    999.000

 CUB      |
    SAPS_0             0.000      0.000    999.000    999.000
    SAPS_1             1.000      0.000    999.000    999.000
    SAPS_2             8.000      0.000    999.000    999.000
    SAPS_3            27.000      0.000    999.000    999.000
    SAPS_6           216.000      0.000    999.000    999.000
    SAPS_9           729.000      0.000    999.000    999.000
    SAPS_12         1728.000      0.000    999.000    999.000
    SAPS_18         5832.000      0.000    999.000    999.000
    SAPS_24        13824.000      0.000    999.000    999.000

 Means
    I                  8.130      0.217     37.543      0.000
    S                 -2.286      0.070    -32.436      0.000
    Q                  0.197      0.007     27.608      0.000
    CUB               -0.005      0.000    -24.467      0.000

 Intercepts
    SAPS_0             0.000      0.000    999.000    999.000
    SAPS_1             0.000      0.000    999.000    999.000
    SAPS_2             0.000      0.000    999.000    999.000
    SAPS_3             0.000      0.000    999.000    999.000
    SAPS_6             0.000      0.000    999.000    999.000
    SAPS_9             0.000      0.000    999.000    999.000
    SAPS_12            0.000      0.000    999.000    999.000
    SAPS_18            0.000      0.000    999.000    999.000
    SAPS_24            0.000      0.000    999.000    999.000

 Variances
    I                  0.000      0.000    999.000    999.000
    S                  0.000      0.000    999.000    999.000
    Q                  0.000      0.000    999.000    999.000
    CUB                0.000      0.000    999.000    999.000

 Residual Variances
    SAPS_0             8.123      0.608     13.363      0.000
    SAPS_1             8.123      0.608     13.363      0.000
    SAPS_2             8.123      0.608     13.363      0.000
    SAPS_3             8.123      0.608     13.363      0.000
    SAPS_6             8.123      0.608     13.363      0.000
    SAPS_9             8.123      0.608     13.363      0.000
    SAPS_12            8.123      0.608     13.363      0.000
    SAPS_18            8.123      0.608     13.363      0.000
    SAPS_24            8.123      0.608     13.363      0.000

Categorical Latent Variables

 Means
    C#1               -0.175      0.183     -0.958      0.338


QUALITY OF NUMERICAL RESULTS

     Condition Number for the Information Matrix              0.233E-05
       (ratio of smallest to largest eigenvalue)


STANDARDIZED MODEL RESULTS


STDYX Standardization

                                                    Two-Tailed
                    Estimate       S.E.  Est./S.E.    P-Value

Latent Class 1

 I        |
    SAPS_0           999.000    999.000    999.000    999.000
    SAPS_1           999.000    999.000    999.000    999.000
    SAPS_2           999.000    999.000    999.000    999.000
    SAPS_3           999.000    999.000    999.000    999.000
    SAPS_6           999.000    999.000    999.000    999.000
    SAPS_9           999.000    999.000    999.000    999.000
    SAPS_12          999.000    999.000    999.000    999.000
    SAPS_18          999.000    999.000    999.000    999.000
    SAPS_24          999.000    999.000    999.000    999.000

 S        |
    SAPS_0           999.000    999.000    999.000    999.000
    SAPS_1           999.000    999.000    999.000    999.000
    SAPS_2           999.000    999.000    999.000    999.000
    SAPS_3           999.000    999.000    999.000    999.000
    SAPS_6           999.000    999.000    999.000    999.000
    SAPS_9           999.000    999.000    999.000    999.000
    SAPS_12          999.000    999.000    999.000    999.000
    SAPS_18          999.000    999.000    999.000    999.000
    SAPS_24          999.000    999.000    999.000    999.000

 Q        |
    SAPS_0           999.000    999.000    999.000    999.000
    SAPS_1           999.000    999.000    999.000    999.000
    SAPS_2           999.000    999.000    999.000    999.000
    SAPS_3           999.000    999.000    999.000    999.000
    SAPS_6           999.000    999.000    999.000    999.000
    SAPS_9           999.000    999.000    999.000    999.000
    SAPS_12          999.000    999.000    999.000    999.000
    SAPS_18          999.000    999.000    999.000    999.000
    SAPS_24          999.000    999.000    999.000    999.000

 CUB      |
    SAPS_0           999.000    999.000    999.000    999.000
    SAPS_1           999.000    999.000    999.000    999.000
    SAPS_2           999.000    999.000    999.000    999.000
    SAPS_3           999.000    999.000    999.000    999.000
    SAPS_6           999.000    999.000    999.000    999.000
    SAPS_9           999.000    999.000    999.000    999.000
    SAPS_12          999.000    999.000    999.000    999.000
    SAPS_18          999.000    999.000    999.000    999.000
    SAPS_24          999.000    999.000    999.000    999.000

 Means
    I                999.000    999.000    999.000    999.000
    S                999.000    999.000    999.000    999.000
    Q                999.000    999.000    999.000    999.000
    CUB              999.000    999.000    999.000    999.000

 Intercepts
    SAPS_0             0.000      0.000    999.000    999.000
    SAPS_1             0.000      0.000    999.000    999.000
    SAPS_2             0.000      0.000    999.000    999.000
    SAPS_3             0.000      0.000    999.000    999.000
    SAPS_6             0.000      0.000    999.000    999.000
    SAPS_9             0.000      0.000    999.000    999.000
    SAPS_12            0.000      0.000    999.000    999.000
    SAPS_18            0.000      0.000    999.000    999.000
    SAPS_24            0.000      0.000    999.000    999.000

 Variances
    I                999.000    999.000    999.000    999.000
    S                999.000    999.000    999.000    999.000
    Q                999.000    999.000    999.000    999.000
    CUB              999.000    999.000    999.000    999.000

 Residual Variances
    SAPS_0             1.000      0.000    999.000    999.000
    SAPS_1             1.000      0.000    999.000    999.000
    SAPS_2             1.000      0.000    999.000    999.000
    SAPS_3             1.000      0.000    999.000    999.000
    SAPS_6             1.000      0.000    999.000    999.000
    SAPS_9             1.000      0.000    999.000    999.000
    SAPS_12            1.000      0.000    999.000    999.000
    SAPS_18            1.000      0.000    999.000    999.000
    SAPS_24            1.000      0.000    999.000    999.000

Latent Class 2

 I        |
    SAPS_0           999.000    999.000    999.000    999.000
    SAPS_1           999.000    999.000    999.000    999.000
    SAPS_2           999.000    999.000    999.000    999.000
    SAPS_3           999.000    999.000    999.000    999.000
    SAPS_6           999.000    999.000    999.000    999.000
    SAPS_9           999.000    999.000    999.000    999.000
    SAPS_12          999.000    999.000    999.000    999.000
    SAPS_18          999.000    999.000    999.000    999.000
    SAPS_24          999.000    999.000    999.000    999.000

 S        |
    SAPS_0           999.000    999.000    999.000    999.000
    SAPS_1           999.000    999.000    999.000    999.000
    SAPS_2           999.000    999.000    999.000    999.000
    SAPS_3           999.000    999.000    999.000    999.000
    SAPS_6           999.000    999.000    999.000    999.000
    SAPS_9           999.000    999.000    999.000    999.000
    SAPS_12          999.000    999.000    999.000    999.000
    SAPS_18          999.000    999.000    999.000    999.000
    SAPS_24          999.000    999.000    999.000    999.000

 Q        |
    SAPS_0           999.000    999.000    999.000    999.000
    SAPS_1           999.000    999.000    999.000    999.000
    SAPS_2           999.000    999.000    999.000    999.000
    SAPS_3           999.000    999.000    999.000    999.000
    SAPS_6           999.000    999.000    999.000    999.000
    SAPS_9           999.000    999.000    999.000    999.000
    SAPS_12          999.000    999.000    999.000    999.000
    SAPS_18          999.000    999.000    999.000    999.000
    SAPS_24          999.000    999.000    999.000    999.000

 CUB      |
    SAPS_0           999.000    999.000    999.000    999.000
    SAPS_1           999.000    999.000    999.000    999.000
    SAPS_2           999.000    999.000    999.000    999.000
    SAPS_3           999.000    999.000    999.000    999.000
    SAPS_6           999.000    999.000    999.000    999.000
    SAPS_9           999.000    999.000    999.000    999.000
    SAPS_12          999.000    999.000    999.000    999.000
    SAPS_18          999.000    999.000    999.000    999.000
    SAPS_24          999.000    999.000    999.000    999.000

 Means
    I                999.000    999.000    999.000    999.000
    S                999.000    999.000    999.000    999.000
    Q                999.000    999.000    999.000    999.000
    CUB              999.000    999.000    999.000    999.000

 Intercepts
    SAPS_0             0.000      0.000    999.000    999.000
    SAPS_1             0.000      0.000    999.000    999.000
    SAPS_2             0.000      0.000    999.000    999.000
    SAPS_3             0.000      0.000    999.000    999.000
    SAPS_6             0.000      0.000    999.000    999.000
    SAPS_9             0.000      0.000    999.000    999.000
    SAPS_12            0.000      0.000    999.000    999.000
    SAPS_18            0.000      0.000    999.000    999.000
    SAPS_24            0.000      0.000    999.000    999.000

 Variances
    I                999.000    999.000    999.000    999.000
    S                999.000    999.000    999.000    999.000
    Q                999.000    999.000    999.000    999.000
    CUB              999.000    999.000    999.000    999.000

 Residual Variances
    SAPS_0             1.000      0.000    999.000    999.000
    SAPS_1             1.000      0.000    999.000    999.000
    SAPS_2             1.000      0.000    999.000    999.000
    SAPS_3             1.000      0.000    999.000    999.000
    SAPS_6             1.000      0.000    999.000    999.000
    SAPS_9             1.000      0.000    999.000    999.000
    SAPS_12            1.000      0.000    999.000    999.000
    SAPS_18            1.000      0.000    999.000    999.000
    SAPS_24            1.000      0.000    999.000    999.000


STDY Standardization

                                                    Two-Tailed
                    Estimate       S.E.  Est./S.E.    P-Value

Latent Class 1

 I        |
    SAPS_0           999.000    999.000    999.000    999.000
    SAPS_1           999.000    999.000    999.000    999.000
    SAPS_2           999.000    999.000    999.000    999.000
    SAPS_3           999.000    999.000    999.000    999.000
    SAPS_6           999.000    999.000    999.000    999.000
    SAPS_9           999.000    999.000    999.000    999.000
    SAPS_12          999.000    999.000    999.000    999.000
    SAPS_18          999.000    999.000    999.000    999.000
    SAPS_24          999.000    999.000    999.000    999.000

 S        |
    SAPS_0           999.000    999.000    999.000    999.000
    SAPS_1           999.000    999.000    999.000    999.000
    SAPS_2           999.000    999.000    999.000    999.000
    SAPS_3           999.000    999.000    999.000    999.000
    SAPS_6           999.000    999.000    999.000    999.000
    SAPS_9           999.000    999.000    999.000    999.000
    SAPS_12          999.000    999.000    999.000    999.000
    SAPS_18          999.000    999.000    999.000    999.000
    SAPS_24          999.000    999.000    999.000    999.000

 Q        |
    SAPS_0           999.000    999.000    999.000    999.000
    SAPS_1           999.000    999.000    999.000    999.000
    SAPS_2           999.000    999.000    999.000    999.000
    SAPS_3           999.000    999.000    999.000    999.000
    SAPS_6           999.000    999.000    999.000    999.000
    SAPS_9           999.000    999.000    999.000    999.000
    SAPS_12          999.000    999.000    999.000    999.000
    SAPS_18          999.000    999.000    999.000    999.000
    SAPS_24          999.000    999.000    999.000    999.000

 CUB      |
    SAPS_0           999.000    999.000    999.000    999.000
    SAPS_1           999.000    999.000    999.000    999.000
    SAPS_2           999.000    999.000    999.000    999.000
    SAPS_3           999.000    999.000    999.000    999.000
    SAPS_6           999.000    999.000    999.000    999.000
    SAPS_9           999.000    999.000    999.000    999.000
    SAPS_12          999.000    999.000    999.000    999.000
    SAPS_18          999.000    999.000    999.000    999.000
    SAPS_24          999.000    999.000    999.000    999.000

 Means
    I                999.000    999.000    999.000    999.000
    S                999.000    999.000    999.000    999.000
    Q                999.000    999.000    999.000    999.000
    CUB              999.000    999.000    999.000    999.000

 Intercepts
    SAPS_0             0.000      0.000    999.000    999.000
    SAPS_1             0.000      0.000    999.000    999.000
    SAPS_2             0.000      0.000    999.000    999.000
    SAPS_3             0.000      0.000    999.000    999.000
    SAPS_6             0.000      0.000    999.000    999.000
    SAPS_9             0.000      0.000    999.000    999.000
    SAPS_12            0.000      0.000    999.000    999.000
    SAPS_18            0.000      0.000    999.000    999.000
    SAPS_24            0.000      0.000    999.000    999.000

 Variances
    I                999.000    999.000    999.000    999.000
    S                999.000    999.000    999.000    999.000
    Q                999.000    999.000    999.000    999.000
    CUB              999.000    999.000    999.000    999.000

 Residual Variances
    SAPS_0             1.000      0.000    999.000    999.000
    SAPS_1             1.000      0.000    999.000    999.000
    SAPS_2             1.000      0.000    999.000    999.000
    SAPS_3             1.000      0.000    999.000    999.000
    SAPS_6             1.000      0.000    999.000    999.000
    SAPS_9             1.000      0.000    999.000    999.000
    SAPS_12            1.000      0.000    999.000    999.000
    SAPS_18            1.000      0.000    999.000    999.000
    SAPS_24            1.000      0.000    999.000    999.000

Latent Class 2

 I        |
    SAPS_0           999.000    999.000    999.000    999.000
    SAPS_1           999.000    999.000    999.000    999.000
    SAPS_2           999.000    999.000    999.000    999.000
    SAPS_3           999.000    999.000    999.000    999.000
    SAPS_6           999.000    999.000    999.000    999.000
    SAPS_9           999.000    999.000    999.000    999.000
    SAPS_12          999.000    999.000    999.000    999.000
    SAPS_18          999.000    999.000    999.000    999.000
    SAPS_24          999.000    999.000    999.000    999.000

 S        |
    SAPS_0           999.000    999.000    999.000    999.000
    SAPS_1           999.000    999.000    999.000    999.000
    SAPS_2           999.000    999.000    999.000    999.000
    SAPS_3           999.000    999.000    999.000    999.000
    SAPS_6           999.000    999.000    999.000    999.000
    SAPS_9           999.000    999.000    999.000    999.000
    SAPS_12          999.000    999.000    999.000    999.000
    SAPS_18          999.000    999.000    999.000    999.000
    SAPS_24          999.000    999.000    999.000    999.000

 Q        |
    SAPS_0           999.000    999.000    999.000    999.000
    SAPS_1           999.000    999.000    999.000    999.000
    SAPS_2           999.000    999.000    999.000    999.000
    SAPS_3           999.000    999.000    999.000    999.000
    SAPS_6           999.000    999.000    999.000    999.000
    SAPS_9           999.000    999.000    999.000    999.000
    SAPS_12          999.000    999.000    999.000    999.000
    SAPS_18          999.000    999.000    999.000    999.000
    SAPS_24          999.000    999.000    999.000    999.000

 CUB      |
    SAPS_0           999.000    999.000    999.000    999.000
    SAPS_1           999.000    999.000    999.000    999.000
    SAPS_2           999.000    999.000    999.000    999.000
    SAPS_3           999.000    999.000    999.000    999.000
    SAPS_6           999.000    999.000    999.000    999.000
    SAPS_9           999.000    999.000    999.000    999.000
    SAPS_12          999.000    999.000    999.000    999.000
    SAPS_18          999.000    999.000    999.000    999.000
    SAPS_24          999.000    999.000    999.000    999.000

 Means
    I                999.000    999.000    999.000    999.000
    S                999.000    999.000    999.000    999.000
    Q                999.000    999.000    999.000    999.000
    CUB              999.000    999.000    999.000    999.000

 Intercepts
    SAPS_0             0.000      0.000    999.000    999.000
    SAPS_1             0.000      0.000    999.000    999.000
    SAPS_2             0.000      0.000    999.000    999.000
    SAPS_3             0.000      0.000    999.000    999.000
    SAPS_6             0.000      0.000    999.000    999.000
    SAPS_9             0.000      0.000    999.000    999.000
    SAPS_12            0.000      0.000    999.000    999.000
    SAPS_18            0.000      0.000    999.000    999.000
    SAPS_24            0.000      0.000    999.000    999.000

 Variances
    I                999.000    999.000    999.000    999.000
    S                999.000    999.000    999.000    999.000
    Q                999.000    999.000    999.000    999.000
    CUB              999.000    999.000    999.000    999.000

 Residual Variances
    SAPS_0             1.000      0.000    999.000    999.000
    SAPS_1             1.000      0.000    999.000    999.000
    SAPS_2             1.000      0.000    999.000    999.000
    SAPS_3             1.000      0.000    999.000    999.000
    SAPS_6             1.000      0.000    999.000    999.000
    SAPS_9             1.000      0.000    999.000    999.000
    SAPS_12            1.000      0.000    999.000    999.000
    SAPS_18            1.000      0.000    999.000    999.000
    SAPS_24            1.000      0.000    999.000    999.000


STD Standardization

                                                    Two-Tailed
                    Estimate       S.E.  Est./S.E.    P-Value

Latent Class 1

 I        |
    SAPS_0           999.000    999.000    999.000    999.000
    SAPS_1           999.000    999.000    999.000    999.000
    SAPS_2           999.000    999.000    999.000    999.000
    SAPS_3           999.000    999.000    999.000    999.000
    SAPS_6           999.000    999.000    999.000    999.000
    SAPS_9           999.000    999.000    999.000    999.000
    SAPS_12          999.000    999.000    999.000    999.000
    SAPS_18          999.000    999.000    999.000    999.000
    SAPS_24          999.000    999.000    999.000    999.000

 S        |
    SAPS_0           999.000    999.000    999.000    999.000
    SAPS_1           999.000    999.000    999.000    999.000
    SAPS_2           999.000    999.000    999.000    999.000
    SAPS_3           999.000    999.000    999.000    999.000
    SAPS_6           999.000    999.000    999.000    999.000
    SAPS_9           999.000    999.000    999.000    999.000
    SAPS_12          999.000    999.000    999.000    999.000
    SAPS_18          999.000    999.000    999.000    999.000
    SAPS_24          999.000    999.000    999.000    999.000

 Q        |
    SAPS_0           999.000    999.000    999.000    999.000
    SAPS_1           999.000    999.000    999.000    999.000
    SAPS_2           999.000    999.000    999.000    999.000
    SAPS_3           999.000    999.000    999.000    999.000
    SAPS_6           999.000    999.000    999.000    999.000
    SAPS_9           999.000    999.000    999.000    999.000
    SAPS_12          999.000    999.000    999.000    999.000
    SAPS_18          999.000    999.000    999.000    999.000
    SAPS_24          999.000    999.000    999.000    999.000

 CUB      |
    SAPS_0           999.000    999.000    999.000    999.000
    SAPS_1           999.000    999.000    999.000    999.000
    SAPS_2           999.000    999.000    999.000    999.000
    SAPS_3           999.000    999.000    999.000    999.000
    SAPS_6           999.000    999.000    999.000    999.000
    SAPS_9           999.000    999.000    999.000    999.000
    SAPS_12          999.000    999.000    999.000    999.000
    SAPS_18          999.000    999.000    999.000    999.000
    SAPS_24          999.000    999.000    999.000    999.000

 Means
    I                999.000    999.000    999.000    999.000
    S                999.000    999.000    999.000    999.000
    Q                999.000    999.000    999.000    999.000
    CUB              999.000    999.000    999.000    999.000

 Intercepts
    SAPS_0             0.000      0.000    999.000    999.000
    SAPS_1             0.000      0.000    999.000    999.000
    SAPS_2             0.000      0.000    999.000    999.000
    SAPS_3             0.000      0.000    999.000    999.000
    SAPS_6             0.000      0.000    999.000    999.000
    SAPS_9             0.000      0.000    999.000    999.000
    SAPS_12            0.000      0.000    999.000    999.000
    SAPS_18            0.000      0.000    999.000    999.000
    SAPS_24            0.000      0.000    999.000    999.000

 Variances
    I                999.000    999.000    999.000    999.000
    S                999.000    999.000    999.000    999.000
    Q                999.000    999.000    999.000    999.000
    CUB              999.000    999.000    999.000    999.000

 Residual Variances
    SAPS_0            16.015      0.924     17.327      0.000
    SAPS_1            16.015      0.924     17.327      0.000
    SAPS_2            16.015      0.924     17.327      0.000
    SAPS_3            16.015      0.924     17.327      0.000
    SAPS_6            16.015      0.924     17.327      0.000
    SAPS_9            16.015      0.924     17.327      0.000
    SAPS_12           16.015      0.924     17.327      0.000
    SAPS_18           16.015      0.924     17.327      0.000
    SAPS_24           16.015      0.924     17.327      0.000

Latent Class 2

 I        |
    SAPS_0           999.000    999.000    999.000    999.000
    SAPS_1           999.000    999.000    999.000    999.000
    SAPS_2           999.000    999.000    999.000    999.000
    SAPS_3           999.000    999.000    999.000    999.000
    SAPS_6           999.000    999.000    999.000    999.000
    SAPS_9           999.000    999.000    999.000    999.000
    SAPS_12          999.000    999.000    999.000    999.000
    SAPS_18          999.000    999.000    999.000    999.000
    SAPS_24          999.000    999.000    999.000    999.000

 S        |
    SAPS_0           999.000    999.000    999.000    999.000
    SAPS_1           999.000    999.000    999.000    999.000
    SAPS_2           999.000    999.000    999.000    999.000
    SAPS_3           999.000    999.000    999.000    999.000
    SAPS_6           999.000    999.000    999.000    999.000
    SAPS_9           999.000    999.000    999.000    999.000
    SAPS_12          999.000    999.000    999.000    999.000
    SAPS_18          999.000    999.000    999.000    999.000
    SAPS_24          999.000    999.000    999.000    999.000

 Q        |
    SAPS_0           999.000    999.000    999.000    999.000
    SAPS_1           999.000    999.000    999.000    999.000
    SAPS_2           999.000    999.000    999.000    999.000
    SAPS_3           999.000    999.000    999.000    999.000
    SAPS_6           999.000    999.000    999.000    999.000
    SAPS_9           999.000    999.000    999.000    999.000
    SAPS_12          999.000    999.000    999.000    999.000
    SAPS_18          999.000    999.000    999.000    999.000
    SAPS_24          999.000    999.000    999.000    999.000

 CUB      |
    SAPS_0           999.000    999.000    999.000    999.000
    SAPS_1           999.000    999.000    999.000    999.000
    SAPS_2           999.000    999.000    999.000    999.000
    SAPS_3           999.000    999.000    999.000    999.000
    SAPS_6           999.000    999.000    999.000    999.000
    SAPS_9           999.000    999.000    999.000    999.000
    SAPS_12          999.000    999.000    999.000    999.000
    SAPS_18          999.000    999.000    999.000    999.000
    SAPS_24          999.000    999.000    999.000    999.000

 Means
    I                999.000    999.000    999.000    999.000
    S                999.000    999.000    999.000    999.000
    Q                999.000    999.000    999.000    999.000
    CUB              999.000    999.000    999.000    999.000

 Intercepts
    SAPS_0             0.000      0.000    999.000    999.000
    SAPS_1             0.000      0.000    999.000    999.000
    SAPS_2             0.000      0.000    999.000    999.000
    SAPS_3             0.000      0.000    999.000    999.000
    SAPS_6             0.000      0.000    999.000    999.000
    SAPS_9             0.000      0.000    999.000    999.000
    SAPS_12            0.000      0.000    999.000    999.000
    SAPS_18            0.000      0.000    999.000    999.000
    SAPS_24            0.000      0.000    999.000    999.000

 Variances
    I                999.000    999.000    999.000    999.000
    S                999.000    999.000    999.000    999.000
    Q                999.000    999.000    999.000    999.000
    CUB              999.000    999.000    999.000    999.000

 Residual Variances
    SAPS_0             8.123      0.608     13.363      0.000
    SAPS_1             8.123      0.608     13.363      0.000
    SAPS_2             8.123      0.608     13.363      0.000
    SAPS_3             8.123      0.608     13.363      0.000
    SAPS_6             8.123      0.608     13.363      0.000
    SAPS_9             8.123      0.608     13.363      0.000
    SAPS_12            8.123      0.608     13.363      0.000
    SAPS_18            8.123      0.608     13.363      0.000
    SAPS_24            8.123      0.608     13.363      0.000


R-SQUARE

Class 1

    Observed                                        Two-Tailed
    Variable        Estimate       S.E.  Est./S.E.    P-Value

    SAPS_0             0.000      0.000    999.000    999.000
    SAPS_1             0.000      0.000    999.000    999.000
    SAPS_2             0.000      0.000    999.000    999.000
    SAPS_3             0.000      0.000    999.000    999.000
    SAPS_6             0.000      0.000    999.000    999.000
    SAPS_9             0.000      0.000    999.000    999.000
    SAPS_12            0.000      0.000    999.000    999.000
    SAPS_18            0.000      0.000    999.000    999.000
    SAPS_24            0.000      0.000    999.000    999.000

Class 2

    Observed                                        Two-Tailed
    Variable        Estimate       S.E.  Est./S.E.    P-Value

    SAPS_0             0.000      0.000    999.000    999.000
    SAPS_1             0.000      0.000    999.000    999.000
    SAPS_2             0.000      0.000    999.000    999.000
    SAPS_3             0.000      0.000    999.000    999.000
    SAPS_6             0.000      0.000    999.000    999.000
    SAPS_9             0.000      0.000    999.000    999.000
    SAPS_12            0.000      0.000    999.000    999.000
    SAPS_18            0.000      0.000    999.000    999.000
    SAPS_24            0.000      0.000    999.000    999.000


TECHNICAL 1 OUTPUT


     PARAMETER SPECIFICATION FOR LATENT CLASS 1


           NU
              SAPS_0        SAPS_1        SAPS_2        SAPS_3        SAPS_6
              ________      ________      ________      ________      ________
                    0             0             0             0             0


           NU
              SAPS_9        SAPS_12       SAPS_18       SAPS_24
              ________      ________      ________      ________
                    0             0             0             0


           LAMBDA
              I             S             Q             CUB
              ________      ________      ________      ________
 SAPS_0             0             0             0             0
 SAPS_1             0             0             0             0
 SAPS_2             0             0             0             0
 SAPS_3             0             0             0             0
 SAPS_6             0             0             0             0
 SAPS_9             0             0             0             0
 SAPS_12            0             0             0             0
 SAPS_18            0             0             0             0
 SAPS_24            0             0             0             0


           THETA
              SAPS_0        SAPS_1        SAPS_2        SAPS_3        SAPS_6
              ________      ________      ________      ________      ________
 SAPS_0             1
 SAPS_1             0             1
 SAPS_2             0             0             1
 SAPS_3             0             0             0             1
 SAPS_6             0             0             0             0             1
 SAPS_9             0             0             0             0             0
 SAPS_12            0             0             0             0             0
 SAPS_18            0             0             0             0             0
 SAPS_24            0             0             0             0             0


           THETA
              SAPS_9        SAPS_12       SAPS_18       SAPS_24
              ________      ________      ________      ________
 SAPS_9             1
 SAPS_12            0             1
 SAPS_18            0             0             1
 SAPS_24            0             0             0             1


           ALPHA
              I             S             Q             CUB
              ________      ________      ________      ________
                    2             3             4             5


           BETA
              I             S             Q             CUB
              ________      ________      ________      ________
 I                  0             0             0             0
 S                  0             0             0             0
 Q                  0             0             0             0
 CUB                0             0             0             0


           PSI
              I             S             Q             CUB
              ________      ________      ________      ________
 I                  0
 S                  0             0
 Q                  0             0             0
 CUB                0             0             0             0


     PARAMETER SPECIFICATION FOR LATENT CLASS 2


           NU
              SAPS_0        SAPS_1        SAPS_2        SAPS_3        SAPS_6
              ________      ________      ________      ________      ________
                    0             0             0             0             0


           NU
              SAPS_9        SAPS_12       SAPS_18       SAPS_24
              ________      ________      ________      ________
                    0             0             0             0


           LAMBDA
              I             S             Q             CUB
              ________      ________      ________      ________
 SAPS_0             0             0             0             0
 SAPS_1             0             0             0             0
 SAPS_2             0             0             0             0
 SAPS_3             0             0             0             0
 SAPS_6             0             0             0             0
 SAPS_9             0             0             0             0
 SAPS_12            0             0             0             0
 SAPS_18            0             0             0             0
 SAPS_24            0             0             0             0


           THETA
              SAPS_0        SAPS_1        SAPS_2        SAPS_3        SAPS_6
              ________      ________      ________      ________      ________
 SAPS_0             6
 SAPS_1             0             6
 SAPS_2             0             0             6
 SAPS_3             0             0             0             6
 SAPS_6             0             0             0             0             6
 SAPS_9             0             0             0             0             0
 SAPS_12            0             0             0             0             0
 SAPS_18            0             0             0             0             0
 SAPS_24            0             0             0             0             0


           THETA
              SAPS_9        SAPS_12       SAPS_18       SAPS_24
              ________      ________      ________      ________
 SAPS_9             6
 SAPS_12            0             6
 SAPS_18            0             0             6
 SAPS_24            0             0             0             6


           ALPHA
              I             S             Q             CUB
              ________      ________      ________      ________
                    7             8             9            10


           BETA
              I             S             Q             CUB
              ________      ________      ________      ________
 I                  0             0             0             0
 S                  0             0             0             0
 Q                  0             0             0             0
 CUB                0             0             0             0


           PSI
              I             S             Q             CUB
              ________      ________      ________      ________
 I                  0
 S                  0             0
 Q                  0             0             0
 CUB                0             0             0             0


     PARAMETER SPECIFICATION FOR LATENT CLASS REGRESSION MODEL PART


           ALPHA(C)
              C#1           C#2
              ________      ________
                   11             0


     STARTING VALUES FOR LATENT CLASS 1


           NU
              SAPS_0        SAPS_1        SAPS_2        SAPS_3        SAPS_6
              ________      ________      ________      ________      ________
                0.000         0.000         0.000         0.000         0.000


           NU
              SAPS_9        SAPS_12       SAPS_18       SAPS_24
              ________      ________      ________      ________
                0.000         0.000         0.000         0.000


           LAMBDA
              I             S             Q             CUB
              ________      ________      ________      ________
 SAPS_0         1.000         0.000         0.000         0.000
 SAPS_1         1.000         1.000         1.000         1.000
 SAPS_2         1.000         2.000         4.000         8.000
 SAPS_3         1.000         3.000         9.000        27.000
 SAPS_6         1.000         6.000        36.000       216.000
 SAPS_9         1.000         9.000        81.000       729.000
 SAPS_12        1.000        12.000       144.000      1728.000
 SAPS_18        1.000        18.000       324.000      5832.000
 SAPS_24        1.000        24.000       576.000     13824.000


           THETA
              SAPS_0        SAPS_1        SAPS_2        SAPS_3        SAPS_6
              ________      ________      ________      ________      ________
 SAPS_0         5.276
 SAPS_1         0.000         7.246
 SAPS_2         0.000         0.000         6.689
 SAPS_3         0.000         0.000         0.000         6.466
 SAPS_6         0.000         0.000         0.000         0.000         6.868
 SAPS_9         0.000         0.000         0.000         0.000         0.000
 SAPS_12        0.000         0.000         0.000         0.000         0.000
 SAPS_18        0.000         0.000         0.000         0.000         0.000
 SAPS_24        0.000         0.000         0.000         0.000         0.000


           THETA
              SAPS_9        SAPS_12       SAPS_18       SAPS_24
              ________      ________      ________      ________
 SAPS_9         6.197
 SAPS_12        0.000         7.264
 SAPS_18        0.000         0.000         6.410
 SAPS_24        0.000         0.000         0.000         7.520


           ALPHA
              I             S             Q             CUB
              ________      ________      ________      ________
               10.720        -4.185         0.874        -0.062


           BETA
              I             S             Q             CUB
              ________      ________      ________      ________
 I              0.000         0.000         0.000         0.000
 S              0.000         0.000         0.000         0.000
 Q              0.000         0.000         0.000         0.000
 CUB            0.000         0.000         0.000         0.000


           PSI
              I             S             Q             CUB
              ________      ________      ________      ________
 I              0.000
 S              0.000         0.000
 Q              0.000         0.000         0.000
 CUB            0.000         0.000         0.000         0.000


     STARTING VALUES FOR LATENT CLASS 2


           NU
              SAPS_0        SAPS_1        SAPS_2        SAPS_3        SAPS_6
              ________      ________      ________      ________      ________
                0.000         0.000         0.000         0.000         0.000


           NU
              SAPS_9        SAPS_12       SAPS_18       SAPS_24
              ________      ________      ________      ________
                0.000         0.000         0.000         0.000


           LAMBDA
              I             S             Q             CUB
              ________      ________      ________      ________
 SAPS_0         1.000         0.000         0.000         0.000
 SAPS_1         1.000         1.000         1.000         1.000
 SAPS_2         1.000         2.000         4.000         8.000
 SAPS_3         1.000         3.000         9.000        27.000
 SAPS_6         1.000         6.000        36.000       216.000
 SAPS_9         1.000         9.000        81.000       729.000
 SAPS_12        1.000        12.000       144.000      1728.000
 SAPS_18        1.000        18.000       324.000      5832.000
 SAPS_24        1.000        24.000       576.000     13824.000


           THETA
              SAPS_0        SAPS_1        SAPS_2        SAPS_3        SAPS_6
              ________      ________      ________      ________      ________
 SAPS_0         5.276
 SAPS_1         0.000         7.246
 SAPS_2         0.000         0.000         6.689
 SAPS_3         0.000         0.000         0.000         6.466
 SAPS_6         0.000         0.000         0.000         0.000         6.868
 SAPS_9         0.000         0.000         0.000         0.000         0.000
 SAPS_12        0.000         0.000         0.000         0.000         0.000
 SAPS_18        0.000         0.000         0.000         0.000         0.000
 SAPS_24        0.000         0.000         0.000         0.000         0.000


           THETA
              SAPS_9        SAPS_12       SAPS_18       SAPS_24
              ________      ________      ________      ________
 SAPS_9         6.197
 SAPS_12        0.000         7.264
 SAPS_18        0.000         0.000         6.410
 SAPS_24        0.000         0.000         0.000         7.520


           ALPHA
              I             S             Q             CUB
              ________      ________      ________      ________
               10.720        -4.185         0.874        -0.062


           BETA
              I             S             Q             CUB
              ________      ________      ________      ________
 I              0.000         0.000         0.000         0.000
 S              0.000         0.000         0.000         0.000
 Q              0.000         0.000         0.000         0.000
 CUB            0.000         0.000         0.000         0.000


           PSI
              I             S             Q             CUB
              ________      ________      ________      ________
 I              0.000
 S              0.000         0.000
 Q              0.000         0.000         0.000
 CUB            0.000         0.000         0.000         0.000


     STARTING VALUES FOR LATENT CLASS REGRESSION MODEL PART


           ALPHA(C)
              C#1           C#2
              ________      ________
                0.000         0.000


TECHNICAL 11 OUTPUT

     Random Starts Specifications for the k-1 Class Analysis Model
        Number of initial stage random starts                 250
        Number of final stage optimizations                    62



     VUONG-LO-MENDELL-RUBIN LIKELIHOOD RATIO TEST FOR 1 (H0) VERSUS 2 CLASSES

          H0 Loglikelihood Value                        -8685.984
          2 Times the Loglikelihood Difference            605.599
          Difference in the Number of Parameters                6
          Mean                                              9.144
          Standard Deviation                               26.156
          P-Value                                          0.0000

     LO-MENDELL-RUBIN ADJUSTED LRT TEST

          Value                                           589.235
          P-Value                                          0.0000


SAMPLE STATISTICS FOR ESTIMATED FACTOR SCORES


     SAMPLE STATISTICS


           Means
              I             S             Q             CUB           C_I
              ________      ________      ________      ________      ________
                9.035        -1.894         0.163        -0.004         9.014


           Means
              C_S           C_Q           C_CUB
              ________      ________      ________
               -1.904         0.164        -0.004


           Covariances
              I             S             Q             CUB           C_I
              ________      ________      ________      ________      ________
 I              0.784
 S              0.339         0.147
 Q             -0.030        -0.013         0.001
 CUB            0.001         0.000         0.000         0.000
 C_I            0.843         0.365        -0.032         0.001         0.971
 C_S            0.365         0.158        -0.014         0.000         0.420
 C_Q           -0.032        -0.014         0.001         0.000        -0.037
 C_CUB          0.001         0.000         0.000         0.000         0.001


           Covariances
              C_S           C_Q           C_CUB
              ________      ________      ________
 C_S            0.182
 C_Q           -0.016         0.001
 C_CUB          0.000         0.000         0.000


           Correlations
              I             S             Q             CUB           C_I
              ________      ________      ________      ________      ________
 I              1.000
 S              1.000         1.000
 Q             -1.000        -1.000         1.000
 CUB            1.000         1.000        -1.000         1.000
 C_I            0.967         0.967        -0.967         0.967         1.000
 C_S            0.967         0.967        -0.967         0.967         1.000
 C_Q           -0.967        -0.967         0.967        -0.967        -1.000
 C_CUB          0.967         0.967        -0.967         0.967         1.000


           Correlations
              C_S           C_Q           C_CUB
              ________      ________      ________
 C_S            1.000
 C_Q           -1.000         1.000
 C_CUB          1.000        -1.000         1.000


PLOT INFORMATION

The following plots are available:

  Histograms (sample values, estimated factor scores, estimated values, residuals)
  Scatterplots (sample values, estimated factor scores, estimated values, residuals)
  Sample means
  Estimated means, medians, modes, and percentiles
  Sample and estimated means
  Latent variable distribution plots
  Observed individual values
  Estimated individual values
  Estimated means and observed individual values
  Estimated means and estimated individual values
  Estimated overall and class-specific distributions

SAVEDATA INFORMATION


  Save file
    K2_S500_res.dat

  Order and format of variables

    SAPS_0         F10.3
    SAPS_1         F10.3
    SAPS_2         F10.3
    SAPS_3         F10.3
    SAPS_6         F10.3
    SAPS_9         F10.3
    SAPS_12        F10.3
    SAPS_18        F10.3
    SAPS_24        F10.3
    I              F10.3
    S              F10.3
    Q              F10.3
    CUB            F10.3
    C_I            F10.3
    C_S            F10.3
    C_Q            F10.3
    C_CUB          F10.3
    CPROB1         F10.3
    CPROB2         F10.3
    C              F10.3
    PIN            I4

  Save file format
    20F10.3 I4

  Save file record length    10000

  Save missing symbol        *


     Beginning Time:  12:36:50
        Ending Time:  12:37:05
       Elapsed Time:  00:00:15



MUTHEN & MUTHEN
3463 Stoner Ave.
Los Angeles, CA  90066

Tel: (310) 391-9971
Fax: (310) 391-8971
Web: www.StatModel.com
Support: Support@StatModel.com

Copyright (c) 1998-2021 Muthen & Muthen
