Mplus VERSION 8.6 (Mac)
MUTHEN & MUTHEN
07/27/2023   3:01 PM

INPUT INSTRUCTIONS

  TITLE:
  GMM_CV_isqcub_CT
  DATA:
  FILE = "~/Desktop/DIST/SAPS/Results/GMM/CV/isqcub/GMM16.dat";

  VARIABLE:
  NAMES = pin SAPS_0 SAPS_1 SAPS_2 SAPS_3 SAPS_6 SAPS_9 SAPS_12 SAPS_18 SAPS_24;
   MISSING=.;
   USEVAR = SAPS_0 SAPS_1 SAPS_2 SAPS_3 SAPS_6 SAPS_9 SAPS_12 SAPS_18 SAPS_24;
  IDVAR = pin;
  CLASSES = c(2);
  ANALYSIS:
  TYPE = MIXTURE;
  STARTS = 4000 1000;
  K-1STARTS = 2000 500;
  DISTRIBUTION = SKEWNORMAL;
  PROCESSORS = 8;
  MODEL:
  %OVERALL%
  i s q cub | SAPS_0@0 SAPS_1@1 SAPS_2@2 SAPS_3@3 SAPS_6@6 SAPS_9@9 SAPS_12@12 SAPS_18@18
  SAPS_24@24;
  i s q cub;
  i WITH s q cub;
  s WITH q cub;
  q WITH cub;
  SAPS_0 SAPS_1 SAPS_2 SAPS_3 SAPS_6 SAPS_9 SAPS_12 SAPS_18 SAPS_24;
  %C#1%
  i s q cub;
  i WITH s q cub;
  s WITH q cub;
  q WITH cub;
  SAPS_0 (1);
  SAPS_1 (2);
  SAPS_2 (3);
  SAPS_3 (4);
  SAPS_6 (5);
  SAPS_9 (6);
  SAPS_12 (7);
  SAPS_18 (8);
  SAPS_24 (9);
  %C#2%
  i s q cub;
  i WITH s q cub;
  s WITH q cub;
  q WITH cub;
  SAPS_0 (10);
  SAPS_1 (11);
  SAPS_2 (12);
  SAPS_3 (13);
  SAPS_6 (14);
  SAPS_9 (15);
  SAPS_12 (16);
  SAPS_18 (17);
  SAPS_24 (18);
  OUTPUT:
  TECH7;
  TECH11;
  SAMPSTAT;
  STANDARDIZED;
  CINTERVAL;
  SAVEDATA:
  FILE = GMM_CV_isqcub_CT_est.dat;
  SAVE = CPROBABILITIES FSCORES;



INPUT READING TERMINATED NORMALLY




GMM_CV_isqcub_CT

SUMMARY OF ANALYSIS

Number of groups                                                 1
Number of observations                                         404

Number of dependent variables                                    9
Number of independent variables                                  0
Number of continuous latent variables                            4
Number of categorical latent variables                           1

Observed dependent variables

  Continuous
   SAPS_0      SAPS_1      SAPS_2      SAPS_3      SAPS_6      SAPS_9
   SAPS_12     SAPS_18     SAPS_24

Continuous latent variables
   I           S           Q           CUB

Categorical latent variables
   C

Variables with special functions

  ID variable           PIN

Estimator                                                      MLR
Information matrix                                        OBSERVED
Optimization Specifications for the Quasi-Newton Algorithm for
Continuous Outcomes
  Maximum number of iterations                                 100
  Convergence criterion                                  0.100D-03
Optimization Specifications for the EM Algorithm
  Maximum number of iterations                                 500
  Convergence criteria
    Loglikelihood change                                 0.100D-02
    Relative loglikelihood change                        0.100D-05
    Derivative                                           0.100D-03
Optimization Specifications for the M step of the EM Algorithm for
Categorical Latent variables
  Number of M step iterations                                    1
  M step convergence criterion                           0.100D-03
  Basis for M step termination                           ITERATION
Optimization Specifications for the M step of the EM Algorithm for
Censored, Binary or Ordered Categorical (Ordinal), Unordered
Categorical (Nominal) and Count Outcomes
  Number of M step iterations                                    1
  M step convergence criterion                           0.100D-03
  Basis for M step termination                           ITERATION
  Maximum value for logit thresholds                            15
  Minimum value for logit thresholds                           -15
  Minimum expected cell size for chi-square              0.100D-01
Maximum number of iterations for H1                           2000
Convergence criterion for H1                             0.100D-03
Optimization algorithm                                         EMA
Random Starts Specifications
  Number of initial stage random starts                       4000
  Number of final stage optimizations                         1000
  Number of initial stage iterations                            10
  Initial stage convergence criterion                    0.100D+01
  Random starts scale                                    0.500D+01
  Random seed for generating random starts                       0
Distribution Specifications
  Distribution                                          SKEWNORMAL

Input data file(s)
  ~/Desktop/DIST/SAPS/Results/GMM/CV/isqcub/GMM16.dat
Input data format  FREE


SUMMARY OF DATA

     Number of missing data patterns            63
     Number of y missing data patterns          63
     Number of u missing data patterns           0


COVARIANCE COVERAGE OF DATA

Minimum covariance coverage value   0.100


     PROPORTION OF DATA PRESENT FOR Y


           Covariance Coverage
              SAPS_0        SAPS_1        SAPS_2        SAPS_3        SAPS_6
              ________      ________      ________      ________      ________
 SAPS_0         0.998
 SAPS_1         0.673         0.676
 SAPS_2         0.844         0.597         0.847
 SAPS_3         0.943         0.634         0.822         0.946
 SAPS_6         0.906         0.606         0.777         0.871         0.908
 SAPS_9         0.861         0.579         0.750         0.812         0.795
 SAPS_12        0.866         0.574         0.723         0.817         0.790
 SAPS_18        0.819         0.540         0.683         0.772         0.745
 SAPS_24        0.790         0.520         0.691         0.748         0.720


           Covariance Coverage
              SAPS_9        SAPS_12       SAPS_18       SAPS_24
              ________      ________      ________      ________
 SAPS_9         0.864
 SAPS_12        0.772         0.869
 SAPS_18        0.725         0.745         0.822
 SAPS_24        0.723         0.720         0.708         0.792


SAMPLE STATISTICS


     ESTIMATED SAMPLE STATISTICS


           Means
              SAPS_0        SAPS_1        SAPS_2        SAPS_3        SAPS_6
              ________      ________      ________      ________      ________
               11.475         5.546         4.114         3.495         3.555


           Means
              SAPS_9        SAPS_12       SAPS_18       SAPS_24
              ________      ________      ________      ________
                3.371         3.555         3.350         3.332


           Covariances
              SAPS_0        SAPS_1        SAPS_2        SAPS_3        SAPS_6
              ________      ________      ________      ________      ________
 SAPS_0        10.556
 SAPS_1         3.838        15.000
 SAPS_2         2.583        10.530        13.543
 SAPS_3         2.254         7.337         9.844        13.149
 SAPS_6         2.048         6.066         7.351         7.109        13.625
 SAPS_9         1.161         3.508         5.318         5.892         7.375
 SAPS_12        2.116         3.708         4.011         5.492         6.362
 SAPS_18        1.006         3.215         3.935         4.962         5.383
 SAPS_24        0.983         2.359         3.251         3.783         3.528


           Covariances
              SAPS_9        SAPS_12       SAPS_18       SAPS_24
              ________      ________      ________      ________
 SAPS_9        12.257
 SAPS_12        6.137        14.430
 SAPS_18        4.846         7.162        13.115
 SAPS_24        4.398         5.157         5.749        14.978


           Correlations
              SAPS_0        SAPS_1        SAPS_2        SAPS_3        SAPS_6
              ________      ________      ________      ________      ________
 SAPS_0         1.000
 SAPS_1         0.305         1.000
 SAPS_2         0.216         0.739         1.000
 SAPS_3         0.191         0.522         0.738         1.000
 SAPS_6         0.171         0.424         0.541         0.531         1.000
 SAPS_9         0.102         0.259         0.413         0.464         0.571
 SAPS_12        0.171         0.252         0.287         0.399         0.454
 SAPS_18        0.085         0.229         0.295         0.378         0.403
 SAPS_24        0.078         0.157         0.228         0.270         0.247


           Correlations
              SAPS_9        SAPS_12       SAPS_18       SAPS_24
              ________      ________      ________      ________
 SAPS_9         1.000
 SAPS_12        0.461         1.000
 SAPS_18        0.382         0.521         1.000
 SAPS_24        0.325         0.351         0.410         1.000


     MAXIMUM LOG-LIKELIHOOD VALUE FOR THE UNRESTRICTED (H1) MODEL IS -7898.566


UNIVARIATE SAMPLE STATISTICS


     UNIVARIATE HIGHER-ORDER MOMENT DESCRIPTIVE STATISTICS

         Variable/         Mean/     Skewness/   Minimum/ % with                Percentiles
        Sample Size      Variance    Kurtosis    Maximum  Min/Max      20%/60%    40%/80%    Median

     SAPS_0               11.479      -0.268       2.000    0.50%       9.000     11.000     12.000
             403.000      10.552      -0.259      20.000    0.25%      13.000     14.000
     SAPS_1                5.473       0.416       0.000   10.62%       2.000      4.000      5.000
             273.000      14.491      -0.593      16.000    0.73%       6.000      9.000
     SAPS_2                4.009       0.987       0.000   18.13%       1.000      2.000      3.000
             342.000      13.377       0.578      18.000    0.29%       4.000      7.000
     SAPS_3                3.442       1.067       0.000   28.80%       0.000      1.000      2.000
             382.000      12.933       0.497      16.000    0.26%       3.000      6.000
     SAPS_6                3.542       0.982       0.000   30.79%       0.000      1.000      2.000
             367.000      13.736       0.170      16.000    0.27%       4.000      6.000
     SAPS_9                3.318       1.129       0.000   30.37%       0.000      1.000      2.000
             349.000      12.395       0.858      16.000    0.29%       3.000      6.000
     SAPS_12               3.587       1.270       0.000   27.07%       0.000      2.000      3.000
             351.000      14.527       1.138      18.000    0.28%       3.000      6.000
     SAPS_18               3.250       1.304       0.000   30.42%       0.000      1.000      2.000
             332.000      12.820       1.292      17.000    0.30%       3.000      6.000
     SAPS_24               3.297       1.339       0.000   33.44%       0.000      1.000      2.000
             320.000      15.040       1.095      17.000    0.31%       3.000      6.000

RANDOM STARTS RESULTS RANKED FROM THE BEST TO THE WORST LOGLIKELIHOOD VALUES


3749 perturbed starting value run(s) did not converge or were rejected in the third stage.
Final stage loglikelihood values at local maxima, seeds, and initial stage start numbers:

           -9389.754  689589           3947
           -9389.766  754267           2203
           -9389.775  753644           2437
           -9389.778  168166           2532
           -9389.782  60547            2590
           -9389.785  233596           2477
           -9389.787  330254           2684
           -9389.814  955828           2491
           -9389.823  839525           3054
           -9389.827  292884           103
           -9389.832  415931           10
           -9389.832  409612           2789
           -9389.834  137863           1030
           -9389.842  192191           629
           -9389.862  845617           1262
           -9389.917  586549           3858
           -9389.921  638118           1588
           -9389.925  282955           1073
           -9389.950  879409           2041
           -9389.958  608552           2654
           -9389.968  824956           607
           -9389.987  749453           33
           -9390.042  168437           2127
           -9419.954  342197           3777
           -9419.960  544009           842
           -9419.963  168199           1155
           -9419.972  301717           823
           -9419.973  58195            3254
           -9419.978  771981           2860
           -9419.984  775844           2371
           -9420.043  898058           1586
           -9420.054  437936           1717
           -9420.063  539433           3057
           -9420.081  459780           3519
           -9439.590  518162           1611
           -9439.590  264901           634
           -9439.590  446528           3538
           -9439.590  964389           1223
           -9439.590  488514           1454
           -9439.590  91976            1925
           -9439.590  150531           154
           -9439.590  837992           3104
           -9439.590  44644            3181
           -9439.590  198305           1825
           -9439.590  829540           324
           -9439.590  678813           1881
           -9439.590  529308           3209
           -9439.590  713348           2976
           -9439.590  188944           3585
           -9439.590  145602           2578
           -9439.591  828901           3019
           -9439.591  747511           3236
           -9439.591  299996           1853
           -9439.591  579712           2359
           -9439.591  565903           3914
           -9439.591  379464           1483
           -9439.591  327475           518
           -9439.592  679832           302
           -9440.948  601074           2119
           -9440.948  954354           840
           -9440.954  60380            3099
          -10246.182  198593           2996
          -11771.513  406118           3827
          -12660.339  943158           3059

936 perturbed starting value run(s) did not converge or were rejected in the third stage.



THE BEST LOGLIKELIHOOD VALUE HAS BEEN REPLICATED.  RERUN WITH AT LEAST TWICE THE
RANDOM STARTS TO CHECK THAT THE BEST LOGLIKELIHOOD IS STILL OBTAINED AND REPLICATED.

     ONE OR MORE PARAMETERS WERE FIXED TO AVOID SINGULARITY OF THE
     INFORMATION MATRIX. THE SINGULARITY IS MOST LIKELY BECAUSE THE
     MODEL IS NOT IDENTIFIED, OR BECAUSE OF EMPTY CELLS IN THE JOINT
     DISTRIBUTION OF THE CATEGORICAL VARIABLES IN THE MODEL.
     THE FOLLOWING PARAMETERS WERE FIXED:
     Parameter 1, %C#1%: SAPS_0
     Parameter 2, %C#1%: SAPS_1
     Parameter 3, %C#1%: SAPS_2
     Parameter 4, %C#1%: SAPS_3
     Parameter 5, %C#1%: SAPS_6
     Parameter 6, %C#1%: SAPS_9
     Parameter 7, %C#1%: SAPS_12
     Parameter 8, %C#1%: SAPS_18
     Parameter 9, %C#1%: SAPS_24
     Parameter 10, %C#1%: [ I ]
     Parameter 11, %C#1%: [ S ]
     Parameter 12, %C#1%: [ Q ]
     Parameter 13, %C#1%: [ CUB ]
     Parameter 14, %C#1%: I
     Parameter 15, %C#1%: S WITH I
     Parameter 16, %C#1%: S
     Parameter 17, %C#1%: Q WITH I
     Parameter 18, %C#1%: Q WITH S
     Parameter 19, %C#1%: Q
     Parameter 20, %C#1%: CUB WITH I
     Parameter 21, %C#1%: CUB WITH S
     Parameter 22, %C#1%: CUB WITH Q
     Parameter 23, %C#1%: CUB
     Parameter 24, %C#1%: { I }
     Parameter 25, %C#1%: { S }
     Parameter 26, %C#1%: { Q }
     Parameter 27, %C#1%: { CUB }
     Parameter 44, %C#2%: Q WITH I
     Parameter 45, %C#2%: Q WITH S
     Parameter 46, %C#2%: Q
     Parameter 47, %C#2%: CUB WITH I
     Parameter 48, %C#2%: CUB WITH S
     Parameter 49, %C#2%: CUB WITH Q
     Parameter 50, %C#2%: CUB
     Parameter 55, [ C#1 ]

     THIS MAY ALSO BE DUE TO RESIDUAL VARIANCES CONVERGING TO 0.
     THESE RESIDUAL VARIANCES AND CORRESPONDING COVARIANCES ARE FIXED TO 0.


THE MODEL ESTIMATION TERMINATED NORMALLY

     WARNING:  THE LATENT VARIABLE COVARIANCE MATRIX (PSI) IN CLASS 2
     IS NOT POSITIVE DEFINITE.  THIS COULD INDICATE A NEGATIVE VARIANCE/
     RESIDUAL VARIANCE FOR A LATENT VARIABLE, A CORRELATION GREATER OR EQUAL
     TO ONE BETWEEN TWO LATENT VARIABLES, OR A LINEAR DEPENDENCY AMONG MORE
     THAN TWO LATENT VARIABLES.  CHECK THE TECH4 OUTPUT FOR MORE INFORMATION.
     PROBLEM INVOLVING VARIABLE S.


     FACTOR SCORES CAN NOT BE COMPUTED FOR THIS MODEL.




MODEL FIT INFORMATION

Number of Free Parameters                       55

Loglikelihood

          H0 Value                       -9389.754
          H0 Scaling Correction Factor      0.5117
            for MLR

Information Criteria

          Akaike (AIC)                   18889.509
          Bayesian (BIC)                 19109.587
          Sample-Size Adjusted BIC       18935.065
            (n* = (n + 2) / 24)



FINAL CLASS COUNTS AND PROPORTIONS FOR THE LATENT CLASSES
BASED ON THE ESTIMATED MODEL

    Latent
   Classes

       1          0.00000          0.00000
       2        404.00000          1.00000


FINAL CLASS COUNTS AND PROPORTIONS FOR THE LATENT CLASSES
BASED ON ESTIMATED POSTERIOR PROBABILITIES

    Latent
   Classes

       1          0.00000          0.00000
       2        404.00000          1.00000


FINAL CLASS COUNTS AND PROPORTIONS FOR THE LATENT CLASSES
BASED ON THEIR MOST LIKELY LATENT CLASS MEMBERSHIP

Class Counts and Proportions

    Latent
   Classes

       1                0          0.00000
       2              404          1.00000


CLASSIFICATION QUALITY

     Entropy                         1.000


Average Latent Class Probabilities for Most Likely Latent Class Membership (Row)
by Latent Class (Column)

           1        2

    1   0.000    0.000
    2   0.000    1.000


Classification Probabilities for the Most Likely Latent Class Membership (Column)
by Latent Class (Row)

           1        2

    1   0.000    0.000
    2   0.000    1.000


Logits for the Classification Probabilities for the Most Likely Latent Class Membership (Column)
by Latent Class (Row)

              1        2

    1      0.000    0.000
    2    -13.816    0.000


MODEL RESULTS

                                                    Two-Tailed
                    Estimate       S.E.  Est./S.E.    P-Value

Latent Class 1

 I        |
    SAPS_0             1.000      0.000    999.000    999.000
    SAPS_1             1.000      0.000    999.000    999.000
    SAPS_2             1.000      0.000    999.000    999.000
    SAPS_3             1.000      0.000    999.000    999.000
    SAPS_6             1.000      0.000    999.000    999.000
    SAPS_9             1.000      0.000    999.000    999.000
    SAPS_12            1.000      0.000    999.000    999.000
    SAPS_18            1.000      0.000    999.000    999.000
    SAPS_24            1.000      0.000    999.000    999.000

 S        |
    SAPS_0             0.000      0.000    999.000    999.000
    SAPS_1             1.000      0.000    999.000    999.000
    SAPS_2             2.000      0.000    999.000    999.000
    SAPS_3             3.000      0.000    999.000    999.000
    SAPS_6             6.000      0.000    999.000    999.000
    SAPS_9             9.000      0.000    999.000    999.000
    SAPS_12           12.000      0.000    999.000    999.000
    SAPS_18           18.000      0.000    999.000    999.000
    SAPS_24           24.000      0.000    999.000    999.000

 Q        |
    SAPS_0             0.000      0.000    999.000    999.000
    SAPS_1             1.000      0.000    999.000    999.000
    SAPS_2             4.000      0.000    999.000    999.000
    SAPS_3             9.000      0.000    999.000    999.000
    SAPS_6            36.000      0.000    999.000    999.000
    SAPS_9            81.000      0.000    999.000    999.000
    SAPS_12          144.000      0.000    999.000    999.000
    SAPS_18          324.000      0.000    999.000    999.000
    SAPS_24          576.000      0.000    999.000    999.000

 CUB      |
    SAPS_0             0.000      0.000    999.000    999.000
    SAPS_1             1.000      0.000    999.000    999.000
    SAPS_2             8.000      0.000    999.000    999.000
    SAPS_3            27.000      0.000    999.000    999.000
    SAPS_6           216.000      0.000    999.000    999.000
    SAPS_9           729.000      0.000    999.000    999.000
    SAPS_12         1728.000      0.000    999.000    999.000
    SAPS_18         5832.000      0.000    999.000    999.000
    SAPS_24        13824.000      0.000    999.000    999.000

 I        WITH
    S                  0.124      0.000    999.000    999.000
    Q                 -0.177      0.000    999.000    999.000
    CUB               -0.489      0.000    999.000    999.000

 S        WITH
    Q                 -0.060      0.000    999.000    999.000
    CUB               -0.114      0.000    999.000    999.000

 Q        WITH
    CUB                0.392      0.000    999.000    999.000

 Means
    I                 25.466      0.000    999.000    999.000
    S                 -0.140      0.000    999.000    999.000
    Q                 -5.092      0.000    999.000    999.000
    CUB               -3.122      0.000    999.000    999.000

 Intercepts
    SAPS_0             0.000      0.000    999.000    999.000
    SAPS_1             0.000      0.000    999.000    999.000
    SAPS_2             0.000      0.000    999.000    999.000
    SAPS_3             0.000      0.000    999.000    999.000
    SAPS_6             0.000      0.000    999.000    999.000
    SAPS_9             0.000      0.000    999.000    999.000
    SAPS_12            0.000      0.000    999.000    999.000
    SAPS_18            0.000      0.000    999.000    999.000
    SAPS_24            0.000      0.000    999.000    999.000

 Variances
    I                 16.417      0.000    999.000    999.000
    S                 27.794      0.000    999.000    999.000
    Q                  4.768      0.000    999.000    999.000
    CUB                0.171      0.000    999.000    999.000

 Residual Variances
    SAPS_0             5.325      0.000    999.000    999.000
    SAPS_1             7.269      0.000    999.000    999.000
    SAPS_2             6.709      0.000    999.000    999.000
    SAPS_3             6.490      0.000    999.000    999.000
    SAPS_6             6.901      0.000    999.000    999.000
    SAPS_9             6.224      0.000    999.000    999.000
    SAPS_12            7.266      0.000    999.000    999.000
    SAPS_18            6.425      0.000    999.000    999.000
    SAPS_24            7.521      0.000    999.000    999.000

Latent Class 2

 I        |
    SAPS_0             1.000      0.000    999.000    999.000
    SAPS_1             1.000      0.000    999.000    999.000
    SAPS_2             1.000      0.000    999.000    999.000
    SAPS_3             1.000      0.000    999.000    999.000
    SAPS_6             1.000      0.000    999.000    999.000
    SAPS_9             1.000      0.000    999.000    999.000
    SAPS_12            1.000      0.000    999.000    999.000
    SAPS_18            1.000      0.000    999.000    999.000
    SAPS_24            1.000      0.000    999.000    999.000

 S        |
    SAPS_0             0.000      0.000    999.000    999.000
    SAPS_1             1.000      0.000    999.000    999.000
    SAPS_2             2.000      0.000    999.000    999.000
    SAPS_3             3.000      0.000    999.000    999.000
    SAPS_6             6.000      0.000    999.000    999.000
    SAPS_9             9.000      0.000    999.000    999.000
    SAPS_12           12.000      0.000    999.000    999.000
    SAPS_18           18.000      0.000    999.000    999.000
    SAPS_24           24.000      0.000    999.000    999.000

 Q        |
    SAPS_0             0.000      0.000    999.000    999.000
    SAPS_1             1.000      0.000    999.000    999.000
    SAPS_2             4.000      0.000    999.000    999.000
    SAPS_3             9.000      0.000    999.000    999.000
    SAPS_6            36.000      0.000    999.000    999.000
    SAPS_9            81.000      0.000    999.000    999.000
    SAPS_12          144.000      0.000    999.000    999.000
    SAPS_18          324.000      0.000    999.000    999.000
    SAPS_24          576.000      0.000    999.000    999.000

 CUB      |
    SAPS_0             0.000      0.000    999.000    999.000
    SAPS_1             1.000      0.000    999.000    999.000
    SAPS_2             8.000      0.000    999.000    999.000
    SAPS_3            27.000      0.000    999.000    999.000
    SAPS_6           216.000      0.000    999.000    999.000
    SAPS_9           729.000      0.000    999.000    999.000
    SAPS_12         1728.000      0.000    999.000    999.000
    SAPS_18         5832.000      0.000    999.000    999.000
    SAPS_24        13824.000      0.000    999.000    999.000

 I        WITH
    S                 -0.768      0.126     -6.087      0.000
    Q                  0.000      0.000    999.000    999.000
    CUB                0.000      0.000    999.000    999.000

 S        WITH
    Q                  0.000      0.000    999.000    999.000
    CUB                0.000      0.000    999.000    999.000

 Q        WITH
    CUB                0.000      0.000    999.000    999.000

 Means
    I                  5.375      0.605      8.886      0.000
    S                 -1.729      0.142    -12.216      0.000
    Q                  0.143      0.015      9.417      0.000
    CUB               -0.003      0.001     -6.321      0.000

 Intercepts
    SAPS_0             0.000      0.000    999.000    999.000
    SAPS_1             0.000      0.000    999.000    999.000
    SAPS_2             0.000      0.000    999.000    999.000
    SAPS_3             0.000      0.000    999.000    999.000
    SAPS_6             0.000      0.000    999.000    999.000
    SAPS_9             0.000      0.000    999.000    999.000
    SAPS_12            0.000      0.000    999.000    999.000
    SAPS_18            0.000      0.000    999.000    999.000
    SAPS_24            0.000      0.000    999.000    999.000

 Variances
    I                  7.346      1.547      4.748      0.000
    S                  0.034      0.018      1.917      0.055
    Q                  0.000      0.000    999.000    999.000
    CUB                0.000      0.000    999.000    999.000

 Residual Variances
    SAPS_0            38.144      3.804     10.029      0.000
    SAPS_1             5.933      0.788      7.530      0.000
    SAPS_2             4.466      0.680      6.570      0.000
    SAPS_3             5.500      0.599      9.182      0.000
    SAPS_6             5.651      0.788      7.171      0.000
    SAPS_9             5.882      1.303      4.513      0.000
    SAPS_12            8.047      1.587      5.071      0.000
    SAPS_18            1.472      3.505      0.420      0.675
    SAPS_24           65.363     27.624      2.366      0.018

Categorical Latent Variables

 Means
    C#1             -301.334      0.000    999.000    999.000

Skew and Df Parameters

Latent Class 1

    I                  1.712      0.000    999.000    999.000
    S                  0.531      0.000    999.000    999.000
    Q                  3.616      0.000    999.000    999.000
    CUB                2.868      0.000    999.000    999.000

Latent Class 2

    I                  1.474      0.710      2.076      0.038
    S                  0.873      0.147      5.944      0.000
    Q                 -0.065      0.014     -4.584      0.000
    CUB                0.001      0.000      2.420      0.016


QUALITY OF NUMERICAL RESULTS

     Condition Number for the Information Matrix              0.483E-07
       (ratio of smallest to largest eigenvalue)


STANDARDIZED MODEL RESULTS

                      StdYX       StdY        Std
                    Estimate   Estimate   Estimate

Latent Class 1

 I        |
    SAPS_0             0.876      0.876      4.181
    SAPS_1             0.458      0.458      4.181
    SAPS_2             0.146      0.146      4.181
    SAPS_3             0.056      0.056      4.181
    SAPS_6             0.009      0.009      4.181
    SAPS_9             0.003      0.003      4.181
    SAPS_12            0.001      0.001      4.181
    SAPS_18            0.000      0.000      4.181
    SAPS_24            0.000      0.000      4.181

 S        |
    SAPS_0             0.000      0.000      0.000
    SAPS_1             0.578      0.578      5.282
    SAPS_2             0.369      0.369     10.563
    SAPS_3             0.212      0.212     15.845
    SAPS_6             0.066      0.066     31.690
    SAPS_9             0.032      0.032     47.535
    SAPS_12            0.019      0.019     63.380
    SAPS_18            0.009      0.009     95.070
    SAPS_24            0.005      0.005    126.760

 Q        |
    SAPS_0             0.000      0.000      0.000
    SAPS_1             0.338      0.338      3.085
    SAPS_2             0.431      0.431     12.342
    SAPS_3             0.371      0.371     27.769
    SAPS_6             0.233      0.233    111.075
    SAPS_9             0.167      0.167    249.918
    SAPS_12            0.130      0.130    444.299
    SAPS_18            0.090      0.090    999.674
    SAPS_24            0.068      0.068   1777.198

 CUB      |
    SAPS_0             0.000      0.000      0.000
    SAPS_1             0.195      0.195      1.778
    SAPS_2             0.497      0.497     14.222
    SAPS_3             0.642      0.642     47.999
    SAPS_6             0.805      0.805    383.995
    SAPS_9             0.865      0.865   1295.984
    SAPS_12            0.897      0.897   3071.962
    SAPS_18            0.930      0.930  10367.870
    SAPS_24            0.947      0.947  24575.693

 I        WITH
    S                  0.006      0.006      0.006
    Q                 -0.020     -0.020     -0.020
    CUB               -0.292     -0.292     -0.292

 S        WITH
    Q                 -0.005     -0.005     -0.005
    CUB               -0.052     -0.052     -0.052

 Q        WITH
    CUB                0.434      0.434      0.434

 Means
    I                  6.091      6.091      6.091
    S                 -0.027     -0.027     -0.027
    Q                 -1.650     -1.650     -1.650
    CUB               -1.756     -1.756     -1.756

 Intercepts
    SAPS_0             0.000      0.000      0.000
    SAPS_1             0.000      0.000      0.000
    SAPS_2             0.000      0.000      0.000
    SAPS_3             0.000      0.000      0.000
    SAPS_6             0.000      0.000      0.000
    SAPS_9             0.000      0.000      0.000
    SAPS_12            0.000      0.000      0.000
    SAPS_18            0.000      0.000      0.000
    SAPS_24            0.000      0.000      0.000

 Variances
    I                  0.939      0.939      0.939
    S                  0.996      0.996      0.996
    Q                  0.501      0.501      0.501
    CUB                0.054      0.054      0.054

 Residual Variances
    SAPS_0             0.233      0.233      5.325
    SAPS_1             0.087      0.087      7.269
    SAPS_2             0.008      0.008      6.709
    SAPS_3             0.001      0.001      6.490
    SAPS_6             0.000      0.000      6.901
    SAPS_9             0.000      0.000      6.224
    SAPS_12            0.000      0.000      7.266
    SAPS_18            0.000      0.000      6.425
    SAPS_24            0.000      0.000      7.521

Latent Class 2

 I        |
    SAPS_0             0.419      0.419      2.852
    SAPS_1             0.771      0.771      2.852
    SAPS_2             0.820      0.820      2.852
    SAPS_3             0.786      0.786      2.852
    SAPS_6             0.682      0.682      2.852
    SAPS_9             0.355      0.355      2.852
    SAPS_12            0.162      0.162      2.852
    SAPS_18            0.049      0.049      2.852
    SAPS_24            0.021      0.021      2.852

 S        |
    SAPS_0             0.000      0.000      0.000
    SAPS_1             0.151      0.151      0.558
    SAPS_2             0.321      0.321      1.116
    SAPS_3             0.461      0.461      1.673
    SAPS_6             0.800      0.800      3.347
    SAPS_9             0.625      0.625      5.020
    SAPS_12            0.380      0.380      6.694
    SAPS_18            0.172      0.172     10.041
    SAPS_24            0.097      0.097     13.388

 Q        |
    SAPS_0             0.000      0.000      0.000
    SAPS_1             0.011      0.011      0.041
    SAPS_2             0.047      0.047      0.162
    SAPS_3             0.101      0.101      0.365
    SAPS_6             0.349      0.349      1.460
    SAPS_9             0.409      0.409      3.286
    SAPS_12            0.332      0.332      5.842
    SAPS_18            0.225      0.225     13.144
    SAPS_24            0.169      0.169     23.367

 CUB      |
    SAPS_0             0.000      0.000      0.000
    SAPS_1             0.003      0.003      0.010
    SAPS_2             0.023      0.023      0.080
    SAPS_3             0.075      0.075      0.271
    SAPS_6             0.518      0.518      2.164
    SAPS_9             0.910      0.910      7.305
    SAPS_12            0.984      0.984     17.316
    SAPS_18            1.001      1.001     58.441
    SAPS_24            1.000      1.000    138.527

 I        WITH
    S                 -1.534     -1.534     -1.534
    Q                  0.000      0.000      0.000
    CUB                0.000      0.000      0.000

 S        WITH
    Q                  0.000      0.000      0.000
    CUB                0.000      0.000      0.000

 Q        WITH
    CUB                0.000      0.000      0.000

 Means
    I                  1.885      1.885      1.885
    S                 -3.099     -3.099     -3.099
    Q                  3.530      3.530      3.530
    CUB               -0.318     -0.318     -0.318

 Intercepts
    SAPS_0             0.000      0.000      0.000
    SAPS_1             0.000      0.000      0.000
    SAPS_2             0.000      0.000      0.000
    SAPS_3             0.000      0.000      0.000
    SAPS_6             0.000      0.000      0.000
    SAPS_9             0.000      0.000      0.000
    SAPS_12            0.000      0.000      0.000
    SAPS_18            0.000      0.000      0.000
    SAPS_24            0.000      0.000      0.000

 Variances
    I                  0.903      0.903      0.903
    S                  0.110      0.110      0.110
    Q                  0.061      0.061      0.061
    CUB                0.996      0.996      0.996

 Residual Variances
    SAPS_0             0.824      0.824     38.144
    SAPS_1             0.434      0.434      5.933
    SAPS_2             0.369      0.369      4.466
    SAPS_3             0.418      0.418      5.500
    SAPS_6             0.323      0.323      5.651
    SAPS_9             0.091      0.091      5.882
    SAPS_12            0.026      0.026      8.047
    SAPS_18            0.000      0.000      1.472
    SAPS_24            0.003      0.003     65.363


R-SQUARE

Class 1

    Observed
    Variable        Estimate

    SAPS_0             0.767
    SAPS_1             0.913
    SAPS_2             0.992
    SAPS_3             0.999
    SAPS_6             1.000
    SAPS_9             1.000
    SAPS_12            1.000
    SAPS_18            1.000
    SAPS_24            1.000

Class 2

    Observed
    Variable        Estimate

    SAPS_0             0.176
    SAPS_1             0.566
    SAPS_2             0.631
    SAPS_3             0.582
    SAPS_6             0.677
    SAPS_9             0.909
    SAPS_12            0.974
    SAPS_18            1.000
    SAPS_24            0.997


CONFIDENCE INTERVALS OF MODEL RESULTS

                  Lower .5%  Lower 2.5%    Lower 5%    Estimate    Upper 5%  Upper 2.5%   Upper .5%

Latent Class 1

 I        |
    SAPS_0           1.000       1.000       1.000       1.000       1.000       1.000       1.000
    SAPS_1           1.000       1.000       1.000       1.000       1.000       1.000       1.000
    SAPS_2           1.000       1.000       1.000       1.000       1.000       1.000       1.000
    SAPS_3           1.000       1.000       1.000       1.000       1.000       1.000       1.000
    SAPS_6           1.000       1.000       1.000       1.000       1.000       1.000       1.000
    SAPS_9           1.000       1.000       1.000       1.000       1.000       1.000       1.000
    SAPS_12          1.000       1.000       1.000       1.000       1.000       1.000       1.000
    SAPS_18          1.000       1.000       1.000       1.000       1.000       1.000       1.000
    SAPS_24          1.000       1.000       1.000       1.000       1.000       1.000       1.000

 S        |
    SAPS_0           0.000       0.000       0.000       0.000       0.000       0.000       0.000
    SAPS_1           1.000       1.000       1.000       1.000       1.000       1.000       1.000
    SAPS_2           2.000       2.000       2.000       2.000       2.000       2.000       2.000
    SAPS_3           3.000       3.000       3.000       3.000       3.000       3.000       3.000
    SAPS_6           6.000       6.000       6.000       6.000       6.000       6.000       6.000
    SAPS_9           9.000       9.000       9.000       9.000       9.000       9.000       9.000
    SAPS_12         12.000      12.000      12.000      12.000      12.000      12.000      12.000
    SAPS_18         18.000      18.000      18.000      18.000      18.000      18.000      18.000
    SAPS_24         24.000      24.000      24.000      24.000      24.000      24.000      24.000

 Q        |
    SAPS_0           0.000       0.000       0.000       0.000       0.000       0.000       0.000
    SAPS_1           1.000       1.000       1.000       1.000       1.000       1.000       1.000
    SAPS_2           4.000       4.000       4.000       4.000       4.000       4.000       4.000
    SAPS_3           9.000       9.000       9.000       9.000       9.000       9.000       9.000
    SAPS_6          36.000      36.000      36.000      36.000      36.000      36.000      36.000
    SAPS_9          81.000      81.000      81.000      81.000      81.000      81.000      81.000
    SAPS_12        144.000     144.000     144.000     144.000     144.000     144.000     144.000
    SAPS_18        324.000     324.000     324.000     324.000     324.000     324.000     324.000
    SAPS_24        576.000     576.000     576.000     576.000     576.000     576.000     576.000

 CUB      |
    SAPS_0           0.000       0.000       0.000       0.000       0.000       0.000       0.000
    SAPS_1           1.000       1.000       1.000       1.000       1.000       1.000       1.000
    SAPS_2           8.000       8.000       8.000       8.000       8.000       8.000       8.000
    SAPS_3          27.000      27.000      27.000      27.000      27.000      27.000      27.000
    SAPS_6         216.000     216.000     216.000     216.000     216.000     216.000     216.000
    SAPS_9         729.000     729.000     729.000     729.000     729.000     729.000     729.000
    SAPS_12       1728.000    1728.000    1728.000    1728.000    1728.000    1728.000    1728.000
    SAPS_18       5832.000    5832.000    5832.000    5832.000    5832.000    5832.000    5832.000
    SAPS_24      13824.000   13824.000   13824.000   13824.000   13824.000   13824.000   13824.000

 I        WITH
    S                0.124       0.124       0.124       0.124       0.124       0.124       0.124
    Q               -0.177      -0.177      -0.177      -0.177      -0.177      -0.177      -0.177
    CUB             -0.489      -0.489      -0.489      -0.489      -0.489      -0.489      -0.489

 S        WITH
    Q               -0.060      -0.060      -0.060      -0.060      -0.060      -0.060      -0.060
    CUB             -0.114      -0.114      -0.114      -0.114      -0.114      -0.114      -0.114

 Q        WITH
    CUB              0.392       0.392       0.392       0.392       0.392       0.392       0.392

 Means
    I               25.466      25.466      25.466      25.466      25.466      25.466      25.466
    S               -0.140      -0.140      -0.140      -0.140      -0.140      -0.140      -0.140
    Q               -5.092      -5.092      -5.092      -5.092      -5.092      -5.092      -5.092
    CUB             -3.122      -3.122      -3.122      -3.122      -3.122      -3.122      -3.122

 Intercepts
    SAPS_0           0.000       0.000       0.000       0.000       0.000       0.000       0.000
    SAPS_1           0.000       0.000       0.000       0.000       0.000       0.000       0.000
    SAPS_2           0.000       0.000       0.000       0.000       0.000       0.000       0.000
    SAPS_3           0.000       0.000       0.000       0.000       0.000       0.000       0.000
    SAPS_6           0.000       0.000       0.000       0.000       0.000       0.000       0.000
    SAPS_9           0.000       0.000       0.000       0.000       0.000       0.000       0.000
    SAPS_12          0.000       0.000       0.000       0.000       0.000       0.000       0.000
    SAPS_18          0.000       0.000       0.000       0.000       0.000       0.000       0.000
    SAPS_24          0.000       0.000       0.000       0.000       0.000       0.000       0.000

 Variances
    I               16.417      16.417      16.417      16.417      16.417      16.417      16.417
    S               27.794      27.794      27.794      27.794      27.794      27.794      27.794
    Q                4.768       4.768       4.768       4.768       4.768       4.768       4.768
    CUB              0.171       0.171       0.171       0.171       0.171       0.171       0.171

 Residual Variances
    SAPS_0           5.325       5.325       5.325       5.325       5.325       5.325       5.325
    SAPS_1           7.269       7.269       7.269       7.269       7.269       7.269       7.269
    SAPS_2           6.709       6.709       6.709       6.709       6.709       6.709       6.709
    SAPS_3           6.490       6.490       6.490       6.490       6.490       6.490       6.490
    SAPS_6           6.901       6.901       6.901       6.901       6.901       6.901       6.901
    SAPS_9           6.224       6.224       6.224       6.224       6.224       6.224       6.224
    SAPS_12          7.266       7.266       7.266       7.266       7.266       7.266       7.266
    SAPS_18          6.425       6.425       6.425       6.425       6.425       6.425       6.425
    SAPS_24          7.521       7.521       7.521       7.521       7.521       7.521       7.521

Latent Class 2

 I        |
    SAPS_0           1.000       1.000       1.000       1.000       1.000       1.000       1.000
    SAPS_1           1.000       1.000       1.000       1.000       1.000       1.000       1.000
    SAPS_2           1.000       1.000       1.000       1.000       1.000       1.000       1.000
    SAPS_3           1.000       1.000       1.000       1.000       1.000       1.000       1.000
    SAPS_6           1.000       1.000       1.000       1.000       1.000       1.000       1.000
    SAPS_9           1.000       1.000       1.000       1.000       1.000       1.000       1.000
    SAPS_12          1.000       1.000       1.000       1.000       1.000       1.000       1.000
    SAPS_18          1.000       1.000       1.000       1.000       1.000       1.000       1.000
    SAPS_24          1.000       1.000       1.000       1.000       1.000       1.000       1.000

 S        |
    SAPS_0           0.000       0.000       0.000       0.000       0.000       0.000       0.000
    SAPS_1           1.000       1.000       1.000       1.000       1.000       1.000       1.000
    SAPS_2           2.000       2.000       2.000       2.000       2.000       2.000       2.000
    SAPS_3           3.000       3.000       3.000       3.000       3.000       3.000       3.000
    SAPS_6           6.000       6.000       6.000       6.000       6.000       6.000       6.000
    SAPS_9           9.000       9.000       9.000       9.000       9.000       9.000       9.000
    SAPS_12         12.000      12.000      12.000      12.000      12.000      12.000      12.000
    SAPS_18         18.000      18.000      18.000      18.000      18.000      18.000      18.000
    SAPS_24         24.000      24.000      24.000      24.000      24.000      24.000      24.000

 Q        |
    SAPS_0           0.000       0.000       0.000       0.000       0.000       0.000       0.000
    SAPS_1           1.000       1.000       1.000       1.000       1.000       1.000       1.000
    SAPS_2           4.000       4.000       4.000       4.000       4.000       4.000       4.000
    SAPS_3           9.000       9.000       9.000       9.000       9.000       9.000       9.000
    SAPS_6          36.000      36.000      36.000      36.000      36.000      36.000      36.000
    SAPS_9          81.000      81.000      81.000      81.000      81.000      81.000      81.000
    SAPS_12        144.000     144.000     144.000     144.000     144.000     144.000     144.000
    SAPS_18        324.000     324.000     324.000     324.000     324.000     324.000     324.000
    SAPS_24        576.000     576.000     576.000     576.000     576.000     576.000     576.000

 CUB      |
    SAPS_0           0.000       0.000       0.000       0.000       0.000       0.000       0.000
    SAPS_1           1.000       1.000       1.000       1.000       1.000       1.000       1.000
    SAPS_2           8.000       8.000       8.000       8.000       8.000       8.000       8.000
    SAPS_3          27.000      27.000      27.000      27.000      27.000      27.000      27.000
    SAPS_6         216.000     216.000     216.000     216.000     216.000     216.000     216.000
    SAPS_9         729.000     729.000     729.000     729.000     729.000     729.000     729.000
    SAPS_12       1728.000    1728.000    1728.000    1728.000    1728.000    1728.000    1728.000
    SAPS_18       5832.000    5832.000    5832.000    5832.000    5832.000    5832.000    5832.000
    SAPS_24      13824.000   13824.000   13824.000   13824.000   13824.000   13824.000   13824.000

 I        WITH
    S               -1.093      -1.015      -0.975      -0.768      -0.560      -0.521      -0.443
    Q                0.000       0.000       0.000       0.000       0.000       0.000       0.000
    CUB              0.000       0.000       0.000       0.000       0.000       0.000       0.000

 S        WITH
    Q                0.000       0.000       0.000       0.000       0.000       0.000       0.000
    CUB              0.000       0.000       0.000       0.000       0.000       0.000       0.000

 Q        WITH
    CUB              0.000       0.000       0.000       0.000       0.000       0.000       0.000

 Means
    I                3.817       4.190       4.380       5.375       6.370       6.561       6.934
    S               -2.093      -2.006      -1.961      -1.729      -1.496      -1.451      -1.364
    Q                0.104       0.113       0.118       0.143       0.168       0.173       0.182
    CUB             -0.004      -0.004      -0.004      -0.003      -0.002      -0.002      -0.002

 Intercepts
    SAPS_0           0.000       0.000       0.000       0.000       0.000       0.000       0.000
    SAPS_1           0.000       0.000       0.000       0.000       0.000       0.000       0.000
    SAPS_2           0.000       0.000       0.000       0.000       0.000       0.000       0.000
    SAPS_3           0.000       0.000       0.000       0.000       0.000       0.000       0.000
    SAPS_6           0.000       0.000       0.000       0.000       0.000       0.000       0.000
    SAPS_9           0.000       0.000       0.000       0.000       0.000       0.000       0.000
    SAPS_12          0.000       0.000       0.000       0.000       0.000       0.000       0.000
    SAPS_18          0.000       0.000       0.000       0.000       0.000       0.000       0.000
    SAPS_24          0.000       0.000       0.000       0.000       0.000       0.000       0.000

 Variances
    I                3.361       4.314       4.801       7.346       9.891      10.379      11.331
    S               -0.012      -0.001       0.005       0.034       0.063       0.069       0.080
    Q                0.000       0.000       0.000       0.000       0.000       0.000       0.000
    CUB              0.000       0.000       0.000       0.000       0.000       0.000       0.000

 Residual Variances
    SAPS_0          28.347      30.689      31.888      38.144      44.401      45.599      47.942
    SAPS_1           3.903       4.389       4.637       5.933       7.229       7.477       7.963
    SAPS_2           2.715       3.134       3.348       4.466       5.584       5.798       6.216
    SAPS_3           3.957       4.326       4.515       5.500       6.485       6.674       7.043
    SAPS_6           3.621       4.107       4.355       5.651       6.947       7.196       7.681
    SAPS_9           2.525       3.327       3.738       5.882       8.026       8.437       9.240
    SAPS_12          3.959       4.936       5.436       8.047      10.657      11.157      12.134
    SAPS_18         -7.557      -5.399      -4.295       1.472       7.238       8.343      10.501
    SAPS_24         -5.792      11.219      19.921      65.363     110.805     119.506     136.517

Categorical Latent Variables

 Means
    C#1           -301.334    -301.334    -301.334    -301.334    -301.334    -301.334    -301.334

Skew and Df Parameters

Latent Class 1

    I                1.712       1.712       1.712       1.712       1.712       1.712       1.712
    S                0.531       0.531       0.531       0.531       0.531       0.531       0.531
    Q                3.616       3.616       3.616       3.616       3.616       3.616       3.616
    CUB              2.868       2.868       2.868       2.868       2.868       2.868       2.868

Latent Class 2

    I               -0.355       0.082       0.306       1.474       2.642       2.866       3.304
    S                0.495       0.585       0.632       0.873       1.115       1.161       1.252
    Q               -0.102      -0.093      -0.089      -0.065      -0.042      -0.037      -0.029
    CUB              0.000       0.000       0.000       0.001       0.002       0.002       0.002


TECHNICAL 7 OUTPUT


     SAMPLE STATISTICS WEIGHTED BY ESTIMATED CLASS PROBABILITIES FOR CLASS 1


           Means
              SAPS_0        SAPS_1        SAPS_2        SAPS_3        SAPS_6
              ________      ________      ________      ________      ________
               16.581        13.778        10.222         6.991         5.195


           Means
              SAPS_9        SAPS_12       SAPS_18       SAPS_24
              ________      ________      ________      ________
                4.561         8.910        11.465         7.253


           Covariances
              SAPS_0        SAPS_1        SAPS_2        SAPS_3        SAPS_6
              ________      ________      ________      ________      ________
 SAPS_0         1.783
 SAPS_1         1.266         2.722
 SAPS_2         3.464        17.099        30.030
 SAPS_3        -5.571        -4.094        -0.361        29.674
 SAPS_6         3.487        14.937        19.063       -16.241        18.565
 SAPS_9         0.415         8.149        17.569        23.659         6.455
 SAPS_12       -5.134       -19.057        -6.125        32.361        -8.218
 SAPS_18       -5.238        15.091        32.913        90.492         5.838
 SAPS_24        4.411         6.410        19.904       -18.890        17.613


           Covariances
              SAPS_9        SAPS_12       SAPS_18       SAPS_24
              ________      ________      ________      ________
 SAPS_9         6.664
 SAPS_12       -5.640        22.875
 SAPS_18        8.580        -6.596        18.499
 SAPS_24       -4.183        -3.584       -20.904        21.489


     SAMPLE STATISTICS WEIGHTED BY ESTIMATED CLASS PROBABILITIES FOR CLASS 2


           Means
              SAPS_0        SAPS_1        SAPS_2        SAPS_3        SAPS_6
              ________      ________      ________      ________      ________
               11.479         5.473         4.009         3.442         3.542


           Means
              SAPS_9        SAPS_12       SAPS_18       SAPS_24
              ________      ________      ________      ________
                3.318         3.587         3.250         3.297


           Covariances
              SAPS_0        SAPS_1        SAPS_2        SAPS_3        SAPS_6
              ________      ________      ________      ________      ________
 SAPS_0        10.552
 SAPS_1         4.645        14.491
 SAPS_2         2.819         9.290        13.377
 SAPS_3         2.299         5.790         8.709        12.933
 SAPS_6         2.607         6.395         7.103         6.795        13.736
 SAPS_9         1.568         3.581         5.501         5.517         7.181
 SAPS_12        2.426         5.259         4.518         5.846         6.520
 SAPS_18        1.358         5.223         4.877         4.581         5.315
 SAPS_24        1.723         2.820         2.923         4.131         3.672


           Covariances
              SAPS_9        SAPS_12       SAPS_18       SAPS_24
              ________      ________      ________      ________
 SAPS_9        12.395
 SAPS_12        6.698        14.527
 SAPS_18        4.472         5.343        12.820
 SAPS_24        4.143         5.405         5.121        15.040


TECHNICAL 11 OUTPUT

     Random Starts Specifications for the k-1 Class Analysis Model
        Number of initial stage random starts                2000
        Number of final stage optimizations                   500



     VUONG-LO-MENDELL-RUBIN LIKELIHOOD RATIO TEST FOR 1 (H0) VERSUS 2 CLASSES



     WARNING:  THE LIKELIHOOD RATIO TEST COMPUTATION FOR TECH11 DID NOT
     TERMINATE NORMALLY BECAUSE THE LOGLIKELIHOOD VALUE FOR THE MODEL WITH ONE
     LESS CLASS IS LARGER THAN THE LOGLIKELIHOOD VALUE FOR THE ESTIMATED MODEL.
     USING MORE RANDOM STARTS MAY RESOLVE THE PROBLEM.

          H0 Loglikelihood Value                        -9389.745
          2 Times the Loglikelihood Difference             -0.018
          Difference in the Number of Parameters               35
          Mean                                              0.388
          Standard Deviation                                0.561
          P-Value                                          0.8139

     LO-MENDELL-RUBIN ADJUSTED LRT TEST

          Value                                            -0.018
          P-Value                                          0.8138


SAVEDATA INFORMATION

     Factor scores were not computed.
     Class probabilities were not computed.
     No data were saved.


     Beginning Time:  15:01:28
        Ending Time:  15:56:15
       Elapsed Time:  00:54:47



MUTHEN & MUTHEN
3463 Stoner Ave.
Los Angeles, CA  90066

Tel: (310) 391-9971
Fax: (310) 391-8971
Web: www.StatModel.com
Support: Support@StatModel.com

Copyright (c) 1998-2021 Muthen & Muthen
