Mplus VERSION 8.6 (Mac)
MUTHEN & MUTHEN
01/19/2025   4:59 PM

INPUT INSTRUCTIONS

  TITLE:
  GCM_P1_K1_S1000;

  DATA:
  FILE = "Results/GCM/P1/K1/S1000.dat";

  VARIABLE:
  NAMES = id sx_0 sx_6 sx_12 sx_18 sx_24;
   MISSING=.;
   USEVAR = sx_0 sx_6 sx_12 sx_18 sx_24;
  IDVAR = id;

  ANALYSIS:
  TYPE = GENERAL;
  STARTS = 1000;
  PROCESSORS = 8;

  MODEL:
  i s | sx_0@0 sx_6@6 sx_12@12 sx_18@18 sx_24@24;
  [i s];
  i s;

  OUTPUT:
  TECH1 SAMPSTAT STANDARDIZED;

  SAVEDATA:
  FILE = GCM_P1_K1_S1000_res.dat;
  SAVE = FSCORES;

  PLOT:
  TYPE = PLOT3;
  SERIES = sx_0-sx_24 (*);




INPUT READING TERMINATED NORMALLY




GCM_P1_K1_S1000;

SUMMARY OF ANALYSIS

Number of groups                                                 1
Number of observations                                         350

Number of dependent variables                                    5
Number of independent variables                                  0
Number of continuous latent variables                            2

Observed dependent variables

  Continuous
   SX_0        SX_6        SX_12       SX_18       SX_24

Continuous latent variables
   I           S

Variables with special functions

  ID variable           ID

Estimator                                                       ML
Information matrix                                        OBSERVED
Maximum number of iterations                                  1000
Convergence criterion                                    0.500D-04
Maximum number of steepest descent iterations                   20
Maximum number of iterations for H1                           2000
Convergence criterion for H1                             0.100D-03
Random Starts Specifications
  Number of random starts                                     1000
  Random starts scale                                    0.500D+01

Input data file(s)
  Results/GCM/P1/K1/S1000.dat

Input data format  FREE


SUMMARY OF DATA

     Number of missing data patterns             1


COVARIANCE COVERAGE OF DATA

Minimum covariance coverage value   0.100


     PROPORTION OF DATA PRESENT


           Covariance Coverage
              SX_0          SX_6          SX_12         SX_18         SX_24
              ________      ________      ________      ________      ________
 SX_0           1.000
 SX_6           1.000         1.000
 SX_12          1.000         1.000         1.000
 SX_18          1.000         1.000         1.000         1.000
 SX_24          1.000         1.000         1.000         1.000         1.000


SAMPLE STATISTICS


     ESTIMATED SAMPLE STATISTICS


           Means
              SX_0          SX_6          SX_12         SX_18         SX_24
              ________      ________      ________      ________      ________
               10.266         7.377         6.331         6.683         6.409


           Covariances
              SX_0          SX_6          SX_12         SX_18         SX_24
              ________      ________      ________      ________      ________
 SX_0          14.007
 SX_6           6.220        18.423
 SX_12          4.306         8.655        20.090
 SX_18          5.064         6.577         9.937        18.302
 SX_24          3.231         7.097         9.882        10.350        20.162


           Correlations
              SX_0          SX_6          SX_12         SX_18         SX_24
              ________      ________      ________      ________      ________
 SX_0           1.000
 SX_6           0.387         1.000
 SX_12          0.257         0.450         1.000
 SX_18          0.316         0.358         0.518         1.000
 SX_24          0.192         0.368         0.491         0.539         1.000


     MAXIMUM LOG-LIKELIHOOD VALUE FOR THE UNRESTRICTED (H1) MODEL IS -4799.585


UNIVARIATE SAMPLE STATISTICS


     UNIVARIATE HIGHER-ORDER MOMENT DESCRIPTIVE STATISTICS

         Variable/         Mean/     Skewness/   Minimum/ % with                Percentiles
        Sample Size      Variance    Kurtosis    Maximum  Min/Max      20%/60%    40%/80%    Median

     SX_0                 10.266      -0.053       0.000    0.86%       7.000      9.000     10.000
             350.000      14.007      -0.253      19.000    1.14%      11.000     14.000
     SX_6                  7.377       0.325       0.000    2.29%       3.000      6.000      7.000
             350.000      18.423      -0.734      19.000    0.29%       8.000     11.000
     SX_12                 6.331       0.472       0.000    6.00%       2.000      4.000      6.000
             350.000      20.090      -0.802      17.000    0.57%       7.000     11.000
     SX_18                 6.683       0.278       0.000    4.86%       2.000      5.000      6.000
             350.000      18.302      -0.910      16.000    1.43%       8.000     11.000
     SX_24                 6.409       0.419       0.000    6.57%       2.000      4.000      6.000
             350.000      20.162      -0.801      18.000    0.29%       7.000     11.000


RANDOM STARTS RESULTS RANKED FROM THE BEST TO THE WORST FIT FUNCTION VALUES

Fit function values at local maxima and random start numbers:

            147.4281         296
            147.4281         130
            147.4281         399
            147.4281         365
            147.4281         82
            147.4281         967
            147.4281         900
            147.4281         547
            147.4281         998
            147.4281         992
            147.4281         267
            147.4281         633
            147.4281         99
            147.4281         43
            147.4281         168
            147.4281         276
            147.4281         544
            147.4281         195
            147.4281         67
            147.4281         356
            147.4281         990
            147.4281         174
            147.4281         300
            147.4281         507
            147.4281         154
            147.4281         787
            147.4281         698
            147.4281         882
            147.4281         810
            147.4281         580
            147.4281         858
            147.4281         438
            147.4281         955
            147.4281         155
            147.4281         983
            147.4281         58
            147.4281         279
            147.4281         669
            147.4281         854
            147.4281         368
            147.4281         38
            147.4281         766
            147.4281         81
            147.4281         171
            147.4281         631
            147.4281         534
            147.4281         411
            147.4281         541
            147.4281         746
            147.4281         538
            147.4281         689
            147.4281         699
            147.4281         459
            147.4281         562
            147.4281         774
            147.4281         338
            147.4281         727
            147.4281         372
            147.4281         954
            147.4281         551
            147.4281         253
            147.4281         319
            147.4281         634
            147.4281         597
            147.4281         219
            147.4281         565
            147.4281         888
            147.4281         784
            147.4281         891
            147.4281         305
            147.4281         803
            147.4281         981
            147.4281         652
            147.4281         388
            147.4281         523
            147.4281         960
            147.4281         531
            147.4281         665
            147.4281         98
            147.4281         853
            147.4281         191
            147.4281         410
            147.4281         895
            147.4281         446
            147.4281         236
            147.4281         342
            147.4281         874
            147.4281         176
            147.4281         849
            147.4281         789
            147.4281         407
            147.4281         659
            147.4281         426
            147.4281         598
            147.4281         886
            147.4281         590
            147.4281         623
            147.4281         167
            147.4281         733
            147.4281         6
            147.4281         529
            147.4281         911
            147.4281         425
            147.4281         109
            147.4281         385
            147.4281         186
            147.4281         683
            147.4281         440
            147.4281         41
            147.4281         275
            147.4281         31
            147.4281         353
            147.4281         306
            147.4281         366
            147.4281         693
            147.4281         773
            147.4281         132
            147.4281         273
            147.4281         779
            147.4281         867
            147.4281         587
            147.4281         118
            147.4281         645
            147.4281         293
            147.4281         169
            147.4281         760
            147.4281         851
            147.4281         202
            147.4281         183
            147.4281         742
            147.4281         881
            147.4281         745
            147.4281         235
            147.4281         763
            147.4281         327
            147.4281         441
            147.4281         980
            147.4281         29
            147.4281         915
            147.4281         677
            147.4281         594
            147.4281         408
            147.4281         944
            147.4281         785
            147.4281         39
            147.4281         866
            147.4281         48
            147.4281         730
            147.4281         916
            147.4281         405
            147.4281         215
            147.4281         855
            147.4281         902
            147.4281         415
            147.4281         968
            147.4281         249
            147.4281         260
            147.4281         450
            147.4281         65
            147.4281         991
            147.4281         325
            147.4281         602
            147.4281         690
            147.4281         959
            147.4281         557
            147.4281         484
            147.4281         313
            147.4281         721
            147.4281         295
            147.4281         963
            147.4281         847
            147.4281         704
            147.4281         397
            147.4281         428
            147.4281         568
            147.4281         420
            147.4281         263
            147.4281         674
            147.4281         558
            147.4281         302
            147.4281         836
            147.4281         101
            147.4281         382
            147.4281         123
            147.4281         695
            147.4281         624
            147.4281         499
            147.4281         110
            147.4281         610
            147.4281         289
            147.4281         612
            147.4281         654
            147.4281         22
            147.4281         254
            147.4281         918
            147.4281         286
            147.4281         201
            147.4281         490
            147.4281         66
            147.4281         670
            147.4281         63
            147.4281         953
            147.4281         501
            147.4281         310
            147.4281         552
            147.4281         240
            147.4281         754
            147.4281         839
            147.4281         725
            147.4281         772
            147.4281         147
            147.4281         710
            147.4281         229
            147.4281         816
            147.4281         676
            147.4281         615
            147.4281         334
            147.4281         250
            147.4281         199
            147.4281         124
            147.4281         761
            147.4281         162
            147.4281         328
            147.4281         361
            147.4281         448
            147.4281         599
            147.4281         646
            147.4281         13
            147.4281         277
            147.4281         872
            147.4281         28
            147.4281         172
            147.4281         792
            147.4281         939
            147.4281         601
            147.4281         857
            147.4281         765
            147.4281         961
            147.4281         569
            147.4281         50
            147.4281         331
            147.4281         616
            147.4281         564
            147.4281         78
            147.4281         609
            147.4281         7
            147.4281         907
            147.4281         794
            147.4281         921
            147.4281         115
            147.4281         904
            147.4281         386
            147.4281         9
            147.4281         555
            147.4281         164
            147.4281         79
            147.4281         870
            147.4281         245
            147.4281         809
            147.4281         351
            147.4281         638
            147.4281         18
            147.4281         402
            147.4281         282
            147.4281         852
            147.4281         47
            147.4281         513
            147.4281         257
            147.4281         632
            147.4281         471
            147.4281         84
            147.4281         318
            147.4281         400
            147.4281         728
            147.4281         324
            147.4281         106
            147.4281         177
            147.4281         232
            147.4281         729
            147.4281         321
            147.4281         995
            147.4281         708
            147.4281         387
            147.4281         841
            147.4281         561
            147.4281         508
            147.4281         86
            147.4281         865
            147.4281         898
            147.4281         165
            147.4281         429
            147.4281         367
            147.4281         350
            147.4281         988
            147.4281         987
            147.4281         805
            147.4281         940
            147.4281         83
            147.4281         211
            147.4281         347
            147.4281         723
            147.4281         788
            147.4281         642
            147.4281         546
            147.4281         136
            147.4281         994
            147.4281         948
            147.4281         593
            147.4281         829
            147.4281         574
            147.4281         554
            147.4281         419
            147.4281         804
            147.4281         635
            147.4281         61
            147.4281         354
            147.4281         498
            147.4281         2
            147.4281         553
            147.4281         828
            147.4281         834
            147.4281         522
            147.4281         77
            147.4281         920
            147.4281         223
            147.4281         688
            147.4281         614
            147.4281         225
            147.4281         475
            147.4281         51
            147.4281         375
            147.4281         736
            147.4281         549
            147.4281         899
            147.4281         966
            147.4281         432
            147.4281         595
            147.4281         1
            147.4281         739
            147.4281         753
            147.4281         462
            147.4281         414
            147.4281         783
            147.4281         94
            147.4281         153
            147.4281         910
            147.4281         112
            147.4281         946
            147.4281         280
            147.4281         200
            147.4281         34
            147.4281         533
            147.4281         234
            147.4281         21
            147.4281         464
            147.4281         227
            147.4281         864
            147.4281         311
            147.4281         573
            147.4281         821
            147.4281         931
            147.4281         102
            147.4281         37
            147.4281         930
            147.4281         188
            147.4281         113
            147.4281         856
            147.4281         285
            147.4281         517
            147.4281         443
            147.4281         467
            147.4281         756
            147.4281         716
            147.4281         896
            147.4281         221
            147.4281         536
            147.4281         952
            147.4281         431
            147.4281         722
            147.4281         543
            147.4281         583
            147.4281         924
            147.4281         679
            147.4281         731
            147.4281         378
            147.4281         369
            147.4281         808
            147.4281         999
            147.4281         341
            147.4281         701
            147.4281         758
            147.4281         658
            147.4281         764
            147.4281         45
            147.4281         840
            147.4281         637
            147.4281         976
            147.4281         817
            147.4281         937
            147.4281         1000
            147.4281         935
            147.4281         928
            147.4281         486
            147.4281         491
            147.4281         827
            147.4281         550
            147.4281         672
            147.4281         135
            147.4281         364
            147.4281         456
            147.4281         510
            147.4281         96
            147.4281         447
            147.4281         173
            147.4281         762
            147.4281         474
            147.4281         686
            147.4281         691
            147.4281         unperturbed
            147.4281         439
            147.4281         239
            147.4281         265
            147.4281         641
            147.4281         436
            147.4281         203
            147.4281         919
            147.4281         697
            147.4281         621
            147.4281         207
            147.4281         149
            147.4281         362
            147.4281         487
            147.4281         243
            147.4281         743
            147.4281         848
            147.4281         843
            147.4281         798
            147.4281         578
            147.4281         301
            147.4281         20
            147.4281         820
            147.4281         190
            147.4281         650
            147.4281         242
            147.4281         897
            147.4281         838
            147.4281         294
            147.4281         19
            147.4281         781
            147.4281         72
            147.4281         120
            147.4281         453
            147.4281         682
            147.4281         352
            147.4281         461
            147.4281         330
            147.4281         984
            147.4281         559
            147.4281         85
            147.4281         477
            147.4281         116
            147.4281         617
            147.4281         748
            147.4281         997
            147.4281         974
            147.4281         837
            147.4281         662
            147.4281         145
            147.4281         782
            147.4281         818
            147.4281         901
            147.4281         268
            147.4281         140
            147.4281         628
            147.4281         323
            147.4281         105
            147.4281         389
            147.4281         465
            147.4281         567
            147.4281         539
            147.4281         527
            147.4281         220
            147.4281         535
            147.4281         314
            147.4281         685
            147.4281         335
            147.4281         463
            147.4281         826
            147.4281         454
            147.4281         492
            147.4281         844
            147.4281         125
            147.4281         903
            147.4281         198
            147.4281         929
            147.4281         713
            147.4281         427
            147.4281         894
            147.4281         270
            147.4281         752
            147.4281         144
            147.4281         506
            147.4281         178
            147.4281         418
            147.4281         143
            147.4281         238
            147.4281         666
            147.4281         359
            147.4281         345
            147.4281         473
            147.4281         205
            147.4281         823
            147.4281         451
            147.4281         724
            147.4281         700
            147.4281         681
            147.4281         108
            147.4281         620
            147.4281         962
            147.4281         312
            147.4281         877
            147.4281         100
            147.4281         262
            147.4281         906
            147.4281         343
            147.4281         95
            147.4281         390
            147.4281         482
            147.4281         148
            147.4281         395
            147.4281         346
            147.4281         12
            147.4281         337
            147.4281         251
            147.4281         581
            147.4281         11
            147.4281         811
            147.4281         735
            147.4281         70
            147.4281         258
            147.4281         5
            147.4281         384
            147.4281         121
            147.4281         572
            147.4281         87
            147.4281         33
            147.4281         892
            147.4281         494
            147.4281         744
            147.4281         607
            147.4281         627
            147.4281         137
            147.4281         151
            147.4281         965
            147.4281         391
            147.4281         166
            147.4281         373
            147.4281         472
            147.4281         592
            147.4281         656
            147.4281         126
            147.4281         430
            147.4281         868
            147.4281         771
            147.4281         640
            147.4281         949
            147.4281         525
            147.4281         582
            147.4281         46
            147.4281         625
            147.4281         32
            147.4281         308
            147.4281         485
            147.4281         348
            147.4281         520
            147.4281         649
            147.4281         737
            147.4281         26
            147.4281         142
            147.4281         406
            147.4281         560
            147.4281         182
            147.4281         62
            147.4281         932
            147.4281         604
            147.4281         181
            147.4281         90
            147.4281         786
            147.4281         303
            147.4281         926
            147.4281         287
            147.4281         131
            147.4281         912
            147.4281         644
            147.4281         740
            147.4281         8
            147.4281         989
            147.4281         91
            147.4281         750
            147.4281         917
            147.4281         579
            147.4281         890
            147.4281         815
            147.4281         751
            147.4281         458
            147.4281         791
            147.4281         278
            147.4281         914
            147.4281         175
            147.4281         266
            147.4281         322
            147.4281         180
            147.4281         986
            147.4281         80
            147.4281         780
            147.4281         893
            147.4281         957
            147.4281         571
            147.4281         379
            147.4281         530
            147.4281         812
            147.4281         159
            147.4281         860
            147.4281         54
            147.4281         413
            147.4281         622
            147.4281         30
            147.4281         349
            147.4281         600
            147.4281         845
            147.4281         433
            147.4281         247
            147.4281         104
            147.4281         668
            147.4281         585
            147.4281         831
            147.4281         36
            147.4281         889
            147.4281         657
            147.4281         796
            147.4281         336
            147.4281         193
            147.4281         678
            147.4281         252
            147.4281         288
            147.4281         884
            147.4281         819
            147.4281         127
            147.4281         630
            147.4281         209
            147.4281         833
            147.4281         44
            147.4281         512
            147.4281         75
            147.4281         444
            147.4281         409
            147.4281         194
            147.4281         905
            147.4281         184
            147.4281         876
            147.4281         493
            147.4281         380
            147.4281         333
            147.4281         862
            147.4281         228
            147.4281         316
            147.4281         663
            147.4281         577
            147.4281         231
            147.4281         150
            147.4281         226
            147.4281         589
            147.4281         715
            147.4281         943
            147.4281         452
            147.4281         488
            147.4281         813
            147.4281         575
            147.4281         401
            147.4281         800
            147.4281         608
            147.4281         133
            147.4281         360
            147.4281         160
            147.4281         449
            147.4281         271
            147.4281         671
            147.4281         248
            147.4281         692
            147.4281         259
            147.4281         584
            147.4281         945
            147.4281         128
            147.4281         707
            147.4281         4
            147.4281         526
            147.4281         611
            147.4281         655
            147.4281         40
            147.4281         923
            147.4281         326
            147.4281         767
            147.4281         371
            147.4281         216
            147.4281         222
            147.4281         603
            147.4281         381
            147.4281         883
            147.4281         769
            147.4281         478
            147.4281         139
            147.4281         208
            147.4281         161
            147.4281         605
            147.4281         255
            147.4281         835
            147.4281         936
            147.4281         210
            147.4281         703
            147.4281         545
            147.4281         694
            147.4281         664
            147.4281         958
            147.4281         643
            147.4281         213
            147.4281         339
            147.4281         790
            147.4281         256
            147.4281         283
            147.4281         129
            147.4281         422
            147.4281         416
            147.4281         59
            147.4281         196
            147.4281         909
            147.4281         570
            147.4281         455
            147.4281         187
            147.4281         629
            147.4281         421
            147.4281         793
            147.4281         705
            147.4281         157
            147.4281         684
            147.4281         233
            147.4281         404
            147.4281         88
            147.4281         814
            147.4281         304
            147.4281         759
            147.4281         502
            147.4281         71
            147.4281         941
            147.4281         515
            147.4281         667
            147.4281         317
            147.4281         170
            147.4281         163
            147.4281         871
            147.4281         964
            147.4281         269
            147.4281         274
            147.4281         702
            147.4281         424
            147.4281         480
            147.4281         942
            147.4281         134
            147.4281         152
            147.4281         528
            147.4281         23
            147.4281         795
            147.4281         518
            147.4281         706
            147.4281         776
            147.4281         332
            147.4281         52
            147.4281         107
            147.4281         497
            147.4281         244
            147.4281         495
            147.4281         822
            147.4281         532
            147.4281         696
            147.4281         802
            147.4281         832
            147.4281         626
            147.4281         435
            147.4281         479
            147.4281         297
            147.4281         880
            147.4281         291
            147.4281         24
            147.4281         732
            147.4281         712
            147.4281         122
            147.4281         797
            147.4281         437
            147.4281         49
            147.4281         417
            147.4281         237
            147.4281         556
            147.4281         859
            147.4281         284
            147.4281         842
            147.4281         985
            147.4281         466
            147.4281         846
            147.4281         925
            147.4281         179
            147.4281         56
            147.4281         714
            147.4281         292
            147.4281         483
            147.4281         357
            147.4281         878
            147.4281         970
            147.4281         885
            147.4281         770
            147.4281         442
            147.4281         158
            147.4281         307
            147.4281         977
            147.4281         993
            147.4281         42
            147.4281         241
            147.4281         329
            147.4281         947
            147.4281         212
            147.4281         971
            147.4281         377
            147.4281         434
            147.4281         468
            147.4281         717
            147.4281         73
            147.4281         103
            147.4281         542
            147.4281         206
            147.4281         10
            147.4281         801
            147.4281         680
            147.4281         927
            147.4281         264
            147.4281         548
            147.4281         726
            147.4281         720
            147.4281         951
            147.4281         189
            147.4281         651
            147.4281         982
            147.4281         57
            147.4281         734
            147.4281         214
            147.4281         850
            147.4281         197
            147.4281         861
            147.4281         566
            147.4281         938
            147.4281         15
            147.4281         563
            147.4281         97
            147.4281         376
            147.4281         272
            147.4281         460
            147.4281         261
            147.4281         394
            147.4281         481
            147.4281         741
            147.4281         969
            147.4281         93
            147.4281         89
            147.4281         863
            147.4281         972
            147.4281         639
            147.4281         807
            147.4281         586
            147.4281         768
            147.4281         92
            147.4281         25
            147.4281         299
            147.4281         913
            147.4281         192
            147.4281         185
            147.4281         869
            147.4281         500
            147.4281         591
            147.4281         596
            147.4281         141
            147.4281         138
            147.4281         309
            147.4281         489
            147.4281         412
            147.4281         755
            147.4281         298
            147.4281         60
            147.4281         68
            147.4281         824
            147.4281         825
            147.4281         747
            147.4281         363
            147.4281         393
            147.4281         973
            147.4281         875
            147.4281         69
            147.4281         618
            147.4281         398
            147.4281         340
            147.4281         64
            147.4281         648
            147.4281         423
            147.4281         738
            147.4281         445
            147.4281         358
            147.4281         403
            147.4281         320
            147.4281         636
            147.4281         719
            147.4281         76
            147.4281         806
            147.4281         17
            147.4281         230
            147.4281         978
            147.4281         146
            147.4281         718
            147.4281         114
            147.4281         217
            147.4281         777
            147.4281         27
            147.4281         3
            147.4281         516
            147.4281         503
            147.4281         496
            147.4281         55
            147.4281         511
            147.4281         922
            147.4281         392
            147.4281         950
            147.4281         224
            147.4281         908
            147.4281         524
            147.4281         509
            147.4281         660
            147.4281         979
            147.4281         709
            147.4281         457
            147.4281         613
            147.4281         873
            147.4281         204
            147.4281         975
            147.4281         576
            147.4281         519
            147.4281         14
            147.4281         35
            147.4281         505
            147.4281         290
            147.4281         315
            147.4281         74
            147.4281         778
            147.4281         687
            147.4281         53
            147.4281         355
            147.4281         476
            147.4281         830
            147.4281         111
            147.4281         281
            147.4281         514
            147.4281         470
            147.4281         396
            147.4281         996
            147.4281         619
            147.4281         757
            147.4281         799
            147.4281         956
            147.4281         246
            147.4281         521
            147.4281         711
            147.4281         934
            147.4281         383
            147.4281         119
            147.4281         661
            147.4281         370
            147.4281         933
            147.4281         344
            147.4281         647
            147.4281         775
            147.4281         887
            147.4281         504
            147.4281         537
            147.4281         749
            147.4281         606
            147.4281         653
            147.4281         588
            147.4281         16
            147.4281         469
            147.4281         156
            147.4281         673
            147.4281         374
            147.4281         218
            147.4281         879
            147.4281         540
            147.4281         675
            147.4281         117



MODEL FIT INFORMATION

Number of Free Parameters                       10

Loglikelihood

          H0 Value                       -4873.299
          H1 Value                       -4799.585

Information Criteria

          Akaike (AIC)                    9766.598
          Bayesian (BIC)                  9805.177
          Sample-Size Adjusted BIC        9773.454
            (n* = (n + 2) / 24)

Chi-Square Test of Model Fit

          Value                            147.428
          Degrees of Freedom                    10
          P-Value                           0.0000

RMSEA (Root Mean Square Error Of Approximation)

          Estimate                           0.198
          90 Percent C.I.                    0.171  0.227
          Probability RMSEA <= .05           0.000

CFI/TLI

          CFI                                0.672
          TLI                                0.672

Chi-Square Test of Model Fit for the Baseline Model

          Value                            429.580
          Degrees of Freedom                    10
          P-Value                           0.0000

SRMR (Standardized Root Mean Square Residual)

          Value                              0.150



MODEL RESULTS

                                                    Two-Tailed
                    Estimate       S.E.  Est./S.E.    P-Value

 I        |
    SX_0               1.000      0.000    999.000    999.000
    SX_6               1.000      0.000    999.000    999.000
    SX_12              1.000      0.000    999.000    999.000
    SX_18              1.000      0.000    999.000    999.000
    SX_24              1.000      0.000    999.000    999.000

 S        |
    SX_0               0.000      0.000    999.000    999.000
    SX_6               6.000      0.000    999.000    999.000
    SX_12             12.000      0.000    999.000    999.000
    SX_18             18.000      0.000    999.000    999.000
    SX_24             24.000      0.000    999.000    999.000

 S        WITH
    I                 -0.014      0.052     -0.271      0.786

 Means
    I                  9.161      0.209     43.900      0.000
    S                 -0.138      0.012    -11.470      0.000

 Intercepts
    SX_0               0.000      0.000    999.000    999.000
    SX_6               0.000      0.000    999.000    999.000
    SX_12              0.000      0.000    999.000    999.000
    SX_18              0.000      0.000    999.000    999.000
    SX_24              0.000      0.000    999.000    999.000

 Variances
    I                  5.397      1.025      5.267      0.000
    S                  0.014      0.004      3.693      0.000

 Residual Variances
    SX_0              10.888      1.306      8.338      0.000
    SX_6              12.727      1.155     11.023      0.000
    SX_12             12.866      1.132     11.365      0.000
    SX_18              8.462      0.866      9.769      0.000
    SX_24              8.941      1.181      7.573      0.000


QUALITY OF NUMERICAL RESULTS

     Condition Number for the Information Matrix              0.323E-04
       (ratio of smallest to largest eigenvalue)


STANDARDIZED MODEL RESULTS


STDYX Standardization

                                                    Two-Tailed
                    Estimate       S.E.  Est./S.E.    P-Value

 I        |
    SX_0               0.576      0.050     11.542      0.000
    SX_6               0.541      0.049     11.047      0.000
    SX_12              0.520      0.048     10.897      0.000
    SX_18              0.549      0.052     10.483      0.000
    SX_24              0.498      0.051      9.728      0.000

 S        |
    SX_0               0.000      0.000    999.000    999.000
    SX_6               0.165      0.023      7.138      0.000
    SX_12              0.318      0.043      7.349      0.000
    SX_18              0.503      0.066      7.576      0.000
    SX_24              0.609      0.082      7.456      0.000

 S        WITH
    I                 -0.051      0.180     -0.284      0.776

 Means
    I                  3.944      0.376     10.491      0.000
    S                 -1.169      0.183     -6.388      0.000

 Intercepts
    SX_0               0.000      0.000    999.000    999.000
    SX_6               0.000      0.000    999.000    999.000
    SX_12              0.000      0.000    999.000    999.000
    SX_18              0.000      0.000    999.000    999.000
    SX_24              0.000      0.000    999.000    999.000

 Variances
    I                  1.000      0.000    999.000    999.000
    S                  1.000      0.000    999.000    999.000

 Residual Variances
    SX_0               0.669      0.057     11.643      0.000
    SX_6               0.689      0.036     19.217      0.000
    SX_12              0.645      0.032     20.422      0.000
    SX_18              0.473      0.037     12.720      0.000
    SX_24              0.412      0.046      8.962      0.000


STDY Standardization

                                                    Two-Tailed
                    Estimate       S.E.  Est./S.E.    P-Value

 I        |
    SX_0               0.576      0.050     11.542      0.000
    SX_6               0.541      0.049     11.047      0.000
    SX_12              0.520      0.048     10.897      0.000
    SX_18              0.549      0.052     10.483      0.000
    SX_24              0.498      0.051      9.728      0.000

 S        |
    SX_0               0.000      0.000    999.000    999.000
    SX_6               0.165      0.023      7.138      0.000
    SX_12              0.318      0.043      7.349      0.000
    SX_18              0.503      0.066      7.576      0.000
    SX_24              0.609      0.082      7.456      0.000

 S        WITH
    I                 -0.051      0.180     -0.284      0.776

 Means
    I                  3.944      0.376     10.491      0.000
    S                 -1.169      0.183     -6.388      0.000

 Intercepts
    SX_0               0.000      0.000    999.000    999.000
    SX_6               0.000      0.000    999.000    999.000
    SX_12              0.000      0.000    999.000    999.000
    SX_18              0.000      0.000    999.000    999.000
    SX_24              0.000      0.000    999.000    999.000

 Variances
    I                  1.000      0.000    999.000    999.000
    S                  1.000      0.000    999.000    999.000

 Residual Variances
    SX_0               0.669      0.057     11.643      0.000
    SX_6               0.689      0.036     19.217      0.000
    SX_12              0.645      0.032     20.422      0.000
    SX_18              0.473      0.037     12.720      0.000
    SX_24              0.412      0.046      8.962      0.000


STD Standardization

                                                    Two-Tailed
                    Estimate       S.E.  Est./S.E.    P-Value

 I        |
    SX_0               2.323      0.221     10.533      0.000
    SX_6               2.323      0.221     10.533      0.000
    SX_12              2.323      0.221     10.533      0.000
    SX_18              2.323      0.221     10.533      0.000
    SX_24              2.323      0.221     10.533      0.000

 S        |
    SX_0               0.000      0.000    999.000    999.000
    SX_6               0.710      0.096      7.386      0.000
    SX_12              1.420      0.192      7.386      0.000
    SX_18              2.129      0.288      7.386      0.000
    SX_24              2.839      0.384      7.386      0.000

 S        WITH
    I                 -0.051      0.180     -0.284      0.776

 Means
    I                  3.944      0.376     10.491      0.000
    S                 -1.169      0.183     -6.388      0.000

 Intercepts
    SX_0               0.000      0.000    999.000    999.000
    SX_6               0.000      0.000    999.000    999.000
    SX_12              0.000      0.000    999.000    999.000
    SX_18              0.000      0.000    999.000    999.000
    SX_24              0.000      0.000    999.000    999.000

 Variances
    I                  1.000      0.000    999.000    999.000
    S                  1.000      0.000    999.000    999.000

 Residual Variances
    SX_0              10.888      1.306      8.338      0.000
    SX_6              12.727      1.155     11.023      0.000
    SX_12             12.866      1.132     11.365      0.000
    SX_18              8.462      0.866      9.769      0.000
    SX_24              8.941      1.181      7.573      0.000


R-SQUARE

    Observed                                        Two-Tailed
    Variable        Estimate       S.E.  Est./S.E.    P-Value

    SX_0               0.331      0.057      5.771      0.000
    SX_6               0.311      0.036      8.655      0.000
    SX_12              0.355      0.032     11.230      0.000
    SX_18              0.527      0.037     14.167      0.000
    SX_24              0.588      0.046     12.812      0.000


TECHNICAL 1 OUTPUT


     PARAMETER SPECIFICATION


           NU
              SX_0          SX_6          SX_12         SX_18         SX_24
              ________      ________      ________      ________      ________
                  0             0             0             0             0


           LAMBDA
              I             S
              ________      ________
 SX_0               0             0
 SX_6               0             0
 SX_12              0             0
 SX_18              0             0
 SX_24              0             0


           THETA
              SX_0          SX_6          SX_12         SX_18         SX_24
              ________      ________      ________      ________      ________
 SX_0               1
 SX_6               0             2
 SX_12              0             0             3
 SX_18              0             0             0             4
 SX_24              0             0             0             0             5


           ALPHA
              I             S
              ________      ________
                  6             7


           BETA
              I             S
              ________      ________
 I                  0             0
 S                  0             0


           PSI
              I             S
              ________      ________
 I                  8
 S                  9            10


     STARTING VALUES


           NU
              SX_0          SX_6          SX_12         SX_18         SX_24
              ________      ________      ________      ________      ________
                0.000         0.000         0.000         0.000         0.000


           LAMBDA
              I             S
              ________      ________
 SX_0           1.000         0.000
 SX_6           1.000         6.000
 SX_12          1.000        12.000
 SX_18          1.000        18.000
 SX_24          1.000        24.000


           THETA
              SX_0          SX_6          SX_12         SX_18         SX_24
              ________      ________      ________      ________      ________
 SX_0           7.003
 SX_6           0.000         9.212
 SX_12          0.000         0.000        10.045
 SX_18          0.000         0.000         0.000         9.151
 SX_24          0.000         0.000         0.000         0.000        10.081


           ALPHA
              I             S
              ________      ________
                0.000         0.000


           BETA
              I             S
              ________      ________
 I              0.000         0.000
 S              0.000         0.000


           PSI
              I             S
              ________      ________
 I             12.302
 S              0.000         0.042


SAMPLE STATISTICS FOR ESTIMATED FACTOR SCORES


     SAMPLE STATISTICS


           Means
              I             I_SE          S             S_SE
              ________      ________      ________      ________
                9.161         1.497        -0.138         0.089


           Covariances
              I             I_SE          S             S_SE
              ________      ________      ________      ________
 I              3.156
 I_SE           0.000         0.000
 S              0.062         0.000         0.006
 S_SE           0.000         0.000         0.000         0.000


           Correlations
              I             I_SE          S             S_SE
              ________      ________      ________      ________
 I              1.000
 I_SE         999.000         1.000
 S              0.447       999.000         1.000
 S_SE         999.000       999.000       999.000         1.000


PLOT INFORMATION

The following plots are available:

  Histograms (sample values, estimated factor scores, estimated values, residuals)
  Scatterplots (sample values, estimated factor scores, estimated values, residuals)
  Sample means
  Estimated means
  Sample and estimated means
  Latent variable distribution plots
  Observed individual values
  Estimated individual values

SAVEDATA INFORMATION


  Save file
    GCM_P1_K1_S1000_res.dat

  Order and format of variables

    SX_0           F10.3
    SX_6           F10.3
    SX_12          F10.3
    SX_18          F10.3
    SX_24          F10.3
    I              F10.3
    I_SE           F10.3
    S              F10.3
    S_SE           F10.3
    ID             I4

  Save file format
    9F10.3 I4

  Save file record length    10000

  Save missing symbol        *


     Beginning Time:  16:59:50
        Ending Time:  16:59:51
       Elapsed Time:  00:00:01



MUTHEN & MUTHEN
3463 Stoner Ave.
Los Angeles, CA  90066

Tel: (310) 391-9971
Fax: (310) 391-8971
Web: www.StatModel.com
Support: Support@StatModel.com

Copyright (c) 1998-2021 Muthen & Muthen
