Mplus VERSION 8.6 (Mac)
MUTHEN & MUTHEN
01/19/2025   8:27 PM

INPUT INSTRUCTIONS

  TITLE:
  LCGA_C_P221_K3_S4000;

  DATA:
  FILE = "Results/LCGA/C/P221/K3/S4000.dat";

  VARIABLE:
  NAMES = id sx_0 sx_6 sx_12 sx_18 sx_24;
   MISSING=.;
   USEVAR = sx_0 sx_6 sx_12 sx_18 sx_24;
  IDVAR = id;
  CLASSES = c(3);

  ANALYSIS:
  TYPE = MIXTURE;
  STARTS = 4000 1000;
  K-1STARTS = 4000 1000;
  PROCESSORS = 8;

  MODEL:
  %OVERALL%
  i s q cub | sx_0@0 sx_6@6 sx_12@12 sx_18@18 sx_24@24;
  [i s q cub];
  i-cub@0;
  %C#1%
  [i s q cub@0];
  i-cub@0;
  sx_0 - sx_24 (1);
  %C#2%
  [i s q cub@0];
  i-cub@0;
  sx_0 - sx_24 (2);
  %C#3%
  [i s q@0 cub@0];
  i-cub@0;
  sx_0 - sx_24 (3);

  OUTPUT:
  TECH1 TECH11 SAMPSTAT STANDARDIZED;

  SAVEDATA:
  FILE = LCGA_C_P221_K3_S4000_res.dat;
  SAVE = FSCORES;

  PLOT:
  TYPE = PLOT3;
  SERIES = sx_0-sx_24 (*);




*** WARNING in MODEL command
  All continuous latent variable covariances involving I have been fixed to 0
  because the variance of I is fixed at 0.
*** WARNING in MODEL command
  All continuous latent variable covariances involving S have been fixed to 0
  because the variance of S is fixed at 0.
*** WARNING in MODEL command
  All continuous latent variable covariances involving Q have been fixed to 0
  because the variance of Q is fixed at 0.
   3 WARNING(S) FOUND IN THE INPUT INSTRUCTIONS




LCGA_C_P221_K3_S4000;

SUMMARY OF ANALYSIS

Number of groups                                                 1
Number of observations                                         350

Number of dependent variables                                    5
Number of independent variables                                  0
Number of continuous latent variables                            4
Number of categorical latent variables                           1

Observed dependent variables

  Continuous
   SX_0        SX_6        SX_12       SX_18       SX_24

Continuous latent variables
   I           S           Q           CUB

Categorical latent variables
   C

Variables with special functions

  ID variable           ID

Estimator                                                      MLR
Information matrix                                        OBSERVED
Optimization Specifications for the Quasi-Newton Algorithm for
Continuous Outcomes
  Maximum number of iterations                                 100
  Convergence criterion                                  0.100D-05
Optimization Specifications for the EM Algorithm
  Maximum number of iterations                                 500
  Convergence criteria
    Loglikelihood change                                 0.100D-06
    Relative loglikelihood change                        0.100D-06
    Derivative                                           0.100D-05
Optimization Specifications for the M step of the EM Algorithm for
Categorical Latent variables
  Number of M step iterations                                    1
  M step convergence criterion                           0.100D-05
  Basis for M step termination                           ITERATION
Optimization Specifications for the M step of the EM Algorithm for
Censored, Binary or Ordered Categorical (Ordinal), Unordered
Categorical (Nominal) and Count Outcomes
  Number of M step iterations                                    1
  M step convergence criterion                           0.100D-05
  Basis for M step termination                           ITERATION
  Maximum value for logit thresholds                            15
  Minimum value for logit thresholds                           -15
  Minimum expected cell size for chi-square              0.100D-01
Maximum number of iterations for H1                           2000
Convergence criterion for H1                             0.100D-03
Optimization algorithm                                         EMA
Random Starts Specifications
  Number of initial stage random starts                       4000
  Number of final stage optimizations                         1000
  Number of initial stage iterations                            10
  Initial stage convergence criterion                    0.100D+01
  Random starts scale                                    0.500D+01
  Random seed for generating random starts                       0

Input data file(s)
  Results/LCGA/C/P221/K3/S4000.dat
Input data format  FREE


SUMMARY OF DATA

     Number of missing data patterns             1
     Number of y missing data patterns           1
     Number of u missing data patterns           0


COVARIANCE COVERAGE OF DATA

Minimum covariance coverage value   0.100


     PROPORTION OF DATA PRESENT FOR Y


           Covariance Coverage
              SX_0          SX_6          SX_12         SX_18         SX_24
              ________      ________      ________      ________      ________
 SX_0           1.000
 SX_6           1.000         1.000
 SX_12          1.000         1.000         1.000
 SX_18          1.000         1.000         1.000         1.000
 SX_24          1.000         1.000         1.000         1.000         1.000


SAMPLE STATISTICS


     ESTIMATED SAMPLE STATISTICS


           Means
              SX_0          SX_6          SX_12         SX_18         SX_24
              ________      ________      ________      ________      ________
               10.266         7.377         6.331         6.683         6.409


           Covariances
              SX_0          SX_6          SX_12         SX_18         SX_24
              ________      ________      ________      ________      ________
 SX_0          14.007
 SX_6           6.220        18.423
 SX_12          4.306         8.655        20.090
 SX_18          5.064         6.577         9.937        18.302
 SX_24          3.231         7.097         9.882        10.350        20.162


           Correlations
              SX_0          SX_6          SX_12         SX_18         SX_24
              ________      ________      ________      ________      ________
 SX_0           1.000
 SX_6           0.387         1.000
 SX_12          0.257         0.450         1.000
 SX_18          0.316         0.358         0.518         1.000
 SX_24          0.192         0.368         0.491         0.539         1.000


     MAXIMUM LOG-LIKELIHOOD VALUE FOR THE UNRESTRICTED (H1) MODEL IS -4799.585


UNIVARIATE SAMPLE STATISTICS


     UNIVARIATE HIGHER-ORDER MOMENT DESCRIPTIVE STATISTICS

         Variable/         Mean/     Skewness/   Minimum/ % with                Percentiles
        Sample Size      Variance    Kurtosis    Maximum  Min/Max      20%/60%    40%/80%    Median

     SX_0                 10.266      -0.053       0.000    0.86%       7.000      9.000     10.000
             350.000      14.007      -0.253      19.000    1.14%      11.000     14.000
     SX_6                  7.377       0.325       0.000    2.29%       3.000      6.000      7.000
             350.000      18.423      -0.734      19.000    0.29%       8.000     11.000
     SX_12                 6.331       0.472       0.000    6.00%       2.000      4.000      6.000
             350.000      20.090      -0.802      17.000    0.57%       7.000     11.000
     SX_18                 6.683       0.278       0.000    4.86%       2.000      5.000      6.000
             350.000      18.302      -0.910      16.000    1.43%       8.000     11.000
     SX_24                 6.409       0.419       0.000    6.57%       2.000      4.000      6.000
             350.000      20.162      -0.801      18.000    0.29%       7.000     11.000

RANDOM STARTS RESULTS RANKED FROM THE BEST TO THE WORST LOGLIKELIHOOD VALUES

Final stage loglikelihood values at local maxima, seeds, and initial stage start numbers:

           -4794.113  175239           2208
           -4794.113  185331           1162
           -4794.113  638862           2753
           -4794.113  789528           837
           -4794.113  212241           3466
           -4794.113  843278           3660
           -4794.113  361694           1834
           -4794.113  36077            2054
           -4794.113  92764            2064
           -4794.113  842511           2070
           -4794.113  418284           2080
           -4794.113  527134           2091
           -4794.113  900817           1060
           -4794.113  732140           2131
           -4794.113  347222           533
           -4794.113  561273           2149
           -4794.113  124755           2194
           -4794.113  369973           2201
           -4794.113  894286           2205
           -4794.113  453260           1106
           -4794.113  370957           554
           -4794.113  955502           1119
           -4794.113  607263           1121
           -4794.113  379033           2253
           -4794.113  405371           569
           -4794.113  345870           2285
           -4794.113  415769           1149
           -4794.113  646865           2303
           -4794.113  316694           2320
           -4794.113  165213           2343
           -4794.113  181089           1177
           -4794.113  691041           590
           -4794.113  554483           1182
           -4794.113  775844           2371
           -4794.113  44196            2379
           -4794.113  860541           1191
           -4794.113  827041           2400
           -4794.113  788325           2409
           -4794.113  929823           1205
           -4794.113  383979           603
           -4794.113  560412           2442
           -4794.113  404870           2452
           -4794.113  427273           2524
           -4794.113  40140            2576
           -4794.113  196940           2579
           -4794.113  120855           2585
           -4794.113  606078           1296
           -4794.113  193990           1303
           -4794.113  95308            2618
           -4794.113  599729           658
           -4794.113  286732           2637
           -4794.113  237332           661
           -4794.113  606960           2657
           -4794.113  289688           1330
           -4794.113  708577           1350
           -4794.113  276696           676
           -4794.113  536075           2726
           -4794.113  766582           2737
           -4794.113  712702           684
           -4794.113  461063           2741
           -4794.113  488663           2790
           -4794.113  445692           2796
           -4794.113  947822           2797
           -4794.113  900432           2808
           -4794.113  519524           2835
           -4794.113  299108           1420
           -4794.113  46502            714
           -4794.113  560031           2908
           -4794.113  262022           1467
           -4794.113  331955           1468
           -4794.113  953003           1478
           -4794.113  851200           1479
           -4794.113  553920           2961
           -4794.113  451348           2972
           -4794.113  210846           3030
           -4794.113  289928           1529
           -4794.113  251341           3061
           -4794.113  210870           383
           -4794.113  182318           1536
           -4794.113  400139           3086
           -4794.113  914462           3094
           -4794.113  970939           3115
           -4794.113  40947            3116
           -4794.113  173709           1560
           -4794.113  180654           3150
           -4794.113  568279           1580
           -4794.113  829442           1596
           -4794.113  677041           3206
           -4794.113  560128           3233
           -4794.113  338967           3256
           -4794.113  371072           3263
           -4794.113  529346           1633
           -4794.113  507303           3272
           -4794.113  781255           3287
           -4794.113  372483           1645
           -4794.113  323588           826
           -4794.113  822358           1667
           -4794.113  185823           3369
           -4794.113  718972           3376
           -4794.113  271809           846
           -4794.113  715647           3390
           -4794.113  290366           1715
           -4794.113  792993           859
           -4794.113  358115           1724
           -4794.113  109920           1729
           -4794.113  804616           868
           -4794.113  758825           3512
           -4794.113  269874           1756
           -4794.113  257136           1774
           -4794.113  96941            890
           -4794.113  560824           3578
           -4794.113  235468           1802
           -4794.113  379823           905
           -4794.113  470466           3642
           -4794.113  666197           3650
           -4794.113  189568           3651
           -4794.113  396614           918
           -4794.113  586619           1837
           -4794.113  239389           3680
           -4794.113  821206           1840
           -4794.113  785753           3689
           -4794.113  514266           3692
           -4794.113  268812           3736
           -4794.113  538482           3755
           -4794.113  460304           3764
           -4794.113  790297           1883
           -4794.113  305006           3775
           -4794.113  985325           1890
           -4794.113  526077           1903
           -4794.113  990598           3810
           -4794.113  583281           1907
           -4794.113  270107           3831
           -4794.113  953267           3840
           -4794.113  154750           1921
           -4794.113  847129           3854
           -4794.113  389485           3888
           -4794.113  470851           3893
           -4794.113  526265           1962
           -4794.113  943496           3930
           -4794.113  435506           988
           -4794.113  473657           3966
           -4794.113  662162           4000
           -4794.113  697272           2010
           -4794.113  497522           502
           -4794.113  891347           504
           -4794.113  298275           418
           -4794.113  957392           79
           -4794.113  22362            365
           -4794.113  476498           179
           -4794.113  518828           432
           -4794.113  359578           458
           -4794.113  797594           234
           -4794.113  618760           489
           -4794.113  22089            143
           -4794.113  443442           380
           -4794.113  496710           386
           -4794.113  772131           407
           -4794.113  283492           435
           -4794.113  68850            462
           -4794.113  787985           482
           -4794.113  752769           253
           -4794.113  227563           63
           -4794.113  15715            274
           -4794.113  475420           71
           -4794.113  354559           73
           -4794.113  996231           310
           -4794.113  579995           183
           -4794.113  971853           402
           -4794.113  665121           417
           -4794.113  569131           26
           -4794.113  66276            217
           -4794.113  408713           450
           -4794.113  156536           245
           -4794.113  667250           318
           -4794.113  928287           197
           -4794.113  605565           404
           -4794.113  762461           425
           -4794.113  399671           13
           -4794.113  754100           56
           -4794.113  609089           241
           -4794.113  140442           500
           -4794.113  545140           278
           -4794.113  830529           279
           -4794.113  417035           149
           -4794.113  185071           370
           -4794.113  182524           373
           -4794.113  570908           98
           -4794.113  61587            400
           -4794.113  399508           415
           -4794.113  292884           103
           -4794.113  392407           221
           -4794.113  535804           111
           -4794.113  301180           236
           -4794.113  152496           123
           -4794.113  978781           497
           -4794.113  483369           270
           -4794.113  562716           300
           -4794.113  85734            411
           -4794.113  871851           257
           -4794.113  645664           39
           -4794.113  654136           167
           -4794.113  621542           375
           -4794.113  193847           354
           -4794.113  749635           420
           -4794.113  604441           1026
           -4794.113  19374            2062
           -4794.113  327475           518
           -4794.113  550871           1037
           -4794.113  905166           1042
           -4794.113  722206           2085
           -4794.113  325724           1043
           -4794.113  407049           2089
           -4794.113  259758           1054
           -4794.113  168205           2110
           -4794.113  477063           2116
           -4794.113  601074           2119
           -4794.113  910071           1061
           -4794.113  60038            1064
           -4794.113  105748           2129
           -4794.113  104520           1065
           -4794.113  481592           2133
           -4794.113  25174            2136
           -4794.113  858804           534
           -4794.113  883355           2140
           -4794.113  621904           2142
           -4794.113  413564           535
           -4794.113  512820           1071
           -4794.113  864006           1075
           -4794.113  502808           1082
           -4794.113  213704           2165
           -4794.113  82711            2181
           -4794.113  80               2188
           -4794.113  199639           1094
           -4794.113  312018           2209
           -4794.113  635964           2225
           -4794.113  602960           2226
           -4794.113  374433           2240
           -4794.113  608451           2248
           -4794.113  691251           2249
           -4794.113  67009            564
           -4794.113  231366           1137
           -4794.113  718336           2280
           -4794.113  401483           2287
           -4794.113  68932            2292
           -4794.113  566739           575
           -4794.113  333082           578
           -4794.113  163110           584
           -4794.113  827570           2341
           -4794.113  62585            2342
           -4794.113  703783           2346
           -4794.113  374735           1178
           -4794.113  260953           589
           -4794.113  932960           2369
           -4794.113  817779           2376
           -4794.113  742688           594
           -4794.113  170683           2388
           -4794.113  493718           2394
           -4794.113  641890           2395
           -4794.113  2315             2397
           -4794.113  414059           1200
           -4794.113  548493           1201
           -4794.113  463949           2403
           -4794.113  925846           2405
           -4794.113  897581           1204
           -4794.113  893582           2412
           -4794.113  264316           2420
           -4794.113  404840           1210
           -4794.113  794804           1211
           -4794.113  582615           2431
           -4794.113  483431           2433
           -4794.113  622873           1218
           -4794.113  715356           2440
           -4794.113  448994           2445
           -4794.113  303304           2450
           -4794.113  364689           1237
           -4794.113  763285           620
           -4794.113  480046           2484
           -4794.113  345974           622
           -4794.113  87366            2501
           -4794.113  871188           1261
           -4794.113  780726           1270
           -4794.113  178369           2546
           -4794.113  573035           1273
           -4794.113  282261           1274
           -4794.113  517385           2554
           -4794.113  293820           1279
           -4794.113  661978           1281
           -4794.113  660368           2570
           -4794.113  932539           2581
           -4794.113  101331           2582
           -4794.113  767822           1293
           -4794.113  409744           2588
           -4794.113  930781           2594
           -4794.113  602032           648
           -4794.113  459221           652
           -4794.113  461409           1310
           -4794.113  941497           1317
           -4794.113  72972            2642
           -4794.113  426364           1325
           -4794.113  993504           2658
           -4794.113  104836           2659
           -4794.113  627421           2670
           -4794.113  537905           1335
           -4794.113  458123           2679
           -4794.113  158872           2683
           -4794.113  332809           2687
           -4794.113  266038           672
           -4794.113  746172           2691
           -4794.113  36183            1349
           -4794.113  88767            2700
           -4794.113  830367           1351
           -4794.113  547354           1357
           -4794.113  70669            2718
           -4794.113  574412           679
           -4794.113  357700           1359
           -4794.113  581601           2719
           -4794.113  74838            1367
           -4794.113  732904           2739
           -4794.113  232509           2745
           -4794.113  842091           1373
           -4794.113  916339           2764
           -4794.113  160041           1384
           -4794.113  439009           2771
           -4794.113  609004           2777
           -4794.113  613264           2781
           -4794.113  69098            2788
           -4794.113  56630            2793
           -4794.113  273992           349
           -4794.113  903099           1399
           -4794.113  207228           2805
           -4794.113  558208           1403
           -4794.113  531546           702
           -4794.113  558741           2815
           -4794.113  408504           2822
           -4794.113  662524           1414
           -4794.113  118183           2841
           -4794.113  464810           1424
           -4794.113  372635           2849
           -4794.113  876370           2855
           -4794.113  89016            1428
           -4794.113  732319           1430
           -4794.113  824026           2867
           -4794.113  659319           2888
           -4794.113  448481           2890
           -4794.113  193581           2898
           -4794.113  386915           2902
           -4794.113  991258           2910
           -4794.113  421653           2922
           -4794.113  302478           2925
           -4794.113  551829           1466
           -4794.113  519610           2937
           -4794.113  3307             735
           -4794.113  599003           1474
           -4794.113  954055           2952
           -4794.113  500460           2953
           -4794.113  892537           2957
           -4794.113  371518           2959
           -4794.113  387401           1482
           -4794.113  370481           742
           -4794.113  334092           2974
           -4794.113  202864           2975
           -4794.113  575089           2980
           -4794.113  389631           2986
           -4794.113  967588           1495
           -4794.113  171417           2992
           -4794.113  674786           1496
           -4794.113  318177           748
           -4794.113  823588           2997
           -4794.113  274131           3004
           -4794.113  487062           3009
           -4794.113  300741           3010
           -4794.113  121729           3011
           -4794.113  440963           3012
           -4794.113  380978           3031
           -4794.113  703              3033
           -4794.113  708047           1519
           -4794.113  618385           3050
           -4794.113  271100           3066
           -4794.113  196942           3067
           -4794.113  159678           1553
           -4794.113  474518           3111
           -4794.113  326944           3122
           -4794.113  57148            1561
           -4794.113  68291            1565
           -4794.113  138695           783
           -4794.113  975897           1569
           -4794.113  942094           3139
           -4794.113  968857           3140
           -4794.113  995913           787
           -4794.113  474357           789
           -4794.113  232654           3169
           -4794.113  287545           3198
           -4794.113  71086            3199
           -4794.113  246794           801
           -4794.113  432513           803
           -4794.113  104055           3224
           -4794.113  272764           3230
           -4794.113  406263           1618
           -4794.113  953684           3243
           -4794.113  975141           1623
           -4794.113  891510           1625
           -4794.113  243593           3261
           -4794.113  810241           1634
           -4794.113  139941           3271
           -4794.113  548245           818
           -4794.113  242621           1642
           -4794.113  627047           3288
           -4794.113  45556            3294
           -4794.113  634333           1648
           -4794.113  897739           3299
           -4794.113  81233            825
           -4794.113  139881           3304
           -4794.113  990504           827
           -4794.113  278485           3316
           -4794.113  49910            829
           -4794.113  749756           3321
           -4794.113  933600           1661
           -4794.113  710154           831
           -4794.113  893448           3352
           -4794.113  175767           3362
           -4794.113  484406           421
           -4794.113  131063           843
           -4794.113  320563           1688
           -4794.113  810594           845
           -4794.113  476830           3388
           -4794.113  209243           1694
           -4794.113  62158            1696
           -4794.113  489524           3395
           -4794.113  739486           1699
           -4794.113  975502           3403
           -4794.113  132965           3405
           -4794.113  427062           3411
           -4794.113  88117            3417
           -4794.113  465160           862
           -4794.113  686482           215
           -4794.113  546943           865
           -4794.113  259148           1734
           -4794.113  885995           3469
           -4794.113  496762           870
           -4794.113  71909            3483
           -4794.113  776063           3497
           -4794.113  294492           3513
           -4794.113  848795           1757
           -4794.113  906196           1758
           -4794.113  119023           3521
           -4794.113  603244           3534
           -4794.113  582630           3537
           -4794.113  978153           1772
           -4794.113  414306           3547
           -4794.113  421731           886
           -4794.113  400319           887
           -4794.113  857122           889
           -4794.113  719490           1780
           -4794.113  540314           3561
           -4794.113  802928           892
           -4794.113  251502           3571
           -4794.113  86698            893
           -4794.113  44697            1792
           -4794.113  624309           3588
           -4794.113  860940           1797
           -4794.113  470570           3598
           -4794.113  946002           3601
           -4794.113  659601           3610
           -4794.113  970838           3615
           -4794.113  340820           3622
           -4794.113  891041           1811
           -4794.113  884939           3629
           -4794.113  98352            3636
           -4794.113  605969           3639
           -4794.113  666752           1820
           -4794.113  920007           3643
           -4794.113  979450           913
           -4794.113  862495           3657
           -4794.113  738069           1830
           -4794.113  377994           3661
           -4794.113  484116           915
           -4794.113  913726           3668
           -4794.113  491690           3688
           -4794.113  867231           1846
           -4794.113  303742           3693
           -4794.113  325494           3704
           -4794.113  187594           3708
           -4794.113  199051           3709
           -4794.113  537166           3712
           -4794.113  518561           1856
           -4794.113  116438           3716
           -4794.113  398323           3723
           -4794.113  14000            1867
           -4794.113  768472           3740
           -4794.113  941205           3741
           -4794.113  679448           937
           -4794.113  897910           1878
           -4794.113  652429           3766
           -4794.113  450584           3772
           -4794.113  611668           3776
           -4794.113  11397            944
           -4794.113  693975           3781
           -4794.113  601657           3802
           -4794.113  589483           950
           -4794.113  248493           1901
           -4794.113  758647           951
           -4794.113  673681           3809
           -4794.113  103653           3821
           -4794.113  452789           3826
           -4794.113  605784           3836
           -4794.113  837117           3839
           -4794.113  225630           3846
           -4794.113  356068           1924
           -4794.113  912110           3853
           -4794.113  856347           1927
           -4794.113  533372           3865
           -4794.113  611687           1933
           -4794.113  78364            3903
           -4794.113  662359           1954
           -4794.113  44842            3910
           -4794.113  564643           1955
           -4794.113  647472           3927
           -4794.113  937068           982
           -4794.113  468217           3940
           -4794.113  929361           1971
           -4794.113  968256           3948
           -4794.113  475419           987
           -4794.113  184656           1978
           -4794.113  943550           1981
           -4794.113  495490           990
           -4794.113  219785           3968
           -4794.113  518896           3970
           -4794.113  429802           3983
           -4794.113  505082           1993
           -4794.113  927045           1994
           -4794.113  707200           1005
           -4794.113  642909           251
           -4794.113  348892           1010
           -4794.113  770182           1015
           -4794.113  553174           2033
           -4794.113  957086           1019
           -4794.113  579882           1021
           -4794.113  411615           171
           -4794.113  717754           180
           -4794.113  576220           115
           -4794.113  120506           45
           -4810.237  245006           2458
           -4810.237  705057           3313
           -4821.370  373505           88
           -4848.328  535336           2355

Unperturbed starting value run did not converge or was rejected in the third stage.

454 perturbed starting value run(s) did not converge or were rejected in the third stage.



THE BEST LOGLIKELIHOOD VALUE HAS BEEN REPLICATED.  RERUN WITH AT LEAST TWICE THE
RANDOM STARTS TO CHECK THAT THE BEST LOGLIKELIHOOD IS STILL OBTAINED AND REPLICATED.


THE MODEL ESTIMATION TERMINATED NORMALLY



MODEL FIT INFORMATION

Number of Free Parameters                       13

Loglikelihood

          H0 Value                       -4794.113
          H0 Scaling Correction Factor      1.3805
            for MLR

Information Criteria

          Akaike (AIC)                    9614.225
          Bayesian (BIC)                  9664.379
          Sample-Size Adjusted BIC        9623.138
            (n* = (n + 2) / 24)



FINAL CLASS COUNTS AND PROPORTIONS FOR THE LATENT CLASSES
BASED ON THE ESTIMATED MODEL

    Latent
   Classes

       1        105.09245          0.30026
       2        206.42751          0.58979
       3         38.48004          0.10994


FINAL CLASS COUNTS AND PROPORTIONS FOR THE LATENT CLASSES
BASED ON ESTIMATED POSTERIOR PROBABILITIES

    Latent
   Classes

       1        105.09245          0.30026
       2        206.42751          0.58979
       3         38.48004          0.10994


FINAL CLASS COUNTS AND PROPORTIONS FOR THE LATENT CLASSES
BASED ON THEIR MOST LIKELY LATENT CLASS MEMBERSHIP

Class Counts and Proportions

    Latent
   Classes

       1              107          0.30571
       2              207          0.59143
       3               36          0.10286


CLASSIFICATION QUALITY

     Entropy                         0.797


Average Latent Class Probabilities for Most Likely Latent Class Membership (Row)
by Latent Class (Column)

           1        2        3

    1   0.884    0.116    0.000
    2   0.051    0.921    0.028
    3   0.000    0.093    0.907


Classification Probabilities for the Most Likely Latent Class Membership (Column)
by Latent Class (Row)

           1        2        3

    1   0.900    0.100    0.000
    2   0.060    0.924    0.016
    3   0.000    0.151    0.849


Logits for the Classification Probabilities for the Most Likely Latent Class Membership (Column)
by Latent Class (Row)

              1        2        3

    1     13.710   11.510    0.000
    2      1.310    4.044    0.000
    3    -13.651   -1.724    0.000


MODEL RESULTS

                                                    Two-Tailed
                    Estimate       S.E.  Est./S.E.    P-Value

Latent Class 1

 I        |
    SX_0               1.000      0.000    999.000    999.000
    SX_6               1.000      0.000    999.000    999.000
    SX_12              1.000      0.000    999.000    999.000
    SX_18              1.000      0.000    999.000    999.000
    SX_24              1.000      0.000    999.000    999.000

 S        |
    SX_0               0.000      0.000    999.000    999.000
    SX_6               6.000      0.000    999.000    999.000
    SX_12             12.000      0.000    999.000    999.000
    SX_18             18.000      0.000    999.000    999.000
    SX_24             24.000      0.000    999.000    999.000

 Q        |
    SX_0               0.000      0.000    999.000    999.000
    SX_6              36.000      0.000    999.000    999.000
    SX_12            144.000      0.000    999.000    999.000
    SX_18            324.000      0.000    999.000    999.000
    SX_24            576.000      0.000    999.000    999.000

 CUB      |
    SX_0               0.000      0.000    999.000    999.000
    SX_6             216.000      0.000    999.000    999.000
    SX_12           1728.000      0.000    999.000    999.000
    SX_18           5832.000      0.000    999.000    999.000
    SX_24          13824.000      0.000    999.000    999.000

 Means
    I                  8.310      0.571     14.547      0.000
    S                 -0.686      0.054    -12.783      0.000
    Q                  0.019      0.002     10.684      0.000
    CUB                0.000      0.000    999.000    999.000

 Intercepts
    SX_0               0.000      0.000    999.000    999.000
    SX_6               0.000      0.000    999.000    999.000
    SX_12              0.000      0.000    999.000    999.000
    SX_18              0.000      0.000    999.000    999.000
    SX_24              0.000      0.000    999.000    999.000

 Variances
    I                  0.000      0.000    999.000    999.000
    S                  0.000      0.000    999.000    999.000
    Q                  0.000      0.000    999.000    999.000
    CUB                0.000      0.000    999.000    999.000

 Residual Variances
    SX_0               6.606      1.320      5.005      0.000
    SX_6               6.606      1.320      5.005      0.000
    SX_12              6.606      1.320      5.005      0.000
    SX_18              6.606      1.320      5.005      0.000
    SX_24              6.606      1.320      5.005      0.000

Latent Class 2

 I        |
    SX_0               1.000      0.000    999.000    999.000
    SX_6               1.000      0.000    999.000    999.000
    SX_12              1.000      0.000    999.000    999.000
    SX_18              1.000      0.000    999.000    999.000
    SX_24              1.000      0.000    999.000    999.000

 S        |
    SX_0               0.000      0.000    999.000    999.000
    SX_6               6.000      0.000    999.000    999.000
    SX_12             12.000      0.000    999.000    999.000
    SX_18             18.000      0.000    999.000    999.000
    SX_24             24.000      0.000    999.000    999.000

 Q        |
    SX_0               0.000      0.000    999.000    999.000
    SX_6              36.000      0.000    999.000    999.000
    SX_12            144.000      0.000    999.000    999.000
    SX_18            324.000      0.000    999.000    999.000
    SX_24            576.000      0.000    999.000    999.000

 CUB      |
    SX_0               0.000      0.000    999.000    999.000
    SX_6             216.000      0.000    999.000    999.000
    SX_12           1728.000      0.000    999.000    999.000
    SX_18           5832.000      0.000    999.000    999.000
    SX_24          13824.000      0.000    999.000    999.000

 Means
    I                 10.172      0.308     33.067      0.000
    S                 -0.403      0.077     -5.204      0.000
    Q                  0.013      0.003      4.976      0.000
    CUB                0.000      0.000    999.000    999.000

 Intercepts
    SX_0               0.000      0.000    999.000    999.000
    SX_6               0.000      0.000    999.000    999.000
    SX_12              0.000      0.000    999.000    999.000
    SX_18              0.000      0.000    999.000    999.000
    SX_24              0.000      0.000    999.000    999.000

 Variances
    I                  0.000      0.000    999.000    999.000
    S                  0.000      0.000    999.000    999.000
    Q                  0.000      0.000    999.000    999.000
    CUB                0.000      0.000    999.000    999.000

 Residual Variances
    SX_0              14.309      0.605     23.650      0.000
    SX_6              14.309      0.605     23.650      0.000
    SX_12             14.309      0.605     23.650      0.000
    SX_18             14.309      0.605     23.650      0.000
    SX_24             14.309      0.605     23.650      0.000

Latent Class 3

 I        |
    SX_0               1.000      0.000    999.000    999.000
    SX_6               1.000      0.000    999.000    999.000
    SX_12              1.000      0.000    999.000    999.000
    SX_18              1.000      0.000    999.000    999.000
    SX_24              1.000      0.000    999.000    999.000

 S        |
    SX_0               0.000      0.000    999.000    999.000
    SX_6               6.000      0.000    999.000    999.000
    SX_12             12.000      0.000    999.000    999.000
    SX_18             18.000      0.000    999.000    999.000
    SX_24             24.000      0.000    999.000    999.000

 Q        |
    SX_0               0.000      0.000    999.000    999.000
    SX_6              36.000      0.000    999.000    999.000
    SX_12            144.000      0.000    999.000    999.000
    SX_18            324.000      0.000    999.000    999.000
    SX_24            576.000      0.000    999.000    999.000

 CUB      |
    SX_0               0.000      0.000    999.000    999.000
    SX_6             216.000      0.000    999.000    999.000
    SX_12           1728.000      0.000    999.000    999.000
    SX_18           5832.000      0.000    999.000    999.000
    SX_24          13824.000      0.000    999.000    999.000

 Means
    I                 14.032      1.063     13.197      0.000
    S                 -0.099      0.036     -2.726      0.006
    Q                  0.000      0.000    999.000    999.000
    CUB                0.000      0.000    999.000    999.000

 Intercepts
    SX_0               0.000      0.000    999.000    999.000
    SX_6               0.000      0.000    999.000    999.000
    SX_12              0.000      0.000    999.000    999.000
    SX_18              0.000      0.000    999.000    999.000
    SX_24              0.000      0.000    999.000    999.000

 Variances
    I                  0.000      0.000    999.000    999.000
    S                  0.000      0.000    999.000    999.000
    Q                  0.000      0.000    999.000    999.000
    CUB                0.000      0.000    999.000    999.000

 Residual Variances
    SX_0               7.949      2.511      3.165      0.002
    SX_6               7.949      2.511      3.165      0.002
    SX_12              7.949      2.511      3.165      0.002
    SX_18              7.949      2.511      3.165      0.002
    SX_24              7.949      2.511      3.165      0.002

Categorical Latent Variables

 Means
    C#1                1.005      0.637      1.577      0.115
    C#2                1.680      0.413      4.064      0.000


QUALITY OF NUMERICAL RESULTS

     Condition Number for the Information Matrix              0.569E-06
       (ratio of smallest to largest eigenvalue)


STANDARDIZED MODEL RESULTS


STDYX Standardization

                                                    Two-Tailed
                    Estimate       S.E.  Est./S.E.    P-Value

Latent Class 1

 I        |
    SX_0             999.000    999.000    999.000    999.000
    SX_6             999.000    999.000    999.000    999.000
    SX_12            999.000    999.000    999.000    999.000
    SX_18            999.000    999.000    999.000    999.000
    SX_24            999.000    999.000    999.000    999.000

 S        |
    SX_0             999.000    999.000    999.000    999.000
    SX_6             999.000    999.000    999.000    999.000
    SX_12            999.000    999.000    999.000    999.000
    SX_18            999.000    999.000    999.000    999.000
    SX_24            999.000    999.000    999.000    999.000

 Q        |
    SX_0             999.000    999.000    999.000    999.000
    SX_6             999.000    999.000    999.000    999.000
    SX_12            999.000    999.000    999.000    999.000
    SX_18            999.000    999.000    999.000    999.000
    SX_24            999.000    999.000    999.000    999.000

 CUB      |
    SX_0             999.000    999.000    999.000    999.000
    SX_6             999.000    999.000    999.000    999.000
    SX_12            999.000    999.000    999.000    999.000
    SX_18            999.000    999.000    999.000    999.000
    SX_24            999.000    999.000    999.000    999.000

 Means
    I                999.000    999.000    999.000    999.000
    S                999.000    999.000    999.000    999.000
    Q                999.000    999.000    999.000    999.000
    CUB              999.000    999.000    999.000    999.000

 Intercepts
    SX_0               0.000      0.000    999.000    999.000
    SX_6               0.000      0.000    999.000    999.000
    SX_12              0.000      0.000    999.000    999.000
    SX_18              0.000      0.000    999.000    999.000
    SX_24              0.000      0.000    999.000    999.000

 Variances
    I                999.000    999.000    999.000    999.000
    S                999.000    999.000    999.000    999.000
    Q                999.000    999.000    999.000    999.000
    CUB              999.000    999.000    999.000    999.000

 Residual Variances
    SX_0               1.000      0.000    999.000    999.000
    SX_6               1.000      0.000    999.000    999.000
    SX_12              1.000      0.000    999.000    999.000
    SX_18              1.000      0.000    999.000    999.000
    SX_24              1.000      0.000    999.000    999.000

Latent Class 2

 I        |
    SX_0             999.000    999.000    999.000    999.000
    SX_6             999.000    999.000    999.000    999.000
    SX_12            999.000    999.000    999.000    999.000
    SX_18            999.000    999.000    999.000    999.000
    SX_24            999.000    999.000    999.000    999.000

 S        |
    SX_0             999.000    999.000    999.000    999.000
    SX_6             999.000    999.000    999.000    999.000
    SX_12            999.000    999.000    999.000    999.000
    SX_18            999.000    999.000    999.000    999.000
    SX_24            999.000    999.000    999.000    999.000

 Q        |
    SX_0             999.000    999.000    999.000    999.000
    SX_6             999.000    999.000    999.000    999.000
    SX_12            999.000    999.000    999.000    999.000
    SX_18            999.000    999.000    999.000    999.000
    SX_24            999.000    999.000    999.000    999.000

 CUB      |
    SX_0             999.000    999.000    999.000    999.000
    SX_6             999.000    999.000    999.000    999.000
    SX_12            999.000    999.000    999.000    999.000
    SX_18            999.000    999.000    999.000    999.000
    SX_24            999.000    999.000    999.000    999.000

 Means
    I                999.000    999.000    999.000    999.000
    S                999.000    999.000    999.000    999.000
    Q                999.000    999.000    999.000    999.000
    CUB              999.000    999.000    999.000    999.000

 Intercepts
    SX_0               0.000      0.000    999.000    999.000
    SX_6               0.000      0.000    999.000    999.000
    SX_12              0.000      0.000    999.000    999.000
    SX_18              0.000      0.000    999.000    999.000
    SX_24              0.000      0.000    999.000    999.000

 Variances
    I                999.000    999.000    999.000    999.000
    S                999.000    999.000    999.000    999.000
    Q                999.000    999.000    999.000    999.000
    CUB              999.000    999.000    999.000    999.000

 Residual Variances
    SX_0               1.000      0.000    999.000    999.000
    SX_6               1.000      0.000    999.000    999.000
    SX_12              1.000      0.000    999.000    999.000
    SX_18              1.000      0.000    999.000    999.000
    SX_24              1.000      0.000    999.000    999.000

Latent Class 3

 I        |
    SX_0             999.000    999.000    999.000    999.000
    SX_6             999.000    999.000    999.000    999.000
    SX_12            999.000    999.000    999.000    999.000
    SX_18            999.000    999.000    999.000    999.000
    SX_24            999.000    999.000    999.000    999.000

 S        |
    SX_0             999.000    999.000    999.000    999.000
    SX_6             999.000    999.000    999.000    999.000
    SX_12            999.000    999.000    999.000    999.000
    SX_18            999.000    999.000    999.000    999.000
    SX_24            999.000    999.000    999.000    999.000

 Q        |
    SX_0             999.000    999.000    999.000    999.000
    SX_6             999.000    999.000    999.000    999.000
    SX_12            999.000    999.000    999.000    999.000
    SX_18            999.000    999.000    999.000    999.000
    SX_24            999.000    999.000    999.000    999.000

 CUB      |
    SX_0             999.000    999.000    999.000    999.000
    SX_6             999.000    999.000    999.000    999.000
    SX_12            999.000    999.000    999.000    999.000
    SX_18            999.000    999.000    999.000    999.000
    SX_24            999.000    999.000    999.000    999.000

 Means
    I                999.000    999.000    999.000    999.000
    S                999.000    999.000    999.000    999.000
    Q                999.000    999.000    999.000    999.000
    CUB              999.000    999.000    999.000    999.000

 Intercepts
    SX_0               0.000      0.000    999.000    999.000
    SX_6               0.000      0.000    999.000    999.000
    SX_12              0.000      0.000    999.000    999.000
    SX_18              0.000      0.000    999.000    999.000
    SX_24              0.000      0.000    999.000    999.000

 Variances
    I                999.000    999.000    999.000    999.000
    S                999.000    999.000    999.000    999.000
    Q                999.000    999.000    999.000    999.000
    CUB              999.000    999.000    999.000    999.000

 Residual Variances
    SX_0               1.000      0.000    999.000    999.000
    SX_6               1.000      0.000    999.000    999.000
    SX_12              1.000      0.000    999.000    999.000
    SX_18              1.000      0.000    999.000    999.000
    SX_24              1.000      0.000    999.000    999.000


STDY Standardization

                                                    Two-Tailed
                    Estimate       S.E.  Est./S.E.    P-Value

Latent Class 1

 I        |
    SX_0             999.000    999.000    999.000    999.000
    SX_6             999.000    999.000    999.000    999.000
    SX_12            999.000    999.000    999.000    999.000
    SX_18            999.000    999.000    999.000    999.000
    SX_24            999.000    999.000    999.000    999.000

 S        |
    SX_0             999.000    999.000    999.000    999.000
    SX_6             999.000    999.000    999.000    999.000
    SX_12            999.000    999.000    999.000    999.000
    SX_18            999.000    999.000    999.000    999.000
    SX_24            999.000    999.000    999.000    999.000

 Q        |
    SX_0             999.000    999.000    999.000    999.000
    SX_6             999.000    999.000    999.000    999.000
    SX_12            999.000    999.000    999.000    999.000
    SX_18            999.000    999.000    999.000    999.000
    SX_24            999.000    999.000    999.000    999.000

 CUB      |
    SX_0             999.000    999.000    999.000    999.000
    SX_6             999.000    999.000    999.000    999.000
    SX_12            999.000    999.000    999.000    999.000
    SX_18            999.000    999.000    999.000    999.000
    SX_24            999.000    999.000    999.000    999.000

 Means
    I                999.000    999.000    999.000    999.000
    S                999.000    999.000    999.000    999.000
    Q                999.000    999.000    999.000    999.000
    CUB              999.000    999.000    999.000    999.000

 Intercepts
    SX_0               0.000      0.000    999.000    999.000
    SX_6               0.000      0.000    999.000    999.000
    SX_12              0.000      0.000    999.000    999.000
    SX_18              0.000      0.000    999.000    999.000
    SX_24              0.000      0.000    999.000    999.000

 Variances
    I                999.000    999.000    999.000    999.000
    S                999.000    999.000    999.000    999.000
    Q                999.000    999.000    999.000    999.000
    CUB              999.000    999.000    999.000    999.000

 Residual Variances
    SX_0               1.000      0.000    999.000    999.000
    SX_6               1.000      0.000    999.000    999.000
    SX_12              1.000      0.000    999.000    999.000
    SX_18              1.000      0.000    999.000    999.000
    SX_24              1.000      0.000    999.000    999.000

Latent Class 2

 I        |
    SX_0             999.000    999.000    999.000    999.000
    SX_6             999.000    999.000    999.000    999.000
    SX_12            999.000    999.000    999.000    999.000
    SX_18            999.000    999.000    999.000    999.000
    SX_24            999.000    999.000    999.000    999.000

 S        |
    SX_0             999.000    999.000    999.000    999.000
    SX_6             999.000    999.000    999.000    999.000
    SX_12            999.000    999.000    999.000    999.000
    SX_18            999.000    999.000    999.000    999.000
    SX_24            999.000    999.000    999.000    999.000

 Q        |
    SX_0             999.000    999.000    999.000    999.000
    SX_6             999.000    999.000    999.000    999.000
    SX_12            999.000    999.000    999.000    999.000
    SX_18            999.000    999.000    999.000    999.000
    SX_24            999.000    999.000    999.000    999.000

 CUB      |
    SX_0             999.000    999.000    999.000    999.000
    SX_6             999.000    999.000    999.000    999.000
    SX_12            999.000    999.000    999.000    999.000
    SX_18            999.000    999.000    999.000    999.000
    SX_24            999.000    999.000    999.000    999.000

 Means
    I                999.000    999.000    999.000    999.000
    S                999.000    999.000    999.000    999.000
    Q                999.000    999.000    999.000    999.000
    CUB              999.000    999.000    999.000    999.000

 Intercepts
    SX_0               0.000      0.000    999.000    999.000
    SX_6               0.000      0.000    999.000    999.000
    SX_12              0.000      0.000    999.000    999.000
    SX_18              0.000      0.000    999.000    999.000
    SX_24              0.000      0.000    999.000    999.000

 Variances
    I                999.000    999.000    999.000    999.000
    S                999.000    999.000    999.000    999.000
    Q                999.000    999.000    999.000    999.000
    CUB              999.000    999.000    999.000    999.000

 Residual Variances
    SX_0               1.000      0.000    999.000    999.000
    SX_6               1.000      0.000    999.000    999.000
    SX_12              1.000      0.000    999.000    999.000
    SX_18              1.000      0.000    999.000    999.000
    SX_24              1.000      0.000    999.000    999.000

Latent Class 3

 I        |
    SX_0             999.000    999.000    999.000    999.000
    SX_6             999.000    999.000    999.000    999.000
    SX_12            999.000    999.000    999.000    999.000
    SX_18            999.000    999.000    999.000    999.000
    SX_24            999.000    999.000    999.000    999.000

 S        |
    SX_0             999.000    999.000    999.000    999.000
    SX_6             999.000    999.000    999.000    999.000
    SX_12            999.000    999.000    999.000    999.000
    SX_18            999.000    999.000    999.000    999.000
    SX_24            999.000    999.000    999.000    999.000

 Q        |
    SX_0             999.000    999.000    999.000    999.000
    SX_6             999.000    999.000    999.000    999.000
    SX_12            999.000    999.000    999.000    999.000
    SX_18            999.000    999.000    999.000    999.000
    SX_24            999.000    999.000    999.000    999.000

 CUB      |
    SX_0             999.000    999.000    999.000    999.000
    SX_6             999.000    999.000    999.000    999.000
    SX_12            999.000    999.000    999.000    999.000
    SX_18            999.000    999.000    999.000    999.000
    SX_24            999.000    999.000    999.000    999.000

 Means
    I                999.000    999.000    999.000    999.000
    S                999.000    999.000    999.000    999.000
    Q                999.000    999.000    999.000    999.000
    CUB              999.000    999.000    999.000    999.000

 Intercepts
    SX_0               0.000      0.000    999.000    999.000
    SX_6               0.000      0.000    999.000    999.000
    SX_12              0.000      0.000    999.000    999.000
    SX_18              0.000      0.000    999.000    999.000
    SX_24              0.000      0.000    999.000    999.000

 Variances
    I                999.000    999.000    999.000    999.000
    S                999.000    999.000    999.000    999.000
    Q                999.000    999.000    999.000    999.000
    CUB              999.000    999.000    999.000    999.000

 Residual Variances
    SX_0               1.000      0.000    999.000    999.000
    SX_6               1.000      0.000    999.000    999.000
    SX_12              1.000      0.000    999.000    999.000
    SX_18              1.000      0.000    999.000    999.000
    SX_24              1.000      0.000    999.000    999.000


STD Standardization

                                                    Two-Tailed
                    Estimate       S.E.  Est./S.E.    P-Value

Latent Class 1

 I        |
    SX_0             999.000    999.000    999.000    999.000
    SX_6             999.000    999.000    999.000    999.000
    SX_12            999.000    999.000    999.000    999.000
    SX_18            999.000    999.000    999.000    999.000
    SX_24            999.000    999.000    999.000    999.000

 S        |
    SX_0             999.000    999.000    999.000    999.000
    SX_6             999.000    999.000    999.000    999.000
    SX_12            999.000    999.000    999.000    999.000
    SX_18            999.000    999.000    999.000    999.000
    SX_24            999.000    999.000    999.000    999.000

 Q        |
    SX_0             999.000    999.000    999.000    999.000
    SX_6             999.000    999.000    999.000    999.000
    SX_12            999.000    999.000    999.000    999.000
    SX_18            999.000    999.000    999.000    999.000
    SX_24            999.000    999.000    999.000    999.000

 CUB      |
    SX_0             999.000    999.000    999.000    999.000
    SX_6             999.000    999.000    999.000    999.000
    SX_12            999.000    999.000    999.000    999.000
    SX_18            999.000    999.000    999.000    999.000
    SX_24            999.000    999.000    999.000    999.000

 Means
    I                999.000    999.000    999.000    999.000
    S                999.000    999.000    999.000    999.000
    Q                999.000    999.000    999.000    999.000
    CUB              999.000    999.000    999.000    999.000

 Intercepts
    SX_0               0.000      0.000    999.000    999.000
    SX_6               0.000      0.000    999.000    999.000
    SX_12              0.000      0.000    999.000    999.000
    SX_18              0.000      0.000    999.000    999.000
    SX_24              0.000      0.000    999.000    999.000

 Variances
    I                999.000    999.000    999.000    999.000
    S                999.000    999.000    999.000    999.000
    Q                999.000    999.000    999.000    999.000
    CUB              999.000    999.000    999.000    999.000

 Residual Variances
    SX_0               6.606      1.320      5.005      0.000
    SX_6               6.606      1.320      5.005      0.000
    SX_12              6.606      1.320      5.005      0.000
    SX_18              6.606      1.320      5.005      0.000
    SX_24              6.606      1.320      5.005      0.000

Latent Class 2

 I        |
    SX_0             999.000    999.000    999.000    999.000
    SX_6             999.000    999.000    999.000    999.000
    SX_12            999.000    999.000    999.000    999.000
    SX_18            999.000    999.000    999.000    999.000
    SX_24            999.000    999.000    999.000    999.000

 S        |
    SX_0             999.000    999.000    999.000    999.000
    SX_6             999.000    999.000    999.000    999.000
    SX_12            999.000    999.000    999.000    999.000
    SX_18            999.000    999.000    999.000    999.000
    SX_24            999.000    999.000    999.000    999.000

 Q        |
    SX_0             999.000    999.000    999.000    999.000
    SX_6             999.000    999.000    999.000    999.000
    SX_12            999.000    999.000    999.000    999.000
    SX_18            999.000    999.000    999.000    999.000
    SX_24            999.000    999.000    999.000    999.000

 CUB      |
    SX_0             999.000    999.000    999.000    999.000
    SX_6             999.000    999.000    999.000    999.000
    SX_12            999.000    999.000    999.000    999.000
    SX_18            999.000    999.000    999.000    999.000
    SX_24            999.000    999.000    999.000    999.000

 Means
    I                999.000    999.000    999.000    999.000
    S                999.000    999.000    999.000    999.000
    Q                999.000    999.000    999.000    999.000
    CUB              999.000    999.000    999.000    999.000

 Intercepts
    SX_0               0.000      0.000    999.000    999.000
    SX_6               0.000      0.000    999.000    999.000
    SX_12              0.000      0.000    999.000    999.000
    SX_18              0.000      0.000    999.000    999.000
    SX_24              0.000      0.000    999.000    999.000

 Variances
    I                999.000    999.000    999.000    999.000
    S                999.000    999.000    999.000    999.000
    Q                999.000    999.000    999.000    999.000
    CUB              999.000    999.000    999.000    999.000

 Residual Variances
    SX_0              14.309      0.605     23.650      0.000
    SX_6              14.309      0.605     23.650      0.000
    SX_12             14.309      0.605     23.650      0.000
    SX_18             14.309      0.605     23.650      0.000
    SX_24             14.309      0.605     23.650      0.000

Latent Class 3

 I        |
    SX_0             999.000    999.000    999.000    999.000
    SX_6             999.000    999.000    999.000    999.000
    SX_12            999.000    999.000    999.000    999.000
    SX_18            999.000    999.000    999.000    999.000
    SX_24            999.000    999.000    999.000    999.000

 S        |
    SX_0             999.000    999.000    999.000    999.000
    SX_6             999.000    999.000    999.000    999.000
    SX_12            999.000    999.000    999.000    999.000
    SX_18            999.000    999.000    999.000    999.000
    SX_24            999.000    999.000    999.000    999.000

 Q        |
    SX_0             999.000    999.000    999.000    999.000
    SX_6             999.000    999.000    999.000    999.000
    SX_12            999.000    999.000    999.000    999.000
    SX_18            999.000    999.000    999.000    999.000
    SX_24            999.000    999.000    999.000    999.000

 CUB      |
    SX_0             999.000    999.000    999.000    999.000
    SX_6             999.000    999.000    999.000    999.000
    SX_12            999.000    999.000    999.000    999.000
    SX_18            999.000    999.000    999.000    999.000
    SX_24            999.000    999.000    999.000    999.000

 Means
    I                999.000    999.000    999.000    999.000
    S                999.000    999.000    999.000    999.000
    Q                999.000    999.000    999.000    999.000
    CUB              999.000    999.000    999.000    999.000

 Intercepts
    SX_0               0.000      0.000    999.000    999.000
    SX_6               0.000      0.000    999.000    999.000
    SX_12              0.000      0.000    999.000    999.000
    SX_18              0.000      0.000    999.000    999.000
    SX_24              0.000      0.000    999.000    999.000

 Variances
    I                999.000    999.000    999.000    999.000
    S                999.000    999.000    999.000    999.000
    Q                999.000    999.000    999.000    999.000
    CUB              999.000    999.000    999.000    999.000

 Residual Variances
    SX_0               7.949      2.511      3.165      0.002
    SX_6               7.949      2.511      3.165      0.002
    SX_12              7.949      2.511      3.165      0.002
    SX_18              7.949      2.511      3.165      0.002
    SX_24              7.949      2.511      3.165      0.002


R-SQUARE

Class 1

    Observed                                        Two-Tailed
    Variable        Estimate       S.E.  Est./S.E.    P-Value

    SX_0               0.000      0.000    999.000    999.000
    SX_6               0.000      0.000    999.000    999.000
    SX_12              0.000      0.000    999.000    999.000
    SX_18              0.000      0.000    999.000    999.000
    SX_24              0.000      0.000    999.000    999.000

Class 2

    Observed                                        Two-Tailed
    Variable        Estimate       S.E.  Est./S.E.    P-Value

    SX_0               0.000      0.000    999.000    999.000
    SX_6               0.000      0.000    999.000    999.000
    SX_12              0.000      0.000    999.000    999.000
    SX_18              0.000      0.000    999.000    999.000
    SX_24              0.000      0.000    999.000    999.000

Class 3

    Observed                                        Two-Tailed
    Variable        Estimate       S.E.  Est./S.E.    P-Value

    SX_0               0.000      0.000    999.000    999.000
    SX_6               0.000      0.000    999.000    999.000
    SX_12              0.000      0.000    999.000    999.000
    SX_18              0.000      0.000    999.000    999.000
    SX_24              0.000      0.000    999.000    999.000


TECHNICAL 1 OUTPUT


     PARAMETER SPECIFICATION FOR LATENT CLASS 1


           NU
              SX_0          SX_6          SX_12         SX_18         SX_24
              ________      ________      ________      ________      ________
                    0             0             0             0             0


           LAMBDA
              I             S             Q             CUB
              ________      ________      ________      ________
 SX_0               0             0             0             0
 SX_6               0             0             0             0
 SX_12              0             0             0             0
 SX_18              0             0             0             0
 SX_24              0             0             0             0


           THETA
              SX_0          SX_6          SX_12         SX_18         SX_24
              ________      ________      ________      ________      ________
 SX_0               1
 SX_6               0             1
 SX_12              0             0             1
 SX_18              0             0             0             1
 SX_24              0             0             0             0             1


           ALPHA
              I             S             Q             CUB
              ________      ________      ________      ________
                    2             3             4             0


           BETA
              I             S             Q             CUB
              ________      ________      ________      ________
 I                  0             0             0             0
 S                  0             0             0             0
 Q                  0             0             0             0
 CUB                0             0             0             0


           PSI
              I             S             Q             CUB
              ________      ________      ________      ________
 I                  0
 S                  0             0
 Q                  0             0             0
 CUB                0             0             0             0


     PARAMETER SPECIFICATION FOR LATENT CLASS 2


           NU
              SX_0          SX_6          SX_12         SX_18         SX_24
              ________      ________      ________      ________      ________
                    0             0             0             0             0


           LAMBDA
              I             S             Q             CUB
              ________      ________      ________      ________
 SX_0               0             0             0             0
 SX_6               0             0             0             0
 SX_12              0             0             0             0
 SX_18              0             0             0             0
 SX_24              0             0             0             0


           THETA
              SX_0          SX_6          SX_12         SX_18         SX_24
              ________      ________      ________      ________      ________
 SX_0               5
 SX_6               0             5
 SX_12              0             0             5
 SX_18              0             0             0             5
 SX_24              0             0             0             0             5


           ALPHA
              I             S             Q             CUB
              ________      ________      ________      ________
                    6             7             8             0


           BETA
              I             S             Q             CUB
              ________      ________      ________      ________
 I                  0             0             0             0
 S                  0             0             0             0
 Q                  0             0             0             0
 CUB                0             0             0             0


           PSI
              I             S             Q             CUB
              ________      ________      ________      ________
 I                  0
 S                  0             0
 Q                  0             0             0
 CUB                0             0             0             0


     PARAMETER SPECIFICATION FOR LATENT CLASS 3


           NU
              SX_0          SX_6          SX_12         SX_18         SX_24
              ________      ________      ________      ________      ________
                    0             0             0             0             0


           LAMBDA
              I             S             Q             CUB
              ________      ________      ________      ________
 SX_0               0             0             0             0
 SX_6               0             0             0             0
 SX_12              0             0             0             0
 SX_18              0             0             0             0
 SX_24              0             0             0             0


           THETA
              SX_0          SX_6          SX_12         SX_18         SX_24
              ________      ________      ________      ________      ________
 SX_0               9
 SX_6               0             9
 SX_12              0             0             9
 SX_18              0             0             0             9
 SX_24              0             0             0             0             9


           ALPHA
              I             S             Q             CUB
              ________      ________      ________      ________
                   10            11             0             0


           BETA
              I             S             Q             CUB
              ________      ________      ________      ________
 I                  0             0             0             0
 S                  0             0             0             0
 Q                  0             0             0             0
 CUB                0             0             0             0


           PSI
              I             S             Q             CUB
              ________      ________      ________      ________
 I                  0
 S                  0             0
 Q                  0             0             0
 CUB                0             0             0             0


     PARAMETER SPECIFICATION FOR LATENT CLASS REGRESSION MODEL PART


           ALPHA(C)
              C#1           C#2           C#3
              ________      ________      ________
                   12            13             0


     STARTING VALUES FOR LATENT CLASS 1


           NU
              SX_0          SX_6          SX_12         SX_18         SX_24
              ________      ________      ________      ________      ________
                0.000         0.000         0.000         0.000         0.000


           LAMBDA
              I             S             Q             CUB
              ________      ________      ________      ________
 SX_0           1.000         0.000         0.000         0.000
 SX_6           1.000         6.000        36.000       216.000
 SX_12          1.000        12.000       144.000      1728.000
 SX_18          1.000        18.000       324.000      5832.000
 SX_24          1.000        24.000       576.000     13824.000


           THETA
              SX_0          SX_6          SX_12         SX_18         SX_24
              ________      ________      ________      ________      ________
 SX_0           7.003
 SX_6           0.000         9.212
 SX_12          0.000         0.000        10.045
 SX_18          0.000         0.000         0.000         9.151
 SX_24          0.000         0.000         0.000         0.000        10.081


           ALPHA
              I             S             Q             CUB
              ________      ________      ________      ________
                0.000         0.000         0.000         0.000


           BETA
              I             S             Q             CUB
              ________      ________      ________      ________
 I              0.000         0.000         0.000         0.000
 S              0.000         0.000         0.000         0.000
 Q              0.000         0.000         0.000         0.000
 CUB            0.000         0.000         0.000         0.000


           PSI
              I             S             Q             CUB
              ________      ________      ________      ________
 I              0.000
 S              0.000         0.000
 Q              0.000         0.000         0.000
 CUB            0.000         0.000         0.000         0.000


     STARTING VALUES FOR LATENT CLASS 2


           NU
              SX_0          SX_6          SX_12         SX_18         SX_24
              ________      ________      ________      ________      ________
                0.000         0.000         0.000         0.000         0.000


           LAMBDA
              I             S             Q             CUB
              ________      ________      ________      ________
 SX_0           1.000         0.000         0.000         0.000
 SX_6           1.000         6.000        36.000       216.000
 SX_12          1.000        12.000       144.000      1728.000
 SX_18          1.000        18.000       324.000      5832.000
 SX_24          1.000        24.000       576.000     13824.000


           THETA
              SX_0          SX_6          SX_12         SX_18         SX_24
              ________      ________      ________      ________      ________
 SX_0           7.003
 SX_6           0.000         9.212
 SX_12          0.000         0.000        10.045
 SX_18          0.000         0.000         0.000         9.151
 SX_24          0.000         0.000         0.000         0.000        10.081


           ALPHA
              I             S             Q             CUB
              ________      ________      ________      ________
                0.000         0.000         0.000         0.000


           BETA
              I             S             Q             CUB
              ________      ________      ________      ________
 I              0.000         0.000         0.000         0.000
 S              0.000         0.000         0.000         0.000
 Q              0.000         0.000         0.000         0.000
 CUB            0.000         0.000         0.000         0.000


           PSI
              I             S             Q             CUB
              ________      ________      ________      ________
 I              0.000
 S              0.000         0.000
 Q              0.000         0.000         0.000
 CUB            0.000         0.000         0.000         0.000


     STARTING VALUES FOR LATENT CLASS 3


           NU
              SX_0          SX_6          SX_12         SX_18         SX_24
              ________      ________      ________      ________      ________
                0.000         0.000         0.000         0.000         0.000


           LAMBDA
              I             S             Q             CUB
              ________      ________      ________      ________
 SX_0           1.000         0.000         0.000         0.000
 SX_6           1.000         6.000        36.000       216.000
 SX_12          1.000        12.000       144.000      1728.000
 SX_18          1.000        18.000       324.000      5832.000
 SX_24          1.000        24.000       576.000     13824.000


           THETA
              SX_0          SX_6          SX_12         SX_18         SX_24
              ________      ________      ________      ________      ________
 SX_0           7.003
 SX_6           0.000         9.212
 SX_12          0.000         0.000        10.045
 SX_18          0.000         0.000         0.000         9.151
 SX_24          0.000         0.000         0.000         0.000        10.081


           ALPHA
              I             S             Q             CUB
              ________      ________      ________      ________
                0.000         0.000         0.000         0.000


           BETA
              I             S             Q             CUB
              ________      ________      ________      ________
 I              0.000         0.000         0.000         0.000
 S              0.000         0.000         0.000         0.000
 Q              0.000         0.000         0.000         0.000
 CUB            0.000         0.000         0.000         0.000


           PSI
              I             S             Q             CUB
              ________      ________      ________      ________
 I              0.000
 S              0.000         0.000
 Q              0.000         0.000         0.000
 CUB            0.000         0.000         0.000         0.000


     STARTING VALUES FOR LATENT CLASS REGRESSION MODEL PART


           ALPHA(C)
              C#1           C#2           C#3
              ________      ________      ________
                0.000         0.000         0.000


TECHNICAL 11 OUTPUT

     Random Starts Specifications for the k-1 Class Analysis Model
        Number of initial stage random starts                4000
        Number of final stage optimizations                  1000



     VUONG-LO-MENDELL-RUBIN LIKELIHOOD RATIO TEST FOR 2 (H0) VERSUS 3 CLASSES

          H0 Loglikelihood Value                        -4848.328
          2 Times the Loglikelihood Difference            108.431
          Difference in the Number of Parameters                5
          Mean                                             15.576
          Standard Deviation                               38.800
          P-Value                                          0.0267

     LO-MENDELL-RUBIN ADJUSTED LRT TEST

          Value                                           104.851
          P-Value                                          0.0293


SAMPLE STATISTICS FOR ESTIMATED FACTOR SCORES


     SAMPLE STATISTICS


           Means
              I             S             Q             CUB           C_I
              ________      ________      ________      ________      ________
               10.037        -0.454         0.013         0.000        10.000


           Means
              C_S           C_Q           C_CUB
              ________      ________      ________
               -0.458         0.013         0.000


           Covariances
              I             S             Q             CUB           C_I
              ________      ________      ________      ________      ________
 I              2.200
 S              0.232         0.026
 Q             -0.007        -0.001         0.000
 CUB            0.000         0.000         0.000         0.000
 C_I            2.304         0.243        -0.008         0.000         2.563
 C_S            0.245         0.027        -0.001         0.000         0.273
 C_Q           -0.008        -0.001         0.000         0.000        -0.008
 C_CUB          0.000         0.000         0.000         0.000         0.000


           Covariances
              C_S           C_Q           C_CUB
              ________      ________      ________
 C_S            0.031
 C_Q           -0.001         0.000
 C_CUB          0.000         0.000         0.000


           Correlations
              I             S             Q             CUB           C_I
              ________      ________      ________      ________      ________
 I              1.000
 S              0.971         1.000
 Q             -1.000        -0.975         1.000
 CUB          999.000       999.000       999.000         1.000
 C_I            0.970         0.943        -0.970       999.000         1.000
 C_S            0.937         0.969        -0.941       999.000         0.967
 C_Q           -0.970        -0.947         0.970       999.000        -1.000
 C_CUB        999.000       999.000       999.000       999.000       999.000


           Correlations
              C_S           C_Q           C_CUB
              ________      ________      ________
 C_S            1.000
 C_Q           -0.971         1.000
 C_CUB        999.000       999.000         1.000


PLOT INFORMATION

The following plots are available:

  Histograms (sample values, estimated factor scores, estimated values, residuals)
  Scatterplots (sample values, estimated factor scores, estimated values, residuals)
  Sample means
  Estimated means, medians, modes, and percentiles
  Sample and estimated means
  Latent variable distribution plots
  Observed individual values
  Estimated individual values
  Estimated means and observed individual values
  Estimated means and estimated individual values
  Estimated overall and class-specific distributions

SAVEDATA INFORMATION


  Save file
    LCGA_C_P221_K3_S4000_res.dat

  Order and format of variables

    SX_0           F10.3
    SX_6           F10.3
    SX_12          F10.3
    SX_18          F10.3
    SX_24          F10.3
    I              F10.3
    S              F10.3
    Q              F10.3
    CUB            F10.3
    C_I            F10.3
    C_S            F10.3
    C_Q            F10.3
    C_CUB          F10.3
    CPROB1         F10.3
    CPROB2         F10.3
    CPROB3         F10.3
    C              F10.3
    ID             I4

  Save file format
    17F10.3 I4

  Save file record length    10000

  Save missing symbol        *


     Beginning Time:  20:27:39
        Ending Time:  20:28:51
       Elapsed Time:  00:01:12



MUTHEN & MUTHEN
3463 Stoner Ave.
Los Angeles, CA  90066

Tel: (310) 391-9971
Fax: (310) 391-8971
Web: www.StatModel.com
Support: Support@StatModel.com

Copyright (c) 1998-2021 Muthen & Muthen
