  -72829.6284843865           294669         501
  -60086.4726393185           497522         502
  -80754.0410180081           213532         503
  -87650.0844825657           891347         504
  -63590.3834578054           766903         505
  -62278.3126510497           933578         506
  -81694.9479271598           155622         507
  -71992.3048197004           425929         508
  -75054.3708959083           378393         509
  -81103.9979549050           194143         510
  -91431.7709002159           121425         511
  -75419.7352700296           379729         512
  -46932.9449958900           314034         513
  -72278.3441863438           147440         514
  -60777.4746942481           140849         515
  -49867.0217078989           689529         516
  -55502.4247607128            79212         517
  -62704.4850322704           327475         518
  -63264.8954571016           161421         519
  -78465.7757576830           489927         520
  -61895.2484954735           745972         521
  -72589.5741952542           486622         522
  -79709.3545564653           715255         523
  -97180.0451163324           638611         524
  -68569.7337467697           995249         525
  -59614.1394188590           126371         526
  -98617.8926802191           830292         527
  -65126.3466296865           252346         528
  -82455.4603052315            78862         529
  -96935.2467228552           704798         530
  -57016.2427819793           742609         531
  -67585.6551161562           371737         532
  -75937.2732260075           347222         533
  -55221.1980917098           858804         534
  -60056.7418629625           413564         535
  -47692.6583446490           291149         536
  -79164.8240086250           247912         537
  -61433.1705611582           723035         538
  -66490.3919612959           154575         539
  -82383.1215343636           355674         540
  -69664.4266752158           944186         541
  -69063.8777476256           231281         542
  -69883.5071788818           809240         543
  -64745.5897103350           539389         544
  -75830.7956910622           897782         545
  -70218.2709349513           160326         546
  -52559.1128770702           995875         547
  -83028.5686324491             4091         548
  -70436.0280710412           331681         549
  -77544.6747315952           760531         550
  -63058.1418020240           351622         551
  -65143.6380258426           434915         552
  -67471.0654903044           903633         553
  -63942.4528284231           370957         554
  -81957.4164425945           279850         555
  -85439.5450909552           248742         556
  -65086.3588451892           172913         557
  -82902.3502087232           574942         558
  -73616.3560250763           519357         559
  -83917.1404723629           358074         560
  -60330.8214536178           871438         561
  -71011.8401339978           312754         562
  -55209.5839321045           491970         563
  -79149.4764390773            67009         564
  -90917.6280989139           436892         565
  -53473.3665625220           804104         566
  -78744.7328328640           831410         567
  -86166.8838486703           212934         568
  -79262.5224500226           405371         569
  -53423.7722837406           117731         570
  -65811.0093802183           699810         571
  -48716.9116102488           117587         572
  -58397.6605401128           947714         573
  -72825.0669491682           473942         574
  -60115.5487013944           566739         575
  -93771.8889866620           506886         576
  -60868.1762344972           650354         577
  -68296.6316130675           333082         578
  -70087.3778264313           157351         579
  -66355.6138207133           910224         580
  -98706.3944054011           158612         581
  -69903.6904326884           505244         582
  -64262.6705347132            92564         583
  -62435.9406824317           163110         584
  -94865.3641970602           113138         585
  -62193.1991404749           486646         586
  -69019.7170574311           130011         587
  -66866.4776232074            22874         588
  -59513.1507807068           260953         589
  -48450.8552908683           691041         590
  -56594.8475413897           641794         591
  -103753.829515854            17896         592
  -55721.7772040843           855760         593
  -69991.9580637649           742688         594
  -63619.1765097889           793487         595
  -72648.1278190846           685268         596
  -57136.9275146719           566687         597
  -73152.2362201270            84013         598
  -63554.1999422916           276102         599
  -61929.2794471348           284384         600
  -70755.8186656133           118438         601
  -67984.6775522285           848356         602
  -77978.0310251797           383979         603
  -67923.7604934243           402699         604
  -67563.6693726198           213189         605
  -90521.7056256571           588923         606
  -76438.2323012579           824956         607
  -83922.7705871279           881886         608
  -78610.5019430812           941525         609
  -73701.7905621374            15270         610
  -69201.7750134231           920593         611
  -76626.0102178726           313306         612
  -64876.0527887259           507218         613
  -78318.2919920183           752476         614
  -54500.6185418289           805935         615
  -59166.5183403028           852283         616
  -74062.1469450002           351807         617
  -70203.1693174151           373815         618
  -60669.5815145195           738393         619
  -89309.1618876296           763285         620
  -71198.6913254784           822698         621
  -51511.0421219192           345974         622
  -58487.4830983960           435287         623
  -57454.8359561611           343926         624
  -59951.8457221458           442072         625
  -67234.2220066453           810705         626
  -82048.5628738972           781489         627
  -80304.1804187201           999211         628
  -72538.4655278026           192191         629
  -56897.3104897369           377584         630
  -78598.7460969063           712531         631
  -91412.3800988315           209031         632
  -71797.5573004529            29591         633
  -61445.7877011008           264901         634
  -78892.7475204453           778953         635
  -49736.2894676316           322790         636
  -92696.8736282223           294811         637
  -77644.6674381916           166851         638
  -96370.2104195457           775884         639
  -57301.1021596378            97300         640
  -62638.2820790806           865906         641
  -95100.6881900409            62835         642
  -66751.7573286879           638977         643
  -71208.9401012477           942358         644
  -80541.5970022384           291112         645
  -69096.8656626883           882750         646
  -77978.3009114190           668003         647
  -58705.8984669159           602032         648
  -84776.5764615925            92091         649
  -62745.5647443351           876943         650
  -97391.5565203116           953843         651
  -90775.8320679900           459221         652
  -87340.0346889450           341519         653
  -75411.1679314690           552272         654
  -57747.3556377956           939870         655
  -78665.2149436506           266008         656
  -56957.7103548584           563584         657
  -74164.0684200907           599729         658
  -75356.9198118142            22075         659
  -97893.5742673577           617658         660
  -76346.8847835008           237332         661
  -56628.0038345337           642386         662
  -66702.3557649346           659773         663
  -83729.7640352846           307843         664
  -68635.8692116871           961454         665
  -77678.6487976807           662983         666
  -68980.5351415054           545108         667
  -61750.9116563097           696830         668
  -84549.8433301162           373702         669
  -60404.4363186352            59963         670
  -63608.5060443295           666720         671
  -57220.7598651484           266038         672
  -62861.5845606268           383902         673
  -73579.8078403602           278661         674
  -82478.5541414234           404042         675
  -73672.5904189276           276696         676
  -67981.0725577750           838615         677
  -84396.0053394801           327140         678
  -81691.3404119355           574412         679
  -54972.0713206660           677062         680
  -85082.5094107195           677720         681
  -49992.0217206506           148918         682
  -67609.1861468000           266340         683
  -84130.8465282943           712702         684
  -71624.1786552400           341960         685
  -73499.0392630100           106561         686
  -62413.6535263378           179022         687
  -73830.4644903401           488581         688
  -77287.2692365443           534193         689
  -69716.8130552522           686384         690
  -92020.0235863983           580181         691
  -58376.5116454858            72866         692
  -79643.2451659344           917702         693
  -91387.1774501083           848590         694
  -107809.262051087           204959         695
  -58852.8786932637           536551         696
  -60755.4082091479             7195         697
  -73594.3853204335           626208         698
  -70141.1314077720           669639         699
  -87714.9970835150           856612         700
  -58979.9709466331           964570         701
  -69854.4377774396           531546         702
  -55861.8963316635            35191         703
  -79885.2914203331           926762         704
  -62567.5513339333           476393         705
  -84343.4546827514           579138         706
  -69549.5543913129            49293         707
  -78157.7106529016           114433         708
  -89436.7206190855           765586         709
  -57452.5682768187           117391         710
  -86599.5588904666           610181         711
  -57129.5727706629            77210         712
  -68035.7115461923           284716         713
  -88454.0037391715            46502         714
  -71477.2968356911           833196         715
  -66465.0329295973           853781         716
  -65875.4675806790           607072         717
  -61532.8223267162           702492         718
  -58385.1370613729           512403         719
  -68330.1568565198           178031         720
  -61052.3538411633           670281         721
  -84698.1305936184           461866         722
  -67244.4938254785           699834         723
  -77673.2308167974           502495         724
  -68265.3453849346           647617         725
  -59803.2492637798           177936         726
  -70118.0467438170            91231         727
  -55756.4750463817           878749         728
  -53347.0513981055            72662         729
  -73273.8041668393            42523         730
  -61146.1688423963           478341         731
  -67391.1930248847           548673         732
  -69772.8561525069           682718         733
  -66951.0366998452           556929         734
  -74684.5037400483             3307         735
  -71402.4986252766           244349         736
  -65557.3037514878           982520         737
  -62966.0456831247           231400         738
  -65107.3169771594           760850         739
  -87625.2223821820           317868         740
  -77981.9224689936           646573         741
  -74753.5993825882           370481         742
  -76362.9678254544           220492         743
  -64488.7134671243           761302         744
  -62407.5713079189           462821         745
  -60608.7694474488           792389         746
  -66688.6176207933           241197         747
  -66445.9771940856           318177         748
  -50017.3751423652           348637         749
  -77240.4978969877           847088         750
  -83544.5507877745           800454         751
  -57619.5822417025           308582         752
  -78136.6436239872           178181         753
  -49137.3298241732           659832         754
  -55822.4294379847           569338         755
  -69018.0085613397           549244         756
  -74021.8006813993           127362         757
  -68062.3245552172           496703         758
  -79608.9789203593           326091         759
  -62875.2122320301           860029         760
  -56744.3214876905            88437         761
  -65013.6314100564           403801         762
  -57842.7043575460           520865         763
  -53034.6565381429           940533         764
  -67219.0424308862           109357         765
  -58793.1889301588           551340         766
  -49535.6636037577           547702         767
  -69516.2558406988           721392         768
  -76098.8759432896           638577         769
  -57959.7654705932           859432         770
  -93138.2340956207           109946         771
  -72045.0450497161           167409         772
  -83869.0823375605           298553         773
  -69328.0730272953           900631         774
  -68508.9968782847           312587         775
  -58827.7098867975           820977         776
  -60823.9801354971           570681         777
  -74273.9596958324           775881         778
  -56173.1832739886           595619         779
  -88095.6790600280           134830         780
  -75143.1496131309            14262         781
  -71817.3039421440           921023         782
  -52878.1449546326           138695         783
  -76792.9683795523           251641         784
  -90987.4364378594           590834         785
  -66738.6327643692           580539         786
  -75814.6599615797           995913         787
  -69357.4090751282           657994         788
  -93502.9640007482           474357         789
  -79429.7029045964           958107         790
  -78048.3921581188           501995         791
  -75727.7154468558           710445         792
  -79729.9174581173            58507         793
  -63379.3712387195           251680         794
  -67093.7449080262           907810         795
  -54140.6845346454           355254         796
  -56033.8930523422           440368         797
  -73289.6005654749           303834         798
  -70961.1774439777           502157         799
  -72690.4808675045           604861         800
  -63728.5305483027           246794         801
  -79682.8530550450           391368         802
  -61975.1219792038           432513         803
  -52388.1966938967             7886         804
  -55403.6580581597           845580         805
  -100553.340030369           203508         806
  -75690.8201094552           739214         807
  -78989.2531385540           496344         808
  -89764.2267152525           544077         809
  -87932.0191051106           200041         810
  -57392.3977969180           599136         811
  -57113.6165013177           238317         812
  -71519.9798361710           328661         813
  -76040.6412569012           671390         814
  -77623.7198193680           494149         815
  -71514.0832544054           941975         816
  -57627.0890750076           168888         817
  -50986.4728083996           548245         818
  -84342.3230458521           467561         819
  -61268.5291646254           300697         820
  -70776.9813790297           119513         821
  -68262.1312500426           752148         822
  -57773.6239554399           301717         823
  -62133.6492138864           214681         824
  -71979.9151785667            81233         825
  -73609.6073997583           323588         826
  -63810.4071646616           990504         827
  -86181.3979777953           588699         828
  -64962.0224525895            49910         829
  -67434.5074969739            82200         830
  -62973.2142300780           710154         831
  -70408.2344675789           760599         832
  -72426.6451969303           461687         833
  -76500.9178510129            50983         834
  -104738.213410515           782179         835
  -76944.0413478365           648035         836
  -63500.2973949916           789528         837
  -83725.9261771045           914505         838
  -70299.4631899752           427006         839
  -91179.5770072258           954354         840
  -69153.6750249676           339073         841
  -66128.0722984991           544009         842
  -91594.4499182754           131063         843
  -75010.3980250424           473343         844
  -71248.8698165079           810594         845
  -77875.7105315869           271809         846
  -62410.9333529174           225995         847
  -88272.7303574964           451258         848
  -84840.3237087467           773195         849
  -67753.2516607798           807534         850
  -81637.3470160227           177175         851
  -67049.3128155845           942848         852
  -73045.7494569933           977800         853
  -56779.2001615406           628143         854
  -57790.0854202279           700270         855
  -70631.3741127964           296162         856
  -101494.868477627            39756         857
  -81229.4274816871           690596         858
  -65610.5288363005           792993         859
  -59450.0991187526           444228         860
  -90838.9006256664           727176         861
  -54515.6806921759           465160         862
  -61138.2983329046           302046         863
  -78955.8992035341           287107         864
  -68297.7756327787           546943         865
  -82997.4598127763           576783         866
  -66244.7175063133           700846         867
  -71015.3805115481           804616         868
  -98277.8551434590           869564         869
  -89514.3955350535           496762         870
  -60352.2193397274            87586         871
  -64572.5134678578           462662         872
  -76215.9477704803             3607         873
  -92977.2512442832           802644         874
  -65254.0676754540           423661         875
  -83907.4178660997           485635         876
  -61446.0998461393           779820         877
  -60708.0520013194           425149         878
  -68019.1280740404           805768         879
  -65272.6441222265           622290         880
  -50719.6761904878           499347         881
  -65779.9666999548           384199         882
  -66093.1452141661           436806         883
  -66090.0055358504            94610         884
  -73479.5453784835           301428         885
  -63076.2096257180           421731         886
  -81116.2154300355           400319         887
  -65751.3954861345           643311         888
  -62434.9443542441           857122         889
  -71109.6332223203            96941         890
  -79365.1223443917           737601         891
  -64115.5554674592           802928         892
  -85271.9987404101            86698         893
  -75213.1742693854           980970         894
  -62281.8667081754           506113         895
  -77202.9519865522           130541         896
  -73887.6286703829            72344         897
  -70721.5964735613           931558         898
  -58494.8565148828           125727         899
  -51285.3913255650           424223         900
  -66522.0736784819           137888         901
  -68997.6829554705           695453         902
  -71353.9085274095           298201         903
  -90264.5601011464           494209         904
  -83248.8800848783           379823         905
  -72589.5540267376           663090         906
  -62271.9134895390            81951         907
  -81849.4041170670           327927         908
  -51142.7644720612           105656         909
  -67862.8602312722           645052         910
  -74335.0973555704           954914         911
  -50763.8667144848           241299         912
  -60385.6188707295           979450         913
  -55872.6091316768           816435         914
  -91572.0293141790           484116         915
  -83109.1677483881           735928         916
  -54482.6924344799           440395         917
  -71249.4243094829           396614         918
  -94335.6792612186           966603         919
  -72560.9680092796           180889         920
  -64036.3824783922           581196         921
  -70920.1167212040           850112         922
  -51704.9368160056           535303         923
  -74394.4694073730           265218         924
  -81166.2337743173           724087         925
  -60997.9758512586           629720         926
  -55734.9130171164            74518         927
  -70613.0132069546           420910         928
  -67036.6545705331           264521         929
  -61122.3137532630           243346         930
  -60391.2256113891           208797         931
  -70093.9945936541           299700         932
  -79258.8498919356            65952         933
  -79771.2744370362            11984         934
  -77479.1499083088            63231         935
  -41908.1408987843           995648         936
  -72666.3514156478           679448         937
  -82960.2051184359           448829         938
  -72684.1471790712           726744         939
  -69800.3297543516           288738         940
  -89683.4974219365           963967         941
  -88900.9380341314           679615         942
  -64952.8468489964           431271         943
  -59786.2848193072            11397         944
  -64502.6946248155           521770         945
  -82747.5086550620           508445         946
  -60043.9822165034           228459         947
  -73535.3250220396           527050         948
  -61602.1818133869           538872         949
  -84776.5183268122           589483         950
  -64775.4935789615           758647         951
  -64465.4952822975           843555         952
  -60492.0264847802           705224         953
  -76585.2051982794           889774         954
  -48837.7989047713            96617         955
  -59871.3774255028           299977         956
  -68634.2467765406           884242         957
  -67397.5643779304           406935         958
  -67995.6224177837           816765         959
  -53789.1777688550           155749         960
  -75854.0852986944           568534         961
  -63701.9654358835            47719         962
  -88576.4364309751           966499         963
  -62827.4676406790           495366         964
  -73506.6947478806           208620         965
  -68770.5093627729            39810         966
  -61850.0937455369           817298         967
  -76788.3257843654           357866         968
  -47891.6848703753           476295         969
  -83301.1929132666           968846         970
  -59397.7450910406            40327         971
  -54980.6392287991           777492         972
  -65873.8443587523           224151         973
  -59303.4799453627           791678         974
  -67240.7606935310           453915         975
  -58765.4316062029           207917         976
  -70154.1241550360           730868         977
  -65621.6386900445           306768         978
  -53935.9150796972           634782         979
  -69307.9194171450            77571         980
  -71984.3241346433           928624         981
  -74539.8583539302           937068         982
  -57133.3576498759            94573         983
  -45985.6768449072           900921         984
  -69120.6667536204           987560         985
  -81603.5229745734           573367         986
  -80151.3351015139           475419         987
  -77389.2617811840           435506         988
  -74709.2372869132           572637         989
  -70151.1436605830           495490         990
  -79106.6638190805           210139         991
  -68773.6426592881           622173         992
  -60750.3715590088            86651         993
  -80119.7445079518           118958         994
  -74045.8164313412           490123         995
  -76865.3430975351           254551         996
  -77022.5121743521           595759         997
  -55314.7307212435            98068         998
  -52775.0899237894           455410         999
  -84843.6296268508           876056        1000
  -15093.0183904638           548245         818
  -15178.5970987428           752148         822
  -15330.7979252824           622173         992
  -15330.7979252847           689529         516
  -15372.6546768810           792993         859
  -15372.6546768819           691041         590
  -15372.6546768822           779820         877
  -15372.6546768836           715255         523
  -15372.6546768847            94610         884
  -15372.6546768851           225995         847
  -15372.6546768854           659773         663
  -15372.6546768864           371737         532
  -15372.6546768877           650354         577
  -15372.6546769006           536551         696
  -15438.3818190177           158612         581
  -15452.6748061088           721392         768
  -15454.7743729615           497522         502
  -15456.4419535391           339073         841
  -15457.3425518957           519357         559
  -15462.7240784713           243346         930
  -15475.7144222211           157351         579
 -3.402823466385289E+038      876056        1000
 -3.402823466385289E+038      455410         999
 -3.402823466385289E+038       98068         998
 -3.402823466385289E+038      595759         997
 -3.402823466385289E+038      254551         996
 -3.402823466385289E+038      490123         995
 -3.402823466385289E+038      118958         994
 -3.402823466385289E+038       86651         993
 -3.402823466385289E+038      210139         991
 -3.402823466385289E+038      495490         990
 -3.402823466385289E+038      572637         989
 -3.402823466385289E+038      435506         988
 -3.402823466385289E+038      475419         987
 -3.402823466385289E+038      573367         986
 -3.402823466385289E+038      987560         985
 -3.402823466385289E+038      900921         984
 -3.402823466385289E+038       94573         983
 -3.402823466385289E+038      937068         982
 -3.402823466385289E+038      928624         981
 -3.402823466385289E+038       77571         980
 -3.402823466385289E+038      634782         979
 -3.402823466385289E+038      306768         978
 -3.402823466385289E+038      730868         977
 -3.402823466385289E+038      207917         976
 -3.402823466385289E+038      453915         975
 -3.402823466385289E+038      791678         974
 -3.402823466385289E+038      224151         973
 -3.402823466385289E+038      777492         972
 -3.402823466385289E+038       40327         971
 -3.402823466385289E+038      968846         970
 -3.402823466385289E+038      476295         969
 -3.402823466385289E+038      357866         968
 -3.402823466385289E+038      817298         967
 -3.402823466385289E+038       39810         966
 -3.402823466385289E+038      208620         965
 -3.402823466385289E+038      495366         964
 -3.402823466385289E+038      966499         963
 -3.402823466385289E+038       47719         962
 -3.402823466385289E+038      568534         961
 -3.402823466385289E+038      155749         960
 -3.402823466385289E+038      816765         959
 -3.402823466385289E+038      406935         958
 -3.402823466385289E+038      884242         957
 -3.402823466385289E+038      299977         956
 -3.402823466385289E+038       96617         955
 -3.402823466385289E+038      889774         954
 -3.402823466385289E+038      705224         953
 -3.402823466385289E+038      843555         952
 -3.402823466385289E+038      758647         951
 -3.402823466385289E+038      589483         950
 -3.402823466385289E+038      538872         949
 -3.402823466385289E+038      527050         948
 -3.402823466385289E+038      228459         947
 -3.402823466385289E+038      508445         946
 -3.402823466385289E+038      521770         945
 -3.402823466385289E+038       11397         944
 -3.402823466385289E+038      431271         943
 -3.402823466385289E+038      679615         942
 -3.402823466385289E+038      963967         941
 -3.402823466385289E+038      288738         940
 -3.402823466385289E+038      726744         939
 -3.402823466385289E+038      448829         938
 -3.402823466385289E+038      679448         937
 -3.402823466385289E+038      995648         936
 -3.402823466385289E+038       63231         935
 -3.402823466385289E+038       11984         934
 -3.402823466385289E+038       65952         933
 -3.402823466385289E+038      299700         932
 -3.402823466385289E+038      208797         931
 -3.402823466385289E+038      264521         929
 -3.402823466385289E+038      420910         928
 -3.402823466385289E+038       74518         927
 -3.402823466385289E+038      629720         926
 -3.402823466385289E+038      724087         925
 -3.402823466385289E+038      265218         924
 -3.402823466385289E+038      535303         923
 -3.402823466385289E+038      850112         922
 -3.402823466385289E+038      581196         921
 -3.402823466385289E+038      180889         920
 -3.402823466385289E+038      966603         919
 -3.402823466385289E+038      396614         918
 -3.402823466385289E+038      440395         917
 -3.402823466385289E+038      735928         916
 -3.402823466385289E+038      484116         915
 -3.402823466385289E+038      816435         914
 -3.402823466385289E+038      979450         913
 -3.402823466385289E+038      241299         912
 -3.402823466385289E+038      954914         911
 -3.402823466385289E+038      645052         910
 -3.402823466385289E+038      105656         909
 -3.402823466385289E+038      327927         908
 -3.402823466385289E+038       81951         907
 -3.402823466385289E+038      663090         906
 -3.402823466385289E+038      379823         905
 -3.402823466385289E+038      494209         904
 -3.402823466385289E+038      298201         903
 -3.402823466385289E+038      695453         902
 -3.402823466385289E+038      137888         901
 -3.402823466385289E+038      424223         900
 -3.402823466385289E+038      125727         899
 -3.402823466385289E+038      931558         898
 -3.402823466385289E+038       72344         897
 -3.402823466385289E+038      130541         896
 -3.402823466385289E+038      506113         895
 -3.402823466385289E+038      980970         894
 -3.402823466385289E+038       86698         893
 -3.402823466385289E+038      802928         892
 -3.402823466385289E+038      737601         891
 -3.402823466385289E+038       96941         890
 -3.402823466385289E+038      857122         889
 -3.402823466385289E+038      643311         888
 -3.402823466385289E+038      400319         887
 -3.402823466385289E+038      421731         886
 -3.402823466385289E+038      301428         885
 -3.402823466385289E+038      436806         883
 -3.402823466385289E+038      384199         882
 -3.402823466385289E+038      499347         881
 -3.402823466385289E+038      622290         880
 -3.402823466385289E+038      805768         879
 -3.402823466385289E+038      425149         878
 -3.402823466385289E+038      485635         876
 -3.402823466385289E+038      423661         875
 -3.402823466385289E+038      802644         874
 -3.402823466385289E+038        3607         873
 -3.402823466385289E+038      462662         872
 -3.402823466385289E+038       87586         871
 -3.402823466385289E+038      496762         870
 -3.402823466385289E+038      869564         869
 -3.402823466385289E+038      804616         868
 -3.402823466385289E+038      700846         867
 -3.402823466385289E+038      576783         866
 -3.402823466385289E+038      546943         865
 -3.402823466385289E+038      287107         864
 -3.402823466385289E+038      302046         863
 -3.402823466385289E+038      465160         862
 -3.402823466385289E+038      727176         861
 -3.402823466385289E+038      444228         860
 -3.402823466385289E+038      690596         858
 -3.402823466385289E+038       39756         857
 -3.402823466385289E+038      296162         856
 -3.402823466385289E+038      700270         855
 -3.402823466385289E+038      628143         854
 -3.402823466385289E+038      977800         853
 -3.402823466385289E+038      942848         852
 -3.402823466385289E+038      177175         851
 -3.402823466385289E+038      807534         850
 -3.402823466385289E+038      773195         849
 -3.402823466385289E+038      451258         848
 -3.402823466385289E+038      271809         846
 -3.402823466385289E+038      810594         845
 -3.402823466385289E+038      473343         844
 -3.402823466385289E+038      131063         843
 -3.402823466385289E+038      544009         842
 -3.402823466385289E+038      954354         840
 -3.402823466385289E+038      427006         839
 -3.402823466385289E+038      914505         838
 -3.402823466385289E+038      789528         837
 -3.402823466385289E+038      648035         836
 -3.402823466385289E+038      782179         835
 -3.402823466385289E+038       50983         834
 -3.402823466385289E+038      461687         833
 -3.402823466385289E+038      760599         832
 -3.402823466385289E+038      710154         831
 -3.402823466385289E+038       82200         830
 -3.402823466385289E+038       49910         829
 -3.402823466385289E+038      588699         828
 -3.402823466385289E+038      990504         827
 -3.402823466385289E+038      323588         826
 -3.402823466385289E+038       81233         825
 -3.402823466385289E+038      214681         824
 -3.402823466385289E+038      301717         823
 -3.402823466385289E+038      119513         821
 -3.402823466385289E+038      300697         820
 -3.402823466385289E+038      467561         819
 -3.402823466385289E+038      168888         817
 -3.402823466385289E+038      941975         816
 -3.402823466385289E+038      494149         815
 -3.402823466385289E+038      671390         814
 -3.402823466385289E+038      328661         813
 -3.402823466385289E+038      238317         812
 -3.402823466385289E+038      599136         811
 -3.402823466385289E+038      200041         810
 -3.402823466385289E+038      544077         809
 -3.402823466385289E+038      496344         808
 -3.402823466385289E+038      739214         807
 -3.402823466385289E+038      203508         806
 -3.402823466385289E+038      845580         805
 -3.402823466385289E+038        7886         804
 -3.402823466385289E+038      432513         803
 -3.402823466385289E+038      391368         802
 -3.402823466385289E+038      246794         801
 -3.402823466385289E+038      604861         800
 -3.402823466385289E+038      502157         799
 -3.402823466385289E+038      303834         798
 -3.402823466385289E+038      440368         797
 -3.402823466385289E+038      355254         796
 -3.402823466385289E+038      907810         795
 -3.402823466385289E+038      251680         794
 -3.402823466385289E+038       58507         793
 -3.402823466385289E+038      710445         792
 -3.402823466385289E+038      501995         791
 -3.402823466385289E+038      958107         790
 -3.402823466385289E+038      474357         789
 -3.402823466385289E+038      657994         788
 -3.402823466385289E+038      995913         787
 -3.402823466385289E+038      580539         786
 -3.402823466385289E+038      590834         785
 -3.402823466385289E+038      251641         784
 -3.402823466385289E+038      138695         783
 -3.402823466385289E+038      921023         782
 -3.402823466385289E+038       14262         781
 -3.402823466385289E+038      134830         780
 -3.402823466385289E+038      595619         779
 -3.402823466385289E+038      775881         778
 -3.402823466385289E+038      570681         777
 -3.402823466385289E+038      820977         776
 -3.402823466385289E+038      312587         775
 -3.402823466385289E+038      900631         774
 -3.402823466385289E+038      298553         773
 -3.402823466385289E+038      167409         772
 -3.402823466385289E+038      109946         771
 -3.402823466385289E+038      859432         770
 -3.402823466385289E+038      638577         769
 -3.402823466385289E+038      547702         767
 -3.402823466385289E+038      551340         766
 -3.402823466385289E+038      109357         765
 -3.402823466385289E+038      940533         764
 -3.402823466385289E+038      520865         763
 -3.402823466385289E+038      403801         762
 -3.402823466385289E+038       88437         761
 -3.402823466385289E+038      860029         760
 -3.402823466385289E+038      326091         759
 -3.402823466385289E+038      496703         758
 -3.402823466385289E+038      127362         757
 -3.402823466385289E+038      549244         756
 -3.402823466385289E+038      569338         755
 -3.402823466385289E+038      659832         754
 -3.402823466385289E+038      178181         753
 -3.402823466385289E+038      308582         752
 -3.402823466385289E+038      800454         751
 -3.402823466385289E+038      847088         750
 -3.402823466385289E+038      348637         749
 -3.402823466385289E+038      318177         748
 -3.402823466385289E+038      241197         747
 -3.402823466385289E+038      792389         746
 -3.402823466385289E+038      462821         745
 -3.402823466385289E+038      761302         744
 -3.402823466385289E+038      220492         743
 -3.402823466385289E+038      370481         742
 -3.402823466385289E+038      646573         741
 -3.402823466385289E+038      317868         740
 -3.402823466385289E+038      760850         739
 -3.402823466385289E+038      231400         738
 -3.402823466385289E+038      982520         737
 -3.402823466385289E+038      244349         736
 -3.402823466385289E+038        3307         735
 -3.402823466385289E+038      556929         734
 -3.402823466385289E+038      682718         733
 -3.402823466385289E+038      548673         732
 -3.402823466385289E+038      478341         731
 -3.402823466385289E+038       42523         730
 -3.402823466385289E+038       72662         729
 -3.402823466385289E+038      878749         728
 -3.402823466385289E+038       91231         727
 -3.402823466385289E+038      177936         726
 -3.402823466385289E+038      647617         725
 -3.402823466385289E+038      502495         724
 -3.402823466385289E+038      699834         723
 -3.402823466385289E+038      461866         722
 -3.402823466385289E+038      670281         721
 -3.402823466385289E+038      178031         720
 -3.402823466385289E+038      512403         719
 -3.402823466385289E+038      702492         718
 -3.402823466385289E+038      607072         717
 -3.402823466385289E+038      853781         716
 -3.402823466385289E+038      833196         715
 -3.402823466385289E+038       46502         714
 -3.402823466385289E+038      284716         713
 -3.402823466385289E+038       77210         712
 -3.402823466385289E+038      610181         711
 -3.402823466385289E+038      117391         710
 -3.402823466385289E+038      765586         709
 -3.402823466385289E+038      114433         708
 -3.402823466385289E+038       49293         707
 -3.402823466385289E+038      579138         706
 -3.402823466385289E+038      476393         705
 -3.402823466385289E+038      926762         704
 -3.402823466385289E+038       35191         703
 -3.402823466385289E+038      531546         702
 -3.402823466385289E+038      964570         701
 -3.402823466385289E+038      856612         700
 -3.402823466385289E+038      669639         699
 -3.402823466385289E+038      626208         698
 -3.402823466385289E+038        7195         697
 -3.402823466385289E+038      204959         695
 -3.402823466385289E+038      848590         694
 -3.402823466385289E+038      917702         693
 -3.402823466385289E+038       72866         692
 -3.402823466385289E+038      580181         691
 -3.402823466385289E+038      686384         690
 -3.402823466385289E+038      534193         689
 -3.402823466385289E+038      488581         688
 -3.402823466385289E+038      179022         687
 -3.402823466385289E+038      106561         686
 -3.402823466385289E+038      341960         685
 -3.402823466385289E+038      712702         684
 -3.402823466385289E+038      266340         683
 -3.402823466385289E+038      148918         682
 -3.402823466385289E+038      677720         681
 -3.402823466385289E+038      677062         680
 -3.402823466385289E+038      574412         679
 -3.402823466385289E+038      327140         678
 -3.402823466385289E+038      838615         677
 -3.402823466385289E+038      276696         676
 -3.402823466385289E+038      404042         675
 -3.402823466385289E+038      278661         674
 -3.402823466385289E+038      383902         673
 -3.402823466385289E+038      266038         672
 -3.402823466385289E+038      666720         671
 -3.402823466385289E+038       59963         670
 -3.402823466385289E+038      373702         669
 -3.402823466385289E+038      696830         668
 -3.402823466385289E+038      545108         667
 -3.402823466385289E+038      662983         666
 -3.402823466385289E+038      961454         665
 -3.402823466385289E+038      307843         664
 -3.402823466385289E+038      642386         662
 -3.402823466385289E+038      237332         661
 -3.402823466385289E+038      617658         660
 -3.402823466385289E+038       22075         659
 -3.402823466385289E+038      599729         658
 -3.402823466385289E+038      563584         657
 -3.402823466385289E+038      266008         656
 -3.402823466385289E+038      939870         655
 -3.402823466385289E+038      552272         654
 -3.402823466385289E+038      341519         653
 -3.402823466385289E+038      459221         652
 -3.402823466385289E+038      953843         651
 -3.402823466385289E+038      876943         650
 -3.402823466385289E+038       92091         649
 -3.402823466385289E+038      602032         648
 -3.402823466385289E+038      668003         647
 -3.402823466385289E+038      882750         646
 -3.402823466385289E+038      291112         645
 -3.402823466385289E+038      942358         644
 -3.402823466385289E+038      638977         643
 -3.402823466385289E+038       62835         642
 -3.402823466385289E+038      865906         641
 -3.402823466385289E+038       97300         640
 -3.402823466385289E+038      775884         639
 -3.402823466385289E+038      166851         638
 -3.402823466385289E+038      294811         637
 -3.402823466385289E+038      322790         636
 -3.402823466385289E+038      778953         635
 -3.402823466385289E+038      264901         634
 -3.402823466385289E+038       29591         633
 -3.402823466385289E+038      209031         632
 -3.402823466385289E+038      712531         631
 -3.402823466385289E+038      377584         630
 -3.402823466385289E+038      192191         629
 -3.402823466385289E+038      999211         628
 -3.402823466385289E+038      781489         627
 -3.402823466385289E+038      810705         626
 -3.402823466385289E+038      442072         625
 -3.402823466385289E+038      343926         624
 -3.402823466385289E+038      435287         623
 -3.402823466385289E+038      345974         622
 -3.402823466385289E+038      822698         621
 -3.402823466385289E+038      763285         620
 -3.402823466385289E+038      738393         619
 -3.402823466385289E+038      373815         618
 -3.402823466385289E+038      351807         617
 -3.402823466385289E+038      852283         616
 -3.402823466385289E+038      805935         615
 -3.402823466385289E+038      752476         614
 -3.402823466385289E+038      507218         613
 -3.402823466385289E+038      313306         612
 -3.402823466385289E+038      920593         611
 -3.402823466385289E+038       15270         610
 -3.402823466385289E+038      941525         609
 -3.402823466385289E+038      881886         608
 -3.402823466385289E+038      824956         607
 -3.402823466385289E+038      588923         606
 -3.402823466385289E+038      213189         605
 -3.402823466385289E+038      402699         604
 -3.402823466385289E+038      383979         603
 -3.402823466385289E+038      848356         602
 -3.402823466385289E+038      118438         601
 -3.402823466385289E+038      284384         600
 -3.402823466385289E+038      276102         599
 -3.402823466385289E+038       84013         598
 -3.402823466385289E+038      566687         597
 -3.402823466385289E+038      685268         596
 -3.402823466385289E+038      793487         595
 -3.402823466385289E+038      742688         594
 -3.402823466385289E+038      855760         593
 -3.402823466385289E+038       17896         592
 -3.402823466385289E+038      641794         591
 -3.402823466385289E+038      260953         589
 -3.402823466385289E+038       22874         588
 -3.402823466385289E+038      130011         587
 -3.402823466385289E+038      486646         586
 -3.402823466385289E+038      113138         585
 -3.402823466385289E+038      163110         584
 -3.402823466385289E+038       92564         583
 -3.402823466385289E+038      505244         582
 -3.402823466385289E+038      910224         580
 -3.402823466385289E+038      333082         578
 -3.402823466385289E+038      506886         576
 -3.402823466385289E+038      566739         575
 -3.402823466385289E+038      473942         574
 -3.402823466385289E+038      947714         573
 -3.402823466385289E+038      117587         572
 -3.402823466385289E+038      699810         571
 -3.402823466385289E+038      117731         570
 -3.402823466385289E+038      405371         569
 -3.402823466385289E+038      212934         568
 -3.402823466385289E+038      831410         567
 -3.402823466385289E+038      804104         566
 -3.402823466385289E+038      436892         565
 -3.402823466385289E+038       67009         564
 -3.402823466385289E+038      491970         563
 -3.402823466385289E+038      312754         562
 -3.402823466385289E+038      871438         561
 -3.402823466385289E+038      358074         560
 -3.402823466385289E+038      574942         558
 -3.402823466385289E+038      172913         557
 -3.402823466385289E+038      248742         556
 -3.402823466385289E+038      279850         555
 -3.402823466385289E+038      370957         554
 -3.402823466385289E+038      903633         553
 -3.402823466385289E+038      434915         552
 -3.402823466385289E+038      351622         551
 -3.402823466385289E+038      760531         550
 -3.402823466385289E+038      331681         549
 -3.402823466385289E+038        4091         548
 -3.402823466385289E+038      995875         547
 -3.402823466385289E+038      160326         546
 -3.402823466385289E+038      897782         545
 -3.402823466385289E+038      539389         544
 -3.402823466385289E+038      809240         543
 -3.402823466385289E+038      231281         542
 -3.402823466385289E+038      944186         541
 -3.402823466385289E+038      355674         540
 -3.402823466385289E+038      154575         539
 -3.402823466385289E+038      723035         538
 -3.402823466385289E+038      247912         537
 -3.402823466385289E+038      291149         536
 -3.402823466385289E+038      413564         535
 -3.402823466385289E+038      858804         534
 -3.402823466385289E+038      347222         533
 -3.402823466385289E+038      742609         531
 -3.402823466385289E+038      704798         530
 -3.402823466385289E+038       78862         529
 -3.402823466385289E+038      252346         528
 -3.402823466385289E+038      830292         527
 -3.402823466385289E+038      126371         526
 -3.402823466385289E+038      995249         525
 -3.402823466385289E+038      638611         524
 -3.402823466385289E+038      486622         522
 -3.402823466385289E+038      745972         521
 -3.402823466385289E+038      489927         520
 -3.402823466385289E+038      161421         519
 -3.402823466385289E+038      327475         518
 -3.402823466385289E+038       79212         517
 -3.402823466385289E+038      140849         515
 -3.402823466385289E+038      147440         514
 -3.402823466385289E+038      314034         513
 -3.402823466385289E+038      379729         512
 -3.402823466385289E+038      121425         511
 -3.402823466385289E+038      194143         510
 -3.402823466385289E+038      378393         509
 -3.402823466385289E+038      425929         508
 -3.402823466385289E+038      155622         507
 -3.402823466385289E+038      933578         506
 -3.402823466385289E+038      766903         505
 -3.402823466385289E+038      891347         504
 -3.402823466385289E+038      213532         503
 -3.402823466385289E+038      294669         501
   11.0183715054146     
   4.70844616126001     
   3.37934116024840     
   2.32661636525190     
   1.87134402749745     
   1.78213122222181     
   1.89565150901844     
   1.90720904400194     
   2.13576180738789     
   3.36614914884618     
   1.41148002450694     
   1.12397936708926     
   1.07206242496939     
  0.191337051059631     
  0.297514633598062     
  0.242451232056669     
  0.340467416681133     
  4.250696575914607E-002
  7.695050561722383E-002
  0.170282213709524     
 -1.644031056467394E-002
  0.114257597060942     
  0.996711998811898     
  0.459979397401393     
  2.265378144020246E-002
  0.631390304639746     
  5.739745594197858E-002
   10.4984460919294     
   3.73390150396959     
   14.5999167661284     
   2.46407258726755     
   9.94305600851837     
   12.6353822211624     
   2.14174214040082     
   6.69069022407107     
   8.90242081510429     
   11.9696424457398     
   1.81768223809890     
   5.39036287414034     
   6.68916526666752     
   6.24113909971498     
   12.0160095187045     
   1.15639345932508     
   3.27337240658020     
   4.75433067507267     
   4.97441679923519     
   6.06381781970466     
   10.7355526034456     
   1.87792342292813     
   3.19572891682951     
   3.25383672059070     
   3.94461957472079     
   4.51743169368070     
   4.33638707666010     
   11.9359188236650     
  0.794735667122001     
   2.82844393814322     
   3.74509258873494     
   3.98793658187832     
   4.21675389011476     
   3.65438959257252     
   5.27329801267646     
   11.3345384730983     
  0.826720274072542     
   2.30294559458601     
   3.08087343448590     
   2.99129095632515     
   2.59778187059063     
   3.39165337197807     
   3.81828044186869     
   4.50254681752522     
   13.4869791583056     
   16.2119169687715     
   4.05670053038826     
   5.55279331777030     
   4.31710201378877     
   3.98863071470039     
   6.09741680642055     
   3.14739093962320     
   3.91783662435749     
   4.98597606903083     
   7.01056503260305     
  0.384263190291819     
  0.473899541468644     
  0.633495900784663     
  0.808658878674943     
  0.279418964711920     
  0.694317292035115     
   1.06918381026274     
  0.674643514293510     
  0.587040569670623     
  0.120920649979275     
  0.630733957054832     
  0.973606294000895     
  0.524002657682382     
  0.588562028361940     
  0.488454452981574     
  4.971744018760742E-002
  0.117675282596439     
  0.410346057077278     
   1.32359228804959     
  0.972654326104760     
  0.844515419624131     
  0.582732317381722     
  5.920513982945592E-002
  0.229620169114666     
  0.317001724960342     
  0.919696135680483     
  2.444696875784953E-002
  4.069296323297468E-003
 -4.958185909217336E-002
 -4.853846370094092E-002
 -1.274319155016046E-002
 -9.420524811901036E-003
 -1.201809020794613E-002
 -2.321217782261118E-002
  4.058653629871298E-002
   11.7875462942443     
   5.36784569499725     
   3.86738279572602     
   3.45520980889540     
   3.96044172683985     
   3.83870686600431     
   3.92037899659376     
   3.54370326453527     
   3.42092363875560     
   6.02071637248346     
   4.11332236042562     
   3.59660190997735     
   3.29270388253488     
   3.37900167812448     
   3.24556773785367     
   2.56299296131545     
   2.42478984200655     
   1.94383645625079     
 -2.920122406970719E-002
  0.133682186049827     
  0.197001978963026     
  0.213274117283453     
  0.158943883093321     
  0.139722032864670     
  0.279013493504981     
  0.235822425585264     
  0.349715648874240     
   22.7518325841130     
   13.4383520797202     
   10.7491305269826     
   11.8101632722223     
   13.9274771727286     
   13.9234260076282     
   11.7388843463390     
   10.3279968169214     
   7.69182778982972     
 -0.441267979860474     
          57
           0
