  -63868.4030888622           140806        1001
  -60978.8259137420           923803        1002
  -61434.7713510624           788293        1003
  -50811.0868019193           542577        1004
  -70053.7393058609           707200        1005
  -69168.7564939643           603765        1006
  -62883.8858662487           399071        1007
  -37511.4253402274           600082        1008
  -86363.6665795371           107025        1009
  -67026.6521422697           348892        1010
  -78321.5538436387           937727        1011
  -75354.0110871907           779882        1012
  -75185.6305104880           932529        1013
  -60691.6983390827           495190        1014
  -83006.3161154463           770182        1015
  -65089.4197099679           303429        1016
  -86892.3242911751           981681        1017
  -62974.4321909166           697866        1018
  -47660.5912886898           957086        1019
  -52622.7349021119           301301        1020
  -59933.7389532653           579882        1021
  -74162.1996810292           422421        1022
  -59568.4099798489           566943        1023
  -79492.8181115482           944394        1024
  -77773.2695030829           981480        1025
  -66414.4748827791           604441        1026
  -93622.8272659065           874698        1027
  -61666.6209780538           217403        1028
  -62295.4718005462           621197        1029
  -62747.8829596374           137863        1030
  -61611.7556953844           910097        1031
  -55246.2060228120           460521        1032
  -61265.6599338765           401572        1033
  -72386.5779502863            83866        1034
  -78800.4230236747           387016        1035
  -68968.2015762870           314662        1036
  -83308.3099703535           550871        1037
  -69996.1771688315           835162        1038
  -67751.1771427634           207299        1039
  -64771.3707252153           175820        1040
  -75490.0536907623           608363        1041
  -65784.7387741708           905166        1042
  -80576.5042408946           325724        1043
  -56523.0307745828           344109        1044
  -73535.9369438559           264903        1045
  -74634.9832097442           221146        1046
  -71626.0948699221           162030        1047
  -66013.9829687478           231581        1048
  -78760.9086433937           319638        1049
  -59281.7636861149           150818        1050
  -73289.1057509487           985544        1051
  -88471.2991856938           295033        1052
  -79555.6036701519           877722        1053
  -55358.6623613030           259758        1054
  -80421.3561438403           990197        1055
  -85919.1946932236           545756        1056
  -74006.4772292870           701526        1057
  -67898.5650753377           158701        1058
  -75496.1427820998            98720        1059
  -72209.1488005151           900817        1060
  -71314.0801114305           910071        1061
  -85109.9327184933           661919        1062
  -64666.1849863298           303959        1063
  -86389.4636543927            60038        1064
  -66528.0895442641           104520        1065
  -77426.7964878396           228451        1066
  -81825.2397841294           987012        1067
  -64314.6421529432           452297        1068
  -91003.1821014038           181178        1069
  -86440.9533617013           353696        1070
  -68856.6166424522           512820        1071
  -75375.7503584713           670595        1072
  -94539.6033006518           282955        1073
  -73309.5845662919            49959        1074
  -59173.2374650160           864006        1075
  -81942.3348396650           602305        1076
  -50914.0731290556           217990        1077
  -44755.6434089532           458226        1078
  -81037.7668236580           781349        1079
  -71990.4491225779           401701        1080
  -80161.0494204207           956446        1081
  -83717.2664619072           502808        1082
  -64287.2162146988           704051        1083
  -97662.4330406848           137654        1084
  -77279.8012665108           672643        1085
  -52513.3802373653           289415        1086
  -89407.5665001131           731610        1087
  -63924.2786709500           222513        1088
  -70744.6277087057            88140        1089
  -86641.2869344527           592043        1090
  -74087.7768929065           441118        1091
  -79967.0898474564           289148        1092
  -94455.3101554329           140987        1093
  -72875.9336554340           199639        1094
  -83919.2875402880           321363        1095
  -60736.6858718733           229744        1096
  -52442.8926145278            69133        1097
  -70665.0895717650           672942        1098
  -79403.3001250384            85839        1099
  -57549.5253142019           294978        1100
  -57399.5059796445           907676        1101
  -72602.8653749698            57922        1102
  -78308.5295837167           321112        1103
  -72543.7163549603           718876        1104
  -65562.8013189026           733337        1105
  -75896.1638189435           453260        1106
  -81674.6865666010           422004        1107
  -49774.3671827414           359063        1108
  -53414.2922313304           752847        1109
  -76676.2564723663             2850        1110
  -62995.5807645531            51011        1111
  -59138.6632106088           480675        1112
  -65595.2900094180           859380        1113
  -56665.3035247896           623120        1114
  -84502.2655480025           600202        1115
  -63667.2037404937            87856        1116
  -60527.5443570599           705445        1117
  -57105.1099408182           273669        1118
  -50133.3992648179           955502        1119
  -62446.9720380383           699748        1120
  -65233.7845582756           607263        1121
  -57895.3408368490           863849        1122
  -80094.8010479199           765372        1123
  -78091.1230052892           126922        1124
  -64304.5954818725            21260        1125
  -88027.0295270211           283146        1126
  -71305.2799546621            93856        1127
  -90178.1041627896           690314        1128
  -70297.2414805883           706042        1129
  -66929.4948540401           264951        1130
  -92035.3354000879           338766        1131
  -75032.4376457316           932458        1132
  -97305.2302382092           907342        1133
  -67967.4185741070           410793        1134
  -56234.4367968778           311484        1135
  -79594.0662982700           317444        1136
  -100472.097079152           231366        1137
  -68246.2441394348           664562        1138
  -96469.5635695004           866961        1139
  -65502.4353015024           765589        1140
  -72337.2371092177           556955        1141
  -50125.0575978119            76736        1142
  -78687.5139904902           901150        1143
  -66754.5481381214           938409        1144
  -63567.2721287090           469158        1145
  -71041.2217664843            97223        1146
  -61691.5878574820            16096        1147
  -81379.9749668633           684993        1148
  -68104.5178717520           415769        1149
  -51261.3998092622           225539        1150
  -69987.4830872521           702670        1151
  -64195.5652620539           400937        1152
  -56841.6576483465           300470        1153
  -78895.7114572759           861413        1154
  -79092.3269147885           168199        1155
  -73753.9434053951           930654        1156
  -98577.7625489476           467843        1157
  -58347.2418903798           708207        1158
  -64989.8134463761           716616        1159
  -59913.1911748822            75168        1160
  -68216.3320124398           797955        1161
  -82042.9529378282           185331        1162
  -58890.1122266250           261601        1163
  -60889.1990662327           778292        1164
  -55055.2176607721           420322        1165
  -84289.4665430145           901159        1166
  -100490.905120532           990489        1167
  -68406.6303483647           917570        1168
  -76404.6884635716           366872        1169
  -48811.4899720887           346838        1170
  -73197.7735418627           288620        1171
  -63309.9002248545           197621        1172
  -72753.6876220840           673039        1173
  -64921.1922587455           360597        1174
  -68254.1009272518           754485        1175
  -67705.5269308636           428783        1176
  -56039.0960918196           181089        1177
  -62179.6480766404           374735        1178
  -62233.6580274360           710833        1179
  -88084.6554566021           788599        1180
  -76971.2864010408           661264        1181
  -87656.9680269148           554483        1182
  -66974.8803631226           158157        1183
  -85128.3524629163           525403        1184
  -71287.6482517073           321574        1185
  -82122.4910008876           156147        1186
  -65351.1551287682           640728        1187
  -84710.2200975960           628997        1188
  -56903.5322121583            44340        1189
  -55691.7027042025           747551        1190
  -45689.6731774340           860541        1191
  -68783.8219961556           696266        1192
  -62131.8311280032           332986        1193
  -54069.2611294671           711214        1194
  -63001.0096351090           653391        1195
  -61150.8187391582           415538        1196
  -64821.1365235215           883688        1197
  -53043.2820639520           743895        1198
  -81854.8234169861           376992        1199
  -92870.2738290955           414059        1200
  -79819.8788127704           548493        1201
  -67551.9468648644           258359        1202
  -62638.0884692588           132387        1203
  -73529.2323393008           897581        1204
  -91864.4624270348           929823        1205
  -55229.0859523612           694918        1206
  -58177.7707072407           242406        1207
  -54977.9614762379           997836        1208
  -76388.7256355844           565631        1209
  -89532.9951587096           404840        1210
  -101437.811782018           794804        1211
  -55977.3038095879            24070        1212
  -102596.213157924           810560        1213
  -89792.8443480026           738551        1214
  -67420.4877971818           539683        1215
  -102894.930372762           895878        1216
  -72737.1523829487           573976        1217
  -70730.2054391695           622873        1218
  -65898.7959066924           237742        1219
  -95853.3327069792           224410        1220
  -58375.2076878203           125750        1221
  -78483.9124919229           420298        1222
  -46511.4913919146           964389        1223
  -55896.0517085982           420643        1224
  -69586.4164715285           100054        1225
  -80534.9871236298           614032        1226
  -68782.6608423688           702409        1227
  -71817.9981016490             2066        1228
  -78247.1700829669           707032        1229
  -57447.2630773917           781442        1230
  -92878.4777350056           122040        1231
  -55807.9348349182           647690        1232
  -53454.6597237975           355253        1233
  -76219.4910568374           110911        1234
  -68454.0767425295           353983        1235
  -69543.9772566954           443741        1236
  -60855.0269077584           364689        1237
  -72341.1832807051           665858        1238
  -68545.9813720033           897272        1239
  -65288.0537775421           217415        1240
  -56668.1259564567           856737        1241
  -61439.8997465285           940258        1242
  -50345.2091105365           712296        1243
  -55875.8034906743           432950        1244
  -71843.5378265057           424280        1245
  -66382.5656160302           180878        1246
  -66653.5301890322           219602        1247
  -94229.4167719483           445689        1248
  -73413.4092834686           463473        1249
  -89444.5767452764           676560        1250
  -59799.9404441575           611740        1251
  -65910.3248342202            14253        1252
  -57010.0041083931           681671        1253
  -49629.4681889724           652857        1254
  -73753.6317844944           656945        1255
  -70734.4372630294           818353        1256
  -103765.750366263           685146        1257
  -67256.3250988549            77596        1258
  -53854.7042332126           197385        1259
  -76479.0614862400           449171        1260
  -59685.6093751134           871188        1261
  -63484.5208267956           845617        1262
  -74069.7337493569           227797        1263
  -100318.629467044           182163        1264
  -80921.4021562439           896153        1265
  -96895.3872845943           798541        1266
  -66210.8888728921           401601        1267
  -74855.0708684069           571757        1268
  -65506.2973247834           705631        1269
  -72258.9270883490           780726        1270
  -63152.7691860179           531668        1271
  -70691.4171246500           144139        1272
  -83718.3541404326           573035        1273
  -57183.5574246534           282261        1274
  -72474.5753336972           510491        1275
  -70594.0218413439           990548        1276
  -74903.4112918588           921206        1277
  -71574.1009111710           195407        1278
  -72575.0664908793           293820        1279
  -71324.9238219518           778331        1280
  -74399.1843870071           661978        1281
  -61622.2056934478           410512        1282
  -71769.0665023064           366739        1283
  -71260.6792404637           290980        1284
  -71157.1355865457           225932        1285
  -76418.6586556920           769072        1286
  -58605.3547093959           421051        1287
  -65603.8581154095           385822        1288
  -86179.5618348702           976103        1289
  -74884.4858007015           134413        1290
  -60193.8857718888           701716        1291
  -67409.1163368526           124829        1292
  -61268.5258635997           767822        1293
  -53869.2157992669            13472        1294
  -60391.9589634600           815445        1295
  -83853.6279041782           606078        1296
  -72510.4325896371           324517        1297
  -69149.9087724315           284400        1298
  -52146.3337588529           881268        1299
  -66237.0449675624           115671        1300
  -82388.9636204091            39053        1301
  -69201.4086373358           123102        1302
  -70695.4298429114           193990        1303
  -57601.2633823345           626789        1304
  -66554.0909276912            42278        1305
  -73140.4265325645           426557        1306
  -84491.9129267993           928683        1307
  -84821.9510418558           518570        1308
  -69060.8437456306           369684        1309
  -53979.0540380133           461409        1310
  -59362.0336016698           397522        1311
  -71416.9349688194           234114        1312
  -78307.5290827777           232015        1313
  -65212.7557205448           568556        1314
  -61097.4296435966           298997        1315
  -60383.0550757936           346843        1316
  -69367.9827101980           941497        1317
  -66993.7736440579           476204        1318
  -55753.8251836887           337570        1319
  -54506.2336846211           885099        1320
  -64897.9080733658             3137        1321
  -73186.8256535475           502203        1322
  -67428.4546159489           675765        1323
  -57498.9507824077           537745        1324
  -76434.2681114554           426364        1325
  -53929.2494985052            18944        1326
  -79501.7335550042            61710        1327
  -53448.9330821276           533355        1328
  -59717.0503967929           163116        1329
  -61898.4116575202           289688        1330
  -61684.3643178733           494365        1331
  -70083.4294855898           925186        1332
  -83310.1193459434           486572        1333
  -66821.9490221003           538669        1334
  -57321.4332342991           537905        1335
  -62619.9959952950            20976        1336
  -83430.1571992439           917184        1337
  -72436.7372275234           404917        1338
  -68175.5122030479           785822        1339
  -73655.7629488994           803696        1340
  -64725.1805502880           452356        1341
  -89653.6463041050           338858        1342
  -83171.6529922676           188340        1343
  -66815.8868426128           682178        1344
  -52555.1271119953           350502        1345
  -73307.5789940769           182461        1346
  -86768.2430427233           953815        1347
  -56463.7767612779           289739        1348
  -73018.0708773951            36183        1349
  -57499.6938269854           708577        1350
  -64697.9864651543           830367        1351
  -74595.2891574236           654884        1352
  -85060.5304402960           276023        1353
  -97281.7318643757           344689        1354
  -78197.9725516428           393453        1355
  -57636.8318913362           449258        1356
  -71675.5108992685           547354        1357
  -69597.8012782333           971119        1358
  -88586.2024871897           357700        1359
  -61563.5354446301           873222        1360
  -70047.5372278830           635599        1361
  -87503.7216367330           175583        1362
  -61787.7024140644           859223        1363
  -63227.7181989739           199491        1364
  -61567.0170721756           198008        1365
  -56470.8959021863           394609        1366
  -70845.2184846641            74838        1367
  -71372.8809586322           743830        1368
  -68957.3993273419           934216        1369
  -67384.6141238347           493083        1370
  -54434.6027635465           970728        1371
  -49309.6856419858           356754        1372
  -100052.432481885           842091        1373
  -58803.8190101443           277373        1374
  -72452.7776723974           319298        1375
  -69793.4606860024           661290        1376
  -84755.3168123476           967567        1377
  -68395.6096416921           425140        1378
  -66385.2753391526           667170        1379
  -64759.2024714855           865693        1380
  -62740.1222478204           913926        1381
  -64102.0331343338           115218        1382
  -77586.2940000434           357258        1383
  -52285.3969660388           160041        1384
  -76291.2148757572           622896        1385
  -56890.4487362483           925994        1386
  -65016.9008219112           115653        1387
  -62745.9743487646           723096        1388
  -62315.3681542245           924828        1389
  -73618.4214636634           320884        1390
  -72618.7899185968           230121        1391
  -74960.0358826563           227999        1392
  -68370.2772088708           356194        1393
  -58237.7571336093           540747        1394
  -68698.2635894436            65562        1395
  -76272.8729356656           182880        1396
  -57131.1798413026           337381        1397
  -70307.2586262220           847341        1398
  -85677.7501320520           903099        1399
  -79467.8276651152           555330        1400
  -63878.2154652794           778338        1401
  -83369.2061252005           493775        1402
  -61937.2241265296           558208        1403
  -55890.9557381246           372158        1404
  -81237.3795845457           300844        1405
  -54355.2905701262           877272        1406
  -64244.2601608143           381543        1407
  -64373.7782901344           855963        1408
  -68968.5846040312           612092        1409
  -64365.3015885136           534256        1410
  -81657.3499179846           914193        1411
  -90300.9508306229           565595        1412
  -85606.7410944443            79890        1413
  -61359.9262827192           662524        1414
  -56599.4646368177           703313        1415
  -68134.3302776057           417600        1416
  -75971.6711597454           940007        1417
  -79819.9180936973           476338        1418
  -56527.0023792710           945711        1419
  -65833.8438289727           299108        1420
  -62380.6799843917           376373        1421
  -71200.6914217285           228271        1422
  -89512.6610405787           159216        1423
  -88790.7662398633           464810        1424
  -77402.8457809120            46666        1425
  -53124.3620486220           949086        1426
  -50574.5925623757           317476        1427
  -89076.5455787104            89016        1428
  -107074.755794983           769797        1429
  -63707.5803030896           732319        1430
  -89160.9962290590           697923        1431
  -66709.4880324343           338892        1432
  -71997.2441326895           991399        1433
  -75052.8736474493           149777        1434
  -60438.3990112003            33659        1435
  -85051.0181406071           912489        1436
  -73484.2439296982           574727        1437
  -75671.3877527036           610066        1438
  -91356.1570124282           422699        1439
  -76069.0225445724           559773        1440
  -64170.4076133154           884619        1441
  -52336.5991536708           419870        1442
  -74637.3612137648           444166        1443
  -64655.3634635569           708042        1444
  -77416.2786040121           726025        1445
  -62524.0333026748           586510        1446
  -58810.6613859711           732971        1447
  -74363.3034040830           256781        1448
  -53731.8436237663           185064        1449
  -67788.2383758402           685140        1450
  -53933.9078567686           468731        1451
  -53663.3346458261           696107        1452
  -53078.6929913820           179229        1453
  -62951.5608232193           488514        1454
  -55564.8891246483           657746        1455
  -63726.6529573845           845197        1456
  -60211.8648902486           365620        1457
  -66627.8829927620           779009        1458
  -83206.9843713895           879349        1459
  -83684.9423663542           188490        1460
  -49654.0028421288           464174        1461
  -67123.5689063530           432490        1462
  -71212.7259618305           347886        1463
  -58779.5456166747           170768        1464
  -63842.5173928629           196948        1465
  -57827.5309394247           551829        1466
  -83174.3809150999           262022        1467
  -96900.7527882854           331955        1468
  -59986.8543306919           511988        1469
  -78675.6097715926           120380        1470
  -57147.6659620491           945797        1471
  -65058.0278649856           537007        1472
  -56540.0665025143            18366        1473
  -57362.6433748976           599003        1474
  -51494.2607436753           360215        1475
  -75281.7010354729            30019        1476
  -58578.3961014400           540217        1477
  -76910.9410648624           953003        1478
  -55326.7197484223           851200        1479
  -71775.4168158047           319993        1480
  -62899.8998149951           775996        1481
  -77329.1334278582           387401        1482
  -48170.0859320225           379464        1483
  -87214.6938700734           868112        1484
  -56374.5000144058           277422        1485
  -63498.2221522042           285763        1486
  -64250.0866333839           523233        1487
  -64715.7056135929           550800        1488
  -68641.0887903480           877429        1489
  -58806.7243679871           799404        1490
  -88035.4601879386           809654        1491
  -63469.3124809405            10968        1492
  -68863.4499037859           492839        1493
  -62486.7603987880           508613        1494
  -72818.3726653359           967588        1495
  -69366.3380936565           674786        1496
  -59342.4048348159           352269        1497
  -69933.4779168948           494663        1498
  -69038.0175686976           417002        1499
  -64160.5556838248           695486        1500
  -15158.9046022913           540217        1477
  -15330.4180407441            76736        1142
  -15330.4180407446           997836        1208
  -15330.4180407446           359063        1108
  -15330.4180407459           626789        1304
  -15330.7979252831           420322        1165
  -15372.6546768806           537745        1324
  -15372.6546768817           703313        1415
  -15372.6546768819           289415        1086
  -15372.6546768822           234114        1312
  -15372.6546768824           346838        1170
  -15372.6546768825           925994        1386
  -15372.6546768836           964389        1223
  -15372.6546768840           661978        1281
  -15372.6546768844           348892        1010
  -15431.9202661803           461409        1310
  -15438.3818190112           661919        1062
  -15438.3818190178           695486        1500
  -15438.8534527398            16096        1147
  -15452.6748061071           732971        1447
  -15452.6748061108           558208        1403
  -15452.8239317474           422004        1107
  -15456.4419535414           864006        1075
  -15457.5691131814           937727        1011
  -15475.7144222183           856737        1241
  -15475.7144222185           137863        1030
 -3.402823466385289E+038      417002        1499
 -3.402823466385289E+038      494663        1498
 -3.402823466385289E+038      352269        1497
 -3.402823466385289E+038      674786        1496
 -3.402823466385289E+038      967588        1495
 -3.402823466385289E+038      508613        1494
 -3.402823466385289E+038      492839        1493
 -3.402823466385289E+038       10968        1492
 -3.402823466385289E+038      809654        1491
 -3.402823466385289E+038      799404        1490
 -3.402823466385289E+038      877429        1489
 -3.402823466385289E+038      550800        1488
 -3.402823466385289E+038      523233        1487
 -3.402823466385289E+038      285763        1486
 -3.402823466385289E+038      277422        1485
 -3.402823466385289E+038      868112        1484
 -3.402823466385289E+038      379464        1483
 -3.402823466385289E+038      387401        1482
 -3.402823466385289E+038      775996        1481
 -3.402823466385289E+038      319993        1480
 -3.402823466385289E+038      851200        1479
 -3.402823466385289E+038      953003        1478
 -3.402823466385289E+038       30019        1476
 -3.402823466385289E+038      360215        1475
 -3.402823466385289E+038      599003        1474
 -3.402823466385289E+038       18366        1473
 -3.402823466385289E+038      537007        1472
 -3.402823466385289E+038      945797        1471
 -3.402823466385289E+038      120380        1470
 -3.402823466385289E+038      511988        1469
 -3.402823466385289E+038      331955        1468
 -3.402823466385289E+038      262022        1467
 -3.402823466385289E+038      551829        1466
 -3.402823466385289E+038      196948        1465
 -3.402823466385289E+038      170768        1464
 -3.402823466385289E+038      347886        1463
 -3.402823466385289E+038      432490        1462
 -3.402823466385289E+038      464174        1461
 -3.402823466385289E+038      188490        1460
 -3.402823466385289E+038      879349        1459
 -3.402823466385289E+038      779009        1458
 -3.402823466385289E+038      365620        1457
 -3.402823466385289E+038      845197        1456
 -3.402823466385289E+038      657746        1455
 -3.402823466385289E+038      488514        1454
 -3.402823466385289E+038      179229        1453
 -3.402823466385289E+038      696107        1452
 -3.402823466385289E+038      468731        1451
 -3.402823466385289E+038      685140        1450
 -3.402823466385289E+038      185064        1449
 -3.402823466385289E+038      256781        1448
 -3.402823466385289E+038      586510        1446
 -3.402823466385289E+038      726025        1445
 -3.402823466385289E+038      708042        1444
 -3.402823466385289E+038      444166        1443
 -3.402823466385289E+038      419870        1442
 -3.402823466385289E+038      884619        1441
 -3.402823466385289E+038      559773        1440
 -3.402823466385289E+038      422699        1439
 -3.402823466385289E+038      610066        1438
 -3.402823466385289E+038      574727        1437
 -3.402823466385289E+038      912489        1436
 -3.402823466385289E+038       33659        1435
 -3.402823466385289E+038      149777        1434
 -3.402823466385289E+038      991399        1433
 -3.402823466385289E+038      338892        1432
 -3.402823466385289E+038      697923        1431
 -3.402823466385289E+038      732319        1430
 -3.402823466385289E+038      769797        1429
 -3.402823466385289E+038       89016        1428
 -3.402823466385289E+038      317476        1427
 -3.402823466385289E+038      949086        1426
 -3.402823466385289E+038       46666        1425
 -3.402823466385289E+038      464810        1424
 -3.402823466385289E+038      159216        1423
 -3.402823466385289E+038      228271        1422
 -3.402823466385289E+038      376373        1421
 -3.402823466385289E+038      299108        1420
 -3.402823466385289E+038      945711        1419
 -3.402823466385289E+038      476338        1418
 -3.402823466385289E+038      940007        1417
 -3.402823466385289E+038      417600        1416
 -3.402823466385289E+038      662524        1414
 -3.402823466385289E+038       79890        1413
 -3.402823466385289E+038      565595        1412
 -3.402823466385289E+038      914193        1411
 -3.402823466385289E+038      534256        1410
 -3.402823466385289E+038      612092        1409
 -3.402823466385289E+038      855963        1408
 -3.402823466385289E+038      381543        1407
 -3.402823466385289E+038      877272        1406
 -3.402823466385289E+038      300844        1405
 -3.402823466385289E+038      372158        1404
 -3.402823466385289E+038      493775        1402
 -3.402823466385289E+038      778338        1401
 -3.402823466385289E+038      555330        1400
 -3.402823466385289E+038      903099        1399
 -3.402823466385289E+038      847341        1398
 -3.402823466385289E+038      337381        1397
 -3.402823466385289E+038      182880        1396
 -3.402823466385289E+038       65562        1395
 -3.402823466385289E+038      540747        1394
 -3.402823466385289E+038      356194        1393
 -3.402823466385289E+038      227999        1392
 -3.402823466385289E+038      230121        1391
 -3.402823466385289E+038      320884        1390
 -3.402823466385289E+038      924828        1389
 -3.402823466385289E+038      723096        1388
 -3.402823466385289E+038      115653        1387
 -3.402823466385289E+038      622896        1385
 -3.402823466385289E+038      160041        1384
 -3.402823466385289E+038      357258        1383
 -3.402823466385289E+038      115218        1382
 -3.402823466385289E+038      913926        1381
 -3.402823466385289E+038      865693        1380
 -3.402823466385289E+038      667170        1379
 -3.402823466385289E+038      425140        1378
 -3.402823466385289E+038      967567        1377
 -3.402823466385289E+038      661290        1376
 -3.402823466385289E+038      319298        1375
 -3.402823466385289E+038      277373        1374
 -3.402823466385289E+038      842091        1373
 -3.402823466385289E+038      356754        1372
 -3.402823466385289E+038      970728        1371
 -3.402823466385289E+038      493083        1370
 -3.402823466385289E+038      934216        1369
 -3.402823466385289E+038      743830        1368
 -3.402823466385289E+038       74838        1367
 -3.402823466385289E+038      394609        1366
 -3.402823466385289E+038      198008        1365
 -3.402823466385289E+038      199491        1364
 -3.402823466385289E+038      859223        1363
 -3.402823466385289E+038      175583        1362
 -3.402823466385289E+038      635599        1361
 -3.402823466385289E+038      873222        1360
 -3.402823466385289E+038      357700        1359
 -3.402823466385289E+038      971119        1358
 -3.402823466385289E+038      547354        1357
 -3.402823466385289E+038      449258        1356
 -3.402823466385289E+038      393453        1355
 -3.402823466385289E+038      344689        1354
 -3.402823466385289E+038      276023        1353
 -3.402823466385289E+038      654884        1352
 -3.402823466385289E+038      830367        1351
 -3.402823466385289E+038      708577        1350
 -3.402823466385289E+038       36183        1349
 -3.402823466385289E+038      289739        1348
 -3.402823466385289E+038      953815        1347
 -3.402823466385289E+038      182461        1346
 -3.402823466385289E+038      350502        1345
 -3.402823466385289E+038      682178        1344
 -3.402823466385289E+038      188340        1343
 -3.402823466385289E+038      338858        1342
 -3.402823466385289E+038      452356        1341
 -3.402823466385289E+038      803696        1340
 -3.402823466385289E+038      785822        1339
 -3.402823466385289E+038      404917        1338
 -3.402823466385289E+038      917184        1337
 -3.402823466385289E+038       20976        1336
 -3.402823466385289E+038      537905        1335
 -3.402823466385289E+038      538669        1334
 -3.402823466385289E+038      486572        1333
 -3.402823466385289E+038      925186        1332
 -3.402823466385289E+038      494365        1331
 -3.402823466385289E+038      289688        1330
 -3.402823466385289E+038      163116        1329
 -3.402823466385289E+038      533355        1328
 -3.402823466385289E+038       61710        1327
 -3.402823466385289E+038       18944        1326
 -3.402823466385289E+038      426364        1325
 -3.402823466385289E+038      675765        1323
 -3.402823466385289E+038      502203        1322
 -3.402823466385289E+038        3137        1321
 -3.402823466385289E+038      885099        1320
 -3.402823466385289E+038      337570        1319
 -3.402823466385289E+038      476204        1318
 -3.402823466385289E+038      941497        1317
 -3.402823466385289E+038      346843        1316
 -3.402823466385289E+038      298997        1315
 -3.402823466385289E+038      568556        1314
 -3.402823466385289E+038      232015        1313
 -3.402823466385289E+038      397522        1311
 -3.402823466385289E+038      369684        1309
 -3.402823466385289E+038      518570        1308
 -3.402823466385289E+038      928683        1307
 -3.402823466385289E+038      426557        1306
 -3.402823466385289E+038       42278        1305
 -3.402823466385289E+038      193990        1303
 -3.402823466385289E+038      123102        1302
 -3.402823466385289E+038       39053        1301
 -3.402823466385289E+038      115671        1300
 -3.402823466385289E+038      881268        1299
 -3.402823466385289E+038      284400        1298
 -3.402823466385289E+038      324517        1297
 -3.402823466385289E+038      606078        1296
 -3.402823466385289E+038      815445        1295
 -3.402823466385289E+038       13472        1294
 -3.402823466385289E+038      767822        1293
 -3.402823466385289E+038      124829        1292
 -3.402823466385289E+038      701716        1291
 -3.402823466385289E+038      134413        1290
 -3.402823466385289E+038      976103        1289
 -3.402823466385289E+038      385822        1288
 -3.402823466385289E+038      421051        1287
 -3.402823466385289E+038      769072        1286
 -3.402823466385289E+038      225932        1285
 -3.402823466385289E+038      290980        1284
 -3.402823466385289E+038      366739        1283
 -3.402823466385289E+038      410512        1282
 -3.402823466385289E+038      778331        1280
 -3.402823466385289E+038      293820        1279
 -3.402823466385289E+038      195407        1278
 -3.402823466385289E+038      921206        1277
 -3.402823466385289E+038      990548        1276
 -3.402823466385289E+038      510491        1275
 -3.402823466385289E+038      282261        1274
 -3.402823466385289E+038      573035        1273
 -3.402823466385289E+038      144139        1272
 -3.402823466385289E+038      531668        1271
 -3.402823466385289E+038      780726        1270
 -3.402823466385289E+038      705631        1269
 -3.402823466385289E+038      571757        1268
 -3.402823466385289E+038      401601        1267
 -3.402823466385289E+038      798541        1266
 -3.402823466385289E+038      896153        1265
 -3.402823466385289E+038      182163        1264
 -3.402823466385289E+038      227797        1263
 -3.402823466385289E+038      845617        1262
 -3.402823466385289E+038      871188        1261
 -3.402823466385289E+038      449171        1260
 -3.402823466385289E+038      197385        1259
 -3.402823466385289E+038       77596        1258
 -3.402823466385289E+038      685146        1257
 -3.402823466385289E+038      818353        1256
 -3.402823466385289E+038      656945        1255
 -3.402823466385289E+038      652857        1254
 -3.402823466385289E+038      681671        1253
 -3.402823466385289E+038       14253        1252
 -3.402823466385289E+038      611740        1251
 -3.402823466385289E+038      676560        1250
 -3.402823466385289E+038      463473        1249
 -3.402823466385289E+038      445689        1248
 -3.402823466385289E+038      219602        1247
 -3.402823466385289E+038      180878        1246
 -3.402823466385289E+038      424280        1245
 -3.402823466385289E+038      432950        1244
 -3.402823466385289E+038      712296        1243
 -3.402823466385289E+038      940258        1242
 -3.402823466385289E+038      217415        1240
 -3.402823466385289E+038      897272        1239
 -3.402823466385289E+038      665858        1238
 -3.402823466385289E+038      364689        1237
 -3.402823466385289E+038      443741        1236
 -3.402823466385289E+038      353983        1235
 -3.402823466385289E+038      110911        1234
 -3.402823466385289E+038      355253        1233
 -3.402823466385289E+038      647690        1232
 -3.402823466385289E+038      122040        1231
 -3.402823466385289E+038      781442        1230
 -3.402823466385289E+038      707032        1229
 -3.402823466385289E+038        2066        1228
 -3.402823466385289E+038      702409        1227
 -3.402823466385289E+038      614032        1226
 -3.402823466385289E+038      100054        1225
 -3.402823466385289E+038      420643        1224
 -3.402823466385289E+038      420298        1222
 -3.402823466385289E+038      125750        1221
 -3.402823466385289E+038      224410        1220
 -3.402823466385289E+038      237742        1219
 -3.402823466385289E+038      622873        1218
 -3.402823466385289E+038      573976        1217
 -3.402823466385289E+038      895878        1216
 -3.402823466385289E+038      539683        1215
 -3.402823466385289E+038      738551        1214
 -3.402823466385289E+038      810560        1213
 -3.402823466385289E+038       24070        1212
 -3.402823466385289E+038      794804        1211
 -3.402823466385289E+038      404840        1210
 -3.402823466385289E+038      565631        1209
 -3.402823466385289E+038      242406        1207
 -3.402823466385289E+038      694918        1206
 -3.402823466385289E+038      929823        1205
 -3.402823466385289E+038      897581        1204
 -3.402823466385289E+038      132387        1203
 -3.402823466385289E+038      258359        1202
 -3.402823466385289E+038      548493        1201
 -3.402823466385289E+038      414059        1200
 -3.402823466385289E+038      376992        1199
 -3.402823466385289E+038      743895        1198
 -3.402823466385289E+038      883688        1197
 -3.402823466385289E+038      415538        1196
 -3.402823466385289E+038      653391        1195
 -3.402823466385289E+038      711214        1194
 -3.402823466385289E+038      332986        1193
 -3.402823466385289E+038      696266        1192
 -3.402823466385289E+038      860541        1191
 -3.402823466385289E+038      747551        1190
 -3.402823466385289E+038       44340        1189
 -3.402823466385289E+038      628997        1188
 -3.402823466385289E+038      640728        1187
 -3.402823466385289E+038      156147        1186
 -3.402823466385289E+038      321574        1185
 -3.402823466385289E+038      525403        1184
 -3.402823466385289E+038      158157        1183
 -3.402823466385289E+038      554483        1182
 -3.402823466385289E+038      661264        1181
 -3.402823466385289E+038      788599        1180
 -3.402823466385289E+038      710833        1179
 -3.402823466385289E+038      374735        1178
 -3.402823466385289E+038      181089        1177
 -3.402823466385289E+038      428783        1176
 -3.402823466385289E+038      754485        1175
 -3.402823466385289E+038      360597        1174
 -3.402823466385289E+038      673039        1173
 -3.402823466385289E+038      197621        1172
 -3.402823466385289E+038      288620        1171
 -3.402823466385289E+038      366872        1169
 -3.402823466385289E+038      917570        1168
 -3.402823466385289E+038      990489        1167
 -3.402823466385289E+038      901159        1166
 -3.402823466385289E+038      778292        1164
 -3.402823466385289E+038      261601        1163
 -3.402823466385289E+038      185331        1162
 -3.402823466385289E+038      797955        1161
 -3.402823466385289E+038       75168        1160
 -3.402823466385289E+038      716616        1159
 -3.402823466385289E+038      708207        1158
 -3.402823466385289E+038      467843        1157
 -3.402823466385289E+038      930654        1156
 -3.402823466385289E+038      168199        1155
 -3.402823466385289E+038      861413        1154
 -3.402823466385289E+038      300470        1153
 -3.402823466385289E+038      400937        1152
 -3.402823466385289E+038      702670        1151
 -3.402823466385289E+038      225539        1150
 -3.402823466385289E+038      415769        1149
 -3.402823466385289E+038      684993        1148
 -3.402823466385289E+038       97223        1146
 -3.402823466385289E+038      469158        1145
 -3.402823466385289E+038      938409        1144
 -3.402823466385289E+038      901150        1143
 -3.402823466385289E+038      556955        1141
 -3.402823466385289E+038      765589        1140
 -3.402823466385289E+038      866961        1139
 -3.402823466385289E+038      664562        1138
 -3.402823466385289E+038      231366        1137
 -3.402823466385289E+038      317444        1136
 -3.402823466385289E+038      311484        1135
 -3.402823466385289E+038      410793        1134
 -3.402823466385289E+038      907342        1133
 -3.402823466385289E+038      932458        1132
 -3.402823466385289E+038      338766        1131
 -3.402823466385289E+038      264951        1130
 -3.402823466385289E+038      706042        1129
 -3.402823466385289E+038      690314        1128
 -3.402823466385289E+038       93856        1127
 -3.402823466385289E+038      283146        1126
 -3.402823466385289E+038       21260        1125
 -3.402823466385289E+038      126922        1124
 -3.402823466385289E+038      765372        1123
 -3.402823466385289E+038      863849        1122
 -3.402823466385289E+038      607263        1121
 -3.402823466385289E+038      699748        1120
 -3.402823466385289E+038      955502        1119
 -3.402823466385289E+038      273669        1118
 -3.402823466385289E+038      705445        1117
 -3.402823466385289E+038       87856        1116
 -3.402823466385289E+038      600202        1115
 -3.402823466385289E+038      623120        1114
 -3.402823466385289E+038      859380        1113
 -3.402823466385289E+038      480675        1112
 -3.402823466385289E+038       51011        1111
 -3.402823466385289E+038        2850        1110
 -3.402823466385289E+038      752847        1109
 -3.402823466385289E+038      453260        1106
 -3.402823466385289E+038      733337        1105
 -3.402823466385289E+038      718876        1104
 -3.402823466385289E+038      321112        1103
 -3.402823466385289E+038       57922        1102
 -3.402823466385289E+038      907676        1101
 -3.402823466385289E+038      294978        1100
 -3.402823466385289E+038       85839        1099
 -3.402823466385289E+038      672942        1098
 -3.402823466385289E+038       69133        1097
 -3.402823466385289E+038      229744        1096
 -3.402823466385289E+038      321363        1095
 -3.402823466385289E+038      199639        1094
 -3.402823466385289E+038      140987        1093
 -3.402823466385289E+038      289148        1092
 -3.402823466385289E+038      441118        1091
 -3.402823466385289E+038      592043        1090
 -3.402823466385289E+038       88140        1089
 -3.402823466385289E+038      222513        1088
 -3.402823466385289E+038      731610        1087
 -3.402823466385289E+038      672643        1085
 -3.402823466385289E+038      137654        1084
 -3.402823466385289E+038      704051        1083
 -3.402823466385289E+038      502808        1082
 -3.402823466385289E+038      956446        1081
 -3.402823466385289E+038      401701        1080
 -3.402823466385289E+038      781349        1079
 -3.402823466385289E+038      458226        1078
 -3.402823466385289E+038      217990        1077
 -3.402823466385289E+038      602305        1076
 -3.402823466385289E+038       49959        1074
 -3.402823466385289E+038      282955        1073
 -3.402823466385289E+038      670595        1072
 -3.402823466385289E+038      512820        1071
 -3.402823466385289E+038      353696        1070
 -3.402823466385289E+038      181178        1069
 -3.402823466385289E+038      452297        1068
 -3.402823466385289E+038      987012        1067
 -3.402823466385289E+038      228451        1066
 -3.402823466385289E+038      104520        1065
 -3.402823466385289E+038       60038        1064
 -3.402823466385289E+038      303959        1063
 -3.402823466385289E+038      910071        1061
 -3.402823466385289E+038      900817        1060
 -3.402823466385289E+038       98720        1059
 -3.402823466385289E+038      158701        1058
 -3.402823466385289E+038      701526        1057
 -3.402823466385289E+038      545756        1056
 -3.402823466385289E+038      990197        1055
 -3.402823466385289E+038      259758        1054
 -3.402823466385289E+038      877722        1053
 -3.402823466385289E+038      295033        1052
 -3.402823466385289E+038      985544        1051
 -3.402823466385289E+038      150818        1050
 -3.402823466385289E+038      319638        1049
 -3.402823466385289E+038      231581        1048
 -3.402823466385289E+038      162030        1047
 -3.402823466385289E+038      221146        1046
 -3.402823466385289E+038      264903        1045
 -3.402823466385289E+038      344109        1044
 -3.402823466385289E+038      325724        1043
 -3.402823466385289E+038      905166        1042
 -3.402823466385289E+038      608363        1041
 -3.402823466385289E+038      175820        1040
 -3.402823466385289E+038      207299        1039
 -3.402823466385289E+038      835162        1038
 -3.402823466385289E+038      550871        1037
 -3.402823466385289E+038      314662        1036
 -3.402823466385289E+038      387016        1035
 -3.402823466385289E+038       83866        1034
 -3.402823466385289E+038      401572        1033
 -3.402823466385289E+038      460521        1032
 -3.402823466385289E+038      910097        1031
 -3.402823466385289E+038      621197        1029
 -3.402823466385289E+038      217403        1028
 -3.402823466385289E+038      874698        1027
 -3.402823466385289E+038      604441        1026
 -3.402823466385289E+038      981480        1025
 -3.402823466385289E+038      944394        1024
 -3.402823466385289E+038      566943        1023
 -3.402823466385289E+038      422421        1022
 -3.402823466385289E+038      579882        1021
 -3.402823466385289E+038      301301        1020
 -3.402823466385289E+038      957086        1019
 -3.402823466385289E+038      697866        1018
 -3.402823466385289E+038      981681        1017
 -3.402823466385289E+038      303429        1016
 -3.402823466385289E+038      770182        1015
 -3.402823466385289E+038      495190        1014
 -3.402823466385289E+038      932529        1013
 -3.402823466385289E+038      779882        1012
 -3.402823466385289E+038      107025        1009
 -3.402823466385289E+038      600082        1008
 -3.402823466385289E+038      399071        1007
 -3.402823466385289E+038      603765        1006
 -3.402823466385289E+038      707200        1005
 -3.402823466385289E+038      542577        1004
 -3.402823466385289E+038      788293        1003
 -3.402823466385289E+038      923803        1002
 -3.402823466385289E+038      140806        1001
   10.8565446383749     
   4.33770730156925     
   3.17077661321912     
   2.27625580512169     
   1.96520664458116     
   1.81783448057786     
   2.18896140587713     
   2.10127468612210     
   2.36424899623243     
   3.72632143186758     
   1.43370412524115     
   1.01048596095772     
  0.730896909957829     
  0.107710377692242     
  0.299057568229125     
  0.197458885654166     
   1.15746797211594     
  8.779488114313480E-002
  8.677692797387390E-002
  0.411063077240440     
  7.536588464616450E-002
  0.207907434106972     
  0.950382527734738     
  0.520078603004746     
 -0.110744239218268     
  0.414313518905072     
   2.24504204811792     
   10.4451926187855     
   3.70119512243454     
   14.4974660938193     
   2.47001487278190     
   9.97750566388374     
   12.6706335699580     
   2.17070246169441     
   6.71211545000132     
   8.96522436348161     
   12.0640033190841     
   1.79329440974190     
   5.39528293188066     
   6.60500911074018     
   6.23254379767466     
   12.0353645952928     
   1.18217835650159     
   3.23114419988072     
   4.66629920371848     
   5.04421104474717     
   6.10104815776548     
   10.8003023450777     
   1.83162373958081     
   3.16498176706067     
   3.27588310520864     
   4.11668125952229     
   4.73146756130244     
   4.59252585521065     
   12.3437744752230     
  0.874430371687760     
   2.85519145791272     
   3.84331113447282     
   4.28289435791439     
   4.38333523051940     
   3.88349266259994     
   5.66486187637286     
   11.5559168674260     
  0.784494756283668     
   2.46746505821760     
   3.25707898053441     
   3.29531116287931     
   2.88857735735292     
   3.72837371290086     
   4.18652287571107     
   4.68247926668879     
   13.6559109703266     
   19.1556816540580     
   5.29837144914197     
   7.28427240813841     
   4.42424143247159     
   4.78782244445539     
   6.29859359913609     
   2.73553940532477     
   3.04193436428816     
   4.04522792674872     
   3.66991280216300     
  0.160043367220544     
  4.735517537367431E-002
  0.136625188078561     
  7.629722296416347E-002
  9.953913139004864E-002
  0.586422805271723     
   1.10750139647091     
  0.670391912986269     
  0.496114629124074     
  4.047167705585369E-002
  0.663090248985675     
  0.633564712479626     
  0.556923258478402     
  0.634966391706230     
  0.492702868837288     
  1.116874929369371E-002
  0.123393369972475     
  0.294775947033489     
   2.77662920109181     
   2.52921136313708     
   1.23217356580896     
   1.41027057449754     
  2.093365310068157E-002
  0.773395569736204     
  0.442573812064464     
   9.34367713020049     
  0.161998824099852     
 -7.286416944779248E-002
 -9.336331963800162E-002
 -3.732315680258429E-002
 -6.175896130923360E-003
 -1.204171275423383E-002
 -1.873974198047406E-002
  0.341542687591245     
  8.321252145067573E-002
   11.9683009750228     
   5.56588420239106     
   4.06795347321498     
   3.49520890805058     
   3.96237733280650     
   3.83151480686739     
   3.70784938683035     
   3.56144363585615     
   3.08750800299026     
   5.79092609923790     
   4.11904650744038     
   3.66730058529655     
   3.51202432615896     
   3.46662080784357     
   3.25982779426786     
   2.59752215559400     
   1.86713800461689     
   1.91236942270991     
 -5.080201403190374E-002
  9.291765522668191E-002
  0.158716141186580     
  0.191704072284817     
  0.156786005531429     
  0.131827716706495     
  0.288160385781003     
  0.135825530857741     
  0.383030352514275     
   22.1129290899855     
   12.9797527879475     
   10.3953134503509     
   11.8735756298342     
   14.4328794897311     
   13.9023424696653     
   11.5479432653310     
   6.32324479808574     
   7.60654471654857     
 -0.443335048297888     
          78
           0
