Mplus VERSION 8.6 (Mac)
MUTHEN & MUTHEN
07/25/2023   3:59 PM

INPUT INSTRUCTIONS

  TITLE:
  GMM_CI_is@0q@0cub@0_C
  DATA:
  FILE = "/Users/olivierpercie/Desktop/MplusLGM/SAPS/Results/GMM/CI/is@0q@0cub@0/GMM2.dat";

  VARIABLE:
  NAMES = pin SAPS_0 SAPS_1 SAPS_2 SAPS_3 SAPS_6 SAPS_9 SAPS_12 SAPS_18 SAPS_24;
   MISSING=.;
   USEVAR = SAPS_0 SAPS_1 SAPS_2 SAPS_3 SAPS_6 SAPS_9 SAPS_12 SAPS_18 SAPS_24;
  IDVAR = pin;
  CLASSES = c(2);
  ANALYSIS:
  TYPE = MIXTURE;
  STARTS = 1000 250;
  K-1STARTS = 500 125;
  DISTRIBUTION = SKEWNORMAL;
  PROCESSORS = 8;
  MODEL:
  %OVERALL%
  i s q cub | SAPS_0@0 SAPS_1@1 SAPS_2@2 SAPS_3@3 SAPS_6@6 SAPS_9@9 SAPS_12@12 SAPS_18@18
  SAPS_24@24;
  i s@0 q@0 cub@0;
  i WITH s q cub;
  s WITH q cub;
  q WITH cub;
  SAPS_0 SAPS_1 SAPS_2 SAPS_3 SAPS_6 SAPS_9 SAPS_12 SAPS_18 SAPS_24;
  %C#1%
  SAPS_0 SAPS_1 SAPS_2 SAPS_3 SAPS_6 SAPS_9 SAPS_12 SAPS_18 SAPS_24 (1);
  %C#2%
  SAPS_0 SAPS_1 SAPS_2 SAPS_3 SAPS_6 SAPS_9 SAPS_12 SAPS_18 SAPS_24 (2);
  OUTPUT:
  TECH7;
  TECH11;
  SAMPSTAT;
  STANDARDIZED;
  CINTERVAL;
  SAVEDATA:
  FILE = GMM_CI_is@0q@0cub@0_C_est.dat;
  SAVE = CPROBABILITIES FSCORES;



*** WARNING in MODEL command
  All continuous latent variable covariances involving S have been fixed to 0
  because the variance of S is fixed at 0.
*** WARNING in MODEL command
  All continuous latent variable covariances involving Q have been fixed to 0
  because the variance of Q is fixed at 0.
*** WARNING in MODEL command
  All continuous latent variable covariances involving CUB have been fixed to 0
  because the variance of CUB is fixed at 0.
   3 WARNING(S) FOUND IN THE INPUT INSTRUCTIONS




GMM_CI_is@0q@0cub@0_C

SUMMARY OF ANALYSIS

Number of groups                                                 1
Number of observations                                         404

Number of dependent variables                                    9
Number of independent variables                                  0
Number of continuous latent variables                            4
Number of categorical latent variables                           1

Observed dependent variables

  Continuous
   SAPS_0      SAPS_1      SAPS_2      SAPS_3      SAPS_6      SAPS_9
   SAPS_12     SAPS_18     SAPS_24

Continuous latent variables
   I           S           Q           CUB

Categorical latent variables
   C

Variables with special functions

  ID variable           PIN

Estimator                                                      MLR
Information matrix                                        OBSERVED
Optimization Specifications for the Quasi-Newton Algorithm for
Continuous Outcomes
  Maximum number of iterations                                 100
  Convergence criterion                                  0.100D-03
Optimization Specifications for the EM Algorithm
  Maximum number of iterations                                 500
  Convergence criteria
    Loglikelihood change                                 0.100D-02
    Relative loglikelihood change                        0.100D-05
    Derivative                                           0.100D-03
Optimization Specifications for the M step of the EM Algorithm for
Categorical Latent variables
  Number of M step iterations                                    1
  M step convergence criterion                           0.100D-03
  Basis for M step termination                           ITERATION
Optimization Specifications for the M step of the EM Algorithm for
Censored, Binary or Ordered Categorical (Ordinal), Unordered
Categorical (Nominal) and Count Outcomes
  Number of M step iterations                                    1
  M step convergence criterion                           0.100D-03
  Basis for M step termination                           ITERATION
  Maximum value for logit thresholds                            15
  Minimum value for logit thresholds                           -15
  Minimum expected cell size for chi-square              0.100D-01
Maximum number of iterations for H1                           2000
Convergence criterion for H1                             0.100D-03
Optimization algorithm                                         EMA
Random Starts Specifications
  Number of initial stage random starts                       1000
  Number of final stage optimizations                          250
  Number of initial stage iterations                            10
  Initial stage convergence criterion                    0.100D+01
  Random starts scale                                    0.500D+01
  Random seed for generating random starts                       0
Distribution Specifications
  Distribution                                          SKEWNORMAL

Input data file(s)
  /Users/olivierpercie/Desktop/MplusLGM/SAPS/Results/GMM/CI/is@0q@0cub@0/GMM2.da
Input data format  FREE


SUMMARY OF DATA

     Number of missing data patterns            63
     Number of y missing data patterns          63
     Number of u missing data patterns           0


COVARIANCE COVERAGE OF DATA

Minimum covariance coverage value   0.100


     PROPORTION OF DATA PRESENT FOR Y


           Covariance Coverage
              SAPS_0        SAPS_1        SAPS_2        SAPS_3        SAPS_6
              ________      ________      ________      ________      ________
 SAPS_0         0.998
 SAPS_1         0.673         0.676
 SAPS_2         0.844         0.597         0.847
 SAPS_3         0.943         0.634         0.822         0.946
 SAPS_6         0.906         0.606         0.777         0.871         0.908
 SAPS_9         0.861         0.579         0.750         0.812         0.795
 SAPS_12        0.866         0.574         0.723         0.817         0.790
 SAPS_18        0.819         0.540         0.683         0.772         0.745
 SAPS_24        0.790         0.520         0.691         0.748         0.720


           Covariance Coverage
              SAPS_9        SAPS_12       SAPS_18       SAPS_24
              ________      ________      ________      ________
 SAPS_9         0.864
 SAPS_12        0.772         0.869
 SAPS_18        0.725         0.745         0.822
 SAPS_24        0.723         0.720         0.708         0.792


SAMPLE STATISTICS


     ESTIMATED SAMPLE STATISTICS


           Means
              SAPS_0        SAPS_1        SAPS_2        SAPS_3        SAPS_6
              ________      ________      ________      ________      ________
               11.475         5.546         4.114         3.495         3.555


           Means
              SAPS_9        SAPS_12       SAPS_18       SAPS_24
              ________      ________      ________      ________
                3.371         3.555         3.350         3.332


           Covariances
              SAPS_0        SAPS_1        SAPS_2        SAPS_3        SAPS_6
              ________      ________      ________      ________      ________
 SAPS_0        10.556
 SAPS_1         3.838        15.000
 SAPS_2         2.583        10.530        13.543
 SAPS_3         2.254         7.337         9.844        13.149
 SAPS_6         2.048         6.066         7.351         7.109        13.625
 SAPS_9         1.161         3.508         5.318         5.892         7.375
 SAPS_12        2.116         3.708         4.011         5.492         6.362
 SAPS_18        1.006         3.215         3.935         4.962         5.383
 SAPS_24        0.983         2.359         3.251         3.783         3.528


           Covariances
              SAPS_9        SAPS_12       SAPS_18       SAPS_24
              ________      ________      ________      ________
 SAPS_9        12.257
 SAPS_12        6.137        14.430
 SAPS_18        4.846         7.162        13.115
 SAPS_24        4.398         5.157         5.749        14.978


           Correlations
              SAPS_0        SAPS_1        SAPS_2        SAPS_3        SAPS_6
              ________      ________      ________      ________      ________
 SAPS_0         1.000
 SAPS_1         0.305         1.000
 SAPS_2         0.216         0.739         1.000
 SAPS_3         0.191         0.522         0.738         1.000
 SAPS_6         0.171         0.424         0.541         0.531         1.000
 SAPS_9         0.102         0.259         0.413         0.464         0.571
 SAPS_12        0.171         0.252         0.287         0.399         0.454
 SAPS_18        0.085         0.229         0.295         0.378         0.403
 SAPS_24        0.078         0.157         0.228         0.270         0.247


           Correlations
              SAPS_9        SAPS_12       SAPS_18       SAPS_24
              ________      ________      ________      ________
 SAPS_9         1.000
 SAPS_12        0.461         1.000
 SAPS_18        0.382         0.521         1.000
 SAPS_24        0.325         0.351         0.410         1.000


     MAXIMUM LOG-LIKELIHOOD VALUE FOR THE UNRESTRICTED (H1) MODEL IS -7898.566


UNIVARIATE SAMPLE STATISTICS


     UNIVARIATE HIGHER-ORDER MOMENT DESCRIPTIVE STATISTICS

         Variable/         Mean/     Skewness/   Minimum/ % with                Percentiles
        Sample Size      Variance    Kurtosis    Maximum  Min/Max      20%/60%    40%/80%    Median

     SAPS_0               11.479      -0.268       2.000    0.50%       9.000     11.000     12.000
             403.000      10.552      -0.259      20.000    0.25%      13.000     14.000
     SAPS_1                5.473       0.416       0.000   10.62%       2.000      4.000      5.000
             273.000      14.491      -0.593      16.000    0.73%       6.000      9.000
     SAPS_2                4.009       0.987       0.000   18.13%       1.000      2.000      3.000
             342.000      13.377       0.578      18.000    0.29%       4.000      7.000
     SAPS_3                3.442       1.067       0.000   28.80%       0.000      1.000      2.000
             382.000      12.933       0.497      16.000    0.26%       3.000      6.000
     SAPS_6                3.542       0.982       0.000   30.79%       0.000      1.000      2.000
             367.000      13.736       0.170      16.000    0.27%       4.000      6.000
     SAPS_9                3.318       1.129       0.000   30.37%       0.000      1.000      2.000
             349.000      12.395       0.858      16.000    0.29%       3.000      6.000
     SAPS_12               3.587       1.270       0.000   27.07%       0.000      2.000      3.000
             351.000      14.527       1.138      18.000    0.28%       3.000      6.000
     SAPS_18               3.250       1.304       0.000   30.42%       0.000      1.000      2.000
             332.000      12.820       1.292      17.000    0.30%       3.000      6.000
     SAPS_24               3.297       1.339       0.000   33.44%       0.000      1.000      2.000
             320.000      15.040       1.095      17.000    0.31%       3.000      6.000

RANDOM STARTS RESULTS RANKED FROM THE BEST TO THE WORST LOGLIKELIHOOD VALUES


624 perturbed starting value run(s) did not converge or were rejected in the third stage.
Final stage loglikelihood values at local maxima, seeds, and initial stage start numbers:

           -8290.461  521575           313
           -8290.461  860772           174
           -8290.461  42523            730
           -8290.461  378393           509
           -8290.461  225995           847
           -8290.461  791678           974
           -8290.461  519357           559
           -8290.461  506886           576
           -8290.461  59963            670
           -8290.461  682718           733
           -8290.461  751054           117
           -8290.461  437181           135
           -8290.461  648555           113
           -8290.461  781190           219
           -8290.461  980970           894
           -8290.461  88437            761
           -8290.461  284716           713
           -8290.461  318177           748
           -8290.461  804104           566
           -8290.461  192191           629
           -8290.461  92689            304
           -8290.461  333082           578
           -8290.461  999211           628
           -8290.461  787985           482
           -8290.461  82200            830
           -8290.461  415502           194
           -8290.461  691041           590
           -8290.461  406935           958
           -8290.461  928287           197
           -8290.461  686482           215
           -8290.461  950604           172
           -8290.461  821011           161
           -8290.461  898745           466
           -8290.461  618760           489
           -8290.461  677062           680
           -8290.461  712702           684
           -8290.461  224151           973
           -8290.461  928624           981
           -8290.461  783110           72
           -8290.461  726035           191
           -8290.461  856612           700
           -8290.461  830570           369
           -8290.461  80438            246
           -8290.461  7195             697
           -8290.461  568859           49
           -8290.461  700349           401
           -8290.461  251641           784
           -8290.461  727176           861
           -8290.461  572637           989
           -8290.461  717754           180
           -8290.461  765392           382
           -8290.461  869564           869
           -8290.461  173440           328
           -8290.461  443917           60
           -8290.461  265218           924
           -8290.461  123985           248
           -8290.461  640833           434
           -8290.461  531546           702
           -8290.461  647617           725
           -8290.461  760878           249
           -8290.461  158612           581
           -8290.461  685657           69
           -8290.461  188640           451
           -8290.461  848890           95
           -8290.461  865906           641
           -8290.461  694303           282
           -8290.461  987560           985
           -8290.461  858804           534
           -8290.461  485256           371
           -8290.461  506113           895
           -8290.461  655497           376
           -8290.461  357866           968
           -8290.461  752476           614
           -8290.461  625191           350
           -8290.461  966603           919
           -8290.461  379729           512
           -8290.461  688839           273
           -8290.461  92564            583
           -8290.461  416250           390
           -8290.461  871438           561
           -8290.461  22089            143
           -8290.461  802644           874
           -8290.461  43523            297
           -8293.296  86698            893
           -8293.296  351807           617
           -8293.296  838615           677
           -8293.296  816765           959
           -8293.296  851945           18
           -8293.296  291149           536
           -8293.296  645052           910
           -8293.296  138695           783
           -8293.296  404042           675
           -8293.296  617658           660
           -8293.296  118958           994
           -8293.296  392766           331
           -8293.296  317640           437
           -8293.296  605565           404
           -8293.296  200041           810
           -8293.296  848356           602
           -8293.296  248742           556
           -8293.296  618000           190
           -8293.296  670281           721
           -8293.296  260601           36
           -8293.296  494209           904
           -8293.296  22362            365
           -8293.296  7886             804
           -8311.299  699810           571
           -8311.299  695453           902
           -8311.299  137305           379
           -8311.299  964570           701
           -8311.299  788796           145
           -8311.299  978781           497
           -8311.299  119513           821
           -8311.299  915642           40
           -8311.299  232559           136
           -8311.299  563584           657
           -8311.299  193042           316
           -8311.299  937225           394
           -8311.299  518828           432
           -8311.299  313407           132
           -8311.299  124999           96
           -8311.299  206099           363
           -8311.299  692169           308
           -8311.299  966499           963
           -8311.299  302046           863
           -8311.299  315029           471
           -8311.299  66276            217
           -8311.299  859432           770
           -8311.299  965639           463
           -8311.299  840078           203
           -8311.299  327475           518
           -8311.299  373505           88
           -8311.299  496881           192
           -8311.299  283492           435
           -8311.299  407168           44
           -8312.728  850112           922
           -8312.728  889774           954
           -8312.728  7959             256
           -8312.728  848969           173
           -8312.728  941975           816
           -8312.728  335485           496
           -8312.728  79212            517
           -8312.728  566687           597
           -8312.728  508445           946
           -8312.728  968846           970
           -8312.728  710154           831
           -8312.728  178031           720
           -8312.728  484687           306
           -8312.728  982520           737
           -8312.728  475420           71
           -8312.728  411615           171
           -8312.728  659773           663
           -8312.728  435506           988
           -8312.728  418686           338
           -8312.728  967902           52
           -8312.728  179022           687
           -8312.728  392418           28
           -8312.728  604861           800
           -8312.728  168762           200
           -8312.728  566739           575
           -8312.728  379823           905
           -8312.728  626087           314
           -8312.728  322790           636
           -8312.728  467339           66
           -8312.728  830392           35
           -8312.728  860029           760
           -8312.728  900921           984
           -8312.728  369602           146
           -8312.728  723775           97
           -8312.728  297518           166
           -8312.728  846194           93
           -8312.728  85462            51
           -8312.728  354559           73
           -8312.728  714455           476
           -8312.728  301717           823
           -8312.728  284384           600
           -8312.728  584397           428
           -8312.728  81233            825
           -8312.728  72866            692
           -8312.728  442072           625
           -8312.728  197223           332
           -8312.728  765586           709
           -8312.728  130011           587
           -8312.728  246575           291
           -8312.728  758647           951
           -8312.728  539389           544
           -8312.728  74518            927
           -8312.728  589483           950
           -8312.728  667250           318
           -8312.728  736574           414
           -8312.728  526324           178
           -8312.728  440841           118
           -8312.728  62835            642
           -8312.728  995913           787
           -8312.728  299977           956
           -8312.728  939021           8
           -8312.728  241197           747
           -8312.728  476498           179
           -8312.728  569131           26
           -8312.728  642386           662
           -8312.728  626891           32
           -8312.728  163110           584
           -8312.728  603842           61
           -8312.728  467561           819
           -8312.728  340112           126
           -8369.441  271809           846
           -8392.265  922042           492
           -8392.265  644297           340
           -8392.265  732596           320
           -8396.106  49910            829
           -8406.126  85114            385
           -8406.126  722748           346
           -8406.126  529455           268
           -8406.126  534483           290
           -8406.126  605358           321
           -8406.126  836515           341
           -8406.126  850545           357
           -8406.126  1548             384
           -8406.126  109946           771
           -8406.126  146900           391
           -8406.126  214681           824
           -8406.126  177175           851
           -8406.126  375590           438
           -8406.126  614535           449
           -8406.126  769907           457
           -8418.407  432513           803
           -8418.407  238317           812
           -8418.407  954354           840
           -8418.407  810594           845

21 perturbed starting value run(s) did not converge or were rejected in the third stage.



THE BEST LOGLIKELIHOOD VALUE HAS BEEN REPLICATED.  RERUN WITH AT LEAST TWICE THE
RANDOM STARTS TO CHECK THAT THE BEST LOGLIKELIHOOD IS STILL OBTAINED AND REPLICATED.

     ONE OR MORE PARAMETERS WERE FIXED TO AVOID SINGULARITY OF THE
     INFORMATION MATRIX. THE SINGULARITY IS MOST LIKELY BECAUSE THE
     MODEL IS NOT IDENTIFIED, OR BECAUSE OF EMPTY CELLS IN THE JOINT
     DISTRIBUTION OF THE CATEGORICAL VARIABLES IN THE MODEL.
     THE FOLLOWING PARAMETERS WERE FIXED:
     Parameter 6, %C#1%: I (equality/label)

     THIS MAY ALSO BE DUE TO RESIDUAL VARIANCES CONVERGING TO 0.
     THESE RESIDUAL VARIANCES AND CORRESPONDING COVARIANCES ARE FIXED TO 0.


THE MODEL ESTIMATION TERMINATED NORMALLY



MODEL FIT INFORMATION

Number of Free Parameters                       20

Loglikelihood

          H0 Value                       -8290.461
          H0 Scaling Correction Factor      1.0878
            for MLR

Information Criteria

          Akaike (AIC)                   16620.921
          Bayesian (BIC)                 16700.950
          Sample-Size Adjusted BIC       16637.487
            (n* = (n + 2) / 24)



FINAL CLASS COUNTS AND PROPORTIONS FOR THE LATENT CLASSES
BASED ON THE ESTIMATED MODEL

    Latent
   Classes

       1        122.63949          0.30356
       2        281.36051          0.69644


FINAL CLASS COUNTS AND PROPORTIONS FOR THE LATENT CLASSES
BASED ON ESTIMATED POSTERIOR PROBABILITIES

    Latent
   Classes

       1        122.63949          0.30356
       2        281.36051          0.69644


FINAL CLASS COUNTS AND PROPORTIONS FOR THE LATENT CLASSES
BASED ON THEIR MOST LIKELY LATENT CLASS MEMBERSHIP

Class Counts and Proportions

    Latent
   Classes

       1              104          0.25743
       2              300          0.74257


CLASSIFICATION QUALITY

     Entropy                         0.617


Average Latent Class Probabilities for Most Likely Latent Class Membership (Row)
by Latent Class (Column)

           1        2

    1   0.885    0.115
    2   0.102    0.898


Classification Probabilities for the Most Likely Latent Class Membership (Column)
by Latent Class (Row)

           1        2

    1   0.751    0.249
    2   0.042    0.958


Logits for the Classification Probabilities for the Most Likely Latent Class Membership (Column)
by Latent Class (Row)

              1        2

    1      1.101    0.000
    2     -3.115    0.000


MODEL RESULTS

                                                    Two-Tailed
                    Estimate       S.E.  Est./S.E.    P-Value

Latent Class 1

 I        |
    SAPS_0             1.000      0.000    999.000    999.000
    SAPS_1             1.000      0.000    999.000    999.000
    SAPS_2             1.000      0.000    999.000    999.000
    SAPS_3             1.000      0.000    999.000    999.000
    SAPS_6             1.000      0.000    999.000    999.000
    SAPS_9             1.000      0.000    999.000    999.000
    SAPS_12            1.000      0.000    999.000    999.000
    SAPS_18            1.000      0.000    999.000    999.000
    SAPS_24            1.000      0.000    999.000    999.000

 S        |
    SAPS_0             0.000      0.000    999.000    999.000
    SAPS_1             1.000      0.000    999.000    999.000
    SAPS_2             2.000      0.000    999.000    999.000
    SAPS_3             3.000      0.000    999.000    999.000
    SAPS_6             6.000      0.000    999.000    999.000
    SAPS_9             9.000      0.000    999.000    999.000
    SAPS_12           12.000      0.000    999.000    999.000
    SAPS_18           18.000      0.000    999.000    999.000
    SAPS_24           24.000      0.000    999.000    999.000

 Q        |
    SAPS_0             0.000      0.000    999.000    999.000
    SAPS_1             1.000      0.000    999.000    999.000
    SAPS_2             4.000      0.000    999.000    999.000
    SAPS_3             9.000      0.000    999.000    999.000
    SAPS_6            36.000      0.000    999.000    999.000
    SAPS_9            81.000      0.000    999.000    999.000
    SAPS_12          144.000      0.000    999.000    999.000
    SAPS_18          324.000      0.000    999.000    999.000
    SAPS_24          576.000      0.000    999.000    999.000

 CUB      |
    SAPS_0             0.000      0.000    999.000    999.000
    SAPS_1             1.000      0.000    999.000    999.000
    SAPS_2             8.000      0.000    999.000    999.000
    SAPS_3            27.000      0.000    999.000    999.000
    SAPS_6           216.000      0.000    999.000    999.000
    SAPS_9           729.000      0.000    999.000    999.000
    SAPS_12         1728.000      0.000    999.000    999.000
    SAPS_18         5832.000      0.000    999.000    999.000
    SAPS_24        13824.000      0.000    999.000    999.000

 I        WITH
    S                  0.000      0.000    999.000    999.000
    Q                  0.000      0.000    999.000    999.000
    CUB                0.000      0.000    999.000    999.000

 S        WITH
    Q                  0.000      0.000    999.000    999.000
    CUB                0.000      0.000    999.000    999.000

 Q        WITH
    CUB                0.000      0.000    999.000    999.000

 Means
    I                  7.845      0.771     10.169      0.000
    S                 -2.073      0.368     -5.637      0.000
    Q                  0.178      0.040      4.428      0.000
    CUB               -0.004      0.001     -3.295      0.001

 Intercepts
    SAPS_0             0.000      0.000    999.000    999.000
    SAPS_1             0.000      0.000    999.000    999.000
    SAPS_2             0.000      0.000    999.000    999.000
    SAPS_3             0.000      0.000    999.000    999.000
    SAPS_6             0.000      0.000    999.000    999.000
    SAPS_9             0.000      0.000    999.000    999.000
    SAPS_12            0.000      0.000    999.000    999.000
    SAPS_18            0.000      0.000    999.000    999.000
    SAPS_24            0.000      0.000    999.000    999.000

 Variances
    I                  0.000      0.000    999.000    999.000
    S                  0.000      0.000    999.000    999.000
    Q                  0.000      0.000    999.000    999.000
    CUB                0.000      0.000    999.000    999.000

 Residual Variances
    SAPS_0            17.410      1.186     14.677      0.000
    SAPS_1            17.410      1.186     14.677      0.000
    SAPS_2            17.410      1.186     14.677      0.000
    SAPS_3            17.410      1.186     14.677      0.000
    SAPS_6            17.410      1.186     14.677      0.000
    SAPS_9            17.410      1.186     14.677      0.000
    SAPS_12           17.410      1.186     14.677      0.000
    SAPS_18           17.410      1.186     14.677      0.000
    SAPS_24           17.410      1.186     14.677      0.000

Latent Class 2

 I        |
    SAPS_0             1.000      0.000    999.000    999.000
    SAPS_1             1.000      0.000    999.000    999.000
    SAPS_2             1.000      0.000    999.000    999.000
    SAPS_3             1.000      0.000    999.000    999.000
    SAPS_6             1.000      0.000    999.000    999.000
    SAPS_9             1.000      0.000    999.000    999.000
    SAPS_12            1.000      0.000    999.000    999.000
    SAPS_18            1.000      0.000    999.000    999.000
    SAPS_24            1.000      0.000    999.000    999.000

 S        |
    SAPS_0             0.000      0.000    999.000    999.000
    SAPS_1             1.000      0.000    999.000    999.000
    SAPS_2             2.000      0.000    999.000    999.000
    SAPS_3             3.000      0.000    999.000    999.000
    SAPS_6             6.000      0.000    999.000    999.000
    SAPS_9             9.000      0.000    999.000    999.000
    SAPS_12           12.000      0.000    999.000    999.000
    SAPS_18           18.000      0.000    999.000    999.000
    SAPS_24           24.000      0.000    999.000    999.000

 Q        |
    SAPS_0             0.000      0.000    999.000    999.000
    SAPS_1             1.000      0.000    999.000    999.000
    SAPS_2             4.000      0.000    999.000    999.000
    SAPS_3             9.000      0.000    999.000    999.000
    SAPS_6            36.000      0.000    999.000    999.000
    SAPS_9            81.000      0.000    999.000    999.000
    SAPS_12          144.000      0.000    999.000    999.000
    SAPS_18          324.000      0.000    999.000    999.000
    SAPS_24          576.000      0.000    999.000    999.000

 CUB      |
    SAPS_0             0.000      0.000    999.000    999.000
    SAPS_1             1.000      0.000    999.000    999.000
    SAPS_2             8.000      0.000    999.000    999.000
    SAPS_3            27.000      0.000    999.000    999.000
    SAPS_6           216.000      0.000    999.000    999.000
    SAPS_9           729.000      0.000    999.000    999.000
    SAPS_12         1728.000      0.000    999.000    999.000
    SAPS_18         5832.000      0.000    999.000    999.000
    SAPS_24        13824.000      0.000    999.000    999.000

 I        WITH
    S                  0.000      0.000    999.000    999.000
    Q                  0.000      0.000    999.000    999.000
    CUB                0.000      0.000    999.000    999.000

 S        WITH
    Q                  0.000      0.000    999.000    999.000
    CUB                0.000      0.000    999.000    999.000

 Q        WITH
    CUB                0.000      0.000    999.000    999.000

 Means
    I                  6.811      0.351     19.411      0.000
    S                 -2.471      0.119    -20.847      0.000
    Q                  0.219      0.012     18.413      0.000
    CUB               -0.005      0.000    -16.728      0.000

 Intercepts
    SAPS_0             0.000      0.000    999.000    999.000
    SAPS_1             0.000      0.000    999.000    999.000
    SAPS_2             0.000      0.000    999.000    999.000
    SAPS_3             0.000      0.000    999.000    999.000
    SAPS_6             0.000      0.000    999.000    999.000
    SAPS_9             0.000      0.000    999.000    999.000
    SAPS_12            0.000      0.000    999.000    999.000
    SAPS_18            0.000      0.000    999.000    999.000
    SAPS_24            0.000      0.000    999.000    999.000

 Variances
    I                  0.000      0.000    999.000    999.000
    S                  0.000      0.000    999.000    999.000
    Q                  0.000      0.000    999.000    999.000
    CUB                0.000      0.000    999.000    999.000

 Residual Variances
    SAPS_0             6.774      0.445     15.206      0.000
    SAPS_1             6.774      0.445     15.206      0.000
    SAPS_2             6.774      0.445     15.206      0.000
    SAPS_3             6.774      0.445     15.206      0.000
    SAPS_6             6.774      0.445     15.206      0.000
    SAPS_9             6.774      0.445     15.206      0.000
    SAPS_12            6.774      0.445     15.206      0.000
    SAPS_18            6.774      0.445     15.206      0.000
    SAPS_24            6.774      0.445     15.206      0.000

Categorical Latent Variables

 Means
    C#1               -0.830      0.240     -3.463      0.001

Skew and Df Parameters

Latent Class 1

    I                  1.024      0.730      1.401      0.161
    S                  0.281      0.321      0.875      0.382
    Q                  0.006      0.044      0.137      0.891
    CUB               -0.001      0.001     -0.502      0.616

Latent Class 2

    I                  3.110      0.332      9.377      0.000
    S                  0.664      0.127      5.244      0.000
    Q                 -0.077      0.013     -5.940      0.000
    CUB                0.002      0.000      5.636      0.000


QUALITY OF NUMERICAL RESULTS

     Condition Number for the Information Matrix              0.587E-08
       (ratio of smallest to largest eigenvalue)


STANDARDIZED MODEL RESULTS

                      StdYX       StdY        Std
                    Estimate   Estimate   Estimate

Latent Class 1

 I        |
    SAPS_0             0.146      0.146      0.617
    SAPS_1             0.145      0.145      0.617
    SAPS_2             0.144      0.144      0.617
    SAPS_3             0.143      0.143      0.617
    SAPS_6             0.137      0.137      0.617
    SAPS_9             0.132      0.132      0.617
    SAPS_12            0.128      0.128      0.617
    SAPS_18            0.130      0.130      0.617
    SAPS_24            0.146      0.146      0.617

 S        |
    SAPS_0             0.000      0.000      0.000
    SAPS_1             0.040      0.040      0.169
    SAPS_2             0.079      0.079      0.338
    SAPS_3             0.117      0.117      0.508
    SAPS_6             0.226      0.226      1.015
    SAPS_9             0.326      0.326      1.523
    SAPS_12            0.421      0.421      2.030
    SAPS_18            0.640      0.640      3.045
    SAPS_24            0.960      0.960      4.060

 Q        |
    SAPS_0             0.000      0.000      0.000
    SAPS_1             0.001      0.001      0.004
    SAPS_2             0.003      0.003      0.015
    SAPS_3             0.008      0.008      0.033
    SAPS_6             0.029      0.029      0.131
    SAPS_9             0.063      0.063      0.295
    SAPS_12            0.109      0.109      0.524
    SAPS_18            0.248      0.248      1.178
    SAPS_24            0.495      0.495      2.095

 CUB      |
    SAPS_0             0.000      0.000      0.000
    SAPS_1             0.000      0.000      0.000
    SAPS_2             0.001      0.001      0.004
    SAPS_3             0.003      0.003      0.012
    SAPS_6             0.021      0.021      0.095
    SAPS_9             0.068      0.068      0.320
    SAPS_12            0.157      0.157      0.758
    SAPS_18            0.538      0.538      2.560
    SAPS_24            1.434      1.434      6.068

 I        WITH
    S                999.000    999.000    999.000
    Q                999.000    999.000    999.000
    CUB              999.000    999.000    999.000

 S        WITH
    Q                999.000    999.000    999.000
    CUB              999.000    999.000    999.000

 Q        WITH
    CUB              999.000    999.000    999.000

 Means
    I                 12.713     12.713     12.713
    S                -12.252    -12.252    -12.252
    Q                 48.906     48.906     48.906
    CUB               -9.255     -9.255     -9.255

 Intercepts
    SAPS_0             0.000      0.000      0.000
    SAPS_1             0.000      0.000      0.000
    SAPS_2             0.000      0.000      0.000
    SAPS_3             0.000      0.000      0.000
    SAPS_6             0.000      0.000      0.000
    SAPS_9             0.000      0.000      0.000
    SAPS_12            0.000      0.000      0.000
    SAPS_18            0.000      0.000      0.000
    SAPS_24            0.000      0.000      0.000

 Variances
    I                  0.000      0.000      0.000
    S                  0.000    999.000    999.000
    Q                  0.000    999.000    999.000
    CUB                0.000    999.000    999.000

 Residual Variances
    SAPS_0             0.979      0.979     17.410
    SAPS_1             0.965      0.965     17.410
    SAPS_2             0.949      0.949     17.410
    SAPS_3             0.930      0.930     17.410
    SAPS_6             0.862      0.862     17.410
    SAPS_9             0.796      0.796     17.410
    SAPS_12            0.749      0.749     17.410
    SAPS_18            0.770      0.770     17.410
    SAPS_24            0.972      0.972     17.410

Latent Class 2

 I        |
    SAPS_0             0.585      0.585      1.875
    SAPS_1             0.547      0.547      1.875
    SAPS_2             0.520      0.520      1.875
    SAPS_3             0.501      0.501      1.875
    SAPS_6             0.484      0.484      1.875
    SAPS_9             0.509      0.509      1.875
    SAPS_12            0.560      0.560      1.875
    SAPS_18            0.656      0.656      1.875
    SAPS_24            0.602      0.602      1.875

 S        |
    SAPS_0             0.000      0.000      0.000
    SAPS_1             0.117      0.117      0.400
    SAPS_2             0.222      0.222      0.801
    SAPS_3             0.321      0.321      1.201
    SAPS_6             0.620      0.620      2.402
    SAPS_9             0.979      0.979      3.603
    SAPS_12            1.436      1.436      4.804
    SAPS_18            2.521      2.521      7.207
    SAPS_24            3.085      3.085      9.609

 Q        |
    SAPS_0             0.000      0.000      0.000
    SAPS_1             0.014      0.014      0.047
    SAPS_2             0.052      0.052      0.186
    SAPS_3             0.112      0.112      0.420
    SAPS_6             0.433      0.433      1.678
    SAPS_9             1.026      1.026      3.776
    SAPS_12            2.006      2.006      6.712
    SAPS_18            5.282      5.282     15.103
    SAPS_24            8.619      8.619     26.850

 CUB      |
    SAPS_0             0.000      0.000      0.000
    SAPS_1             0.000      0.000      0.001
    SAPS_2             0.003      0.003      0.010
    SAPS_3             0.009      0.009      0.033
    SAPS_6             0.069      0.069      0.267
    SAPS_9             0.245      0.245      0.901
    SAPS_12            0.638      0.638      2.135
    SAPS_18            2.520      2.520      7.205
    SAPS_24            5.482      5.482     17.077

 I        WITH
    S                999.000    999.000    999.000
    Q                999.000    999.000    999.000
    CUB              999.000    999.000    999.000

 S        WITH
    Q                999.000    999.000    999.000
    CUB              999.000    999.000    999.000

 Q        WITH
    CUB              999.000    999.000    999.000

 Means
    I                  3.633      3.633      3.633
    S                 -6.171     -6.171     -6.171
    Q                  4.692      4.692      4.692
    CUB               -4.328     -4.328     -4.328

 Intercepts
    SAPS_0             0.000      0.000      0.000
    SAPS_1             0.000      0.000      0.000
    SAPS_2             0.000      0.000      0.000
    SAPS_3             0.000      0.000      0.000
    SAPS_6             0.000      0.000      0.000
    SAPS_9             0.000      0.000      0.000
    SAPS_12            0.000      0.000      0.000
    SAPS_18            0.000      0.000      0.000
    SAPS_24            0.000      0.000      0.000

 Variances
    I                  0.000      0.000      0.000
    S                  0.000    999.000    999.000
    Q                  0.000    999.000    999.000
    CUB                0.000    999.000    999.000

 Residual Variances
    SAPS_0             0.658      0.658      6.774
    SAPS_1             0.577      0.577      6.774
    SAPS_2             0.520      0.520      6.774
    SAPS_3             0.484      0.484      6.774
    SAPS_6             0.452      0.452      6.774
    SAPS_9             0.500      0.500      6.774
    SAPS_12            0.605      0.605      6.774
    SAPS_18            0.829      0.829      6.774
    SAPS_24            0.698      0.698      6.774


R-SQUARE

Class 1

    Observed
    Variable        Estimate

    SAPS_0             0.021
    SAPS_1             0.035
    SAPS_2             0.051
    SAPS_3             0.070
    SAPS_6             0.138
    SAPS_9             0.204
    SAPS_12            0.251
    SAPS_18            0.230
    SAPS_24            0.028

Class 2

    Observed
    Variable        Estimate

    SAPS_0             0.342
    SAPS_1             0.423
    SAPS_2             0.480
    SAPS_3             0.516
    SAPS_6             0.548
    SAPS_9             0.500
    SAPS_12            0.395
    SAPS_18            0.171
    SAPS_24            0.302


CONFIDENCE INTERVALS OF MODEL RESULTS

                  Lower .5%  Lower 2.5%    Lower 5%    Estimate    Upper 5%  Upper 2.5%   Upper .5%

Latent Class 1

 I        |
    SAPS_0           1.000       1.000       1.000       1.000       1.000       1.000       1.000
    SAPS_1           1.000       1.000       1.000       1.000       1.000       1.000       1.000
    SAPS_2           1.000       1.000       1.000       1.000       1.000       1.000       1.000
    SAPS_3           1.000       1.000       1.000       1.000       1.000       1.000       1.000
    SAPS_6           1.000       1.000       1.000       1.000       1.000       1.000       1.000
    SAPS_9           1.000       1.000       1.000       1.000       1.000       1.000       1.000
    SAPS_12          1.000       1.000       1.000       1.000       1.000       1.000       1.000
    SAPS_18          1.000       1.000       1.000       1.000       1.000       1.000       1.000
    SAPS_24          1.000       1.000       1.000       1.000       1.000       1.000       1.000

 S        |
    SAPS_0           0.000       0.000       0.000       0.000       0.000       0.000       0.000
    SAPS_1           1.000       1.000       1.000       1.000       1.000       1.000       1.000
    SAPS_2           2.000       2.000       2.000       2.000       2.000       2.000       2.000
    SAPS_3           3.000       3.000       3.000       3.000       3.000       3.000       3.000
    SAPS_6           6.000       6.000       6.000       6.000       6.000       6.000       6.000
    SAPS_9           9.000       9.000       9.000       9.000       9.000       9.000       9.000
    SAPS_12         12.000      12.000      12.000      12.000      12.000      12.000      12.000
    SAPS_18         18.000      18.000      18.000      18.000      18.000      18.000      18.000
    SAPS_24         24.000      24.000      24.000      24.000      24.000      24.000      24.000

 Q        |
    SAPS_0           0.000       0.000       0.000       0.000       0.000       0.000       0.000
    SAPS_1           1.000       1.000       1.000       1.000       1.000       1.000       1.000
    SAPS_2           4.000       4.000       4.000       4.000       4.000       4.000       4.000
    SAPS_3           9.000       9.000       9.000       9.000       9.000       9.000       9.000
    SAPS_6          36.000      36.000      36.000      36.000      36.000      36.000      36.000
    SAPS_9          81.000      81.000      81.000      81.000      81.000      81.000      81.000
    SAPS_12        144.000     144.000     144.000     144.000     144.000     144.000     144.000
    SAPS_18        324.000     324.000     324.000     324.000     324.000     324.000     324.000
    SAPS_24        576.000     576.000     576.000     576.000     576.000     576.000     576.000

 CUB      |
    SAPS_0           0.000       0.000       0.000       0.000       0.000       0.000       0.000
    SAPS_1           1.000       1.000       1.000       1.000       1.000       1.000       1.000
    SAPS_2           8.000       8.000       8.000       8.000       8.000       8.000       8.000
    SAPS_3          27.000      27.000      27.000      27.000      27.000      27.000      27.000
    SAPS_6         216.000     216.000     216.000     216.000     216.000     216.000     216.000
    SAPS_9         729.000     729.000     729.000     729.000     729.000     729.000     729.000
    SAPS_12       1728.000    1728.000    1728.000    1728.000    1728.000    1728.000    1728.000
    SAPS_18       5832.000    5832.000    5832.000    5832.000    5832.000    5832.000    5832.000
    SAPS_24      13824.000   13824.000   13824.000   13824.000   13824.000   13824.000   13824.000

 I        WITH
    S                0.000       0.000       0.000       0.000       0.000       0.000       0.000
    Q                0.000       0.000       0.000       0.000       0.000       0.000       0.000
    CUB              0.000       0.000       0.000       0.000       0.000       0.000       0.000

 S        WITH
    Q                0.000       0.000       0.000       0.000       0.000       0.000       0.000
    CUB              0.000       0.000       0.000       0.000       0.000       0.000       0.000

 Q        WITH
    CUB              0.000       0.000       0.000       0.000       0.000       0.000       0.000

 Means
    I                5.858       6.333       6.576       7.845       9.114       9.357       9.832
    S               -3.020      -2.793      -2.678      -2.073      -1.468      -1.352      -1.126
    Q                0.074       0.099       0.112       0.178       0.244       0.257       0.281
    CUB             -0.007      -0.006      -0.006      -0.004      -0.002      -0.002      -0.001

 Intercepts
    SAPS_0           0.000       0.000       0.000       0.000       0.000       0.000       0.000
    SAPS_1           0.000       0.000       0.000       0.000       0.000       0.000       0.000
    SAPS_2           0.000       0.000       0.000       0.000       0.000       0.000       0.000
    SAPS_3           0.000       0.000       0.000       0.000       0.000       0.000       0.000
    SAPS_6           0.000       0.000       0.000       0.000       0.000       0.000       0.000
    SAPS_9           0.000       0.000       0.000       0.000       0.000       0.000       0.000
    SAPS_12          0.000       0.000       0.000       0.000       0.000       0.000       0.000
    SAPS_18          0.000       0.000       0.000       0.000       0.000       0.000       0.000
    SAPS_24          0.000       0.000       0.000       0.000       0.000       0.000       0.000

 Variances
    I                0.000       0.000       0.000       0.000       0.000       0.000       0.000
    S                0.000       0.000       0.000       0.000       0.000       0.000       0.000
    Q                0.000       0.000       0.000       0.000       0.000       0.000       0.000
    CUB              0.000       0.000       0.000       0.000       0.000       0.000       0.000

 Residual Variances
    SAPS_0          14.354      15.085      15.458      17.410      19.361      19.735      20.465
    SAPS_1          14.354      15.085      15.458      17.410      19.361      19.735      20.465
    SAPS_2          14.354      15.085      15.458      17.410      19.361      19.735      20.465
    SAPS_3          14.354      15.085      15.458      17.410      19.361      19.735      20.465
    SAPS_6          14.354      15.085      15.458      17.410      19.361      19.735      20.465
    SAPS_9          14.354      15.085      15.458      17.410      19.361      19.735      20.465
    SAPS_12         14.354      15.085      15.458      17.410      19.361      19.735      20.465
    SAPS_18         14.354      15.085      15.458      17.410      19.361      19.735      20.465
    SAPS_24         14.354      15.085      15.458      17.410      19.361      19.735      20.465

Latent Class 2

 I        |
    SAPS_0           1.000       1.000       1.000       1.000       1.000       1.000       1.000
    SAPS_1           1.000       1.000       1.000       1.000       1.000       1.000       1.000
    SAPS_2           1.000       1.000       1.000       1.000       1.000       1.000       1.000
    SAPS_3           1.000       1.000       1.000       1.000       1.000       1.000       1.000
    SAPS_6           1.000       1.000       1.000       1.000       1.000       1.000       1.000
    SAPS_9           1.000       1.000       1.000       1.000       1.000       1.000       1.000
    SAPS_12          1.000       1.000       1.000       1.000       1.000       1.000       1.000
    SAPS_18          1.000       1.000       1.000       1.000       1.000       1.000       1.000
    SAPS_24          1.000       1.000       1.000       1.000       1.000       1.000       1.000

 S        |
    SAPS_0           0.000       0.000       0.000       0.000       0.000       0.000       0.000
    SAPS_1           1.000       1.000       1.000       1.000       1.000       1.000       1.000
    SAPS_2           2.000       2.000       2.000       2.000       2.000       2.000       2.000
    SAPS_3           3.000       3.000       3.000       3.000       3.000       3.000       3.000
    SAPS_6           6.000       6.000       6.000       6.000       6.000       6.000       6.000
    SAPS_9           9.000       9.000       9.000       9.000       9.000       9.000       9.000
    SAPS_12         12.000      12.000      12.000      12.000      12.000      12.000      12.000
    SAPS_18         18.000      18.000      18.000      18.000      18.000      18.000      18.000
    SAPS_24         24.000      24.000      24.000      24.000      24.000      24.000      24.000

 Q        |
    SAPS_0           0.000       0.000       0.000       0.000       0.000       0.000       0.000
    SAPS_1           1.000       1.000       1.000       1.000       1.000       1.000       1.000
    SAPS_2           4.000       4.000       4.000       4.000       4.000       4.000       4.000
    SAPS_3           9.000       9.000       9.000       9.000       9.000       9.000       9.000
    SAPS_6          36.000      36.000      36.000      36.000      36.000      36.000      36.000
    SAPS_9          81.000      81.000      81.000      81.000      81.000      81.000      81.000
    SAPS_12        144.000     144.000     144.000     144.000     144.000     144.000     144.000
    SAPS_18        324.000     324.000     324.000     324.000     324.000     324.000     324.000
    SAPS_24        576.000     576.000     576.000     576.000     576.000     576.000     576.000

 CUB      |
    SAPS_0           0.000       0.000       0.000       0.000       0.000       0.000       0.000
    SAPS_1           1.000       1.000       1.000       1.000       1.000       1.000       1.000
    SAPS_2           8.000       8.000       8.000       8.000       8.000       8.000       8.000
    SAPS_3          27.000      27.000      27.000      27.000      27.000      27.000      27.000
    SAPS_6         216.000     216.000     216.000     216.000     216.000     216.000     216.000
    SAPS_9         729.000     729.000     729.000     729.000     729.000     729.000     729.000
    SAPS_12       1728.000    1728.000    1728.000    1728.000    1728.000    1728.000    1728.000
    SAPS_18       5832.000    5832.000    5832.000    5832.000    5832.000    5832.000    5832.000
    SAPS_24      13824.000   13824.000   13824.000   13824.000   13824.000   13824.000   13824.000

 I        WITH
    S                0.000       0.000       0.000       0.000       0.000       0.000       0.000
    Q                0.000       0.000       0.000       0.000       0.000       0.000       0.000
    CUB              0.000       0.000       0.000       0.000       0.000       0.000       0.000

 S        WITH
    Q                0.000       0.000       0.000       0.000       0.000       0.000       0.000
    CUB              0.000       0.000       0.000       0.000       0.000       0.000       0.000

 Q        WITH
    CUB              0.000       0.000       0.000       0.000       0.000       0.000       0.000

 Means
    I                5.908       6.124       6.234       6.811       7.389       7.499       7.715
    S               -2.776      -2.703      -2.666      -2.471      -2.276      -2.238      -2.165
    Q                0.188       0.195       0.199       0.219       0.238       0.242       0.249
    CUB             -0.006      -0.006      -0.006      -0.005      -0.005      -0.005      -0.005

 Intercepts
    SAPS_0           0.000       0.000       0.000       0.000       0.000       0.000       0.000
    SAPS_1           0.000       0.000       0.000       0.000       0.000       0.000       0.000
    SAPS_2           0.000       0.000       0.000       0.000       0.000       0.000       0.000
    SAPS_3           0.000       0.000       0.000       0.000       0.000       0.000       0.000
    SAPS_6           0.000       0.000       0.000       0.000       0.000       0.000       0.000
    SAPS_9           0.000       0.000       0.000       0.000       0.000       0.000       0.000
    SAPS_12          0.000       0.000       0.000       0.000       0.000       0.000       0.000
    SAPS_18          0.000       0.000       0.000       0.000       0.000       0.000       0.000
    SAPS_24          0.000       0.000       0.000       0.000       0.000       0.000       0.000

 Variances
    I                0.000       0.000       0.000       0.000       0.000       0.000       0.000
    S                0.000       0.000       0.000       0.000       0.000       0.000       0.000
    Q                0.000       0.000       0.000       0.000       0.000       0.000       0.000
    CUB              0.000       0.000       0.000       0.000       0.000       0.000       0.000

 Residual Variances
    SAPS_0           5.627       5.901       6.041       6.774       7.507       7.647       7.922
    SAPS_1           5.627       5.901       6.041       6.774       7.507       7.647       7.922
    SAPS_2           5.627       5.901       6.041       6.774       7.507       7.647       7.922
    SAPS_3           5.627       5.901       6.041       6.774       7.507       7.647       7.922
    SAPS_6           5.627       5.901       6.041       6.774       7.507       7.647       7.922
    SAPS_9           5.627       5.901       6.041       6.774       7.507       7.647       7.922
    SAPS_12          5.627       5.901       6.041       6.774       7.507       7.647       7.922
    SAPS_18          5.627       5.901       6.041       6.774       7.507       7.647       7.922
    SAPS_24          5.627       5.901       6.041       6.774       7.507       7.647       7.922

Categorical Latent Variables

 Means
    C#1             -1.448      -1.300      -1.225      -0.830      -0.436      -0.360      -0.213

Skew and Df Parameters

Latent Class 1

    I               -0.858      -0.408      -0.178       1.024       2.225       2.455       2.905
    S               -0.546      -0.348      -0.247       0.281       0.808       0.909       1.107
    Q               -0.108      -0.080      -0.067       0.006       0.079       0.092       0.120
    CUB             -0.004      -0.004      -0.003      -0.001       0.002       0.002       0.003

Latent Class 2

    I                2.256       2.460       2.565       3.110       3.656       3.761       3.965
    S                0.338       0.416       0.456       0.664       0.873       0.912       0.990
    Q               -0.111      -0.103      -0.099      -0.077      -0.056      -0.052      -0.044
    CUB              0.001       0.001       0.001       0.002       0.003       0.003       0.003


TECHNICAL 7 OUTPUT


     SAMPLE STATISTICS WEIGHTED BY ESTIMATED CLASS PROBABILITIES FOR CLASS 1


           Means
              SAPS_0        SAPS_1        SAPS_2        SAPS_3        SAPS_6
              ________      ________      ________      ________      ________
               12.025         4.676         3.159         3.129         4.273


           Means
              SAPS_9        SAPS_12       SAPS_18       SAPS_24
              ________      ________      ________      ________
                4.869         5.908         5.156         5.952


           Covariances
              SAPS_0        SAPS_1        SAPS_2        SAPS_3        SAPS_6
              ________      ________      ________      ________      ________
 SAPS_0        12.269
 SAPS_1         2.609        12.073
 SAPS_2         1.182         5.620         8.667
 SAPS_3         2.018         2.412         5.258        12.671
 SAPS_6         0.559         2.770         2.471         3.654        14.523
 SAPS_9        -1.082         0.509         3.283         3.895         5.059
 SAPS_12        1.289         3.311         2.186         4.742         5.261
 SAPS_18       -2.211         4.044         4.456         5.572         3.815
 SAPS_24       -0.858        -1.047        -0.659         3.354        -0.953


           Covariances
              SAPS_9        SAPS_12       SAPS_18       SAPS_24
              ________      ________      ________      ________
 SAPS_9        17.450
 SAPS_12        4.092        20.747
 SAPS_18        3.694         2.521        21.693
 SAPS_24       -1.160        -0.848         3.064        23.090


     SAMPLE STATISTICS WEIGHTED BY ESTIMATED CLASS PROBABILITIES FOR CLASS 2


           Means
              SAPS_0        SAPS_1        SAPS_2        SAPS_3        SAPS_6
              ________      ________      ________      ________      ________
               11.240         5.889         4.392         3.574         3.241


           Means
              SAPS_9        SAPS_12       SAPS_18       SAPS_24
              ________      ________      ________      ________
                2.660         2.594         2.501         2.167


           Covariances
              SAPS_0        SAPS_1        SAPS_2        SAPS_3        SAPS_6
              ________      ________      ________      ________      ________
 SAPS_0         9.614
 SAPS_1         5.805        15.250
 SAPS_2         3.847        11.193        15.028
 SAPS_3         2.555         7.509        10.049        12.984
 SAPS_6         3.250         8.198         9.365         8.210        13.100
 SAPS_9         2.169         5.325         7.181         6.534         7.477
 SAPS_12        2.104         6.564         6.643         6.865         6.346
 SAPS_18        2.218         5.690         5.762         4.582         5.340
 SAPS_24        1.898         5.168         5.758         5.062         4.632


           Covariances
              SAPS_9        SAPS_12       SAPS_18       SAPS_24
              ________      ________      ________      ________
 SAPS_9         8.795
 SAPS_12        5.747         8.576
 SAPS_18        3.466         4.402         7.348
 SAPS_24        4.045         4.328         3.411         7.337


TECHNICAL 11 OUTPUT

     Random Starts Specifications for the k-1 Class Analysis Model
        Number of initial stage random starts                 500
        Number of final stage optimizations                   125



     VUONG-LO-MENDELL-RUBIN LIKELIHOOD RATIO TEST FOR 1 (H0) VERSUS 2 CLASSES

          H0 Loglikelihood Value                        -8406.126
          2 Times the Loglikelihood Difference            231.330
          Difference in the Number of Parameters               11
          Mean                                             13.995
          Standard Deviation                               19.789
          P-Value                                          0.0000

     LO-MENDELL-RUBIN ADJUSTED LRT TEST

          Value                                           227.878
          P-Value                                          0.0000


SAMPLE STATISTICS FOR ESTIMATED FACTOR SCORES


     SAMPLE STATISTICS


           Means
              I             S             Q             CUB           C_I
              ________      ________      ________      ________      ________
                9.073        -1.919         0.165        -0.004         9.124


           Means
              C_S           C_Q           C_CUB
              ________      ________      ________
               -1.919         0.164        -0.004


           Covariances
              I             S             Q             CUB           C_I
              ________      ________      ________      ________      ________
 I              2.136
 S              0.447         0.101
 Q             -0.051        -0.010         0.001
 CUB            0.001         0.000         0.000         0.000
 C_I            2.264         0.472        -0.054         0.001         2.440
 C_S            0.466         0.105        -0.011         0.000         0.496
 C_Q           -0.055        -0.011         0.001         0.000        -0.060
 C_CUB          0.001         0.000         0.000         0.000         0.001


           Covariances
              C_S           C_Q           C_CUB
              ________      ________      ________
 C_S            0.111
 C_Q           -0.012         0.002
 C_CUB          0.000         0.000         0.000


           Correlations
              I             S             Q             CUB           C_I
              ________      ________      ________      ________      ________
 I              1.000
 S              0.964         1.000
 Q             -0.973        -0.898         1.000
 CUB            0.660         0.608        -0.693         1.000
 C_I            0.992         0.952        -0.967         0.649         1.000
 C_S            0.958         0.994        -0.894         0.595         0.955
 C_Q           -0.962        -0.885         0.985        -0.673        -0.977
 C_CUB          0.665         0.604        -0.695         0.972         0.675


           Correlations
              C_S           C_Q           C_CUB
              ________      ________      ________
 C_S            1.000
 C_Q           -0.893         1.000
 C_CUB          0.595        -0.705         1.000


SAVEDATA INFORMATION


  Save file
    GMM_CI_is@0q@0cub@0_C_est.dat

  Order and format of variables

    SAPS_0         F10.3
    SAPS_1         F10.3
    SAPS_2         F10.3
    SAPS_3         F10.3
    SAPS_6         F10.3
    SAPS_9         F10.3
    SAPS_12        F10.3
    SAPS_18        F10.3
    SAPS_24        F10.3
    I              F10.3
    S              F10.3
    Q              F10.3
    CUB            F10.3
    C_I            F10.3
    C_S            F10.3
    C_Q            F10.3
    C_CUB          F10.3
    CPROB1         F10.3
    CPROB2         F10.3
    C              F10.3
    PIN            I4

  Save file format
    20F10.3 I4

  Save file record length    10000

  Save missing symbol        *


     Beginning Time:  15:59:46
        Ending Time:  16:07:26
       Elapsed Time:  00:07:40



MUTHEN & MUTHEN
3463 Stoner Ave.
Los Angeles, CA  90066

Tel: (310) 391-9971
Fax: (310) 391-8971
Web: www.StatModel.com
Support: Support@StatModel.com

Copyright (c) 1998-2021 Muthen & Muthen
