Mplus VERSION 8.6 (Mac)
MUTHEN & MUTHEN
09/05/2023   7:54 PM

INPUT INSTRUCTIONS

  TITLE:
  GMM_CV_isq_T
  DATA:
  FILE = "/Users/olivierpercie/Desktop/LGM/SOFAS/689/SOFAS/Results/GMM/CV/isq/GMM11.dat";

  VARIABLE:
  NAMES = pin SOFAS_0 SOFAS_12 SOFAS_24;
   MISSING=.;
   USEVAR = SOFAS_0 SOFAS_12 SOFAS_24;
  IDVAR = pin;
  CLASSES = c(2);
  ANALYSIS:
  TYPE = MIXTURE;
  STARTS = 4000 1000;
  K-1STARTS = 2000 500;
  DISTRIBUTION = NORMAL;
  PROCESSORS = 8;
  MODEL:
  %OVERALL%
  i s q | SOFAS_0@0 SOFAS_12@12 SOFAS_24@24;
  i s q;
  i WITH s q;
  s WITH q;
  SOFAS_0 SOFAS_12 SOFAS_24;
  %C#1%
  i s q;
  i WITH s q;
  s WITH q;
  SOFAS_0 (1);
  SOFAS_12 (2);
  SOFAS_24 (3);
  %C#2%
  i s q;
  i WITH s q;
  s WITH q;
  SOFAS_0 (1);
  SOFAS_12 (2);
  SOFAS_24 (3);
  OUTPUT:
  TECH7;
  TECH11;
  SAMPSTAT;
  STANDARDIZED;
  CINTERVAL;
  SAVEDATA:
  FILE = GMM_CV_isq_T_est.dat;
  SAVE = CPROBABILITIES FSCORES;



*** WARNING
  Data set contains cases with missing on all variables.
  These cases were not included in the analysis.
  Number of cases with missing on all variables:  39
   1 WARNING(S) FOUND IN THE INPUT INSTRUCTIONS




GMM_CV_isq_T

SUMMARY OF ANALYSIS

Number of groups                                                 1
Number of observations                                         650

Number of dependent variables                                    3
Number of independent variables                                  0
Number of continuous latent variables                            3
Number of categorical latent variables                           1

Observed dependent variables

  Continuous
   SOFAS_0     SOFAS_12    SOFAS_24

Continuous latent variables
   I           S           Q

Categorical latent variables
   C

Variables with special functions

  ID variable           PIN

Estimator                                                      MLR
Information matrix                                        OBSERVED
Optimization Specifications for the Quasi-Newton Algorithm for
Continuous Outcomes
  Maximum number of iterations                                 100
  Convergence criterion                                  0.100D-05
Optimization Specifications for the EM Algorithm
  Maximum number of iterations                                 500
  Convergence criteria
    Loglikelihood change                                 0.100D-06
    Relative loglikelihood change                        0.100D-06
    Derivative                                           0.100D-05
Optimization Specifications for the M step of the EM Algorithm for
Categorical Latent variables
  Number of M step iterations                                    1
  M step convergence criterion                           0.100D-05
  Basis for M step termination                           ITERATION
Optimization Specifications for the M step of the EM Algorithm for
Censored, Binary or Ordered Categorical (Ordinal), Unordered
Categorical (Nominal) and Count Outcomes
  Number of M step iterations                                    1
  M step convergence criterion                           0.100D-05
  Basis for M step termination                           ITERATION
  Maximum value for logit thresholds                            15
  Minimum value for logit thresholds                           -15
  Minimum expected cell size for chi-square              0.100D-01
Maximum number of iterations for H1                           2000
Convergence criterion for H1                             0.100D-03
Optimization algorithm                                         EMA
Random Starts Specifications
  Number of initial stage random starts                       4000
  Number of final stage optimizations                         1000
  Number of initial stage iterations                            10
  Initial stage convergence criterion                    0.100D+01
  Random starts scale                                    0.500D+01
  Random seed for generating random starts                       0

Input data file(s)
  /Users/olivierpercie/Desktop/LGM/SOFAS/689/SOFAS/Results/GMM/CV/isq/GMM11.dat
Input data format  FREE


SUMMARY OF DATA

     Number of missing data patterns             7
     Number of y missing data patterns           7
     Number of u missing data patterns           0


COVARIANCE COVERAGE OF DATA

Minimum covariance coverage value   0.100


     PROPORTION OF DATA PRESENT FOR Y


           Covariance Coverage
              SOFAS_0       SOFAS_12      SOFAS_24
              ________      ________      ________
 SOFAS_0        0.937
 SOFAS_12       0.629         0.686
 SOFAS_24       0.426         0.388         0.452


SAMPLE STATISTICS


     ESTIMATED SAMPLE STATISTICS


           Means
              SOFAS_0       SOFAS_12      SOFAS_24
              ________      ________      ________
               40.586        61.623        64.583


           Covariances
              SOFAS_0       SOFAS_12      SOFAS_24
              ________      ________      ________
 SOFAS_0      167.781
 SOFAS_12      63.815       298.753
 SOFAS_24      51.633       178.934       325.325


           Correlations
              SOFAS_0       SOFAS_12      SOFAS_24
              ________      ________      ________
 SOFAS_0        1.000
 SOFAS_12       0.285         1.000
 SOFAS_24       0.221         0.574         1.000


     MAXIMUM LOG-LIKELIHOOD VALUE FOR THE UNRESTRICTED (H1) MODEL IS -5526.046


UNIVARIATE SAMPLE STATISTICS


     UNIVARIATE HIGHER-ORDER MOMENT DESCRIPTIVE STATISTICS

         Variable/         Mean/     Skewness/   Minimum/ % with                Percentiles
        Sample Size      Variance    Kurtosis    Maximum  Min/Max      20%/60%    40%/80%    Median

     SOFAS_0              40.558       0.732      15.000    0.16%      30.000     35.000     40.000
             609.000     167.692       0.207      85.000    0.16%      41.000     51.000
     SOFAS_12             61.531      -0.180      20.000    0.22%      45.000     55.000     61.000
             446.000     297.581      -0.825     100.000    0.22%      68.000     80.000
     SOFAS_24             63.724      -0.278       5.000    0.34%      50.000     60.000     65.000
             294.000     327.914      -0.630     100.000    0.68%      70.000     80.000

RANDOM STARTS RESULTS RANKED FROM THE BEST TO THE WORST LOGLIKELIHOOD VALUES


543 perturbed starting value run(s) did not converge or were rejected in the third stage.
Final stage loglikelihood values at local maxima, seeds, and initial stage start numbers:

           -5413.265  611687           1933
           -5413.265  147744           3331
           -5413.265  466971           109
           -5413.265  107446           12
           -5413.265  785023           3454
           -5413.265  784504           1943
           -5478.749  566943           1023
           -5478.749  291388           2571
           -5478.749  958107           790
           -5478.749  398329           3677
           -5478.749  42638            2048
           -5478.749  156147           1186
           -5478.749  364895           1590
           -5478.749  232480           3496
           -5478.749  883789           1967
           -5478.749  443442           380
           -5478.749  606576           151
           -5478.749  360419           356
           -5478.749  552209           2123
           -5478.749  837243           2167
           -5478.749  243072           2286
           -5478.749  415769           1149
           -5478.749  27690            2347
           -5478.749  554483           1182
           -5478.749  321574           1185
           -5478.749  291922           2463
           -5478.749  798541           1266
           -5478.749  780726           1270
           -5478.749  490008           2542
           -5478.749  196940           2579
           -5478.749  369684           1309
           -5478.749  536075           2726
           -5478.749  43393            2751
           -5478.749  667170           1379
           -5478.749  916339           2764
           -5478.749  763867           2897
           -5478.749  185064           1449
           -5478.749  851200           1479
           -5478.749  380941           2968
           -5478.749  398584           2989
           -5478.749  84927            1511
           -5478.749  80226            3041
           -5478.749  16207            1568
           -5478.749  455429           3144
           -5478.749  240994           1598
           -5478.749  627151           1601
           -5478.749  881058           3215
           -5478.749  845580           805
           -5478.749  232249           1629
           -5478.749  85666            1654
           -5478.749  789528           837
           -5478.749  785215           3364
           -5478.749  290366           1715
           -5478.749  255016           1731
           -5478.749  439638           3625
           -5478.749  712638           1827
           -5478.749  420910           928
           -5478.749  733175           1857
           -5478.749  479662           3730
           -5478.749  930218           3738
           -5478.749  990598           3810
           -5478.749  270107           3831
           -5478.749  236935           3873
           -5478.749  614401           3907
           -5478.749  261759           1972
           -5478.749  426708           3987
           -5478.749  53160            3996
           -5478.749  188640           451
           -5478.749  407168           44
           -5478.749  286735           175
           -5478.749  751153           110
           -5478.749  46437            153
           -5478.749  215353           164
           -5478.749  316165           299
           -5478.749  903420           5
           -5478.749  539751           459
           -5478.749  140849           515
           -5478.749  883355           2140
           -5478.749  896960           2150
           -5478.749  247912           537
           -5478.749  813605           2152
           -5478.749  497690           2173
           -5478.749  539389           544
           -5478.749  312061           2184
           -5478.749  387431           2211
           -5478.749  666357           2222
           -5478.749  43897            2230
           -5478.749  410793           1134
           -5478.749  367213           2313
           -5478.749  908201           2317
           -5478.749  261601           1163
           -5478.749  62585            2342
           -5478.749  360597           1174
           -5478.749  52010            2350
           -5478.749  641794           591
           -5478.749  951352           2419
           -5478.749  887941           2425
           -5478.749  588923           606
           -5478.749  309989           2428
           -5478.749  573976           1217
           -5478.749  614032           1226
           -5478.749  805935           615
           -5478.749  432950           1244
           -5478.749  343926           624
           -5478.749  681671           1253
           -5478.749  36642            2509
           -5478.749  377584           630
           -5478.749  871188           1261
           -5478.749  182163           1264
           -5478.749  322790           636
           -5478.749  97300            640
           -5478.749  361131           2563
           -5478.749  877180           2604
           -5478.749  465996           2638
           -5478.749  617658           660
           -5478.749  463409           2648
           -5478.749  81124            2677
           -5478.749  88767            2700
           -5478.749  679890           2703
           -5478.749  654884           1352
           -5478.749  393453           1355
           -5478.749  106561           686
           -5478.749  832850           2779
           -5478.749  321423           2787
           -5478.749  869158           2807
           -5478.749  35191            703
           -5478.749  288190           2844
           -5478.749  667120           2859
           -5478.749  435399           2896
           -5478.749  386915           2902
           -5478.749  177936           726
           -5478.749  251601           2907
           -5478.749  548673           732
           -5478.749  802785           2969
           -5478.749  919217           1501
           -5478.749  10632            3008
           -5478.749  487062           3009
           -5478.749  838944           3018
           -5478.749  627249           1518
           -5478.749  91413            3045
           -5478.749  384859           1530
           -5478.749  474518           3111
           -5478.749  841121           3112
           -5478.749  398349           3156
           -5478.749  227770           3166
           -5478.749  604861           800
           -5478.749  139941           3271
           -5478.749  300697           820
           -5478.749  822358           1667
           -5478.749  561513           3345
           -5478.749  387354           3356
           -5478.749  766824           3385
           -5478.749  540809           3389
           -5478.749  62158            1696
           -5478.749  622568           3402
           -5478.749  177175           851
           -5478.749  178337           1727
           -5478.749  720663           3478
           -5478.749  869564           869
           -5478.749  582916           1747
           -5478.749  18840            3536
           -5478.749  506113           895
           -5478.749  931558           898
           -5478.749  415527           3602
           -5478.749  165382           1816
           -5478.749  704532           3637
           -5478.749  480926           1824
           -5478.749  727375           3649
           -5478.749  821206           1840
           -5478.749  850112           922
           -5478.749  265218           924
           -5478.749  812578           1865
           -5478.749  288706           3789
           -5478.749  528938           1898
           -5478.749  758647           951
           -5478.749  369024           1905
           -5478.749  155749           960
           -5478.749  495366           964
           -5478.749  470038           3874
           -5478.749  608763           3918
           -5478.749  94573            983
           -5478.749  802779           122
           -5478.749  968256           3948
           -5478.749  768537           3994
           -5478.749  690330           2014
           -5478.749  616917           261
           -5478.749  329127           185
           -5478.749  665121           417
           -5478.749  178475           231
           -5478.749  872743           374
           -5478.749  76451            211
           -5478.749  80438            246
           -5478.749  387016           1035
           -5478.749  104688           2107
           -5478.749  453260           1106
           -5478.749  93856            1127
           -5478.749  831410           567
           -5478.749  7033             2329
           -5478.749  374735           1178
           -5478.749  932960           2369
           -5478.749  275864           2426
           -5478.749  738551           1214
           -5478.749  997423           2447
           -5478.749  450181           2760
           -5478.749  703313           1415
           -5478.749  334766           2929
           -5478.749  24384            2932
           -5478.749  236640           3013
           -5478.749  45696            1543
           -5478.749  556697           3174
           -5478.749  168888           817
           -5478.749  698420           3334
           -5478.749  438127           3425
           -5478.749  304444           3594
           -5478.749  511170           1813
           -5478.749  917267           3731
           -5478.749  460304           3764
           -5478.749  62304            1885
           -5478.749  239088           1902
           -5478.749  605784           3836
           -5478.749  129198           1928
           -5478.749  928085           1946
           -5478.749  700298           1555
           -5478.749  832104           2228
           -5478.749  335877           3566
           -5478.749  617243           237
           -5478.749  441118           1091
           -5478.749  90353            2121
           -5478.749  865906           641
           -5478.749  467957           2919
           -5478.749  786248           2076
           -5478.749  216091           1670
           -5482.203  551300           3969
           -5482.203  971853           402
           -5482.203  765589           1140
           -5482.203  469158           1145
           -5482.203  436170           2936
           -5482.203  817298           967
           -5482.203  243298           3953
           -5482.203  663189           3378
           -5490.103  895878           1216
           -5490.103  485590           3195
           -5490.103  335866           3121
           -5490.103  966994           1934
           -5490.103  872631           2967
           -5490.103  299730           1627
           -5490.103  766582           2737
           -5490.103  144257           3262
           -5490.103  175199           247
           -5490.103  851658           3044
           -5490.103  238331           1749
           -5490.103  880232           2100
           -5490.103  759125           3824
           -5490.103  424223           900
           -5490.103  25275            2649
           -5490.103  127215           9
           -5490.103  8089             2326
           -5490.103  505244           582
           -5490.103  175820           1040
           -5490.103  932458           1132
           -5490.103  535011           2147
           -5490.103  846194           93
           -5490.103  660368           2570
           -5490.103  717754           180
           -5490.103  529627           1542
           -5490.103  79156            3698
           -5490.103  85352            2562
           -5490.103  954055           2952
           -5490.103  136842           58
           -5490.103  554694           2610
           -5490.103  336934           2865
           -5490.103  431630           3264
           -5490.103  626208           698
           -5490.103  950796           3562
           -5490.103  908977           2740
           -5491.385  949086           1426
           -5492.128  798839           312
           -5492.128  493718           2394
           -5493.070  849670           347
           -5496.289  589483           950
           -5498.808  690608           1800
           -5502.600  682718           733
           -5502.600  941301           3117
           -5502.600  464143           3302
           -5502.600  953278           2916
           -5502.600  552713           2232
           -5502.620  685140           1450
           -5502.620  510491           1275
           -5502.620  74236            3823
           -5502.620  586510           1446
           -5502.620  987560           985
           -5521.723  595153           230
           -5521.723  115831           3223
           -5521.723  208182           3591
           -5521.723  800560           2088
           -5521.723  424280           1245
           -5521.723  357258           1383
           -5521.723  116136           1960
           -5521.723  239783           3743
           -5521.723  810705           626
           -5521.723  190339           102
           -5521.723  373544           2065
           -5521.723  732954           2434
           -5521.723  677790           3792
           -5521.723  932615           2665
           -5521.723  723096           1388
           -5521.723  14253            1252
           -5521.723  798821           423
           -5521.723  673767           1736
           -5521.723  12477            155
           -5521.723  74736            2335
           -5521.723  547354           1357
           -5521.723  628628           3021
           -5521.723  377504           294
           -5521.723  636396           168
           -5521.723  518828           432
           -5521.723  483538           1897
           -5521.723  121425           511
           -5521.723  993504           2658
           -5521.723  462662           872
           -5521.723  682824           3976
           -5521.723  960438           116
           -5521.723  595190           1554
           -5521.723  130541           896
           -5521.723  473869           3707
           -5521.723  242576           3728
           -5521.723  963053           43
           -5521.723  116609           3394
           -5521.723  788325           2409
           -5521.723  289928           1529
           -5521.723  307085           3659
           -5521.723  816765           959
           -5521.723  290168           2423
           -5521.723  827041           2400
           -5521.723  762690           1732
           -5521.723  723775           97
           -5521.723  582296           452
           -5521.723  787985           482
           -5521.723  749212           3330
           -5521.723  800662           2352
           -5521.723  297994           3862
           -5521.723  991258           2910
           -5521.723  313306           612
           -5521.723  219035           3545
           -5521.723  516206           3877
           -5521.723  638862           2753
           -5521.723  220279           2533
           -5521.723  170658           2609
           -5521.723  709647           3895
           -5521.723  11397            944
           -5521.723  140987           1093
           -5521.723  896135           2189
           -5521.723  920346           2377
           -5521.723  383636           3089
           -5521.723  271100           3066
           -5521.723  161831           3016
           -5521.723  926494           2727
           -5521.723  894286           2205
           -5521.723  564016           1646
           -5521.723  786887           3242
           -5521.723  581389           2505
           -5521.723  206099           363
           -5521.723  358449           2627
           -5521.723  703715           2171
           -5521.723  340820           3622
           -5521.723  132836           3669
           -5521.723  37570            3925
           -5521.723  452606           1675
           -5521.723  845533           1789
           -5521.723  772315           1958
           -5521.723  545140           278
           -5521.723  165822           1803
           -5521.723  399848           220
           -5521.723  551340           766
           -5521.723  879211           453
           -5521.723  12177            3942
           -5521.723  414059           1200
           -5521.723  842595           3834
           -5521.723  326269           3855
           -5521.723  459780           3519
           -5521.723  583281           1907
           -5521.723  895274           3342
           -5521.723  7195             697
           -5521.723  620550           1992
           -5521.723  775884           639
           -5521.723  366872           1169
           -5521.723  775996           1481
           -5521.723  696575           3397
           -5521.723  889972           3630
           -5521.723  5262             2370
           -5521.723  865575           2077
           -5521.723  402557           3202
           -5521.723  537166           3712
           -5521.723  842637           2453
           -5521.723  242970           1945
           -5521.723  464810           1424
           -5521.723  963967           941
           -5521.723  667250           318
           -5521.723  219197           3480
           -5521.723  495622           2762
           -5521.723  292884           103
           -5521.723  185342           2512
           -5521.723  531546           702
           -5521.723  602889           2176
           -5521.723  418686           338
           -5521.723  775209           3312
           -5521.723  470851           3893
           -5521.723  954581           3583
           -5521.723  518791           3884
           -5521.723  592219           119
           -5521.723  181598           2325
           -5521.723  308582           752
           -5521.723  160326           546
           -5521.723  84672            2255
           -5521.723  245560           3341
           -5521.723  463894           1733
           -5521.723  484501           163
           -5521.723  887676           22
           -5521.723  354624           448
           -5521.723  987090           70
           -5521.723  60380            3099
           -5521.723  600244           3830
           -5521.723  941043           3148
           -5521.723  705989           3097
           -5521.723  826241           1779
           -5521.723  605969           3639
           -5521.723  995875           547
           -5521.723  570738           2306
           -5521.723  652539           2596
           -5521.723  408652           2290
           -5521.723  529308           3209
           -5521.723  634333           1648
           -5521.723  999166           3146
           -5521.723  317858           3752
           -5521.723  356754           1372
           -5521.723  979988           2164
           -5521.723  108382           2471
           -5521.723  778338           1401
           -5521.723  51375            148
           -5521.723  994893           2002
           -5521.723  891036           2392
           -5521.723  15150            3087
           -5521.723  61587            400
           -5521.723  463949           2403
           -5521.723  520865           763
           -5521.723  337570           1319
           -5521.723  75168            1160
           -5521.723  443917           60
           -5521.723  130971           2072
           -5521.723  776063           3497
           -5521.723  746057           3003
           -5521.723  15160            3507
           -5521.723  599524           3268
           -5521.723  820977           776
           -5521.723  997836           1208
           -5521.723  596170           3074
           -5521.723  508482           446
           -5521.723  739486           1699
           -5521.723  302037           3793
           -5521.723  383371           3818
           -5521.723  384972           3773
           -5521.723  954354           840
           -5521.723  964570           701
           -5521.723  882752           3754
           -5521.723  203244           2995
           -5521.723  346838           1170
           -5521.723  724245           3384
           -5521.723  157832           2560
           -5521.723  926762           704
           -5521.723  175583           1362
           -5521.723  138513           3703
           -5521.723  349263           263
           -5521.723  481060           2424
           -5521.723  754917           2988
           -5521.723  602797           336
           -5521.723  264935           281
           -5521.723  794866           2795
           -5521.723  728986           3580
           -5521.723  199491           1364
           -5521.723  953684           3243
           -5521.723  612578           1512
           -5521.723  970791           3310
           -5521.723  725497           2415
           -5521.723  92355            1997
           -5521.723  441119           2104
           -5521.723  711214           1194
           -5521.723  642909           251
           -5521.723  459673           3248
           -5521.723  537905           1335
           -5521.723  870609           3160
           -5521.723  534483           290
           -5521.723  213189           605
           -5521.723  661179           2185
           -5521.723  979276           3085
           -5521.723  227797           1263
           -5521.723  387058           3120
           -5521.723  835162           1038
           -5521.723  172699           1626
           -5521.723  267178           2754
           -5521.723  41551            3933
           -5521.723  518561           1856
           -5521.723  747551           1190
           -5521.723  24379            3944
           -5521.723  384819           2333
           -5521.723  235689           3794
           -5521.723  636919           3559
           -5521.723  640728           1187
           -5521.723  933977           1918
           -5521.723  364901           2873
           -5521.723  355706           2941

490 perturbed starting value run(s) did not converge or were rejected in the third stage.



THE BEST LOGLIKELIHOOD VALUE HAS BEEN REPLICATED.  RERUN WITH AT LEAST TWICE THE
RANDOM STARTS TO CHECK THAT THE BEST LOGLIKELIHOOD IS STILL OBTAINED AND REPLICATED.

     THE STANDARD ERRORS OF THE MODEL PARAMETER ESTIMATES MAY NOT BE
     TRUSTWORTHY FOR SOME PARAMETERS DUE TO A NON-POSITIVE DEFINITE
     FIRST-ORDER DERIVATIVE PRODUCT MATRIX.  THIS MAY BE DUE TO THE STARTING
     VALUES BUT MAY ALSO BE AN INDICATION OF MODEL NONIDENTIFICATION.  THE
     CONDITION NUMBER IS       0.437D-17.  PROBLEM INVOLVING THE FOLLOWING PARAMETER:
     Parameter 21, %C#2%: Q

     ONE OR MORE PARAMETERS WERE FIXED TO AVOID SINGULARITY OF THE
     INFORMATION MATRIX. THE SINGULARITY IS MOST LIKELY BECAUSE THE
     MODEL IS NOT IDENTIFIED, OR BECAUSE OF EMPTY CELLS IN THE JOINT
     DISTRIBUTION OF THE CATEGORICAL VARIABLES IN THE MODEL.
     THE FOLLOWING PARAMETERS WERE FIXED:
     Parameter 2, %C#1%: SOFAS_12 (equality/label)
     Parameter 3, %C#1%: SOFAS_24 (equality/label)


THE MODEL ESTIMATION TERMINATED NORMALLY

     WARNING:  THE RESIDUAL COVARIANCE MATRIX (THETA) IN CLASS 1 IS NOT
     POSITIVE DEFINITE.  THIS COULD INDICATE A NEGATIVE VARIANCE/RESIDUAL
     VARIANCE FOR AN OBSERVED VARIABLE, A CORRELATION GREATER OR EQUAL TO ONE
     BETWEEN TWO OBSERVED VARIABLES, OR A LINEAR DEPENDENCY AMONG MORE THAN TWO
     OBSERVED VARIABLES.  CHECK THE RESULTS SECTION FOR MORE INFORMATION.
     PROBLEM INVOLVING VARIABLE SOFAS_0.


     WARNING:  THE RESIDUAL COVARIANCE MATRIX (THETA) IN CLASS 2 IS NOT
     POSITIVE DEFINITE.  THIS COULD INDICATE A NEGATIVE VARIANCE/RESIDUAL
     VARIANCE FOR AN OBSERVED VARIABLE, A CORRELATION GREATER OR EQUAL TO ONE
     BETWEEN TWO OBSERVED VARIABLES, OR A LINEAR DEPENDENCY AMONG MORE THAN TWO
     OBSERVED VARIABLES.  CHECK THE RESULTS SECTION FOR MORE INFORMATION.
     PROBLEM INVOLVING VARIABLE SOFAS_0.




MODEL FIT INFORMATION

Number of Free Parameters                       22

Loglikelihood

          H0 Value                       -5413.265
          H0 Scaling Correction Factor      0.8174
            for MLR

Information Criteria

          Akaike (AIC)                   10870.530
          Bayesian (BIC)                 10969.023
          Sample-Size Adjusted BIC       10899.173
            (n* = (n + 2) / 24)



FINAL CLASS COUNTS AND PROPORTIONS FOR THE LATENT CLASSES
BASED ON THE ESTIMATED MODEL

    Latent
   Classes

       1        114.62450          0.17635
       2        535.37550          0.82365


FINAL CLASS COUNTS AND PROPORTIONS FOR THE LATENT CLASSES
BASED ON ESTIMATED POSTERIOR PROBABILITIES

    Latent
   Classes

       1        114.62450          0.17635
       2        535.37550          0.82365


FINAL CLASS COUNTS AND PROPORTIONS FOR THE LATENT CLASSES
BASED ON THEIR MOST LIKELY LATENT CLASS MEMBERSHIP

Class Counts and Proportions

    Latent
   Classes

       1              126          0.19385
       2              524          0.80615


CLASSIFICATION QUALITY

     Entropy                         0.833


Average Latent Class Probabilities for Most Likely Latent Class Membership (Row)
by Latent Class (Column)

           1        2

    1   0.844    0.156
    2   0.016    0.984


Classification Probabilities for the Most Likely Latent Class Membership (Column)
by Latent Class (Row)

           1        2

    1   0.927    0.073
    2   0.037    0.963


Logits for the Classification Probabilities for the Most Likely Latent Class Membership (Column)
by Latent Class (Row)

              1        2

    1      2.546    0.000
    2     -3.264    0.000


MODEL RESULTS

                                                    Two-Tailed
                    Estimate       S.E.  Est./S.E.    P-Value

Latent Class 1

 I        |
    SOFAS_0            1.000      0.000    999.000    999.000
    SOFAS_12           1.000      0.000    999.000    999.000
    SOFAS_24           1.000      0.000    999.000    999.000

 S        |
    SOFAS_0            0.000      0.000    999.000    999.000
    SOFAS_12          12.000      0.000    999.000    999.000
    SOFAS_24          24.000      0.000    999.000    999.000

 Q        |
    SOFAS_0            0.000      0.000    999.000    999.000
    SOFAS_12         144.000      0.000    999.000    999.000
    SOFAS_24         576.000      0.000    999.000    999.000

 I        WITH
    S                -42.222      0.261   -162.035      0.000
    Q                  1.178      0.006    184.128      0.000

 S        WITH
    Q                 -0.466      0.052     -9.019      0.000

 Means
    I                 30.491      0.056    546.800      0.000
    S                  3.089      0.356      8.680      0.000
    Q                 -0.071      0.015     -4.668      0.000

 Intercepts
    SOFAS_0            0.000      0.000    999.000    999.000
    SOFAS_12           0.000      0.000    999.000    999.000
    SOFAS_24           0.000      0.000    999.000    999.000

 Variances
    I                338.616      2.809    120.545      0.000
    S                 13.176      1.119     11.774      0.000
    Q                  0.018      0.003      7.377      0.000

 Residual Variances
    SOFAS_0         -338.354      2.809   -120.470      0.000
    SOFAS_12          -2.759      0.000    999.000    999.000
    SOFAS_24        -180.424      0.000    999.000    999.000

Latent Class 2

 I        |
    SOFAS_0            1.000      0.000    999.000    999.000
    SOFAS_12           1.000      0.000    999.000    999.000
    SOFAS_24           1.000      0.000    999.000    999.000

 S        |
    SOFAS_0            0.000      0.000    999.000    999.000
    SOFAS_12          12.000      0.000    999.000    999.000
    SOFAS_24          24.000      0.000    999.000    999.000

 Q        |
    SOFAS_0            0.000      0.000    999.000    999.000
    SOFAS_12         144.000      0.000    999.000    999.000
    SOFAS_24         576.000      0.000    999.000    999.000

 I        WITH
    S                -56.108      1.978    -28.360      0.000
    Q                  1.546      0.085     18.096      0.000

 S        WITH
    Q                 -0.416      0.019    -21.604      0.000

 Means
    I                 42.747      0.606     70.498      0.000
    S                  2.388      0.140     17.026      0.000
    Q                 -0.061      0.006    -10.626      0.000

 Intercepts
    SOFAS_0            0.000      0.000    999.000    999.000
    SOFAS_12           0.000      0.000    999.000    999.000
    SOFAS_24           0.000      0.000    999.000    999.000

 Variances
    I                515.645     11.515     44.779      0.000
    S                 12.390      0.472     26.229      0.000
    Q                  0.016      0.001     19.342      0.000

 Residual Variances
    SOFAS_0         -338.354      2.809   -120.470      0.000
    SOFAS_12          -2.759      0.000    999.000    999.000
    SOFAS_24        -180.424      0.000    999.000    999.000

Categorical Latent Variables

 Means
    C#1               -1.541      0.120    -12.876      0.000


QUALITY OF NUMERICAL RESULTS

     Condition Number for the Information Matrix              0.146E-08
       (ratio of smallest to largest eigenvalue)


STANDARDIZED MODEL RESULTS


STDYX Standardization

                                                    Two-Tailed
                    Estimate       S.E.  Est./S.E.    P-Value

Latent Class 1

 I        |
    SOFAS_0           35.902      0.557     64.479      0.000
    SOFAS_12           1.014      0.064     15.945      0.000
    SOFAS_24           1.060      0.074     14.358      0.000

 S        |
    SOFAS_0            0.000      0.000    999.000    999.000
    SOFAS_12           2.400      0.096     24.892      0.000
    SOFAS_24           5.019      0.422     11.892      0.000

 Q        |
    SOFAS_0            0.000      0.000    999.000    999.000
    SOFAS_12           1.078      0.078     13.879      0.000
    SOFAS_24           4.507      0.448     10.065      0.000

 I        WITH
    S                 -0.632      0.025    -25.342      0.000
    Q                  0.471      0.031     15.374      0.000

 S        WITH
    Q                 -0.946      0.006   -168.937      0.000

 Means
    I                  1.657      0.007    225.491      0.000
    S                  0.851      0.100      8.537      0.000
    Q                 -0.523      0.113     -4.627      0.000

 Intercepts
    SOFAS_0            0.000      0.000    999.000    999.000
    SOFAS_12           0.000      0.000    999.000    999.000
    SOFAS_24           0.000      0.000    999.000    999.000

 Variances
    I                  1.000      0.000    999.000    999.000
    S                  1.000      0.000    999.000    999.000
    Q                  1.000      0.000    999.000    999.000

 Residual Variances
    SOFAS_0        -1287.984    999.000    999.000    999.000
    SOFAS_12          -0.008    999.000    999.000    999.000
    SOFAS_24          -0.599    999.000    999.000    999.000

Latent Class 2

 I        |
    SOFAS_0            1.705      0.036     47.913      0.000
    SOFAS_12           1.340      0.042     31.975      0.000
    SOFAS_24           1.254      0.050     25.088      0.000

 S        |
    SOFAS_0            0.000      0.000    999.000    999.000
    SOFAS_12           2.493      0.073     34.303      0.000
    SOFAS_24           4.664      0.201     23.217      0.000

 Q        |
    SOFAS_0            0.000      0.000    999.000    999.000
    SOFAS_12           1.071      0.037     28.951      0.000
    SOFAS_24           4.010      0.182     22.060      0.000

 I        WITH
    S                 -0.702      0.017    -41.124      0.000
    Q                  0.540      0.025     21.627      0.000

 S        WITH
    Q                 -0.938      0.004   -214.836      0.000

 Means
    I                  1.882      0.028     66.113      0.000
    S                  0.679      0.043     15.802      0.000
    Q                 -0.485      0.048    -10.134      0.000

 Intercepts
    SOFAS_0            0.000      0.000    999.000    999.000
    SOFAS_12           0.000      0.000    999.000    999.000
    SOFAS_24           0.000      0.000    999.000    999.000

 Variances
    I                  1.000      0.000    999.000    999.000
    S                  1.000      0.000    999.000    999.000
    Q                  1.000      0.000    999.000    999.000

 Residual Variances
    SOFAS_0           -1.908    999.000    999.000    999.000
    SOFAS_12          -0.010    999.000    999.000    999.000
    SOFAS_24          -0.550    999.000    999.000    999.000


STDY Standardization

                                                    Two-Tailed
                    Estimate       S.E.  Est./S.E.    P-Value

Latent Class 1

 I        |
    SOFAS_0           35.902      0.557     64.479      0.000
    SOFAS_12           1.014      0.064     15.945      0.000
    SOFAS_24           1.060      0.074     14.358      0.000

 S        |
    SOFAS_0            0.000      0.000    999.000    999.000
    SOFAS_12           2.400      0.096     24.892      0.000
    SOFAS_24           5.019      0.422     11.892      0.000

 Q        |
    SOFAS_0            0.000      0.000    999.000    999.000
    SOFAS_12           1.078      0.078     13.879      0.000
    SOFAS_24           4.507      0.448     10.065      0.000

 I        WITH
    S                 -0.632      0.025    -25.342      0.000
    Q                  0.471      0.031     15.374      0.000

 S        WITH
    Q                 -0.946      0.006   -168.937      0.000

 Means
    I                  1.657      0.007    225.491      0.000
    S                  0.851      0.100      8.537      0.000
    Q                 -0.523      0.113     -4.627      0.000

 Intercepts
    SOFAS_0            0.000      0.000    999.000    999.000
    SOFAS_12           0.000      0.000    999.000    999.000
    SOFAS_24           0.000      0.000    999.000    999.000

 Variances
    I                  1.000      0.000    999.000    999.000
    S                  1.000      0.000    999.000    999.000
    Q                  1.000      0.000    999.000    999.000

 Residual Variances
    SOFAS_0          999.000    999.000    999.000    999.000
    SOFAS_12         999.000    999.000    999.000    999.000
    SOFAS_24         999.000    999.000    999.000    999.000

Latent Class 2

 I        |
    SOFAS_0            1.705      0.036     47.913      0.000
    SOFAS_12           1.340      0.042     31.975      0.000
    SOFAS_24           1.254      0.050     25.088      0.000

 S        |
    SOFAS_0            0.000      0.000    999.000    999.000
    SOFAS_12           2.493      0.073     34.303      0.000
    SOFAS_24           4.664      0.201     23.217      0.000

 Q        |
    SOFAS_0            0.000      0.000    999.000    999.000
    SOFAS_12           1.071      0.037     28.951      0.000
    SOFAS_24           4.010      0.182     22.060      0.000

 I        WITH
    S                 -0.702      0.017    -41.124      0.000
    Q                  0.540      0.025     21.627      0.000

 S        WITH
    Q                 -0.938      0.004   -214.836      0.000

 Means
    I                  1.882      0.028     66.113      0.000
    S                  0.679      0.043     15.802      0.000
    Q                 -0.485      0.048    -10.134      0.000

 Intercepts
    SOFAS_0            0.000      0.000    999.000    999.000
    SOFAS_12           0.000      0.000    999.000    999.000
    SOFAS_24           0.000      0.000    999.000    999.000

 Variances
    I                  1.000      0.000    999.000    999.000
    S                  1.000      0.000    999.000    999.000
    Q                  1.000      0.000    999.000    999.000

 Residual Variances
    SOFAS_0          999.000    999.000    999.000    999.000
    SOFAS_12         999.000    999.000    999.000    999.000
    SOFAS_24         999.000    999.000    999.000    999.000


STD Standardization

                                                    Two-Tailed
                    Estimate       S.E.  Est./S.E.    P-Value

Latent Class 1

 I        |
    SOFAS_0           18.402      0.076    241.091      0.000
    SOFAS_12          18.402      0.076    241.091      0.000
    SOFAS_24          18.402      0.076    241.091      0.000

 S        |
    SOFAS_0            0.000      0.000    999.000    999.000
    SOFAS_12          43.558      1.850     23.548      0.000
    SOFAS_24          87.117      3.700     23.548      0.000

 Q        |
    SOFAS_0            0.000      0.000    999.000    999.000
    SOFAS_12          19.559      1.326     14.753      0.000
    SOFAS_24          78.237      5.303     14.753      0.000

 I        WITH
    S                 -0.632      0.025    -25.342      0.000
    Q                  0.471      0.031     15.374      0.000

 S        WITH
    Q                 -0.946      0.006   -168.937      0.000

 Means
    I                  1.657      0.007    225.491      0.000
    S                  0.851      0.100      8.537      0.000
    Q                 -0.523      0.113     -4.627      0.000

 Intercepts
    SOFAS_0            0.000      0.000    999.000    999.000
    SOFAS_12           0.000      0.000    999.000    999.000
    SOFAS_24           0.000      0.000    999.000    999.000

 Variances
    I                  1.000      0.000    999.000    999.000
    S                  1.000      0.000    999.000    999.000
    Q                  1.000      0.000    999.000    999.000

 Residual Variances
    SOFAS_0         -338.354    999.000    999.000    999.000
    SOFAS_12          -2.759    999.000    999.000    999.000
    SOFAS_24        -180.424    999.000    999.000    999.000

Latent Class 2

 I        |
    SOFAS_0           22.708      0.254     89.557      0.000
    SOFAS_12          22.708      0.254     89.557      0.000
    SOFAS_24          22.708      0.254     89.557      0.000

 S        |
    SOFAS_0            0.000      0.000    999.000    999.000
    SOFAS_12          42.239      0.805     52.458      0.000
    SOFAS_24          84.478      1.610     52.458      0.000

 Q        |
    SOFAS_0            0.000      0.000    999.000    999.000
    SOFAS_12          18.155      0.469     38.684      0.000
    SOFAS_24          72.619      1.877     38.684      0.000

 I        WITH
    S                 -0.702      0.017    -41.124      0.000
    Q                  0.540      0.025     21.627      0.000

 S        WITH
    Q                 -0.938      0.004   -214.836      0.000

 Means
    I                  1.882      0.028     66.113      0.000
    S                  0.679      0.043     15.802      0.000
    Q                 -0.485      0.048    -10.134      0.000

 Intercepts
    SOFAS_0            0.000      0.000    999.000    999.000
    SOFAS_12           0.000      0.000    999.000    999.000
    SOFAS_24           0.000      0.000    999.000    999.000

 Variances
    I                  1.000      0.000    999.000    999.000
    S                  1.000      0.000    999.000    999.000
    Q                  1.000      0.000    999.000    999.000

 Residual Variances
    SOFAS_0         -338.354    999.000    999.000    999.000
    SOFAS_12          -2.759    999.000    999.000    999.000
    SOFAS_24        -180.424    999.000    999.000    999.000


R-SQUARE

Class 1

    Observed                                        Two-Tailed
    Variable        Estimate       S.E.  Est./S.E.    P-Value

    SOFAS_0         Undefined   0.12890E+04
    SOFAS_12        Undefined   0.10084E+01
    SOFAS_24        Undefined   0.15988E+01

Class 2

    Observed                                        Two-Tailed
    Variable        Estimate       S.E.  Est./S.E.    P-Value

    SOFAS_0         Undefined   0.29085E+01
    SOFAS_12        Undefined   0.10096E+01
    SOFAS_24        Undefined   0.15501E+01


CONFIDENCE INTERVALS OF MODEL RESULTS

                  Lower .5%  Lower 2.5%    Lower 5%    Estimate    Upper 5%  Upper 2.5%   Upper .5%

Latent Class 1

 I        |
    SOFAS_0          1.000       1.000       1.000       1.000       1.000       1.000       1.000
    SOFAS_12         1.000       1.000       1.000       1.000       1.000       1.000       1.000
    SOFAS_24         1.000       1.000       1.000       1.000       1.000       1.000       1.000

 S        |
    SOFAS_0          0.000       0.000       0.000       0.000       0.000       0.000       0.000
    SOFAS_12        12.000      12.000      12.000      12.000      12.000      12.000      12.000
    SOFAS_24        24.000      24.000      24.000      24.000      24.000      24.000      24.000

 Q        |
    SOFAS_0          0.000       0.000       0.000       0.000       0.000       0.000       0.000
    SOFAS_12       144.000     144.000     144.000     144.000     144.000     144.000     144.000
    SOFAS_24       576.000     576.000     576.000     576.000     576.000     576.000     576.000

 I        WITH
    S              -42.893     -42.732     -42.650     -42.222     -41.793     -41.711     -41.551
    Q                1.161       1.165       1.167       1.178       1.188       1.190       1.194

 S        WITH
    Q               -0.600      -0.568      -0.552      -0.466      -0.381      -0.365      -0.333

 Means
    I               30.347      30.382      30.399      30.491      30.583      30.600      30.635
    S                2.172       2.391       2.504       3.089       3.674       3.787       4.006
    Q               -0.110      -0.101      -0.096      -0.071      -0.046      -0.041      -0.032

 Intercepts
    SOFAS_0          0.000       0.000       0.000       0.000       0.000       0.000       0.000
    SOFAS_12         0.000       0.000       0.000       0.000       0.000       0.000       0.000
    SOFAS_24         0.000       0.000       0.000       0.000       0.000       0.000       0.000

 Variances
    I              331.381     333.111     333.996     338.616     343.237     344.122     345.852
    S               10.293      10.982      11.335      13.176      15.017      15.369      16.058
    Q                0.012       0.014       0.014       0.018       0.023       0.023       0.025

 Residual Variances
    SOFAS_0       -345.588    -343.859    -342.974    -338.354    -333.734    -332.849    -331.119
    SOFAS_12        -2.759      -2.759      -2.759      -2.759      -2.759      -2.759      -2.759
    SOFAS_24      -180.424    -180.424    -180.424    -180.424    -180.424    -180.424    -180.424

Latent Class 2

 I        |
    SOFAS_0          1.000       1.000       1.000       1.000       1.000       1.000       1.000
    SOFAS_12         1.000       1.000       1.000       1.000       1.000       1.000       1.000
    SOFAS_24         1.000       1.000       1.000       1.000       1.000       1.000       1.000

 S        |
    SOFAS_0          0.000       0.000       0.000       0.000       0.000       0.000       0.000
    SOFAS_12        12.000      12.000      12.000      12.000      12.000      12.000      12.000
    SOFAS_24        24.000      24.000      24.000      24.000      24.000      24.000      24.000

 Q        |
    SOFAS_0          0.000       0.000       0.000       0.000       0.000       0.000       0.000
    SOFAS_12       144.000     144.000     144.000     144.000     144.000     144.000     144.000
    SOFAS_24       576.000     576.000     576.000     576.000     576.000     576.000     576.000

 I        WITH
    S              -61.204     -59.986     -59.363     -56.108     -52.854     -52.231     -51.012
    Q                1.326       1.378       1.405       1.546       1.686       1.713       1.766

 S        WITH
    Q               -0.466      -0.454      -0.448      -0.416      -0.384      -0.378      -0.367

 Means
    I               41.185      41.558      41.749      42.747      43.744      43.935      44.309
    S                2.027       2.113       2.158       2.388       2.619       2.663       2.750
    Q               -0.076      -0.072      -0.071      -0.061      -0.052      -0.050      -0.046

 Intercepts
    SOFAS_0          0.000       0.000       0.000       0.000       0.000       0.000       0.000
    SOFAS_12         0.000       0.000       0.000       0.000       0.000       0.000       0.000
    SOFAS_24         0.000       0.000       0.000       0.000       0.000       0.000       0.000

 Variances
    I              485.984     493.075     496.702     515.645     534.588     538.215     545.307
    S               11.173      11.464      11.613      12.390      13.167      13.316      13.607
    Q                0.014       0.014       0.015       0.016       0.017       0.018       0.018

 Residual Variances
    SOFAS_0       -345.588    -343.859    -342.974    -338.354    -333.734    -332.849    -331.119
    SOFAS_12        -2.759      -2.759      -2.759      -2.759      -2.759      -2.759      -2.759
    SOFAS_24      -180.424    -180.424    -180.424    -180.424    -180.424    -180.424    -180.424

Categorical Latent Variables

 Means
    C#1             -1.850      -1.776      -1.738      -1.541      -1.344      -1.307      -1.233


CONFIDENCE INTERVALS OF STANDARDIZED MODEL RESULTS


STDYX Standardization

                  Lower .5%  Lower 2.5%    Lower 5%    Estimate    Upper 5%  Upper 2.5%   Upper .5%

Latent Class 1

 I        |
    SOFAS_0         34.468      34.811      34.986      35.902      36.818      36.994      37.337
    SOFAS_12         0.850       0.889       0.909       1.014       1.118       1.138       1.178
    SOFAS_24         0.870       0.915       0.939       1.060       1.182       1.205       1.250

 S        |
    SOFAS_0          0.000       0.000       0.000       0.000       0.000       0.000       0.000
    SOFAS_12         2.152       2.211       2.241       2.400       2.558       2.589       2.648
    SOFAS_24         3.932       4.192       4.325       5.019       5.713       5.846       6.106

 Q        |
    SOFAS_0          0.000       0.000       0.000       0.000       0.000       0.000       0.000
    SOFAS_12         0.878       0.925       0.950       1.078       1.205       1.230       1.278
    SOFAS_24         3.354       3.630       3.771       4.507       5.244       5.385       5.661

 I        WITH
    S               -0.696      -0.681      -0.673      -0.632      -0.591      -0.583      -0.568
    Q                0.392       0.411       0.421       0.471       0.522       0.531       0.550

 S        WITH
    Q               -0.961      -0.957      -0.955      -0.946      -0.937      -0.935      -0.932

 Means
    I                1.638       1.643       1.645       1.657       1.669       1.671       1.676
    S                0.594       0.656       0.687       0.851       1.015       1.046       1.108
    Q               -0.815      -0.745      -0.710      -0.523      -0.337      -0.302      -0.232

 Intercepts
    SOFAS_0          0.000       0.000       0.000       0.000       0.000       0.000       0.000
    SOFAS_12         0.000       0.000       0.000       0.000       0.000       0.000       0.000
    SOFAS_24         0.000       0.000       0.000       0.000       0.000       0.000       0.000

 Variances
    I                1.000       1.000       1.000       1.000       1.000       1.000       1.000
    S                1.000       1.000       1.000       1.000       1.000       1.000       1.000
    Q                1.000       1.000       1.000       1.000       1.000       1.000       1.000

 Residual Variances
    SOFAS_0        999.000     999.000     999.000   -1287.984     999.000     999.000     999.000
    SOFAS_12       999.000     999.000     999.000      -0.008     999.000     999.000     999.000
    SOFAS_24       999.000     999.000     999.000      -0.599     999.000     999.000     999.000

Latent Class 2

 I        |
    SOFAS_0          1.614       1.636       1.647       1.705       1.764       1.775       1.797
    SOFAS_12         1.232       1.258       1.271       1.340       1.409       1.422       1.448
    SOFAS_24         1.125       1.156       1.172       1.254       1.336       1.352       1.383

 S        |
    SOFAS_0          0.000       0.000       0.000       0.000       0.000       0.000       0.000
    SOFAS_12         2.306       2.350       2.373       2.493       2.612       2.635       2.680
    SOFAS_24         4.147       4.271       4.334       4.664       4.995       5.058       5.182

 Q        |
    SOFAS_0          0.000       0.000       0.000       0.000       0.000       0.000       0.000
    SOFAS_12         0.976       0.999       1.011       1.071       1.132       1.144       1.167
    SOFAS_24         3.541       3.653       3.711       4.010       4.309       4.366       4.478

 I        WITH
    S               -0.746      -0.735      -0.730      -0.702      -0.674      -0.669      -0.658
    Q                0.476       0.491       0.499       0.540       0.581       0.589       0.604

 S        WITH
    Q               -0.949      -0.946      -0.945      -0.938      -0.931      -0.929      -0.926

 Means
    I                1.809       1.827       1.836       1.882       1.929       1.938       1.956
    S                0.568       0.594       0.608       0.679       0.749       0.763       0.789
    Q               -0.608      -0.578      -0.563      -0.485      -0.406      -0.391      -0.361

 Intercepts
    SOFAS_0          0.000       0.000       0.000       0.000       0.000       0.000       0.000
    SOFAS_12         0.000       0.000       0.000       0.000       0.000       0.000       0.000
    SOFAS_24         0.000       0.000       0.000       0.000       0.000       0.000       0.000

 Variances
    I                1.000       1.000       1.000       1.000       1.000       1.000       1.000
    S                1.000       1.000       1.000       1.000       1.000       1.000       1.000
    Q                1.000       1.000       1.000       1.000       1.000       1.000       1.000

 Residual Variances
    SOFAS_0        999.000     999.000     999.000      -1.908     999.000     999.000     999.000
    SOFAS_12       999.000     999.000     999.000      -0.010     999.000     999.000     999.000
    SOFAS_24       999.000     999.000     999.000      -0.550     999.000     999.000     999.000


STDY Standardization

                  Lower .5%  Lower 2.5%    Lower 5%    Estimate    Upper 5%  Upper 2.5%   Upper .5%

Latent Class 1

 I        |
    SOFAS_0         34.468      34.811      34.986      35.902      36.818      36.994      37.337
    SOFAS_12         0.850       0.889       0.909       1.014       1.118       1.138       1.178
    SOFAS_24         0.870       0.915       0.939       1.060       1.182       1.205       1.250

 S        |
    SOFAS_0          0.000       0.000       0.000       0.000       0.000       0.000       0.000
    SOFAS_12         2.152       2.211       2.241       2.400       2.558       2.589       2.648
    SOFAS_24         3.932       4.192       4.325       5.019       5.713       5.846       6.106

 Q        |
    SOFAS_0          0.000       0.000       0.000       0.000       0.000       0.000       0.000
    SOFAS_12         0.878       0.925       0.950       1.078       1.205       1.230       1.278
    SOFAS_24         3.354       3.630       3.771       4.507       5.244       5.385       5.661

 I        WITH
    S               -0.696      -0.681      -0.673      -0.632      -0.591      -0.583      -0.568
    Q                0.392       0.411       0.421       0.471       0.522       0.531       0.550

 S        WITH
    Q               -0.961      -0.957      -0.955      -0.946      -0.937      -0.935      -0.932

 Means
    I                1.638       1.643       1.645       1.657       1.669       1.671       1.676
    S                0.594       0.656       0.687       0.851       1.015       1.046       1.108
    Q               -0.815      -0.745      -0.710      -0.523      -0.337      -0.302      -0.232

 Intercepts
    SOFAS_0          0.000       0.000       0.000       0.000       0.000       0.000       0.000
    SOFAS_12         0.000       0.000       0.000       0.000       0.000       0.000       0.000
    SOFAS_24         0.000       0.000       0.000       0.000       0.000       0.000       0.000

 Variances
    I                1.000       1.000       1.000       1.000       1.000       1.000       1.000
    S                1.000       1.000       1.000       1.000       1.000       1.000       1.000
    Q                1.000       1.000       1.000       1.000       1.000       1.000       1.000

 Residual Variances
    SOFAS_0        999.000     999.000     999.000     999.000     999.000     999.000     999.000
    SOFAS_12       999.000     999.000     999.000     999.000     999.000     999.000     999.000
    SOFAS_24       999.000     999.000     999.000     999.000     999.000     999.000     999.000

Latent Class 2

 I        |
    SOFAS_0          1.614       1.636       1.647       1.705       1.764       1.775       1.797
    SOFAS_12         1.232       1.258       1.271       1.340       1.409       1.422       1.448
    SOFAS_24         1.125       1.156       1.172       1.254       1.336       1.352       1.383

 S        |
    SOFAS_0          0.000       0.000       0.000       0.000       0.000       0.000       0.000
    SOFAS_12         2.306       2.350       2.373       2.493       2.612       2.635       2.680
    SOFAS_24         4.147       4.271       4.334       4.664       4.995       5.058       5.182

 Q        |
    SOFAS_0          0.000       0.000       0.000       0.000       0.000       0.000       0.000
    SOFAS_12         0.976       0.999       1.011       1.071       1.132       1.144       1.167
    SOFAS_24         3.541       3.653       3.711       4.010       4.309       4.366       4.478

 I        WITH
    S               -0.746      -0.735      -0.730      -0.702      -0.674      -0.669      -0.658
    Q                0.476       0.491       0.499       0.540       0.581       0.589       0.604

 S        WITH
    Q               -0.949      -0.946      -0.945      -0.938      -0.931      -0.929      -0.926

 Means
    I                1.809       1.827       1.836       1.882       1.929       1.938       1.956
    S                0.568       0.594       0.608       0.679       0.749       0.763       0.789
    Q               -0.608      -0.578      -0.563      -0.485      -0.406      -0.391      -0.361

 Intercepts
    SOFAS_0          0.000       0.000       0.000       0.000       0.000       0.000       0.000
    SOFAS_12         0.000       0.000       0.000       0.000       0.000       0.000       0.000
    SOFAS_24         0.000       0.000       0.000       0.000       0.000       0.000       0.000

 Variances
    I                1.000       1.000       1.000       1.000       1.000       1.000       1.000
    S                1.000       1.000       1.000       1.000       1.000       1.000       1.000
    Q                1.000       1.000       1.000       1.000       1.000       1.000       1.000

 Residual Variances
    SOFAS_0        999.000     999.000     999.000     999.000     999.000     999.000     999.000
    SOFAS_12       999.000     999.000     999.000     999.000     999.000     999.000     999.000
    SOFAS_24       999.000     999.000     999.000     999.000     999.000     999.000     999.000


STD Standardization

                  Lower .5%  Lower 2.5%    Lower 5%    Estimate    Upper 5%  Upper 2.5%   Upper .5%

Latent Class 1

 I        |
    SOFAS_0         18.205      18.252      18.276      18.402      18.527      18.551      18.598
    SOFAS_12        18.205      18.252      18.276      18.402      18.527      18.551      18.598
    SOFAS_24        18.205      18.252      18.276      18.402      18.527      18.551      18.598

 S        |
    SOFAS_0          0.000       0.000       0.000       0.000       0.000       0.000       0.000
    SOFAS_12        38.794      39.933      40.515      43.558      46.601      47.184      48.323
    SOFAS_24        77.587      79.865      81.031      87.117      93.202      94.368      96.646

 Q        |
    SOFAS_0          0.000       0.000       0.000       0.000       0.000       0.000       0.000
    SOFAS_12        16.144      16.961      17.378      19.559      21.740      22.158      22.974
    SOFAS_24        64.578      67.843      69.514      78.237      86.961      88.631      91.897

 I        WITH
    S               -0.696      -0.681      -0.673      -0.632      -0.591      -0.583      -0.568
    Q                0.392       0.411       0.421       0.471       0.522       0.531       0.550

 S        WITH
    Q               -0.961      -0.957      -0.955      -0.946      -0.937      -0.935      -0.932

 Means
    I                1.638       1.643       1.645       1.657       1.669       1.671       1.676
    S                0.594       0.656       0.687       0.851       1.015       1.046       1.108
    Q               -0.815      -0.745      -0.710      -0.523      -0.337      -0.302      -0.232

 Intercepts
    SOFAS_0          0.000       0.000       0.000       0.000       0.000       0.000       0.000
    SOFAS_12         0.000       0.000       0.000       0.000       0.000       0.000       0.000
    SOFAS_24         0.000       0.000       0.000       0.000       0.000       0.000       0.000

 Variances
    I                1.000       1.000       1.000       1.000       1.000       1.000       1.000
    S                1.000       1.000       1.000       1.000       1.000       1.000       1.000
    Q                1.000       1.000       1.000       1.000       1.000       1.000       1.000

 Residual Variances
    SOFAS_0        999.000     999.000     999.000    -338.354     999.000     999.000     999.000
    SOFAS_12       999.000     999.000     999.000      -2.759     999.000     999.000     999.000
    SOFAS_24       999.000     999.000     999.000    -180.424     999.000     999.000     999.000

Latent Class 2

 I        |
    SOFAS_0         22.055      22.211      22.291      22.708      23.125      23.205      23.361
    SOFAS_12        22.055      22.211      22.291      22.708      23.125      23.205      23.361
    SOFAS_24        22.055      22.211      22.291      22.708      23.125      23.205      23.361

 S        |
    SOFAS_0          0.000       0.000       0.000       0.000       0.000       0.000       0.000
    SOFAS_12        40.165      40.661      40.915      42.239      43.564      43.817      44.313
    SOFAS_24        80.330      81.322      81.829      84.478      87.128      87.635      88.627

 Q        |
    SOFAS_0          0.000       0.000       0.000       0.000       0.000       0.000       0.000
    SOFAS_12        16.946      17.235      17.383      18.155      18.927      19.075      19.364
    SOFAS_24        67.783      68.939      69.531      72.619      75.707      76.298      77.454

 I        WITH
    S               -0.746      -0.735      -0.730      -0.702      -0.674      -0.669      -0.658
    Q                0.476       0.491       0.499       0.540       0.581       0.589       0.604

 S        WITH
    Q               -0.949      -0.946      -0.945      -0.938      -0.931      -0.929      -0.926

 Means
    I                1.809       1.827       1.836       1.882       1.929       1.938       1.956
    S                0.568       0.594       0.608       0.679       0.749       0.763       0.789
    Q               -0.608      -0.578      -0.563      -0.485      -0.406      -0.391      -0.361

 Intercepts
    SOFAS_0          0.000       0.000       0.000       0.000       0.000       0.000       0.000
    SOFAS_12         0.000       0.000       0.000       0.000       0.000       0.000       0.000
    SOFAS_24         0.000       0.000       0.000       0.000       0.000       0.000       0.000

 Variances
    I                1.000       1.000       1.000       1.000       1.000       1.000       1.000
    S                1.000       1.000       1.000       1.000       1.000       1.000       1.000
    Q                1.000       1.000       1.000       1.000       1.000       1.000       1.000

 Residual Variances
    SOFAS_0        999.000     999.000     999.000    -338.354     999.000     999.000     999.000
    SOFAS_12       999.000     999.000     999.000      -2.759     999.000     999.000     999.000
    SOFAS_24       999.000     999.000     999.000    -180.424     999.000     999.000     999.000


TECHNICAL 1 OUTPUT


     PARAMETER SPECIFICATION FOR LATENT CLASS 1


           NU
              SOFAS_0       SOFAS_12      SOFAS_24
              ________      ________      ________
                    0             0             0


           LAMBDA
              I             S             Q
              ________      ________      ________
 SOFAS_0            0             0             0
 SOFAS_12           0             0             0
 SOFAS_24           0             0             0


           THETA
              SOFAS_0       SOFAS_12      SOFAS_24
              ________      ________      ________
 SOFAS_0            1
 SOFAS_12           0             2
 SOFAS_24           0             0             3


           ALPHA
              I             S             Q
              ________      ________      ________
                    4             5             6


           BETA
              I             S             Q
              ________      ________      ________
 I                  0             0             0
 S                  0             0             0
 Q                  0             0             0


           PSI
              I             S             Q
              ________      ________      ________
 I                  7
 S                  8             9
 Q                 10            11            12


     PARAMETER SPECIFICATION FOR LATENT CLASS 2


           NU
              SOFAS_0       SOFAS_12      SOFAS_24
              ________      ________      ________
                    0             0             0


           LAMBDA
              I             S             Q
              ________      ________      ________
 SOFAS_0            0             0             0
 SOFAS_12           0             0             0
 SOFAS_24           0             0             0


           THETA
              SOFAS_0       SOFAS_12      SOFAS_24
              ________      ________      ________
 SOFAS_0            1
 SOFAS_12           0             2
 SOFAS_24           0             0             3


           ALPHA
              I             S             Q
              ________      ________      ________
                   13            14            15


           BETA
              I             S             Q
              ________      ________      ________
 I                  0             0             0
 S                  0             0             0
 Q                  0             0             0


           PSI
              I             S             Q
              ________      ________      ________
 I                 16
 S                 17            18
 Q                 19            20            21


     PARAMETER SPECIFICATION FOR LATENT CLASS REGRESSION MODEL PART


           ALPHA(C)
              C#1           C#2
              ________      ________
                   22             0


     STARTING VALUES FOR LATENT CLASS 1


           NU
              SOFAS_0       SOFAS_12      SOFAS_24
              ________      ________      ________
                0.000         0.000         0.000


           LAMBDA
              I             S             Q
              ________      ________      ________
 SOFAS_0        1.000         0.000         0.000
 SOFAS_12       1.000        12.000       144.000
 SOFAS_24       1.000        24.000       576.000


           THETA
              SOFAS_0       SOFAS_12      SOFAS_24
              ________      ________      ________
 SOFAS_0       83.846
 SOFAS_12       0.000       148.790
 SOFAS_24       0.000         0.000       163.957


           ALPHA
              I             S             Q
              ________      ________      ________
               39.556         2.459        -0.061


           BETA
              I             S             Q
              ________      ________      ________
 I              0.000         0.000         0.000
 S              0.000         0.000         0.000
 Q              0.000         0.000         0.000


           PSI
              I             S             Q
              ________      ________      ________
 I            138.423
 S              0.000         7.127
 Q              0.000         0.000         0.010


     STARTING VALUES FOR LATENT CLASS 2


           NU
              SOFAS_0       SOFAS_12      SOFAS_24
              ________      ________      ________
                0.000         0.000         0.000


           LAMBDA
              I             S             Q
              ________      ________      ________
 SOFAS_0        1.000         0.000         0.000
 SOFAS_12       1.000        12.000       144.000
 SOFAS_24       1.000        24.000       576.000


           THETA
              SOFAS_0       SOFAS_12      SOFAS_24
              ________      ________      ________
 SOFAS_0       83.846
 SOFAS_12       0.000       148.790
 SOFAS_24       0.000         0.000       163.957


           ALPHA
              I             S             Q
              ________      ________      ________
               39.556         2.459        -0.061


           BETA
              I             S             Q
              ________      ________      ________
 I              0.000         0.000         0.000
 S              0.000         0.000         0.000
 Q              0.000         0.000         0.000


           PSI
              I             S             Q
              ________      ________      ________
 I            138.423
 S              0.000         7.127
 Q              0.000         0.000         0.010


     STARTING VALUES FOR LATENT CLASS REGRESSION MODEL PART


           ALPHA(C)
              C#1           C#2
              ________      ________
                0.000         0.000


TECHNICAL 7 OUTPUT


     SAMPLE STATISTICS WEIGHTED BY ESTIMATED CLASS PROBABILITIES FOR CLASS 1


           Means
              SOFAS_0       SOFAS_12      SOFAS_24
              ________      ________      ________
               30.490        57.456        63.054


           Covariances
              SOFAS_0       SOFAS_12      SOFAS_24
              ________      ________      ________
 SOFAS_0        0.263
 SOFAS_12      -5.000       326.900
 SOFAS_24       1.552       165.713       294.507


     SAMPLE STATISTICS WEIGHTED BY ESTIMATED CLASS PROBABILITIES FOR CLASS 2


           Means
              SOFAS_0       SOFAS_12      SOFAS_24
              ________      ________      ________
               42.716        62.399        63.866


           Covariances
              SOFAS_0       SOFAS_12      SOFAS_24
              ________      ________      ________
 SOFAS_0      177.193
 SOFAS_12      31.194       287.052
 SOFAS_24     -52.654        89.356       334.848


TECHNICAL 11 OUTPUT

     Random Starts Specifications for the k-1 Class Analysis Model
        Number of initial stage random starts                2000
        Number of final stage optimizations                   500



     VUONG-LO-MENDELL-RUBIN LIKELIHOOD RATIO TEST FOR 1 (H0) VERSUS 2 CLASSES

          H0 Loglikelihood Value                        -5526.046
          2 Times the Loglikelihood Difference            225.563
          Difference in the Number of Parameters               10
          Mean                                  *****************
          Standard Deviation                    *****************
          P-Value                                          0.1730

     LO-MENDELL-RUBIN ADJUSTED LRT TEST

          Value                                           222.133
          P-Value                                          0.1730


SAMPLE STATISTICS FOR ESTIMATED FACTOR SCORES


     SAMPLE STATISTICS


           Means
              I             S             Q             C_I           C_S
              ________      ________      ________      ________      ________
               40.585         2.512        -0.063        39.609         2.633


           Means
              C_Q
              ________
               -0.066


           Covariances
              I             S             Q             C_I           C_S
              ________      ________      ________      ________      ________
 I          63131.354
 S          -7871.279       986.263
 Q            218.655       -27.453         0.766
 C_I        74504.737     -9300.139       258.441     90387.340
 C_S        -9292.098      1164.764       -32.423    -11284.136      1413.604
 C_Q          258.151       -32.415         0.904       313.565       -39.337


           Covariances
              C_Q
              ________
 C_Q            1.097


           Correlations
              I             S             Q             C_I           C_S
              ________      ________      ________      ________      ________
 I              1.000
 S             -0.998         1.000
 Q              0.994        -0.999         1.000
 C_I            0.986        -0.985         0.982         1.000
 C_S           -0.984         0.986        -0.985        -0.998         1.000
 C_Q            0.981        -0.986         0.987         0.996        -0.999


           Correlations
              C_Q
              ________
 C_Q            1.000


SAVEDATA INFORMATION


  Save file
    GMM_CV_isq_T_est.dat

  Order and format of variables

    SOFAS_0        F10.3
    SOFAS_12       F10.3
    SOFAS_24       F10.3
    I              F10.3
    S              F10.3
    Q              F10.3
    C_I            F10.3
    C_S            F10.3
    C_Q            F10.3
    CPROB1         F10.3
    CPROB2         F10.3
    C              F10.3
    PIN            I4

  Save file format
    12F10.3 I4

  Save file record length    10000

  Save missing symbol        *


     Beginning Time:  19:54:40
        Ending Time:  19:56:27
       Elapsed Time:  00:01:47



MUTHEN & MUTHEN
3463 Stoner Ave.
Los Angeles, CA  90066

Tel: (310) 391-9971
Fax: (310) 391-8971
Web: www.StatModel.com
Support: Support@StatModel.com

Copyright (c) 1998-2021 Muthen & Muthen
