Mplus VERSION 8.6 (Mac)
MUTHEN & MUTHEN
07/21/2023   7:13 PM

INPUT INSTRUCTIONS

  TITLE:
  GBTM_P2_K2_S1000;
   - R3STEP_ageonset;
  DATA:
  FILE = "/Users/olivierpercie/Desktop/MplusLGM/SOFAS/Results/R3STEP/ageonset_R3STEP.dat";

  VARIABLE:
  NAMES = PIN SOFAS_0 SOFAS_12 SOFAS_24 I S Q C_I C_S C_Q CPROB1 CPROB2 N ageonset;
   MISSING=.;
   USEVAR = N ageonset;
  NOMINAL = N;
  CLASSES = c(2);
  ANALYSIS:
  TYPE = MIXTURE;
  ALGORITHM = INTEGRATION;
  INTEGRATION = MONTECARLO;
  STARTS = 0;
  PROCESSORS = 8;
  MODEL:
  %OVERALL%
  C ON ageonset;
  ageonset;
  %C#1%
  [N#1@2.417];
  %C#2%
  [N#1@-1.957];
  OUTPUT:
  TECH7;
  SAMPSTAT;
  STANDARDIZED;
  CINTERVAL;



INPUT READING TERMINATED NORMALLY




GBTM_P2_K2_S1000;
- R3STEP_ageonset;

SUMMARY OF ANALYSIS

Number of groups                                                 1
Number of observations                                         368

Number of dependent variables                                    1
Number of independent variables                                  1
Number of continuous latent variables                            0
Number of categorical latent variables                           1

Observed dependent variables

  Unordered categorical (nominal)
   N

Observed independent variables
   AGEONSET

Categorical latent variables
   C


Estimator                                                      MLR
Information matrix                                        OBSERVED
Optimization Specifications for the Quasi-Newton Algorithm for
Continuous Outcomes
  Maximum number of iterations                                 100
  Convergence criterion                                  0.100D-05
Optimization Specifications for the EM Algorithm
  Maximum number of iterations                                 500
  Convergence criteria
    Loglikelihood change                                 0.100D-02
    Relative loglikelihood change                        0.100D-05
    Derivative                                           0.100D-02
Optimization Specifications for the M step of the EM Algorithm for
Categorical Latent variables
  Number of M step iterations                                    1
  M step convergence criterion                           0.100D-02
  Basis for M step termination                           ITERATION
Optimization Specifications for the M step of the EM Algorithm for
Censored, Binary or Ordered Categorical (Ordinal), Unordered
Categorical (Nominal) and Count Outcomes
  Number of M step iterations                                    1
  M step convergence criterion                           0.100D-02
  Basis for M step termination                           ITERATION
  Maximum value for logit thresholds                            15
  Minimum value for logit thresholds                           -15
  Minimum expected cell size for chi-square              0.100D-01
Maximum number of iterations for H1                           2000
Convergence criterion for H1                             0.100D-03
Optimization algorithm                                         EMA
Integration Specifications
  Type                                                  MONTECARLO
  Number of integration points                                 250
  Dimensions of numerical integration                            1
  Adaptive quadrature                                           ON
  Monte Carlo integration seed                                   0
Cholesky                                                       OFF

Input data file(s)
  /Users/olivierpercie/Desktop/MplusLGM/SOFAS/Results/R3STEP/ageonset_R3STEP.dat
Input data format  FREE


SUMMARY OF DATA

     Number of missing data patterns             2
     Number of y missing data patterns           2
     Number of u missing data patterns           0


COVARIANCE COVERAGE OF DATA

Minimum covariance coverage value   0.100


     PROPORTION OF DATA PRESENT FOR Y


           Covariance Coverage
              AGEONSET
              ________
 AGEONSET       0.924


UNIVARIATE PROPORTIONS AND COUNTS FOR CATEGORICAL VARIABLES

    N
      Category 1    0.565          208.000
      Category 2    0.435          160.000


SAMPLE STATISTICS


     ESTIMATED SAMPLE STATISTICS


           Means
              AGEONSET
              ________
               22.779


           Covariances
              AGEONSET
              ________
 AGEONSET      23.773


           Correlations
              AGEONSET
              ________
 AGEONSET       1.000


     MAXIMUM LOG-LIKELIHOOD VALUE FOR THE UNRESTRICTED (H1) MODEL IS -1021.092


UNIVARIATE SAMPLE STATISTICS


     UNIVARIATE HIGHER-ORDER MOMENT DESCRIPTIVE STATISTICS

         Variable/         Mean/     Skewness/   Minimum/ % with                Percentiles
        Sample Size      Variance    Kurtosis    Maximum  Min/Max      20%/60%    40%/80%    Median

     AGEONSET             22.779       0.299       5.003    0.29%      18.745     20.956     21.940
             340.000      23.773      -0.014      35.071    0.29%      23.436     26.825


THE MODEL ESTIMATION TERMINATED NORMALLY



MODEL FIT INFORMATION

Number of Free Parameters                        4

Loglikelihood

          H0 Value                       -1271.664
          H0 Scaling Correction Factor      1.0032
            for MLR

Information Criteria

          Akaike (AIC)                    2551.328
          Bayesian (BIC)                  2566.961
          Sample-Size Adjusted BIC        2554.270
            (n* = (n + 2) / 24)



FINAL CLASS COUNTS AND PROPORTIONS FOR THE LATENT CLASSES
BASED ON THE ESTIMATED MODEL

    Latent
   Classes

       1        204.38707          0.55540
       2        163.61293          0.44460


FINAL CLASS COUNTS AND PROPORTIONS FOR THE LATENT CLASSES
BASED ON ESTIMATED POSTERIOR PROBABILITIES

    Latent
   Classes

       1        204.37871          0.55538
       2        163.62129          0.44462


FINAL CLASS COUNTS AND PROPORTIONS FOR THE LATENT CLASSES
BASED ON THEIR MOST LIKELY LATENT CLASS MEMBERSHIP

Class Counts and Proportions

    Latent
   Classes

       1              208          0.56522
       2              160          0.43478


CLASSIFICATION QUALITY

     Entropy                         0.533


Average Latent Class Probabilities for Most Likely Latent Class Membership (Row)
by Latent Class (Column)

           1        2

    1   0.902    0.098
    2   0.104    0.896


Classification Probabilities for the Most Likely Latent Class Membership (Column)
by Latent Class (Row)

           1        2

    1   0.918    0.082
    2   0.124    0.876


Logits for the Classification Probabilities for the Most Likely Latent Class Membership (Column)
by Latent Class (Row)

              1        2

    1      2.420    0.000
    2     -1.954    0.000


MODEL RESULTS

                                                    Two-Tailed
                    Estimate       S.E.  Est./S.E.    P-Value

Latent Class 1

 Means
    AGEONSET          22.777      0.265     86.012      0.000
    N#1                2.417      0.000    999.000    999.000

 Variances
    AGEONSET          23.840      1.825     13.064      0.000

Latent Class 2

 Means
    AGEONSET          22.777      0.265     86.012      0.000
    N#1               -1.957      0.000    999.000    999.000

 Variances
    AGEONSET          23.840      1.825     13.064      0.000

Categorical Latent Variables

 C#1        ON
    AGEONSET           0.047      0.030      1.600      0.110

 Intercepts
    C#1               -0.851      0.687     -1.239      0.215


QUALITY OF NUMERICAL RESULTS

     Condition Number for the Information Matrix              0.720E-04
       (ratio of smallest to largest eigenvalue)


LOGISTIC REGRESSION ODDS RATIO RESULTS

                                                95% C.I.
                    Estimate       S.E.  Lower 2.5% Upper 2.5%

Categorical Latent Variables

 C#1      ON
    AGEONSET           1.048      0.031      0.989      1.111


ALTERNATIVE PARAMETERIZATIONS FOR THE CATEGORICAL LATENT VARIABLE REGRESSION

                                                    Two-Tailed
                    Estimate       S.E.  Est./S.E.    P-Value

Parameterization using Reference Class 1

 C#2      ON
    AGEONSET          -0.047      0.030     -1.600      0.110

 Intercepts
    C#2                0.851      0.687      1.239      0.215


ODDS RATIO FOR THE ALTERNATIVE PARAMETERIZATIONS FOR THE CATEGORICAL LATENT VARIABLE REGRESSION

                                                95% C.I.
                    Estimate       S.E.  Lower 2.5% Upper 2.5%

Parameterization using Reference Class 1

 C#2      ON
    AGEONSET           0.954      0.028      0.900      1.011


STANDARDIZED MODEL RESULTS


STDYX Standardization

                                                    Two-Tailed
                    Estimate       S.E.  Est./S.E.    P-Value

Latent Class 1

 Means
    AGEONSET           4.665      0.175     26.608      0.000
    N#1                2.417      0.000    999.000    999.000

 Variances
    AGEONSET           1.000      0.000    999.000    999.000

Latent Class 2

 Means
    AGEONSET           4.665      0.175     26.608      0.000
    N#1               -1.957      0.000    999.000    999.000

 Variances
    AGEONSET           1.000      0.000    999.000    999.000


STDY Standardization

                                                    Two-Tailed
                    Estimate       S.E.  Est./S.E.    P-Value

Latent Class 1

 Means
    AGEONSET           4.665      0.175     26.608      0.000
    N#1                2.417      0.000    999.000    999.000

 Variances
    AGEONSET           1.000      0.000    999.000    999.000

Latent Class 2

 Means
    AGEONSET           4.665      0.175     26.608      0.000
    N#1               -1.957      0.000    999.000    999.000

 Variances
    AGEONSET           1.000      0.000    999.000    999.000


STD Standardization

                                                    Two-Tailed
                    Estimate       S.E.  Est./S.E.    P-Value

Latent Class 1

 Means
    AGEONSET          22.777      0.265     86.012      0.000
    N#1                2.417      0.000    999.000    999.000

 Variances
    AGEONSET          23.840      1.825     13.064      0.000

Latent Class 2

 Means
    AGEONSET          22.777      0.265     86.012      0.000
    N#1               -1.957      0.000    999.000    999.000

 Variances
    AGEONSET          23.840      1.825     13.064      0.000


CONFIDENCE INTERVALS OF MODEL RESULTS

                  Lower .5%  Lower 2.5%    Lower 5%    Estimate    Upper 5%  Upper 2.5%   Upper .5%

Latent Class 1

 Means
    AGEONSET        22.095      22.258      22.342      22.777      23.213      23.296      23.460
    N#1              2.417       2.417       2.417       2.417       2.417       2.417       2.417

 Variances
    AGEONSET        19.139      20.263      20.838      23.840      26.842      27.417      28.540

Latent Class 2

 Means
    AGEONSET        22.095      22.258      22.342      22.777      23.213      23.296      23.460
    N#1             -1.957      -1.957      -1.957      -1.957      -1.957      -1.957      -1.957

 Variances
    AGEONSET        19.139      20.263      20.838      23.840      26.842      27.417      28.540

Categorical Latent Variables

 C#1      ON
    AGEONSET        -0.029      -0.011      -0.001       0.047       0.096       0.105       0.123

 Intercepts
    C#1             -2.621      -2.198      -1.981      -0.851       0.279       0.495       0.918


CONFIDENCE INTERVALS FOR THE LOGISTIC REGRESSION ODDS RATIO RESULTS

Categorical Latent Variables

 C#1      ON
    AGEONSET         0.972       0.989       0.999       1.048       1.101       1.111       1.131


CONFIDENCE INTERVALS FOR THE ALTERNATIVE PARAMETERIZATIONS FOR THE CATEGORICAL LATENT VARIABLE REGRESSION

Parameterization using Reference Class 1

 C#2      ON
    AGEONSET        -0.123      -0.105      -0.096      -0.047       0.001       0.011       0.029

 Intercepts
    C#2             -0.918      -0.495      -0.279       0.851       1.981       2.198       2.621


CONFIDENCE INTERVALS FOR THE ODDS RATIO FOR THE ALTERNATIVE PARAMETERIZATIONS FOR THE
CATEGORICAL LATENT VARIABLE REGRESSION

Parameterization using Reference Class 1

 C#2      ON
    AGEONSET         0.884       0.900       0.909       0.954       1.001       1.011       1.029


CONFIDENCE INTERVALS OF STANDARDIZED MODEL RESULTS


STDYX Standardization

                  Lower .5%  Lower 2.5%    Lower 5%    Estimate    Upper 5%  Upper 2.5%   Upper .5%

Latent Class 1

 Means
    AGEONSET         4.213       4.321       4.377       4.665       4.953       5.009       5.117
    N#1              2.417       2.417       2.417       2.417       2.417       2.417       2.417

 Variances
    AGEONSET         1.000       1.000       1.000       1.000       1.000       1.000       1.000

Latent Class 2

 Means
    AGEONSET         4.213       4.321       4.377       4.665       4.953       5.009       5.117
    N#1             -1.957      -1.957      -1.957      -1.957      -1.957      -1.957      -1.957

 Variances
    AGEONSET         1.000       1.000       1.000       1.000       1.000       1.000       1.000


STDY Standardization

                  Lower .5%  Lower 2.5%    Lower 5%    Estimate    Upper 5%  Upper 2.5%   Upper .5%

Latent Class 1

 Means
    AGEONSET         4.213       4.321       4.377       4.665       4.953       5.009       5.117
    N#1              2.417       2.417       2.417       2.417       2.417       2.417       2.417

 Variances
    AGEONSET         1.000       1.000       1.000       1.000       1.000       1.000       1.000

Latent Class 2

 Means
    AGEONSET         4.213       4.321       4.377       4.665       4.953       5.009       5.117
    N#1             -1.957      -1.957      -1.957      -1.957      -1.957      -1.957      -1.957

 Variances
    AGEONSET         1.000       1.000       1.000       1.000       1.000       1.000       1.000


STD Standardization

                  Lower .5%  Lower 2.5%    Lower 5%    Estimate    Upper 5%  Upper 2.5%   Upper .5%

Latent Class 1

 Means
    AGEONSET        22.095      22.258      22.342      22.777      23.213      23.296      23.460
    N#1              2.417       2.417       2.417       2.417       2.417       2.417       2.417

 Variances
    AGEONSET        19.139      20.263      20.838      23.840      26.842      27.417      28.540

Latent Class 2

 Means
    AGEONSET        22.095      22.258      22.342      22.777      23.213      23.296      23.460
    N#1             -1.957      -1.957      -1.957      -1.957      -1.957      -1.957      -1.957

 Variances
    AGEONSET        19.139      20.263      20.838      23.840      26.842      27.417      28.540


TECHNICAL 7 OUTPUT


     SAMPLE STATISTICS WEIGHTED BY ESTIMATED CLASS PROBABILITIES FOR CLASS 1


           Means
              AGEONSET
              ________
               23.264


           Covariances
              AGEONSET
              ________
 AGEONSET      25.970


     SAMPLE STATISTICS WEIGHTED BY ESTIMATED CLASS PROBABILITIES FOR CLASS 2


           Means
              AGEONSET
              ________
               22.167


           Covariances
              AGEONSET
              ________
 AGEONSET      20.337


     UNIVARIATE SAMPLE DISTRIBUTIONS FOR CLASS 1

     Variable
     N
       Category 1        0.918
       Category 2        0.082


     UNIVARIATE SAMPLE DISTRIBUTIONS FOR CLASS 2

     Variable
     N
       Category 1        0.124
       Category 2        0.876


     Beginning Time:  19:13:53
        Ending Time:  19:13:53
       Elapsed Time:  00:00:00



MUTHEN & MUTHEN
3463 Stoner Ave.
Los Angeles, CA  90066

Tel: (310) 391-9971
Fax: (310) 391-8971
Web: www.StatModel.com
Support: Support@StatModel.com

Copyright (c) 1998-2021 Muthen & Muthen
