Mplus VERSION 8.6 (Mac)
MUTHEN & MUTHEN
04/16/2024   1:05 PM

INPUT INSTRUCTIONS

  TITLE:
  GBTM_P2_K2_S1000;
   - R3STEP_JSR_at6;
  DATA:
  FILE = "/Users/olivierpercie/Desktop/LGM/SOFAS/Results/R3STEP/JSR_at6_R3STEP.dat";

  VARIABLE:
  NAMES = PIN SOFAS_0 SOFAS_12 SOFAS_24 I S Q C_I C_S C_Q CPROB1 CPROB2 N JSR_at6;
   MISSING=.;
   USEVAR = N JSR_at6;
  NOMINAL = N;
  CLASSES = c(2);
  ANALYSIS:
  TYPE = MIXTURE;
  ALGORITHM = INTEGRATION;
  INTEGRATION = MONTECARLO;
  STARTS = 0 0;
  PROCESSORS = 8;
  MODEL:
  %OVERALL%
  C ON JSR_at6;
  JSR_at6;
  %C#1%
  [N#1@1.35];
  %C#2%
  [N#1@-1.788];
  OUTPUT:
  SAMPSTAT;
  STANDARDIZED;
  CINTERVAL;
  TECH7;
  TECH12;



*** WARNING
  Data set contains cases with missing on all variables.
  These cases were not included in the analysis.
  Number of cases with missing on all variables:  18
   1 WARNING(S) FOUND IN THE INPUT INSTRUCTIONS




GBTM_P2_K2_S1000;
- R3STEP_JSR_at6;

SUMMARY OF ANALYSIS

Number of groups                                                 1
Number of observations                                         671

Number of dependent variables                                    1
Number of independent variables                                  1
Number of continuous latent variables                            0
Number of categorical latent variables                           1

Observed dependent variables

  Unordered categorical (nominal)
   N

Observed independent variables
   JSR_AT6

Categorical latent variables
   C


Estimator                                                      MLR
Information matrix                                        OBSERVED
Optimization Specifications for the Quasi-Newton Algorithm for
Continuous Outcomes
  Maximum number of iterations                                 100
  Convergence criterion                                  0.100D-05
Optimization Specifications for the EM Algorithm
  Maximum number of iterations                                 500
  Convergence criteria
    Loglikelihood change                                 0.100D-02
    Relative loglikelihood change                        0.100D-05
    Derivative                                           0.100D-02
Optimization Specifications for the M step of the EM Algorithm for
Categorical Latent variables
  Number of M step iterations                                    1
  M step convergence criterion                           0.100D-02
  Basis for M step termination                           ITERATION
Optimization Specifications for the M step of the EM Algorithm for
Censored, Binary or Ordered Categorical (Ordinal), Unordered
Categorical (Nominal) and Count Outcomes
  Number of M step iterations                                    1
  M step convergence criterion                           0.100D-02
  Basis for M step termination                           ITERATION
  Maximum value for logit thresholds                            15
  Minimum value for logit thresholds                           -15
  Minimum expected cell size for chi-square              0.100D-01
Maximum number of iterations for H1                           2000
Convergence criterion for H1                             0.100D-03
Optimization algorithm                                         EMA
Integration Specifications
  Type                                                  MONTECARLO
  Number of integration points                                 250
  Dimensions of numerical integration                            1
  Adaptive quadrature                                           ON
  Monte Carlo integration seed                                   0
Cholesky                                                       OFF

Input data file(s)
  /Users/olivierpercie/Desktop/LGM/SOFAS/Results/R3STEP/JSR_at6_R3STEP.dat
Input data format  FREE


SUMMARY OF DATA

     Number of missing data patterns             2
     Number of y missing data patterns           2
     Number of u missing data patterns           0


COVARIANCE COVERAGE OF DATA

Minimum covariance coverage value   0.100


     PROPORTION OF DATA PRESENT FOR Y


           Covariance Coverage
              JSR_AT6
              ________
 JSR_AT6        0.857


UNIVARIATE PROPORTIONS AND COUNTS FOR CATEGORICAL VARIABLES

    N
      Category 1    0.431          280.000
      Category 2    0.569          370.000


SAMPLE STATISTICS


     ESTIMATED SAMPLE STATISTICS


           Means
              JSR_AT6
              ________
                1.024


           Covariances
              JSR_AT6
              ________
 JSR_AT6        0.024


           Correlations
              JSR_AT6
              ________
 JSR_AT6        1.000


     MAXIMUM LOG-LIKELIHOOD VALUE FOR THE UNRESTRICTED (H1) MODEL IS 259.349


UNIVARIATE SAMPLE STATISTICS


     UNIVARIATE HIGHER-ORDER MOMENT DESCRIPTIVE STATISTICS

         Variable/         Mean/     Skewness/   Minimum/ % with                Percentiles
        Sample Size      Variance    Kurtosis    Maximum  Min/Max      20%/60%    40%/80%    Median

     JSR_AT6               1.024       6.172       1.000   97.57%       1.000      1.000      1.000
             575.000       0.024      36.096       2.000    2.43%       1.000      1.000

     THE STANDARD ERRORS OF THE MODEL PARAMETER ESTIMATES MAY NOT BE
     TRUSTWORTHY FOR SOME PARAMETERS DUE TO A NON-POSITIVE DEFINITE
     FIRST-ORDER DERIVATIVE PRODUCT MATRIX.  THIS MAY BE DUE TO THE STARTING
     VALUES BUT MAY ALSO BE AN INDICATION OF MODEL NONIDENTIFICATION.  THE
     CONDITION NUMBER IS       0.653D-10.  PROBLEM INVOLVING THE FOLLOWING PARAMETER:
     Parameter 4, C#1 ON JSR_AT6


THE MODEL ESTIMATION TERMINATED NORMALLY



MODEL FIT INFORMATION

Number of Free Parameters                        4

Loglikelihood

          H0 Value                        -182.087
          H0 Scaling Correction Factor      5.3143
            for MLR

Information Criteria

          Akaike (AIC)                     372.173
          Bayesian (BIC)                   390.208
          Sample-Size Adjusted BIC         377.508
            (n* = (n + 2) / 24)



FINAL CLASS COUNTS AND PROPORTIONS FOR THE LATENT CLASSES
BASED ON THE ESTIMATED MODEL

    Latent
   Classes

       1        309.02223          0.46054
       2        361.97777          0.53946


FINAL CLASS COUNTS AND PROPORTIONS FOR THE LATENT CLASSES
BASED ON ESTIMATED POSTERIOR PROBABILITIES

    Latent
   Classes

       1        303.32738          0.45205
       2        367.67262          0.54795


FINAL CLASS COUNTS AND PROPORTIONS FOR THE LATENT CLASSES
BASED ON THEIR MOST LIKELY LATENT CLASS MEMBERSHIP

Class Counts and Proportions

    Latent
   Classes

       1              277          0.41282
       2              394          0.58718


CLASSIFICATION QUALITY

     Entropy                         0.343


Average Latent Class Probabilities for Most Likely Latent Class Membership (Row)
by Latent Class (Column)

           1        2

    1   0.832    0.168
    2   0.185    0.815


Classification Probabilities for the Most Likely Latent Class Membership (Column)
by Latent Class (Row)

           1        2

    1   0.760    0.240
    2   0.126    0.874


Logits for the Classification Probabilities for the Most Likely Latent Class Membership (Column)
by Latent Class (Row)

              1        2

    1      1.153    0.000
    2     -1.934    0.000


MODEL RESULTS

                                                    Two-Tailed
                    Estimate       S.E.  Est./S.E.    P-Value

Latent Class 1

 Means
    JSR_AT6            1.027      0.007    151.537      0.000
    N#1                1.350      0.000    999.000    999.000

 Variances
    JSR_AT6            0.024      0.006      3.893      0.000

Latent Class 2

 Means
    JSR_AT6            1.027      0.007    151.537      0.000
    N#1               -1.788      0.000    999.000    999.000

 Variances
    JSR_AT6            0.024      0.006      3.893      0.000

Categorical Latent Variables

 C#1        ON
    JSR_AT6          -68.519    112.476     -0.609      0.542

 Intercepts
    C#1               68.433    112.619      0.608      0.543


QUALITY OF NUMERICAL RESULTS

     Condition Number for the Information Matrix              0.653E-10
       (ratio of smallest to largest eigenvalue)


LOGISTIC REGRESSION ODDS RATIO RESULTS

                                                95% C.I.
                    Estimate       S.E.  Lower 2.5% Upper 2.5%

Categorical Latent Variables

 C#1      ON
    JSR_AT6            0.000      0.000      0.000  *********


ALTERNATIVE PARAMETERIZATIONS FOR THE CATEGORICAL LATENT VARIABLE REGRESSION

                                                    Two-Tailed
                    Estimate       S.E.  Est./S.E.    P-Value

Parameterization using Reference Class 1

 C#2      ON
    JSR_AT6           68.519    112.476      0.609      0.542

 Intercepts
    C#2              -68.433    112.619     -0.608      0.543


ODDS RATIO FOR THE ALTERNATIVE PARAMETERIZATIONS FOR THE CATEGORICAL LATENT VARIABLE REGRESSION

                                                95% C.I.
                    Estimate       S.E.  Lower 2.5% Upper 2.5%

Parameterization using Reference Class 1

 C#2      ON
    JSR_AT6          999.000    999.000    999.000    999.000


STANDARDIZED MODEL RESULTS


STDYX Standardization

                                                    Two-Tailed
                    Estimate       S.E.  Est./S.E.    P-Value

Latent Class 1

 Means
    JSR_AT6            6.674      0.814      8.198      0.000
    N#1                1.350      0.000    999.000    999.000

 Variances
    JSR_AT6            1.000      0.000    999.000    999.000

Latent Class 2

 Means
    JSR_AT6            6.674      0.814      8.198      0.000
    N#1               -1.788      0.000    999.000    999.000

 Variances
    JSR_AT6            1.000      0.000    999.000    999.000


STDY Standardization

                                                    Two-Tailed
                    Estimate       S.E.  Est./S.E.    P-Value

Latent Class 1

 Means
    JSR_AT6            6.674      0.814      8.198      0.000
    N#1                1.350      0.000    999.000    999.000

 Variances
    JSR_AT6            1.000      0.000    999.000    999.000

Latent Class 2

 Means
    JSR_AT6            6.674      0.814      8.198      0.000
    N#1               -1.788      0.000    999.000    999.000

 Variances
    JSR_AT6            1.000      0.000    999.000    999.000


STD Standardization

                                                    Two-Tailed
                    Estimate       S.E.  Est./S.E.    P-Value

Latent Class 1

 Means
    JSR_AT6            1.027      0.007    151.537      0.000
    N#1                1.350      0.000    999.000    999.000

 Variances
    JSR_AT6            0.024      0.006      3.893      0.000

Latent Class 2

 Means
    JSR_AT6            1.027      0.007    151.537      0.000
    N#1               -1.788      0.000    999.000    999.000

 Variances
    JSR_AT6            0.024      0.006      3.893      0.000


CONFIDENCE INTERVALS OF MODEL RESULTS

                  Lower .5%  Lower 2.5%    Lower 5%    Estimate    Upper 5%  Upper 2.5%   Upper .5%

Latent Class 1

 Means
    JSR_AT6          1.010       1.014       1.016       1.027       1.039       1.041       1.045
    N#1              1.350       1.350       1.350       1.350       1.350       1.350       1.350

 Variances
    JSR_AT6          0.008       0.012       0.014       0.024       0.034       0.036       0.039

Latent Class 2

 Means
    JSR_AT6          1.010       1.014       1.016       1.027       1.039       1.041       1.045
    N#1             -1.788      -1.788      -1.788      -1.788      -1.788      -1.788      -1.788

 Variances
    JSR_AT6          0.008       0.012       0.014       0.024       0.034       0.036       0.039

Categorical Latent Variables

 C#1      ON
    JSR_AT6       -358.234    -288.972    -253.542     -68.519     116.504     151.933     221.196

 Intercepts
    C#1           -221.652    -152.301    -116.826      68.433     253.691     289.166     358.517


CONFIDENCE INTERVALS FOR THE LOGISTIC REGRESSION ODDS RATIO RESULTS

Categorical Latent Variables

 C#1      ON
    JSR_AT6          0.000       0.000       0.000       0.000  **********  **********  **********


CONFIDENCE INTERVALS FOR THE ALTERNATIVE PARAMETERIZATIONS FOR THE CATEGORICAL LATENT VARIABLE REGRESSION

Parameterization using Reference Class 1

 C#2      ON
    JSR_AT6       -221.196    -151.933    -116.504      68.519     253.542     288.972     358.234

 Intercepts
    C#2           -358.517    -289.166    -253.691     -68.433     116.826     152.301     221.652


CONFIDENCE INTERVALS FOR THE ODDS RATIO FOR THE ALTERNATIVE PARAMETERIZATIONS FOR THE
CATEGORICAL LATENT VARIABLE REGRESSION

Parameterization using Reference Class 1

 C#2      ON
    JSR_AT6          0.000       0.000       0.000  **********  **********  **********  **********


CONFIDENCE INTERVALS OF STANDARDIZED MODEL RESULTS


STDYX Standardization

                  Lower .5%  Lower 2.5%    Lower 5%    Estimate    Upper 5%  Upper 2.5%   Upper .5%

Latent Class 1

 Means
    JSR_AT6          4.577       5.079       5.335       6.674       8.013       8.270       8.771
    N#1              1.350       1.350       1.350       1.350       1.350       1.350       1.350

 Variances
    JSR_AT6          1.000       1.000       1.000       1.000       1.000       1.000       1.000

Latent Class 2

 Means
    JSR_AT6          4.577       5.079       5.335       6.674       8.013       8.270       8.771
    N#1             -1.788      -1.788      -1.788      -1.788      -1.788      -1.788      -1.788

 Variances
    JSR_AT6          1.000       1.000       1.000       1.000       1.000       1.000       1.000


STDY Standardization

                  Lower .5%  Lower 2.5%    Lower 5%    Estimate    Upper 5%  Upper 2.5%   Upper .5%

Latent Class 1

 Means
    JSR_AT6          4.577       5.079       5.335       6.674       8.013       8.270       8.771
    N#1              1.350       1.350       1.350       1.350       1.350       1.350       1.350

 Variances
    JSR_AT6          1.000       1.000       1.000       1.000       1.000       1.000       1.000

Latent Class 2

 Means
    JSR_AT6          4.577       5.079       5.335       6.674       8.013       8.270       8.771
    N#1             -1.788      -1.788      -1.788      -1.788      -1.788      -1.788      -1.788

 Variances
    JSR_AT6          1.000       1.000       1.000       1.000       1.000       1.000       1.000


STD Standardization

                  Lower .5%  Lower 2.5%    Lower 5%    Estimate    Upper 5%  Upper 2.5%   Upper .5%

Latent Class 1

 Means
    JSR_AT6          1.010       1.014       1.016       1.027       1.039       1.041       1.045
    N#1              1.350       1.350       1.350       1.350       1.350       1.350       1.350

 Variances
    JSR_AT6          0.008       0.012       0.014       0.024       0.034       0.036       0.039

Latent Class 2

 Means
    JSR_AT6          1.010       1.014       1.016       1.027       1.039       1.041       1.045
    N#1             -1.788      -1.788      -1.788      -1.788      -1.788      -1.788      -1.788

 Variances
    JSR_AT6          0.008       0.012       0.014       0.024       0.034       0.036       0.039


TECHNICAL 1 OUTPUT


     PARAMETER SPECIFICATION FOR LATENT CLASS 1


           NU
              N#1           JSR_AT6
              ________      ________
                    0             0


           LAMBDA
              JSR_AT6
              ________
 N#1                0
 JSR_AT6            0


           THETA
              N#1           JSR_AT6
              ________      ________
 N#1                0
 JSR_AT6            0             0


           ALPHA
              JSR_AT6
              ________
                    1


           BETA
              JSR_AT6
              ________
 JSR_AT6            0


           PSI
              JSR_AT6
              ________
 JSR_AT6            2


     PARAMETER SPECIFICATION FOR LATENT CLASS 2


           NU
              N#1           JSR_AT6
              ________      ________
                    0             0


           LAMBDA
              JSR_AT6
              ________
 N#1                0
 JSR_AT6            0


           THETA
              N#1           JSR_AT6
              ________      ________
 N#1                0
 JSR_AT6            0             0


           ALPHA
              JSR_AT6
              ________
                    1


           BETA
              JSR_AT6
              ________
 JSR_AT6            0


           PSI
              JSR_AT6
              ________
 JSR_AT6            2


     PARAMETER SPECIFICATION FOR LATENT CLASS REGRESSION MODEL PART


           ALPHA(C)
              C#1           C#2
              ________      ________
                    3             0


           GAMMA(C)
              JSR_AT6
              ________
 C#1                4
 C#2                0


     STARTING VALUES FOR LATENT CLASS 1


           NU
              N#1           JSR_AT6
              ________      ________
                1.350         0.000


           LAMBDA
              JSR_AT6
              ________
 N#1            0.000
 JSR_AT6        1.000


           THETA
              N#1           JSR_AT6
              ________      ________
 N#1            0.000
 JSR_AT6        0.000         0.000


           ALPHA
              JSR_AT6
              ________
                1.024


           BETA
              JSR_AT6
              ________
 JSR_AT6        0.000


           PSI
              JSR_AT6
              ________
 JSR_AT6        0.012


     STARTING VALUES FOR LATENT CLASS 2


           NU
              N#1           JSR_AT6
              ________      ________
               -1.788         0.000


           LAMBDA
              JSR_AT6
              ________
 N#1            0.000
 JSR_AT6        1.000


           THETA
              N#1           JSR_AT6
              ________      ________
 N#1            0.000
 JSR_AT6        0.000         0.000


           ALPHA
              JSR_AT6
              ________
                1.024


           BETA
              JSR_AT6
              ________
 JSR_AT6        0.000


           PSI
              JSR_AT6
              ________
 JSR_AT6        0.012


     STARTING VALUES FOR LATENT CLASS REGRESSION MODEL PART


           ALPHA(C)
              C#1           C#2
              ________      ________
                0.000         0.000


           GAMMA(C)
              JSR_AT6
              ________
 C#1            0.000
 C#2            0.000


TECHNICAL 7 OUTPUT


     SAMPLE STATISTICS WEIGHTED BY ESTIMATED CLASS PROBABILITIES FOR CLASS 1


           Means
              JSR_AT6
              ________
                1.000


           Covariances
              JSR_AT6
              ________
 JSR_AT6        0.000


     SAMPLE STATISTICS WEIGHTED BY ESTIMATED CLASS PROBABILITIES FOR CLASS 2


           Means
              JSR_AT6
              ________
                1.046


           Covariances
              JSR_AT6
              ________
 JSR_AT6        0.044


     UNIVARIATE SAMPLE DISTRIBUTIONS FOR CLASS 1

     Variable
     N
       Category 1        0.786
       Category 2        0.214


     UNIVARIATE SAMPLE DISTRIBUTIONS FOR CLASS 2

     Variable
     N
       Category 1        0.139
       Category 2        0.861


TECHNICAL 12 OUTPUT


     ESTIMATED MIXED MODEL AND RESIDUALS (OBSERVED - EXPECTED)


           Observed Means
              JSR_AT6
              ________
                1.024


           Estimated Mixed Means
              JSR_AT6
              ________
                1.027


           Residuals for Mixed Means
              JSR_AT6
              ________
               -0.003


           Observed Covariances
              JSR_AT6
              ________
 JSR_AT6        0.024


           Estimated Mixed Covariances
              JSR_AT6
              ________
 JSR_AT6        0.024


           Residuals for Mixed Covariances
              JSR_AT6
              ________
 JSR_AT6        0.000


           Observed Skewness
              JSR_AT6
              ________
                6.172


           Estimated Mixed Skewness
              JSR_AT6
              ________
                0.000


           Residuals for Mixed Skewness
              JSR_AT6
              ________
                6.172


           Observed Kurtosis
              JSR_AT6
              ________
               36.096


           Estimated Mixed Kurtosis
              JSR_AT6
              ________
                0.000


           Residuals for Mixed Kurtosis
              JSR_AT6
              ________
               36.096


     Beginning Time:  13:05:25
        Ending Time:  13:05:48
       Elapsed Time:  00:00:23



MUTHEN & MUTHEN
3463 Stoner Ave.
Los Angeles, CA  90066

Tel: (310) 391-9971
Fax: (310) 391-8971
Web: www.StatModel.com
Support: Support@StatModel.com

Copyright (c) 1998-2021 Muthen & Muthen
