Mplus VERSION 8.6 (Mac)
MUTHEN & MUTHEN
04/16/2024   1:04 PM

INPUT INSTRUCTIONS

  TITLE:
  GBTM_P2_K2_S1000;
   - R3STEP_NSR_by3;
  DATA:
  FILE = "/Users/olivierpercie/Desktop/LGM/SOFAS/Results/R3STEP/NSR_by3_R3STEP.dat";

  VARIABLE:
  NAMES = PIN SOFAS_0 SOFAS_12 SOFAS_24 I S Q C_I C_S C_Q CPROB1 CPROB2 N NSR_by3;
   MISSING=.;
   USEVAR = N NSR_by3;
  NOMINAL = N;
  CLASSES = c(2);
  ANALYSIS:
  TYPE = MIXTURE;
  ALGORITHM = INTEGRATION;
  INTEGRATION = MONTECARLO;
  STARTS = 0 0;
  PROCESSORS = 8;
  MODEL:
  %OVERALL%
  C ON NSR_by3;
  NSR_by3;
  %C#1%
  [N#1@1.35];
  %C#2%
  [N#1@-1.788];
  OUTPUT:
  SAMPSTAT;
  STANDARDIZED;
  CINTERVAL;
  TECH7;
  TECH12;



*** WARNING
  Data set contains cases with missing on all variables.
  These cases were not included in the analysis.
  Number of cases with missing on all variables:  22
   1 WARNING(S) FOUND IN THE INPUT INSTRUCTIONS




GBTM_P2_K2_S1000;
- R3STEP_NSR_by3;

SUMMARY OF ANALYSIS

Number of groups                                                 1
Number of observations                                         667

Number of dependent variables                                    1
Number of independent variables                                  1
Number of continuous latent variables                            0
Number of categorical latent variables                           1

Observed dependent variables

  Unordered categorical (nominal)
   N

Observed independent variables
   NSR_BY3

Categorical latent variables
   C


Estimator                                                      MLR
Information matrix                                        OBSERVED
Optimization Specifications for the Quasi-Newton Algorithm for
Continuous Outcomes
  Maximum number of iterations                                 100
  Convergence criterion                                  0.100D-05
Optimization Specifications for the EM Algorithm
  Maximum number of iterations                                 500
  Convergence criteria
    Loglikelihood change                                 0.100D-02
    Relative loglikelihood change                        0.100D-05
    Derivative                                           0.100D-02
Optimization Specifications for the M step of the EM Algorithm for
Categorical Latent variables
  Number of M step iterations                                    1
  M step convergence criterion                           0.100D-02
  Basis for M step termination                           ITERATION
Optimization Specifications for the M step of the EM Algorithm for
Censored, Binary or Ordered Categorical (Ordinal), Unordered
Categorical (Nominal) and Count Outcomes
  Number of M step iterations                                    1
  M step convergence criterion                           0.100D-02
  Basis for M step termination                           ITERATION
  Maximum value for logit thresholds                            15
  Minimum value for logit thresholds                           -15
  Minimum expected cell size for chi-square              0.100D-01
Maximum number of iterations for H1                           2000
Convergence criterion for H1                             0.100D-03
Optimization algorithm                                         EMA
Integration Specifications
  Type                                                  MONTECARLO
  Number of integration points                                 250
  Dimensions of numerical integration                            1
  Adaptive quadrature                                           ON
  Monte Carlo integration seed                                   0
Cholesky                                                       OFF

Input data file(s)
  /Users/olivierpercie/Desktop/LGM/SOFAS/Results/R3STEP/NSR_by3_R3STEP.dat
Input data format  FREE


SUMMARY OF DATA

     Number of missing data patterns             2
     Number of y missing data patterns           2
     Number of u missing data patterns           0


COVARIANCE COVERAGE OF DATA

Minimum covariance coverage value   0.100


     PROPORTION OF DATA PRESENT FOR Y


           Covariance Coverage
              NSR_BY3
              ________
 NSR_BY3        0.612


UNIVARIATE PROPORTIONS AND COUNTS FOR CATEGORICAL VARIABLES

    N
      Category 1    0.431          280.000
      Category 2    0.569          370.000


SAMPLE STATISTICS


     ESTIMATED SAMPLE STATISTICS


           Means
              NSR_BY3
              ________
                1.534


           Covariances
              NSR_BY3
              ________
 NSR_BY3        0.249


           Correlations
              NSR_BY3
              ________
 NSR_BY3        1.000


     MAXIMUM LOG-LIKELIHOOD VALUE FOR THE UNRESTRICTED (H1) MODEL IS -295.160


UNIVARIATE SAMPLE STATISTICS


     UNIVARIATE HIGHER-ORDER MOMENT DESCRIPTIVE STATISTICS

         Variable/         Mean/     Skewness/   Minimum/ % with                Percentiles
        Sample Size      Variance    Kurtosis    Maximum  Min/Max      20%/60%    40%/80%    Median

     NSR_BY3               1.534      -0.138       1.000   46.57%       1.000      1.000      2.000
             408.000       0.249      -1.981       2.000   53.43%       2.000      2.000


THE MODEL ESTIMATION TERMINATED NORMALLY



MODEL FIT INFORMATION

Number of Free Parameters                        4

Loglikelihood

          H0 Value                        -722.893
          H0 Scaling Correction Factor      0.7415
            for MLR

Information Criteria

          Akaike (AIC)                    1453.785
          Bayesian (BIC)                  1471.796
          Sample-Size Adjusted BIC        1459.096
            (n* = (n + 2) / 24)



FINAL CLASS COUNTS AND PROPORTIONS FOR THE LATENT CLASSES
BASED ON THE ESTIMATED MODEL

    Latent
   Classes

       1        291.38623          0.43686
       2        375.61377          0.56314


FINAL CLASS COUNTS AND PROPORTIONS FOR THE LATENT CLASSES
BASED ON ESTIMATED POSTERIOR PROBABILITIES

    Latent
   Classes

       1        294.03622          0.44083
       2        372.96378          0.55917


FINAL CLASS COUNTS AND PROPORTIONS FOR THE LATENT CLASSES
BASED ON THEIR MOST LIKELY LATENT CLASS MEMBERSHIP

Class Counts and Proportions

    Latent
   Classes

       1              285          0.42729
       2              382          0.57271


CLASSIFICATION QUALITY

     Entropy                         0.388


Average Latent Class Probabilities for Most Likely Latent Class Membership (Row)
by Latent Class (Column)

           1        2

    1   0.814    0.186
    2   0.163    0.837


Classification Probabilities for the Most Likely Latent Class Membership (Column)
by Latent Class (Row)

           1        2

    1   0.789    0.211
    2   0.143    0.857


Logits for the Classification Probabilities for the Most Likely Latent Class Membership (Column)
by Latent Class (Row)

              1        2

    1      1.316    0.000
    2     -1.795    0.000


MODEL RESULTS

                                                    Two-Tailed
                    Estimate       S.E.  Est./S.E.    P-Value

Latent Class 1

 Means
    NSR_BY3            1.521      0.025     61.907      0.000
    N#1                1.350      0.000    999.000    999.000

 Variances
    NSR_BY3            0.250      0.002    125.943      0.000

Latent Class 2

 Means
    NSR_BY3            1.521      0.025     61.907      0.000
    N#1               -1.788      0.000    999.000    999.000

 Variances
    NSR_BY3            0.250      0.002    125.943      0.000

Categorical Latent Variables

 C#1        ON
    NSR_BY3           -1.933      0.366     -5.282      0.000

 Intercepts
    C#1                2.652      0.560      4.732      0.000


QUALITY OF NUMERICAL RESULTS

     Condition Number for the Information Matrix              0.970E-03
       (ratio of smallest to largest eigenvalue)


LOGISTIC REGRESSION ODDS RATIO RESULTS

                                                95% C.I.
                    Estimate       S.E.  Lower 2.5% Upper 2.5%

Categorical Latent Variables

 C#1      ON
    NSR_BY3            0.145      0.053      0.071      0.297


ALTERNATIVE PARAMETERIZATIONS FOR THE CATEGORICAL LATENT VARIABLE REGRESSION

                                                    Two-Tailed
                    Estimate       S.E.  Est./S.E.    P-Value

Parameterization using Reference Class 1

 C#2      ON
    NSR_BY3            1.933      0.366      5.282      0.000

 Intercepts
    C#2               -2.652      0.560     -4.732      0.000


ODDS RATIO FOR THE ALTERNATIVE PARAMETERIZATIONS FOR THE CATEGORICAL LATENT VARIABLE REGRESSION

                                                95% C.I.
                    Estimate       S.E.  Lower 2.5% Upper 2.5%

Parameterization using Reference Class 1

 C#2      ON
    NSR_BY3            6.908      2.528      3.372     14.152


STANDARDIZED MODEL RESULTS


STDYX Standardization

                                                    Two-Tailed
                    Estimate       S.E.  Est./S.E.    P-Value

Latent Class 1

 Means
    NSR_BY3            3.039      0.060     50.734      0.000
    N#1                1.350      0.000    999.000    999.000

 Variances
    NSR_BY3            1.000      0.000    999.000    999.000

Latent Class 2

 Means
    NSR_BY3            3.039      0.060     50.734      0.000
    N#1               -1.788      0.000    999.000    999.000

 Variances
    NSR_BY3            1.000      0.000    999.000    999.000


STDY Standardization

                                                    Two-Tailed
                    Estimate       S.E.  Est./S.E.    P-Value

Latent Class 1

 Means
    NSR_BY3            3.039      0.060     50.734      0.000
    N#1                1.350      0.000    999.000    999.000

 Variances
    NSR_BY3            1.000      0.000    999.000    999.000

Latent Class 2

 Means
    NSR_BY3            3.039      0.060     50.734      0.000
    N#1               -1.788      0.000    999.000    999.000

 Variances
    NSR_BY3            1.000      0.000    999.000    999.000


STD Standardization

                                                    Two-Tailed
                    Estimate       S.E.  Est./S.E.    P-Value

Latent Class 1

 Means
    NSR_BY3            1.521      0.025     61.907      0.000
    N#1                1.350      0.000    999.000    999.000

 Variances
    NSR_BY3            0.250      0.002    125.943      0.000

Latent Class 2

 Means
    NSR_BY3            1.521      0.025     61.907      0.000
    N#1               -1.788      0.000    999.000    999.000

 Variances
    NSR_BY3            0.250      0.002    125.943      0.000


CONFIDENCE INTERVALS OF MODEL RESULTS

                  Lower .5%  Lower 2.5%    Lower 5%    Estimate    Upper 5%  Upper 2.5%   Upper .5%

Latent Class 1

 Means
    NSR_BY3          1.457       1.472       1.480       1.521       1.561       1.569       1.584
    N#1              1.350       1.350       1.350       1.350       1.350       1.350       1.350

 Variances
    NSR_BY3          0.245       0.246       0.247       0.250       0.254       0.254       0.255

Latent Class 2

 Means
    NSR_BY3          1.457       1.472       1.480       1.521       1.561       1.569       1.584
    N#1             -1.788      -1.788      -1.788      -1.788      -1.788      -1.788      -1.788

 Variances
    NSR_BY3          0.245       0.246       0.247       0.250       0.254       0.254       0.255

Categorical Latent Variables

 C#1      ON
    NSR_BY3         -2.875      -2.650      -2.535      -1.933      -1.331      -1.215      -0.990

 Intercepts
    C#1              1.208       1.553       1.730       2.652       3.574       3.750       4.095


CONFIDENCE INTERVALS FOR THE LOGISTIC REGRESSION ODDS RATIO RESULTS

Categorical Latent Variables

 C#1      ON
    NSR_BY3          0.056       0.071       0.079       0.145       0.264       0.297       0.372


CONFIDENCE INTERVALS FOR THE ALTERNATIVE PARAMETERIZATIONS FOR THE CATEGORICAL LATENT VARIABLE REGRESSION

Parameterization using Reference Class 1

 C#2      ON
    NSR_BY3          0.990       1.215       1.331       1.933       2.535       2.650       2.875

 Intercepts
    C#2             -4.095      -3.750      -3.574      -2.652      -1.730      -1.553      -1.208


CONFIDENCE INTERVALS FOR THE ODDS RATIO FOR THE ALTERNATIVE PARAMETERIZATIONS FOR THE
CATEGORICAL LATENT VARIABLE REGRESSION

Parameterization using Reference Class 1

 C#2      ON
    NSR_BY3          2.692       3.372       3.784       6.908      12.611      14.152      17.728


CONFIDENCE INTERVALS OF STANDARDIZED MODEL RESULTS


STDYX Standardization

                  Lower .5%  Lower 2.5%    Lower 5%    Estimate    Upper 5%  Upper 2.5%   Upper .5%

Latent Class 1

 Means
    NSR_BY3          2.885       2.922       2.941       3.039       3.138       3.157       3.194
    N#1              1.350       1.350       1.350       1.350       1.350       1.350       1.350

 Variances
    NSR_BY3          1.000       1.000       1.000       1.000       1.000       1.000       1.000

Latent Class 2

 Means
    NSR_BY3          2.885       2.922       2.941       3.039       3.138       3.157       3.194
    N#1             -1.788      -1.788      -1.788      -1.788      -1.788      -1.788      -1.788

 Variances
    NSR_BY3          1.000       1.000       1.000       1.000       1.000       1.000       1.000


STDY Standardization

                  Lower .5%  Lower 2.5%    Lower 5%    Estimate    Upper 5%  Upper 2.5%   Upper .5%

Latent Class 1

 Means
    NSR_BY3          2.885       2.922       2.941       3.039       3.138       3.157       3.194
    N#1              1.350       1.350       1.350       1.350       1.350       1.350       1.350

 Variances
    NSR_BY3          1.000       1.000       1.000       1.000       1.000       1.000       1.000

Latent Class 2

 Means
    NSR_BY3          2.885       2.922       2.941       3.039       3.138       3.157       3.194
    N#1             -1.788      -1.788      -1.788      -1.788      -1.788      -1.788      -1.788

 Variances
    NSR_BY3          1.000       1.000       1.000       1.000       1.000       1.000       1.000


STD Standardization

                  Lower .5%  Lower 2.5%    Lower 5%    Estimate    Upper 5%  Upper 2.5%   Upper .5%

Latent Class 1

 Means
    NSR_BY3          1.457       1.472       1.480       1.521       1.561       1.569       1.584
    N#1              1.350       1.350       1.350       1.350       1.350       1.350       1.350

 Variances
    NSR_BY3          0.245       0.246       0.247       0.250       0.254       0.254       0.255

Latent Class 2

 Means
    NSR_BY3          1.457       1.472       1.480       1.521       1.561       1.569       1.584
    N#1             -1.788      -1.788      -1.788      -1.788      -1.788      -1.788      -1.788

 Variances
    NSR_BY3          0.245       0.246       0.247       0.250       0.254       0.254       0.255


TECHNICAL 7 OUTPUT


     SAMPLE STATISTICS WEIGHTED BY ESTIMATED CLASS PROBABILITIES FOR CLASS 1


           Means
              NSR_BY3
              ________
                1.266


           Covariances
              NSR_BY3
              ________
 NSR_BY3        0.195


     SAMPLE STATISTICS WEIGHTED BY ESTIMATED CLASS PROBABILITIES FOR CLASS 2


           Means
              NSR_BY3
              ________
                1.716


           Covariances
              NSR_BY3
              ________
 NSR_BY3        0.203


     UNIVARIATE SAMPLE DISTRIBUTIONS FOR CLASS 1

     Variable
     N
       Category 1        0.794
       Category 2        0.206


     UNIVARIATE SAMPLE DISTRIBUTIONS FOR CLASS 2

     Variable
     N
       Category 1        0.142
       Category 2        0.858


TECHNICAL 12 OUTPUT


     ESTIMATED MIXED MODEL AND RESIDUALS (OBSERVED - EXPECTED)


           Observed Means
              NSR_BY3
              ________
                1.534


           Estimated Mixed Means
              NSR_BY3
              ________
                1.521


           Residuals for Mixed Means
              NSR_BY3
              ________
                0.014


           Observed Covariances
              NSR_BY3
              ________
 NSR_BY3        0.249


           Estimated Mixed Covariances
              NSR_BY3
              ________
 NSR_BY3        0.250


           Residuals for Mixed Covariances
              NSR_BY3
              ________
 NSR_BY3       -0.001


           Observed Skewness
              NSR_BY3
              ________
               -0.138


           Estimated Mixed Skewness
              NSR_BY3
              ________
                0.000


           Residuals for Mixed Skewness
              NSR_BY3
              ________
               -0.138


           Observed Kurtosis
              NSR_BY3
              ________
               -1.981


           Estimated Mixed Kurtosis
              NSR_BY3
              ________
                0.000


           Residuals for Mixed Kurtosis
              NSR_BY3
              ________
               -1.981


     Beginning Time:  13:04:16
        Ending Time:  13:04:19
       Elapsed Time:  00:00:03



MUTHEN & MUTHEN
3463 Stoner Ave.
Los Angeles, CA  90066

Tel: (310) 391-9971
Fax: (310) 391-8971
Web: www.StatModel.com
Support: Support@StatModel.com

Copyright (c) 1998-2021 Muthen & Muthen
