Mplus VERSION 8.6 (Mac)
MUTHEN & MUTHEN
05/13/2022   3:46 PM

INPUT INSTRUCTIONS

  TITLE:
  R3STEPm_housing;
  DATA:
  FILE = "/Users/olivierpercie/Desktop/MplusLGM/SOFAS/Results/R3STEP/R3STEPm_housing.dat";

  VARIABLE:
  NAMES = PIN SOFAS_0 SOFAS_12 SOFAS_24 I S Q C_I C_S C_Q CPROB1 CPROB2 N housing;
   MISSING=.;
   USEVAR = housing N;
  NOMINAL= N;
  CLASSES = c(2);
  ANALYSIS:

    TYPE = MIXTURE;
    ALGORITHM=INTEGRATION;
    INTEGRATION=MONTECARLO;
    STARTS = 0;
    PROCESSORS = 8;
  MODEL:
  %OVERALL%
  C on housing; housing;

  %C#1%
  [N#1@2.378];

  %C#2%
  [N#1@-1.949];



INPUT READING TERMINATED NORMALLY




R3STEPm_housing;

SUMMARY OF ANALYSIS

Number of groups                                                 1
Number of observations                                         369

Number of dependent variables                                    1
Number of independent variables                                  1
Number of continuous latent variables                            0
Number of categorical latent variables                           1

Observed dependent variables

  Unordered categorical (nominal)
   N

Observed independent variables
   HOUSING

Categorical latent variables
   C


Estimator                                                      MLR
Information matrix                                        OBSERVED
Optimization Specifications for the Quasi-Newton Algorithm for
Continuous Outcomes
  Maximum number of iterations                                 100
  Convergence criterion                                  0.100D-05
Optimization Specifications for the EM Algorithm
  Maximum number of iterations                                 500
  Convergence criteria
    Loglikelihood change                                 0.100D-02
    Relative loglikelihood change                        0.100D-05
    Derivative                                           0.100D-02
Optimization Specifications for the M step of the EM Algorithm for
Categorical Latent variables
  Number of M step iterations                                    1
  M step convergence criterion                           0.100D-02
  Basis for M step termination                           ITERATION
Optimization Specifications for the M step of the EM Algorithm for
Censored, Binary or Ordered Categorical (Ordinal), Unordered
Categorical (Nominal) and Count Outcomes
  Number of M step iterations                                    1
  M step convergence criterion                           0.100D-02
  Basis for M step termination                           ITERATION
  Maximum value for logit thresholds                            15
  Minimum value for logit thresholds                           -15
  Minimum expected cell size for chi-square              0.100D-01
Maximum number of iterations for H1                           2000
Convergence criterion for H1                             0.100D-03
Optimization algorithm                                         EMA
Integration Specifications
  Type                                                  MONTECARLO
  Number of integration points                                 250
  Dimensions of numerical integration                            1
  Adaptive quadrature                                           ON
  Monte Carlo integration seed                                   0
Cholesky                                                       OFF

Input data file(s)
  /Users/olivierpercie/Desktop/MplusLGM/SOFAS/Results/R3STEP/R3STEPm_housing.dat
Input data format  FREE


SUMMARY OF DATA

     Number of missing data patterns             2
     Number of y missing data patterns           2
     Number of u missing data patterns           0


COVARIANCE COVERAGE OF DATA

Minimum covariance coverage value   0.100


     PROPORTION OF DATA PRESENT FOR Y


           Covariance Coverage
              HOUSING
              ________
 HOUSING        0.970


UNIVARIATE PROPORTIONS AND COUNTS FOR CATEGORICAL VARIABLES

    N
      Category 1    0.564          208.000
      Category 2    0.436          161.000



UNIVARIATE SAMPLE STATISTICS


     UNIVARIATE HIGHER-ORDER MOMENT DESCRIPTIVE STATISTICS

         Variable/         Mean/     Skewness/   Minimum/ % with                Percentiles
        Sample Size      Variance    Kurtosis    Maximum  Min/Max      20%/60%    40%/80%    Median

     HOUSING               1.268       2.689       1.000   79.89%       1.000      1.000      1.000
             358.000       0.375       7.627       4.000    2.23%       1.000      1.000


THE MODEL ESTIMATION TERMINATED NORMALLY



MODEL FIT INFORMATION

Number of Free Parameters                        4

Loglikelihood

          H0 Value                        -583.652
          H0 Scaling Correction Factor      1.9256
            for MLR

Information Criteria

          Akaike (AIC)                    1175.304
          Bayesian (BIC)                  1190.947
          Sample-Size Adjusted BIC        1178.257
            (n* = (n + 2) / 24)



FINAL CLASS COUNTS AND PROPORTIONS FOR THE LATENT CLASSES
BASED ON THE ESTIMATED MODEL

    Latent
   Classes

       1        205.03235          0.55564
       2        163.96765          0.44436


FINAL CLASS COUNTS AND PROPORTIONS FOR THE LATENT CLASSES
BASED ON ESTIMATED POSTERIOR PROBABILITIES

    Latent
   Classes

       1        205.03014          0.55564
       2        163.96986          0.44436


FINAL CLASS COUNTS AND PROPORTIONS FOR THE LATENT CLASSES
BASED ON THEIR MOST LIKELY LATENT CLASS MEMBERSHIP

Class Counts and Proportions

    Latent
   Classes

       1              208          0.56369
       2              161          0.43631


CLASSIFICATION QUALITY

     Entropy                         0.527


Average Latent Class Probabilities for Most Likely Latent Class Membership (Row)
by Latent Class (Column)

           1        2

    1   0.902    0.098
    2   0.108    0.892


Classification Probabilities for the Most Likely Latent Class Membership (Column)
by Latent Class (Row)

           1        2

    1   0.915    0.085
    2   0.124    0.876


Logits for the Classification Probabilities for the Most Likely Latent Class Membership (Column)
by Latent Class (Row)

              1        2

    1      2.377    0.000
    2     -1.952    0.000


MODEL RESULTS

                                                    Two-Tailed
                    Estimate       S.E.  Est./S.E.    P-Value

Latent Class 1

 Means
    HOUSING            1.268      0.032     39.160      0.000
    N#1                2.378      0.000    999.000    999.000

 Variances
    HOUSING            0.376      0.062      6.088      0.000

Latent Class 2

 Means
    HOUSING            1.268      0.032     39.160      0.000
    N#1               -1.949      0.000    999.000    999.000

 Variances
    HOUSING            0.376      0.062      6.088      0.000

Categorical Latent Variables

 C#1        ON
    HOUSING           -0.384      0.214     -1.798      0.072

 Intercepts
    C#1                0.711      0.304      2.335      0.020


QUALITY OF NUMERICAL RESULTS

     Condition Number for the Information Matrix              0.903E-03
       (ratio of smallest to largest eigenvalue)


LOGISTIC REGRESSION ODDS RATIO RESULTS

                                                95% C.I.
                    Estimate       S.E.  Lower 2.5% Upper 2.5%

Categorical Latent Variables

 C#1      ON
    HOUSING            0.681      0.145      0.448      1.035


ALTERNATIVE PARAMETERIZATIONS FOR THE CATEGORICAL LATENT VARIABLE REGRESSION

                                                    Two-Tailed
                    Estimate       S.E.  Est./S.E.    P-Value

Parameterization using Reference Class 1

 C#2      ON
    HOUSING            0.384      0.214      1.798      0.072

 Intercepts
    C#2               -0.711      0.304     -2.335      0.020


ODDS RATIO FOR THE ALTERNATIVE PARAMETERIZATIONS FOR THE CATEGORICAL LATENT VARIABLE REGRESSION

                                                95% C.I.
                    Estimate       S.E.  Lower 2.5% Upper 2.5%

Parameterization using Reference Class 1

 C#2      ON
    HOUSING            1.468      0.313      0.966      2.231


     Beginning Time:  15:46:07
        Ending Time:  15:46:07
       Elapsed Time:  00:00:00



MUTHEN & MUTHEN
3463 Stoner Ave.
Los Angeles, CA  90066

Tel: (310) 391-9971
Fax: (310) 391-8971
Web: www.StatModel.com
Support: Support@StatModel.com

Copyright (c) 1998-2021 Muthen & Muthen
