Mplus VERSION 8.6 (Mac)
MUTHEN & MUTHEN
11/25/2022   9:34 AM

INPUT INSTRUCTIONS

  TITLE:
  R3STEPm_PAS_tot2;
  DATA:
  FILE = "/Users/olivierpercie/Desktop/MplusLGM/SOFAS/Results/R3STEP/R3STEPm_PAS_tot2.dat";

  VARIABLE:
  NAMES = PIN I S Q C_I C_S C_Q CPROB1 CPROB2 N PAS_tot2;
   MISSING=.;
   USEVAR = PAS_tot2 N;
  NOMINAL= N;
  CLASSES = c(2);
  ANALYSIS:

    TYPE = MIXTURE;
    STARTS = 0;
    PROCESSORS = 8;
  MODEL:
  %OVERALL%
  C on PAS_tot2;

  %C#1%
  [N#1@2.378];

  %C#2%
  [N#1@-1.949];



*** WARNING
  Data set contains cases with missing on x-variables.
  These cases were not included in the analysis.
  Number of cases with missing on x-variables:  133
   1 WARNING(S) FOUND IN THE INPUT INSTRUCTIONS




R3STEPm_PAS_tot2;

SUMMARY OF ANALYSIS

Number of groups                                                 1
Number of observations                                         236

Number of dependent variables                                    1
Number of independent variables                                  1
Number of continuous latent variables                            0
Number of categorical latent variables                           1

Observed dependent variables

  Unordered categorical (nominal)
   N

Observed independent variables
   PAS_TOT2

Categorical latent variables
   C


Estimator                                                      MLR
Information matrix                                        OBSERVED
Optimization Specifications for the Quasi-Newton Algorithm for
Continuous Outcomes
  Maximum number of iterations                                 100
  Convergence criterion                                  0.100D-05
Optimization Specifications for the EM Algorithm
  Maximum number of iterations                                 500
  Convergence criteria
    Loglikelihood change                                 0.100D-06
    Relative loglikelihood change                        0.100D-06
    Derivative                                           0.100D-05
Optimization Specifications for the M step of the EM Algorithm for
Categorical Latent variables
  Number of M step iterations                                    1
  M step convergence criterion                           0.100D-05
  Basis for M step termination                           ITERATION
Optimization Specifications for the M step of the EM Algorithm for
Censored, Binary or Ordered Categorical (Ordinal), Unordered
Categorical (Nominal) and Count Outcomes
  Number of M step iterations                                    1
  M step convergence criterion                           0.100D-05
  Basis for M step termination                           ITERATION
  Maximum value for logit thresholds                            15
  Minimum value for logit thresholds                           -15
  Minimum expected cell size for chi-square              0.100D-01
Maximum number of iterations for H1                           2000
Convergence criterion for H1                             0.100D-03
Optimization algorithm                                         EMA

Input data file(s)
  /Users/olivierpercie/Desktop/MplusLGM/SOFAS/Results/R3STEP/R3STEPm_PAS_tot2.da
Input data format  FREE


SUMMARY OF DATA



COVARIANCE COVERAGE OF DATA

Minimum covariance coverage value   0.100


UNIVARIATE PROPORTIONS AND COUNTS FOR CATEGORICAL VARIABLES

    N
      Category 1    0.572          135.000
      Category 2    0.428          101.000



UNIVARIATE SAMPLE STATISTICS


     UNIVARIATE HIGHER-ORDER MOMENT DESCRIPTIVE STATISTICS

         Variable/         Mean/     Skewness/   Minimum/ % with                Percentiles
        Sample Size      Variance    Kurtosis    Maximum  Min/Max      20%/60%    40%/80%    Median

     PAS_TOT2              0.235       0.804       0.000    0.42%       0.125      0.183      0.217
             236.000       0.017       0.874       0.792    0.42%       0.254      0.338


THE MODEL ESTIMATION TERMINATED NORMALLY



MODEL FIT INFORMATION

Number of Free Parameters                        2

Loglikelihood

          H0 Value                        -156.388
          H0 Scaling Correction Factor      0.9713
            for MLR

Information Criteria

          Akaike (AIC)                     316.776
          Bayesian (BIC)                   323.704
          Sample-Size Adjusted BIC         317.364
            (n* = (n + 2) / 24)



FINAL CLASS COUNTS AND PROPORTIONS FOR THE LATENT CLASSES
BASED ON THE ESTIMATED MODEL

    Latent
   Classes

       1        133.48074          0.56560
       2        102.51926          0.43440


FINAL CLASS COUNTS AND PROPORTIONS FOR THE LATENT CLASSES
BASED ON ESTIMATED POSTERIOR PROBABILITIES

    Latent
   Classes

       1        133.48090          0.56560
       2        102.51910          0.43440


FINAL CLASS COUNTS AND PROPORTIONS FOR THE LATENT CLASSES
BASED ON THEIR MOST LIKELY LATENT CLASS MEMBERSHIP

Class Counts and Proportions

    Latent
   Classes

       1              135          0.57203
       2              101          0.42797


CLASSIFICATION QUALITY

     Entropy                         0.542


Average Latent Class Probabilities for Most Likely Latent Class Membership (Row)
by Latent Class (Column)

           1        2

    1   0.905    0.095
    2   0.112    0.888


Classification Probabilities for the Most Likely Latent Class Membership (Column)
by Latent Class (Row)

           1        2

    1   0.916    0.084
    2   0.125    0.875


Logits for the Classification Probabilities for the Most Likely Latent Class Membership (Column)
by Latent Class (Row)

              1        2

    1      2.384    0.000
    2     -1.949    0.000


MODEL RESULTS

                                                    Two-Tailed
                    Estimate       S.E.  Est./S.E.    P-Value

Latent Class 1

 Means
    N#1                2.378      0.000    999.000    999.000

Latent Class 2

 Means
    N#1               -1.949      0.000    999.000    999.000

Categorical Latent Variables

 C#1        ON
    PAS_TOT2          -4.038      1.370     -2.947      0.003

 Intercepts
    C#1                1.222      0.363      3.361      0.001


QUALITY OF NUMERICAL RESULTS

     Condition Number for the Information Matrix              0.126E-01
       (ratio of smallest to largest eigenvalue)


LOGISTIC REGRESSION ODDS RATIO RESULTS

                                                95% C.I.
                    Estimate       S.E.  Lower 2.5% Upper 2.5%

Categorical Latent Variables

 C#1      ON
    PAS_TOT2           0.018      0.024      0.001      0.259


ALTERNATIVE PARAMETERIZATIONS FOR THE CATEGORICAL LATENT VARIABLE REGRESSION

                                                    Two-Tailed
                    Estimate       S.E.  Est./S.E.    P-Value

Parameterization using Reference Class 1

 C#2      ON
    PAS_TOT2           4.038      1.370      2.947      0.003

 Intercepts
    C#2               -1.222      0.363     -3.361      0.001


ODDS RATIO FOR THE ALTERNATIVE PARAMETERIZATIONS FOR THE CATEGORICAL LATENT VARIABLE REGRESSION

                                                95% C.I.
                    Estimate       S.E.  Lower 2.5% Upper 2.5%

Parameterization using Reference Class 1

 C#2      ON
    PAS_TOT2          56.705     77.697      3.866    831.683


     Beginning Time:  09:34:26
        Ending Time:  09:34:26
       Elapsed Time:  00:00:00



MUTHEN & MUTHEN
3463 Stoner Ave.
Los Angeles, CA  90066

Tel: (310) 391-9971
Fax: (310) 391-8971
Web: www.StatModel.com
Support: Support@StatModel.com

Copyright (c) 1998-2021 Muthen & Muthen
