Mplus VERSION 8.6 (Mac)
MUTHEN & MUTHEN
09/20/2024   5:12 PM

INPUT INSTRUCTIONS

  TITLE:
  GBTM_P2_K2_S1000;
   - R3STEP_RESP50_tot;
  DATA:
  FILE = "/Users/olivierpercie/Desktop/LGM/SOFAS/Results/R3STEP/RESP50_tot_R3STEP.dat";

  VARIABLE:
  NAMES = PIN SOFAS_0 SOFAS_12 SOFAS_24 I S Q C_I C_S C_Q CPROB1 CPROB2 N RESP50_tot;
   MISSING=.;
   USEVAR = N RESP50_tot;
  NOMINAL = N;
  CLASSES = c(2);
  ANALYSIS:
  TYPE = MIXTURE;
  ALGORITHM = INTEGRATION;
  INTEGRATION = MONTECARLO;
  STARTS = 0 0;
  PROCESSORS = 8;
  MODEL:
  %OVERALL%
  C ON RESP50_tot;
  RESP50_tot;
  %C#1%
  [N#1@1.35];
  %C#2%
  [N#1@-1.788];
  OUTPUT:
  SAMPSTAT;
  STANDARDIZED;
  CINTERVAL;
  TECH7;
  TECH12;



*** WARNING in VARIABLE command
  Note that only the first 8 characters of variable names are used in the output.
  Shorten variable names to avoid any confusion.
*** WARNING
  Data set contains cases with missing on all variables.
  These cases were not included in the analysis.
  Number of cases with missing on all variables:  21
   2 WARNING(S) FOUND IN THE INPUT INSTRUCTIONS




GBTM_P2_K2_S1000;
- R3STEP_RESP50_tot;

SUMMARY OF ANALYSIS

Number of groups                                                 1
Number of observations                                         668

Number of dependent variables                                    1
Number of independent variables                                  1
Number of continuous latent variables                            0
Number of categorical latent variables                           1

Observed dependent variables

  Unordered categorical (nominal)
   N

Observed independent variables
   RESP50_T

Categorical latent variables
   C


Estimator                                                      MLR
Information matrix                                        OBSERVED
Optimization Specifications for the Quasi-Newton Algorithm for
Continuous Outcomes
  Maximum number of iterations                                 100
  Convergence criterion                                  0.100D-05
Optimization Specifications for the EM Algorithm
  Maximum number of iterations                                 500
  Convergence criteria
    Loglikelihood change                                 0.100D-02
    Relative loglikelihood change                        0.100D-05
    Derivative                                           0.100D-02
Optimization Specifications for the M step of the EM Algorithm for
Categorical Latent variables
  Number of M step iterations                                    1
  M step convergence criterion                           0.100D-02
  Basis for M step termination                           ITERATION
Optimization Specifications for the M step of the EM Algorithm for
Censored, Binary or Ordered Categorical (Ordinal), Unordered
Categorical (Nominal) and Count Outcomes
  Number of M step iterations                                    1
  M step convergence criterion                           0.100D-02
  Basis for M step termination                           ITERATION
  Maximum value for logit thresholds                            15
  Minimum value for logit thresholds                           -15
  Minimum expected cell size for chi-square              0.100D-01
Maximum number of iterations for H1                           2000
Convergence criterion for H1                             0.100D-03
Optimization algorithm                                         EMA
Integration Specifications
  Type                                                  MONTECARLO
  Number of integration points                                 250
  Dimensions of numerical integration                            1
  Adaptive quadrature                                           ON
  Monte Carlo integration seed                                   0
Cholesky                                                       OFF

Input data file(s)
  /Users/olivierpercie/Desktop/LGM/SOFAS/Results/R3STEP/RESP50_tot_R3STEP.dat
Input data format  FREE


SUMMARY OF DATA

     Number of missing data patterns             2
     Number of y missing data patterns           2
     Number of u missing data patterns           0


COVARIANCE COVERAGE OF DATA

Minimum covariance coverage value   0.100


     PROPORTION OF DATA PRESENT FOR Y


           Covariance Coverage
              RESP50_T
              ________
 RESP50_T       0.837


UNIVARIATE PROPORTIONS AND COUNTS FOR CATEGORICAL VARIABLES

    N
      Category 1    0.431          280.000
      Category 2    0.569          370.000


SAMPLE STATISTICS


     ESTIMATED SAMPLE STATISTICS


           Means
              RESP50_T
              ________
                1.499


           Covariances
              RESP50_T
              ________
 RESP50_T       0.250


           Correlations
              RESP50_T
              ________
 RESP50_T       1.000


     MAXIMUM LOG-LIKELIHOOD VALUE FOR THE UNRESTRICTED (H1) MODEL IS -405.716


UNIVARIATE SAMPLE STATISTICS


     UNIVARIATE HIGHER-ORDER MOMENT DESCRIPTIVE STATISTICS

         Variable/         Mean/     Skewness/   Minimum/ % with                Percentiles
        Sample Size      Variance    Kurtosis    Maximum  Min/Max      20%/60%    40%/80%    Median

     RESP50_TOT            1.499       0.004       1.000   50.09%       1.000      1.000      1.000
             559.000       0.250      -2.000       2.000   49.91%       2.000      2.000


THE MODEL ESTIMATION TERMINATED NORMALLY



MODEL FIT INFORMATION

Number of Free Parameters                        4

Loglikelihood

          H0 Value                        -843.608
          H0 Scaling Correction Factor      0.7501
            for MLR

Information Criteria

          Akaike (AIC)                    1695.216
          Bayesian (BIC)                  1713.233
          Sample-Size Adjusted BIC        1700.533
            (n* = (n + 2) / 24)



FINAL CLASS COUNTS AND PROPORTIONS FOR THE LATENT CLASSES
BASED ON THE ESTIMATED MODEL

    Latent
   Classes

       1        295.54339          0.44243
       2        372.45661          0.55757


FINAL CLASS COUNTS AND PROPORTIONS FOR THE LATENT CLASSES
BASED ON ESTIMATED POSTERIOR PROBABILITIES

    Latent
   Classes

       1        295.57883          0.44248
       2        372.42117          0.55752


FINAL CLASS COUNTS AND PROPORTIONS FOR THE LATENT CLASSES
BASED ON THEIR MOST LIKELY LATENT CLASS MEMBERSHIP

Class Counts and Proportions

    Latent
   Classes

       1              291          0.43563
       2              377          0.56437


CLASSIFICATION QUALITY

     Entropy                         0.352


Average Latent Class Probabilities for Most Likely Latent Class Membership (Row)
by Latent Class (Column)

           1        2

    1   0.805    0.195
    2   0.163    0.837


Classification Probabilities for the Most Likely Latent Class Membership (Column)
by Latent Class (Row)

           1        2

    1   0.792    0.208
    2   0.153    0.847


Logits for the Classification Probabilities for the Most Likely Latent Class Membership (Column)
by Latent Class (Row)

              1        2

    1      1.339    0.000
    2     -1.715    0.000


MODEL RESULTS

                                                    Two-Tailed
                    Estimate       S.E.  Est./S.E.    P-Value

Latent Class 1

 Means
    RESP50_TOT         1.499      0.021     71.023      0.000
    N#1                1.350      0.000    999.000    999.000

 Variances
    RESP50_TOT         0.250      0.000    613.150      0.000

Latent Class 2

 Means
    RESP50_TOT         1.499      0.021     71.023      0.000
    N#1               -1.788      0.000    999.000    999.000

 Variances
    RESP50_TOT         0.250      0.000    613.150      0.000

Categorical Latent Variables

 C#1        ON
    RESP50_TOT        -0.963      0.278     -3.461      0.001

 Intercepts
    C#1                1.199      0.428      2.803      0.005


QUALITY OF NUMERICAL RESULTS

     Condition Number for the Information Matrix              0.875E-03
       (ratio of smallest to largest eigenvalue)


LOGISTIC REGRESSION ODDS RATIO RESULTS

                                                95% C.I.
                    Estimate       S.E.  Lower 2.5% Upper 2.5%

Categorical Latent Variables

 C#1      ON
    RESP50_TOT         0.382      0.106      0.221      0.659


ALTERNATIVE PARAMETERIZATIONS FOR THE CATEGORICAL LATENT VARIABLE REGRESSION

                                                    Two-Tailed
                    Estimate       S.E.  Est./S.E.    P-Value

Parameterization using Reference Class 1

 C#2      ON
    RESP50_TOT         0.963      0.278      3.461      0.001

 Intercepts
    C#2               -1.199      0.428     -2.803      0.005


ODDS RATIO FOR THE ALTERNATIVE PARAMETERIZATIONS FOR THE CATEGORICAL LATENT VARIABLE REGRESSION

                                                95% C.I.
                    Estimate       S.E.  Lower 2.5% Upper 2.5%

Parameterization using Reference Class 1

 C#2      ON
    RESP50_TOT         2.619      0.729      1.518      4.518


STANDARDIZED MODEL RESULTS


STDYX Standardization

                                                    Two-Tailed
                    Estimate       S.E.  Est./S.E.    P-Value

Latent Class 1

 Means
    RESP50_TOT         2.998      0.042     70.968      0.000
    N#1                1.350      0.000    999.000    999.000

 Variances
    RESP50_TOT         1.000      0.000    999.000    999.000

Latent Class 2

 Means
    RESP50_TOT         2.998      0.042     70.968      0.000
    N#1               -1.788      0.000    999.000    999.000

 Variances
    RESP50_TOT         1.000      0.000    999.000    999.000


STDY Standardization

                                                    Two-Tailed
                    Estimate       S.E.  Est./S.E.    P-Value

Latent Class 1

 Means
    RESP50_TOT         2.998      0.042     70.968      0.000
    N#1                1.350      0.000    999.000    999.000

 Variances
    RESP50_TOT         1.000      0.000    999.000    999.000

Latent Class 2

 Means
    RESP50_TOT         2.998      0.042     70.968      0.000
    N#1               -1.788      0.000    999.000    999.000

 Variances
    RESP50_TOT         1.000      0.000    999.000    999.000


STD Standardization

                                                    Two-Tailed
                    Estimate       S.E.  Est./S.E.    P-Value

Latent Class 1

 Means
    RESP50_TOT         1.499      0.021     71.023      0.000
    N#1                1.350      0.000    999.000    999.000

 Variances
    RESP50_TOT         0.250      0.000    613.150      0.000

Latent Class 2

 Means
    RESP50_TOT         1.499      0.021     71.023      0.000
    N#1               -1.788      0.000    999.000    999.000

 Variances
    RESP50_TOT         0.250      0.000    613.150      0.000


CONFIDENCE INTERVALS OF MODEL RESULTS

                  Lower .5%  Lower 2.5%    Lower 5%    Estimate    Upper 5%  Upper 2.5%   Upper .5%

Latent Class 1

 Means
    RESP50_TOT       1.445       1.458       1.465       1.499       1.534       1.541       1.554
    N#1              1.350       1.350       1.350       1.350       1.350       1.350       1.350

 Variances
    RESP50_TOT       0.249       0.249       0.249       0.250       0.251       0.251       0.251

Latent Class 2

 Means
    RESP50_TOT       1.445       1.458       1.465       1.499       1.534       1.541       1.554
    N#1             -1.788      -1.788      -1.788      -1.788      -1.788      -1.788      -1.788

 Variances
    RESP50_TOT       0.249       0.249       0.249       0.250       0.251       0.251       0.251

Categorical Latent Variables

 C#1      ON
    RESP50_TOT      -1.679      -1.508      -1.420      -0.963      -0.505      -0.417      -0.246

 Intercepts
    C#1              0.097       0.361       0.495       1.199       1.903       2.038       2.301


CONFIDENCE INTERVALS FOR THE LOGISTIC REGRESSION ODDS RATIO RESULTS

Categorical Latent Variables

 C#1      ON
    RESP50_TOT       0.186       0.221       0.242       0.382       0.603       0.659       0.782


CONFIDENCE INTERVALS FOR THE ALTERNATIVE PARAMETERIZATIONS FOR THE CATEGORICAL LATENT VARIABLE REGRESSION

Parameterization using Reference Class 1

 C#2      ON
    RESP50_TOT       0.246       0.417       0.505       0.963       1.420       1.508       1.679

 Intercepts
    C#2             -2.301      -2.038      -1.903      -1.199      -0.495      -0.361      -0.097


CONFIDENCE INTERVALS FOR THE ODDS RATIO FOR THE ALTERNATIVE PARAMETERIZATIONS FOR THE
CATEGORICAL LATENT VARIABLE REGRESSION

Parameterization using Reference Class 1

 C#2      ON
    RESP50_TOT       1.279       1.518       1.657       2.619       4.139       4.518       5.362


CONFIDENCE INTERVALS OF STANDARDIZED MODEL RESULTS


STDYX Standardization

                  Lower .5%  Lower 2.5%    Lower 5%    Estimate    Upper 5%  Upper 2.5%   Upper .5%

Latent Class 1

 Means
    RESP50_TOT       2.890       2.916       2.929       2.998       3.068       3.081       3.107
    N#1              1.350       1.350       1.350       1.350       1.350       1.350       1.350

 Variances
    RESP50_TOT       1.000       1.000       1.000       1.000       1.000       1.000       1.000

Latent Class 2

 Means
    RESP50_TOT       2.890       2.916       2.929       2.998       3.068       3.081       3.107
    N#1             -1.788      -1.788      -1.788      -1.788      -1.788      -1.788      -1.788

 Variances
    RESP50_TOT       1.000       1.000       1.000       1.000       1.000       1.000       1.000


STDY Standardization

                  Lower .5%  Lower 2.5%    Lower 5%    Estimate    Upper 5%  Upper 2.5%   Upper .5%

Latent Class 1

 Means
    RESP50_TOT       2.890       2.916       2.929       2.998       3.068       3.081       3.107
    N#1              1.350       1.350       1.350       1.350       1.350       1.350       1.350

 Variances
    RESP50_TOT       1.000       1.000       1.000       1.000       1.000       1.000       1.000

Latent Class 2

 Means
    RESP50_TOT       2.890       2.916       2.929       2.998       3.068       3.081       3.107
    N#1             -1.788      -1.788      -1.788      -1.788      -1.788      -1.788      -1.788

 Variances
    RESP50_TOT       1.000       1.000       1.000       1.000       1.000       1.000       1.000


STD Standardization

                  Lower .5%  Lower 2.5%    Lower 5%    Estimate    Upper 5%  Upper 2.5%   Upper .5%

Latent Class 1

 Means
    RESP50_TOT       1.445       1.458       1.465       1.499       1.534       1.541       1.554
    N#1              1.350       1.350       1.350       1.350       1.350       1.350       1.350

 Variances
    RESP50_TOT       0.249       0.249       0.249       0.250       0.251       0.251       0.251

Latent Class 2

 Means
    RESP50_TOT       1.445       1.458       1.465       1.499       1.534       1.541       1.554
    N#1             -1.788      -1.788      -1.788      -1.788      -1.788      -1.788      -1.788

 Variances
    RESP50_TOT       0.249       0.249       0.249       0.250       0.251       0.251       0.251


TECHNICAL 7 OUTPUT


     SAMPLE STATISTICS WEIGHTED BY ESTIMATED CLASS PROBABILITIES FOR CLASS 1


           Means
              RESP50_T
              ________
                1.367


           Covariances
              RESP50_T
              ________
 RESP50_T       0.232


     SAMPLE STATISTICS WEIGHTED BY ESTIMATED CLASS PROBABILITIES FOR CLASS 2


           Means
              RESP50_T
              ________
                1.603


           Covariances
              RESP50_T
              ________
 RESP50_T       0.239


     UNIVARIATE SAMPLE DISTRIBUTIONS FOR CLASS 1

     Variable
     N
       Category 1        0.794
       Category 2        0.206


     UNIVARIATE SAMPLE DISTRIBUTIONS FOR CLASS 2

     Variable
     N
       Category 1        0.143
       Category 2        0.857


TECHNICAL 12 OUTPUT


     ESTIMATED MIXED MODEL AND RESIDUALS (OBSERVED - EXPECTED)


           Observed Means
              RESP50_T
              ________
                1.499


           Estimated Mixed Means
              RESP50_T
              ________
                1.499


           Residuals for Mixed Means
              RESP50_T
              ________
                0.000


           Observed Covariances
              RESP50_T
              ________
 RESP50_T       0.250


           Estimated Mixed Covariances
              RESP50_T
              ________
 RESP50_T       0.250


           Residuals for Mixed Covariances
              RESP50_T
              ________
 RESP50_T       0.000


           Observed Skewness
              RESP50_T
              ________
                0.004


           Estimated Mixed Skewness
              RESP50_T
              ________
                0.000


           Residuals for Mixed Skewness
              RESP50_T
              ________
                0.004


           Observed Kurtosis
              RESP50_T
              ________
               -2.000


           Estimated Mixed Kurtosis
              RESP50_T
              ________
                0.000


           Residuals for Mixed Kurtosis
              RESP50_T
              ________
               -2.000


     Beginning Time:  17:12:19
        Ending Time:  17:12:19
       Elapsed Time:  00:00:00



MUTHEN & MUTHEN
3463 Stoner Ave.
Los Angeles, CA  90066

Tel: (310) 391-9971
Fax: (310) 391-8971
Web: www.StatModel.com
Support: Support@StatModel.com

Copyright (c) 1998-2021 Muthen & Muthen
