Mplus VERSION 8.6 (Mac)
MUTHEN & MUTHEN
06/29/2023  12:35 PM

INPUT INSTRUCTIONS

  TITLE:
  GBTM_P2_K2_S1000;
   - R3STEP_SAPS_0;
  DATA:
  FILE = "/Users/olivierpercie/Desktop/MplusLGM/SOFAS/Results/R3STEP/SAPS_0_R3STEP.dat";

  VARIABLE:
  NAMES = PIN SOFAS_0 SOFAS_12 SOFAS_24 I S Q C_I C_S C_Q CPROB1 CPROB2 N SAPS_0;
   MISSING=.;
   USEVAR = N SAPS_0;
  NOMINAL = N;
  CLASSES = c(2);
  ANALYSIS:
  TYPE = MIXTURE;
  ALGORITHM = INTEGRATION;
  INTEGRATION = MONTECARLO;
  STARTS = 0;
  PROCESSORS = 8;
  MODEL:
  %OVERALL%
  C ON SAPS_0;
  SAPS_0;
  %C#1%
  [N#1@2.378];
  %C#2%
  [N#1@-1.949];
  OUTPUT:
  SAMPSTAT;
  STANDARDIZED;
  CINTERVAL;



INPUT READING TERMINATED NORMALLY




GBTM_P2_K2_S1000;
- R3STEP_SAPS_0;

SUMMARY OF ANALYSIS

Number of groups                                                 1
Number of observations                                         369

Number of dependent variables                                    1
Number of independent variables                                  1
Number of continuous latent variables                            0
Number of categorical latent variables                           1

Observed dependent variables

  Unordered categorical (nominal)
   N

Observed independent variables
   SAPS_0

Categorical latent variables
   C


Estimator                                                      MLR
Information matrix                                        OBSERVED
Optimization Specifications for the Quasi-Newton Algorithm for
Continuous Outcomes
  Maximum number of iterations                                 100
  Convergence criterion                                  0.100D-05
Optimization Specifications for the EM Algorithm
  Maximum number of iterations                                 500
  Convergence criteria
    Loglikelihood change                                 0.100D-02
    Relative loglikelihood change                        0.100D-05
    Derivative                                           0.100D-02
Optimization Specifications for the M step of the EM Algorithm for
Categorical Latent variables
  Number of M step iterations                                    1
  M step convergence criterion                           0.100D-02
  Basis for M step termination                           ITERATION
Optimization Specifications for the M step of the EM Algorithm for
Censored, Binary or Ordered Categorical (Ordinal), Unordered
Categorical (Nominal) and Count Outcomes
  Number of M step iterations                                    1
  M step convergence criterion                           0.100D-02
  Basis for M step termination                           ITERATION
  Maximum value for logit thresholds                            15
  Minimum value for logit thresholds                           -15
  Minimum expected cell size for chi-square              0.100D-01
Maximum number of iterations for H1                           2000
Convergence criterion for H1                             0.100D-03
Optimization algorithm                                         EMA
Integration Specifications
  Type                                                  MONTECARLO
  Number of integration points                                 250
  Dimensions of numerical integration                            1
  Adaptive quadrature                                           ON
  Monte Carlo integration seed                                   0
Cholesky                                                       OFF

Input data file(s)
  /Users/olivierpercie/Desktop/MplusLGM/SOFAS/Results/R3STEP/SAPS_0_R3STEP.dat
Input data format  FREE


SUMMARY OF DATA

     Number of missing data patterns             2
     Number of y missing data patterns           2
     Number of u missing data patterns           0


COVARIANCE COVERAGE OF DATA

Minimum covariance coverage value   0.100


     PROPORTION OF DATA PRESENT FOR Y


           Covariance Coverage
              SAPS_0
              ________
 SAPS_0         0.995


UNIVARIATE PROPORTIONS AND COUNTS FOR CATEGORICAL VARIABLES

    N
      Category 1    0.564          208.000
      Category 2    0.436          161.000


SAMPLE STATISTICS


     ESTIMATED SAMPLE STATISTICS


           Means
              SAPS_0
              ________
               11.632


           Covariances
              SAPS_0
              ________
 SAPS_0         9.731


           Correlations
              SAPS_0
              ________
 SAPS_0         1.000


     MAXIMUM LOG-LIKELIHOOD VALUE FOR THE UNRESTRICTED (H1) MODEL IS -938.274


UNIVARIATE SAMPLE STATISTICS


     UNIVARIATE HIGHER-ORDER MOMENT DESCRIPTIVE STATISTICS

         Variable/         Mean/     Skewness/   Minimum/ % with                Percentiles
        Sample Size      Variance    Kurtosis    Maximum  Min/Max      20%/60%    40%/80%    Median

     SAPS_0               11.632      -0.154       2.000    0.27%       9.000     11.000     12.000
             367.000       9.731      -0.324      20.000    0.27%      13.000     14.000


THE MODEL ESTIMATION TERMINATED NORMALLY



MODEL FIT INFORMATION

Number of Free Parameters                        4

Loglikelihood

          H0 Value                       -1188.281
          H0 Scaling Correction Factor      0.9582
            for MLR

Information Criteria

          Akaike (AIC)                    2384.562
          Bayesian (BIC)                  2400.205
          Sample-Size Adjusted BIC        2387.514
            (n* = (n + 2) / 24)



FINAL CLASS COUNTS AND PROPORTIONS FOR THE LATENT CLASSES
BASED ON THE ESTIMATED MODEL

    Latent
   Classes

       1        204.86801          0.55520
       2        164.13199          0.44480


FINAL CLASS COUNTS AND PROPORTIONS FOR THE LATENT CLASSES
BASED ON ESTIMATED POSTERIOR PROBABILITIES

    Latent
   Classes

       1        204.88688          0.55525
       2        164.11312          0.44475


FINAL CLASS COUNTS AND PROPORTIONS FOR THE LATENT CLASSES
BASED ON THEIR MOST LIKELY LATENT CLASS MEMBERSHIP

Class Counts and Proportions

    Latent
   Classes

       1              208          0.56369
       2              161          0.43631


CLASSIFICATION QUALITY

     Entropy                         0.530


Average Latent Class Probabilities for Most Likely Latent Class Membership (Row)
by Latent Class (Column)

           1        2

    1   0.902    0.098
    2   0.108    0.892


Classification Probabilities for the Most Likely Latent Class Membership (Column)
by Latent Class (Row)

           1        2

    1   0.915    0.085
    2   0.125    0.875


Logits for the Classification Probabilities for the Most Likely Latent Class Membership (Column)
by Latent Class (Row)

              1        2

    1      2.379    0.000
    2     -1.948    0.000


MODEL RESULTS

                                                    Two-Tailed
                    Estimate       S.E.  Est./S.E.    P-Value

Latent Class 1

 Means
    SAPS_0            11.629      0.163     71.321      0.000
    N#1                2.378      0.000    999.000    999.000

 Variances
    SAPS_0             9.742      0.660     14.770      0.000

Latent Class 2

 Means
    SAPS_0            11.629      0.163     71.321      0.000
    N#1               -1.949      0.000    999.000    999.000

 Variances
    SAPS_0             9.742      0.660     14.770      0.000

Categorical Latent Variables

 C#1        ON
    SAPS_0            -0.102      0.044     -2.292      0.022

 Intercepts
    C#1                1.411      0.538      2.624      0.009


QUALITY OF NUMERICAL RESULTS

     Condition Number for the Information Matrix              0.411E-03
       (ratio of smallest to largest eigenvalue)


LOGISTIC REGRESSION ODDS RATIO RESULTS

                                                95% C.I.
                    Estimate       S.E.  Lower 2.5% Upper 2.5%

Categorical Latent Variables

 C#1      ON
    SAPS_0             0.903      0.040      0.828      0.985


ALTERNATIVE PARAMETERIZATIONS FOR THE CATEGORICAL LATENT VARIABLE REGRESSION

                                                    Two-Tailed
                    Estimate       S.E.  Est./S.E.    P-Value

Parameterization using Reference Class 1

 C#2      ON
    SAPS_0             0.102      0.044      2.292      0.022

 Intercepts
    C#2               -1.411      0.538     -2.624      0.009


ODDS RATIO FOR THE ALTERNATIVE PARAMETERIZATIONS FOR THE CATEGORICAL LATENT VARIABLE REGRESSION

                                                95% C.I.
                    Estimate       S.E.  Lower 2.5% Upper 2.5%

Parameterization using Reference Class 1

 C#2      ON
    SAPS_0             1.107      0.049      1.015      1.208


STANDARDIZED MODEL RESULTS


STDYX Standardization

                                                    Two-Tailed
                    Estimate       S.E.  Est./S.E.    P-Value

Latent Class 1

 Means
    SAPS_0             3.726      0.142     26.188      0.000
    N#1                2.378      0.000    999.000    999.000

 Variances
    SAPS_0             1.000      0.000    999.000    999.000

Latent Class 2

 Means
    SAPS_0             3.726      0.142     26.188      0.000
    N#1               -1.949      0.000    999.000    999.000

 Variances
    SAPS_0             1.000      0.000    999.000    999.000


STDY Standardization

                                                    Two-Tailed
                    Estimate       S.E.  Est./S.E.    P-Value

Latent Class 1

 Means
    SAPS_0             3.726      0.142     26.188      0.000
    N#1                2.378      0.000    999.000    999.000

 Variances
    SAPS_0             1.000      0.000    999.000    999.000

Latent Class 2

 Means
    SAPS_0             3.726      0.142     26.188      0.000
    N#1               -1.949      0.000    999.000    999.000

 Variances
    SAPS_0             1.000      0.000    999.000    999.000


STD Standardization

                                                    Two-Tailed
                    Estimate       S.E.  Est./S.E.    P-Value

Latent Class 1

 Means
    SAPS_0            11.629      0.163     71.321      0.000
    N#1                2.378      0.000    999.000    999.000

 Variances
    SAPS_0             9.742      0.660     14.770      0.000

Latent Class 2

 Means
    SAPS_0            11.629      0.163     71.321      0.000
    N#1               -1.949      0.000    999.000    999.000

 Variances
    SAPS_0             9.742      0.660     14.770      0.000


CONFIDENCE INTERVALS OF MODEL RESULTS

                  Lower .5%  Lower 2.5%    Lower 5%    Estimate    Upper 5%  Upper 2.5%   Upper .5%

Latent Class 1

 Means
    SAPS_0          11.209      11.309      11.361      11.629      11.897      11.948      12.049
    N#1              2.378       2.378       2.378       2.378       2.378       2.378       2.378

 Variances
    SAPS_0           8.043       8.449       8.657       9.742      10.827      11.035      11.441

Latent Class 2

 Means
    SAPS_0          11.209      11.309      11.361      11.629      11.897      11.948      12.049
    N#1             -1.949      -1.949      -1.949      -1.949      -1.949      -1.949      -1.949

 Variances
    SAPS_0           8.043       8.449       8.657       9.742      10.827      11.035      11.441

Categorical Latent Variables

 C#1      ON
    SAPS_0          -0.216      -0.189      -0.175      -0.102      -0.029      -0.015       0.013

 Intercepts
    C#1              0.026       0.357       0.526       1.411       2.296       2.465       2.796


CONFIDENCE INTERVALS FOR THE LOGISTIC REGRESSION ODDS RATIO RESULTS

Categorical Latent Variables

 C#1      ON
    SAPS_0           0.806       0.828       0.840       0.903       0.972       0.985       1.013


CONFIDENCE INTERVALS FOR THE ALTERNATIVE PARAMETERIZATIONS FOR THE CATEGORICAL LATENT VARIABLE REGRESSION

Parameterization using Reference Class 1

 C#2      ON
    SAPS_0          -0.013       0.015       0.029       0.102       0.175       0.189       0.216

 Intercepts
    C#2             -2.796      -2.465      -2.296      -1.411      -0.526      -0.357      -0.026


CONFIDENCE INTERVALS FOR THE ODDS RATIO FOR THE ALTERNATIVE PARAMETERIZATIONS FOR THE
CATEGORICAL LATENT VARIABLE REGRESSION

Parameterization using Reference Class 1

 C#2      ON
    SAPS_0           0.987       1.015       1.029       1.107       1.191       1.208       1.241


CONFIDENCE INTERVALS OF STANDARDIZED MODEL RESULTS


STDYX Standardization

                  Lower .5%  Lower 2.5%    Lower 5%    Estimate    Upper 5%  Upper 2.5%   Upper .5%

Latent Class 1

 Means
    SAPS_0           3.359       3.447       3.492       3.726       3.960       4.005       4.092
    N#1              2.378       2.378       2.378       2.378       2.378       2.378       2.378

 Variances
    SAPS_0           1.000       1.000       1.000       1.000       1.000       1.000       1.000

Latent Class 2

 Means
    SAPS_0           3.359       3.447       3.492       3.726       3.960       4.005       4.092
    N#1             -1.949      -1.949      -1.949      -1.949      -1.949      -1.949      -1.949

 Variances
    SAPS_0           1.000       1.000       1.000       1.000       1.000       1.000       1.000


STDY Standardization

                  Lower .5%  Lower 2.5%    Lower 5%    Estimate    Upper 5%  Upper 2.5%   Upper .5%

Latent Class 1

 Means
    SAPS_0           3.359       3.447       3.492       3.726       3.960       4.005       4.092
    N#1              2.378       2.378       2.378       2.378       2.378       2.378       2.378

 Variances
    SAPS_0           1.000       1.000       1.000       1.000       1.000       1.000       1.000

Latent Class 2

 Means
    SAPS_0           3.359       3.447       3.492       3.726       3.960       4.005       4.092
    N#1             -1.949      -1.949      -1.949      -1.949      -1.949      -1.949      -1.949

 Variances
    SAPS_0           1.000       1.000       1.000       1.000       1.000       1.000       1.000


STD Standardization

                  Lower .5%  Lower 2.5%    Lower 5%    Estimate    Upper 5%  Upper 2.5%   Upper .5%

Latent Class 1

 Means
    SAPS_0          11.209      11.309      11.361      11.629      11.897      11.948      12.049
    N#1              2.378       2.378       2.378       2.378       2.378       2.378       2.378

 Variances
    SAPS_0           8.043       8.449       8.657       9.742      10.827      11.035      11.441

Latent Class 2

 Means
    SAPS_0          11.209      11.309      11.361      11.629      11.897      11.948      12.049
    N#1             -1.949      -1.949      -1.949      -1.949      -1.949      -1.949      -1.949

 Variances
    SAPS_0           8.043       8.449       8.657       9.742      10.827      11.035      11.441


     Beginning Time:  12:35:04
        Ending Time:  12:35:05
       Elapsed Time:  00:00:01



MUTHEN & MUTHEN
3463 Stoner Ave.
Los Angeles, CA  90066

Tel: (310) 391-9971
Fax: (310) 391-8971
Web: www.StatModel.com
Support: Support@StatModel.com

Copyright (c) 1998-2021 Muthen & Muthen
