Mplus VERSION 8.6 (Mac)
MUTHEN & MUTHEN
07/03/2023   3:42 PM

INPUT INSTRUCTIONS

  TITLE:
  GBTM_P2_K2_S1000;
   - R3STEP_sc_z;
  DATA:
  FILE = "/Users/olivierpercie/Desktop/MplusLGM/SOFAS/Results/R3STEP/sc_z_R3STEP.dat";

  VARIABLE:
  NAMES = PIN SOFAS_0 SOFAS_12 SOFAS_24 I S Q C_I C_S C_Q CPROB1 CPROB2 N sc_z;
   MISSING=.;
   USEVAR = N sc_z;
  NOMINAL = N;
  CLASSES = c(2);
  ANALYSIS:
  TYPE = MIXTURE;
  ALGORITHM = INTEGRATION;
  INTEGRATION = MONTECARLO;
  STARTS = 0;
  PROCESSORS = 8;
  MODEL:
  %OVERALL%
  C ON sc_z;
  sc_z;
  %C#1%
  [N#1@2.378];
  %C#2%
  [N#1@-1.949];
  OUTPUT:
  TECH7;
  SAMPSTAT;
  STANDARDIZED;
  CINTERVAL;



INPUT READING TERMINATED NORMALLY




GBTM_P2_K2_S1000;
- R3STEP_sc_z;

SUMMARY OF ANALYSIS

Number of groups                                                 1
Number of observations                                         369

Number of dependent variables                                    1
Number of independent variables                                  1
Number of continuous latent variables                            0
Number of categorical latent variables                           1

Observed dependent variables

  Unordered categorical (nominal)
   N

Observed independent variables
   SC_Z

Categorical latent variables
   C


Estimator                                                      MLR
Information matrix                                        OBSERVED
Optimization Specifications for the Quasi-Newton Algorithm for
Continuous Outcomes
  Maximum number of iterations                                 100
  Convergence criterion                                  0.100D-05
Optimization Specifications for the EM Algorithm
  Maximum number of iterations                                 500
  Convergence criteria
    Loglikelihood change                                 0.100D-02
    Relative loglikelihood change                        0.100D-05
    Derivative                                           0.100D-02
Optimization Specifications for the M step of the EM Algorithm for
Categorical Latent variables
  Number of M step iterations                                    1
  M step convergence criterion                           0.100D-02
  Basis for M step termination                           ITERATION
Optimization Specifications for the M step of the EM Algorithm for
Censored, Binary or Ordered Categorical (Ordinal), Unordered
Categorical (Nominal) and Count Outcomes
  Number of M step iterations                                    1
  M step convergence criterion                           0.100D-02
  Basis for M step termination                           ITERATION
  Maximum value for logit thresholds                            15
  Minimum value for logit thresholds                           -15
  Minimum expected cell size for chi-square              0.100D-01
Maximum number of iterations for H1                           2000
Convergence criterion for H1                             0.100D-03
Optimization algorithm                                         EMA
Integration Specifications
  Type                                                  MONTECARLO
  Number of integration points                                 250
  Dimensions of numerical integration                            1
  Adaptive quadrature                                           ON
  Monte Carlo integration seed                                   0
Cholesky                                                       OFF

Input data file(s)
  /Users/olivierpercie/Desktop/MplusLGM/SOFAS/Results/R3STEP/sc_z_R3STEP.dat
Input data format  FREE


SUMMARY OF DATA

     Number of missing data patterns             2
     Number of y missing data patterns           2
     Number of u missing data patterns           0


COVARIANCE COVERAGE OF DATA

Minimum covariance coverage value   0.100


     PROPORTION OF DATA PRESENT FOR Y


           Covariance Coverage
              SC_Z
              ________
 SC_Z           0.385


UNIVARIATE PROPORTIONS AND COUNTS FOR CATEGORICAL VARIABLES

    N
      Category 1    0.564          208.000
      Category 2    0.436          161.000


SAMPLE STATISTICS


     ESTIMATED SAMPLE STATISTICS


           Means
              SC_Z
              ________
               -0.642


           Covariances
              SC_Z
              ________
 SC_Z           1.693


           Correlations
              SC_Z
              ________
 SC_Z           1.000


     MAXIMUM LOG-LIKELIHOOD VALUE FOR THE UNRESTRICTED (H1) MODEL IS -238.861


UNIVARIATE SAMPLE STATISTICS


     UNIVARIATE HIGHER-ORDER MOMENT DESCRIPTIVE STATISTICS

         Variable/         Mean/     Skewness/   Minimum/ % with                Percentiles
        Sample Size      Variance    Kurtosis    Maximum  Min/Max      20%/60%    40%/80%    Median

     SC_Z                 -0.642      -0.952      -5.035    0.70%      -1.600     -0.600     -0.342
             142.000       1.693       0.930       1.783    1.41%      -0.103      0.416


THE MODEL ESTIMATION TERMINATED NORMALLY



MODEL FIT INFORMATION

Number of Free Parameters                        4

Loglikelihood

          H0 Value                        -489.894
          H0 Scaling Correction Factor      1.1719
            for MLR

Information Criteria

          Akaike (AIC)                     987.788
          Bayesian (BIC)                  1003.431
          Sample-Size Adjusted BIC         990.740
            (n* = (n + 2) / 24)



FINAL CLASS COUNTS AND PROPORTIONS FOR THE LATENT CLASSES
BASED ON THE ESTIMATED MODEL

    Latent
   Classes

       1        204.97946          0.55550
       2        164.02054          0.44450


FINAL CLASS COUNTS AND PROPORTIONS FOR THE LATENT CLASSES
BASED ON ESTIMATED POSTERIOR PROBABILITIES

    Latent
   Classes

       1        204.86802          0.55520
       2        164.13198          0.44480


FINAL CLASS COUNTS AND PROPORTIONS FOR THE LATENT CLASSES
BASED ON THEIR MOST LIKELY LATENT CLASS MEMBERSHIP

Class Counts and Proportions

    Latent
   Classes

       1              208          0.56369
       2              161          0.43631


CLASSIFICATION QUALITY

     Entropy                         0.527


Average Latent Class Probabilities for Most Likely Latent Class Membership (Row)
by Latent Class (Column)

           1        2

    1   0.901    0.099
    2   0.108    0.892


Classification Probabilities for the Most Likely Latent Class Membership (Column)
by Latent Class (Row)

           1        2

    1   0.915    0.085
    2   0.125    0.875


Logits for the Classification Probabilities for the Most Likely Latent Class Membership (Column)
by Latent Class (Row)

              1        2

    1      2.378    0.000
    2     -1.946    0.000


MODEL RESULTS

                                                    Two-Tailed
                    Estimate       S.E.  Est./S.E.    P-Value

Latent Class 1

 Means
    SC_Z              -0.641      0.110     -5.825      0.000
    N#1                2.378      0.000    999.000    999.000

 Variances
    SC_Z               1.697      0.244      6.941      0.000

Latent Class 2

 Means
    SC_Z              -0.641      0.110     -5.825      0.000
    N#1               -1.949      0.000    999.000    999.000

 Variances
    SC_Z               1.697      0.244      6.941      0.000

Categorical Latent Variables

 C#1        ON
    SC_Z               0.321      0.206      1.558      0.119

 Intercepts
    C#1                0.435      0.195      2.233      0.026


QUALITY OF NUMERICAL RESULTS

     Condition Number for the Information Matrix              0.168E+00
       (ratio of smallest to largest eigenvalue)


LOGISTIC REGRESSION ODDS RATIO RESULTS

                                                95% C.I.
                    Estimate       S.E.  Lower 2.5% Upper 2.5%

Categorical Latent Variables

 C#1      ON
    SC_Z               1.379      0.285      0.920      2.066


ALTERNATIVE PARAMETERIZATIONS FOR THE CATEGORICAL LATENT VARIABLE REGRESSION

                                                    Two-Tailed
                    Estimate       S.E.  Est./S.E.    P-Value

Parameterization using Reference Class 1

 C#2      ON
    SC_Z              -0.321      0.206     -1.558      0.119

 Intercepts
    C#2               -0.435      0.195     -2.233      0.026


ODDS RATIO FOR THE ALTERNATIVE PARAMETERIZATIONS FOR THE CATEGORICAL LATENT VARIABLE REGRESSION

                                                95% C.I.
                    Estimate       S.E.  Lower 2.5% Upper 2.5%

Parameterization using Reference Class 1

 C#2      ON
    SC_Z               0.725      0.150      0.484      1.086


STANDARDIZED MODEL RESULTS


STDYX Standardization

                                                    Two-Tailed
                    Estimate       S.E.  Est./S.E.    P-Value

Latent Class 1

 Means
    SC_Z              -0.492      0.070     -7.004      0.000
    N#1                2.378      0.000    999.000    999.000

 Variances
    SC_Z               1.000      0.000    999.000    999.000

Latent Class 2

 Means
    SC_Z              -0.492      0.070     -7.004      0.000
    N#1               -1.949      0.000    999.000    999.000

 Variances
    SC_Z               1.000      0.000    999.000    999.000


STDY Standardization

                                                    Two-Tailed
                    Estimate       S.E.  Est./S.E.    P-Value

Latent Class 1

 Means
    SC_Z              -0.492      0.070     -7.004      0.000
    N#1                2.378      0.000    999.000    999.000

 Variances
    SC_Z               1.000      0.000    999.000    999.000

Latent Class 2

 Means
    SC_Z              -0.492      0.070     -7.004      0.000
    N#1               -1.949      0.000    999.000    999.000

 Variances
    SC_Z               1.000      0.000    999.000    999.000


STD Standardization

                                                    Two-Tailed
                    Estimate       S.E.  Est./S.E.    P-Value

Latent Class 1

 Means
    SC_Z              -0.641      0.110     -5.825      0.000
    N#1                2.378      0.000    999.000    999.000

 Variances
    SC_Z               1.697      0.244      6.941      0.000

Latent Class 2

 Means
    SC_Z              -0.641      0.110     -5.825      0.000
    N#1               -1.949      0.000    999.000    999.000

 Variances
    SC_Z               1.697      0.244      6.941      0.000


CONFIDENCE INTERVALS OF MODEL RESULTS

                  Lower .5%  Lower 2.5%    Lower 5%    Estimate    Upper 5%  Upper 2.5%   Upper .5%

Latent Class 1

 Means
    SC_Z            -0.925      -0.857      -0.822      -0.641      -0.460      -0.425      -0.358
    N#1              2.378       2.378       2.378       2.378       2.378       2.378       2.378

 Variances
    SC_Z             1.067       1.217       1.294       1.697       2.099       2.176       2.326

Latent Class 2

 Means
    SC_Z            -0.925      -0.857      -0.822      -0.641      -0.460      -0.425      -0.358
    N#1             -1.949      -1.949      -1.949      -1.949      -1.949      -1.949      -1.949

 Variances
    SC_Z             1.067       1.217       1.294       1.697       2.099       2.176       2.326

Categorical Latent Variables

 C#1      ON
    SC_Z            -0.210      -0.083      -0.018       0.321       0.661       0.726       0.853

 Intercepts
    C#1             -0.067       0.053       0.115       0.435       0.756       0.817       0.937


CONFIDENCE INTERVALS FOR THE LOGISTIC REGRESSION ODDS RATIO RESULTS

Categorical Latent Variables

 C#1      ON
    SC_Z             0.811       0.920       0.982       1.379       1.936       2.066       2.346


CONFIDENCE INTERVALS FOR THE ALTERNATIVE PARAMETERIZATIONS FOR THE CATEGORICAL LATENT VARIABLE REGRESSION

Parameterization using Reference Class 1

 C#2      ON
    SC_Z            -0.853      -0.726      -0.661      -0.321       0.018       0.083       0.210

 Intercepts
    C#2             -0.937      -0.817      -0.756      -0.435      -0.115      -0.053       0.067


CONFIDENCE INTERVALS FOR THE ODDS RATIO FOR THE ALTERNATIVE PARAMETERIZATIONS FOR THE
CATEGORICAL LATENT VARIABLE REGRESSION

Parameterization using Reference Class 1

 C#2      ON
    SC_Z             0.426       0.484       0.516       0.725       1.018       1.086       1.234


CONFIDENCE INTERVALS OF STANDARDIZED MODEL RESULTS


STDYX Standardization

                  Lower .5%  Lower 2.5%    Lower 5%    Estimate    Upper 5%  Upper 2.5%   Upper .5%

Latent Class 1

 Means
    SC_Z            -0.673      -0.630      -0.608      -0.492      -0.377      -0.355      -0.311
    N#1              2.378       2.378       2.378       2.378       2.378       2.378       2.378

 Variances
    SC_Z             1.000       1.000       1.000       1.000       1.000       1.000       1.000

Latent Class 2

 Means
    SC_Z            -0.673      -0.630      -0.608      -0.492      -0.377      -0.355      -0.311
    N#1             -1.949      -1.949      -1.949      -1.949      -1.949      -1.949      -1.949

 Variances
    SC_Z             1.000       1.000       1.000       1.000       1.000       1.000       1.000


STDY Standardization

                  Lower .5%  Lower 2.5%    Lower 5%    Estimate    Upper 5%  Upper 2.5%   Upper .5%

Latent Class 1

 Means
    SC_Z            -0.673      -0.630      -0.608      -0.492      -0.377      -0.355      -0.311
    N#1              2.378       2.378       2.378       2.378       2.378       2.378       2.378

 Variances
    SC_Z             1.000       1.000       1.000       1.000       1.000       1.000       1.000

Latent Class 2

 Means
    SC_Z            -0.673      -0.630      -0.608      -0.492      -0.377      -0.355      -0.311
    N#1             -1.949      -1.949      -1.949      -1.949      -1.949      -1.949      -1.949

 Variances
    SC_Z             1.000       1.000       1.000       1.000       1.000       1.000       1.000


STD Standardization

                  Lower .5%  Lower 2.5%    Lower 5%    Estimate    Upper 5%  Upper 2.5%   Upper .5%

Latent Class 1

 Means
    SC_Z            -0.925      -0.857      -0.822      -0.641      -0.460      -0.425      -0.358
    N#1              2.378       2.378       2.378       2.378       2.378       2.378       2.378

 Variances
    SC_Z             1.067       1.217       1.294       1.697       2.099       2.176       2.326

Latent Class 2

 Means
    SC_Z            -0.925      -0.857      -0.822      -0.641      -0.460      -0.425      -0.358
    N#1             -1.949      -1.949      -1.949      -1.949      -1.949      -1.949      -1.949

 Variances
    SC_Z             1.067       1.217       1.294       1.697       2.099       2.176       2.326


TECHNICAL 7 OUTPUT


     SAMPLE STATISTICS WEIGHTED BY ESTIMATED CLASS PROBABILITIES FOR CLASS 1


           Means
              SC_Z
              ________
               -0.413


           Covariances
              SC_Z
              ________
 SC_Z           1.410


     SAMPLE STATISTICS WEIGHTED BY ESTIMATED CLASS PROBABILITIES FOR CLASS 2


           Means
              SC_Z
              ________
               -0.947


           Covariances
              SC_Z
              ________
 SC_Z           1.907


     UNIVARIATE SAMPLE DISTRIBUTIONS FOR CLASS 1

     Variable
     N
       Category 1        0.915
       Category 2        0.085


     UNIVARIATE SAMPLE DISTRIBUTIONS FOR CLASS 2

     Variable
     N
       Category 1        0.125
       Category 2        0.875


     Beginning Time:  15:42:23
        Ending Time:  15:42:24
       Elapsed Time:  00:00:01



MUTHEN & MUTHEN
3463 Stoner Ave.
Los Angeles, CA  90066

Tel: (310) 391-9971
Fax: (310) 391-8971
Web: www.StatModel.com
Support: Support@StatModel.com

Copyright (c) 1998-2021 Muthen & Muthen
