Mplus VERSION 8.6 (Mac)
MUTHEN & MUTHEN
06/29/2023   2:21 PM

INPUT INSTRUCTIONS

  TITLE:
  D3STEP_SUMD3_24 -  GMM4v_i s q cub@0;
  DATA:
  FILE = "/Users/olivierpercie/Desktop/MplusLGM/SAPS/Results/D3STEP/SUMD3_24_D3STEP.dat";

  VARIABLE:
  NAMES = PIN SAPS_0 SAPS_1 SAPS_2 SAPS_3 SAPS_6 SAPS_9 SAPS_12 SAPS_18 SAPS_24 I S Q
       CUB C_I C_S C_Q C_CUB CPROB1 CPROB2 N SUMD3_24;
   MISSING=.;
   USEVAR = SUMD3_24 N;
  NOMINAL = N;
  CLASSES = c(2);
  ANALYSIS:
  TYPE = MIXTURE;
  STARTS = 0;
  PROCESSORS = 8;
  MODEL:
  %OVERALL%
  %C#1%
  [N#1@3.513];
  [SUMD3_24](M1); SUMD3_24;
  %C#2%
  [N#1@-3.952];
  [SUMD3_24](M2); SUMD3_24;
  MODEL CONSTRAINT:
  New (diff12);
  diff12 = M1 - M2;
  MODEL TEST:
  M1 = M2;
  OUTPUT:
  SAMPSTAT;
  STANDARDIZED;
  CINTERVAL;



*** WARNING in MODEL command
  All variables are uncorrelated with all other variables within class.
  Check that this is what is intended.
   1 WARNING(S) FOUND IN THE INPUT INSTRUCTIONS




D3STEP_SUMD3_24 -  GMM4v_i s q cub@0;

SUMMARY OF ANALYSIS

Number of groups                                                 1
Number of observations                                         405

Number of dependent variables                                    2
Number of independent variables                                  0
Number of continuous latent variables                            0
Number of categorical latent variables                           1

Observed dependent variables

  Continuous
   SUMD3_24

  Unordered categorical (nominal)
   N

Categorical latent variables
   C


Estimator                                                      MLR
Information matrix                                        OBSERVED
Optimization Specifications for the Quasi-Newton Algorithm for
Continuous Outcomes
  Maximum number of iterations                                 100
  Convergence criterion                                  0.100D-05
Optimization Specifications for the EM Algorithm
  Maximum number of iterations                                 500
  Convergence criteria
    Loglikelihood change                                 0.100D-06
    Relative loglikelihood change                        0.100D-06
    Derivative                                           0.100D-05
Optimization Specifications for the M step of the EM Algorithm for
Categorical Latent variables
  Number of M step iterations                                    1
  M step convergence criterion                           0.100D-05
  Basis for M step termination                           ITERATION
Optimization Specifications for the M step of the EM Algorithm for
Censored, Binary or Ordered Categorical (Ordinal), Unordered
Categorical (Nominal) and Count Outcomes
  Number of M step iterations                                    1
  M step convergence criterion                           0.100D-05
  Basis for M step termination                           ITERATION
  Maximum value for logit thresholds                            15
  Minimum value for logit thresholds                           -15
  Minimum expected cell size for chi-square              0.100D-01
Maximum number of iterations for H1                           2000
Convergence criterion for H1                             0.100D-03
Optimization algorithm                                         EMA

Input data file(s)
  /Users/olivierpercie/Desktop/MplusLGM/SAPS/Results/D3STEP/SUMD3_24_D3STEP.dat
Input data format  FREE


SUMMARY OF DATA

     Number of missing data patterns             2
     Number of y missing data patterns           2
     Number of u missing data patterns           0


COVARIANCE COVERAGE OF DATA

Minimum covariance coverage value   0.100


     PROPORTION OF DATA PRESENT FOR Y


           Covariance Coverage
              SUMD3_24
              ________
 SUMD3_24       0.084

     THE COVARIANCE COVERAGE FALLS BELOW THE SPECIFIED LIMIT.  THE MISSING
     DATA EM ALGORITHM WILL NOT BE INITIATED.  CHECK YOUR DATA OR LOWER THE
     COVARIANCE COVERAGE LIMIT.


UNIVARIATE PROPORTIONS AND COUNTS FOR CATEGORICAL VARIABLES

    N
      Category 1    0.341          138.000
      Category 2    0.659          267.000


SAMPLE STATISTICS


UNIVARIATE SAMPLE STATISTICS


     UNIVARIATE HIGHER-ORDER MOMENT DESCRIPTIVE STATISTICS

         Variable/         Mean/     Skewness/   Minimum/ % with                Percentiles
        Sample Size      Variance    Kurtosis    Maximum  Min/Max      20%/60%    40%/80%    Median

     SUMD3_24              3.691       0.168       2.250    2.94%       3.000      3.500      3.750
              34.000       0.566      -0.883       5.000   11.76%       4.000      4.500


THE MODEL ESTIMATION TERMINATED NORMALLY



MODEL FIT INFORMATION

Number of Free Parameters                        5

Loglikelihood

          H0 Value                        -296.649
          H0 Scaling Correction Factor      0.7614
            for MLR

Information Criteria

          Akaike (AIC)                     603.298
          Bayesian (BIC)                   623.317
          Sample-Size Adjusted BIC         607.452
            (n* = (n + 2) / 24)

Wald Test of Parameter Constraints

          Value                              4.448
          Degrees of Freedom                     1
          P-Value                           0.0349



FINAL CLASS COUNTS AND PROPORTIONS FOR THE LATENT CLASSES
BASED ON THE ESTIMATED MODEL

    Latent
   Classes

       1        136.96231          0.33818
       2        268.03769          0.66182


FINAL CLASS COUNTS AND PROPORTIONS FOR THE LATENT CLASSES
BASED ON ESTIMATED POSTERIOR PROBABILITIES

    Latent
   Classes

       1        136.96231          0.33818
       2        268.03769          0.66182


FINAL CLASS COUNTS AND PROPORTIONS FOR THE LATENT CLASSES
BASED ON THEIR MOST LIKELY LATENT CLASS MEMBERSHIP

Class Counts and Proportions

    Latent
   Classes

       1              138          0.34074
       2              267          0.65926


CLASSIFICATION QUALITY

     Entropy                         0.850


Average Latent Class Probabilities for Most Likely Latent Class Membership (Row)
by Latent Class (Column)

           1        2

    1   0.964    0.036
    2   0.015    0.985


Classification Probabilities for the Most Likely Latent Class Membership (Column)
by Latent Class (Row)

           1        2

    1   0.971    0.029
    2   0.019    0.981


Logits for the Classification Probabilities for the Most Likely Latent Class Membership (Column)
by Latent Class (Row)

              1        2

    1      3.508    0.000
    2     -3.959    0.000


MODEL RESULTS

                                                    Two-Tailed
                    Estimate       S.E.  Est./S.E.    P-Value

Latent Class 1

 Means
    SUMD3_24           3.197      0.247     12.953      0.000

 Means
    N#1                3.513      0.000    999.000    999.000

 Variances
    SUMD3_24           0.353      0.124      2.848      0.004

Latent Class 2

 Means
    SUMD3_24           3.802      0.142     26.818      0.000

 Means
    N#1               -3.952      0.000    999.000    999.000

 Variances
    SUMD3_24           0.547      0.098      5.559      0.000

Categorical Latent Variables

 Means
    C#1               -0.671      0.111     -6.076      0.000

New/Additional Parameters
    DIFF12            -0.605      0.287     -2.109      0.035


QUALITY OF NUMERICAL RESULTS

     Condition Number for the Information Matrix              0.555E-02
       (ratio of smallest to largest eigenvalue)


STANDARDIZED MODEL RESULTS


STDYX Standardization

                                                    Two-Tailed
                    Estimate       S.E.  Est./S.E.    P-Value

Latent Class 1

 Means
    SUMD3_24           5.379      1.100      4.889      0.000

 Variances
    SUMD3_24           1.000      0.000    999.000    999.000

Latent Class 2

 Means
    SUMD3_24           5.141      0.474     10.843      0.000

 Variances
    SUMD3_24           1.000      0.000    999.000    999.000


STDY Standardization

                                                    Two-Tailed
                    Estimate       S.E.  Est./S.E.    P-Value

Latent Class 1

 Means
    SUMD3_24           5.379      1.100      4.889      0.000

 Variances
    SUMD3_24           1.000      0.000    999.000    999.000

Latent Class 2

 Means
    SUMD3_24           5.141      0.474     10.843      0.000

 Variances
    SUMD3_24           1.000      0.000    999.000    999.000


STD Standardization

                                                    Two-Tailed
                    Estimate       S.E.  Est./S.E.    P-Value

Latent Class 1

 Means
    SUMD3_24           3.197      0.247     12.953      0.000

 Variances
    SUMD3_24           0.353      0.124      2.848      0.004

Latent Class 2

 Means
    SUMD3_24           3.802      0.142     26.818      0.000

 Variances
    SUMD3_24           0.547      0.098      5.559      0.000


R-SQUARE

Class 1

Class 2


CONFIDENCE INTERVALS OF MODEL RESULTS

                  Lower .5%  Lower 2.5%    Lower 5%    Estimate    Upper 5%  Upper 2.5%   Upper .5%

Latent Class 1

 Means
    SUMD3_24         2.561       2.713       2.791       3.197       3.603       3.681       3.833

 Means
    N#1              3.513       3.513       3.513       3.513       3.513       3.513       3.513

 Variances
    SUMD3_24         0.034       0.110       0.149       0.353       0.557       0.596       0.673

Latent Class 2

 Means
    SUMD3_24         3.437       3.524       3.569       3.802       4.036       4.080       4.168

 Means
    N#1             -3.952      -3.952      -3.952      -3.952      -3.952      -3.952      -3.952

 Variances
    SUMD3_24         0.294       0.354       0.385       0.547       0.709       0.740       0.800

Categorical Latent Variables

 Means
    C#1             -0.956      -0.888      -0.853      -0.671      -0.490      -0.455      -0.387

New/Additional Parameters
    DIFF12          -1.345      -1.168      -1.078      -0.605      -0.133      -0.043       0.134


CONFIDENCE INTERVALS OF STANDARDIZED MODEL RESULTS


STDYX Standardization

                  Lower .5%  Lower 2.5%    Lower 5%    Estimate    Upper 5%  Upper 2.5%   Upper .5%

Latent Class 1

 Means
    SUMD3_24         2.545       3.223       3.569       5.379       7.189       7.535       8.213

 Variances
    SUMD3_24         1.000       1.000       1.000       1.000       1.000       1.000       1.000

Latent Class 2

 Means
    SUMD3_24         3.920       4.212       4.361       5.141       5.921       6.070       6.362

 Variances
    SUMD3_24         1.000       1.000       1.000       1.000       1.000       1.000       1.000


STDY Standardization

                  Lower .5%  Lower 2.5%    Lower 5%    Estimate    Upper 5%  Upper 2.5%   Upper .5%

Latent Class 1

 Means
    SUMD3_24         2.545       3.223       3.569       5.379       7.189       7.535       8.213

 Variances
    SUMD3_24         1.000       1.000       1.000       1.000       1.000       1.000       1.000

Latent Class 2

 Means
    SUMD3_24         3.920       4.212       4.361       5.141       5.921       6.070       6.362

 Variances
    SUMD3_24         1.000       1.000       1.000       1.000       1.000       1.000       1.000


STD Standardization

                  Lower .5%  Lower 2.5%    Lower 5%    Estimate    Upper 5%  Upper 2.5%   Upper .5%

Latent Class 1

 Means
    SUMD3_24         2.561       2.713       2.791       3.197       3.603       3.681       3.833

 Variances
    SUMD3_24         0.034       0.110       0.149       0.353       0.557       0.596       0.673

Latent Class 2

 Means
    SUMD3_24         3.437       3.524       3.569       3.802       4.036       4.080       4.168

 Variances
    SUMD3_24         0.294       0.354       0.385       0.547       0.709       0.740       0.800


     Beginning Time:  14:21:57
        Ending Time:  14:21:57
       Elapsed Time:  00:00:00



MUTHEN & MUTHEN
3463 Stoner Ave.
Los Angeles, CA  90066

Tel: (310) 391-9971
Fax: (310) 391-8971
Web: www.StatModel.com
Support: Support@StatModel.com

Copyright (c) 1998-2021 Muthen & Muthen
