Mplus VERSION 8.6 (Mac)
MUTHEN & MUTHEN
07/18/2023   3:43 PM

INPUT INSTRUCTIONS

  TITLE:
  GMM_CI_is@0q@0_FIX
  DATA:
  FILE = "/Users/olivierpercie/Desktop/MplusLGM/SOFAS/Results/GMM/CI/is@0q@0/GMM1.dat";

  VARIABLE:
  NAMES = pin SOFAS_0 SOFAS_12 SOFAS_24;
   MISSING=.;
   USEVAR = SOFAS_0 SOFAS_12 SOFAS_24;
  IDVAR = pin;
  CLASSES = c(2);
  ANALYSIS:
  TYPE = MIXTURE;
  STARTS = 1000 250;
  K-1STARTS = 500 125;
  PROCESSORS = 8;
  MODEL:
  %OVERALL%
  i s q | SOFAS_0@0 SOFAS_12@12 SOFAS_24@24;
  i s@0 q@0;
  i WITH s q;
  s WITH q;
  SOFAS_0 SOFAS_12 SOFAS_24;
  %C#1%
  SOFAS_0 SOFAS_12 SOFAS_24 (1);
  %C#2%
  SOFAS_0 SOFAS_12 SOFAS_24 (1);
  OUTPUT:
  TECH7;
  TECH11;
  SAMPSTAT;
  STANDARDIZED;
  CINTERVAL;
  SAVEDATA:
  FILE = GMM_CI_is@0q@0_FIX_CP.dat;
  SAVE = CPROBABILITIES;



*** WARNING in MODEL command
  All continuous latent variable covariances involving S have been fixed to 0
  because the variance of S is fixed at 0.
*** WARNING in MODEL command
  All continuous latent variable covariances involving Q have been fixed to 0
  because the variance of Q is fixed at 0.
   2 WARNING(S) FOUND IN THE INPUT INSTRUCTIONS




GMM_CI_is@0q@0_FIX

SUMMARY OF ANALYSIS

Number of groups                                                 1
Number of observations                                         368

Number of dependent variables                                    3
Number of independent variables                                  0
Number of continuous latent variables                            3
Number of categorical latent variables                           1

Observed dependent variables

  Continuous
   SOFAS_0     SOFAS_12    SOFAS_24

Continuous latent variables
   I           S           Q

Categorical latent variables
   C

Variables with special functions

  ID variable           PIN

Estimator                                                      MLR
Information matrix                                        OBSERVED
Optimization Specifications for the Quasi-Newton Algorithm for
Continuous Outcomes
  Maximum number of iterations                                 100
  Convergence criterion                                  0.100D-05
Optimization Specifications for the EM Algorithm
  Maximum number of iterations                                 500
  Convergence criteria
    Loglikelihood change                                 0.100D-06
    Relative loglikelihood change                        0.100D-06
    Derivative                                           0.100D-05
Optimization Specifications for the M step of the EM Algorithm for
Categorical Latent variables
  Number of M step iterations                                    1
  M step convergence criterion                           0.100D-05
  Basis for M step termination                           ITERATION
Optimization Specifications for the M step of the EM Algorithm for
Censored, Binary or Ordered Categorical (Ordinal), Unordered
Categorical (Nominal) and Count Outcomes
  Number of M step iterations                                    1
  M step convergence criterion                           0.100D-05
  Basis for M step termination                           ITERATION
  Maximum value for logit thresholds                            15
  Minimum value for logit thresholds                           -15
  Minimum expected cell size for chi-square              0.100D-01
Maximum number of iterations for H1                           2000
Convergence criterion for H1                             0.100D-03
Optimization algorithm                                         EMA
Random Starts Specifications
  Number of initial stage random starts                       1000
  Number of final stage optimizations                          250
  Number of initial stage iterations                            10
  Initial stage convergence criterion                    0.100D+01
  Random starts scale                                    0.500D+01
  Random seed for generating random starts                       0

Input data file(s)
  /Users/olivierpercie/Desktop/MplusLGM/SOFAS/Results/GMM/CI/is@0q@0/GMM1.dat
Input data format  FREE


SUMMARY OF DATA

     Number of missing data patterns             4
     Number of y missing data patterns           4
     Number of u missing data patterns           0


COVARIANCE COVERAGE OF DATA

Minimum covariance coverage value   0.100


     PROPORTION OF DATA PRESENT FOR Y


           Covariance Coverage
              SOFAS_0       SOFAS_12      SOFAS_24
              ________      ________      ________
 SOFAS_0        0.978
 SOFAS_12       0.894         0.916
 SOFAS_24       0.617         0.554         0.639


SAMPLE STATISTICS


     ESTIMATED SAMPLE STATISTICS


           Means
              SOFAS_0       SOFAS_12      SOFAS_24
              ________      ________      ________
               40.525        61.693        64.186


           Covariances
              SOFAS_0       SOFAS_12      SOFAS_24
              ________      ________      ________
 SOFAS_0      164.686
 SOFAS_12      62.760       287.063
 SOFAS_24      49.448       181.208       323.994


           Correlations
              SOFAS_0       SOFAS_12      SOFAS_24
              ________      ________      ________
 SOFAS_0        1.000
 SOFAS_12       0.289         1.000
 SOFAS_24       0.214         0.594         1.000


     MAXIMUM LOG-LIKELIHOOD VALUE FOR THE UNRESTRICTED (H1) MODEL IS -3814.311


UNIVARIATE SAMPLE STATISTICS


     UNIVARIATE HIGHER-ORDER MOMENT DESCRIPTIVE STATISTICS

         Variable/         Mean/     Skewness/   Minimum/ % with                Percentiles
        Sample Size      Variance    Kurtosis    Maximum  Min/Max      20%/60%    40%/80%    Median

     SOFAS_0              40.542       0.655      15.000    0.28%      30.000     35.000     40.000
             360.000     164.759       0.120      85.000    0.28%      41.000     51.000
     SOFAS_12             61.745      -0.142      22.000    0.30%      45.000     55.000     61.000
             337.000     285.419      -0.868      95.000    0.30%      68.000     80.000
     SOFAS_24             63.502      -0.263       5.000    0.43%      49.000     60.000     65.000
             235.000     329.246      -0.620     100.000    0.85%      70.000     80.000

RANDOM STARTS RESULTS RANKED FROM THE BEST TO THE WORST LOGLIKELIHOOD VALUES

Final stage loglikelihood values at local maxima, seeds, and initial stage start numbers:

           -3803.944  926283           269
           -3803.944  903633           553
           -3803.944  72866            692
           -3803.944  36714            201
           -3803.944  736574           414
           -3803.944  802644           874
           -3803.944  96941            890
           -3803.944  399671           13
           -3803.944  252346           528
           -3803.944  78862            529
           -3803.944  331681           549
           -3803.944  405371           569
           -3803.944  22089            143
           -3803.944  377504           294
           -3803.944  43523            297
           -3803.944  606576           151
           -3803.944  351807           617
           -3803.944  264901           634
           -3803.944  876943           650
           -3803.944  666720           671
           -3803.944  780698           337
           -3803.944  677720           681
           -3803.944  712702           684
           -3803.944  193847           354
           -3803.944  646573           741
           -3803.944  793035           187
           -3803.944  61587            400
           -3803.944  467561           819
           -3803.944  990504           827
           -3803.944  584397           428
           -3803.944  805768           879
           -3803.944  384199           882
           -3803.944  645052           910
           -3803.944  922596           456
           -3803.944  345726           461
           -3803.944  790059           469
           -3803.944  77571            980
           -3803.944  963053           43
           -3803.944  76337            76
           -3803.944  443917           60
           -3803.944  68985            17
           -3803.944  569833           85
           -3803.944  391179           78
           -3803.944  754100           56
           -3803.944  575700           100
           -3803.944  939709           112
           -3803.944  284109           82
           -3803.944  436460           89
           -3803.944  259507           53
           -3803.944  551639           55
           -3803.944  576220           115
           -3803.944  467339           66
           -3803.944  405079           68
           -3803.944  354559           73
           -3803.944  475420           71
           -3803.944  939021           8
           -3803.944  165853           105
           -3803.944  136842           58
           -3803.944  268896           124
           -3803.944  570908           98
           -3803.944  195873           6
           -3803.944  285380           1
           -3803.944  789985           67
           -3803.944  967237           48
           -3803.944  696773           80
           -3803.944  987090           70
           -3803.944  314084           81
           -3803.944  794236           127
           -3803.944  945065           255
           -3803.944  314034           513
           -3803.944  164305           128
           -3803.944  871851           257
           -3803.944  689529           516
           -3803.944  79212            517
           -3803.944  489927           520
           -3803.944  804660           260
           -3803.944  704798           530
           -3803.944  930323           267
           -3803.944  413564           535
           -3803.944  529455           268
           -3803.944  355674           540
           -3803.944  809240           543
           -3803.944  782821           272
           -3803.944  830529           279
           -3803.944  212934           568
           -3803.944  931874           141
           -3803.944  281462           285
           -3803.944  117587           572
           -3803.944  947714           573
           -3803.944  824126           287
           -3803.944  650354           577
           -3803.944  512836           289
           -3803.944  158612           581
           -3803.944  788796           145
           -3803.944  163110           584
           -3803.944  369602           146
           -3803.944  566687           597
           -3803.944  84013            598
           -3803.944  562716           300
           -3803.944  118438           601
           -3803.944  342019           301
           -3803.944  588923           606
           -3803.944  805935           615
           -3803.944  150531           154
           -3803.944  879338           309
           -3803.944  763285           620
           -3803.944  999211           628
           -3803.944  377584           630
           -3803.944  193042           316
           -3803.944  62835            642
           -3803.944  396795           323
           -3803.944  514326           325
           -3803.944  341519           653
           -3803.944  900268           327
           -3803.944  34346            330
           -3803.944  263268           165
           -3803.944  659773           663
           -3803.944  662983           666
           -3803.944  297518           166
           -3803.944  724519           333
           -3803.944  373702           669
           -3803.944  278661           674
           -3803.944  838615           677
           -3803.944  303634           169
           -3803.944  529496           343
           -3803.944  534193           689
           -3803.944  686384           690
           -3803.944  580181           691
           -3803.944  273992           349
           -3803.944  856612           700
           -3803.944  21132            351
           -3803.944  926762           704
           -3803.944  374219           353
           -3803.944  117391           710
           -3803.944  610181           711
           -3803.944  284716           713
           -3803.944  476498           179
           -3803.944  609185           181
           -3803.944  991329           182
           -3803.944  478341           731
           -3803.944  488125           368
           -3803.944  760850           739
           -3803.944  317868           740
           -3803.944  761302           744
           -3803.944  792389           746
           -3803.944  264081           186
           -3803.944  241197           747
           -3803.944  318177           748
           -3803.944  621542           375
           -3803.944  800454           751
           -3803.944  551340           766
           -3803.944  210870           383
           -3803.944  1548             384
           -3803.944  85114            385
           -3803.944  496710           386
           -3803.944  312587           775
           -3803.944  820977           776
           -3803.944  395754           388
           -3803.944  14262            781
           -3803.944  921023           782
           -3803.944  561664           392
           -3803.944  657994           788
           -3803.944  928287           197
           -3803.944  79945            395
           -3803.944  710445           792
           -3803.944  965994           396
           -3803.944  58507            793
           -3803.944  251680           794
           -3803.944  907810           795
           -3803.944  303834           798
           -3803.944  502157           799
           -3803.944  604861           800
           -3803.944  246794           801
           -3803.944  432513           803
           -3803.944  845580           805
           -3803.944  605565           404
           -3803.944  544077           809
           -3803.944  973369           202
           -3803.944  596257           405
           -3803.944  328661           813
           -3803.944  168888           817
           -3803.944  748692           204
           -3803.944  752148           822
           -3803.944  275475           413
           -3803.944  57226            208
           -3803.944  835767           210
           -3803.944  131063           843
           -3803.944  473343           844
           -3803.944  451258           848
           -3803.944  296162           856
           -3803.944  65651            214
           -3803.944  727176           861
           -3803.944  853195           431
           -3803.944  546943           865
           -3803.944  499150           216
           -3803.944  496762           870
           -3803.944  399380           436
           -3803.944  317640           437
           -3803.944  779820           877
           -3803.944  631413           439
           -3803.944  94610            884
           -3803.944  802928           892
           -3803.944  508482           446
           -3803.944  980970           894
           -3803.944  506113           895
           -3803.944  125727           899
           -3803.944  424223           900
           -3803.944  408713           450
           -3803.944  582296           452
           -3803.944  954914           911
           -3803.944  241299           912
           -3803.944  966603           919
           -3803.944  850112           922
           -3803.944  178475           231
           -3803.944  965639           463
           -3803.944  349360           464
           -3803.944  208797           931
           -3803.944  898745           466
           -3803.944  568405           233
           -3803.944  448829           938
           -3803.944  797594           234
           -3803.944  288738           940
           -3803.944  431271           943
           -3803.944  69413            472
           -3803.944  301180           236
           -3803.944  843555           952
           -3803.944  59674            240
           -3803.944  863691           481
           -3803.944  966499           963
           -3803.944  968846           970
           -3803.944  40327            971
           -3803.944  777492           972
           -3803.944  791396           243
           -3803.944  978061           488
           -3803.944  608460           244
           -3803.944  928624           981
           -3803.944  475419           987
           -3803.944  435506           988
           -3803.944  112586           494
           -3803.944  118958           994
           -3803.944  123985           248
           -3803.944  455410           999
           -3803.944  876056           1000
           -3803.944  497522           502
           -3803.944  642909           251
           -3803.944  213532           503
           -3803.944  891347           504
           -3803.944  155622           507
           -3803.944  378393           509
           -3803.944  247224           94



THE BEST LOGLIKELIHOOD VALUE HAS BEEN REPLICATED.  RERUN WITH AT LEAST TWICE THE
RANDOM STARTS TO CHECK THAT THE BEST LOGLIKELIHOOD IS STILL OBTAINED AND REPLICATED.


THE MODEL ESTIMATION TERMINATED NORMALLY



MODEL FIT INFORMATION

Number of Free Parameters                        9

Loglikelihood

          H0 Value                       -3803.944
          H0 Scaling Correction Factor      1.0236
            for MLR

Information Criteria

          Akaike (AIC)                    7625.887
          Bayesian (BIC)                  7661.060
          Sample-Size Adjusted BIC        7632.506
            (n* = (n + 2) / 24)



FINAL CLASS COUNTS AND PROPORTIONS FOR THE LATENT CLASSES
BASED ON THE ESTIMATED MODEL

    Latent
   Classes

       1        204.86956          0.55671
       2        163.13044          0.44329


FINAL CLASS COUNTS AND PROPORTIONS FOR THE LATENT CLASSES
BASED ON ESTIMATED POSTERIOR PROBABILITIES

    Latent
   Classes

       1        204.86956          0.55671
       2        163.13044          0.44329


FINAL CLASS COUNTS AND PROPORTIONS FOR THE LATENT CLASSES
BASED ON THEIR MOST LIKELY LATENT CLASS MEMBERSHIP

Class Counts and Proportions

    Latent
   Classes

       1              209          0.56793
       2              159          0.43207


CLASSIFICATION QUALITY

     Entropy                         0.622


Average Latent Class Probabilities for Most Likely Latent Class Membership (Row)
by Latent Class (Column)

           1        2

    1   0.889    0.111
    2   0.120    0.880


Classification Probabilities for the Most Likely Latent Class Membership (Column)
by Latent Class (Row)

           1        2

    1   0.907    0.093
    2   0.142    0.858


Logits for the Classification Probabilities for the Most Likely Latent Class Membership (Column)
by Latent Class (Row)

              1        2

    1      2.279    0.000
    2     -1.799    0.000


MODEL RESULTS

                                                    Two-Tailed
                    Estimate       S.E.  Est./S.E.    P-Value

Latent Class 1

 I        |
    SOFAS_0            1.000      0.000    999.000    999.000
    SOFAS_12           1.000      0.000    999.000    999.000
    SOFAS_24           1.000      0.000    999.000    999.000

 S        |
    SOFAS_0            0.000      0.000    999.000    999.000
    SOFAS_12          12.000      0.000    999.000    999.000
    SOFAS_24          24.000      0.000    999.000    999.000

 Q        |
    SOFAS_0            0.000      0.000    999.000    999.000
    SOFAS_12         144.000      0.000    999.000    999.000
    SOFAS_24         576.000      0.000    999.000    999.000

 I        WITH
    S                  0.000      0.000    999.000    999.000
    Q                  0.000      0.000    999.000    999.000

 S        WITH
    Q                  0.000      0.000    999.000    999.000

 Means
    I                 43.784      1.111     39.411      0.000
    S                  3.409      0.213     15.987      0.000
    Q                 -0.086      0.008    -10.722      0.000

 Intercepts
    SOFAS_0            0.000      0.000    999.000    999.000
    SOFAS_12           0.000      0.000    999.000    999.000
    SOFAS_24           0.000      0.000    999.000    999.000

 Variances
    I                 15.814      8.737      1.810      0.070
    S                  0.000      0.000    999.000    999.000
    Q                  0.000      0.000    999.000    999.000

 Residual Variances
    SOFAS_0          132.419      9.949     13.310      0.000
    SOFAS_12         132.419      9.949     13.310      0.000
    SOFAS_24         132.419      9.949     13.310      0.000

Latent Class 2

 I        |
    SOFAS_0            1.000      0.000    999.000    999.000
    SOFAS_12           1.000      0.000    999.000    999.000
    SOFAS_24           1.000      0.000    999.000    999.000

 S        |
    SOFAS_0            0.000      0.000    999.000    999.000
    SOFAS_12          12.000      0.000    999.000    999.000
    SOFAS_24          24.000      0.000    999.000    999.000

 Q        |
    SOFAS_0            0.000      0.000    999.000    999.000
    SOFAS_12         144.000      0.000    999.000    999.000
    SOFAS_24         576.000      0.000    999.000    999.000

 I        WITH
    S                  0.000      0.000    999.000    999.000
    Q                  0.000      0.000    999.000    999.000

 S        WITH
    Q                  0.000      0.000    999.000    999.000

 Means
    I                 36.441      1.119     32.573      0.000
    S                  1.434      0.220      6.504      0.000
    Q                 -0.037      0.009     -3.995      0.000

 Intercepts
    SOFAS_0            0.000      0.000    999.000    999.000
    SOFAS_12           0.000      0.000    999.000    999.000
    SOFAS_24           0.000      0.000    999.000    999.000

 Variances
    I                 15.814      8.737      1.810      0.070
    S                  0.000      0.000    999.000    999.000
    Q                  0.000      0.000    999.000    999.000

 Residual Variances
    SOFAS_0          132.419      9.949     13.310      0.000
    SOFAS_12         132.419      9.949     13.310      0.000
    SOFAS_24         132.419      9.949     13.310      0.000

Categorical Latent Variables

 Means
    C#1                0.228      0.170      1.337      0.181


QUALITY OF NUMERICAL RESULTS

     Condition Number for the Information Matrix              0.275E-05
       (ratio of smallest to largest eigenvalue)


STANDARDIZED MODEL RESULTS


STDYX Standardization

                                                    Two-Tailed
                    Estimate       S.E.  Est./S.E.    P-Value

Latent Class 1

 I        |
    SOFAS_0            0.327      0.087      3.742      0.000
    SOFAS_12           0.327      0.087      3.742      0.000
    SOFAS_24           0.327      0.087      3.742      0.000

 S        |
    SOFAS_0          999.000    999.000    999.000    999.000
    SOFAS_12         999.000    999.000    999.000    999.000
    SOFAS_24         999.000    999.000    999.000    999.000

 Q        |
    SOFAS_0          999.000    999.000    999.000    999.000
    SOFAS_12         999.000    999.000    999.000    999.000
    SOFAS_24         999.000    999.000    999.000    999.000

 I        WITH
    S                999.000    999.000    999.000    999.000
    Q                999.000    999.000    999.000    999.000

 S        WITH
    Q                999.000    999.000    999.000    999.000

 Means
    I                 11.010      3.145      3.501      0.000
    S                999.000    999.000    999.000    999.000
    Q                999.000    999.000    999.000    999.000

 Intercepts
    SOFAS_0            0.000      0.000    999.000    999.000
    SOFAS_12           0.000      0.000    999.000    999.000
    SOFAS_24           0.000      0.000    999.000    999.000

 Variances
    I                  1.000      0.000    999.000    999.000
    S                999.000    999.000    999.000    999.000
    Q                999.000    999.000    999.000    999.000

 Residual Variances
    SOFAS_0            0.893      0.057     15.666      0.000
    SOFAS_12           0.893      0.057     15.666      0.000
    SOFAS_24           0.893      0.057     15.666      0.000

Latent Class 2

 I        |
    SOFAS_0            0.327      0.087      3.742      0.000
    SOFAS_12           0.327      0.087      3.742      0.000
    SOFAS_24           0.327      0.087      3.742      0.000

 S        |
    SOFAS_0          999.000    999.000    999.000    999.000
    SOFAS_12         999.000    999.000    999.000    999.000
    SOFAS_24         999.000    999.000    999.000    999.000

 Q        |
    SOFAS_0          999.000    999.000    999.000    999.000
    SOFAS_12         999.000    999.000    999.000    999.000
    SOFAS_24         999.000    999.000    999.000    999.000

 I        WITH
    S                999.000    999.000    999.000    999.000
    Q                999.000    999.000    999.000    999.000

 S        WITH
    Q                999.000    999.000    999.000    999.000

 Means
    I                  9.164      2.419      3.789      0.000
    S                999.000    999.000    999.000    999.000
    Q                999.000    999.000    999.000    999.000

 Intercepts
    SOFAS_0            0.000      0.000    999.000    999.000
    SOFAS_12           0.000      0.000    999.000    999.000
    SOFAS_24           0.000      0.000    999.000    999.000

 Variances
    I                  1.000      0.000    999.000    999.000
    S                999.000    999.000    999.000    999.000
    Q                999.000    999.000    999.000    999.000

 Residual Variances
    SOFAS_0            0.893      0.057     15.666      0.000
    SOFAS_12           0.893      0.057     15.666      0.000
    SOFAS_24           0.893      0.057     15.666      0.000


STDY Standardization

                                                    Two-Tailed
                    Estimate       S.E.  Est./S.E.    P-Value

Latent Class 1

 I        |
    SOFAS_0            0.327      0.087      3.742      0.000
    SOFAS_12           0.327      0.087      3.742      0.000
    SOFAS_24           0.327      0.087      3.742      0.000

 S        |
    SOFAS_0          999.000    999.000    999.000    999.000
    SOFAS_12         999.000    999.000    999.000    999.000
    SOFAS_24         999.000    999.000    999.000    999.000

 Q        |
    SOFAS_0          999.000    999.000    999.000    999.000
    SOFAS_12         999.000    999.000    999.000    999.000
    SOFAS_24         999.000    999.000    999.000    999.000

 I        WITH
    S                999.000    999.000    999.000    999.000
    Q                999.000    999.000    999.000    999.000

 S        WITH
    Q                999.000    999.000    999.000    999.000

 Means
    I                 11.010      3.145      3.501      0.000
    S                999.000    999.000    999.000    999.000
    Q                999.000    999.000    999.000    999.000

 Intercepts
    SOFAS_0            0.000      0.000    999.000    999.000
    SOFAS_12           0.000      0.000    999.000    999.000
    SOFAS_24           0.000      0.000    999.000    999.000

 Variances
    I                  1.000      0.000    999.000    999.000
    S                999.000    999.000    999.000    999.000
    Q                999.000    999.000    999.000    999.000

 Residual Variances
    SOFAS_0            0.893      0.057     15.666      0.000
    SOFAS_12           0.893      0.057     15.666      0.000
    SOFAS_24           0.893      0.057     15.666      0.000

Latent Class 2

 I        |
    SOFAS_0            0.327      0.087      3.742      0.000
    SOFAS_12           0.327      0.087      3.742      0.000
    SOFAS_24           0.327      0.087      3.742      0.000

 S        |
    SOFAS_0          999.000    999.000    999.000    999.000
    SOFAS_12         999.000    999.000    999.000    999.000
    SOFAS_24         999.000    999.000    999.000    999.000

 Q        |
    SOFAS_0          999.000    999.000    999.000    999.000
    SOFAS_12         999.000    999.000    999.000    999.000
    SOFAS_24         999.000    999.000    999.000    999.000

 I        WITH
    S                999.000    999.000    999.000    999.000
    Q                999.000    999.000    999.000    999.000

 S        WITH
    Q                999.000    999.000    999.000    999.000

 Means
    I                  9.164      2.419      3.789      0.000
    S                999.000    999.000    999.000    999.000
    Q                999.000    999.000    999.000    999.000

 Intercepts
    SOFAS_0            0.000      0.000    999.000    999.000
    SOFAS_12           0.000      0.000    999.000    999.000
    SOFAS_24           0.000      0.000    999.000    999.000

 Variances
    I                  1.000      0.000    999.000    999.000
    S                999.000    999.000    999.000    999.000
    Q                999.000    999.000    999.000    999.000

 Residual Variances
    SOFAS_0            0.893      0.057     15.666      0.000
    SOFAS_12           0.893      0.057     15.666      0.000
    SOFAS_24           0.893      0.057     15.666      0.000


STD Standardization

                                                    Two-Tailed
                    Estimate       S.E.  Est./S.E.    P-Value

Latent Class 1

 I        |
    SOFAS_0            3.977      1.099      3.620      0.000
    SOFAS_12           3.977      1.099      3.620      0.000
    SOFAS_24           3.977      1.099      3.620      0.000

 S        |
    SOFAS_0          999.000    999.000    999.000    999.000
    SOFAS_12         999.000    999.000    999.000    999.000
    SOFAS_24         999.000    999.000    999.000    999.000

 Q        |
    SOFAS_0          999.000    999.000    999.000    999.000
    SOFAS_12         999.000    999.000    999.000    999.000
    SOFAS_24         999.000    999.000    999.000    999.000

 I        WITH
    S                999.000    999.000    999.000    999.000
    Q                999.000    999.000    999.000    999.000

 S        WITH
    Q                999.000    999.000    999.000    999.000

 Means
    I                 11.010      3.145      3.501      0.000
    S                999.000    999.000    999.000    999.000
    Q                999.000    999.000    999.000    999.000

 Intercepts
    SOFAS_0            0.000      0.000    999.000    999.000
    SOFAS_12           0.000      0.000    999.000    999.000
    SOFAS_24           0.000      0.000    999.000    999.000

 Variances
    I                  1.000      0.000    999.000    999.000
    S                999.000    999.000    999.000    999.000
    Q                999.000    999.000    999.000    999.000

 Residual Variances
    SOFAS_0          132.419      9.949     13.310      0.000
    SOFAS_12         132.419      9.949     13.310      0.000
    SOFAS_24         132.419      9.949     13.310      0.000

Latent Class 2

 I        |
    SOFAS_0            3.977      1.099      3.620      0.000
    SOFAS_12           3.977      1.099      3.620      0.000
    SOFAS_24           3.977      1.099      3.620      0.000

 S        |
    SOFAS_0          999.000    999.000    999.000    999.000
    SOFAS_12         999.000    999.000    999.000    999.000
    SOFAS_24         999.000    999.000    999.000    999.000

 Q        |
    SOFAS_0          999.000    999.000    999.000    999.000
    SOFAS_12         999.000    999.000    999.000    999.000
    SOFAS_24         999.000    999.000    999.000    999.000

 I        WITH
    S                999.000    999.000    999.000    999.000
    Q                999.000    999.000    999.000    999.000

 S        WITH
    Q                999.000    999.000    999.000    999.000

 Means
    I                  9.164      2.419      3.789      0.000
    S                999.000    999.000    999.000    999.000
    Q                999.000    999.000    999.000    999.000

 Intercepts
    SOFAS_0            0.000      0.000    999.000    999.000
    SOFAS_12           0.000      0.000    999.000    999.000
    SOFAS_24           0.000      0.000    999.000    999.000

 Variances
    I                  1.000      0.000    999.000    999.000
    S                999.000    999.000    999.000    999.000
    Q                999.000    999.000    999.000    999.000

 Residual Variances
    SOFAS_0          132.419      9.949     13.310      0.000
    SOFAS_12         132.419      9.949     13.310      0.000
    SOFAS_24         132.419      9.949     13.310      0.000


R-SQUARE

Class 1

    Observed                                        Two-Tailed
    Variable        Estimate       S.E.  Est./S.E.    P-Value

    SOFAS_0            0.107      0.057      1.871      0.061
    SOFAS_12           0.107      0.057      1.871      0.061
    SOFAS_24           0.107      0.057      1.871      0.061

Class 2

    Observed                                        Two-Tailed
    Variable        Estimate       S.E.  Est./S.E.    P-Value

    SOFAS_0            0.107      0.057      1.871      0.061
    SOFAS_12           0.107      0.057      1.871      0.061
    SOFAS_24           0.107      0.057      1.871      0.061


CONFIDENCE INTERVALS OF MODEL RESULTS

                  Lower .5%  Lower 2.5%    Lower 5%    Estimate    Upper 5%  Upper 2.5%   Upper .5%

Latent Class 1

 I        |
    SOFAS_0          1.000       1.000       1.000       1.000       1.000       1.000       1.000
    SOFAS_12         1.000       1.000       1.000       1.000       1.000       1.000       1.000
    SOFAS_24         1.000       1.000       1.000       1.000       1.000       1.000       1.000

 S        |
    SOFAS_0          0.000       0.000       0.000       0.000       0.000       0.000       0.000
    SOFAS_12        12.000      12.000      12.000      12.000      12.000      12.000      12.000
    SOFAS_24        24.000      24.000      24.000      24.000      24.000      24.000      24.000

 Q        |
    SOFAS_0          0.000       0.000       0.000       0.000       0.000       0.000       0.000
    SOFAS_12       144.000     144.000     144.000     144.000     144.000     144.000     144.000
    SOFAS_24       576.000     576.000     576.000     576.000     576.000     576.000     576.000

 I        WITH
    S                0.000       0.000       0.000       0.000       0.000       0.000       0.000
    Q                0.000       0.000       0.000       0.000       0.000       0.000       0.000

 S        WITH
    Q                0.000       0.000       0.000       0.000       0.000       0.000       0.000

 Means
    I               40.923      41.607      41.957      43.784      45.612      45.962      46.646
    S                2.859       2.991       3.058       3.409       3.759       3.826       3.958
    Q               -0.106      -0.101      -0.099      -0.086      -0.073      -0.070      -0.065

 Intercepts
    SOFAS_0          0.000       0.000       0.000       0.000       0.000       0.000       0.000
    SOFAS_12         0.000       0.000       0.000       0.000       0.000       0.000       0.000
    SOFAS_24         0.000       0.000       0.000       0.000       0.000       0.000       0.000

 Variances
    I               -6.692      -1.311       1.441      15.814      30.187      32.939      38.320
    S                0.000       0.000       0.000       0.000       0.000       0.000       0.000
    Q                0.000       0.000       0.000       0.000       0.000       0.000       0.000

 Residual Variances
    SOFAS_0        106.793     112.919     116.053     132.419     148.786     151.920     158.046
    SOFAS_12       106.793     112.919     116.053     132.419     148.786     151.920     158.046
    SOFAS_24       106.793     112.919     116.053     132.419     148.786     151.920     158.046

Latent Class 2

 I        |
    SOFAS_0          1.000       1.000       1.000       1.000       1.000       1.000       1.000
    SOFAS_12         1.000       1.000       1.000       1.000       1.000       1.000       1.000
    SOFAS_24         1.000       1.000       1.000       1.000       1.000       1.000       1.000

 S        |
    SOFAS_0          0.000       0.000       0.000       0.000       0.000       0.000       0.000
    SOFAS_12        12.000      12.000      12.000      12.000      12.000      12.000      12.000
    SOFAS_24        24.000      24.000      24.000      24.000      24.000      24.000      24.000

 Q        |
    SOFAS_0          0.000       0.000       0.000       0.000       0.000       0.000       0.000
    SOFAS_12       144.000     144.000     144.000     144.000     144.000     144.000     144.000
    SOFAS_24       576.000     576.000     576.000     576.000     576.000     576.000     576.000

 I        WITH
    S                0.000       0.000       0.000       0.000       0.000       0.000       0.000
    Q                0.000       0.000       0.000       0.000       0.000       0.000       0.000

 S        WITH
    Q                0.000       0.000       0.000       0.000       0.000       0.000       0.000

 Means
    I               33.559      34.248      34.601      36.441      38.281      38.634      39.323
    S                0.866       1.002       1.071       1.434       1.797       1.866       2.002
    Q               -0.062      -0.056      -0.053      -0.037      -0.022      -0.019      -0.013

 Intercepts
    SOFAS_0          0.000       0.000       0.000       0.000       0.000       0.000       0.000
    SOFAS_12         0.000       0.000       0.000       0.000       0.000       0.000       0.000
    SOFAS_24         0.000       0.000       0.000       0.000       0.000       0.000       0.000

 Variances
    I               -6.692      -1.311       1.441      15.814      30.187      32.939      38.320
    S                0.000       0.000       0.000       0.000       0.000       0.000       0.000
    Q                0.000       0.000       0.000       0.000       0.000       0.000       0.000

 Residual Variances
    SOFAS_0        106.793     112.919     116.053     132.419     148.786     151.920     158.046
    SOFAS_12       106.793     112.919     116.053     132.419     148.786     151.920     158.046
    SOFAS_24       106.793     112.919     116.053     132.419     148.786     151.920     158.046

Categorical Latent Variables

 Means
    C#1             -0.211      -0.106      -0.052       0.228       0.508       0.562       0.667


CONFIDENCE INTERVALS OF STANDARDIZED MODEL RESULTS


STDYX Standardization

                  Lower .5%  Lower 2.5%    Lower 5%    Estimate    Upper 5%  Upper 2.5%   Upper .5%

Latent Class 1

 I        |
    SOFAS_0          0.102       0.156       0.183       0.327       0.470       0.498       0.551
    SOFAS_12         0.102       0.156       0.183       0.327       0.470       0.498       0.551
    SOFAS_24         0.102       0.156       0.183       0.327       0.470       0.498       0.551

 S        |
    SOFAS_0        999.000     999.000     999.000     999.000     999.000     999.000     999.000
    SOFAS_12       999.000     999.000     999.000     999.000     999.000     999.000     999.000
    SOFAS_24       999.000     999.000     999.000     999.000     999.000     999.000     999.000

 Q        |
    SOFAS_0        999.000     999.000     999.000     999.000     999.000     999.000     999.000
    SOFAS_12       999.000     999.000     999.000     999.000     999.000     999.000     999.000
    SOFAS_24       999.000     999.000     999.000     999.000     999.000     999.000     999.000

 I        WITH
    S              999.000     999.000     999.000     999.000     999.000     999.000     999.000
    Q              999.000     999.000     999.000     999.000     999.000     999.000     999.000

 S        WITH
    Q              999.000     999.000     999.000     999.000     999.000     999.000     999.000

 Means
    I                2.910       4.847       5.837      11.010      16.183      17.174      19.110
    S              999.000     999.000     999.000     999.000     999.000     999.000     999.000
    Q              999.000     999.000     999.000     999.000     999.000     999.000     999.000

 Intercepts
    SOFAS_0          0.000       0.000       0.000       0.000       0.000       0.000       0.000
    SOFAS_12         0.000       0.000       0.000       0.000       0.000       0.000       0.000
    SOFAS_24         0.000       0.000       0.000       0.000       0.000       0.000       0.000

 Variances
    I                1.000       1.000       1.000       1.000       1.000       1.000       1.000
    S              999.000     999.000     999.000     999.000     999.000     999.000     999.000
    Q              999.000     999.000     999.000     999.000     999.000     999.000     999.000

 Residual Variances
    SOFAS_0          0.746       0.782       0.800       0.893       0.987       1.005       1.040
    SOFAS_12         0.746       0.782       0.800       0.893       0.987       1.005       1.040
    SOFAS_24         0.746       0.782       0.800       0.893       0.987       1.005       1.040

Latent Class 2

 I        |
    SOFAS_0          0.102       0.156       0.183       0.327       0.470       0.498       0.551
    SOFAS_12         0.102       0.156       0.183       0.327       0.470       0.498       0.551
    SOFAS_24         0.102       0.156       0.183       0.327       0.470       0.498       0.551

 S        |
    SOFAS_0        999.000     999.000     999.000     999.000     999.000     999.000     999.000
    SOFAS_12       999.000     999.000     999.000     999.000     999.000     999.000     999.000
    SOFAS_24       999.000     999.000     999.000     999.000     999.000     999.000     999.000

 Q        |
    SOFAS_0        999.000     999.000     999.000     999.000     999.000     999.000     999.000
    SOFAS_12       999.000     999.000     999.000     999.000     999.000     999.000     999.000
    SOFAS_24       999.000     999.000     999.000     999.000     999.000     999.000     999.000

 I        WITH
    S              999.000     999.000     999.000     999.000     999.000     999.000     999.000
    Q              999.000     999.000     999.000     999.000     999.000     999.000     999.000

 S        WITH
    Q              999.000     999.000     999.000     999.000     999.000     999.000     999.000

 Means
    I                2.934       4.423       5.185       9.164      13.142      13.904      15.394
    S              999.000     999.000     999.000     999.000     999.000     999.000     999.000
    Q              999.000     999.000     999.000     999.000     999.000     999.000     999.000

 Intercepts
    SOFAS_0          0.000       0.000       0.000       0.000       0.000       0.000       0.000
    SOFAS_12         0.000       0.000       0.000       0.000       0.000       0.000       0.000
    SOFAS_24         0.000       0.000       0.000       0.000       0.000       0.000       0.000

 Variances
    I                1.000       1.000       1.000       1.000       1.000       1.000       1.000
    S              999.000     999.000     999.000     999.000     999.000     999.000     999.000
    Q              999.000     999.000     999.000     999.000     999.000     999.000     999.000

 Residual Variances
    SOFAS_0          0.746       0.782       0.800       0.893       0.987       1.005       1.040
    SOFAS_12         0.746       0.782       0.800       0.893       0.987       1.005       1.040
    SOFAS_24         0.746       0.782       0.800       0.893       0.987       1.005       1.040


STDY Standardization

                  Lower .5%  Lower 2.5%    Lower 5%    Estimate    Upper 5%  Upper 2.5%   Upper .5%

Latent Class 1

 I        |
    SOFAS_0          0.102       0.156       0.183       0.327       0.470       0.498       0.551
    SOFAS_12         0.102       0.156       0.183       0.327       0.470       0.498       0.551
    SOFAS_24         0.102       0.156       0.183       0.327       0.470       0.498       0.551

 S        |
    SOFAS_0        999.000     999.000     999.000     999.000     999.000     999.000     999.000
    SOFAS_12       999.000     999.000     999.000     999.000     999.000     999.000     999.000
    SOFAS_24       999.000     999.000     999.000     999.000     999.000     999.000     999.000

 Q        |
    SOFAS_0        999.000     999.000     999.000     999.000     999.000     999.000     999.000
    SOFAS_12       999.000     999.000     999.000     999.000     999.000     999.000     999.000
    SOFAS_24       999.000     999.000     999.000     999.000     999.000     999.000     999.000

 I        WITH
    S              999.000     999.000     999.000     999.000     999.000     999.000     999.000
    Q              999.000     999.000     999.000     999.000     999.000     999.000     999.000

 S        WITH
    Q              999.000     999.000     999.000     999.000     999.000     999.000     999.000

 Means
    I                2.910       4.847       5.837      11.010      16.183      17.174      19.110
    S              999.000     999.000     999.000     999.000     999.000     999.000     999.000
    Q              999.000     999.000     999.000     999.000     999.000     999.000     999.000

 Intercepts
    SOFAS_0          0.000       0.000       0.000       0.000       0.000       0.000       0.000
    SOFAS_12         0.000       0.000       0.000       0.000       0.000       0.000       0.000
    SOFAS_24         0.000       0.000       0.000       0.000       0.000       0.000       0.000

 Variances
    I                1.000       1.000       1.000       1.000       1.000       1.000       1.000
    S              999.000     999.000     999.000     999.000     999.000     999.000     999.000
    Q              999.000     999.000     999.000     999.000     999.000     999.000     999.000

 Residual Variances
    SOFAS_0          0.746       0.782       0.800       0.893       0.987       1.005       1.040
    SOFAS_12         0.746       0.782       0.800       0.893       0.987       1.005       1.040
    SOFAS_24         0.746       0.782       0.800       0.893       0.987       1.005       1.040

Latent Class 2

 I        |
    SOFAS_0          0.102       0.156       0.183       0.327       0.470       0.498       0.551
    SOFAS_12         0.102       0.156       0.183       0.327       0.470       0.498       0.551
    SOFAS_24         0.102       0.156       0.183       0.327       0.470       0.498       0.551

 S        |
    SOFAS_0        999.000     999.000     999.000     999.000     999.000     999.000     999.000
    SOFAS_12       999.000     999.000     999.000     999.000     999.000     999.000     999.000
    SOFAS_24       999.000     999.000     999.000     999.000     999.000     999.000     999.000

 Q        |
    SOFAS_0        999.000     999.000     999.000     999.000     999.000     999.000     999.000
    SOFAS_12       999.000     999.000     999.000     999.000     999.000     999.000     999.000
    SOFAS_24       999.000     999.000     999.000     999.000     999.000     999.000     999.000

 I        WITH
    S              999.000     999.000     999.000     999.000     999.000     999.000     999.000
    Q              999.000     999.000     999.000     999.000     999.000     999.000     999.000

 S        WITH
    Q              999.000     999.000     999.000     999.000     999.000     999.000     999.000

 Means
    I                2.934       4.423       5.185       9.164      13.142      13.904      15.394
    S              999.000     999.000     999.000     999.000     999.000     999.000     999.000
    Q              999.000     999.000     999.000     999.000     999.000     999.000     999.000

 Intercepts
    SOFAS_0          0.000       0.000       0.000       0.000       0.000       0.000       0.000
    SOFAS_12         0.000       0.000       0.000       0.000       0.000       0.000       0.000
    SOFAS_24         0.000       0.000       0.000       0.000       0.000       0.000       0.000

 Variances
    I                1.000       1.000       1.000       1.000       1.000       1.000       1.000
    S              999.000     999.000     999.000     999.000     999.000     999.000     999.000
    Q              999.000     999.000     999.000     999.000     999.000     999.000     999.000

 Residual Variances
    SOFAS_0          0.746       0.782       0.800       0.893       0.987       1.005       1.040
    SOFAS_12         0.746       0.782       0.800       0.893       0.987       1.005       1.040
    SOFAS_24         0.746       0.782       0.800       0.893       0.987       1.005       1.040


STD Standardization

                  Lower .5%  Lower 2.5%    Lower 5%    Estimate    Upper 5%  Upper 2.5%   Upper .5%

Latent Class 1

 I        |
    SOFAS_0          1.147       1.823       2.170       3.977       5.784       6.130       6.806
    SOFAS_12         1.147       1.823       2.170       3.977       5.784       6.130       6.806
    SOFAS_24         1.147       1.823       2.170       3.977       5.784       6.130       6.806

 S        |
    SOFAS_0        999.000     999.000     999.000     999.000     999.000     999.000     999.000
    SOFAS_12       999.000     999.000     999.000     999.000     999.000     999.000     999.000
    SOFAS_24       999.000     999.000     999.000     999.000     999.000     999.000     999.000

 Q        |
    SOFAS_0        999.000     999.000     999.000     999.000     999.000     999.000     999.000
    SOFAS_12       999.000     999.000     999.000     999.000     999.000     999.000     999.000
    SOFAS_24       999.000     999.000     999.000     999.000     999.000     999.000     999.000

 I        WITH
    S              999.000     999.000     999.000     999.000     999.000     999.000     999.000
    Q              999.000     999.000     999.000     999.000     999.000     999.000     999.000

 S        WITH
    Q              999.000     999.000     999.000     999.000     999.000     999.000     999.000

 Means
    I                2.910       4.847       5.837      11.010      16.183      17.174      19.110
    S              999.000     999.000     999.000     999.000     999.000     999.000     999.000
    Q              999.000     999.000     999.000     999.000     999.000     999.000     999.000

 Intercepts
    SOFAS_0          0.000       0.000       0.000       0.000       0.000       0.000       0.000
    SOFAS_12         0.000       0.000       0.000       0.000       0.000       0.000       0.000
    SOFAS_24         0.000       0.000       0.000       0.000       0.000       0.000       0.000

 Variances
    I                1.000       1.000       1.000       1.000       1.000       1.000       1.000
    S              999.000     999.000     999.000     999.000     999.000     999.000     999.000
    Q              999.000     999.000     999.000     999.000     999.000     999.000     999.000

 Residual Variances
    SOFAS_0        106.793     112.919     116.053     132.419     148.786     151.920     158.046
    SOFAS_12       106.793     112.919     116.053     132.419     148.786     151.920     158.046
    SOFAS_24       106.793     112.919     116.053     132.419     148.786     151.920     158.046

Latent Class 2

 I        |
    SOFAS_0          1.147       1.823       2.170       3.977       5.784       6.130       6.806
    SOFAS_12         1.147       1.823       2.170       3.977       5.784       6.130       6.806
    SOFAS_24         1.147       1.823       2.170       3.977       5.784       6.130       6.806

 S        |
    SOFAS_0        999.000     999.000     999.000     999.000     999.000     999.000     999.000
    SOFAS_12       999.000     999.000     999.000     999.000     999.000     999.000     999.000
    SOFAS_24       999.000     999.000     999.000     999.000     999.000     999.000     999.000

 Q        |
    SOFAS_0        999.000     999.000     999.000     999.000     999.000     999.000     999.000
    SOFAS_12       999.000     999.000     999.000     999.000     999.000     999.000     999.000
    SOFAS_24       999.000     999.000     999.000     999.000     999.000     999.000     999.000

 I        WITH
    S              999.000     999.000     999.000     999.000     999.000     999.000     999.000
    Q              999.000     999.000     999.000     999.000     999.000     999.000     999.000

 S        WITH
    Q              999.000     999.000     999.000     999.000     999.000     999.000     999.000

 Means
    I                2.934       4.423       5.185       9.164      13.142      13.904      15.394
    S              999.000     999.000     999.000     999.000     999.000     999.000     999.000
    Q              999.000     999.000     999.000     999.000     999.000     999.000     999.000

 Intercepts
    SOFAS_0          0.000       0.000       0.000       0.000       0.000       0.000       0.000
    SOFAS_12         0.000       0.000       0.000       0.000       0.000       0.000       0.000
    SOFAS_24         0.000       0.000       0.000       0.000       0.000       0.000       0.000

 Variances
    I                1.000       1.000       1.000       1.000       1.000       1.000       1.000
    S              999.000     999.000     999.000     999.000     999.000     999.000     999.000
    Q              999.000     999.000     999.000     999.000     999.000     999.000     999.000

 Residual Variances
    SOFAS_0        106.793     112.919     116.053     132.419     148.786     151.920     158.046
    SOFAS_12       106.793     112.919     116.053     132.419     148.786     151.920     158.046
    SOFAS_24       106.793     112.919     116.053     132.419     148.786     151.920     158.046


TECHNICAL 7 OUTPUT


     SAMPLE STATISTICS WEIGHTED BY ESTIMATED CLASS PROBABILITIES FOR CLASS 1


           Means
              SOFAS_0       SOFAS_12      SOFAS_24
              ________      ________      ________
               43.800        72.323        76.056


           Covariances
              SOFAS_0       SOFAS_12      SOFAS_24
              ________      ________      ________
 SOFAS_0      173.775
 SOFAS_12      28.639       141.732
 SOFAS_24    -100.564         6.498       132.993


     SAMPLE STATISTICS WEIGHTED BY ESTIMATED CLASS PROBABILITIES FOR CLASS 2


           Means
              SOFAS_0       SOFAS_12      SOFAS_24
              ________      ________      ________
               36.437        48.308        49.242


           Covariances
              SOFAS_0       SOFAS_12      SOFAS_24
              ________      ________      ________
 SOFAS_0      123.174
 SOFAS_12      37.247       145.264
 SOFAS_24      12.448       -30.486       169.819


TECHNICAL 11 OUTPUT

     Random Starts Specifications for the k-1 Class Analysis Model
        Number of initial stage random starts                 500
        Number of final stage optimizations                   125



     VUONG-LO-MENDELL-RUBIN LIKELIHOOD RATIO TEST FOR 1 (H0) VERSUS 2 CLASSES

          H0 Loglikelihood Value                        -3850.482
          2 Times the Loglikelihood Difference             93.077
          Difference in the Number of Parameters                4
          Mean                                              4.720
          Standard Deviation                                4.630
          P-Value                                          0.0000

     LO-MENDELL-RUBIN ADJUSTED LRT TEST

          Value                                            89.298
          P-Value                                          0.0000


SAVEDATA INFORMATION


  Save file
    GMM_CI_is@0q@0_FIX_CP.dat

  Order and format of variables

    SOFAS_0        F10.3
    SOFAS_12       F10.3
    SOFAS_24       F10.3
    CPROB1         F10.3
    CPROB2         F10.3
    C              F10.3
    PIN            I4

  Save file format
    6F10.3 I4

  Save file record length    10000

  Save missing symbol        *


     Beginning Time:  15:43:21
        Ending Time:  15:43:25
       Elapsed Time:  00:00:04



MUTHEN & MUTHEN
3463 Stoner Ave.
Los Angeles, CA  90066

Tel: (310) 391-9971
Fax: (310) 391-8971
Web: www.StatModel.com
Support: Support@StatModel.com

Copyright (c) 1998-2021 Muthen & Muthen
