Mplus VERSION 8.6 (Mac)
MUTHEN & MUTHEN
07/18/2023   3:43 PM

INPUT INSTRUCTIONS

  TITLE:
  GMM_CI_is@0q@0_CT
  DATA:
  FILE = "/Users/olivierpercie/Desktop/MplusLGM/SOFAS/Results/GMM/CI/is@0q@0/GMM4.dat";

  VARIABLE:
  NAMES = pin SOFAS_0 SOFAS_12 SOFAS_24;
   MISSING=.;
   USEVAR = SOFAS_0 SOFAS_12 SOFAS_24;
  IDVAR = pin;
  CLASSES = c(2);
  ANALYSIS:
  TYPE = MIXTURE;
  STARTS = 1000 250;
  K-1STARTS = 500 125;
  PROCESSORS = 8;
  MODEL:
  %OVERALL%
  i s q | SOFAS_0@0 SOFAS_12@12 SOFAS_24@24;
  i s@0 q@0;
  i WITH s q;
  s WITH q;
  SOFAS_0 SOFAS_12 SOFAS_24;
  %C#1%
  SOFAS_0 (1);
  SOFAS_12 (2);
  SOFAS_24 (3);
  %C#2%
  SOFAS_0 (4);
  SOFAS_12 (5);
  SOFAS_24 (6);
  OUTPUT:
  TECH7;
  TECH11;
  SAMPSTAT;
  STANDARDIZED;
  CINTERVAL;
  SAVEDATA:
  FILE = GMM_CI_is@0q@0_CT_CP.dat;
  SAVE = CPROBABILITIES;



*** WARNING in MODEL command
  All continuous latent variable covariances involving S have been fixed to 0
  because the variance of S is fixed at 0.
*** WARNING in MODEL command
  All continuous latent variable covariances involving Q have been fixed to 0
  because the variance of Q is fixed at 0.
   2 WARNING(S) FOUND IN THE INPUT INSTRUCTIONS




GMM_CI_is@0q@0_CT

SUMMARY OF ANALYSIS

Number of groups                                                 1
Number of observations                                         368

Number of dependent variables                                    3
Number of independent variables                                  0
Number of continuous latent variables                            3
Number of categorical latent variables                           1

Observed dependent variables

  Continuous
   SOFAS_0     SOFAS_12    SOFAS_24

Continuous latent variables
   I           S           Q

Categorical latent variables
   C

Variables with special functions

  ID variable           PIN

Estimator                                                      MLR
Information matrix                                        OBSERVED
Optimization Specifications for the Quasi-Newton Algorithm for
Continuous Outcomes
  Maximum number of iterations                                 100
  Convergence criterion                                  0.100D-05
Optimization Specifications for the EM Algorithm
  Maximum number of iterations                                 500
  Convergence criteria
    Loglikelihood change                                 0.100D-06
    Relative loglikelihood change                        0.100D-06
    Derivative                                           0.100D-05
Optimization Specifications for the M step of the EM Algorithm for
Categorical Latent variables
  Number of M step iterations                                    1
  M step convergence criterion                           0.100D-05
  Basis for M step termination                           ITERATION
Optimization Specifications for the M step of the EM Algorithm for
Censored, Binary or Ordered Categorical (Ordinal), Unordered
Categorical (Nominal) and Count Outcomes
  Number of M step iterations                                    1
  M step convergence criterion                           0.100D-05
  Basis for M step termination                           ITERATION
  Maximum value for logit thresholds                            15
  Minimum value for logit thresholds                           -15
  Minimum expected cell size for chi-square              0.100D-01
Maximum number of iterations for H1                           2000
Convergence criterion for H1                             0.100D-03
Optimization algorithm                                         EMA
Random Starts Specifications
  Number of initial stage random starts                       1000
  Number of final stage optimizations                          250
  Number of initial stage iterations                            10
  Initial stage convergence criterion                    0.100D+01
  Random starts scale                                    0.500D+01
  Random seed for generating random starts                       0

Input data file(s)
  /Users/olivierpercie/Desktop/MplusLGM/SOFAS/Results/GMM/CI/is@0q@0/GMM4.dat
Input data format  FREE


SUMMARY OF DATA

     Number of missing data patterns             4
     Number of y missing data patterns           4
     Number of u missing data patterns           0


COVARIANCE COVERAGE OF DATA

Minimum covariance coverage value   0.100


     PROPORTION OF DATA PRESENT FOR Y


           Covariance Coverage
              SOFAS_0       SOFAS_12      SOFAS_24
              ________      ________      ________
 SOFAS_0        0.978
 SOFAS_12       0.894         0.916
 SOFAS_24       0.617         0.554         0.639


SAMPLE STATISTICS


     ESTIMATED SAMPLE STATISTICS


           Means
              SOFAS_0       SOFAS_12      SOFAS_24
              ________      ________      ________
               40.525        61.693        64.186


           Covariances
              SOFAS_0       SOFAS_12      SOFAS_24
              ________      ________      ________
 SOFAS_0      164.686
 SOFAS_12      62.760       287.063
 SOFAS_24      49.448       181.208       323.994


           Correlations
              SOFAS_0       SOFAS_12      SOFAS_24
              ________      ________      ________
 SOFAS_0        1.000
 SOFAS_12       0.289         1.000
 SOFAS_24       0.214         0.594         1.000


     MAXIMUM LOG-LIKELIHOOD VALUE FOR THE UNRESTRICTED (H1) MODEL IS -3814.311


UNIVARIATE SAMPLE STATISTICS


     UNIVARIATE HIGHER-ORDER MOMENT DESCRIPTIVE STATISTICS

         Variable/         Mean/     Skewness/   Minimum/ % with                Percentiles
        Sample Size      Variance    Kurtosis    Maximum  Min/Max      20%/60%    40%/80%    Median

     SOFAS_0              40.542       0.655      15.000    0.28%      30.000     35.000     40.000
             360.000     164.759       0.120      85.000    0.28%      41.000     51.000
     SOFAS_12             61.745      -0.142      22.000    0.30%      45.000     55.000     61.000
             337.000     285.419      -0.868      95.000    0.30%      68.000     80.000
     SOFAS_24             63.502      -0.263       5.000    0.43%      49.000     60.000     65.000
             235.000     329.246      -0.620     100.000    0.85%      70.000     80.000

RANDOM STARTS RESULTS RANKED FROM THE BEST TO THE WORST LOGLIKELIHOOD VALUES


15 perturbed starting value run(s) did not converge or were rejected in the third stage.
Final stage loglikelihood values at local maxima, seeds, and initial stage start numbers:

           -3795.907  926283           269
           -3795.907  638977           643
           -3795.907  618000           190
           -3795.907  773195           849
           -3795.907  898745           466
           -3795.907  966499           963
           -3795.907  891347           504
           -3795.907  887676           22
           -3795.907  379729           512
           -3795.907  824126           287
           -3795.907  92689            304
           -3795.907  193042           316
           -3795.907  780698           337
           -3795.907  411615           171
           -3795.907  917702           693
           -3795.907  273992           349
           -3795.907  231400           738
           -3795.907  792389           746
           -3795.907  569338           755
           -3795.907  354208           196
           -3795.907  710445           792
           -3795.907  915107           54
           -3795.907  622290           880
           -3795.907  125727           899
           -3795.907  170118           238
           -3795.907  392751           480
           -3795.907  59674            240
           -3795.907  335485           496
           -3795.907  165853           105
           -3795.907  7959             256
           -3795.907  72866            692
           -3795.907  195353           225
           -3795.907  679448           937
           -3795.907  100874           108
           -3795.907  782200           84
           -3795.907  352277           42
           -3795.907  945065           255
           -3795.907  685268           596
           -3795.978  84013            598
           -3795.978  529455           268
           -3795.978  855760           593
           -3795.978  166851           638
           -3795.978  148918           682
           -3795.978  848969           173
           -3795.978  153053           378
           -3795.978  746978           410
           -3795.978  323588           826
           -3795.978  384199           882
           -3795.978  68850            462
           -3795.978  123985           248
           -3795.978  396614           918
           -3816.929  62835            642
           -3828.183  544009           842

197 perturbed starting value run(s) did not converge or were rejected in the third stage.



THE BEST LOGLIKELIHOOD VALUE HAS BEEN REPLICATED.  RERUN WITH AT LEAST TWICE THE
RANDOM STARTS TO CHECK THAT THE BEST LOGLIKELIHOOD IS STILL OBTAINED AND REPLICATED.


THE MODEL ESTIMATION TERMINATED NORMALLY



MODEL FIT INFORMATION

Number of Free Parameters                       14

Loglikelihood

          H0 Value                       -3795.907
          H0 Scaling Correction Factor      1.5894
            for MLR

Information Criteria

          Akaike (AIC)                    7619.814
          Bayesian (BIC)                  7674.527
          Sample-Size Adjusted BIC        7630.110
            (n* = (n + 2) / 24)



FINAL CLASS COUNTS AND PROPORTIONS FOR THE LATENT CLASSES
BASED ON THE ESTIMATED MODEL

    Latent
   Classes

       1        148.04605          0.40230
       2        219.95395          0.59770


FINAL CLASS COUNTS AND PROPORTIONS FOR THE LATENT CLASSES
BASED ON ESTIMATED POSTERIOR PROBABILITIES

    Latent
   Classes

       1        148.04605          0.40230
       2        219.95395          0.59770


FINAL CLASS COUNTS AND PROPORTIONS FOR THE LATENT CLASSES
BASED ON THEIR MOST LIKELY LATENT CLASS MEMBERSHIP

Class Counts and Proportions

    Latent
   Classes

       1              149          0.40489
       2              219          0.59511


CLASSIFICATION QUALITY

     Entropy                         0.635


Average Latent Class Probabilities for Most Likely Latent Class Membership (Row)
by Latent Class (Column)

           1        2

    1   0.862    0.138
    2   0.090    0.910


Classification Probabilities for the Most Likely Latent Class Membership (Column)
by Latent Class (Row)

           1        2

    1   0.868    0.132
    2   0.093    0.907


Logits for the Classification Probabilities for the Most Likely Latent Class Membership (Column)
by Latent Class (Row)

              1        2

    1      1.880    0.000
    2     -2.272    0.000


MODEL RESULTS

                                                    Two-Tailed
                    Estimate       S.E.  Est./S.E.    P-Value

Latent Class 1

 I        |
    SOFAS_0            1.000      0.000    999.000    999.000
    SOFAS_12           1.000      0.000    999.000    999.000
    SOFAS_24           1.000      0.000    999.000    999.000

 S        |
    SOFAS_0            0.000      0.000    999.000    999.000
    SOFAS_12          12.000      0.000    999.000    999.000
    SOFAS_24          24.000      0.000    999.000    999.000

 Q        |
    SOFAS_0            0.000      0.000    999.000    999.000
    SOFAS_12         144.000      0.000    999.000    999.000
    SOFAS_24         576.000      0.000    999.000    999.000

 I        WITH
    S                  0.000      0.000    999.000    999.000
    Q                  0.000      0.000    999.000    999.000

 S        WITH
    Q                  0.000      0.000    999.000    999.000

 Means
    I                 44.704      2.298     19.454      0.000
    S                  3.696      1.015      3.640      0.000
    Q                 -0.092      0.034     -2.736      0.006

 Intercepts
    SOFAS_0            0.000      0.000    999.000    999.000
    SOFAS_12           0.000      0.000    999.000    999.000
    SOFAS_24           0.000      0.000    999.000    999.000

 Variances
    I                 21.380     24.001      0.891      0.373
    S                  0.000      0.000    999.000    999.000
    Q                  0.000      0.000    999.000    999.000

 Residual Variances
    SOFAS_0          181.601     26.854      6.762      0.000
    SOFAS_12          80.192     81.755      0.981      0.327
    SOFAS_24          60.923     59.739      1.020      0.308

Latent Class 2

 I        |
    SOFAS_0            1.000      0.000    999.000    999.000
    SOFAS_12           1.000      0.000    999.000    999.000
    SOFAS_24           1.000      0.000    999.000    999.000

 S        |
    SOFAS_0            0.000      0.000    999.000    999.000
    SOFAS_12          12.000      0.000    999.000    999.000
    SOFAS_24          24.000      0.000    999.000    999.000

 Q        |
    SOFAS_0            0.000      0.000    999.000    999.000
    SOFAS_12         144.000      0.000    999.000    999.000
    SOFAS_24         576.000      0.000    999.000    999.000

 I        WITH
    S                  0.000      0.000    999.000    999.000
    Q                  0.000      0.000    999.000    999.000

 S        WITH
    Q                  0.000      0.000    999.000    999.000

 Means
    I                 37.712      3.537     10.664      0.000
    S                  1.772      0.270      6.570      0.000
    Q                 -0.047      0.012     -4.011      0.000

 Intercepts
    SOFAS_0            0.000      0.000    999.000    999.000
    SOFAS_12           0.000      0.000    999.000    999.000
    SOFAS_24           0.000      0.000    999.000    999.000

 Variances
    I                 21.380     24.001      0.891      0.373
    S                  0.000      0.000    999.000    999.000
    Q                  0.000      0.000    999.000    999.000

 Residual Variances
    SOFAS_0          103.559     31.270      3.312      0.001
    SOFAS_12         161.494     30.202      5.347      0.000
    SOFAS_24         184.259     45.039      4.091      0.000

Categorical Latent Variables

 Means
    C#1               -0.396      0.754     -0.525      0.600


QUALITY OF NUMERICAL RESULTS

     Condition Number for the Information Matrix              0.189E-05
       (ratio of smallest to largest eigenvalue)


STANDARDIZED MODEL RESULTS


STDYX Standardization

                                                    Two-Tailed
                    Estimate       S.E.  Est./S.E.    P-Value

Latent Class 1

 I        |
    SOFAS_0            0.325      0.175      1.854      0.064
    SOFAS_12           0.459      0.379      1.210      0.226
    SOFAS_24           0.510      0.383      1.332      0.183

 S        |
    SOFAS_0          999.000    999.000    999.000    999.000
    SOFAS_12         999.000    999.000    999.000    999.000
    SOFAS_24         999.000    999.000    999.000    999.000

 Q        |
    SOFAS_0          999.000    999.000    999.000    999.000
    SOFAS_12         999.000    999.000    999.000    999.000
    SOFAS_24         999.000    999.000    999.000    999.000

 I        WITH
    S                999.000    999.000    999.000    999.000
    Q                999.000    999.000    999.000    999.000

 S        WITH
    Q                999.000    999.000    999.000    999.000

 Means
    I                  9.668      5.841      1.655      0.098
    S                999.000    999.000    999.000    999.000
    Q                999.000    999.000    999.000    999.000

 Intercepts
    SOFAS_0            0.000      0.000    999.000    999.000
    SOFAS_12           0.000      0.000    999.000    999.000
    SOFAS_24           0.000      0.000    999.000    999.000

 Variances
    I                  1.000      0.000    999.000    999.000
    S                999.000    999.000    999.000    999.000
    Q                999.000    999.000    999.000    999.000

 Residual Variances
    SOFAS_0            0.895      0.114      7.874      0.000
    SOFAS_12           0.790      0.348      2.269      0.023
    SOFAS_24           0.740      0.390      1.898      0.058

Latent Class 2

 I        |
    SOFAS_0            0.414      0.155      2.677      0.007
    SOFAS_12           0.342      0.181      1.892      0.059
    SOFAS_24           0.322      0.150      2.146      0.032

 S        |
    SOFAS_0          999.000    999.000    999.000    999.000
    SOFAS_12         999.000    999.000    999.000    999.000
    SOFAS_24         999.000    999.000    999.000    999.000

 Q        |
    SOFAS_0          999.000    999.000    999.000    999.000
    SOFAS_12         999.000    999.000    999.000    999.000
    SOFAS_24         999.000    999.000    999.000    999.000

 I        WITH
    S                999.000    999.000    999.000    999.000
    Q                999.000    999.000    999.000    999.000

 S        WITH
    Q                999.000    999.000    999.000    999.000

 Means
    I                  8.156      3.865      2.110      0.035
    S                999.000    999.000    999.000    999.000
    Q                999.000    999.000    999.000    999.000

 Intercepts
    SOFAS_0            0.000      0.000    999.000    999.000
    SOFAS_12           0.000      0.000    999.000    999.000
    SOFAS_24           0.000      0.000    999.000    999.000

 Variances
    I                  1.000      0.000    999.000    999.000
    S                999.000    999.000    999.000    999.000
    Q                999.000    999.000    999.000    999.000

 Residual Variances
    SOFAS_0            0.829      0.128      6.484      0.000
    SOFAS_12           0.883      0.124      7.144      0.000
    SOFAS_24           0.896      0.097      9.248      0.000


STDY Standardization

                                                    Two-Tailed
                    Estimate       S.E.  Est./S.E.    P-Value

Latent Class 1

 I        |
    SOFAS_0            0.325      0.175      1.854      0.064
    SOFAS_12           0.459      0.379      1.210      0.226
    SOFAS_24           0.510      0.383      1.332      0.183

 S        |
    SOFAS_0          999.000    999.000    999.000    999.000
    SOFAS_12         999.000    999.000    999.000    999.000
    SOFAS_24         999.000    999.000    999.000    999.000

 Q        |
    SOFAS_0          999.000    999.000    999.000    999.000
    SOFAS_12         999.000    999.000    999.000    999.000
    SOFAS_24         999.000    999.000    999.000    999.000

 I        WITH
    S                999.000    999.000    999.000    999.000
    Q                999.000    999.000    999.000    999.000

 S        WITH
    Q                999.000    999.000    999.000    999.000

 Means
    I                  9.668      5.841      1.655      0.098
    S                999.000    999.000    999.000    999.000
    Q                999.000    999.000    999.000    999.000

 Intercepts
    SOFAS_0            0.000      0.000    999.000    999.000
    SOFAS_12           0.000      0.000    999.000    999.000
    SOFAS_24           0.000      0.000    999.000    999.000

 Variances
    I                  1.000      0.000    999.000    999.000
    S                999.000    999.000    999.000    999.000
    Q                999.000    999.000    999.000    999.000

 Residual Variances
    SOFAS_0            0.895      0.114      7.874      0.000
    SOFAS_12           0.790      0.348      2.269      0.023
    SOFAS_24           0.740      0.390      1.898      0.058

Latent Class 2

 I        |
    SOFAS_0            0.414      0.155      2.677      0.007
    SOFAS_12           0.342      0.181      1.892      0.059
    SOFAS_24           0.322      0.150      2.146      0.032

 S        |
    SOFAS_0          999.000    999.000    999.000    999.000
    SOFAS_12         999.000    999.000    999.000    999.000
    SOFAS_24         999.000    999.000    999.000    999.000

 Q        |
    SOFAS_0          999.000    999.000    999.000    999.000
    SOFAS_12         999.000    999.000    999.000    999.000
    SOFAS_24         999.000    999.000    999.000    999.000

 I        WITH
    S                999.000    999.000    999.000    999.000
    Q                999.000    999.000    999.000    999.000

 S        WITH
    Q                999.000    999.000    999.000    999.000

 Means
    I                  8.156      3.865      2.110      0.035
    S                999.000    999.000    999.000    999.000
    Q                999.000    999.000    999.000    999.000

 Intercepts
    SOFAS_0            0.000      0.000    999.000    999.000
    SOFAS_12           0.000      0.000    999.000    999.000
    SOFAS_24           0.000      0.000    999.000    999.000

 Variances
    I                  1.000      0.000    999.000    999.000
    S                999.000    999.000    999.000    999.000
    Q                999.000    999.000    999.000    999.000

 Residual Variances
    SOFAS_0            0.829      0.128      6.484      0.000
    SOFAS_12           0.883      0.124      7.144      0.000
    SOFAS_24           0.896      0.097      9.248      0.000


STD Standardization

                                                    Two-Tailed
                    Estimate       S.E.  Est./S.E.    P-Value

Latent Class 1

 I        |
    SOFAS_0            4.624      2.595      1.782      0.075
    SOFAS_12           4.624      2.595      1.782      0.075
    SOFAS_24           4.624      2.595      1.782      0.075

 S        |
    SOFAS_0          999.000    999.000    999.000    999.000
    SOFAS_12         999.000    999.000    999.000    999.000
    SOFAS_24         999.000    999.000    999.000    999.000

 Q        |
    SOFAS_0          999.000    999.000    999.000    999.000
    SOFAS_12         999.000    999.000    999.000    999.000
    SOFAS_24         999.000    999.000    999.000    999.000

 I        WITH
    S                999.000    999.000    999.000    999.000
    Q                999.000    999.000    999.000    999.000

 S        WITH
    Q                999.000    999.000    999.000    999.000

 Means
    I                  9.668      5.841      1.655      0.098
    S                999.000    999.000    999.000    999.000
    Q                999.000    999.000    999.000    999.000

 Intercepts
    SOFAS_0            0.000      0.000    999.000    999.000
    SOFAS_12           0.000      0.000    999.000    999.000
    SOFAS_24           0.000      0.000    999.000    999.000

 Variances
    I                  1.000      0.000    999.000    999.000
    S                999.000    999.000    999.000    999.000
    Q                999.000    999.000    999.000    999.000

 Residual Variances
    SOFAS_0          181.601     26.854      6.762      0.000
    SOFAS_12          80.192     81.755      0.981      0.327
    SOFAS_24          60.923     59.739      1.020      0.308

Latent Class 2

 I        |
    SOFAS_0            4.624      2.595      1.782      0.075
    SOFAS_12           4.624      2.595      1.782      0.075
    SOFAS_24           4.624      2.595      1.782      0.075

 S        |
    SOFAS_0          999.000    999.000    999.000    999.000
    SOFAS_12         999.000    999.000    999.000    999.000
    SOFAS_24         999.000    999.000    999.000    999.000

 Q        |
    SOFAS_0          999.000    999.000    999.000    999.000
    SOFAS_12         999.000    999.000    999.000    999.000
    SOFAS_24         999.000    999.000    999.000    999.000

 I        WITH
    S                999.000    999.000    999.000    999.000
    Q                999.000    999.000    999.000    999.000

 S        WITH
    Q                999.000    999.000    999.000    999.000

 Means
    I                  8.156      3.865      2.110      0.035
    S                999.000    999.000    999.000    999.000
    Q                999.000    999.000    999.000    999.000

 Intercepts
    SOFAS_0            0.000      0.000    999.000    999.000
    SOFAS_12           0.000      0.000    999.000    999.000
    SOFAS_24           0.000      0.000    999.000    999.000

 Variances
    I                  1.000      0.000    999.000    999.000
    S                999.000    999.000    999.000    999.000
    Q                999.000    999.000    999.000    999.000

 Residual Variances
    SOFAS_0          103.559     31.270      3.312      0.001
    SOFAS_12         161.494     30.202      5.347      0.000
    SOFAS_24         184.259     45.039      4.091      0.000


R-SQUARE

Class 1

    Observed                                        Two-Tailed
    Variable        Estimate       S.E.  Est./S.E.    P-Value

    SOFAS_0            0.105      0.114      0.927      0.354
    SOFAS_12           0.210      0.348      0.605      0.545
    SOFAS_24           0.260      0.390      0.666      0.505

Class 2

    Observed                                        Two-Tailed
    Variable        Estimate       S.E.  Est./S.E.    P-Value

    SOFAS_0            0.171      0.128      1.339      0.181
    SOFAS_12           0.117      0.124      0.946      0.344
    SOFAS_24           0.104      0.097      1.073      0.283


CONFIDENCE INTERVALS OF MODEL RESULTS

                  Lower .5%  Lower 2.5%    Lower 5%    Estimate    Upper 5%  Upper 2.5%   Upper .5%

Latent Class 1

 I        |
    SOFAS_0          1.000       1.000       1.000       1.000       1.000       1.000       1.000
    SOFAS_12         1.000       1.000       1.000       1.000       1.000       1.000       1.000
    SOFAS_24         1.000       1.000       1.000       1.000       1.000       1.000       1.000

 S        |
    SOFAS_0          0.000       0.000       0.000       0.000       0.000       0.000       0.000
    SOFAS_12        12.000      12.000      12.000      12.000      12.000      12.000      12.000
    SOFAS_24        24.000      24.000      24.000      24.000      24.000      24.000      24.000

 Q        |
    SOFAS_0          0.000       0.000       0.000       0.000       0.000       0.000       0.000
    SOFAS_12       144.000     144.000     144.000     144.000     144.000     144.000     144.000
    SOFAS_24       576.000     576.000     576.000     576.000     576.000     576.000     576.000

 I        WITH
    S                0.000       0.000       0.000       0.000       0.000       0.000       0.000
    Q                0.000       0.000       0.000       0.000       0.000       0.000       0.000

 S        WITH
    Q                0.000       0.000       0.000       0.000       0.000       0.000       0.000

 Means
    I               38.785      40.200      40.924      44.704      48.484      49.208      50.623
    S                1.080       1.706       2.025       3.696       5.366       5.686       6.311
    Q               -0.179      -0.158      -0.148      -0.092      -0.037      -0.026      -0.005

 Intercepts
    SOFAS_0          0.000       0.000       0.000       0.000       0.000       0.000       0.000
    SOFAS_12         0.000       0.000       0.000       0.000       0.000       0.000       0.000
    SOFAS_24         0.000       0.000       0.000       0.000       0.000       0.000       0.000

 Variances
    I              -40.442     -25.662     -18.102      21.380      60.862      68.422      83.202
    S                0.000       0.000       0.000       0.000       0.000       0.000       0.000
    Q                0.000       0.000       0.000       0.000       0.000       0.000       0.000

 Residual Variances
    SOFAS_0        112.430     128.967     137.426     181.601     225.777     234.236     250.773
    SOFAS_12      -130.392     -80.048     -54.295      80.192     214.678     240.431     290.776
    SOFAS_24       -92.952     -56.165     -37.347      60.923     159.194     178.012     214.799

Latent Class 2

 I        |
    SOFAS_0          1.000       1.000       1.000       1.000       1.000       1.000       1.000
    SOFAS_12         1.000       1.000       1.000       1.000       1.000       1.000       1.000
    SOFAS_24         1.000       1.000       1.000       1.000       1.000       1.000       1.000

 S        |
    SOFAS_0          0.000       0.000       0.000       0.000       0.000       0.000       0.000
    SOFAS_12        12.000      12.000      12.000      12.000      12.000      12.000      12.000
    SOFAS_24        24.000      24.000      24.000      24.000      24.000      24.000      24.000

 Q        |
    SOFAS_0          0.000       0.000       0.000       0.000       0.000       0.000       0.000
    SOFAS_12       144.000     144.000     144.000     144.000     144.000     144.000     144.000
    SOFAS_24       576.000     576.000     576.000     576.000     576.000     576.000     576.000

 I        WITH
    S                0.000       0.000       0.000       0.000       0.000       0.000       0.000
    Q                0.000       0.000       0.000       0.000       0.000       0.000       0.000

 S        WITH
    Q                0.000       0.000       0.000       0.000       0.000       0.000       0.000

 Means
    I               28.602      30.780      31.894      37.712      43.529      44.643      46.821
    S                1.077       1.243       1.328       1.772       2.215       2.300       2.466
    Q               -0.077      -0.070      -0.066      -0.047      -0.028      -0.024      -0.017

 Intercepts
    SOFAS_0          0.000       0.000       0.000       0.000       0.000       0.000       0.000
    SOFAS_12         0.000       0.000       0.000       0.000       0.000       0.000       0.000
    SOFAS_24         0.000       0.000       0.000       0.000       0.000       0.000       0.000

 Variances
    I              -40.442     -25.662     -18.102      21.380      60.862      68.422      83.202
    S                0.000       0.000       0.000       0.000       0.000       0.000       0.000
    Q                0.000       0.000       0.000       0.000       0.000       0.000       0.000

 Residual Variances
    SOFAS_0         23.013      42.269      52.119     103.559     154.998     164.848     184.104
    SOFAS_12        83.700     102.298     111.812     161.494     211.176     220.689     239.288
    SOFAS_24        68.248      95.983     110.170     184.259     258.348     272.535     300.270

Categorical Latent Variables

 Means
    C#1             -2.338      -1.874      -1.636      -0.396       0.845       1.082       1.547


CONFIDENCE INTERVALS OF STANDARDIZED MODEL RESULTS


STDYX Standardization

                  Lower .5%  Lower 2.5%    Lower 5%    Estimate    Upper 5%  Upper 2.5%   Upper .5%

Latent Class 1

 I        |
    SOFAS_0         -0.126      -0.019       0.037       0.325       0.612       0.668       0.775
    SOFAS_12        -0.518      -0.284      -0.165       0.459       1.082       1.202       1.435
    SOFAS_24        -0.476      -0.240      -0.120       0.510       1.139       1.260       1.495

 S        |
    SOFAS_0        999.000     999.000     999.000     999.000     999.000     999.000     999.000
    SOFAS_12       999.000     999.000     999.000     999.000     999.000     999.000     999.000
    SOFAS_24       999.000     999.000     999.000     999.000     999.000     999.000     999.000

 Q        |
    SOFAS_0        999.000     999.000     999.000     999.000     999.000     999.000     999.000
    SOFAS_12       999.000     999.000     999.000     999.000     999.000     999.000     999.000
    SOFAS_24       999.000     999.000     999.000     999.000     999.000     999.000     999.000

 I        WITH
    S              999.000     999.000     999.000     999.000     999.000     999.000     999.000
    Q              999.000     999.000     999.000     999.000     999.000     999.000     999.000

 S        WITH
    Q              999.000     999.000     999.000     999.000     999.000     999.000     999.000

 Means
    I               -5.376      -1.780       0.060       9.668      19.276      21.116      24.712
    S              999.000     999.000     999.000     999.000     999.000     999.000     999.000
    Q              999.000     999.000     999.000     999.000     999.000     999.000     999.000

 Intercepts
    SOFAS_0          0.000       0.000       0.000       0.000       0.000       0.000       0.000
    SOFAS_12         0.000       0.000       0.000       0.000       0.000       0.000       0.000
    SOFAS_24         0.000       0.000       0.000       0.000       0.000       0.000       0.000

 Variances
    I                1.000       1.000       1.000       1.000       1.000       1.000       1.000
    S              999.000     999.000     999.000     999.000     999.000     999.000     999.000
    Q              999.000     999.000     999.000     999.000     999.000     999.000     999.000

 Residual Variances
    SOFAS_0          0.602       0.672       0.708       0.895       1.082       1.117       1.187
    SOFAS_12        -0.107       0.108       0.217       0.790       1.362       1.471       1.686
    SOFAS_24        -0.265      -0.024       0.099       0.740       1.382       1.505       1.745

Latent Class 2

 I        |
    SOFAS_0          0.016       0.111       0.160       0.414       0.668       0.716       0.812
    SOFAS_12        -0.124      -0.012       0.045       0.342       0.639       0.696       0.807
    SOFAS_24        -0.065       0.028       0.075       0.322       0.570       0.617       0.709

 S        |
    SOFAS_0        999.000     999.000     999.000     999.000     999.000     999.000     999.000
    SOFAS_12       999.000     999.000     999.000     999.000     999.000     999.000     999.000
    SOFAS_24       999.000     999.000     999.000     999.000     999.000     999.000     999.000

 Q        |
    SOFAS_0        999.000     999.000     999.000     999.000     999.000     999.000     999.000
    SOFAS_12       999.000     999.000     999.000     999.000     999.000     999.000     999.000
    SOFAS_24       999.000     999.000     999.000     999.000     999.000     999.000     999.000

 I        WITH
    S              999.000     999.000     999.000     999.000     999.000     999.000     999.000
    Q              999.000     999.000     999.000     999.000     999.000     999.000     999.000

 S        WITH
    Q              999.000     999.000     999.000     999.000     999.000     999.000     999.000

 Means
    I               -1.800       0.581       1.798       8.156      14.514      15.731      18.111
    S              999.000     999.000     999.000     999.000     999.000     999.000     999.000
    Q              999.000     999.000     999.000     999.000     999.000     999.000     999.000

 Intercepts
    SOFAS_0          0.000       0.000       0.000       0.000       0.000       0.000       0.000
    SOFAS_12         0.000       0.000       0.000       0.000       0.000       0.000       0.000
    SOFAS_24         0.000       0.000       0.000       0.000       0.000       0.000       0.000

 Variances
    I                1.000       1.000       1.000       1.000       1.000       1.000       1.000
    S              999.000     999.000     999.000     999.000     999.000     999.000     999.000
    Q              999.000     999.000     999.000     999.000     999.000     999.000     999.000

 Residual Variances
    SOFAS_0          0.500       0.578       0.619       0.829       1.039       1.079       1.158
    SOFAS_12         0.565       0.641       0.680       0.883       1.086       1.125       1.201
    SOFAS_24         0.646       0.706       0.737       0.896       1.055       1.086       1.146


STDY Standardization

                  Lower .5%  Lower 2.5%    Lower 5%    Estimate    Upper 5%  Upper 2.5%   Upper .5%

Latent Class 1

 I        |
    SOFAS_0         -0.126      -0.019       0.037       0.325       0.612       0.668       0.775
    SOFAS_12        -0.518      -0.284      -0.165       0.459       1.082       1.202       1.435
    SOFAS_24        -0.476      -0.240      -0.120       0.510       1.139       1.260       1.495

 S        |
    SOFAS_0        999.000     999.000     999.000     999.000     999.000     999.000     999.000
    SOFAS_12       999.000     999.000     999.000     999.000     999.000     999.000     999.000
    SOFAS_24       999.000     999.000     999.000     999.000     999.000     999.000     999.000

 Q        |
    SOFAS_0        999.000     999.000     999.000     999.000     999.000     999.000     999.000
    SOFAS_12       999.000     999.000     999.000     999.000     999.000     999.000     999.000
    SOFAS_24       999.000     999.000     999.000     999.000     999.000     999.000     999.000

 I        WITH
    S              999.000     999.000     999.000     999.000     999.000     999.000     999.000
    Q              999.000     999.000     999.000     999.000     999.000     999.000     999.000

 S        WITH
    Q              999.000     999.000     999.000     999.000     999.000     999.000     999.000

 Means
    I               -5.376      -1.780       0.060       9.668      19.276      21.116      24.712
    S              999.000     999.000     999.000     999.000     999.000     999.000     999.000
    Q              999.000     999.000     999.000     999.000     999.000     999.000     999.000

 Intercepts
    SOFAS_0          0.000       0.000       0.000       0.000       0.000       0.000       0.000
    SOFAS_12         0.000       0.000       0.000       0.000       0.000       0.000       0.000
    SOFAS_24         0.000       0.000       0.000       0.000       0.000       0.000       0.000

 Variances
    I                1.000       1.000       1.000       1.000       1.000       1.000       1.000
    S              999.000     999.000     999.000     999.000     999.000     999.000     999.000
    Q              999.000     999.000     999.000     999.000     999.000     999.000     999.000

 Residual Variances
    SOFAS_0          0.602       0.672       0.708       0.895       1.082       1.117       1.187
    SOFAS_12        -0.107       0.108       0.217       0.790       1.362       1.471       1.686
    SOFAS_24        -0.265      -0.024       0.099       0.740       1.382       1.505       1.745

Latent Class 2

 I        |
    SOFAS_0          0.016       0.111       0.160       0.414       0.668       0.716       0.812
    SOFAS_12        -0.124      -0.012       0.045       0.342       0.639       0.696       0.807
    SOFAS_24        -0.065       0.028       0.075       0.322       0.570       0.617       0.709

 S        |
    SOFAS_0        999.000     999.000     999.000     999.000     999.000     999.000     999.000
    SOFAS_12       999.000     999.000     999.000     999.000     999.000     999.000     999.000
    SOFAS_24       999.000     999.000     999.000     999.000     999.000     999.000     999.000

 Q        |
    SOFAS_0        999.000     999.000     999.000     999.000     999.000     999.000     999.000
    SOFAS_12       999.000     999.000     999.000     999.000     999.000     999.000     999.000
    SOFAS_24       999.000     999.000     999.000     999.000     999.000     999.000     999.000

 I        WITH
    S              999.000     999.000     999.000     999.000     999.000     999.000     999.000
    Q              999.000     999.000     999.000     999.000     999.000     999.000     999.000

 S        WITH
    Q              999.000     999.000     999.000     999.000     999.000     999.000     999.000

 Means
    I               -1.800       0.581       1.798       8.156      14.514      15.731      18.111
    S              999.000     999.000     999.000     999.000     999.000     999.000     999.000
    Q              999.000     999.000     999.000     999.000     999.000     999.000     999.000

 Intercepts
    SOFAS_0          0.000       0.000       0.000       0.000       0.000       0.000       0.000
    SOFAS_12         0.000       0.000       0.000       0.000       0.000       0.000       0.000
    SOFAS_24         0.000       0.000       0.000       0.000       0.000       0.000       0.000

 Variances
    I                1.000       1.000       1.000       1.000       1.000       1.000       1.000
    S              999.000     999.000     999.000     999.000     999.000     999.000     999.000
    Q              999.000     999.000     999.000     999.000     999.000     999.000     999.000

 Residual Variances
    SOFAS_0          0.500       0.578       0.619       0.829       1.039       1.079       1.158
    SOFAS_12         0.565       0.641       0.680       0.883       1.086       1.125       1.201
    SOFAS_24         0.646       0.706       0.737       0.896       1.055       1.086       1.146


STD Standardization

                  Lower .5%  Lower 2.5%    Lower 5%    Estimate    Upper 5%  Upper 2.5%   Upper .5%

Latent Class 1

 I        |
    SOFAS_0         -2.061      -0.463       0.354       4.624       8.893       9.711      11.309
    SOFAS_12        -2.061      -0.463       0.354       4.624       8.893       9.711      11.309
    SOFAS_24        -2.061      -0.463       0.354       4.624       8.893       9.711      11.309

 S        |
    SOFAS_0        999.000     999.000     999.000     999.000     999.000     999.000     999.000
    SOFAS_12       999.000     999.000     999.000     999.000     999.000     999.000     999.000
    SOFAS_24       999.000     999.000     999.000     999.000     999.000     999.000     999.000

 Q        |
    SOFAS_0        999.000     999.000     999.000     999.000     999.000     999.000     999.000
    SOFAS_12       999.000     999.000     999.000     999.000     999.000     999.000     999.000
    SOFAS_24       999.000     999.000     999.000     999.000     999.000     999.000     999.000

 I        WITH
    S              999.000     999.000     999.000     999.000     999.000     999.000     999.000
    Q              999.000     999.000     999.000     999.000     999.000     999.000     999.000

 S        WITH
    Q              999.000     999.000     999.000     999.000     999.000     999.000     999.000

 Means
    I               -5.376      -1.780       0.060       9.668      19.276      21.116      24.712
    S              999.000     999.000     999.000     999.000     999.000     999.000     999.000
    Q              999.000     999.000     999.000     999.000     999.000     999.000     999.000

 Intercepts
    SOFAS_0          0.000       0.000       0.000       0.000       0.000       0.000       0.000
    SOFAS_12         0.000       0.000       0.000       0.000       0.000       0.000       0.000
    SOFAS_24         0.000       0.000       0.000       0.000       0.000       0.000       0.000

 Variances
    I                1.000       1.000       1.000       1.000       1.000       1.000       1.000
    S              999.000     999.000     999.000     999.000     999.000     999.000     999.000
    Q              999.000     999.000     999.000     999.000     999.000     999.000     999.000

 Residual Variances
    SOFAS_0        112.430     128.967     137.426     181.601     225.777     234.236     250.773
    SOFAS_12      -130.392     -80.048     -54.295      80.192     214.678     240.431     290.776
    SOFAS_24       -92.952     -56.165     -37.347      60.923     159.194     178.012     214.799

Latent Class 2

 I        |
    SOFAS_0         -2.061      -0.463       0.354       4.624       8.893       9.711      11.309
    SOFAS_12        -2.061      -0.463       0.354       4.624       8.893       9.711      11.309
    SOFAS_24        -2.061      -0.463       0.354       4.624       8.893       9.711      11.309

 S        |
    SOFAS_0        999.000     999.000     999.000     999.000     999.000     999.000     999.000
    SOFAS_12       999.000     999.000     999.000     999.000     999.000     999.000     999.000
    SOFAS_24       999.000     999.000     999.000     999.000     999.000     999.000     999.000

 Q        |
    SOFAS_0        999.000     999.000     999.000     999.000     999.000     999.000     999.000
    SOFAS_12       999.000     999.000     999.000     999.000     999.000     999.000     999.000
    SOFAS_24       999.000     999.000     999.000     999.000     999.000     999.000     999.000

 I        WITH
    S              999.000     999.000     999.000     999.000     999.000     999.000     999.000
    Q              999.000     999.000     999.000     999.000     999.000     999.000     999.000

 S        WITH
    Q              999.000     999.000     999.000     999.000     999.000     999.000     999.000

 Means
    I               -1.800       0.581       1.798       8.156      14.514      15.731      18.111
    S              999.000     999.000     999.000     999.000     999.000     999.000     999.000
    Q              999.000     999.000     999.000     999.000     999.000     999.000     999.000

 Intercepts
    SOFAS_0          0.000       0.000       0.000       0.000       0.000       0.000       0.000
    SOFAS_12         0.000       0.000       0.000       0.000       0.000       0.000       0.000
    SOFAS_24         0.000       0.000       0.000       0.000       0.000       0.000       0.000

 Variances
    I                1.000       1.000       1.000       1.000       1.000       1.000       1.000
    S              999.000     999.000     999.000     999.000     999.000     999.000     999.000
    Q              999.000     999.000     999.000     999.000     999.000     999.000     999.000

 Residual Variances
    SOFAS_0         23.013      42.269      52.119     103.559     154.998     164.848     184.104
    SOFAS_12        83.700     102.298     111.812     161.494     211.176     220.689     239.288
    SOFAS_24        68.248      95.983     110.170     184.259     258.348     272.535     300.270


TECHNICAL 7 OUTPUT


     SAMPLE STATISTICS WEIGHTED BY ESTIMATED CLASS PROBABILITIES FOR CLASS 1


           Means
              SOFAS_0       SOFAS_12      SOFAS_24
              ________      ________      ________
               44.715        75.726        80.119


           Covariances
              SOFAS_0       SOFAS_12      SOFAS_24
              ________      ________      ________
 SOFAS_0      191.646
 SOFAS_12      17.322       100.733
 SOFAS_24    -156.081         1.242        79.361


     SAMPLE STATISTICS WEIGHTED BY ESTIMATED CLASS PROBABILITIES FOR CLASS 2


           Means
              SOFAS_0       SOFAS_12      SOFAS_24
              ________      ________      ________
               37.704        52.307        53.259


           Covariances
              SOFAS_0       SOFAS_12      SOFAS_24
              ________      ________      ________
 SOFAS_0      126.579
 SOFAS_12      48.112       189.077
 SOFAS_24      17.839         0.023       208.168


TECHNICAL 11 OUTPUT

     Random Starts Specifications for the k-1 Class Analysis Model
        Number of initial stage random starts                 500
        Number of final stage optimizations                   125



     VUONG-LO-MENDELL-RUBIN LIKELIHOOD RATIO TEST FOR 1 (H0) VERSUS 2 CLASSES

          H0 Loglikelihood Value                        -3840.273
          2 Times the Loglikelihood Difference             88.733
          Difference in the Number of Parameters                7
          Mean                                             82.141
          Standard Deviation                               98.144
          P-Value                                          0.3004

     LO-MENDELL-RUBIN ADJUSTED LRT TEST

          Value                                            86.638
          P-Value                                          0.3075


SAVEDATA INFORMATION


  Save file
    GMM_CI_is@0q@0_CT_CP.dat

  Order and format of variables

    SOFAS_0        F10.3
    SOFAS_12       F10.3
    SOFAS_24       F10.3
    CPROB1         F10.3
    CPROB2         F10.3
    C              F10.3
    PIN            I4

  Save file format
    6F10.3 I4

  Save file record length    10000

  Save missing symbol        *


     Beginning Time:  15:43:36
        Ending Time:  15:43:41
       Elapsed Time:  00:00:05



MUTHEN & MUTHEN
3463 Stoner Ave.
Los Angeles, CA  90066

Tel: (310) 391-9971
Fax: (310) 391-8971
Web: www.StatModel.com
Support: Support@StatModel.com

Copyright (c) 1998-2021 Muthen & Muthen
