Mplus VERSION 8.6 (Mac)
MUTHEN & MUTHEN
03/04/2023  10:14 AM

INPUT INSTRUCTIONS

  TITLE:
   FINAL_311; - TVCreg_SOFAS;
  DATA:
  FILE = "/Users/olivierpercie/Desktop/MplusLGM/SANS/Results/TVCreg/SOFAS_TVCreg.dat";

  VARIABLE:
  NAMES = PIN SANS_0 SANS_1 SANS_2 SANS_3 SANS_6 SANS_9 SANS_12 SANS_18 SANS_24 I S Q
       CUB C_I C_S C_Q C_CUB CPROB1 CPROB2 CPROB3 N SOFAS_0 SOFAS_12 SOFAS_24;
   MISSING=.;
   USEVAR = N SANS_0 SANS_12 SANS_24 SOFAS_0 SOFAS_12 SOFAS_24;
   NOMINAL = N;
   CLASSES = c(3);

  ANALYSIS:
  TYPE = MIXTURE;
  STARTS = 0;
  PROCESSORS = 8;
  MODEL:
  %OVERALL%
  SANS_0 ON SOFAS_0;
  SANS_12 ON SOFAS_12;
  SANS_24 ON SOFAS_24;
  SOFAS_0 SOFAS_12 SOFAS_24;
  %C#1%
  [N#1@3.075];
  [N#2@1.083];
  SANS_0 ON SOFAS_0 (M1);
  SANS_12 ON SOFAS_12 (M2);
  SANS_24 ON SOFAS_24 (M3);
  SOFAS_0 SOFAS_12 SOFAS_24;
  %C#2%
  [N#1@1.199];
  [N#2@2.945];
  SANS_0 ON SOFAS_0 (M4);
  SANS_12 ON SOFAS_12 (M5);
  SANS_24 ON SOFAS_24 (M6);
  SOFAS_0 SOFAS_12 SOFAS_24;
  %C#3%
  [N#1@-1.281];
  [N#2@-1.148];
  SANS_0 ON SOFAS_0 (M7);
  SANS_12 ON SOFAS_12 (M8);
  SANS_24 ON SOFAS_24 (M9);
  SOFAS_0 SOFAS_12 SOFAS_24;
  OUTPUT:
  SAMPSTAT;
  STANDARDIZED;
  CINTERVAL;



INPUT READING TERMINATED NORMALLY




FINAL_311; - TVCreg_SOFAS;

SUMMARY OF ANALYSIS

Number of groups                                                 1
Number of observations                                         405

Number of dependent variables                                    4
Number of independent variables                                  3
Number of continuous latent variables                            0
Number of categorical latent variables                           1

Observed dependent variables

  Continuous
   SANS_0      SANS_12     SANS_24

  Unordered categorical (nominal)
   N

Observed independent variables
   SOFAS_0     SOFAS_12    SOFAS_24

Categorical latent variables
   C


Estimator                                                      MLR
Information matrix                                        OBSERVED
Optimization Specifications for the Quasi-Newton Algorithm for
Continuous Outcomes
  Maximum number of iterations                                 100
  Convergence criterion                                  0.100D-05
Optimization Specifications for the EM Algorithm
  Maximum number of iterations                                 500
  Convergence criteria
    Loglikelihood change                                 0.100D-06
    Relative loglikelihood change                        0.100D-06
    Derivative                                           0.100D-05
Optimization Specifications for the M step of the EM Algorithm for
Categorical Latent variables
  Number of M step iterations                                    1
  M step convergence criterion                           0.100D-05
  Basis for M step termination                           ITERATION
Optimization Specifications for the M step of the EM Algorithm for
Censored, Binary or Ordered Categorical (Ordinal), Unordered
Categorical (Nominal) and Count Outcomes
  Number of M step iterations                                    1
  M step convergence criterion                           0.100D-05
  Basis for M step termination                           ITERATION
  Maximum value for logit thresholds                            15
  Minimum value for logit thresholds                           -15
  Minimum expected cell size for chi-square              0.100D-01
Maximum number of iterations for H1                           2000
Convergence criterion for H1                             0.100D-03
Optimization algorithm                                         EMA

Input data file(s)
  /Users/olivierpercie/Desktop/MplusLGM/SANS/Results/TVCreg/SOFAS_TVCreg.dat
Input data format  FREE


SUMMARY OF DATA

     Number of missing data patterns            18
     Number of y missing data patterns          18
     Number of u missing data patterns           0


COVARIANCE COVERAGE OF DATA

Minimum covariance coverage value   0.100


     PROPORTION OF DATA PRESENT FOR Y


           Covariance Coverage
              SANS_0        SANS_12       SANS_24       SOFAS_0       SOFAS_12
              ________      ________      ________      ________      ________
 SANS_0         1.000
 SANS_12        0.872         0.872
 SANS_24        0.793         0.723         0.793
 SOFAS_0        0.909         0.790         0.723         0.909
 SOFAS_12       0.768         0.746         0.630         0.709         0.768
 SOFAS_24       0.568         0.523         0.565         0.548         0.491


           Covariance Coverage
              SOFAS_24
              ________
 SOFAS_24       0.568


UNIVARIATE PROPORTIONS AND COUNTS FOR CATEGORICAL VARIABLES

    N
      Category 1    0.437          177.000
      Category 2    0.402          163.000
      Category 3    0.160           65.000


SAMPLE STATISTICS


     ESTIMATED SAMPLE STATISTICS


           Means
              SANS_0        SANS_12       SANS_24       SOFAS_0       SOFAS_12
              ________      ________      ________      ________      ________
               10.062         6.533         5.827        41.490        62.112


           Means
              SOFAS_24
              ________
               63.242


           Covariances
              SANS_0        SANS_12       SANS_24       SOFAS_0       SOFAS_12
              ________      ________      ________      ________      ________
 SANS_0        14.384
 SANS_12        6.123        18.400
 SANS_24        5.144        10.877        18.759
 SOFAS_0      -22.952       -10.951        -9.249       172.539
 SOFAS_12     -18.449       -52.825       -36.178        61.112       289.758
 SOFAS_24     -17.148       -44.083       -57.379        37.661       181.730


           Covariances
              SOFAS_24
              ________
 SOFAS_24     322.497


           Correlations
              SANS_0        SANS_12       SANS_24       SOFAS_0       SOFAS_12
              ________      ________      ________      ________      ________
 SANS_0         1.000
 SANS_12        0.376         1.000
 SANS_24        0.313         0.585         1.000
 SOFAS_0       -0.461        -0.194        -0.163         1.000
 SOFAS_12      -0.286        -0.723        -0.491         0.273         1.000
 SOFAS_24      -0.252        -0.572        -0.738         0.160         0.594


           Correlations
              SOFAS_24
              ________
 SOFAS_24       1.000


     MAXIMUM LOG-LIKELIHOOD VALUE FOR THE UNRESTRICTED (H1) MODEL IS -6473.697


UNIVARIATE SAMPLE STATISTICS


     UNIVARIATE HIGHER-ORDER MOMENT DESCRIPTIVE STATISTICS

         Variable/         Mean/     Skewness/   Minimum/ % with                Percentiles
        Sample Size      Variance    Kurtosis    Maximum  Min/Max      20%/60%    40%/80%    Median

     SANS_0               10.062      -0.101       0.000    0.49%       7.000      9.000     10.000
             405.000      14.384      -0.412      19.000    0.25%      11.000     14.000
     SANS_12               6.544       0.382       0.000    7.37%       2.000      5.000      6.000
             353.000      18.180      -0.603      19.000    0.28%       7.000     10.000
     SANS_24               5.866       0.677       0.000   10.90%       2.000      4.000      5.000
             321.000      18.745      -0.108      20.000    0.31%       6.000     10.000
     SOFAS_0              41.326       0.729      15.000    0.27%      31.000     35.000     40.000
             368.000     172.752       0.183      85.000    0.27%      41.000     51.000
     SOFAS_12             61.974      -0.153      22.000    0.32%      50.000     60.000     61.000
             311.000     290.282      -0.865      95.000    0.32%      68.000     80.000
     SOFAS_24             63.448      -0.263       5.000    0.43%      49.000     60.000     65.000
             230.000     330.682      -0.612     100.000    0.87%      70.000     80.000


THE MODEL ESTIMATION TERMINATED NORMALLY



MODEL FIT INFORMATION

Number of Free Parameters                       47

Loglikelihood

          H0 Value                       -6803.348
          H0 Scaling Correction Factor      1.1990
            for MLR

Information Criteria

          Akaike (AIC)                   13700.697
          Bayesian (BIC)                 13888.879
          Sample-Size Adjusted BIC       13739.742
            (n* = (n + 2) / 24)



FINAL CLASS COUNTS AND PROPORTIONS FOR THE LATENT CLASSES
BASED ON THE ESTIMATED MODEL

    Latent
   Classes

       1        188.05936          0.46434
       2        148.98000          0.36785
       3         67.96063          0.16780


FINAL CLASS COUNTS AND PROPORTIONS FOR THE LATENT CLASSES
BASED ON ESTIMATED POSTERIOR PROBABILITIES

    Latent
   Classes

       1        188.05936          0.46434
       2        148.98000          0.36785
       3         67.96063          0.16780


FINAL CLASS COUNTS AND PROPORTIONS FOR THE LATENT CLASSES
BASED ON THEIR MOST LIKELY LATENT CLASS MEMBERSHIP

Class Counts and Proportions

    Latent
   Classes

       1              191          0.47160
       2              155          0.38272
       3               59          0.14568


CLASSIFICATION QUALITY

     Entropy                         0.645


Average Latent Class Probabilities for Most Likely Latent Class Membership (Row)
by Latent Class (Column)

           1        2        3

    1   0.880    0.080    0.039
    2   0.096    0.829    0.076
    3   0.086    0.089    0.826


Classification Probabilities for the Most Likely Latent Class Membership (Column)
by Latent Class (Row)

           1        2        3

    1   0.894    0.079    0.027
    2   0.103    0.862    0.035
    3   0.111    0.173    0.717


Logits for the Classification Probabilities for the Most Likely Latent Class Membership (Column)
by Latent Class (Row)

              1        2        3

    1      3.503    1.076    0.000
    2      1.075    3.201    0.000
    3     -1.868   -1.424    0.000


MODEL RESULTS

                                                    Two-Tailed
                    Estimate       S.E.  Est./S.E.    P-Value

Latent Class 1

 SANS_0     ON
    SOFAS_0           -0.130      0.026     -5.028      0.000

 SANS_12    ON
    SOFAS_12          -0.094      0.012     -7.713      0.000

 SANS_24    ON
    SOFAS_24          -0.139      0.018     -7.532      0.000

 SANS_12  WITH
    SANS_0             3.308      0.742      4.457      0.000

 SANS_24  WITH
    SANS_0             2.777      0.599      4.635      0.000
    SANS_12            3.122      0.675      4.626      0.000

 SOFAS_12 WITH
    SOFAS_0           65.118     13.751      4.736      0.000

 SOFAS_24 WITH
    SOFAS_0           54.947     17.104      3.213      0.001
    SOFAS_12         134.598     26.076      5.162      0.000

 Means
    SOFAS_0           41.799      1.291     32.380      0.000
    SOFAS_12          70.797      1.857     38.115      0.000
    SOFAS_24          70.720      2.127     33.250      0.000

 Means
    N#1                3.075      0.000    999.000    999.000
    N#2                1.083      0.000    999.000    999.000

 Intercepts
    SANS_0            15.412      1.093     14.104      0.000
    SANS_12           10.253      0.885     11.585      0.000
    SANS_24           14.224      1.488      9.556      0.000

 Variances
    SOFAS_0          183.421     24.827      7.388      0.000
    SOFAS_12         219.511     44.396      4.944      0.000
    SOFAS_24         305.150     70.361      4.337      0.000

 Residual Variances
    SANS_0            11.256      0.797     14.127      0.000
    SANS_12            6.482      0.752      8.621      0.000
    SANS_24            6.829      0.753      9.066      0.000

Latent Class 2

 SANS_0     ON
    SOFAS_0           -0.112      0.025     -4.560      0.000

 SANS_12    ON
    SOFAS_12          -0.138      0.024     -5.862      0.000

 SANS_24    ON
    SOFAS_24          -0.208      0.019    -10.713      0.000

 SANS_12  WITH
    SANS_0             3.308      0.742      4.457      0.000

 SANS_24  WITH
    SANS_0             2.777      0.599      4.635      0.000
    SANS_12            3.122      0.675      4.626      0.000

 SOFAS_12 WITH
    SOFAS_0           65.118     13.751      4.736      0.000

 SOFAS_24 WITH
    SOFAS_0           54.947     17.104      3.213      0.001
    SOFAS_12         134.598     26.076      5.162      0.000

 Means
    SOFAS_0           43.352      1.594     27.200      0.000
    SOFAS_12          53.653      2.827     18.976      0.000
    SOFAS_24          56.155      3.333     16.847      0.000

 Means
    N#1                1.199      0.000    999.000    999.000
    N#2                2.945      0.000    999.000    999.000

 Intercepts
    SANS_0            14.515      1.300     11.163      0.000
    SANS_12           16.313      1.460     11.170      0.000
    SANS_24           19.724      1.239     15.917      0.000

 Variances
    SOFAS_0          183.112     23.836      7.682      0.000
    SOFAS_12         202.272     32.793      6.168      0.000
    SOFAS_24         261.504     37.321      7.007      0.000

 Residual Variances
    SANS_0            11.256      0.797     14.127      0.000
    SANS_12            6.482      0.752      8.621      0.000
    SANS_24            6.829      0.753      9.066      0.000

Latent Class 3

 SANS_0     ON
    SOFAS_0           -0.146      0.079     -1.851      0.064

 SANS_12    ON
    SOFAS_12          -0.143      0.051     -2.790      0.005

 SANS_24    ON
    SOFAS_24          -0.033      0.025     -1.299      0.194

 SANS_12  WITH
    SANS_0             3.308      0.742      4.457      0.000

 SANS_24  WITH
    SANS_0             2.777      0.599      4.635      0.000
    SANS_12            3.122      0.675      4.626      0.000

 SOFAS_12 WITH
    SOFAS_0           65.118     13.751      4.736      0.000

 SOFAS_24 WITH
    SOFAS_0           54.947     17.104      3.213      0.001
    SOFAS_12         134.598     26.076      5.162      0.000

 Means
    SOFAS_0           36.570      2.871     12.739      0.000
    SOFAS_12          56.242      5.240     10.733      0.000
    SOFAS_24          60.299      3.834     15.726      0.000

 Means
    N#1               -1.281      0.000    999.000    999.000
    N#2               -1.148      0.000    999.000    999.000

 Intercepts
    SANS_0            16.499      2.596      6.355      0.000
    SANS_12           17.696      2.970      5.959      0.000
    SANS_24            6.552      1.429      4.585      0.000

 Variances
    SOFAS_0           95.152     44.910      2.119      0.034
    SOFAS_12         275.703     48.062      5.736      0.000
    SOFAS_24         279.415     93.474      2.989      0.003

 Residual Variances
    SANS_0            11.256      0.797     14.127      0.000
    SANS_12            6.482      0.752      8.621      0.000
    SANS_24            6.829      0.753      9.066      0.000

Categorical Latent Variables

 Means
    C#1                1.018      0.229      4.447      0.000
    C#2                0.785      0.260      3.017      0.003


QUALITY OF NUMERICAL RESULTS

     Condition Number for the Information Matrix              0.771E-05
       (ratio of smallest to largest eigenvalue)


STANDARDIZED MODEL RESULTS


STDYX Standardization

                                                    Two-Tailed
                    Estimate       S.E.  Est./S.E.    P-Value

Latent Class 1

 SANS_0     ON
    SOFAS_0           -0.465      0.068     -6.820      0.000

 SANS_12    ON
    SOFAS_12          -0.480      0.079     -6.040      0.000

 SANS_24    ON
    SOFAS_24          -0.680      0.052    -13.053      0.000

 SANS_12  WITH
    SANS_0             0.387      0.069      5.643      0.000

 SANS_24  WITH
    SANS_0             0.317      0.061      5.162      0.000
    SANS_12            0.469      0.080      5.859      0.000

 SOFAS_12 WITH
    SOFAS_0            0.325      0.056      5.817      0.000

 SOFAS_24 WITH
    SOFAS_0            0.232      0.070      3.320      0.001
    SOFAS_12           0.520      0.059      8.776      0.000

 Means
    SOFAS_0            3.086      0.173     17.881      0.000
    SOFAS_12           4.778      0.587      8.139      0.000
    SOFAS_24           4.048      0.565      7.165      0.000

 Intercepts
    SANS_0             4.068      0.218     18.626      0.000
    SANS_12            3.533      0.246     14.349      0.000
    SANS_24            3.990      0.304     13.111      0.000

 Variances
    SOFAS_0            1.000      0.000    999.000    999.000
    SOFAS_12           1.000      0.000    999.000    999.000
    SOFAS_24           1.000      0.000    999.000    999.000

 Residual Variances
    SANS_0             0.784      0.063     12.387      0.000
    SANS_12            0.770      0.076     10.101      0.000
    SANS_24            0.537      0.071      7.576      0.000

Latent Class 2

 SANS_0     ON
    SOFAS_0           -0.411      0.073     -5.628      0.000

 SANS_12    ON
    SOFAS_12          -0.610      0.077     -7.924      0.000

 SANS_24    ON
    SOFAS_24          -0.789      0.034    -23.499      0.000

 SANS_12  WITH
    SANS_0             0.387      0.069      5.643      0.000

 SANS_24  WITH
    SANS_0             0.317      0.061      5.162      0.000
    SANS_12            0.469      0.080      5.859      0.000

 SOFAS_12 WITH
    SOFAS_0            0.338      0.071      4.799      0.000

 SOFAS_24 WITH
    SOFAS_0            0.251      0.082      3.074      0.002
    SOFAS_12           0.585      0.085      6.858      0.000

 Means
    SOFAS_0            3.204      0.159     20.161      0.000
    SOFAS_12           3.772      0.254     14.851      0.000
    SOFAS_24           3.473      0.202     17.191      0.000

 Intercepts
    SANS_0             3.944      0.262     15.075      0.000
    SANS_12            5.078      0.378     13.431      0.000
    SANS_24            4.637      0.262     17.715      0.000

 Variances
    SOFAS_0            1.000      0.000    999.000    999.000
    SOFAS_12           1.000      0.000    999.000    999.000
    SOFAS_24           1.000      0.000    999.000    999.000

 Residual Variances
    SANS_0             0.831      0.060     13.858      0.000
    SANS_12            0.628      0.094      6.691      0.000
    SANS_24            0.377      0.053      7.121      0.000

Latent Class 3

 SANS_0     ON
    SOFAS_0           -0.392      0.124     -3.150      0.002

 SANS_12    ON
    SOFAS_12          -0.683      0.141     -4.831      0.000

 SANS_24    ON
    SOFAS_24          -0.205      0.163     -1.258      0.208

 SANS_12  WITH
    SANS_0             0.387      0.069      5.643      0.000

 SANS_24  WITH
    SANS_0             0.317      0.061      5.162      0.000
    SANS_12            0.469      0.080      5.859      0.000

 SOFAS_12 WITH
    SOFAS_0            0.402      0.101      3.977      0.000

 SOFAS_24 WITH
    SOFAS_0            0.337      0.190      1.775      0.076
    SOFAS_12           0.485      0.116      4.193      0.000

 Means
    SOFAS_0            3.749      0.662      5.663      0.000
    SOFAS_12           3.387      0.391      8.669      0.000
    SOFAS_24           3.607      0.741      4.865      0.000

 Intercepts
    SANS_0             4.525      0.515      8.783      0.000
    SANS_12            5.076      0.386     13.152      0.000
    SANS_24            2.454      0.472      5.204      0.000

 Variances
    SOFAS_0            1.000      0.000    999.000    999.000
    SOFAS_12           1.000      0.000    999.000    999.000
    SOFAS_24           1.000      0.000    999.000    999.000

 Residual Variances
    SANS_0             0.847      0.097      8.700      0.000
    SANS_12            0.533      0.193      2.760      0.006
    SANS_24            0.958      0.067     14.395      0.000


STDY Standardization

                                                    Two-Tailed
                    Estimate       S.E.  Est./S.E.    P-Value

Latent Class 1

 SANS_0     ON
    SOFAS_0           -0.465      0.068     -6.820      0.000

 SANS_12    ON
    SOFAS_12          -0.480      0.079     -6.040      0.000

 SANS_24    ON
    SOFAS_24          -0.680      0.052    -13.053      0.000

 SANS_12  WITH
    SANS_0             0.387      0.069      5.643      0.000

 SANS_24  WITH
    SANS_0             0.317      0.061      5.162      0.000
    SANS_12            0.469      0.080      5.859      0.000

 SOFAS_12 WITH
    SOFAS_0            0.325      0.056      5.817      0.000

 SOFAS_24 WITH
    SOFAS_0            0.232      0.070      3.320      0.001
    SOFAS_12           0.520      0.059      8.776      0.000

 Means
    SOFAS_0            3.086      0.173     17.881      0.000
    SOFAS_12           4.778      0.587      8.139      0.000
    SOFAS_24           4.048      0.565      7.165      0.000

 Intercepts
    SANS_0             4.068      0.218     18.626      0.000
    SANS_12            3.533      0.246     14.349      0.000
    SANS_24            3.990      0.304     13.111      0.000

 Variances
    SOFAS_0            1.000      0.000    999.000    999.000
    SOFAS_12           1.000      0.000    999.000    999.000
    SOFAS_24           1.000      0.000    999.000    999.000

 Residual Variances
    SANS_0             0.784      0.063     12.387      0.000
    SANS_12            0.770      0.076     10.101      0.000
    SANS_24            0.537      0.071      7.576      0.000

Latent Class 2

 SANS_0     ON
    SOFAS_0           -0.411      0.073     -5.628      0.000

 SANS_12    ON
    SOFAS_12          -0.610      0.077     -7.924      0.000

 SANS_24    ON
    SOFAS_24          -0.789      0.034    -23.499      0.000

 SANS_12  WITH
    SANS_0             0.387      0.069      5.643      0.000

 SANS_24  WITH
    SANS_0             0.317      0.061      5.162      0.000
    SANS_12            0.469      0.080      5.859      0.000

 SOFAS_12 WITH
    SOFAS_0            0.338      0.071      4.799      0.000

 SOFAS_24 WITH
    SOFAS_0            0.251      0.082      3.074      0.002
    SOFAS_12           0.585      0.085      6.858      0.000

 Means
    SOFAS_0            3.204      0.159     20.161      0.000
    SOFAS_12           3.772      0.254     14.851      0.000
    SOFAS_24           3.473      0.202     17.191      0.000

 Intercepts
    SANS_0             3.944      0.262     15.075      0.000
    SANS_12            5.078      0.378     13.431      0.000
    SANS_24            4.637      0.262     17.715      0.000

 Variances
    SOFAS_0            1.000      0.000    999.000    999.000
    SOFAS_12           1.000      0.000    999.000    999.000
    SOFAS_24           1.000      0.000    999.000    999.000

 Residual Variances
    SANS_0             0.831      0.060     13.858      0.000
    SANS_12            0.628      0.094      6.691      0.000
    SANS_24            0.377      0.053      7.121      0.000

Latent Class 3

 SANS_0     ON
    SOFAS_0           -0.392      0.124     -3.150      0.002

 SANS_12    ON
    SOFAS_12          -0.683      0.141     -4.831      0.000

 SANS_24    ON
    SOFAS_24          -0.205      0.163     -1.258      0.208

 SANS_12  WITH
    SANS_0             0.387      0.069      5.643      0.000

 SANS_24  WITH
    SANS_0             0.317      0.061      5.162      0.000
    SANS_12            0.469      0.080      5.859      0.000

 SOFAS_12 WITH
    SOFAS_0            0.402      0.101      3.977      0.000

 SOFAS_24 WITH
    SOFAS_0            0.337      0.190      1.775      0.076
    SOFAS_12           0.485      0.116      4.193      0.000

 Means
    SOFAS_0            3.749      0.662      5.663      0.000
    SOFAS_12           3.387      0.391      8.669      0.000
    SOFAS_24           3.607      0.741      4.865      0.000

 Intercepts
    SANS_0             4.525      0.515      8.783      0.000
    SANS_12            5.076      0.386     13.152      0.000
    SANS_24            2.454      0.472      5.204      0.000

 Variances
    SOFAS_0            1.000      0.000    999.000    999.000
    SOFAS_12           1.000      0.000    999.000    999.000
    SOFAS_24           1.000      0.000    999.000    999.000

 Residual Variances
    SANS_0             0.847      0.097      8.700      0.000
    SANS_12            0.533      0.193      2.760      0.006
    SANS_24            0.958      0.067     14.395      0.000


STD Standardization

                                                    Two-Tailed
                    Estimate       S.E.  Est./S.E.    P-Value

Latent Class 1

 SANS_0     ON
    SOFAS_0           -0.130      0.026     -5.028      0.000

 SANS_12    ON
    SOFAS_12          -0.094      0.012     -7.713      0.000

 SANS_24    ON
    SOFAS_24          -0.139      0.018     -7.532      0.000

 SANS_12  WITH
    SANS_0             3.308      0.742      4.457      0.000

 SANS_24  WITH
    SANS_0             2.777      0.599      4.635      0.000
    SANS_12            3.122      0.675      4.626      0.000

 SOFAS_12 WITH
    SOFAS_0           65.118     13.751      4.736      0.000

 SOFAS_24 WITH
    SOFAS_0           54.947     17.104      3.213      0.001
    SOFAS_12         134.598     26.076      5.162      0.000

 Means
    SOFAS_0           41.799      1.291     32.380      0.000
    SOFAS_12          70.797      1.857     38.115      0.000
    SOFAS_24          70.720      2.127     33.250      0.000

 Intercepts
    SANS_0            15.412      1.093     14.104      0.000
    SANS_12           10.253      0.885     11.585      0.000
    SANS_24           14.224      1.488      9.556      0.000

 Variances
    SOFAS_0          183.421     24.827      7.388      0.000
    SOFAS_12         219.511     44.396      4.944      0.000
    SOFAS_24         305.150     70.361      4.337      0.000

 Residual Variances
    SANS_0            11.256      0.797     14.127      0.000
    SANS_12            6.482      0.752      8.621      0.000
    SANS_24            6.829      0.753      9.066      0.000

Latent Class 2

 SANS_0     ON
    SOFAS_0           -0.112      0.025     -4.560      0.000

 SANS_12    ON
    SOFAS_12          -0.138      0.024     -5.862      0.000

 SANS_24    ON
    SOFAS_24          -0.208      0.019    -10.713      0.000

 SANS_12  WITH
    SANS_0             3.308      0.742      4.457      0.000

 SANS_24  WITH
    SANS_0             2.777      0.599      4.635      0.000
    SANS_12            3.122      0.675      4.626      0.000

 SOFAS_12 WITH
    SOFAS_0           65.118     13.751      4.736      0.000

 SOFAS_24 WITH
    SOFAS_0           54.947     17.104      3.213      0.001
    SOFAS_12         134.598     26.076      5.162      0.000

 Means
    SOFAS_0           43.352      1.594     27.200      0.000
    SOFAS_12          53.653      2.827     18.976      0.000
    SOFAS_24          56.155      3.333     16.847      0.000

 Intercepts
    SANS_0            14.515      1.300     11.163      0.000
    SANS_12           16.313      1.460     11.170      0.000
    SANS_24           19.724      1.239     15.917      0.000

 Variances
    SOFAS_0          183.112     23.836      7.682      0.000
    SOFAS_12         202.272     32.793      6.168      0.000
    SOFAS_24         261.504     37.321      7.007      0.000

 Residual Variances
    SANS_0            11.256      0.797     14.127      0.000
    SANS_12            6.482      0.752      8.621      0.000
    SANS_24            6.829      0.753      9.066      0.000

Latent Class 3

 SANS_0     ON
    SOFAS_0           -0.146      0.079     -1.851      0.064

 SANS_12    ON
    SOFAS_12          -0.143      0.051     -2.790      0.005

 SANS_24    ON
    SOFAS_24          -0.033      0.025     -1.299      0.194

 SANS_12  WITH
    SANS_0             3.308      0.742      4.457      0.000

 SANS_24  WITH
    SANS_0             2.777      0.599      4.635      0.000
    SANS_12            3.122      0.675      4.626      0.000

 SOFAS_12 WITH
    SOFAS_0           65.118     13.751      4.736      0.000

 SOFAS_24 WITH
    SOFAS_0           54.947     17.104      3.213      0.001
    SOFAS_12         134.598     26.076      5.162      0.000

 Means
    SOFAS_0           36.570      2.871     12.739      0.000
    SOFAS_12          56.242      5.240     10.733      0.000
    SOFAS_24          60.299      3.834     15.726      0.000

 Intercepts
    SANS_0            16.499      2.596      6.355      0.000
    SANS_12           17.696      2.970      5.959      0.000
    SANS_24            6.552      1.429      4.585      0.000

 Variances
    SOFAS_0           95.152     44.910      2.119      0.034
    SOFAS_12         275.703     48.062      5.736      0.000
    SOFAS_24         279.415     93.474      2.989      0.003

 Residual Variances
    SANS_0            11.256      0.797     14.127      0.000
    SANS_12            6.482      0.752      8.621      0.000
    SANS_24            6.829      0.753      9.066      0.000


R-SQUARE

Class 1

    Observed                                        Two-Tailed
    Variable        Estimate       S.E.  Est./S.E.    P-Value

    SANS_0             0.216      0.063      3.410      0.001
    SANS_12            0.230      0.076      3.020      0.003
    SANS_24            0.463      0.071      6.526      0.000

Class 2

    Observed                                        Two-Tailed
    Variable        Estimate       S.E.  Est./S.E.    P-Value

    SANS_0             0.169      0.060      2.814      0.005
    SANS_12            0.372      0.094      3.962      0.000
    SANS_24            0.623      0.053     11.750      0.000

Class 3

    Observed                                        Two-Tailed
    Variable        Estimate       S.E.  Est./S.E.    P-Value

    SANS_0             0.153      0.097      1.575      0.115
    SANS_12            0.467      0.193      2.415      0.016
    SANS_24            0.042      0.067      0.629      0.529


CONFIDENCE INTERVALS OF MODEL RESULTS

                  Lower .5%  Lower 2.5%    Lower 5%    Estimate    Upper 5%  Upper 2.5%   Upper .5%

Latent Class 1

 SANS_0   ON
    SOFAS_0         -0.197      -0.181      -0.173      -0.130      -0.087      -0.079      -0.063

 SANS_12  ON
    SOFAS_12        -0.125      -0.118      -0.114      -0.094      -0.074      -0.070      -0.063

 SANS_24  ON
    SOFAS_24        -0.186      -0.175      -0.169      -0.139      -0.109      -0.103      -0.091

 SANS_12  WITH
    SANS_0           1.396       1.853       2.087       3.308       4.529       4.763       5.220

 SANS_24  WITH
    SANS_0           1.234       1.603       1.791       2.777       3.763       3.951       4.320
    SANS_12          1.384       1.799       2.012       3.122       4.232       4.445       4.861

 SOFAS_12 WITH
    SOFAS_0         29.698      38.166      42.498      65.118      87.739      92.070     100.538

 SOFAS_24 WITH
    SOFAS_0         10.892      21.424      26.812      54.947      83.083      88.471      99.003
    SOFAS_12        67.432      83.490      91.704     134.598     177.493     185.707     201.764

 Means
    SOFAS_0         38.474      39.269      39.676      41.799      43.923      44.329      45.124
    SOFAS_12        66.012      67.156      67.741      70.797      73.852      74.437      75.581
    SOFAS_24        65.241      66.551      67.221      70.720      74.218      74.888      76.198

 Means
    N#1              3.075       3.075       3.075       3.075       3.075       3.075       3.075
    N#2              1.083       1.083       1.083       1.083       1.083       1.083       1.083

 Intercepts
    SANS_0          12.597      13.270      13.614      15.412      17.209      17.553      18.226
    SANS_12          7.973       8.518       8.797      10.253      11.709      11.988      12.533
    SANS_24         10.390      11.306      11.775      14.224      16.672      17.141      18.058

 Variances
    SOFAS_0        119.473     134.761     142.581     183.421     224.262     232.082     247.370
    SOFAS_12       105.157     132.496     146.480     219.511     292.542     306.527     333.865
    SOFAS_24       123.914     167.242     189.406     305.150     420.893     443.057     486.385

 Residual Variances
    SANS_0           9.204       9.695       9.946      11.256      12.567      12.818      13.309
    SANS_12          4.545       5.009       5.245       6.482       7.719       7.956       8.419
    SANS_24          4.889       5.352       5.590       6.829       8.068       8.305       8.769

Latent Class 2

 SANS_0   ON
    SOFAS_0         -0.175      -0.160      -0.152      -0.112      -0.071      -0.064      -0.049

 SANS_12  ON
    SOFAS_12        -0.198      -0.184      -0.176      -0.138      -0.099      -0.092      -0.077

 SANS_24  ON
    SOFAS_24        -0.257      -0.246      -0.239      -0.208      -0.176      -0.170      -0.158

 SANS_12  WITH
    SANS_0           1.396       1.853       2.087       3.308       4.529       4.763       5.220

 SANS_24  WITH
    SANS_0           1.234       1.603       1.791       2.777       3.763       3.951       4.320
    SANS_12          1.384       1.799       2.012       3.122       4.232       4.445       4.861

 SOFAS_12 WITH
    SOFAS_0         29.698      38.166      42.498      65.118      87.739      92.070     100.538

 SOFAS_24 WITH
    SOFAS_0         10.892      21.424      26.812      54.947      83.083      88.471      99.003
    SOFAS_12        67.432      83.490      91.704     134.598     177.493     185.707     201.764

 Means
    SOFAS_0         39.247      40.228      40.730      43.352      45.974      46.476      47.457
    SOFAS_12        46.370      48.111      49.002      53.653      58.304      59.195      60.936
    SOFAS_24        47.569      49.622      50.672      56.155      61.638      62.688      64.740

 Means
    N#1              1.199       1.199       1.199       1.199       1.199       1.199       1.199
    N#2              2.945       2.945       2.945       2.945       2.945       2.945       2.945

 Intercepts
    SANS_0          11.166      11.966      12.376      14.515      16.654      17.063      17.864
    SANS_12         12.551      13.451      13.911      16.313      18.715      19.175      20.075
    SANS_24         16.532      17.295      17.686      19.724      21.763      22.153      22.916

 Variances
    SOFAS_0        121.715     136.393     143.902     183.112     222.322     229.830     244.509
    SOFAS_12       117.803     137.997     148.327     202.272     256.216     266.546     286.740
    SOFAS_24       165.372     188.355     200.111     261.504     322.898     334.654     357.636

 Residual Variances
    SANS_0           9.204       9.695       9.946      11.256      12.567      12.818      13.309
    SANS_12          4.545       5.009       5.245       6.482       7.719       7.956       8.419
    SANS_24          4.889       5.352       5.590       6.829       8.068       8.305       8.769

Latent Class 3

 SANS_0   ON
    SOFAS_0         -0.350      -0.301      -0.276      -0.146      -0.016       0.009       0.057

 SANS_12  ON
    SOFAS_12        -0.276      -0.244      -0.228      -0.143      -0.059      -0.043      -0.011

 SANS_24  ON
    SOFAS_24        -0.098      -0.082      -0.074      -0.033       0.009       0.017       0.032

 SANS_12  WITH
    SANS_0           1.396       1.853       2.087       3.308       4.529       4.763       5.220

 SANS_24  WITH
    SANS_0           1.234       1.603       1.791       2.777       3.763       3.951       4.320
    SANS_12          1.384       1.799       2.012       3.122       4.232       4.445       4.861

 SOFAS_12 WITH
    SOFAS_0         29.698      38.166      42.498      65.118      87.739      92.070     100.538

 SOFAS_24 WITH
    SOFAS_0         10.892      21.424      26.812      54.947      83.083      88.471      99.003
    SOFAS_12        67.432      83.490      91.704     134.598     177.493     185.707     201.764

 Means
    SOFAS_0         29.176      30.943      31.848      36.570      41.293      42.197      43.965
    SOFAS_12        42.745      45.971      47.622      56.242      64.862      66.512      69.739
    SOFAS_24        50.423      52.784      53.992      60.299      66.607      67.815      70.176

 Means
    N#1             -1.281      -1.281      -1.281      -1.281      -1.281      -1.281      -1.281
    N#2             -1.148      -1.148      -1.148      -1.148      -1.148      -1.148      -1.148

 Intercepts
    SANS_0           9.812      11.411      12.229      16.499      20.770      21.588      23.187
    SANS_12         10.046      11.875      12.810      17.696      22.581      23.516      25.345
    SANS_24          2.871       3.751       4.201       6.552       8.903       9.353      10.234

 Variances
    SOFAS_0        -20.526       7.129      21.276      95.152     169.028     183.175     210.830
    SOFAS_12       151.904     181.501     196.641     275.703     354.766     369.905     399.502
    SOFAS_24        38.646      96.207     125.651     279.415     433.180     462.624     520.185

 Residual Variances
    SANS_0           9.204       9.695       9.946      11.256      12.567      12.818      13.309
    SANS_12          4.545       5.009       5.245       6.482       7.719       7.956       8.419
    SANS_24          4.889       5.352       5.590       6.829       8.068       8.305       8.769

Categorical Latent Variables

 Means
    C#1              0.428       0.569       0.641       1.018       1.394       1.466       1.607
    C#2              0.115       0.275       0.357       0.785       1.213       1.295       1.455


CONFIDENCE INTERVALS OF STANDARDIZED MODEL RESULTS


STDYX Standardization

                  Lower .5%  Lower 2.5%    Lower 5%    Estimate    Upper 5%  Upper 2.5%   Upper .5%

Latent Class 1

 SANS_0   ON
    SOFAS_0         -0.640      -0.598      -0.577      -0.465      -0.353      -0.331      -0.289

 SANS_12  ON
    SOFAS_12        -0.684      -0.635      -0.610      -0.480      -0.349      -0.324      -0.275

 SANS_24  ON
    SOFAS_24        -0.815      -0.782      -0.766      -0.680      -0.595      -0.578      -0.546

 SANS_12  WITH
    SANS_0           0.210       0.253       0.274       0.387       0.500       0.522       0.564

 SANS_24  WITH
    SANS_0           0.159       0.196       0.216       0.317       0.418       0.437       0.475
    SANS_12          0.263       0.312       0.338       0.469       0.601       0.626       0.676

 SOFAS_12 WITH
    SOFAS_0          0.181       0.215       0.233       0.325       0.416       0.434       0.468

 SOFAS_24 WITH
    SOFAS_0          0.052       0.095       0.117       0.232       0.347       0.369       0.412
    SOFAS_12         0.367       0.404       0.423       0.520       0.618       0.636       0.673

 Means
    SOFAS_0          2.642       2.748       2.802       3.086       3.370       3.425       3.531
    SOFAS_12         3.266       3.628       3.813       4.778       5.744       5.929       6.291
    SOFAS_24         2.593       2.941       3.119       4.048       4.978       5.156       5.504

 Intercepts
    SANS_0           3.505       3.640       3.708       4.068       4.427       4.496       4.630
    SANS_12          2.899       3.051       3.128       3.533       3.939       4.016       4.168
    SANS_24          3.206       3.393       3.489       3.990       4.490       4.586       4.773

 Variances
    SOFAS_0          1.000       1.000       1.000       1.000       1.000       1.000       1.000
    SOFAS_12         1.000       1.000       1.000       1.000       1.000       1.000       1.000
    SOFAS_24         1.000       1.000       1.000       1.000       1.000       1.000       1.000

 Residual Variances
    SANS_0           0.621       0.660       0.680       0.784       0.888       0.908       0.947
    SANS_12          0.574       0.620       0.644       0.770       0.895       0.919       0.966
    SANS_24          0.355       0.398       0.421       0.537       0.654       0.676       0.720

Latent Class 2

 SANS_0   ON
    SOFAS_0         -0.599      -0.554      -0.531      -0.411      -0.291      -0.268      -0.223

 SANS_12  ON
    SOFAS_12        -0.808      -0.761      -0.736      -0.610      -0.483      -0.459      -0.412

 SANS_24  ON
    SOFAS_24        -0.876      -0.855      -0.844      -0.789      -0.734      -0.723      -0.703

 SANS_12  WITH
    SANS_0           0.210       0.253       0.274       0.387       0.500       0.522       0.564

 SANS_24  WITH
    SANS_0           0.159       0.196       0.216       0.317       0.418       0.437       0.475
    SANS_12          0.263       0.312       0.338       0.469       0.601       0.626       0.676

 SOFAS_12 WITH
    SOFAS_0          0.157       0.200       0.222       0.338       0.454       0.477       0.520

 SOFAS_24 WITH
    SOFAS_0          0.041       0.091       0.117       0.251       0.385       0.411       0.462
    SOFAS_12         0.365       0.418       0.445       0.585       0.726       0.752       0.805

 Means
    SOFAS_0          2.794       2.892       2.942       3.204       3.465       3.515       3.613
    SOFAS_12         3.118       3.275       3.355       3.772       4.190       4.270       4.427
    SOFAS_24         2.952       3.077       3.140       3.473       3.805       3.868       3.993

 Intercepts
    SANS_0           3.270       3.431       3.514       3.944       4.375       4.457       4.618
    SANS_12          4.104       4.337       4.456       5.078       5.700       5.819       6.052
    SANS_24          3.963       4.124       4.206       4.637       5.067       5.150       5.311

 Variances
    SOFAS_0          1.000       1.000       1.000       1.000       1.000       1.000       1.000
    SOFAS_12         1.000       1.000       1.000       1.000       1.000       1.000       1.000
    SOFAS_24         1.000       1.000       1.000       1.000       1.000       1.000       1.000

 Residual Variances
    SANS_0           0.677       0.714       0.733       0.831       0.930       0.949       0.986
    SANS_12          0.386       0.444       0.474       0.628       0.782       0.812       0.870
    SANS_24          0.241       0.274       0.290       0.377       0.465       0.481       0.514

Latent Class 3

 SANS_0   ON
    SOFAS_0         -0.712      -0.635      -0.596      -0.392      -0.187      -0.148      -0.071

 SANS_12  ON
    SOFAS_12        -1.047      -0.960      -0.916      -0.683      -0.451      -0.406      -0.319

 SANS_24  ON
    SOFAS_24        -0.624      -0.523      -0.472      -0.205       0.063       0.114       0.214

 SANS_12  WITH
    SANS_0           0.210       0.253       0.274       0.387       0.500       0.522       0.564

 SANS_24  WITH
    SANS_0           0.159       0.196       0.216       0.317       0.418       0.437       0.475
    SANS_12          0.263       0.312       0.338       0.469       0.601       0.626       0.676

 SOFAS_12 WITH
    SOFAS_0          0.142       0.204       0.236       0.402       0.568       0.600       0.662

 SOFAS_24 WITH
    SOFAS_0         -0.152      -0.035       0.025       0.337       0.649       0.709       0.826
    SOFAS_12         0.187       0.258       0.295       0.485       0.675       0.712       0.783

 Means
    SOFAS_0          2.044       2.451       2.660       3.749       4.838       5.047       5.454
    SOFAS_12         2.381       2.621       2.744       3.387       4.030       4.153       4.394
    SOFAS_24         1.698       2.154       2.388       3.607       4.827       5.061       5.517

 Intercepts
    SANS_0           3.198       3.515       3.678       4.525       5.373       5.535       5.852
    SANS_12          4.082       4.319       4.441       5.076       5.710       5.832       6.070
    SANS_24          1.240       1.530       1.679       2.454       3.230       3.379       3.669

 Variances
    SOFAS_0          1.000       1.000       1.000       1.000       1.000       1.000       1.000
    SOFAS_12         1.000       1.000       1.000       1.000       1.000       1.000       1.000
    SOFAS_24         1.000       1.000       1.000       1.000       1.000       1.000       1.000

 Residual Variances
    SANS_0           0.596       0.656       0.687       0.847       1.007       1.037       1.097
    SANS_12          0.036       0.155       0.215       0.533       0.851       0.912       1.031
    SANS_24          0.787       0.828       0.849       0.958       1.068       1.089       1.130


STDY Standardization

                  Lower .5%  Lower 2.5%    Lower 5%    Estimate    Upper 5%  Upper 2.5%   Upper .5%

Latent Class 1

 SANS_0   ON
    SOFAS_0         -0.640      -0.598      -0.577      -0.465      -0.353      -0.331      -0.289

 SANS_12  ON
    SOFAS_12        -0.684      -0.635      -0.610      -0.480      -0.349      -0.324      -0.275

 SANS_24  ON
    SOFAS_24        -0.815      -0.782      -0.766      -0.680      -0.595      -0.578      -0.546

 SANS_12  WITH
    SANS_0           0.210       0.253       0.274       0.387       0.500       0.522       0.564

 SANS_24  WITH
    SANS_0           0.159       0.196       0.216       0.317       0.418       0.437       0.475
    SANS_12          0.263       0.312       0.338       0.469       0.601       0.626       0.676

 SOFAS_12 WITH
    SOFAS_0          0.181       0.215       0.233       0.325       0.416       0.434       0.468

 SOFAS_24 WITH
    SOFAS_0          0.052       0.095       0.117       0.232       0.347       0.369       0.412
    SOFAS_12         0.367       0.404       0.423       0.520       0.618       0.636       0.673

 Means
    SOFAS_0          2.642       2.748       2.802       3.086       3.370       3.425       3.531
    SOFAS_12         3.266       3.628       3.813       4.778       5.744       5.929       6.291
    SOFAS_24         2.593       2.941       3.119       4.048       4.978       5.156       5.504

 Intercepts
    SANS_0           3.505       3.640       3.708       4.068       4.427       4.496       4.630
    SANS_12          2.899       3.051       3.128       3.533       3.939       4.016       4.168
    SANS_24          3.206       3.393       3.489       3.990       4.490       4.586       4.773

 Variances
    SOFAS_0          1.000       1.000       1.000       1.000       1.000       1.000       1.000
    SOFAS_12         1.000       1.000       1.000       1.000       1.000       1.000       1.000
    SOFAS_24         1.000       1.000       1.000       1.000       1.000       1.000       1.000

 Residual Variances
    SANS_0           0.621       0.660       0.680       0.784       0.888       0.908       0.947
    SANS_12          0.574       0.620       0.644       0.770       0.895       0.919       0.966
    SANS_24          0.355       0.398       0.421       0.537       0.654       0.676       0.720

Latent Class 2

 SANS_0   ON
    SOFAS_0         -0.599      -0.554      -0.531      -0.411      -0.291      -0.268      -0.223

 SANS_12  ON
    SOFAS_12        -0.808      -0.761      -0.736      -0.610      -0.483      -0.459      -0.412

 SANS_24  ON
    SOFAS_24        -0.876      -0.855      -0.844      -0.789      -0.734      -0.723      -0.703

 SANS_12  WITH
    SANS_0           0.210       0.253       0.274       0.387       0.500       0.522       0.564

 SANS_24  WITH
    SANS_0           0.159       0.196       0.216       0.317       0.418       0.437       0.475
    SANS_12          0.263       0.312       0.338       0.469       0.601       0.626       0.676

 SOFAS_12 WITH
    SOFAS_0          0.157       0.200       0.222       0.338       0.454       0.477       0.520

 SOFAS_24 WITH
    SOFAS_0          0.041       0.091       0.117       0.251       0.385       0.411       0.462
    SOFAS_12         0.365       0.418       0.445       0.585       0.726       0.752       0.805

 Means
    SOFAS_0          2.794       2.892       2.942       3.204       3.465       3.515       3.613
    SOFAS_12         3.118       3.275       3.355       3.772       4.190       4.270       4.427
    SOFAS_24         2.952       3.077       3.140       3.473       3.805       3.868       3.993

 Intercepts
    SANS_0           3.270       3.431       3.514       3.944       4.375       4.457       4.618
    SANS_12          4.104       4.337       4.456       5.078       5.700       5.819       6.052
    SANS_24          3.963       4.124       4.206       4.637       5.067       5.150       5.311

 Variances
    SOFAS_0          1.000       1.000       1.000       1.000       1.000       1.000       1.000
    SOFAS_12         1.000       1.000       1.000       1.000       1.000       1.000       1.000
    SOFAS_24         1.000       1.000       1.000       1.000       1.000       1.000       1.000

 Residual Variances
    SANS_0           0.677       0.714       0.733       0.831       0.930       0.949       0.986
    SANS_12          0.386       0.444       0.474       0.628       0.782       0.812       0.870
    SANS_24          0.241       0.274       0.290       0.377       0.465       0.481       0.514

Latent Class 3

 SANS_0   ON
    SOFAS_0         -0.712      -0.635      -0.596      -0.392      -0.187      -0.148      -0.071

 SANS_12  ON
    SOFAS_12        -1.047      -0.960      -0.916      -0.683      -0.451      -0.406      -0.319

 SANS_24  ON
    SOFAS_24        -0.624      -0.523      -0.472      -0.205       0.063       0.114       0.214

 SANS_12  WITH
    SANS_0           0.210       0.253       0.274       0.387       0.500       0.522       0.564

 SANS_24  WITH
    SANS_0           0.159       0.196       0.216       0.317       0.418       0.437       0.475
    SANS_12          0.263       0.312       0.338       0.469       0.601       0.626       0.676

 SOFAS_12 WITH
    SOFAS_0          0.142       0.204       0.236       0.402       0.568       0.600       0.662

 SOFAS_24 WITH
    SOFAS_0         -0.152      -0.035       0.025       0.337       0.649       0.709       0.826
    SOFAS_12         0.187       0.258       0.295       0.485       0.675       0.712       0.783

 Means
    SOFAS_0          2.044       2.451       2.660       3.749       4.838       5.047       5.454
    SOFAS_12         2.381       2.621       2.744       3.387       4.030       4.153       4.394
    SOFAS_24         1.698       2.154       2.388       3.607       4.827       5.061       5.517

 Intercepts
    SANS_0           3.198       3.515       3.678       4.525       5.373       5.535       5.852
    SANS_12          4.082       4.319       4.441       5.076       5.710       5.832       6.070
    SANS_24          1.240       1.530       1.679       2.454       3.230       3.379       3.669

 Variances
    SOFAS_0          1.000       1.000       1.000       1.000       1.000       1.000       1.000
    SOFAS_12         1.000       1.000       1.000       1.000       1.000       1.000       1.000
    SOFAS_24         1.000       1.000       1.000       1.000       1.000       1.000       1.000

 Residual Variances
    SANS_0           0.596       0.656       0.687       0.847       1.007       1.037       1.097
    SANS_12          0.036       0.155       0.215       0.533       0.851       0.912       1.031
    SANS_24          0.787       0.828       0.849       0.958       1.068       1.089       1.130


STD Standardization

                  Lower .5%  Lower 2.5%    Lower 5%    Estimate    Upper 5%  Upper 2.5%   Upper .5%

Latent Class 1

 SANS_0   ON
    SOFAS_0         -0.197      -0.181      -0.173      -0.130      -0.087      -0.079      -0.063

 SANS_12  ON
    SOFAS_12        -0.125      -0.118      -0.114      -0.094      -0.074      -0.070      -0.063

 SANS_24  ON
    SOFAS_24        -0.186      -0.175      -0.169      -0.139      -0.109      -0.103      -0.091

 SANS_12  WITH
    SANS_0           1.396       1.853       2.087       3.308       4.529       4.763       5.220

 SANS_24  WITH
    SANS_0           1.234       1.603       1.791       2.777       3.763       3.951       4.320
    SANS_12          1.384       1.799       2.012       3.122       4.232       4.445       4.861

 SOFAS_12 WITH
    SOFAS_0         29.698      38.166      42.498      65.118      87.739      92.070     100.538

 SOFAS_24 WITH
    SOFAS_0         10.892      21.424      26.812      54.947      83.083      88.471      99.003
    SOFAS_12        67.432      83.490      91.704     134.598     177.493     185.707     201.764

 Means
    SOFAS_0         38.474      39.269      39.676      41.799      43.923      44.329      45.124
    SOFAS_12        66.012      67.156      67.741      70.797      73.852      74.437      75.581
    SOFAS_24        65.241      66.551      67.221      70.720      74.218      74.888      76.198

 Intercepts
    SANS_0          12.597      13.270      13.614      15.412      17.209      17.553      18.226
    SANS_12          7.973       8.518       8.797      10.253      11.709      11.988      12.533
    SANS_24         10.390      11.306      11.775      14.224      16.672      17.141      18.058

 Variances
    SOFAS_0        119.473     134.761     142.581     183.421     224.262     232.082     247.370
    SOFAS_12       105.157     132.496     146.480     219.511     292.542     306.527     333.865
    SOFAS_24       123.914     167.242     189.406     305.150     420.893     443.057     486.385

 Residual Variances
    SANS_0           9.204       9.695       9.946      11.256      12.567      12.818      13.309
    SANS_12          4.545       5.009       5.245       6.482       7.719       7.956       8.419
    SANS_24          4.889       5.352       5.590       6.829       8.068       8.305       8.769

Latent Class 2

 SANS_0   ON
    SOFAS_0         -0.175      -0.160      -0.152      -0.112      -0.071      -0.064      -0.049

 SANS_12  ON
    SOFAS_12        -0.198      -0.184      -0.176      -0.138      -0.099      -0.092      -0.077

 SANS_24  ON
    SOFAS_24        -0.257      -0.246      -0.239      -0.208      -0.176      -0.170      -0.158

 SANS_12  WITH
    SANS_0           1.396       1.853       2.087       3.308       4.529       4.763       5.220

 SANS_24  WITH
    SANS_0           1.234       1.603       1.791       2.777       3.763       3.951       4.320
    SANS_12          1.384       1.799       2.012       3.122       4.232       4.445       4.861

 SOFAS_12 WITH
    SOFAS_0         29.698      38.166      42.498      65.118      87.739      92.070     100.538

 SOFAS_24 WITH
    SOFAS_0         10.892      21.424      26.812      54.947      83.083      88.471      99.003
    SOFAS_12        67.432      83.490      91.704     134.598     177.493     185.707     201.764

 Means
    SOFAS_0         39.247      40.228      40.730      43.352      45.974      46.476      47.457
    SOFAS_12        46.370      48.111      49.002      53.653      58.304      59.195      60.936
    SOFAS_24        47.569      49.622      50.672      56.155      61.638      62.688      64.740

 Intercepts
    SANS_0          11.166      11.966      12.376      14.515      16.654      17.063      17.864
    SANS_12         12.551      13.451      13.911      16.313      18.715      19.175      20.075
    SANS_24         16.532      17.295      17.686      19.724      21.763      22.153      22.916

 Variances
    SOFAS_0        121.715     136.393     143.902     183.112     222.322     229.830     244.509
    SOFAS_12       117.803     137.997     148.327     202.272     256.216     266.546     286.740
    SOFAS_24       165.372     188.355     200.111     261.504     322.898     334.654     357.636

 Residual Variances
    SANS_0           9.204       9.695       9.946      11.256      12.567      12.818      13.309
    SANS_12          4.545       5.009       5.245       6.482       7.719       7.956       8.419
    SANS_24          4.889       5.352       5.590       6.829       8.068       8.305       8.769

Latent Class 3

 SANS_0   ON
    SOFAS_0         -0.350      -0.301      -0.276      -0.146      -0.016       0.009       0.057

 SANS_12  ON
    SOFAS_12        -0.276      -0.244      -0.228      -0.143      -0.059      -0.043      -0.011

 SANS_24  ON
    SOFAS_24        -0.098      -0.082      -0.074      -0.033       0.009       0.017       0.032

 SANS_12  WITH
    SANS_0           1.396       1.853       2.087       3.308       4.529       4.763       5.220

 SANS_24  WITH
    SANS_0           1.234       1.603       1.791       2.777       3.763       3.951       4.320
    SANS_12          1.384       1.799       2.012       3.122       4.232       4.445       4.861

 SOFAS_12 WITH
    SOFAS_0         29.698      38.166      42.498      65.118      87.739      92.070     100.538

 SOFAS_24 WITH
    SOFAS_0         10.892      21.424      26.812      54.947      83.083      88.471      99.003
    SOFAS_12        67.432      83.490      91.704     134.598     177.493     185.707     201.764

 Means
    SOFAS_0         29.176      30.943      31.848      36.570      41.293      42.197      43.965
    SOFAS_12        42.745      45.971      47.622      56.242      64.862      66.512      69.739
    SOFAS_24        50.423      52.784      53.992      60.299      66.607      67.815      70.176

 Intercepts
    SANS_0           9.812      11.411      12.229      16.499      20.770      21.588      23.187
    SANS_12         10.046      11.875      12.810      17.696      22.581      23.516      25.345
    SANS_24          2.871       3.751       4.201       6.552       8.903       9.353      10.234

 Variances
    SOFAS_0        -20.526       7.129      21.276      95.152     169.028     183.175     210.830
    SOFAS_12       151.904     181.501     196.641     275.703     354.766     369.905     399.502
    SOFAS_24        38.646      96.207     125.651     279.415     433.180     462.624     520.185

 Residual Variances
    SANS_0           9.204       9.695       9.946      11.256      12.567      12.818      13.309
    SANS_12          4.545       5.009       5.245       6.482       7.719       7.956       8.419
    SANS_24          4.889       5.352       5.590       6.829       8.068       8.305       8.769


     Beginning Time:  10:14:22
        Ending Time:  10:14:22
       Elapsed Time:  00:00:00



MUTHEN & MUTHEN
3463 Stoner Ave.
Los Angeles, CA  90066

Tel: (310) 391-9971
Fax: (310) 391-8971
Web: www.StatModel.com
Support: Support@StatModel.com

Copyright (c) 1998-2021 Muthen & Muthen
