Mplus VERSION 8.6 (Mac)
MUTHEN & MUTHEN
07/27/2023   3:03 AM

INPUT INSTRUCTIONS

  TITLE:
  GMM_CI_isqcub@0_FIX
  DATA:
  FILE = "~/Desktop/DIST/SAPS/Results/GMM/CI/isqcub@0/GMM9.dat";

  VARIABLE:
  NAMES = pin SAPS_0 SAPS_1 SAPS_2 SAPS_3 SAPS_6 SAPS_9 SAPS_12 SAPS_18 SAPS_24;
   MISSING=.;
   USEVAR = SAPS_0 SAPS_1 SAPS_2 SAPS_3 SAPS_6 SAPS_9 SAPS_12 SAPS_18 SAPS_24;
  IDVAR = pin;
  CLASSES = c(2);
  ANALYSIS:
  TYPE = MIXTURE;
  STARTS = 4000 1000;
  K-1STARTS = 2000 500;
  DISTRIBUTION = SKEWNORMAL;
  PROCESSORS = 8;
  MODEL:
  %OVERALL%
  i s q cub | SAPS_0@0 SAPS_1@1 SAPS_2@2 SAPS_3@3 SAPS_6@6 SAPS_9@9 SAPS_12@12 SAPS_18@18
  SAPS_24@24;
  i s q cub@0;
  i WITH s q cub;
  s WITH q cub;
  q WITH cub;
  SAPS_0 SAPS_1 SAPS_2 SAPS_3 SAPS_6 SAPS_9 SAPS_12 SAPS_18 SAPS_24;
  %C#1%
  SAPS_0 SAPS_1 SAPS_2 SAPS_3 SAPS_6 SAPS_9 SAPS_12 SAPS_18 SAPS_24 (1);
  %C#2%
  SAPS_0 SAPS_1 SAPS_2 SAPS_3 SAPS_6 SAPS_9 SAPS_12 SAPS_18 SAPS_24 (1);
  OUTPUT:
  TECH7;
  TECH11;
  SAMPSTAT;
  STANDARDIZED;
  CINTERVAL;
  SAVEDATA:
  FILE = GMM_CI_isqcub@0_FIX_est.dat;
  SAVE = CPROBABILITIES FSCORES;



*** WARNING in MODEL command
  All continuous latent variable covariances involving CUB have been fixed to 0
  because the variance of CUB is fixed at 0.
   1 WARNING(S) FOUND IN THE INPUT INSTRUCTIONS




GMM_CI_isqcub@0_FIX

SUMMARY OF ANALYSIS

Number of groups                                                 1
Number of observations                                         404

Number of dependent variables                                    9
Number of independent variables                                  0
Number of continuous latent variables                            4
Number of categorical latent variables                           1

Observed dependent variables

  Continuous
   SAPS_0      SAPS_1      SAPS_2      SAPS_3      SAPS_6      SAPS_9
   SAPS_12     SAPS_18     SAPS_24

Continuous latent variables
   I           S           Q           CUB

Categorical latent variables
   C

Variables with special functions

  ID variable           PIN

Estimator                                                      MLR
Information matrix                                        OBSERVED
Optimization Specifications for the Quasi-Newton Algorithm for
Continuous Outcomes
  Maximum number of iterations                                 100
  Convergence criterion                                  0.100D-03
Optimization Specifications for the EM Algorithm
  Maximum number of iterations                                 500
  Convergence criteria
    Loglikelihood change                                 0.100D-02
    Relative loglikelihood change                        0.100D-05
    Derivative                                           0.100D-03
Optimization Specifications for the M step of the EM Algorithm for
Categorical Latent variables
  Number of M step iterations                                    1
  M step convergence criterion                           0.100D-03
  Basis for M step termination                           ITERATION
Optimization Specifications for the M step of the EM Algorithm for
Censored, Binary or Ordered Categorical (Ordinal), Unordered
Categorical (Nominal) and Count Outcomes
  Number of M step iterations                                    1
  M step convergence criterion                           0.100D-03
  Basis for M step termination                           ITERATION
  Maximum value for logit thresholds                            15
  Minimum value for logit thresholds                           -15
  Minimum expected cell size for chi-square              0.100D-01
Maximum number of iterations for H1                           2000
Convergence criterion for H1                             0.100D-03
Optimization algorithm                                         EMA
Random Starts Specifications
  Number of initial stage random starts                       4000
  Number of final stage optimizations                         1000
  Number of initial stage iterations                            10
  Initial stage convergence criterion                    0.100D+01
  Random starts scale                                    0.500D+01
  Random seed for generating random starts                       0
Distribution Specifications
  Distribution                                          SKEWNORMAL

Input data file(s)
  ~/Desktop/DIST/SAPS/Results/GMM/CI/isqcub@0/GMM9.dat
Input data format  FREE


SUMMARY OF DATA

     Number of missing data patterns            63
     Number of y missing data patterns          63
     Number of u missing data patterns           0


COVARIANCE COVERAGE OF DATA

Minimum covariance coverage value   0.100


     PROPORTION OF DATA PRESENT FOR Y


           Covariance Coverage
              SAPS_0        SAPS_1        SAPS_2        SAPS_3        SAPS_6
              ________      ________      ________      ________      ________
 SAPS_0         0.998
 SAPS_1         0.673         0.676
 SAPS_2         0.844         0.597         0.847
 SAPS_3         0.943         0.634         0.822         0.946
 SAPS_6         0.906         0.606         0.777         0.871         0.908
 SAPS_9         0.861         0.579         0.750         0.812         0.795
 SAPS_12        0.866         0.574         0.723         0.817         0.790
 SAPS_18        0.819         0.540         0.683         0.772         0.745
 SAPS_24        0.790         0.520         0.691         0.748         0.720


           Covariance Coverage
              SAPS_9        SAPS_12       SAPS_18       SAPS_24
              ________      ________      ________      ________
 SAPS_9         0.864
 SAPS_12        0.772         0.869
 SAPS_18        0.725         0.745         0.822
 SAPS_24        0.723         0.720         0.708         0.792


SAMPLE STATISTICS


     ESTIMATED SAMPLE STATISTICS


           Means
              SAPS_0        SAPS_1        SAPS_2        SAPS_3        SAPS_6
              ________      ________      ________      ________      ________
               11.475         5.546         4.114         3.495         3.555


           Means
              SAPS_9        SAPS_12       SAPS_18       SAPS_24
              ________      ________      ________      ________
                3.371         3.555         3.350         3.332


           Covariances
              SAPS_0        SAPS_1        SAPS_2        SAPS_3        SAPS_6
              ________      ________      ________      ________      ________
 SAPS_0        10.556
 SAPS_1         3.838        15.000
 SAPS_2         2.583        10.530        13.543
 SAPS_3         2.254         7.337         9.844        13.149
 SAPS_6         2.048         6.066         7.351         7.109        13.625
 SAPS_9         1.161         3.508         5.318         5.892         7.375
 SAPS_12        2.116         3.708         4.011         5.492         6.362
 SAPS_18        1.006         3.215         3.935         4.962         5.383
 SAPS_24        0.983         2.359         3.251         3.783         3.528


           Covariances
              SAPS_9        SAPS_12       SAPS_18       SAPS_24
              ________      ________      ________      ________
 SAPS_9        12.257
 SAPS_12        6.137        14.430
 SAPS_18        4.846         7.162        13.115
 SAPS_24        4.398         5.157         5.749        14.978


           Correlations
              SAPS_0        SAPS_1        SAPS_2        SAPS_3        SAPS_6
              ________      ________      ________      ________      ________
 SAPS_0         1.000
 SAPS_1         0.305         1.000
 SAPS_2         0.216         0.739         1.000
 SAPS_3         0.191         0.522         0.738         1.000
 SAPS_6         0.171         0.424         0.541         0.531         1.000
 SAPS_9         0.102         0.259         0.413         0.464         0.571
 SAPS_12        0.171         0.252         0.287         0.399         0.454
 SAPS_18        0.085         0.229         0.295         0.378         0.403
 SAPS_24        0.078         0.157         0.228         0.270         0.247


           Correlations
              SAPS_9        SAPS_12       SAPS_18       SAPS_24
              ________      ________      ________      ________
 SAPS_9         1.000
 SAPS_12        0.461         1.000
 SAPS_18        0.382         0.521         1.000
 SAPS_24        0.325         0.351         0.410         1.000


     MAXIMUM LOG-LIKELIHOOD VALUE FOR THE UNRESTRICTED (H1) MODEL IS -7898.566


UNIVARIATE SAMPLE STATISTICS


     UNIVARIATE HIGHER-ORDER MOMENT DESCRIPTIVE STATISTICS

         Variable/         Mean/     Skewness/   Minimum/ % with                Percentiles
        Sample Size      Variance    Kurtosis    Maximum  Min/Max      20%/60%    40%/80%    Median

     SAPS_0               11.479      -0.268       2.000    0.50%       9.000     11.000     12.000
             403.000      10.552      -0.259      20.000    0.25%      13.000     14.000
     SAPS_1                5.473       0.416       0.000   10.62%       2.000      4.000      5.000
             273.000      14.491      -0.593      16.000    0.73%       6.000      9.000
     SAPS_2                4.009       0.987       0.000   18.13%       1.000      2.000      3.000
             342.000      13.377       0.578      18.000    0.29%       4.000      7.000
     SAPS_3                3.442       1.067       0.000   28.80%       0.000      1.000      2.000
             382.000      12.933       0.497      16.000    0.26%       3.000      6.000
     SAPS_6                3.542       0.982       0.000   30.79%       0.000      1.000      2.000
             367.000      13.736       0.170      16.000    0.27%       4.000      6.000
     SAPS_9                3.318       1.129       0.000   30.37%       0.000      1.000      2.000
             349.000      12.395       0.858      16.000    0.29%       3.000      6.000
     SAPS_12               3.587       1.270       0.000   27.07%       0.000      2.000      3.000
             351.000      14.527       1.138      18.000    0.28%       3.000      6.000
     SAPS_18               3.250       1.304       0.000   30.42%       0.000      1.000      2.000
             332.000      12.820       1.292      17.000    0.30%       3.000      6.000
     SAPS_24               3.297       1.339       0.000   33.44%       0.000      1.000      2.000
             320.000      15.040       1.095      17.000    0.31%       3.000      6.000

RANDOM STARTS RESULTS RANKED FROM THE BEST TO THE WORST LOGLIKELIHOOD VALUES


3598 perturbed starting value run(s) did not converge or were rejected in the third stage.
Final stage loglikelihood values at local maxima, seeds, and initial stage start numbers:

           -8444.059  702334           2702
           -8444.703  137767           3361
           -8444.703  786697           3291
           -8444.703  265927           3685
           -8444.736  582615           2431
           -8444.736  693300           3487
           -8445.596  902278           21
           -8445.596  585553           3136
           -8446.949  626208           698
           -8446.950  864006           1075
           -8447.237  861335           2170
           -8458.403  149379           2696
           -8460.602  813779           92
           -8460.602  278661           674
           -8460.602  19271            3020
           -8460.602  540678           2071
           -8460.797  233050           2087
           -8460.867  782200           84
           -8460.867  612218           3784
           -8460.867  950763           3609
           -8472.365  246967           1557
           -8472.365  500460           2953
           -8472.365  672942           1098
           -8472.365  414059           1200
           -8472.365  293820           1279
           -8472.365  182461           1346
           -8472.365  641965           2699
           -8472.365  33404            2858
           -8472.365  911681           3100
           -8472.365  604861           800
           -8472.365  49910            829
           -8472.365  206705           3822
           -8472.365  605565           404
           -8472.365  391949           295
           -8472.365  484687           306
           -8472.365  163116           1329
           -8472.365  122167           2706
           -8472.365  889772           2832
           -8472.365  374171           2920
           -8472.365  135076           1692
           -8472.365  476830           3388
           -8472.365  200506           3391
           -8472.365  779820           877
           -8472.365  96362            1801
           -8472.365  576306           3678
           -8472.365  821206           1840
           -8472.365  305006           3775
           -8472.365  956646           3812
           -8472.365  145431           1920
           -8472.365  856347           1927
           -8472.365  206840           3985
           -8472.365  913220           3990
           -8472.365  502379           3811
           -8487.268  459780           3519
           -8487.636  609185           181
           -8507.757  330591           2510
           -8507.757  467561           819
           -8507.757  85735            2067
           -8507.757  708577           1350
           -8507.757  96452            1783
           -8507.757  850112           922
           -8507.757  264521           929
           -8507.757  408713           450
           -8507.757  62738            2074
           -8507.757  809240           543
           -8507.757  804104           566
           -8507.757  753644           2437
           -8507.757  249557           2545
           -8507.757  690761           2600
           -8507.757  145786           2785
           -8507.757  241197           747
           -8507.757  467054           3103
           -8507.757  514936           1793
           -8507.757  280227           1863
           -8507.757  961880           2019
           -8507.757  153053           378
           -8507.757  294811           637
           -8507.757  689529           516
           -8507.757  807926           2090
           -8507.757  476204           1318
           -8507.757  194728           2949
           -8507.757  676616           3348
           -8507.757  179748           3505
           -8507.757  736705           3319
           -8507.757  643311           888
           -8532.202  553953           1595
           -8544.120  122040           1231
           -8544.120  323342           3569
           -8544.120  555330           1400
           -8544.120  86651            993

910 perturbed starting value run(s) did not converge or were rejected in the third stage.



THE BEST LOGLIKELIHOOD VALUE HAS BEEN REPLICATED.  RERUN WITH AT LEAST TWICE THE
RANDOM STARTS TO CHECK THAT THE BEST LOGLIKELIHOOD IS STILL OBTAINED AND REPLICATED.

     ONE OR MORE PARAMETERS WERE FIXED TO AVOID SINGULARITY OF THE
     INFORMATION MATRIX. THE SINGULARITY IS MOST LIKELY BECAUSE THE
     MODEL IS NOT IDENTIFIED, OR BECAUSE OF EMPTY CELLS IN THE JOINT
     DISTRIBUTION OF THE CATEGORICAL VARIABLES IN THE MODEL.
     THE FOLLOWING PARAMETERS WERE FIXED:
     Parameter 6, %C#1%: I (equality/label)
     Parameter 7, %C#1%: S WITH I (equality/label)
     Parameter 9, %C#1%: Q WITH I (equality/label)
     Parameter 16, %C#2%: [ I ]
     Parameter 17, %C#2%: [ S ]
     Parameter 18, %C#2%: [ Q ]
     Parameter 19, %C#2%: [ CUB ]
     Parameter 20, %C#2%: { I }
     Parameter 21, %C#2%: { S }
     Parameter 22, %C#2%: { Q }
     Parameter 23, %C#2%: { CUB }
     Parameter 24, [ C#1 ]

     THIS MAY ALSO BE DUE TO RESIDUAL VARIANCES CONVERGING TO 0.
     THESE RESIDUAL VARIANCES AND CORRESPONDING COVARIANCES ARE FIXED TO 0.


THE MODEL ESTIMATION TERMINATED NORMALLY



MODEL FIT INFORMATION

Number of Free Parameters                       24

Loglikelihood

          H0 Value                       -8444.059
          H0 Scaling Correction Factor      0.5853
            for MLR

Information Criteria

          Akaike (AIC)                   16936.118
          Bayesian (BIC)                 17032.152
          Sample-Size Adjusted BIC       16955.997
            (n* = (n + 2) / 24)



FINAL CLASS COUNTS AND PROPORTIONS FOR THE LATENT CLASSES
BASED ON THE ESTIMATED MODEL

    Latent
   Classes

       1        404.00000          1.00000
       2          0.00000          0.00000


FINAL CLASS COUNTS AND PROPORTIONS FOR THE LATENT CLASSES
BASED ON ESTIMATED POSTERIOR PROBABILITIES

    Latent
   Classes

       1        404.00000          1.00000
       2          0.00000          0.00000


FINAL CLASS COUNTS AND PROPORTIONS FOR THE LATENT CLASSES
BASED ON THEIR MOST LIKELY LATENT CLASS MEMBERSHIP

Class Counts and Proportions

    Latent
   Classes

       1              404          1.00000
       2                0          0.00000


CLASSIFICATION QUALITY

     Entropy                         1.000


Average Latent Class Probabilities for Most Likely Latent Class Membership (Row)
by Latent Class (Column)

           1        2

    1   1.000    0.000
    2   0.000    0.000


Classification Probabilities for the Most Likely Latent Class Membership (Column)
by Latent Class (Row)

           1        2

    1   1.000    0.000
    2   0.000    0.000


Logits for the Classification Probabilities for the Most Likely Latent Class Membership (Column)
by Latent Class (Row)

              1        2

    1     13.816    0.000
    2      0.000    0.000


MODEL RESULTS

                                                    Two-Tailed
                    Estimate       S.E.  Est./S.E.    P-Value

Latent Class 1

 I        |
    SAPS_0             1.000      0.000    999.000    999.000
    SAPS_1             1.000      0.000    999.000    999.000
    SAPS_2             1.000      0.000    999.000    999.000
    SAPS_3             1.000      0.000    999.000    999.000
    SAPS_6             1.000      0.000    999.000    999.000
    SAPS_9             1.000      0.000    999.000    999.000
    SAPS_12            1.000      0.000    999.000    999.000
    SAPS_18            1.000      0.000    999.000    999.000
    SAPS_24            1.000      0.000    999.000    999.000

 S        |
    SAPS_0             0.000      0.000    999.000    999.000
    SAPS_1             1.000      0.000    999.000    999.000
    SAPS_2             2.000      0.000    999.000    999.000
    SAPS_3             3.000      0.000    999.000    999.000
    SAPS_6             6.000      0.000    999.000    999.000
    SAPS_9             9.000      0.000    999.000    999.000
    SAPS_12           12.000      0.000    999.000    999.000
    SAPS_18           18.000      0.000    999.000    999.000
    SAPS_24           24.000      0.000    999.000    999.000

 Q        |
    SAPS_0             0.000      0.000    999.000    999.000
    SAPS_1             1.000      0.000    999.000    999.000
    SAPS_2             4.000      0.000    999.000    999.000
    SAPS_3             9.000      0.000    999.000    999.000
    SAPS_6            36.000      0.000    999.000    999.000
    SAPS_9            81.000      0.000    999.000    999.000
    SAPS_12          144.000      0.000    999.000    999.000
    SAPS_18          324.000      0.000    999.000    999.000
    SAPS_24          576.000      0.000    999.000    999.000

 CUB      |
    SAPS_0             0.000      0.000    999.000    999.000
    SAPS_1             1.000      0.000    999.000    999.000
    SAPS_2             8.000      0.000    999.000    999.000
    SAPS_3            27.000      0.000    999.000    999.000
    SAPS_6           216.000      0.000    999.000    999.000
    SAPS_9           729.000      0.000    999.000    999.000
    SAPS_12         1728.000      0.000    999.000    999.000
    SAPS_18         5832.000      0.000    999.000    999.000
    SAPS_24        13824.000      0.000    999.000    999.000

 I        WITH
    S                  0.000      0.000    999.000    999.000
    Q                  0.000      0.000    999.000    999.000
    CUB                0.000      0.000    999.000    999.000

 S        WITH
    Q                 -0.004      0.001     -3.876      0.000
    CUB                0.000      0.000    999.000    999.000

 Q        WITH
    CUB                0.000      0.000    999.000    999.000

 Means
    I                 11.728      0.337     34.791      0.000
    S                 -1.710      0.141    -12.129      0.000
    Q                  0.130      0.015      8.592      0.000
    CUB               -0.003      0.000     -7.201      0.000

 Intercepts
    SAPS_0             0.000      0.000    999.000    999.000
    SAPS_1             0.000      0.000    999.000    999.000
    SAPS_2             0.000      0.000    999.000    999.000
    SAPS_3             0.000      0.000    999.000    999.000
    SAPS_6             0.000      0.000    999.000    999.000
    SAPS_9             0.000      0.000    999.000    999.000
    SAPS_12            0.000      0.000    999.000    999.000
    SAPS_18            0.000      0.000    999.000    999.000
    SAPS_24            0.000      0.000    999.000    999.000

 Variances
    I                  0.000      0.000    999.000    999.000
    S                  0.108      0.022      4.915      0.000
    Q                  0.000      0.000      3.063      0.002
    CUB                0.000      0.000    999.000    999.000

 Residual Variances
    SAPS_0            10.104      0.446     22.656      0.000
    SAPS_1            10.104      0.446     22.656      0.000
    SAPS_2            10.104      0.446     22.656      0.000
    SAPS_3            10.104      0.446     22.656      0.000
    SAPS_6            10.104      0.446     22.656      0.000
    SAPS_9            10.104      0.446     22.656      0.000
    SAPS_12           10.104      0.446     22.656      0.000
    SAPS_18           10.104      0.446     22.656      0.000
    SAPS_24           10.104      0.446     22.656      0.000

Latent Class 2

 I        |
    SAPS_0             1.000      0.000    999.000    999.000
    SAPS_1             1.000      0.000    999.000    999.000
    SAPS_2             1.000      0.000    999.000    999.000
    SAPS_3             1.000      0.000    999.000    999.000
    SAPS_6             1.000      0.000    999.000    999.000
    SAPS_9             1.000      0.000    999.000    999.000
    SAPS_12            1.000      0.000    999.000    999.000
    SAPS_18            1.000      0.000    999.000    999.000
    SAPS_24            1.000      0.000    999.000    999.000

 S        |
    SAPS_0             0.000      0.000    999.000    999.000
    SAPS_1             1.000      0.000    999.000    999.000
    SAPS_2             2.000      0.000    999.000    999.000
    SAPS_3             3.000      0.000    999.000    999.000
    SAPS_6             6.000      0.000    999.000    999.000
    SAPS_9             9.000      0.000    999.000    999.000
    SAPS_12           12.000      0.000    999.000    999.000
    SAPS_18           18.000      0.000    999.000    999.000
    SAPS_24           24.000      0.000    999.000    999.000

 Q        |
    SAPS_0             0.000      0.000    999.000    999.000
    SAPS_1             1.000      0.000    999.000    999.000
    SAPS_2             4.000      0.000    999.000    999.000
    SAPS_3             9.000      0.000    999.000    999.000
    SAPS_6            36.000      0.000    999.000    999.000
    SAPS_9            81.000      0.000    999.000    999.000
    SAPS_12          144.000      0.000    999.000    999.000
    SAPS_18          324.000      0.000    999.000    999.000
    SAPS_24          576.000      0.000    999.000    999.000

 CUB      |
    SAPS_0             0.000      0.000    999.000    999.000
    SAPS_1             1.000      0.000    999.000    999.000
    SAPS_2             8.000      0.000    999.000    999.000
    SAPS_3            27.000      0.000    999.000    999.000
    SAPS_6           216.000      0.000    999.000    999.000
    SAPS_9           729.000      0.000    999.000    999.000
    SAPS_12         1728.000      0.000    999.000    999.000
    SAPS_18         5832.000      0.000    999.000    999.000
    SAPS_24        13824.000      0.000    999.000    999.000

 I        WITH
    S                  0.000      0.000    999.000    999.000
    Q                  0.000      0.000    999.000    999.000
    CUB                0.000      0.000    999.000    999.000

 S        WITH
    Q                 -0.004      0.001     -3.876      0.000
    CUB                0.000      0.000    999.000    999.000

 Q        WITH
    CUB                0.000      0.000    999.000    999.000

 Means
    I                 30.387      0.000    999.000    999.000
    S                -29.872      0.000    999.000    999.000
    Q                 -7.081      0.000    999.000    999.000
    CUB                2.304      0.000    999.000    999.000

 Intercepts
    SAPS_0             0.000      0.000    999.000    999.000
    SAPS_1             0.000      0.000    999.000    999.000
    SAPS_2             0.000      0.000    999.000    999.000
    SAPS_3             0.000      0.000    999.000    999.000
    SAPS_6             0.000      0.000    999.000    999.000
    SAPS_9             0.000      0.000    999.000    999.000
    SAPS_12            0.000      0.000    999.000    999.000
    SAPS_18            0.000      0.000    999.000    999.000
    SAPS_24            0.000      0.000    999.000    999.000

 Variances
    I                  0.000      0.000    999.000    999.000
    S                  0.108      0.022      4.915      0.000
    Q                  0.000      0.000      3.063      0.002
    CUB                0.000      0.000    999.000    999.000

 Residual Variances
    SAPS_0            10.104      0.446     22.656      0.000
    SAPS_1            10.104      0.446     22.656      0.000
    SAPS_2            10.104      0.446     22.656      0.000
    SAPS_3            10.104      0.446     22.656      0.000
    SAPS_6            10.104      0.446     22.656      0.000
    SAPS_9            10.104      0.446     22.656      0.000
    SAPS_12           10.104      0.446     22.656      0.000
    SAPS_18           10.104      0.446     22.656      0.000
    SAPS_24           10.104      0.446     22.656      0.000

Categorical Latent Variables

 Means
    C#1              671.788      0.000    999.000    999.000

Skew and Df Parameters

Latent Class 1

    I                 -3.180      0.316    -10.049      0.000
    S                 -0.257      0.137     -1.880      0.060
    Q                  0.044      0.015      2.970      0.003
    CUB               -0.001      0.000     -3.046      0.002

Latent Class 2

    I                 -0.568      0.000    999.000    999.000
    S                 -0.182      0.000    999.000    999.000
    Q                  3.053      0.000    999.000    999.000
    CUB                1.551      0.000    999.000    999.000


QUALITY OF NUMERICAL RESULTS

     Condition Number for the Information Matrix              0.926E-09
       (ratio of smallest to largest eigenvalue)


STANDARDIZED MODEL RESULTS

                      StdYX       StdY        Std
                    Estimate   Estimate   Estimate

Latent Class 1

 I        |
    SAPS_0             0.516      0.516      1.917
    SAPS_1             0.505      0.505      1.917
    SAPS_2             0.495      0.495      1.917
    SAPS_3             0.486      0.486      1.917
    SAPS_6             0.467      0.467      1.917
    SAPS_9             0.460      0.460      1.917
    SAPS_12            0.461      0.461      1.917
    SAPS_18            0.475      0.475      1.917
    SAPS_24            0.495      0.495      1.917

 S        |
    SAPS_0             0.000      0.000      0.000
    SAPS_1             0.096      0.096      0.363
    SAPS_2             0.187      0.187      0.726
    SAPS_3             0.276      0.276      1.088
    SAPS_6             0.531      0.531      2.177
    SAPS_9             0.784      0.784      3.265
    SAPS_12            1.046      1.046      4.353
    SAPS_18            1.618      1.618      6.530
    SAPS_24            2.248      2.248      8.707

 Q        |
    SAPS_0             0.000      0.000      0.000
    SAPS_1             0.008      0.008      0.029
    SAPS_2             0.030      0.030      0.115
    SAPS_3             0.065      0.065      0.258
    SAPS_6             0.251      0.251      1.031
    SAPS_9             0.557      0.557      2.319
    SAPS_12            0.991      0.991      4.123
    SAPS_18            2.299      2.299      9.277
    SAPS_24            4.258      4.258     16.493

 CUB      |
    SAPS_0             0.000      0.000      0.000
    SAPS_1             0.000      0.000      0.001
    SAPS_2             0.002      0.002      0.006
    SAPS_3             0.005      0.005      0.020
    SAPS_6             0.039      0.039      0.161
    SAPS_9             0.131      0.131      0.544
    SAPS_12            0.310      0.310      1.290
    SAPS_18            1.078      1.078      4.353
    SAPS_24            2.664      2.664     10.318

 I        WITH
    S                  0.000      0.000      0.000
    Q                  0.000      0.000      0.000
    CUB              999.000    999.000    999.000

 S        WITH
    Q                 -0.975     -0.975     -0.975
    CUB              999.000    999.000    999.000

 Q        WITH
    CUB              999.000    999.000    999.000

 Means
    I                  6.118      6.118      6.118
    S                 -4.712     -4.712     -4.712
    Q                  4.525      4.525      4.525
    CUB               -4.002     -4.002     -4.002

 Intercepts
    SAPS_0             0.000      0.000      0.000
    SAPS_1             0.000      0.000      0.000
    SAPS_2             0.000      0.000      0.000
    SAPS_3             0.000      0.000      0.000
    SAPS_6             0.000      0.000      0.000
    SAPS_9             0.000      0.000      0.000
    SAPS_12            0.000      0.000      0.000
    SAPS_18            0.000      0.000      0.000
    SAPS_24            0.000      0.000      0.000

 Variances
    I                  0.000      0.000      0.000
    S                  0.817      0.817      0.817
    Q                  0.161      0.161      0.161
    CUB                0.000    999.000    999.000

 Residual Variances
    SAPS_0             0.733      0.733     10.104
    SAPS_1             0.702      0.702     10.104
    SAPS_2             0.673      0.673     10.104
    SAPS_3             0.649      0.649     10.104
    SAPS_6             0.601      0.601     10.104
    SAPS_9             0.583      0.583     10.104
    SAPS_12            0.584      0.584     10.104
    SAPS_18            0.620      0.620     10.104
    SAPS_24            0.673      0.673     10.104

Latent Class 2

 I        |
    SAPS_0             0.107      0.107      0.343
    SAPS_1             0.087      0.087      0.343
    SAPS_2             0.023      0.023      0.343
    SAPS_3             0.008      0.008      0.343
    SAPS_6             0.001      0.001      0.343
    SAPS_9             0.000      0.000      0.343
    SAPS_12            0.000      0.000      0.343
    SAPS_18            0.000      0.000      0.343
    SAPS_24            0.000      0.000      0.343

 S        |
    SAPS_0             0.000      0.000      0.000
    SAPS_1             0.088      0.088      0.346
    SAPS_2             0.047      0.047      0.692
    SAPS_3             0.025      0.025      1.037
    SAPS_6             0.008      0.008      2.075
    SAPS_9             0.004      0.004      3.112
    SAPS_12            0.002      0.002      4.149
    SAPS_18            0.001      0.001      6.224
    SAPS_24            0.001      0.001      8.299

 Q        |
    SAPS_0             0.000      0.000      0.000
    SAPS_1             0.466      0.466      1.840
    SAPS_2             0.503      0.503      7.361
    SAPS_3             0.401      0.401     16.562
    SAPS_6             0.248      0.248     66.249
    SAPS_9             0.180      0.180    149.061
    SAPS_12            0.141      0.141    264.998
    SAPS_18            0.099      0.099    596.245
    SAPS_24            0.076      0.076   1059.991

 CUB      |
    SAPS_0             0.000      0.000      0.000
    SAPS_1             0.237      0.237      0.935
    SAPS_2             0.511      0.511      7.477
    SAPS_3             0.612      0.612     25.236
    SAPS_6             0.756      0.756    201.887
    SAPS_9             0.822      0.822    681.368
    SAPS_12            0.860      0.860   1615.095
    SAPS_18            0.902      0.902   5450.947
    SAPS_24            0.924      0.924  12920.763

 I        WITH
    S                  0.000      0.000      0.000
    Q                  0.000      0.000      0.000
    CUB              999.000    999.000    999.000

 S        WITH
    Q                 -0.975     -0.975     -0.975
    CUB              999.000    999.000    999.000

 Q        WITH
    CUB              999.000    999.000    999.000

 Means
    I                 88.652     88.652     88.652
    S                -86.393    -86.393    -86.393
    Q                 -3.848     -3.848     -3.848
    CUB                2.465      2.465      2.465

 Intercepts
    SAPS_0             0.000      0.000      0.000
    SAPS_1             0.000      0.000      0.000
    SAPS_2             0.000      0.000      0.000
    SAPS_3             0.000      0.000      0.000
    SAPS_6             0.000      0.000      0.000
    SAPS_9             0.000      0.000      0.000
    SAPS_12            0.000      0.000      0.000
    SAPS_18            0.000      0.000      0.000
    SAPS_24            0.000      0.000      0.000

 Variances
    I                  0.001      0.001      0.001
    S                  0.900      0.900      0.900
    Q                  0.000      0.000      0.000
    CUB                0.000    999.000    999.000

 Residual Variances
    SAPS_0             0.989      0.989     10.104
    SAPS_1             0.648      0.648     10.104
    SAPS_2             0.047      0.047     10.104
    SAPS_3             0.006      0.006     10.104
    SAPS_6             0.000      0.000     10.104
    SAPS_9             0.000      0.000     10.104
    SAPS_12            0.000      0.000     10.104
    SAPS_18            0.000      0.000     10.104
    SAPS_24            0.000      0.000     10.104


R-SQUARE

Class 1

    Observed
    Variable        Estimate

    SAPS_0             0.267
    SAPS_1             0.298
    SAPS_2             0.327
    SAPS_3             0.351
    SAPS_6             0.399
    SAPS_9             0.417
    SAPS_12            0.416
    SAPS_18            0.380
    SAPS_24            0.327

Class 2

    Observed
    Variable        Estimate

    SAPS_0             0.011
    SAPS_1             0.352
    SAPS_2             0.953
    SAPS_3             0.994
    SAPS_6             1.000
    SAPS_9             1.000
    SAPS_12            1.000
    SAPS_18            1.000
    SAPS_24            1.000


CONFIDENCE INTERVALS OF MODEL RESULTS

                  Lower .5%  Lower 2.5%    Lower 5%    Estimate    Upper 5%  Upper 2.5%   Upper .5%

Latent Class 1

 I        |
    SAPS_0           1.000       1.000       1.000       1.000       1.000       1.000       1.000
    SAPS_1           1.000       1.000       1.000       1.000       1.000       1.000       1.000
    SAPS_2           1.000       1.000       1.000       1.000       1.000       1.000       1.000
    SAPS_3           1.000       1.000       1.000       1.000       1.000       1.000       1.000
    SAPS_6           1.000       1.000       1.000       1.000       1.000       1.000       1.000
    SAPS_9           1.000       1.000       1.000       1.000       1.000       1.000       1.000
    SAPS_12          1.000       1.000       1.000       1.000       1.000       1.000       1.000
    SAPS_18          1.000       1.000       1.000       1.000       1.000       1.000       1.000
    SAPS_24          1.000       1.000       1.000       1.000       1.000       1.000       1.000

 S        |
    SAPS_0           0.000       0.000       0.000       0.000       0.000       0.000       0.000
    SAPS_1           1.000       1.000       1.000       1.000       1.000       1.000       1.000
    SAPS_2           2.000       2.000       2.000       2.000       2.000       2.000       2.000
    SAPS_3           3.000       3.000       3.000       3.000       3.000       3.000       3.000
    SAPS_6           6.000       6.000       6.000       6.000       6.000       6.000       6.000
    SAPS_9           9.000       9.000       9.000       9.000       9.000       9.000       9.000
    SAPS_12         12.000      12.000      12.000      12.000      12.000      12.000      12.000
    SAPS_18         18.000      18.000      18.000      18.000      18.000      18.000      18.000
    SAPS_24         24.000      24.000      24.000      24.000      24.000      24.000      24.000

 Q        |
    SAPS_0           0.000       0.000       0.000       0.000       0.000       0.000       0.000
    SAPS_1           1.000       1.000       1.000       1.000       1.000       1.000       1.000
    SAPS_2           4.000       4.000       4.000       4.000       4.000       4.000       4.000
    SAPS_3           9.000       9.000       9.000       9.000       9.000       9.000       9.000
    SAPS_6          36.000      36.000      36.000      36.000      36.000      36.000      36.000
    SAPS_9          81.000      81.000      81.000      81.000      81.000      81.000      81.000
    SAPS_12        144.000     144.000     144.000     144.000     144.000     144.000     144.000
    SAPS_18        324.000     324.000     324.000     324.000     324.000     324.000     324.000
    SAPS_24        576.000     576.000     576.000     576.000     576.000     576.000     576.000

 CUB      |
    SAPS_0           0.000       0.000       0.000       0.000       0.000       0.000       0.000
    SAPS_1           1.000       1.000       1.000       1.000       1.000       1.000       1.000
    SAPS_2           8.000       8.000       8.000       8.000       8.000       8.000       8.000
    SAPS_3          27.000      27.000      27.000      27.000      27.000      27.000      27.000
    SAPS_6         216.000     216.000     216.000     216.000     216.000     216.000     216.000
    SAPS_9         729.000     729.000     729.000     729.000     729.000     729.000     729.000
    SAPS_12       1728.000    1728.000    1728.000    1728.000    1728.000    1728.000    1728.000
    SAPS_18       5832.000    5832.000    5832.000    5832.000    5832.000    5832.000    5832.000
    SAPS_24      13824.000   13824.000   13824.000   13824.000   13824.000   13824.000   13824.000

 I        WITH
    S                0.000       0.000       0.000       0.000       0.000       0.000       0.000
    Q                0.000       0.000       0.000       0.000       0.000       0.000       0.000
    CUB              0.000       0.000       0.000       0.000       0.000       0.000       0.000

 S        WITH
    Q               -0.006      -0.006      -0.005      -0.004      -0.002      -0.002      -0.001
    CUB              0.000       0.000       0.000       0.000       0.000       0.000       0.000

 Q        WITH
    CUB              0.000       0.000       0.000       0.000       0.000       0.000       0.000

 Means
    I               10.860      11.067      11.173      11.728      12.282      12.389      12.596
    S               -2.073      -1.986      -1.941      -1.710      -1.478      -1.433      -1.347
    Q                0.091       0.100       0.105       0.130       0.154       0.159       0.168
    CUB             -0.004      -0.004      -0.004      -0.003      -0.002      -0.002      -0.002

 Intercepts
    SAPS_0           0.000       0.000       0.000       0.000       0.000       0.000       0.000
    SAPS_1           0.000       0.000       0.000       0.000       0.000       0.000       0.000
    SAPS_2           0.000       0.000       0.000       0.000       0.000       0.000       0.000
    SAPS_3           0.000       0.000       0.000       0.000       0.000       0.000       0.000
    SAPS_6           0.000       0.000       0.000       0.000       0.000       0.000       0.000
    SAPS_9           0.000       0.000       0.000       0.000       0.000       0.000       0.000
    SAPS_12          0.000       0.000       0.000       0.000       0.000       0.000       0.000
    SAPS_18          0.000       0.000       0.000       0.000       0.000       0.000       0.000
    SAPS_24          0.000       0.000       0.000       0.000       0.000       0.000       0.000

 Variances
    I                0.000       0.000       0.000       0.000       0.000       0.000       0.000
    S                0.051       0.065       0.072       0.108       0.144       0.150       0.164
    Q                0.000       0.000       0.000       0.000       0.000       0.000       0.000
    CUB              0.000       0.000       0.000       0.000       0.000       0.000       0.000

 Residual Variances
    SAPS_0           8.955       9.230       9.370      10.104      10.838      10.978      11.253
    SAPS_1           8.955       9.230       9.370      10.104      10.838      10.978      11.253
    SAPS_2           8.955       9.230       9.370      10.104      10.838      10.978      11.253
    SAPS_3           8.955       9.230       9.370      10.104      10.838      10.978      11.253
    SAPS_6           8.955       9.230       9.370      10.104      10.838      10.978      11.253
    SAPS_9           8.955       9.230       9.370      10.104      10.838      10.978      11.253
    SAPS_12          8.955       9.230       9.370      10.104      10.838      10.978      11.253
    SAPS_18          8.955       9.230       9.370      10.104      10.838      10.978      11.253
    SAPS_24          8.955       9.230       9.370      10.104      10.838      10.978      11.253

Latent Class 2

 I        |
    SAPS_0           1.000       1.000       1.000       1.000       1.000       1.000       1.000
    SAPS_1           1.000       1.000       1.000       1.000       1.000       1.000       1.000
    SAPS_2           1.000       1.000       1.000       1.000       1.000       1.000       1.000
    SAPS_3           1.000       1.000       1.000       1.000       1.000       1.000       1.000
    SAPS_6           1.000       1.000       1.000       1.000       1.000       1.000       1.000
    SAPS_9           1.000       1.000       1.000       1.000       1.000       1.000       1.000
    SAPS_12          1.000       1.000       1.000       1.000       1.000       1.000       1.000
    SAPS_18          1.000       1.000       1.000       1.000       1.000       1.000       1.000
    SAPS_24          1.000       1.000       1.000       1.000       1.000       1.000       1.000

 S        |
    SAPS_0           0.000       0.000       0.000       0.000       0.000       0.000       0.000
    SAPS_1           1.000       1.000       1.000       1.000       1.000       1.000       1.000
    SAPS_2           2.000       2.000       2.000       2.000       2.000       2.000       2.000
    SAPS_3           3.000       3.000       3.000       3.000       3.000       3.000       3.000
    SAPS_6           6.000       6.000       6.000       6.000       6.000       6.000       6.000
    SAPS_9           9.000       9.000       9.000       9.000       9.000       9.000       9.000
    SAPS_12         12.000      12.000      12.000      12.000      12.000      12.000      12.000
    SAPS_18         18.000      18.000      18.000      18.000      18.000      18.000      18.000
    SAPS_24         24.000      24.000      24.000      24.000      24.000      24.000      24.000

 Q        |
    SAPS_0           0.000       0.000       0.000       0.000       0.000       0.000       0.000
    SAPS_1           1.000       1.000       1.000       1.000       1.000       1.000       1.000
    SAPS_2           4.000       4.000       4.000       4.000       4.000       4.000       4.000
    SAPS_3           9.000       9.000       9.000       9.000       9.000       9.000       9.000
    SAPS_6          36.000      36.000      36.000      36.000      36.000      36.000      36.000
    SAPS_9          81.000      81.000      81.000      81.000      81.000      81.000      81.000
    SAPS_12        144.000     144.000     144.000     144.000     144.000     144.000     144.000
    SAPS_18        324.000     324.000     324.000     324.000     324.000     324.000     324.000
    SAPS_24        576.000     576.000     576.000     576.000     576.000     576.000     576.000

 CUB      |
    SAPS_0           0.000       0.000       0.000       0.000       0.000       0.000       0.000
    SAPS_1           1.000       1.000       1.000       1.000       1.000       1.000       1.000
    SAPS_2           8.000       8.000       8.000       8.000       8.000       8.000       8.000
    SAPS_3          27.000      27.000      27.000      27.000      27.000      27.000      27.000
    SAPS_6         216.000     216.000     216.000     216.000     216.000     216.000     216.000
    SAPS_9         729.000     729.000     729.000     729.000     729.000     729.000     729.000
    SAPS_12       1728.000    1728.000    1728.000    1728.000    1728.000    1728.000    1728.000
    SAPS_18       5832.000    5832.000    5832.000    5832.000    5832.000    5832.000    5832.000
    SAPS_24      13824.000   13824.000   13824.000   13824.000   13824.000   13824.000   13824.000

 I        WITH
    S                0.000       0.000       0.000       0.000       0.000       0.000       0.000
    Q                0.000       0.000       0.000       0.000       0.000       0.000       0.000
    CUB              0.000       0.000       0.000       0.000       0.000       0.000       0.000

 S        WITH
    Q               -0.006      -0.006      -0.005      -0.004      -0.002      -0.002      -0.001
    CUB              0.000       0.000       0.000       0.000       0.000       0.000       0.000

 Q        WITH
    CUB              0.000       0.000       0.000       0.000       0.000       0.000       0.000

 Means
    I               30.387      30.387      30.387      30.387      30.387      30.387      30.387
    S              -29.872     -29.872     -29.872     -29.872     -29.872     -29.872     -29.872
    Q               -7.081      -7.081      -7.081      -7.081      -7.081      -7.081      -7.081
    CUB              2.304       2.304       2.304       2.304       2.304       2.304       2.304

 Intercepts
    SAPS_0           0.000       0.000       0.000       0.000       0.000       0.000       0.000
    SAPS_1           0.000       0.000       0.000       0.000       0.000       0.000       0.000
    SAPS_2           0.000       0.000       0.000       0.000       0.000       0.000       0.000
    SAPS_3           0.000       0.000       0.000       0.000       0.000       0.000       0.000
    SAPS_6           0.000       0.000       0.000       0.000       0.000       0.000       0.000
    SAPS_9           0.000       0.000       0.000       0.000       0.000       0.000       0.000
    SAPS_12          0.000       0.000       0.000       0.000       0.000       0.000       0.000
    SAPS_18          0.000       0.000       0.000       0.000       0.000       0.000       0.000
    SAPS_24          0.000       0.000       0.000       0.000       0.000       0.000       0.000

 Variances
    I                0.000       0.000       0.000       0.000       0.000       0.000       0.000
    S                0.051       0.065       0.072       0.108       0.144       0.150       0.164
    Q                0.000       0.000       0.000       0.000       0.000       0.000       0.000
    CUB              0.000       0.000       0.000       0.000       0.000       0.000       0.000

 Residual Variances
    SAPS_0           8.955       9.230       9.370      10.104      10.838      10.978      11.253
    SAPS_1           8.955       9.230       9.370      10.104      10.838      10.978      11.253
    SAPS_2           8.955       9.230       9.370      10.104      10.838      10.978      11.253
    SAPS_3           8.955       9.230       9.370      10.104      10.838      10.978      11.253
    SAPS_6           8.955       9.230       9.370      10.104      10.838      10.978      11.253
    SAPS_9           8.955       9.230       9.370      10.104      10.838      10.978      11.253
    SAPS_12          8.955       9.230       9.370      10.104      10.838      10.978      11.253
    SAPS_18          8.955       9.230       9.370      10.104      10.838      10.978      11.253
    SAPS_24          8.955       9.230       9.370      10.104      10.838      10.978      11.253

Categorical Latent Variables

 Means
    C#1            671.788     671.788     671.788     671.788     671.788     671.788     671.788

Skew and Df Parameters

Latent Class 1

    I               -3.995      -3.800      -3.701      -3.180      -2.660      -2.560      -2.365
    S               -0.610      -0.526      -0.482      -0.257      -0.032       0.011       0.095
    Q                0.006       0.015       0.019       0.044       0.068       0.072       0.081
    CUB             -0.002      -0.002      -0.002      -0.001      -0.001       0.000       0.000

Latent Class 2

    I               -0.568      -0.568      -0.568      -0.568      -0.568      -0.568      -0.568
    S               -0.182      -0.182      -0.182      -0.182      -0.182      -0.182      -0.182
    Q                3.053       3.053       3.053       3.053       3.053       3.053       3.053
    CUB              1.551       1.551       1.551       1.551       1.551       1.551       1.551


TECHNICAL 7 OUTPUT


     SAMPLE STATISTICS WEIGHTED BY ESTIMATED CLASS PROBABILITIES FOR CLASS 1


           Means
              SAPS_0        SAPS_1        SAPS_2        SAPS_3        SAPS_6
              ________      ________      ________      ________      ________
               11.479         5.473         4.009         3.442         3.542


           Means
              SAPS_9        SAPS_12       SAPS_18       SAPS_24
              ________      ________      ________      ________
                3.318         3.587         3.250         3.297


           Covariances
              SAPS_0        SAPS_1        SAPS_2        SAPS_3        SAPS_6
              ________      ________      ________      ________      ________
 SAPS_0        10.552
 SAPS_1         4.645        14.491
 SAPS_2         2.819         9.290        13.377
 SAPS_3         2.299         5.790         8.709        12.933
 SAPS_6         2.607         6.395         7.103         6.795        13.736
 SAPS_9         1.568         3.581         5.501         5.517         7.181
 SAPS_12        2.426         5.259         4.518         5.846         6.520
 SAPS_18        1.358         5.223         4.877         4.581         5.315
 SAPS_24        1.723         2.820         2.923         4.131         3.672


           Covariances
              SAPS_9        SAPS_12       SAPS_18       SAPS_24
              ________      ________      ________      ________
 SAPS_9        12.395
 SAPS_12        6.698        14.527
 SAPS_18        4.472         5.343        12.820
 SAPS_24        4.143         5.405         5.121        15.040


     SAMPLE STATISTICS WEIGHTED BY ESTIMATED CLASS PROBABILITIES FOR CLASS 2


           Means
              SAPS_0        SAPS_1        SAPS_2        SAPS_3        SAPS_6
              ________      ________      ________      ________      ________
               15.575         0.033         0.549         0.541         4.840


           Means
              SAPS_9        SAPS_12       SAPS_18       SAPS_24
              ________      ________      ________      ________
                8.273         9.228         1.054         1.971


           Covariances
              SAPS_0        SAPS_1        SAPS_2        SAPS_3        SAPS_6
              ________      ________      ________      ________      ________
 SAPS_0         6.234
 SAPS_1        -0.012         0.298
 SAPS_2         1.242         0.323         0.683
 SAPS_3         1.227         0.182         0.539         0.565
 SAPS_6       -12.401         0.111        -2.318        -2.367        25.003
 SAPS_9       -16.105        -0.020        -3.155        -3.105        32.379
 SAPS_12       17.377        -0.035         3.424         3.439       -34.757
 SAPS_18        2.478         0.142         0.675         0.639        -4.915
 SAPS_24       -5.008         0.177        -0.843        -0.930         9.882


           Covariances
              SAPS_9        SAPS_12       SAPS_18       SAPS_24
              ________      ________      ________      ________
 SAPS_9        42.188
 SAPS_12      -45.215        48.824
 SAPS_18       -6.410         6.902         1.186
 SAPS_24       12.762       -13.989        -1.861         4.308


TECHNICAL 11 OUTPUT

     Random Starts Specifications for the k-1 Class Analysis Model
        Number of initial stage random starts                2000
        Number of final stage optimizations                   500



     VUONG-LO-MENDELL-RUBIN LIKELIHOOD RATIO TEST FOR 1 (H0) VERSUS 2 CLASSES

          H0 Loglikelihood Value                        -8444.059
          2 Times the Loglikelihood Difference              0.000
          Difference in the Number of Parameters               12
          Mean                                              0.000
          Standard Deviation                                0.000
          P-Value                                          0.5000

     LO-MENDELL-RUBIN ADJUSTED LRT TEST

          Value                                             0.000
          P-Value                                          0.5000


SAMPLE STATISTICS FOR ESTIMATED FACTOR SCORES


     SAMPLE STATISTICS


           Means
              I             S             Q             CUB           C_I
              ________      ________      ________      ________      ________
                9.086        -1.924         0.166        -0.004         9.086


           Means
              C_S           C_Q           C_CUB
              ________      ________      ________
               -1.924         0.166        -0.004


           Covariances
              I             S             Q             CUB           C_I
              ________      ________      ________      ________      ________
 I              1.821
 S              0.265         0.075
 Q             -0.029        -0.005         0.000
 CUB            0.001         0.000         0.000         0.000
 C_I            1.821         0.265        -0.029         0.001         1.821
 C_S            0.265         0.075        -0.005         0.000         0.265
 C_Q           -0.029        -0.005         0.000         0.000        -0.029
 C_CUB          0.001         0.000         0.000         0.000         0.001


           Covariances
              C_S           C_Q           C_CUB
              ________      ________      ________
 C_S            0.075
 C_Q           -0.005         0.000
 C_CUB          0.000         0.000         0.000


           Correlations
              I             S             Q             CUB           C_I
              ________      ________      ________      ________      ________
 I              1.000
 S              0.718         1.000
 Q             -0.958        -0.887         1.000
 CUB            0.514         0.407        -0.508         1.000
 C_I            1.000         0.718        -0.958         0.514         1.000
 C_S            0.718         1.000        -0.887         0.407         0.718
 C_Q           -0.958        -0.887         1.000        -0.508        -0.958
 C_CUB          0.514         0.407        -0.508         1.000         0.514


           Correlations
              C_S           C_Q           C_CUB
              ________      ________      ________
 C_S            1.000
 C_Q           -0.887         1.000
 C_CUB          0.407        -0.508         1.000


SAVEDATA INFORMATION


  Save file
    GMM_CI_isqcub@0_FIX_est.dat

  Order and format of variables

    SAPS_0         F10.3
    SAPS_1         F10.3
    SAPS_2         F10.3
    SAPS_3         F10.3
    SAPS_6         F10.3
    SAPS_9         F10.3
    SAPS_12        F10.3
    SAPS_18        F10.3
    SAPS_24        F10.3
    I              F10.3
    S              F10.3
    Q              F10.3
    CUB            F10.3
    C_I            F10.3
    C_S            F10.3
    C_Q            F10.3
    C_CUB          F10.3
    CPROB1         F10.3
    CPROB2         F10.3
    C              F10.3
    PIN            I4

  Save file format
    20F10.3 I4

  Save file record length    10000

  Save missing symbol        *


     Beginning Time:  03:03:04
        Ending Time:  03:27:23
       Elapsed Time:  00:24:19



MUTHEN & MUTHEN
3463 Stoner Ave.
Los Angeles, CA  90066

Tel: (310) 391-9971
Fax: (310) 391-8971
Web: www.StatModel.com
Support: Support@StatModel.com

Copyright (c) 1998-2021 Muthen & Muthen
