  -25629.5504152288           471438         252
  -11927.4056643969           752769         253
  -13351.7182329029            49221         254
  -20047.5301824039           945065         255
  -10572.3887113300             7959         256
  -17310.2262668663           871851         257
  -18099.8231616832           188498         258
  -17695.1013309844           622860         259
  -23346.6624953634           804660         260
  -22525.1026275025           616917         261
  -13825.9007309274           520177         262
  -25803.9652872541           349263         263
  -19534.4190061203           358488         264
  -13757.6769131044           105435         265
  -11535.7018106229           970689         266
  -12124.5704259332           930323         267
  -17382.1142396812           529455         268
  -21232.5287294876           926283         269
  -21680.3549279084           483369         270
  -12866.7653605973           438144         271
  -23151.2401958434           782821         272
  -20777.3778411662           688839         273
  -19056.7116685616            15715         274
  -16240.8530126003           387701         275
  -18518.1743533861           840031         276
  -20414.1255466814           930872         277
  -18705.0764319902           545140         278
  -16640.9188427881           830529         279
  -5375.04452060900           576726         280
  -22134.0421093616           264935         281
  -17773.8938534155           694303         282
  -24715.8404783166           282464         283
  -16946.0325217253           597614         284
  -18353.9684385434           281462         285
  -16403.8623309310           580405         286
  -22205.7086243846           824126         287
  -13600.7357672509           220454         288
  -14835.3423052858           512836         289
  -15398.5981785806           534483         290
  -5493.42530283523           246575         291
  -19521.1003786325           211281         292
  -9782.92253246868           937588         293
  -18230.9598900143           377504         294
  -12842.3456898961           391949         295
  -17343.3922943843           344422         296
  -15885.1625140452            43523         297
  -19176.9878679300           462228         298
  -9636.40628809736           316165         299
  -15315.9021944409           562716         300
  -22393.4340064338           342019         301
  -6933.59747740358           679832         302
  -14444.0228009351           790452         303
  -15592.7698712318            92689         304
  -12248.9923899493            81117         305
  -23833.9931203125           484687         306
  -14695.8289692559           534864         307
  -24431.2647801840           692169         308
  -20643.8718704158           879338         309
  -24751.2079931330           996231         310
  -17908.4614937131           478421         311
  -16002.0348975213           798839         312
  -20757.8937206742           521575         313
  -18206.7093581483           626087         314
  -2931.88133594140           926283         269
  -3467.61624097935           387701         275
  -3467.61624097935           246575         291
  -3467.61624097935           545140         278
  -3476.77343927535           484687         306
  -3487.22610119434           840031         276
  -3487.22610119434           316165         299
  -3487.22610119435           782821         272
 -3.402823466385289E+038      626087         314
 -3.402823466385289E+038      521575         313
 -3.402823466385289E+038      798839         312
 -3.402823466385289E+038      478421         311
 -3.402823466385289E+038      996231         310
 -3.402823466385289E+038      879338         309
 -3.402823466385289E+038      692169         308
 -3.402823466385289E+038      534864         307
 -3.402823466385289E+038       81117         305
 -3.402823466385289E+038       92689         304
 -3.402823466385289E+038      790452         303
 -3.402823466385289E+038      679832         302
 -3.402823466385289E+038      342019         301
 -3.402823466385289E+038      562716         300
 -3.402823466385289E+038      462228         298
 -3.402823466385289E+038       43523         297
 -3.402823466385289E+038      344422         296
 -3.402823466385289E+038      391949         295
 -3.402823466385289E+038      377504         294
 -3.402823466385289E+038      937588         293
 -3.402823466385289E+038      211281         292
 -3.402823466385289E+038      534483         290
 -3.402823466385289E+038      512836         289
 -3.402823466385289E+038      220454         288
 -3.402823466385289E+038      824126         287
 -3.402823466385289E+038      580405         286
 -3.402823466385289E+038      281462         285
 -3.402823466385289E+038      597614         284
 -3.402823466385289E+038      282464         283
 -3.402823466385289E+038      694303         282
 -3.402823466385289E+038      264935         281
 -3.402823466385289E+038      576726         280
 -3.402823466385289E+038      830529         279
 -3.402823466385289E+038      930872         277
 -3.402823466385289E+038       15715         274
 -3.402823466385289E+038      688839         273
 -3.402823466385289E+038      438144         271
 -3.402823466385289E+038      483369         270
 -3.402823466385289E+038      529455         268
 -3.402823466385289E+038      930323         267
 -3.402823466385289E+038      970689         266
 -3.402823466385289E+038      105435         265
 -3.402823466385289E+038      358488         264
 -3.402823466385289E+038      349263         263
 -3.402823466385289E+038      520177         262
 -3.402823466385289E+038      616917         261
 -3.402823466385289E+038      804660         260
 -3.402823466385289E+038      622860         259
 -3.402823466385289E+038      188498         258
 -3.402823466385289E+038      871851         257
 -3.402823466385289E+038        7959         256
 -3.402823466385289E+038      945065         255
 -3.402823466385289E+038       49221         254
 -3.402823466385289E+038      752769         253
  0.266716464058610     
  0.181008144599420     
  0.325020193018411     
  0.650320601595632     
  0.466688390399516     
  0.705882465884084     
  0.690736940254317     
  0.663675280636941     
  0.227189966316424     
   12.2378792274183     
  2.015350252277619E-002
 -0.743842497384373     
 -2.247177160351234E-002
 -0.314842503481752     
   7.14756954344786     
 -4.407327612934216E-002
  2.186783621114807E-003
  5.139805687318857E-002
   3.96802746545697     
   3.42098029047479     
   3.69110298156738     
   3.94001460075378     
   3.77619767189026     
   82.4472198486333     
   3.36970829963684     
   3.75850152969360     
   3.38413834571838     
   17.7440905075017     
  -4.86983866770681     
 -0.514587760213526     
   3.93376578973927     
   2.39531352882513     
   5.51055245094557     
  3.394424018965276E-005
  0.443976336743718     
  0.475994875459828     
  0.441058403293634     
  0.309804805660830     
  0.278758387302426     
  0.610410635370705     
   365.909086460367     
  0.896543519757994     
  0.218347953874378     
   2.25854055758838     
   11.4508142527963     
  8.041478503694733E-003
 -0.144797716464125     
 -4.546584207787483E-003
  0.396833797002299     
   6.33735356780768     
 -2.308490785334070E-002
  7.768899239636201E-004
 -7.800174057946041E-002
  -653.389667734702     
          36
           0
