Mplus VERSION 8.6 (Mac)
MUTHEN & MUTHEN
01/23/2023   6:14 PM

INPUT INSTRUCTIONS

  TITLE:
  MixREG_SOFAS_0;
  DATA:
  FILE = "/Users/olivierpercie/Desktop/MplusLGM/SANS/Results/MixREG/MixREG_SOFAS_0.dat";

  VARIABLE:
  NAMES = PIN I S Q CUB C_I C_S C_Q C_CUB CPROB1 CPROB2 CPROB3 N SOFAS_0;
   MISSING=.;
   USEVAR = SOFAS_0 N I S;
  NOMINAL = N;
  CLASSES = c(3);
  ANALYSIS:

    TYPE = MIXTURE;
    STARTS = 1000;
    PROCESSORS = 8;
  MODEL:
  %OVERALL%
  I ON SOFAS_0;
  S ON SOFAS_0;
  SOFAS_0;

  %C#1%
  [N#1@3.075];
  [N#2@1.083];
  I ON SOFAS_0;
  S ON SOFAS_0;
  SOFAS_0;

  %C#2%
  [N#1@1.199];
  [N#2@2.945];
  I ON SOFAS_0;
  S ON SOFAS_0;
  SOFAS_0;

  %C#3%
  [N#1@-1.281];
  [N#2@-1.148];
  I ON SOFAS_0;
  S ON SOFAS_0;
  SOFAS_0;
  OUTPUT:
  SAMPSTAT STANDARDIZED CINTERVAL;



INPUT READING TERMINATED NORMALLY




MixREG_SOFAS_0;

SUMMARY OF ANALYSIS

Number of groups                                                 1
Number of observations                                         405

Number of dependent variables                                    3
Number of independent variables                                  1
Number of continuous latent variables                            0
Number of categorical latent variables                           1

Observed dependent variables

  Continuous
   I           S

  Unordered categorical (nominal)
   N

Observed independent variables
   SOFAS_0

Categorical latent variables
   C


Estimator                                                      MLR
Information matrix                                        OBSERVED
Optimization Specifications for the Quasi-Newton Algorithm for
Continuous Outcomes
  Maximum number of iterations                                 100
  Convergence criterion                                  0.100D-05
Optimization Specifications for the EM Algorithm
  Maximum number of iterations                                 500
  Convergence criteria
    Loglikelihood change                                 0.100D-06
    Relative loglikelihood change                        0.100D-06
    Derivative                                           0.100D-05
Optimization Specifications for the M step of the EM Algorithm for
Categorical Latent variables
  Number of M step iterations                                    1
  M step convergence criterion                           0.100D-05
  Basis for M step termination                           ITERATION
Optimization Specifications for the M step of the EM Algorithm for
Censored, Binary or Ordered Categorical (Ordinal), Unordered
Categorical (Nominal) and Count Outcomes
  Number of M step iterations                                    1
  M step convergence criterion                           0.100D-05
  Basis for M step termination                           ITERATION
  Maximum value for logit thresholds                            15
  Minimum value for logit thresholds                           -15
  Minimum expected cell size for chi-square              0.100D-01
Maximum number of iterations for H1                           2000
Convergence criterion for H1                             0.100D-03
Optimization algorithm                                         EMA
Random Starts Specifications
  Number of initial stage random starts                       1000
  Number of final stage optimizations                         1000
  Number of initial stage iterations                             1
  Initial stage convergence criterion                    0.100D+01
  Random starts scale                                    0.500D+01
  Random seed for generating random starts                       0

Input data file(s)
  /Users/olivierpercie/Desktop/MplusLGM/SANS/Results/MixREG/MixREG_SOFAS_0.dat
Input data format  FREE


SUMMARY OF DATA

     Number of missing data patterns             2
     Number of y missing data patterns           2
     Number of u missing data patterns           0


COVARIANCE COVERAGE OF DATA

Minimum covariance coverage value   0.100


     PROPORTION OF DATA PRESENT FOR Y


           Covariance Coverage
              I             S             SOFAS_0
              ________      ________      ________
 I              1.000
 S              1.000         1.000
 SOFAS_0        0.909         0.909         0.909


UNIVARIATE PROPORTIONS AND COUNTS FOR CATEGORICAL VARIABLES

    N
      Category 1    0.437          177.000
      Category 2    0.402          163.000
      Category 3    0.160           65.000


SAMPLE STATISTICS


     ESTIMATED SAMPLE STATISTICS


           Means
              I             S             SOFAS_0
              ________      ________      ________
                9.488        -0.593        41.393


           Covariances
              I             S             SOFAS_0
              ________      ________      ________
 I              7.465
 S             -0.010         0.226
 SOFAS_0      -14.138         0.294       172.767


           Correlations
              I             S             SOFAS_0
              ________      ________      ________
 I              1.000
 S             -0.007         1.000
 SOFAS_0       -0.394         0.047         1.000


     MAXIMUM LOG-LIKELIHOOD VALUE FOR THE UNRESTRICTED (H1) MODEL IS -2693.687


UNIVARIATE SAMPLE STATISTICS


     UNIVARIATE HIGHER-ORDER MOMENT DESCRIPTIVE STATISTICS

         Variable/         Mean/     Skewness/   Minimum/ % with                Percentiles
        Sample Size      Variance    Kurtosis    Maximum  Min/Max      20%/60%    40%/80%    Median

     I                     9.488       0.126       1.568    0.25%       7.100      8.669      9.567
             405.000       7.465       0.122      18.030    0.25%      10.057     11.759
     S                    -0.593      -0.232      -1.446    0.25%      -1.126     -0.719     -0.494
             405.000       0.226      -1.309       0.321    0.25%      -0.321     -0.144
     SOFAS_0              41.326       0.729      15.000    0.27%      31.000     35.000     40.000
             368.000     172.752       0.183      85.000    0.27%      41.000     51.000

RANDOM STARTS RESULTS RANKED FROM THE BEST TO THE WORST LOGLIKELIHOOD VALUES

Final stage loglikelihood values at local maxima, seeds, and initial stage start numbers:

           -2839.967  945065           255
           -2839.967  164305           128
           -2839.967  371737           532
           -2839.967  536551           696
           -2839.967  484406           421
           -2839.967  638577           769
           -2839.967  288738           940
           -2839.967  913639           162
           -2839.967  197223           332
           -2839.967  146900           391
           -2839.967  978061           488
           -2839.967  860029           760
           -2839.967  301180           236
           -2839.967  889774           954
           -2839.967  475419           987
           -2839.967  642909           251
           -2839.967  165853           105
           -2839.967  231281           542
           -2839.967  464179           106
           -2839.967  420910           928
           -2840.227  377584           630
           -2840.227  506113           895
           -2840.227  43523            297
           -2840.227  88437            761
           -2840.227  502157           799
           -2840.227  263049           454
           -2840.227  unperturbed      0
           -2914.153  491970           563
           -2914.153  875667           367
           -2914.153  544009           842
           -2914.153  267983           228
           -3164.348  650371           14
           -3164.348  202790           198
           -3173.271  495490           990
           -3173.857  416250           390
           -3173.857  354208           196
           -3277.030  22362            365
           -3280.975  161421           519
           -3286.187  294669           501

961 perturbed starting value run(s) did not converge or were rejected in the third stage.



THE BEST LOGLIKELIHOOD VALUE HAS BEEN REPLICATED.  RERUN WITH AT LEAST TWICE THE
RANDOM STARTS TO CHECK THAT THE BEST LOGLIKELIHOOD IS STILL OBTAINED AND REPLICATED.


THE MODEL ESTIMATION TERMINATED NORMALLY



MODEL FIT INFORMATION

Number of Free Parameters                       23

Loglikelihood

          H0 Value                       -2839.967
          H0 Scaling Correction Factor      0.9848
            for MLR

Information Criteria

          Akaike (AIC)                    5725.935
          Bayesian (BIC)                  5818.024
          Sample-Size Adjusted BIC        5745.042
            (n* = (n + 2) / 24)



FINAL CLASS COUNTS AND PROPORTIONS FOR THE LATENT CLASSES
BASED ON THE ESTIMATED MODEL

    Latent
   Classes

       1        174.83007          0.43168
       2        151.29704          0.37357
       3         78.87289          0.19475


FINAL CLASS COUNTS AND PROPORTIONS FOR THE LATENT CLASSES
BASED ON ESTIMATED POSTERIOR PROBABILITIES

    Latent
   Classes

       1        174.83007          0.43168
       2        151.29704          0.37357
       3         78.87289          0.19475


FINAL CLASS COUNTS AND PROPORTIONS FOR THE LATENT CLASSES
BASED ON THEIR MOST LIKELY LATENT CLASS MEMBERSHIP

Class Counts and Proportions

    Latent
   Classes

       1              176          0.43457
       2              161          0.39753
       3               68          0.16790


CLASSIFICATION QUALITY

     Entropy                         0.801


Average Latent Class Probabilities for Most Likely Latent Class Membership (Row)
by Latent Class (Column)

           1        2        3

    1   0.975    0.013    0.012
    2   0.017    0.870    0.113
    3   0.007    0.132    0.861


Classification Probabilities for the Most Likely Latent Class Membership (Column)
by Latent Class (Row)

           1        2        3

    1   0.981    0.016    0.003
    2   0.015    0.926    0.059
    3   0.028    0.230    0.742


Logits for the Classification Probabilities for the Most Likely Latent Class Membership (Column)
by Latent Class (Row)

              1        2        3

    1      5.839    1.721    0.000
    2     -1.374    2.749    0.000
    3     -3.284   -1.171    0.000


MODEL RESULTS

                                                    Two-Tailed
                    Estimate       S.E.  Est./S.E.    P-Value

Latent Class 1

 I          ON
    SOFAS_0           -0.074      0.014     -5.113      0.000

 S          ON
    SOFAS_0            0.003      0.001      1.812      0.070

 S        WITH
    I                 -0.039      0.034     -1.140      0.254

 Means
    SOFAS_0           41.291      1.023     40.363      0.000

 Means
    N#1                3.075      0.000    999.000    999.000
    N#2                1.083      0.000    999.000    999.000

 Intercepts
    I                 12.453      0.604     20.600      0.000
    S                 -1.188      0.063    -18.741      0.000

 Variances
    SOFAS_0          166.440     19.446      8.559      0.000

 Residual Variances
    I                  5.657      0.436     12.967      0.000
    S                  0.047      0.003     16.118      0.000

Latent Class 2

 I          ON
    SOFAS_0           -0.126      0.017     -7.374      0.000

 S          ON
    SOFAS_0           -0.001      0.001     -0.512      0.608

 S        WITH
    I                 -0.039      0.034     -1.140      0.254

 Means
    SOFAS_0           44.578      1.380     32.297      0.000

 Means
    N#1                1.199      0.000    999.000    999.000
    N#2                2.945      0.000    999.000    999.000

 Intercepts
    I                 15.538      0.897     17.315      0.000
    S                 -0.185      0.070     -2.658      0.008

 Variances
    SOFAS_0          212.815     23.474      9.066      0.000

 Residual Variances
    I                  5.657      0.436     12.967      0.000
    S                  0.047      0.003     16.118      0.000

Latent Class 3

 I          ON
    SOFAS_0           -0.022      0.040     -0.538      0.591

 S          ON
    SOFAS_0            0.005      0.004      1.471      0.141

 S        WITH
    I                 -0.039      0.034     -1.140      0.254

 Means
    SOFAS_0           35.166      1.600     21.978      0.000

 Means
    N#1               -1.281      0.000    999.000    999.000
    N#2               -1.148      0.000    999.000    999.000

 Intercepts
    I                  9.652      1.439      6.707      0.000
    S                 -0.436      0.141     -3.094      0.002

 Variances
    SOFAS_0           57.535     20.636      2.788      0.005

 Residual Variances
    I                  5.657      0.436     12.967      0.000
    S                  0.047      0.003     16.118      0.000

Categorical Latent Variables

 Means
    C#1                0.796      0.173      4.604      0.000
    C#2                0.651      0.212      3.074      0.002


QUALITY OF NUMERICAL RESULTS

     Condition Number for the Information Matrix              0.385E-04
       (ratio of smallest to largest eigenvalue)


STANDARDIZED MODEL RESULTS


STDYX Standardization

                                                    Two-Tailed
                    Estimate       S.E.  Est./S.E.    P-Value

Latent Class 1

 I          ON
    SOFAS_0           -0.373      0.064     -5.868      0.000

 S          ON
    SOFAS_0            0.158      0.084      1.885      0.059

 S        WITH
    I                 -0.076      0.066     -1.152      0.249

 Means
    SOFAS_0            3.201      0.172     18.658      0.000

 Intercepts
    I                  4.858      0.224     21.731      0.000
    S                 -5.417      0.294    -18.411      0.000

 Variances
    SOFAS_0            1.000      0.000    999.000    999.000

 Residual Variances
    I                  0.861      0.047     18.186      0.000
    S                  0.975      0.026     36.871      0.000

Latent Class 2

 I          ON
    SOFAS_0           -0.612      0.063     -9.767      0.000

 S          ON
    SOFAS_0           -0.045      0.089     -0.512      0.608

 S        WITH
    I                 -0.076      0.066     -1.152      0.249

 Means
    SOFAS_0            3.056      0.149     20.531      0.000

 Intercepts
    I                  5.165      0.183     28.291      0.000
    S                 -0.853      0.322     -2.647      0.008

 Variances
    SOFAS_0            1.000      0.000    999.000    999.000

 Residual Variances
    I                  0.625      0.077      8.142      0.000
    S                  0.998      0.008    123.828      0.000

Latent Class 3

 I          ON
    SOFAS_0           -0.069      0.121     -0.571      0.568

 S          ON
    SOFAS_0            0.185      0.105      1.770      0.077

 S        WITH
    I                 -0.076      0.066     -1.152      0.249

 Means
    SOFAS_0            4.636      0.691      6.711      0.000

 Intercepts
    I                  4.048      0.588      6.885      0.000
    S                 -1.976      0.600     -3.294      0.001

 Variances
    SOFAS_0            1.000      0.000    999.000    999.000

 Residual Variances
    I                  0.995      0.017     59.195      0.000
    S                  0.966      0.039     24.868      0.000


STDY Standardization

                                                    Two-Tailed
                    Estimate       S.E.  Est./S.E.    P-Value

Latent Class 1

 I          ON
    SOFAS_0           -0.373      0.064     -5.868      0.000

 S          ON
    SOFAS_0            0.158      0.084      1.885      0.059

 S        WITH
    I                 -0.076      0.066     -1.152      0.249

 Means
    SOFAS_0            3.201      0.172     18.658      0.000

 Intercepts
    I                  4.858      0.224     21.731      0.000
    S                 -5.417      0.294    -18.411      0.000

 Variances
    SOFAS_0            1.000      0.000    999.000    999.000

 Residual Variances
    I                  0.861      0.047     18.186      0.000
    S                  0.975      0.026     36.871      0.000

Latent Class 2

 I          ON
    SOFAS_0           -0.612      0.063     -9.767      0.000

 S          ON
    SOFAS_0           -0.045      0.089     -0.512      0.608

 S        WITH
    I                 -0.076      0.066     -1.152      0.249

 Means
    SOFAS_0            3.056      0.149     20.531      0.000

 Intercepts
    I                  5.165      0.183     28.291      0.000
    S                 -0.853      0.322     -2.647      0.008

 Variances
    SOFAS_0            1.000      0.000    999.000    999.000

 Residual Variances
    I                  0.625      0.077      8.142      0.000
    S                  0.998      0.008    123.828      0.000

Latent Class 3

 I          ON
    SOFAS_0           -0.069      0.121     -0.571      0.568

 S          ON
    SOFAS_0            0.185      0.105      1.770      0.077

 S        WITH
    I                 -0.076      0.066     -1.152      0.249

 Means
    SOFAS_0            4.636      0.691      6.711      0.000

 Intercepts
    I                  4.048      0.588      6.885      0.000
    S                 -1.976      0.600     -3.294      0.001

 Variances
    SOFAS_0            1.000      0.000    999.000    999.000

 Residual Variances
    I                  0.995      0.017     59.195      0.000
    S                  0.966      0.039     24.868      0.000


STD Standardization

                                                    Two-Tailed
                    Estimate       S.E.  Est./S.E.    P-Value

Latent Class 1

 I          ON
    SOFAS_0           -0.074      0.014     -5.113      0.000

 S          ON
    SOFAS_0            0.003      0.001      1.812      0.070

 S        WITH
    I                 -0.039      0.034     -1.140      0.254

 Means
    SOFAS_0           41.291      1.023     40.363      0.000

 Intercepts
    I                 12.453      0.604     20.600      0.000
    S                 -1.188      0.063    -18.741      0.000

 Variances
    SOFAS_0          166.440     19.446      8.559      0.000

 Residual Variances
    I                  5.657      0.436     12.967      0.000
    S                  0.047      0.003     16.118      0.000

Latent Class 2

 I          ON
    SOFAS_0           -0.126      0.017     -7.374      0.000

 S          ON
    SOFAS_0           -0.001      0.001     -0.512      0.608

 S        WITH
    I                 -0.039      0.034     -1.140      0.254

 Means
    SOFAS_0           44.578      1.380     32.297      0.000

 Intercepts
    I                 15.538      0.897     17.315      0.000
    S                 -0.185      0.070     -2.658      0.008

 Variances
    SOFAS_0          212.815     23.474      9.066      0.000

 Residual Variances
    I                  5.657      0.436     12.967      0.000
    S                  0.047      0.003     16.118      0.000

Latent Class 3

 I          ON
    SOFAS_0           -0.022      0.040     -0.538      0.591

 S          ON
    SOFAS_0            0.005      0.004      1.471      0.141

 S        WITH
    I                 -0.039      0.034     -1.140      0.254

 Means
    SOFAS_0           35.166      1.600     21.978      0.000

 Intercepts
    I                  9.652      1.439      6.707      0.000
    S                 -0.436      0.141     -3.094      0.002

 Variances
    SOFAS_0           57.535     20.636      2.788      0.005

 Residual Variances
    I                  5.657      0.436     12.967      0.000
    S                  0.047      0.003     16.118      0.000


R-SQUARE

Class 1

    Observed                                        Two-Tailed
    Variable        Estimate       S.E.  Est./S.E.    P-Value

    I                  0.139      0.047      2.934      0.003
    S                  0.025      0.026      0.943      0.346

Class 2

    Observed                                        Two-Tailed
    Variable        Estimate       S.E.  Est./S.E.    P-Value

    I                  0.375      0.077      4.884      0.000
    S                  0.002      0.008      0.256      0.798

Class 3

    Observed                                        Two-Tailed
    Variable        Estimate       S.E.  Est./S.E.    P-Value

    I                  0.005      0.017      0.285      0.775
    S                  0.034      0.039      0.885      0.376


CONFIDENCE INTERVALS OF MODEL RESULTS

                  Lower .5%  Lower 2.5%    Lower 5%    Estimate    Upper 5%  Upper 2.5%   Upper .5%

Latent Class 1

 I        ON
    SOFAS_0         -0.111      -0.102      -0.098      -0.074      -0.050      -0.046      -0.037

 S        ON
    SOFAS_0         -0.001       0.000       0.000       0.003       0.005       0.006       0.007

 S        WITH
    I               -0.127      -0.106      -0.095      -0.039       0.017       0.028       0.049

 Means
    SOFAS_0         38.656      39.285      39.608      41.291      42.973      43.296      43.926

 Means
    N#1              3.075       3.075       3.075       3.075       3.075       3.075       3.075
    N#2              1.083       1.083       1.083       1.083       1.083       1.083       1.083

 Intercepts
    I               10.896      11.268      11.458      12.453      13.447      13.638      14.010
    S               -1.351      -1.312      -1.292      -1.188      -1.084      -1.064      -1.025

 Variances
    SOFAS_0        116.351     128.326     134.451     166.440     198.429     204.554     216.529

 Residual Variances
    I                4.534       4.802       4.940       5.657       6.375       6.513       6.781
    S                0.039       0.041       0.042       0.047       0.052       0.053       0.054

Latent Class 2

 I        ON
    SOFAS_0         -0.170      -0.160      -0.154      -0.126      -0.098      -0.093      -0.082

 S        ON
    SOFAS_0         -0.004      -0.003      -0.003      -0.001       0.001       0.002       0.003

 S        WITH
    I               -0.127      -0.106      -0.095      -0.039       0.017       0.028       0.049

 Means
    SOFAS_0         41.023      41.873      42.307      44.578      46.848      47.283      48.133

 Means
    N#1              1.199       1.199       1.199       1.199       1.199       1.199       1.199
    N#2              2.945       2.945       2.945       2.945       2.945       2.945       2.945

 Intercepts
    I               13.227      13.779      14.062      15.538      17.014      17.297      17.850
    S               -0.364      -0.321      -0.299      -0.185      -0.070      -0.049      -0.006

 Variances
    SOFAS_0        152.351     166.806     174.201     212.815     251.430     258.824     273.279

 Residual Variances
    I                4.534       4.802       4.940       5.657       6.375       6.513       6.781
    S                0.039       0.041       0.042       0.047       0.052       0.053       0.054

Latent Class 3

 I        ON
    SOFAS_0         -0.126      -0.101      -0.088      -0.022       0.045       0.058       0.083

 S        ON
    SOFAS_0         -0.004      -0.002      -0.001       0.005       0.011       0.013       0.015

 S        WITH
    I               -0.127      -0.106      -0.095      -0.039       0.017       0.028       0.049

 Means
    SOFAS_0         31.045      32.030      32.534      35.166      37.798      38.302      39.288

 Means
    N#1             -1.281      -1.281      -1.281      -1.281      -1.281      -1.281      -1.281
    N#2             -1.148      -1.148      -1.148      -1.148      -1.148      -1.148      -1.148

 Intercepts
    I                5.945       6.832       7.285       9.652      12.019      12.473      13.359
    S               -0.798      -0.711      -0.667      -0.436      -0.204      -0.160      -0.073

 Variances
    SOFAS_0          4.382      17.089      23.589      57.535      91.480      97.980     110.688

 Residual Variances
    I                4.534       4.802       4.940       5.657       6.375       6.513       6.781
    S                0.039       0.041       0.042       0.047       0.052       0.053       0.054

Categorical Latent Variables

 Means
    C#1              0.351       0.457       0.512       0.796       1.080       1.135       1.241
    C#2              0.106       0.236       0.303       0.651       1.000       1.067       1.197


CONFIDENCE INTERVALS OF STANDARDIZED MODEL RESULTS


STDYX Standardization

                  Lower .5%  Lower 2.5%    Lower 5%    Estimate    Upper 5%  Upper 2.5%   Upper .5%

Latent Class 1

 I        ON
    SOFAS_0         -0.536      -0.497      -0.477      -0.373      -0.268      -0.248      -0.209

 S        ON
    SOFAS_0         -0.058      -0.006       0.020       0.158       0.296       0.322       0.374

 S        WITH
    I               -0.245      -0.204      -0.184      -0.076       0.032       0.053       0.093

 Means
    SOFAS_0          2.759       2.864       2.918       3.201       3.483       3.537       3.642

 Intercepts
    I                4.282       4.420       4.491       4.858       5.226       5.296       5.434
    S               -6.174      -5.993      -5.900      -5.417      -4.933      -4.840      -4.659

 Variances
    SOFAS_0          1.000       1.000       1.000       1.000       1.000       1.000       1.000

 Residual Variances
    I                0.739       0.768       0.783       0.861       0.939       0.954       0.983
    S                0.907       0.923       0.932       0.975       1.019       1.027       1.043

Latent Class 2

 I        ON
    SOFAS_0         -0.774      -0.735      -0.715      -0.612      -0.509      -0.489      -0.451

 S        ON
    SOFAS_0         -0.274      -0.219      -0.191      -0.045       0.100       0.128       0.183

 S        WITH
    I               -0.245      -0.204      -0.184      -0.076       0.032       0.053       0.093

 Means
    SOFAS_0          2.672       2.764       2.811       3.056       3.301       3.347       3.439

 Intercepts
    I                4.695       4.807       4.865       5.165       5.465       5.523       5.635
    S               -1.684      -1.485      -1.384      -0.853      -0.323      -0.222      -0.023

 Variances
    SOFAS_0          1.000       1.000       1.000       1.000       1.000       1.000       1.000

 Residual Variances
    I                0.427       0.475       0.499       0.625       0.751       0.776       0.823
    S                0.977       0.982       0.985       0.998       1.011       1.014       1.019

Latent Class 3

 I        ON
    SOFAS_0         -0.382      -0.307      -0.269      -0.069       0.130       0.169       0.243

 S        ON
    SOFAS_0         -0.084      -0.020       0.013       0.185       0.358       0.391       0.455

 S        WITH
    I               -0.245      -0.204      -0.184      -0.076       0.032       0.053       0.093

 Means
    SOFAS_0          2.857       3.282       3.500       4.636       5.773       5.990       6.416

 Intercepts
    I                2.534       2.896       3.081       4.048       5.016       5.201       5.563
    S               -3.522      -3.152      -2.963      -1.976      -0.989      -0.801      -0.431

 Variances
    SOFAS_0          1.000       1.000       1.000       1.000       1.000       1.000       1.000

 Residual Variances
    I                0.952       0.962       0.968       0.995       1.023       1.028       1.039
    S                0.866       0.890       0.902       0.966       1.030       1.042       1.066


STDY Standardization

                  Lower .5%  Lower 2.5%    Lower 5%    Estimate    Upper 5%  Upper 2.5%   Upper .5%

Latent Class 1

 I        ON
    SOFAS_0         -0.536      -0.497      -0.477      -0.373      -0.268      -0.248      -0.209

 S        ON
    SOFAS_0         -0.058      -0.006       0.020       0.158       0.296       0.322       0.374

 S        WITH
    I               -0.245      -0.204      -0.184      -0.076       0.032       0.053       0.093

 Means
    SOFAS_0          2.759       2.864       2.918       3.201       3.483       3.537       3.642

 Intercepts
    I                4.282       4.420       4.491       4.858       5.226       5.296       5.434
    S               -6.174      -5.993      -5.900      -5.417      -4.933      -4.840      -4.659

 Variances
    SOFAS_0          1.000       1.000       1.000       1.000       1.000       1.000       1.000

 Residual Variances
    I                0.739       0.768       0.783       0.861       0.939       0.954       0.983
    S                0.907       0.923       0.932       0.975       1.019       1.027       1.043

Latent Class 2

 I        ON
    SOFAS_0         -0.774      -0.735      -0.715      -0.612      -0.509      -0.489      -0.451

 S        ON
    SOFAS_0         -0.274      -0.219      -0.191      -0.045       0.100       0.128       0.183

 S        WITH
    I               -0.245      -0.204      -0.184      -0.076       0.032       0.053       0.093

 Means
    SOFAS_0          2.672       2.764       2.811       3.056       3.301       3.347       3.439

 Intercepts
    I                4.695       4.807       4.865       5.165       5.465       5.523       5.635
    S               -1.684      -1.485      -1.384      -0.853      -0.323      -0.222      -0.023

 Variances
    SOFAS_0          1.000       1.000       1.000       1.000       1.000       1.000       1.000

 Residual Variances
    I                0.427       0.475       0.499       0.625       0.751       0.776       0.823
    S                0.977       0.982       0.985       0.998       1.011       1.014       1.019

Latent Class 3

 I        ON
    SOFAS_0         -0.382      -0.307      -0.269      -0.069       0.130       0.169       0.243

 S        ON
    SOFAS_0         -0.084      -0.020       0.013       0.185       0.358       0.391       0.455

 S        WITH
    I               -0.245      -0.204      -0.184      -0.076       0.032       0.053       0.093

 Means
    SOFAS_0          2.857       3.282       3.500       4.636       5.773       5.990       6.416

 Intercepts
    I                2.534       2.896       3.081       4.048       5.016       5.201       5.563
    S               -3.522      -3.152      -2.963      -1.976      -0.989      -0.801      -0.431

 Variances
    SOFAS_0          1.000       1.000       1.000       1.000       1.000       1.000       1.000

 Residual Variances
    I                0.952       0.962       0.968       0.995       1.023       1.028       1.039
    S                0.866       0.890       0.902       0.966       1.030       1.042       1.066


STD Standardization

                  Lower .5%  Lower 2.5%    Lower 5%    Estimate    Upper 5%  Upper 2.5%   Upper .5%

Latent Class 1

 I        ON
    SOFAS_0         -0.111      -0.102      -0.098      -0.074      -0.050      -0.046      -0.037

 S        ON
    SOFAS_0         -0.001       0.000       0.000       0.003       0.005       0.006       0.007

 S        WITH
    I               -0.127      -0.106      -0.095      -0.039       0.017       0.028       0.049

 Means
    SOFAS_0         38.656      39.285      39.608      41.291      42.973      43.296      43.926

 Intercepts
    I               10.896      11.268      11.458      12.453      13.447      13.638      14.010
    S               -1.351      -1.312      -1.292      -1.188      -1.084      -1.064      -1.025

 Variances
    SOFAS_0        116.351     128.326     134.451     166.440     198.429     204.554     216.529

 Residual Variances
    I                4.534       4.802       4.940       5.657       6.375       6.513       6.781
    S                0.039       0.041       0.042       0.047       0.052       0.053       0.054

Latent Class 2

 I        ON
    SOFAS_0         -0.170      -0.160      -0.154      -0.126      -0.098      -0.093      -0.082

 S        ON
    SOFAS_0         -0.004      -0.003      -0.003      -0.001       0.001       0.002       0.003

 S        WITH
    I               -0.127      -0.106      -0.095      -0.039       0.017       0.028       0.049

 Means
    SOFAS_0         41.023      41.873      42.307      44.578      46.848      47.283      48.133

 Intercepts
    I               13.227      13.779      14.062      15.538      17.014      17.297      17.850
    S               -0.364      -0.321      -0.299      -0.185      -0.070      -0.049      -0.006

 Variances
    SOFAS_0        152.351     166.806     174.201     212.815     251.430     258.824     273.279

 Residual Variances
    I                4.534       4.802       4.940       5.657       6.375       6.513       6.781
    S                0.039       0.041       0.042       0.047       0.052       0.053       0.054

Latent Class 3

 I        ON
    SOFAS_0         -0.126      -0.101      -0.088      -0.022       0.045       0.058       0.083

 S        ON
    SOFAS_0         -0.004      -0.002      -0.001       0.005       0.011       0.013       0.015

 S        WITH
    I               -0.127      -0.106      -0.095      -0.039       0.017       0.028       0.049

 Means
    SOFAS_0         31.045      32.030      32.534      35.166      37.798      38.302      39.288

 Intercepts
    I                5.945       6.832       7.285       9.652      12.019      12.473      13.359
    S               -0.798      -0.711      -0.667      -0.436      -0.204      -0.160      -0.073

 Variances
    SOFAS_0          4.382      17.089      23.589      57.535      91.480      97.980     110.688

 Residual Variances
    I                4.534       4.802       4.940       5.657       6.375       6.513       6.781
    S                0.039       0.041       0.042       0.047       0.052       0.053       0.054


     Beginning Time:  18:14:32
        Ending Time:  18:14:39
       Elapsed Time:  00:00:07



MUTHEN & MUTHEN
3463 Stoner Ave.
Los Angeles, CA  90066

Tel: (310) 391-9971
Fax: (310) 391-8971
Web: www.StatModel.com
Support: Support@StatModel.com

Copyright (c) 1998-2021 Muthen & Muthen
