Mplus VERSION 8.6 (Mac)
MUTHEN & MUTHEN
06/29/2023   2:21 PM

INPUT INSTRUCTIONS

  TITLE:
  D3STEP_CPZw_24 -  GMM4v_i s q cub@0;
  DATA:
  FILE = "/Users/olivierpercie/Desktop/MplusLGM/SAPS/Results/D3STEP/CPZw_24_D3STEP.dat";

  VARIABLE:
  NAMES = PIN SAPS_0 SAPS_1 SAPS_2 SAPS_3 SAPS_6 SAPS_9 SAPS_12 SAPS_18 SAPS_24 I S Q
       CUB C_I C_S C_Q C_CUB CPROB1 CPROB2 N CPZw_24;
   MISSING=.;
   USEVAR = CPZw_24 N;
  NOMINAL = N;
  CLASSES = c(2);
  ANALYSIS:
  TYPE = MIXTURE;
  STARTS = 0;
  PROCESSORS = 8;
  MODEL:
  %OVERALL%
  %C#1%
  [N#1@3.513];
  [CPZw_24](M1); CPZw_24;
  %C#2%
  [N#1@-3.952];
  [CPZw_24](M2); CPZw_24;
  MODEL CONSTRAINT:
  New (diff12);
  diff12 = M1 - M2;
  MODEL TEST:
  M1 = M2;
  OUTPUT:
  SAMPSTAT;
  STANDARDIZED;
  CINTERVAL;



*** WARNING in MODEL command
  All variables are uncorrelated with all other variables within class.
  Check that this is what is intended.
   1 WARNING(S) FOUND IN THE INPUT INSTRUCTIONS




D3STEP_CPZw_24 -  GMM4v_i s q cub@0;

SUMMARY OF ANALYSIS

Number of groups                                                 1
Number of observations                                         405

Number of dependent variables                                    2
Number of independent variables                                  0
Number of continuous latent variables                            0
Number of categorical latent variables                           1

Observed dependent variables

  Continuous
   CPZW_24

  Unordered categorical (nominal)
   N

Categorical latent variables
   C


Estimator                                                      MLR
Information matrix                                        OBSERVED
Optimization Specifications for the Quasi-Newton Algorithm for
Continuous Outcomes
  Maximum number of iterations                                 100
  Convergence criterion                                  0.100D-05
Optimization Specifications for the EM Algorithm
  Maximum number of iterations                                 500
  Convergence criteria
    Loglikelihood change                                 0.100D-06
    Relative loglikelihood change                        0.100D-06
    Derivative                                           0.100D-05
Optimization Specifications for the M step of the EM Algorithm for
Categorical Latent variables
  Number of M step iterations                                    1
  M step convergence criterion                           0.100D-05
  Basis for M step termination                           ITERATION
Optimization Specifications for the M step of the EM Algorithm for
Censored, Binary or Ordered Categorical (Ordinal), Unordered
Categorical (Nominal) and Count Outcomes
  Number of M step iterations                                    1
  M step convergence criterion                           0.100D-05
  Basis for M step termination                           ITERATION
  Maximum value for logit thresholds                            15
  Minimum value for logit thresholds                           -15
  Minimum expected cell size for chi-square              0.100D-01
Maximum number of iterations for H1                           2000
Convergence criterion for H1                             0.100D-03
Optimization algorithm                                         EMA

Input data file(s)
  /Users/olivierpercie/Desktop/MplusLGM/SAPS/Results/D3STEP/CPZw_24_D3STEP.dat
Input data format  FREE


SUMMARY OF DATA

     Number of missing data patterns             2
     Number of y missing data patterns           2
     Number of u missing data patterns           0


COVARIANCE COVERAGE OF DATA

Minimum covariance coverage value   0.100


     PROPORTION OF DATA PRESENT FOR Y


           Covariance Coverage
              CPZW_24
              ________
 CPZW_24        0.891


UNIVARIATE PROPORTIONS AND COUNTS FOR CATEGORICAL VARIABLES

    N
      Category 1    0.341          138.000
      Category 2    0.659          267.000


SAMPLE STATISTICS


     ESTIMATED SAMPLE STATISTICS


           Means
              CPZW_24
              ________
              182.824


           Covariances
              CPZW_24
              ________
 CPZW_24    57940.684


           Correlations
              CPZW_24
              ________
 CPZW_24        1.000


     MAXIMUM LOG-LIKELIHOOD VALUE FOR THE UNRESTRICTED (H1) MODEL IS -2491.812


UNIVARIATE SAMPLE STATISTICS


     UNIVARIATE HIGHER-ORDER MOMENT DESCRIPTIVE STATISTICS

         Variable/         Mean/     Skewness/   Minimum/ % with                Percentiles
        Sample Size      Variance    Kurtosis    Maximum  Min/Max      20%/60%    40%/80%    Median

     CPZW_24             182.824       2.377       0.000   26.87%       0.000     66.500    100.000
             361.000   57940.684       7.074    1464.871    0.28%     142.500    300.000


THE MODEL ESTIMATION TERMINATED NORMALLY



MODEL FIT INFORMATION

Number of Free Parameters                        5

Loglikelihood

          H0 Value                       -2666.585
          H0 Scaling Correction Factor      1.4236
            for MLR

Information Criteria

          Akaike (AIC)                    5343.171
          Bayesian (BIC)                  5363.190
          Sample-Size Adjusted BIC        5347.324
            (n* = (n + 2) / 24)

Wald Test of Parameter Constraints

          Value                             87.125
          Degrees of Freedom                     1
          P-Value                           0.0000



FINAL CLASS COUNTS AND PROPORTIONS FOR THE LATENT CLASSES
BASED ON THE ESTIMATED MODEL

    Latent
   Classes

       1        133.31912          0.32918
       2        271.68088          0.67082


FINAL CLASS COUNTS AND PROPORTIONS FOR THE LATENT CLASSES
BASED ON ESTIMATED POSTERIOR PROBABILITIES

    Latent
   Classes

       1        133.31912          0.32918
       2        271.68088          0.67082


FINAL CLASS COUNTS AND PROPORTIONS FOR THE LATENT CLASSES
BASED ON THEIR MOST LIKELY LATENT CLASS MEMBERSHIP

Class Counts and Proportions

    Latent
   Classes

       1              129          0.31852
       2              276          0.68148


CLASSIFICATION QUALITY

     Entropy                         0.851


Average Latent Class Probabilities for Most Likely Latent Class Membership (Row)
by Latent Class (Column)

           1        2

    1   0.976    0.024
    2   0.027    0.973


Classification Probabilities for the Most Likely Latent Class Membership (Column)
by Latent Class (Row)

           1        2

    1   0.945    0.055
    2   0.011    0.989


Logits for the Classification Probabilities for the Most Likely Latent Class Membership (Column)
by Latent Class (Row)

              1        2

    1      2.839    0.000
    2     -4.480    0.000


MODEL RESULTS

                                                    Two-Tailed
                    Estimate       S.E.  Est./S.E.    P-Value

Latent Class 1

 Means
    CPZW_24           63.496      7.102      8.941      0.000

 Means
    N#1                3.513      0.000    999.000    999.000

 Variances
    CPZW_24         4665.548    643.640      7.249      0.000

Latent Class 2

 Means
    CPZW_24          242.522     17.858     13.580      0.000

 Means
    N#1               -3.952      0.000    999.000    999.000

 Variances
    CPZW_24        73905.945  12074.025      6.121      0.000

Categorical Latent Variables

 Means
    C#1               -0.712      0.112     -6.333      0.000

New/Additional Parameters
    DIFF12          -179.026     19.180     -9.334      0.000


QUALITY OF NUMERICAL RESULTS

     Condition Number for the Information Matrix              0.791E-02
       (ratio of smallest to largest eigenvalue)


STANDARDIZED MODEL RESULTS


STDYX Standardization

                                                    Two-Tailed
                    Estimate       S.E.  Est./S.E.    P-Value

Latent Class 1

 Means
    CPZW_24            0.930      0.070     13.269      0.000

 Variances
    CPZW_24            1.000      0.000    999.000    999.000

Latent Class 2

 Means
    CPZW_24            0.892      0.048     18.456      0.000

 Variances
    CPZW_24            1.000      0.000    999.000    999.000


STDY Standardization

                                                    Two-Tailed
                    Estimate       S.E.  Est./S.E.    P-Value

Latent Class 1

 Means
    CPZW_24            0.930      0.070     13.269      0.000

 Variances
    CPZW_24            1.000      0.000    999.000    999.000

Latent Class 2

 Means
    CPZW_24            0.892      0.048     18.456      0.000

 Variances
    CPZW_24            1.000      0.000    999.000    999.000


STD Standardization

                                                    Two-Tailed
                    Estimate       S.E.  Est./S.E.    P-Value

Latent Class 1

 Means
    CPZW_24           63.496      7.102      8.941      0.000

 Variances
    CPZW_24         4665.548    643.640      7.249      0.000

Latent Class 2

 Means
    CPZW_24          242.522     17.858     13.580      0.000

 Variances
    CPZW_24        73905.945  12074.025      6.121      0.000


R-SQUARE

Class 1

Class 2


CONFIDENCE INTERVALS OF MODEL RESULTS

                  Lower .5%  Lower 2.5%    Lower 5%    Estimate    Upper 5%  Upper 2.5%   Upper .5%

Latent Class 1

 Means
    CPZW_24         45.204      49.577      51.814      63.496      75.178      77.415      81.789

 Means
    N#1              3.513       3.513       3.513       3.513       3.513       3.513       3.513

 Variances
    CPZW_24       3007.661    3404.014    3606.761    4665.548    5724.336    5927.083    6323.436

Latent Class 2

 Means
    CPZW_24        196.522     207.520     213.145     242.522     271.900     277.525     288.522

 Means
    N#1             -3.952      -3.952      -3.952      -3.952      -3.952      -3.952      -3.952

 Variances
    CPZW_24      42805.672   50240.855   54044.172   73905.945   93767.719   97571.031  105006.219

Categorical Latent Variables

 Means
    C#1             -1.001      -0.932      -0.897      -0.712      -0.527      -0.492      -0.422

New/Additional Parameters
    DIFF12        -228.430    -216.619    -210.577    -179.026    -147.475    -141.434    -129.623


CONFIDENCE INTERVALS OF STANDARDIZED MODEL RESULTS


STDYX Standardization

                  Lower .5%  Lower 2.5%    Lower 5%    Estimate    Upper 5%  Upper 2.5%   Upper .5%

Latent Class 1

 Means
    CPZW_24          0.749       0.792       0.814       0.930       1.045       1.067       1.110

 Variances
    CPZW_24          1.000       1.000       1.000       1.000       1.000       1.000       1.000

Latent Class 2

 Means
    CPZW_24          0.768       0.797       0.813       0.892       0.972       0.987       1.017

 Variances
    CPZW_24          1.000       1.000       1.000       1.000       1.000       1.000       1.000


STDY Standardization

                  Lower .5%  Lower 2.5%    Lower 5%    Estimate    Upper 5%  Upper 2.5%   Upper .5%

Latent Class 1

 Means
    CPZW_24          0.749       0.792       0.814       0.930       1.045       1.067       1.110

 Variances
    CPZW_24          1.000       1.000       1.000       1.000       1.000       1.000       1.000

Latent Class 2

 Means
    CPZW_24          0.768       0.797       0.813       0.892       0.972       0.987       1.017

 Variances
    CPZW_24          1.000       1.000       1.000       1.000       1.000       1.000       1.000


STD Standardization

                  Lower .5%  Lower 2.5%    Lower 5%    Estimate    Upper 5%  Upper 2.5%   Upper .5%

Latent Class 1

 Means
    CPZW_24         45.204      49.577      51.814      63.496      75.178      77.415      81.789

 Variances
    CPZW_24       3007.661    3404.014    3606.761    4665.548    5724.336    5927.083    6323.436

Latent Class 2

 Means
    CPZW_24        196.522     207.520     213.145     242.522     271.900     277.525     288.522

 Variances
    CPZW_24      42805.672   50240.855   54044.172   73905.945   93767.719   97571.031  105006.219


     Beginning Time:  14:21:58
        Ending Time:  14:21:58
       Elapsed Time:  00:00:00



MUTHEN & MUTHEN
3463 Stoner Ave.
Los Angeles, CA  90066

Tel: (310) 391-9971
Fax: (310) 391-8971
Web: www.StatModel.com
Support: Support@StatModel.com

Copyright (c) 1998-2021 Muthen & Muthen
