Mplus VERSION 8.6 (Mac)
MUTHEN & MUTHEN
01/19/2023   7:25 PM

INPUT INSTRUCTIONS

  TITLE:
  D3STEP_HAS_0;
  DATA:
  FILE = "/Users/olivierpercie/Desktop/MplusLGM/SAPS/Results/D3STEP/D3STEP_HAS_0.dat";

  VARIABLE:
  NAMES = PIN I S Q CUB C_I C_S C_Q C_CUB CPROB1 CPROB2 N HAS_0;
   MISSING=.;
   USEVAR = HAS_0 N;
  NOMINAL = N;
  CLASSES = c(2);
  ANALYSIS:

    TYPE = MIXTURE;
    STARTS = 0;
    PROCESSORS = 8;

  MODEL:
  %OVERALL%
  HAS_0;

  %C#1%
  [N#1@3.558];
  [HAS_0](M1); HAS_0;

  %C#2%
  [N#1@-3.697];
  [HAS_0](M2); HAS_0;
  MODEL CONSTRAINT:
  New (diff12); diff12 = M1 - M2;
  MODEL TEST:
  M1 = M2;
  OUTPUT:
  SAMPSTAT STANDARDIZED CINTERVAL;



*** WARNING in MODEL command
  All variables are uncorrelated with all other variables within class.
  Check that this is what is intended.
   1 WARNING(S) FOUND IN THE INPUT INSTRUCTIONS




D3STEP_HAS_0;

SUMMARY OF ANALYSIS

Number of groups                                                 1
Number of observations                                         405

Number of dependent variables                                    2
Number of independent variables                                  0
Number of continuous latent variables                            0
Number of categorical latent variables                           1

Observed dependent variables

  Continuous
   HAS_0

  Unordered categorical (nominal)
   N

Categorical latent variables
   C


Estimator                                                      MLR
Information matrix                                        OBSERVED
Optimization Specifications for the Quasi-Newton Algorithm for
Continuous Outcomes
  Maximum number of iterations                                 100
  Convergence criterion                                  0.100D-05
Optimization Specifications for the EM Algorithm
  Maximum number of iterations                                 500
  Convergence criteria
    Loglikelihood change                                 0.100D-06
    Relative loglikelihood change                        0.100D-06
    Derivative                                           0.100D-05
Optimization Specifications for the M step of the EM Algorithm for
Categorical Latent variables
  Number of M step iterations                                    1
  M step convergence criterion                           0.100D-05
  Basis for M step termination                           ITERATION
Optimization Specifications for the M step of the EM Algorithm for
Censored, Binary or Ordered Categorical (Ordinal), Unordered
Categorical (Nominal) and Count Outcomes
  Number of M step iterations                                    1
  M step convergence criterion                           0.100D-05
  Basis for M step termination                           ITERATION
  Maximum value for logit thresholds                            15
  Minimum value for logit thresholds                           -15
  Minimum expected cell size for chi-square              0.100D-01
Maximum number of iterations for H1                           2000
Convergence criterion for H1                             0.100D-03
Optimization algorithm                                         EMA

Input data file(s)
  /Users/olivierpercie/Desktop/MplusLGM/SAPS/Results/D3STEP/D3STEP_HAS_0.dat
Input data format  FREE


SUMMARY OF DATA

     Number of missing data patterns             2
     Number of y missing data patterns           2
     Number of u missing data patterns           0


COVARIANCE COVERAGE OF DATA

Minimum covariance coverage value   0.100


     PROPORTION OF DATA PRESENT FOR Y


           Covariance Coverage
              HAS_0
              ________
 HAS_0          0.914


UNIVARIATE PROPORTIONS AND COUNTS FOR CATEGORICAL VARIABLES

    N
      Category 1    0.346          140.000
      Category 2    0.654          265.000


SAMPLE STATISTICS


     ESTIMATED SAMPLE STATISTICS


           Means
              HAS_0
              ________
                9.184


           Covariances
              HAS_0
              ________
 HAS_0         45.528


           Correlations
              HAS_0
              ________
 HAS_0          1.000


     MAXIMUM LOG-LIKELIHOOD VALUE FOR THE UNRESTRICTED (H1) MODEL IS -1231.399


UNIVARIATE SAMPLE STATISTICS


     UNIVARIATE HIGHER-ORDER MOMENT DESCRIPTIVE STATISTICS

         Variable/         Mean/     Skewness/   Minimum/ % with                Percentiles
        Sample Size      Variance    Kurtosis    Maximum  Min/Max      20%/60%    40%/80%    Median

     HAS_0                 9.184       0.798       0.000    4.59%       3.000      6.000      8.000
             370.000      45.528       0.288      35.000    0.27%      10.000     15.000


THE MODEL ESTIMATION TERMINATED NORMALLY



MODEL FIT INFORMATION

Number of Free Parameters                        5

Loglikelihood

          H0 Value                       -1491.764
          H0 Scaling Correction Factor      1.0902
            for MLR

Information Criteria

          Akaike (AIC)                    2993.529
          Bayesian (BIC)                  3013.548
          Sample-Size Adjusted BIC        2997.683
            (n* = (n + 2) / 24)

Wald Test of Parameter Constraints

          Value                              0.548
          Degrees of Freedom                     1
          P-Value                           0.4592



FINAL CLASS COUNTS AND PROPORTIONS FOR THE LATENT CLASSES
BASED ON THE ESTIMATED MODEL

    Latent
   Classes

       1        137.33850          0.33911
       2        267.66150          0.66089


FINAL CLASS COUNTS AND PROPORTIONS FOR THE LATENT CLASSES
BASED ON ESTIMATED POSTERIOR PROBABILITIES

    Latent
   Classes

       1        137.33850          0.33911
       2        267.66150          0.66089


FINAL CLASS COUNTS AND PROPORTIONS FOR THE LATENT CLASSES
BASED ON THEIR MOST LIKELY LATENT CLASS MEMBERSHIP

Class Counts and Proportions

    Latent
   Classes

       1              140          0.34568
       2              265          0.65432


CLASSIFICATION QUALITY

     Entropy                         0.836


Average Latent Class Probabilities for Most Likely Latent Class Membership (Row)
by Latent Class (Column)

           1        2

    1   0.954    0.046
    2   0.014    0.986


Classification Probabilities for the Most Likely Latent Class Membership (Column)
by Latent Class (Row)

           1        2

    1   0.972    0.028
    2   0.024    0.976


Logits for the Classification Probabilities for the Most Likely Latent Class Membership (Column)
by Latent Class (Row)

              1        2

    1      3.563    0.000
    2     -3.701    0.000


MODEL RESULTS

                                                    Two-Tailed
                    Estimate       S.E.  Est./S.E.    P-Value

Latent Class 1

 Means
    HAS_0              8.774      0.675     13.000      0.000

 Means
    N#1                3.558      0.000    999.000    999.000

 Variances
    HAS_0             49.903      7.651      6.522      0.000

Latent Class 2

 Means
    HAS_0              9.394      0.436     21.540      0.000

 Means
    N#1               -3.697      0.000    999.000    999.000

 Variances
    HAS_0             43.151      4.193     10.291      0.000

Categorical Latent Variables

 Means
    C#1               -0.667      0.111     -6.001      0.000

New/Additional Parameters
    DIFF12            -0.620      0.838     -0.740      0.459


QUALITY OF NUMERICAL RESULTS

     Condition Number for the Information Matrix              0.766E-02
       (ratio of smallest to largest eigenvalue)


STANDARDIZED MODEL RESULTS


STDYX Standardization

                                                    Two-Tailed
                    Estimate       S.E.  Est./S.E.    P-Value

Latent Class 1

 Means
    HAS_0              1.242      0.084     14.817      0.000

 Variances
    HAS_0              1.000      0.000    999.000    999.000

Latent Class 2

 Means
    HAS_0              1.430      0.064     22.351      0.000

 Variances
    HAS_0              1.000      0.000    999.000    999.000


STDY Standardization

                                                    Two-Tailed
                    Estimate       S.E.  Est./S.E.    P-Value

Latent Class 1

 Means
    HAS_0              1.242      0.084     14.817      0.000

 Variances
    HAS_0              1.000      0.000    999.000    999.000

Latent Class 2

 Means
    HAS_0              1.430      0.064     22.351      0.000

 Variances
    HAS_0              1.000      0.000    999.000    999.000


STD Standardization

                                                    Two-Tailed
                    Estimate       S.E.  Est./S.E.    P-Value

Latent Class 1

 Means
    HAS_0              8.774      0.675     13.000      0.000

 Variances
    HAS_0             49.903      7.651      6.522      0.000

Latent Class 2

 Means
    HAS_0              9.394      0.436     21.540      0.000

 Variances
    HAS_0             43.151      4.193     10.291      0.000


R-SQUARE

Class 1

Class 2


CONFIDENCE INTERVALS OF MODEL RESULTS

                  Lower .5%  Lower 2.5%    Lower 5%    Estimate    Upper 5%  Upper 2.5%   Upper .5%

Latent Class 1

 Means
    HAS_0            7.036       7.451       7.664       8.774       9.884      10.097      10.512

 Means
    N#1              3.558       3.558       3.558       3.558       3.558       3.558       3.558

 Variances
    HAS_0           30.194      34.906      37.316      49.903      62.489      64.900      69.611

Latent Class 2

 Means
    HAS_0            8.271       8.539       8.677       9.394      10.112      10.249      10.518

 Means
    N#1             -3.697      -3.697      -3.697      -3.697      -3.697      -3.697      -3.697

 Variances
    HAS_0           32.350      34.932      36.253      43.151      50.048      51.369      53.951

Categorical Latent Variables

 Means
    C#1             -0.954      -0.885      -0.850      -0.667      -0.484      -0.449      -0.381

New/Additional Parameters
    DIFF12          -2.779      -2.263      -1.999      -0.620       0.758       1.022       1.538


CONFIDENCE INTERVALS OF STANDARDIZED MODEL RESULTS


STDYX Standardization

                  Lower .5%  Lower 2.5%    Lower 5%    Estimate    Upper 5%  Upper 2.5%   Upper .5%

Latent Class 1

 Means
    HAS_0            1.026       1.078       1.104       1.242       1.380       1.406       1.458

 Variances
    HAS_0            1.000       1.000       1.000       1.000       1.000       1.000       1.000

Latent Class 2

 Means
    HAS_0            1.265       1.305       1.325       1.430       1.535       1.556       1.595

 Variances
    HAS_0            1.000       1.000       1.000       1.000       1.000       1.000       1.000


STDY Standardization

                  Lower .5%  Lower 2.5%    Lower 5%    Estimate    Upper 5%  Upper 2.5%   Upper .5%

Latent Class 1

 Means
    HAS_0            1.026       1.078       1.104       1.242       1.380       1.406       1.458

 Variances
    HAS_0            1.000       1.000       1.000       1.000       1.000       1.000       1.000

Latent Class 2

 Means
    HAS_0            1.265       1.305       1.325       1.430       1.535       1.556       1.595

 Variances
    HAS_0            1.000       1.000       1.000       1.000       1.000       1.000       1.000


STD Standardization

                  Lower .5%  Lower 2.5%    Lower 5%    Estimate    Upper 5%  Upper 2.5%   Upper .5%

Latent Class 1

 Means
    HAS_0            7.036       7.451       7.664       8.774       9.884      10.097      10.512

 Variances
    HAS_0           30.194      34.906      37.316      49.903      62.489      64.900      69.611

Latent Class 2

 Means
    HAS_0            8.271       8.539       8.677       9.394      10.112      10.249      10.518

 Variances
    HAS_0           32.350      34.932      36.253      43.151      50.048      51.369      53.951


     Beginning Time:  19:25:02
        Ending Time:  19:25:02
       Elapsed Time:  00:00:00



MUTHEN & MUTHEN
3463 Stoner Ave.
Los Angeles, CA  90066

Tel: (310) 391-9971
Fax: (310) 391-8971
Web: www.StatModel.com
Support: Support@StatModel.com

Copyright (c) 1998-2021 Muthen & Muthen
