Mplus VERSION 8.6 (Mac)
MUTHEN & MUTHEN
03/06/2023   5:03 PM

INPUT INSTRUCTIONS

  TITLE:
  D3STEP_NSR_24C -  GMM4v_i s q cub@0;
  DATA:
  FILE = "/Users/olivierpercie/Desktop/MplusLGM/SAPS/Results/D3STEP/NSR_24C_D3STEP.dat";

  VARIABLE:
  NAMES = PIN SAPS_0 SAPS_1 SAPS_2 SAPS_3 SAPS_6 SAPS_9 SAPS_12 SAPS_18 SAPS_24 I S Q
       CUB C_I C_S C_Q C_CUB CPROB1 CPROB2 N NSR_24C;
   MISSING=.;
   USEVAR = NSR_24C N;
  NOMINAL = N;
  CLASSES = c(2);
  ANALYSIS:
  TYPE = MIXTURE;
  STARTS = 0;
  PROCESSORS = 8;
  MODEL:
  %OVERALL%
  %C#1%
  [N#1@3.513];
  [NSR_24C](M1); NSR_24C;
  %C#2%
  [N#1@-3.952];
  [NSR_24C](M2); NSR_24C;
  MODEL CONSTRAINT:
  New (diff12);
  diff12  = M1 - M2;
  MODEL TEST:
  M1 = M2;
  OUTPUT:
  SAMPSTAT;
  STANDARDIZED;
  CINTERVAL;



*** WARNING in MODEL command
  All variables are uncorrelated with all other variables within class.
  Check that this is what is intended.
   1 WARNING(S) FOUND IN THE INPUT INSTRUCTIONS




D3STEP_NSR_24C -  GMM4v_i s q cub@0;

SUMMARY OF ANALYSIS

Number of groups                                                 1
Number of observations                                         405

Number of dependent variables                                    2
Number of independent variables                                  0
Number of continuous latent variables                            0
Number of categorical latent variables                           1

Observed dependent variables

  Continuous
   NSR_24C

  Unordered categorical (nominal)
   N

Categorical latent variables
   C


Estimator                                                      MLR
Information matrix                                        OBSERVED
Optimization Specifications for the Quasi-Newton Algorithm for
Continuous Outcomes
  Maximum number of iterations                                 100
  Convergence criterion                                  0.100D-05
Optimization Specifications for the EM Algorithm
  Maximum number of iterations                                 500
  Convergence criteria
    Loglikelihood change                                 0.100D-06
    Relative loglikelihood change                        0.100D-06
    Derivative                                           0.100D-05
Optimization Specifications for the M step of the EM Algorithm for
Categorical Latent variables
  Number of M step iterations                                    1
  M step convergence criterion                           0.100D-05
  Basis for M step termination                           ITERATION
Optimization Specifications for the M step of the EM Algorithm for
Censored, Binary or Ordered Categorical (Ordinal), Unordered
Categorical (Nominal) and Count Outcomes
  Number of M step iterations                                    1
  M step convergence criterion                           0.100D-05
  Basis for M step termination                           ITERATION
  Maximum value for logit thresholds                            15
  Minimum value for logit thresholds                           -15
  Minimum expected cell size for chi-square              0.100D-01
Maximum number of iterations for H1                           2000
Convergence criterion for H1                             0.100D-03
Optimization algorithm                                         EMA

Input data file(s)
  /Users/olivierpercie/Desktop/MplusLGM/SAPS/Results/D3STEP/NSR_24C_D3STEP.dat
Input data format  FREE


SUMMARY OF DATA

     Number of missing data patterns             2
     Number of y missing data patterns           2
     Number of u missing data patterns           0


COVARIANCE COVERAGE OF DATA

Minimum covariance coverage value   0.100


     PROPORTION OF DATA PRESENT FOR Y


           Covariance Coverage
              NSR_24C
              ________
 NSR_24C        0.306


UNIVARIATE PROPORTIONS AND COUNTS FOR CATEGORICAL VARIABLES

    N
      Category 1    0.341          138.000
      Category 2    0.659          267.000


SAMPLE STATISTICS


     ESTIMATED SAMPLE STATISTICS


           Means
              NSR_24C
              ________
                2.806


           Covariances
              NSR_24C
              ________
 NSR_24C        6.012


           Correlations
              NSR_24C
              ________
 NSR_24C        1.000


     MAXIMUM LOG-LIKELIHOOD VALUE FOR THE UNRESTRICTED (H1) MODEL IS -287.150


UNIVARIATE SAMPLE STATISTICS


     UNIVARIATE HIGHER-ORDER MOMENT DESCRIPTIVE STATISTICS

         Variable/         Mean/     Skewness/   Minimum/ % with                Percentiles
        Sample Size      Variance    Kurtosis    Maximum  Min/Max      20%/60%    40%/80%    Median

     NSR_24C               2.806       0.569       0.000   25.00%       0.000      2.000      3.000
             124.000       6.011      -0.631       9.000    0.81%       3.000      5.000


THE MODEL ESTIMATION TERMINATED NORMALLY



MODEL FIT INFORMATION

Number of Free Parameters                        5

Loglikelihood

          H0 Value                        -529.860
          H0 Scaling Correction Factor      0.9308
            for MLR

Information Criteria

          Akaike (AIC)                    1069.720
          Bayesian (BIC)                  1089.739
          Sample-Size Adjusted BIC        1073.874
            (n* = (n + 2) / 24)

Wald Test of Parameter Constraints

          Value                             25.371
          Degrees of Freedom                     1
          P-Value                           0.0000



FINAL CLASS COUNTS AND PROPORTIONS FOR THE LATENT CLASSES
BASED ON THE ESTIMATED MODEL

    Latent
   Classes

       1        137.35617          0.33915
       2        267.64383          0.66085


FINAL CLASS COUNTS AND PROPORTIONS FOR THE LATENT CLASSES
BASED ON ESTIMATED POSTERIOR PROBABILITIES

    Latent
   Classes

       1        137.35617          0.33915
       2        267.64383          0.66085


FINAL CLASS COUNTS AND PROPORTIONS FOR THE LATENT CLASSES
BASED ON THEIR MOST LIKELY LATENT CLASS MEMBERSHIP

Class Counts and Proportions

    Latent
   Classes

       1              139          0.34321
       2              266          0.65679


CLASSIFICATION QUALITY

     Entropy                         0.853


Average Latent Class Probabilities for Most Likely Latent Class Membership (Row)
by Latent Class (Column)

           1        2

    1   0.960    0.040
    2   0.015    0.985


Classification Probabilities for the Most Likely Latent Class Membership (Column)
by Latent Class (Row)

           1        2

    1   0.971    0.029
    2   0.021    0.979


Logits for the Classification Probabilities for the Most Likely Latent Class Membership (Column)
by Latent Class (Row)

              1        2

    1      3.515    0.000
    2     -3.843    0.000


MODEL RESULTS

                                                    Two-Tailed
                    Estimate       S.E.  Est./S.E.    P-Value

Latent Class 1

 Means
    NSR_24C            4.332      0.392     11.052      0.000

 Means
    N#1                3.513      0.000    999.000    999.000

 Variances
    NSR_24C            6.530      0.973      6.709      0.000

Latent Class 2

 Means
    NSR_24C            1.850      0.249      7.439      0.000

 Means
    N#1               -3.952      0.000    999.000    999.000

 Variances
    NSR_24C            3.311      0.685      4.832      0.000

Categorical Latent Variables

 Means
    C#1               -0.667      0.111     -6.017      0.000

New/Additional Parameters
    DIFF12             2.482      0.493      5.037      0.000


QUALITY OF NUMERICAL RESULTS

     Condition Number for the Information Matrix              0.122E-01
       (ratio of smallest to largest eigenvalue)


STANDARDIZED MODEL RESULTS


STDYX Standardization

                                                    Two-Tailed
                    Estimate       S.E.  Est./S.E.    P-Value

Latent Class 1

 Means
    NSR_24C            1.695      0.215      7.884      0.000

 Variances
    NSR_24C            1.000      0.000    999.000    999.000

Latent Class 2

 Means
    NSR_24C            1.017      0.094     10.775      0.000

 Variances
    NSR_24C            1.000      0.000    999.000    999.000


STDY Standardization

                                                    Two-Tailed
                    Estimate       S.E.  Est./S.E.    P-Value

Latent Class 1

 Means
    NSR_24C            1.695      0.215      7.884      0.000

 Variances
    NSR_24C            1.000      0.000    999.000    999.000

Latent Class 2

 Means
    NSR_24C            1.017      0.094     10.775      0.000

 Variances
    NSR_24C            1.000      0.000    999.000    999.000


STD Standardization

                                                    Two-Tailed
                    Estimate       S.E.  Est./S.E.    P-Value

Latent Class 1

 Means
    NSR_24C            4.332      0.392     11.052      0.000

 Variances
    NSR_24C            6.530      0.973      6.709      0.000

Latent Class 2

 Means
    NSR_24C            1.850      0.249      7.439      0.000

 Variances
    NSR_24C            3.311      0.685      4.832      0.000


R-SQUARE

Class 1

Class 2


CONFIDENCE INTERVALS OF MODEL RESULTS

                  Lower .5%  Lower 2.5%    Lower 5%    Estimate    Upper 5%  Upper 2.5%   Upper .5%

Latent Class 1

 Means
    NSR_24C          3.322       3.564       3.687       4.332       4.977       5.100       5.342

 Means
    N#1              3.513       3.513       3.513       3.513       3.513       3.513       3.513

 Variances
    NSR_24C          4.023       4.622       4.929       6.530       8.131       8.437       9.036

Latent Class 2

 Means
    NSR_24C          1.209       1.362       1.441       1.850       2.259       2.337       2.490

 Means
    N#1             -3.952      -3.952      -3.952      -3.952      -3.952      -3.952      -3.952

 Variances
    NSR_24C          1.546       1.968       2.184       3.311       4.439       4.655       5.077

Categorical Latent Variables

 Means
    C#1             -0.953      -0.884      -0.849      -0.667      -0.485      -0.450      -0.382

New/Additional Parameters
    DIFF12           1.213       1.516       1.672       2.482       3.293       3.448       3.751


CONFIDENCE INTERVALS OF STANDARDIZED MODEL RESULTS


STDYX Standardization

                  Lower .5%  Lower 2.5%    Lower 5%    Estimate    Upper 5%  Upper 2.5%   Upper .5%

Latent Class 1

 Means
    NSR_24C          1.141       1.274       1.342       1.695       2.049       2.117       2.249

 Variances
    NSR_24C          1.000       1.000       1.000       1.000       1.000       1.000       1.000

Latent Class 2

 Means
    NSR_24C          0.774       0.832       0.861       1.017       1.172       1.201       1.260

 Variances
    NSR_24C          1.000       1.000       1.000       1.000       1.000       1.000       1.000


STDY Standardization

                  Lower .5%  Lower 2.5%    Lower 5%    Estimate    Upper 5%  Upper 2.5%   Upper .5%

Latent Class 1

 Means
    NSR_24C          1.141       1.274       1.342       1.695       2.049       2.117       2.249

 Variances
    NSR_24C          1.000       1.000       1.000       1.000       1.000       1.000       1.000

Latent Class 2

 Means
    NSR_24C          0.774       0.832       0.861       1.017       1.172       1.201       1.260

 Variances
    NSR_24C          1.000       1.000       1.000       1.000       1.000       1.000       1.000


STD Standardization

                  Lower .5%  Lower 2.5%    Lower 5%    Estimate    Upper 5%  Upper 2.5%   Upper .5%

Latent Class 1

 Means
    NSR_24C          3.322       3.564       3.687       4.332       4.977       5.100       5.342

 Variances
    NSR_24C          4.023       4.622       4.929       6.530       8.131       8.437       9.036

Latent Class 2

 Means
    NSR_24C          1.209       1.362       1.441       1.850       2.259       2.337       2.490

 Variances
    NSR_24C          1.546       1.968       2.184       3.311       4.439       4.655       5.077


     Beginning Time:  17:03:34
        Ending Time:  17:03:34
       Elapsed Time:  00:00:00



MUTHEN & MUTHEN
3463 Stoner Ave.
Los Angeles, CA  90066

Tel: (310) 391-9971
Fax: (310) 391-8971
Web: www.StatModel.com
Support: Support@StatModel.com

Copyright (c) 1998-2021 Muthen & Muthen
