Mplus VERSION 8.6 (Mac)
MUTHEN & MUTHEN
07/21/2023   7:15 PM

INPUT INSTRUCTIONS

  TITLE:
  D3STEP_SUMD1_24 - GMM_CV_isq@0cub@0_CT;
  DATA:
  FILE = "/Users/olivierpercie/Desktop/MplusLGM/SAPS/Results/D3STEP/SUMD1_24_D3STEP.dat";

  VARIABLE:
  NAMES = PIN SAPS_0 SAPS_1 SAPS_2 SAPS_3 SAPS_6 SAPS_9 SAPS_12 SAPS_18 SAPS_24 CPROB1
       CPROB2 N SUMD1_24;
   MISSING=.;
   USEVAR = SUMD1_24 N;
  NOMINAL = N;
  CLASSES = c(2);
  ANALYSIS:
  TYPE = MIXTURE;
  STARTS = 0;
  PROCESSORS = 8;
  MODEL:
  %OVERALL%
  %C#1%
  [N#1@3.7];
  [SUMD1_24](M1); SUMD1_24;
  %C#2%
  [N#1@-3.603];
  [SUMD1_24](M2); SUMD1_24;
  MODEL CONSTRAINT:
  New (diff12);
  diff12 = M1 - M2;
  MODEL TEST:
  M1 = M2;
  OUTPUT:
  SAMPSTAT;
  STANDARDIZED;
  CINTERVAL;



*** WARNING in MODEL command
  All variables are uncorrelated with all other variables within class.
  Check that this is what is intended.
   1 WARNING(S) FOUND IN THE INPUT INSTRUCTIONS




D3STEP_SUMD1_24 - GMM_CV_isq@0cub@0_CT;

SUMMARY OF ANALYSIS

Number of groups                                                 1
Number of observations                                         404

Number of dependent variables                                    2
Number of independent variables                                  0
Number of continuous latent variables                            0
Number of categorical latent variables                           1

Observed dependent variables

  Continuous
   SUMD1_24

  Unordered categorical (nominal)
   N

Categorical latent variables
   C


Estimator                                                      MLR
Information matrix                                        OBSERVED
Optimization Specifications for the Quasi-Newton Algorithm for
Continuous Outcomes
  Maximum number of iterations                                 100
  Convergence criterion                                  0.100D-05
Optimization Specifications for the EM Algorithm
  Maximum number of iterations                                 500
  Convergence criteria
    Loglikelihood change                                 0.100D-06
    Relative loglikelihood change                        0.100D-06
    Derivative                                           0.100D-05
Optimization Specifications for the M step of the EM Algorithm for
Categorical Latent variables
  Number of M step iterations                                    1
  M step convergence criterion                           0.100D-05
  Basis for M step termination                           ITERATION
Optimization Specifications for the M step of the EM Algorithm for
Censored, Binary or Ordered Categorical (Ordinal), Unordered
Categorical (Nominal) and Count Outcomes
  Number of M step iterations                                    1
  M step convergence criterion                           0.100D-05
  Basis for M step termination                           ITERATION
  Maximum value for logit thresholds                            15
  Minimum value for logit thresholds                           -15
  Minimum expected cell size for chi-square              0.100D-01
Maximum number of iterations for H1                           2000
Convergence criterion for H1                             0.100D-03
Optimization algorithm                                         EMA

Input data file(s)
  /Users/olivierpercie/Desktop/MplusLGM/SAPS/Results/D3STEP/SUMD1_24_D3STEP.dat
Input data format  FREE


SUMMARY OF DATA

     Number of missing data patterns             2
     Number of y missing data patterns           2
     Number of u missing data patterns           0


COVARIANCE COVERAGE OF DATA

Minimum covariance coverage value   0.100


     PROPORTION OF DATA PRESENT FOR Y


           Covariance Coverage
              SUMD1_24
              ________
 SUMD1_24       0.384


UNIVARIATE PROPORTIONS AND COUNTS FOR CATEGORICAL VARIABLES

    N
      Category 1    0.339          137.000
      Category 2    0.661          267.000


SAMPLE STATISTICS


     ESTIMATED SAMPLE STATISTICS


           Means
              SUMD1_24
              ________
                2.163


           Covariances
              SUMD1_24
              ________
 SUMD1_24       1.324


           Correlations
              SUMD1_24
              ________
 SUMD1_24       1.000


     MAXIMUM LOG-LIKELIHOOD VALUE FOR THE UNRESTRICTED (H1) MODEL IS -241.676


UNIVARIATE SAMPLE STATISTICS


     UNIVARIATE HIGHER-ORDER MOMENT DESCRIPTIVE STATISTICS

         Variable/         Mean/     Skewness/   Minimum/ % with                Percentiles
        Sample Size      Variance    Kurtosis    Maximum  Min/Max      20%/60%    40%/80%    Median

     SUMD1_24              2.163       0.780       1.000   29.68%       1.000      1.333      2.000
             155.000       1.324      -0.435       5.000    1.94%       2.333      3.000


THE MODEL ESTIMATION TERMINATED NORMALLY



MODEL FIT INFORMATION

Number of Free Parameters                        5

Loglikelihood

          H0 Value                        -496.372
          H0 Scaling Correction Factor      1.2090
            for MLR

Information Criteria

          Akaike (AIC)                    1002.745
          Bayesian (BIC)                  1022.752
          Sample-Size Adjusted BIC        1006.886
            (n* = (n + 2) / 24)

Wald Test of Parameter Constraints

          Value                              3.844
          Degrees of Freedom                     1
          P-Value                           0.0499



FINAL CLASS COUNTS AND PROPORTIONS FOR THE LATENT CLASSES
BASED ON THE ESTIMATED MODEL

    Latent
   Classes

       1        132.52074          0.32802
       2        271.47926          0.67198


FINAL CLASS COUNTS AND PROPORTIONS FOR THE LATENT CLASSES
BASED ON ESTIMATED POSTERIOR PROBABILITIES

    Latent
   Classes

       1        132.52074          0.32802
       2        271.47926          0.67198


FINAL CLASS COUNTS AND PROPORTIONS FOR THE LATENT CLASSES
BASED ON THEIR MOST LIKELY LATENT CLASS MEMBERSHIP

Class Counts and Proportions

    Latent
   Classes

       1              137          0.33911
       2              267          0.66089


CLASSIFICATION QUALITY

     Entropy                         0.837


Average Latent Class Probabilities for Most Likely Latent Class Membership (Row)
by Latent Class (Column)

           1        2

    1   0.944    0.056
    2   0.012    0.988


Classification Probabilities for the Most Likely Latent Class Membership (Column)
by Latent Class (Row)

           1        2

    1   0.975    0.025
    2   0.028    0.972


Logits for the Classification Probabilities for the Most Likely Latent Class Membership (Column)
by Latent Class (Row)

              1        2

    1      3.681    0.000
    2     -3.529    0.000


MODEL RESULTS

                                                    Two-Tailed
                    Estimate       S.E.  Est./S.E.    P-Value

Latent Class 1

 Means
    SUMD1_24           1.806      0.209      8.621      0.000

 Means
    N#1                3.700      0.000    999.000    999.000

 Variances
    SUMD1_24           0.961      0.383      2.505      0.012

Latent Class 2

 Means
    SUMD1_24           2.369      0.135     17.573      0.000

 Means
    N#1               -3.603      0.000    999.000    999.000

 Variances
    SUMD1_24           1.417      0.173      8.179      0.000

Categorical Latent Variables

 Means
    C#1               -0.717      0.114     -6.280      0.000

New/Additional Parameters
    DIFF12            -0.563      0.287     -1.961      0.050


QUALITY OF NUMERICAL RESULTS

     Condition Number for the Information Matrix              0.101E-01
       (ratio of smallest to largest eigenvalue)


STANDARDIZED MODEL RESULTS


STDYX Standardization

                                                    Two-Tailed
                    Estimate       S.E.  Est./S.E.    P-Value

Latent Class 1

 Means
    SUMD1_24           1.842      0.195      9.449      0.000

 Variances
    SUMD1_24           1.000      0.000    999.000    999.000

Latent Class 2

 Means
    SUMD1_24           1.990      0.103     19.367      0.000

 Variances
    SUMD1_24           1.000      0.000    999.000    999.000


STDY Standardization

                                                    Two-Tailed
                    Estimate       S.E.  Est./S.E.    P-Value

Latent Class 1

 Means
    SUMD1_24           1.842      0.195      9.449      0.000

 Variances
    SUMD1_24           1.000      0.000    999.000    999.000

Latent Class 2

 Means
    SUMD1_24           1.990      0.103     19.367      0.000

 Variances
    SUMD1_24           1.000      0.000    999.000    999.000


STD Standardization

                                                    Two-Tailed
                    Estimate       S.E.  Est./S.E.    P-Value

Latent Class 1

 Means
    SUMD1_24           1.806      0.209      8.621      0.000

 Variances
    SUMD1_24           0.961      0.383      2.505      0.012

Latent Class 2

 Means
    SUMD1_24           2.369      0.135     17.573      0.000

 Variances
    SUMD1_24           1.417      0.173      8.179      0.000


R-SQUARE

Class 1

Class 2


CONFIDENCE INTERVALS OF MODEL RESULTS

                  Lower .5%  Lower 2.5%    Lower 5%    Estimate    Upper 5%  Upper 2.5%   Upper .5%

Latent Class 1

 Means
    SUMD1_24         1.266       1.395       1.461       1.806       2.150       2.216       2.345

 Means
    N#1              3.700       3.700       3.700       3.700       3.700       3.700       3.700

 Variances
    SUMD1_24        -0.027       0.209       0.330       0.961       1.592       1.712       1.948

Latent Class 2

 Means
    SUMD1_24         2.022       2.105       2.147       2.369       2.591       2.633       2.716

 Means
    N#1             -3.603      -3.603      -3.603      -3.603      -3.603      -3.603      -3.603

 Variances
    SUMD1_24         0.971       1.077       1.132       1.417       1.702       1.756       1.863

Categorical Latent Variables

 Means
    C#1             -1.011      -0.941      -0.905      -0.717      -0.529      -0.493      -0.423

New/Additional Parameters
    DIFF12          -1.304      -1.127      -1.036      -0.563      -0.091       0.000       0.177


CONFIDENCE INTERVALS OF STANDARDIZED MODEL RESULTS


STDYX Standardization

                  Lower .5%  Lower 2.5%    Lower 5%    Estimate    Upper 5%  Upper 2.5%   Upper .5%

Latent Class 1

 Means
    SUMD1_24         1.340       1.460       1.522       1.842       2.163       2.224       2.344

 Variances
    SUMD1_24         1.000       1.000       1.000       1.000       1.000       1.000       1.000

Latent Class 2

 Means
    SUMD1_24         1.726       1.789       1.821       1.990       2.160       2.192       2.255

 Variances
    SUMD1_24         1.000       1.000       1.000       1.000       1.000       1.000       1.000


STDY Standardization

                  Lower .5%  Lower 2.5%    Lower 5%    Estimate    Upper 5%  Upper 2.5%   Upper .5%

Latent Class 1

 Means
    SUMD1_24         1.340       1.460       1.522       1.842       2.163       2.224       2.344

 Variances
    SUMD1_24         1.000       1.000       1.000       1.000       1.000       1.000       1.000

Latent Class 2

 Means
    SUMD1_24         1.726       1.789       1.821       1.990       2.160       2.192       2.255

 Variances
    SUMD1_24         1.000       1.000       1.000       1.000       1.000       1.000       1.000


STD Standardization

                  Lower .5%  Lower 2.5%    Lower 5%    Estimate    Upper 5%  Upper 2.5%   Upper .5%

Latent Class 1

 Means
    SUMD1_24         1.266       1.395       1.461       1.806       2.150       2.216       2.345

 Variances
    SUMD1_24        -0.027       0.209       0.330       0.961       1.592       1.712       1.948

Latent Class 2

 Means
    SUMD1_24         2.022       2.105       2.147       2.369       2.591       2.633       2.716

 Variances
    SUMD1_24         0.971       1.077       1.132       1.417       1.702       1.756       1.863


     Beginning Time:  19:15:26
        Ending Time:  19:15:26
       Elapsed Time:  00:00:00



MUTHEN & MUTHEN
3463 Stoner Ave.
Los Angeles, CA  90066

Tel: (310) 391-9971
Fax: (310) 391-8971
Web: www.StatModel.com
Support: Support@StatModel.com

Copyright (c) 1998-2021 Muthen & Muthen
