Mplus VERSION 8.6 (Mac)
MUTHEN & MUTHEN
07/05/2023   9:56 AM

INPUT INSTRUCTIONS

  TITLE:
   FINAL_311; - R3STEP_JSR_t;
  DATA:
  FILE = "/Users/olivierpercie/Desktop/MplusLGM/SANS/Results/R3STEP/JSR_t_R3STEP.dat";

  VARIABLE:
  NAMES = PIN SANS_0 SANS_1 SANS_2 SANS_3 SANS_6 SANS_9 SANS_12 SANS_18 SANS_24 I S Q
       CUB C_I C_S C_Q C_CUB CPROB1 CPROB2 CPROB3 N JSR_t;
   MISSING=.;
   USEVAR = N JSR_t;
  NOMINAL = N;
  CLASSES = c(3);
  ANALYSIS:
  TYPE = MIXTURE;
  ALGORITHM = INTEGRATION;
  INTEGRATION = MONTECARLO;
  STARTS = 0;
  PROCESSORS = 8;
  MODEL:
  %OVERALL%
  C ON JSR_t;
  JSR_t;
  %C#1%
  [N#1@3.075];
  [N#2@1.083];
  %C#2%
  [N#1@1.199];
  [N#2@2.945];
  %C#3%
  [N#1@-1.281];
  [N#2@-1.148];
  OUTPUT:
  SAMPSTAT;
  STANDARDIZED;
  CINTERVAL;
  TECH7;



INPUT READING TERMINATED NORMALLY




FINAL_311; - R3STEP_JSR_t;

SUMMARY OF ANALYSIS

Number of groups                                                 1
Number of observations                                         405

Number of dependent variables                                    1
Number of independent variables                                  1
Number of continuous latent variables                            0
Number of categorical latent variables                           1

Observed dependent variables

  Unordered categorical (nominal)
   N

Observed independent variables
   JSR_T

Categorical latent variables
   C


Estimator                                                      MLR
Information matrix                                        OBSERVED
Optimization Specifications for the Quasi-Newton Algorithm for
Continuous Outcomes
  Maximum number of iterations                                 100
  Convergence criterion                                  0.100D-05
Optimization Specifications for the EM Algorithm
  Maximum number of iterations                                 500
  Convergence criteria
    Loglikelihood change                                 0.100D-02
    Relative loglikelihood change                        0.100D-05
    Derivative                                           0.100D-02
Optimization Specifications for the M step of the EM Algorithm for
Categorical Latent variables
  Number of M step iterations                                    1
  M step convergence criterion                           0.100D-02
  Basis for M step termination                           ITERATION
Optimization Specifications for the M step of the EM Algorithm for
Censored, Binary or Ordered Categorical (Ordinal), Unordered
Categorical (Nominal) and Count Outcomes
  Number of M step iterations                                    1
  M step convergence criterion                           0.100D-02
  Basis for M step termination                           ITERATION
  Maximum value for logit thresholds                            15
  Minimum value for logit thresholds                           -15
  Minimum expected cell size for chi-square              0.100D-01
Maximum number of iterations for H1                           2000
Convergence criterion for H1                             0.100D-03
Optimization algorithm                                         EMA
Integration Specifications
  Type                                                  MONTECARLO
  Number of integration points                                 250
  Dimensions of numerical integration                            1
  Adaptive quadrature                                           ON
  Monte Carlo integration seed                                   0
Cholesky                                                       OFF

Input data file(s)
  /Users/olivierpercie/Desktop/MplusLGM/SANS/Results/R3STEP/JSR_t_R3STEP.dat
Input data format  FREE


SUMMARY OF DATA

     Number of missing data patterns             2
     Number of y missing data patterns           2
     Number of u missing data patterns           0


COVARIANCE COVERAGE OF DATA

Minimum covariance coverage value   0.100


     PROPORTION OF DATA PRESENT FOR Y


           Covariance Coverage
              JSR_T
              ________
 JSR_T          0.640


UNIVARIATE PROPORTIONS AND COUNTS FOR CATEGORICAL VARIABLES

    N
      Category 1    0.437          177.000
      Category 2    0.402          163.000
      Category 3    0.160           65.000


SAMPLE STATISTICS


     ESTIMATED SAMPLE STATISTICS


           Means
              JSR_T
              ________
                7.459


           Covariances
              JSR_T
              ________
 JSR_T         45.800


           Correlations
              JSR_T
              ________
 JSR_T          1.000


     MAXIMUM LOG-LIKELIHOOD VALUE FOR THE UNRESTRICTED (H1) MODEL IS -862.751


UNIVARIATE SAMPLE STATISTICS


     UNIVARIATE HIGHER-ORDER MOMENT DESCRIPTIVE STATISTICS

         Variable/         Mean/     Skewness/   Minimum/ % with                Percentiles
        Sample Size      Variance    Kurtosis    Maximum  Min/Max      20%/60%    40%/80%    Median

     JSR_T                 7.459       1.155       0.000    0.39%       2.000      3.000      6.000
             259.000      45.800       0.332      24.000    7.34%       6.000     12.000


THE MODEL ESTIMATION TERMINATED NORMALLY



MODEL FIT INFORMATION

Number of Free Parameters                        6

Loglikelihood

          H0 Value                       -1270.824
          H0 Scaling Correction Factor      1.1164
            for MLR

Information Criteria

          Akaike (AIC)                    2553.648
          Bayesian (BIC)                  2577.671
          Sample-Size Adjusted BIC        2558.633
            (n* = (n + 2) / 24)



FINAL CLASS COUNTS AND PROPORTIONS FOR THE LATENT CLASSES
BASED ON THE ESTIMATED MODEL

    Latent
   Classes

       1        168.48952          0.41602
       2        153.19202          0.37825
       3         83.31846          0.20572


FINAL CLASS COUNTS AND PROPORTIONS FOR THE LATENT CLASSES
BASED ON ESTIMATED POSTERIOR PROBABILITIES

    Latent
   Classes

       1        166.91197          0.41213
       2        155.40096          0.38371
       3         82.68708          0.20417


FINAL CLASS COUNTS AND PROPORTIONS FOR THE LATENT CLASSES
BASED ON THEIR MOST LIKELY LATENT CLASS MEMBERSHIP

Class Counts and Proportions

    Latent
   Classes

       1              177          0.43704
       2              163          0.40247
       3               65          0.16049


CLASSIFICATION QUALITY

     Entropy                         0.420


Average Latent Class Probabilities for Most Likely Latent Class Membership (Row)
by Latent Class (Column)

           1        2        3

    1   0.796    0.123    0.081
    2   0.120    0.778    0.102
    3   0.100    0.106    0.794


Classification Probabilities for the Most Likely Latent Class Membership (Column)
by Latent Class (Row)

           1        2        3

    1   0.844    0.117    0.039
    2   0.140    0.816    0.044
    3   0.174    0.202    0.625


Logits for the Classification Probabilities for the Most Likely Latent Class Membership (Column)
by Latent Class (Row)

              1        2        3

    1      3.077    1.105    0.000
    2      1.154    2.915    0.000
    3     -1.279   -1.130    0.000


MODEL RESULTS

                                                    Two-Tailed
                    Estimate       S.E.  Est./S.E.    P-Value

Latent Class 1

 Means
    JSR_T              7.853      0.469     16.762      0.000
    N#1                3.075      0.000    999.000    999.000
    N#2                1.083      0.000    999.000    999.000

 Variances
    JSR_T             46.324      4.361     10.623      0.000

Latent Class 2

 Means
    JSR_T              7.853      0.469     16.762      0.000
    N#1                1.199      0.000    999.000    999.000
    N#2                2.945      0.000    999.000    999.000

 Variances
    JSR_T             46.324      4.361     10.623      0.000

Latent Class 3

 Means
    JSR_T              7.853      0.469     16.762      0.000
    N#1               -1.281      0.000    999.000    999.000
    N#2               -1.148      0.000    999.000    999.000

 Variances
    JSR_T             46.324      4.361     10.623      0.000

Categorical Latent Variables

 C#1        ON
    JSR_T             -0.009      0.053     -0.177      0.859

 C#2        ON
    JSR_T              0.105      0.066      1.586      0.113

 Intercepts
    C#1                0.759      0.374      2.029      0.042
    C#2               -0.249      0.568     -0.439      0.661


QUALITY OF NUMERICAL RESULTS

     Condition Number for the Information Matrix              0.270E-03
       (ratio of smallest to largest eigenvalue)


LOGISTIC REGRESSION ODDS RATIO RESULTS

                                                95% C.I.
                    Estimate       S.E.  Lower 2.5% Upper 2.5%

Categorical Latent Variables

 C#1      ON
    JSR_T              0.991      0.052      0.893      1.099

 C#2      ON
    JSR_T              1.111      0.074      0.975      1.266


ALTERNATIVE PARAMETERIZATIONS FOR THE CATEGORICAL LATENT VARIABLE REGRESSION

                                                    Two-Tailed
                    Estimate       S.E.  Est./S.E.    P-Value

Parameterization using Reference Class 1

 C#2      ON
    JSR_T              0.115      0.046      2.478      0.013

 C#3      ON
    JSR_T              0.009      0.053      0.177      0.859

 Intercepts
    C#2               -1.008      0.453     -2.227      0.026
    C#3               -0.759      0.374     -2.029      0.042

Parameterization using Reference Class 2

 C#1      ON
    JSR_T             -0.115      0.046     -2.478      0.013

 C#3      ON
    JSR_T             -0.105      0.066     -1.586      0.113

 Intercepts
    C#1                1.008      0.453      2.227      0.026
    C#3                0.249      0.568      0.439      0.661


ODDS RATIO FOR THE ALTERNATIVE PARAMETERIZATIONS FOR THE CATEGORICAL LATENT VARIABLE REGRESSION

                                                95% C.I.
                    Estimate       S.E.  Lower 2.5% Upper 2.5%

Parameterization using Reference Class 1

 C#2      ON
    JSR_T              1.122      0.052      1.024      1.228

 C#3      ON
    JSR_T              1.009      0.053      0.910      1.119

Parameterization using Reference Class 2

 C#1      ON
    JSR_T              0.892      0.041      0.814      0.976

 C#3      ON
    JSR_T              0.900      0.060      0.790      1.025


STANDARDIZED MODEL RESULTS


STDYX Standardization

                                                    Two-Tailed
                    Estimate       S.E.  Est./S.E.    P-Value

Latent Class 1

 Means
    JSR_T              1.154      0.045     25.368      0.000
    N#1                3.075      0.000    999.000    999.000
    N#2                1.083      0.000    999.000    999.000

 Variances
    JSR_T              1.000      0.000    999.000    999.000

Latent Class 2

 Means
    JSR_T              1.154      0.045     25.368      0.000
    N#1                1.199      0.000    999.000    999.000
    N#2                2.945      0.000    999.000    999.000

 Variances
    JSR_T              1.000      0.000    999.000    999.000

Latent Class 3

 Means
    JSR_T              1.154      0.045     25.368      0.000
    N#1               -1.281      0.000    999.000    999.000
    N#2               -1.148      0.000    999.000    999.000

 Variances
    JSR_T              1.000      0.000    999.000    999.000


STDY Standardization

                                                    Two-Tailed
                    Estimate       S.E.  Est./S.E.    P-Value

Latent Class 1

 Means
    JSR_T              1.154      0.045     25.368      0.000
    N#1                3.075      0.000    999.000    999.000
    N#2                1.083      0.000    999.000    999.000

 Variances
    JSR_T              1.000      0.000    999.000    999.000

Latent Class 2

 Means
    JSR_T              1.154      0.045     25.368      0.000
    N#1                1.199      0.000    999.000    999.000
    N#2                2.945      0.000    999.000    999.000

 Variances
    JSR_T              1.000      0.000    999.000    999.000

Latent Class 3

 Means
    JSR_T              1.154      0.045     25.368      0.000
    N#1               -1.281      0.000    999.000    999.000
    N#2               -1.148      0.000    999.000    999.000

 Variances
    JSR_T              1.000      0.000    999.000    999.000


STD Standardization

                                                    Two-Tailed
                    Estimate       S.E.  Est./S.E.    P-Value

Latent Class 1

 Means
    JSR_T              7.853      0.469     16.762      0.000
    N#1                3.075      0.000    999.000    999.000
    N#2                1.083      0.000    999.000    999.000

 Variances
    JSR_T             46.324      4.361     10.623      0.000

Latent Class 2

 Means
    JSR_T              7.853      0.469     16.762      0.000
    N#1                1.199      0.000    999.000    999.000
    N#2                2.945      0.000    999.000    999.000

 Variances
    JSR_T             46.324      4.361     10.623      0.000

Latent Class 3

 Means
    JSR_T              7.853      0.469     16.762      0.000
    N#1               -1.281      0.000    999.000    999.000
    N#2               -1.148      0.000    999.000    999.000

 Variances
    JSR_T             46.324      4.361     10.623      0.000


CONFIDENCE INTERVALS OF MODEL RESULTS

                  Lower .5%  Lower 2.5%    Lower 5%    Estimate    Upper 5%  Upper 2.5%   Upper .5%

Latent Class 1

 Means
    JSR_T            6.647       6.935       7.083       7.853       8.624       8.772       9.060
    N#1              3.075       3.075       3.075       3.075       3.075       3.075       3.075
    N#2              1.083       1.083       1.083       1.083       1.083       1.083       1.083

 Variances
    JSR_T           35.092      37.777      39.151      46.324      53.498      54.871      57.557

Latent Class 2

 Means
    JSR_T            6.647       6.935       7.083       7.853       8.624       8.772       9.060
    N#1              1.199       1.199       1.199       1.199       1.199       1.199       1.199
    N#2              2.945       2.945       2.945       2.945       2.945       2.945       2.945

 Variances
    JSR_T           35.092      37.777      39.151      46.324      53.498      54.871      57.557

Latent Class 3

 Means
    JSR_T            6.647       6.935       7.083       7.853       8.624       8.772       9.060
    N#1             -1.281      -1.281      -1.281      -1.281      -1.281      -1.281      -1.281
    N#2             -1.148      -1.148      -1.148      -1.148      -1.148      -1.148      -1.148

 Variances
    JSR_T           35.092      37.777      39.151      46.324      53.498      54.871      57.557

Categorical Latent Variables

 C#1      ON
    JSR_T           -0.145      -0.113      -0.096      -0.009       0.077       0.094       0.126

 C#2      ON
    JSR_T           -0.066      -0.025      -0.004       0.105       0.215       0.236       0.277

 Intercepts
    C#1             -0.204       0.026       0.144       0.759       1.374       1.492       1.722
    C#2             -1.712      -1.362      -1.183      -0.249       0.685       0.864       1.214


CONFIDENCE INTERVALS FOR THE LOGISTIC REGRESSION ODDS RATIO RESULTS

Categorical Latent Variables

 C#1      ON
    JSR_T            0.865       0.893       0.908       0.991       1.080       1.099       1.135

 C#2      ON
    JSR_T            0.936       0.975       0.996       1.111       1.240       1.266       1.319


CONFIDENCE INTERVALS FOR THE ALTERNATIVE PARAMETERIZATIONS FOR THE CATEGORICAL LATENT VARIABLE REGRESSION

Parameterization using Reference Class 1

 C#2      ON
    JSR_T           -0.005       0.024       0.039       0.115       0.191       0.206       0.234

 C#3      ON
    JSR_T           -0.126      -0.094      -0.077       0.009       0.096       0.113       0.145

 Intercepts
    C#2             -2.174      -1.895      -1.753      -1.008      -0.263      -0.121       0.158
    C#3             -1.722      -1.492      -1.374      -0.759      -0.144      -0.026       0.204

Parameterization using Reference Class 2

 C#1      ON
    JSR_T           -0.234      -0.206      -0.191      -0.115      -0.039      -0.024       0.005

 C#3      ON
    JSR_T           -0.277      -0.236      -0.215      -0.105       0.004       0.025       0.066

 Intercepts
    C#1             -0.158       0.121       0.263       1.008       1.753       1.895       2.174
    C#3             -1.214      -0.864      -0.685       0.249       1.183       1.362       1.712


CONFIDENCE INTERVALS FOR THE ODDS RATIO FOR THE ALTERNATIVE PARAMETERIZATIONS FOR THE
CATEGORICAL LATENT VARIABLE REGRESSION

Parameterization using Reference Class 1

 C#2      ON
    JSR_T            0.995       1.024       1.039       1.122       1.210       1.228       1.264

 C#3      ON
    JSR_T            0.881       0.910       0.926       1.009       1.101       1.119       1.156

Parameterization using Reference Class 2

 C#1      ON
    JSR_T            0.791       0.814       0.826       0.892       0.962       0.976       1.005

 C#3      ON
    JSR_T            0.758       0.790       0.807       0.900       1.004       1.025       1.068


CONFIDENCE INTERVALS OF STANDARDIZED MODEL RESULTS


STDYX Standardization

                  Lower .5%  Lower 2.5%    Lower 5%    Estimate    Upper 5%  Upper 2.5%   Upper .5%

Latent Class 1

 Means
    JSR_T            1.037       1.065       1.079       1.154       1.229       1.243       1.271
    N#1              3.075       3.075       3.075       3.075       3.075       3.075       3.075
    N#2              1.083       1.083       1.083       1.083       1.083       1.083       1.083

 Variances
    JSR_T            1.000       1.000       1.000       1.000       1.000       1.000       1.000

Latent Class 2

 Means
    JSR_T            1.037       1.065       1.079       1.154       1.229       1.243       1.271
    N#1              1.199       1.199       1.199       1.199       1.199       1.199       1.199
    N#2              2.945       2.945       2.945       2.945       2.945       2.945       2.945

 Variances
    JSR_T            1.000       1.000       1.000       1.000       1.000       1.000       1.000

Latent Class 3

 Means
    JSR_T            1.037       1.065       1.079       1.154       1.229       1.243       1.271
    N#1             -1.281      -1.281      -1.281      -1.281      -1.281      -1.281      -1.281
    N#2             -1.148      -1.148      -1.148      -1.148      -1.148      -1.148      -1.148

 Variances
    JSR_T            1.000       1.000       1.000       1.000       1.000       1.000       1.000


STDY Standardization

                  Lower .5%  Lower 2.5%    Lower 5%    Estimate    Upper 5%  Upper 2.5%   Upper .5%

Latent Class 1

 Means
    JSR_T            1.037       1.065       1.079       1.154       1.229       1.243       1.271
    N#1              3.075       3.075       3.075       3.075       3.075       3.075       3.075
    N#2              1.083       1.083       1.083       1.083       1.083       1.083       1.083

 Variances
    JSR_T            1.000       1.000       1.000       1.000       1.000       1.000       1.000

Latent Class 2

 Means
    JSR_T            1.037       1.065       1.079       1.154       1.229       1.243       1.271
    N#1              1.199       1.199       1.199       1.199       1.199       1.199       1.199
    N#2              2.945       2.945       2.945       2.945       2.945       2.945       2.945

 Variances
    JSR_T            1.000       1.000       1.000       1.000       1.000       1.000       1.000

Latent Class 3

 Means
    JSR_T            1.037       1.065       1.079       1.154       1.229       1.243       1.271
    N#1             -1.281      -1.281      -1.281      -1.281      -1.281      -1.281      -1.281
    N#2             -1.148      -1.148      -1.148      -1.148      -1.148      -1.148      -1.148

 Variances
    JSR_T            1.000       1.000       1.000       1.000       1.000       1.000       1.000


STD Standardization

                  Lower .5%  Lower 2.5%    Lower 5%    Estimate    Upper 5%  Upper 2.5%   Upper .5%

Latent Class 1

 Means
    JSR_T            6.647       6.935       7.083       7.853       8.624       8.772       9.060
    N#1              3.075       3.075       3.075       3.075       3.075       3.075       3.075
    N#2              1.083       1.083       1.083       1.083       1.083       1.083       1.083

 Variances
    JSR_T           35.092      37.777      39.151      46.324      53.498      54.871      57.557

Latent Class 2

 Means
    JSR_T            6.647       6.935       7.083       7.853       8.624       8.772       9.060
    N#1              1.199       1.199       1.199       1.199       1.199       1.199       1.199
    N#2              2.945       2.945       2.945       2.945       2.945       2.945       2.945

 Variances
    JSR_T           35.092      37.777      39.151      46.324      53.498      54.871      57.557

Latent Class 3

 Means
    JSR_T            6.647       6.935       7.083       7.853       8.624       8.772       9.060
    N#1             -1.281      -1.281      -1.281      -1.281      -1.281      -1.281      -1.281
    N#2             -1.148      -1.148      -1.148      -1.148      -1.148      -1.148      -1.148

 Variances
    JSR_T           35.092      37.777      39.151      46.324      53.498      54.871      57.557


TECHNICAL 7 OUTPUT


     SAMPLE STATISTICS WEIGHTED BY ESTIMATED CLASS PROBABILITIES FOR CLASS 1


           Means
              JSR_T
              ________
                5.872


           Covariances
              JSR_T
              ________
 JSR_T         26.443


     SAMPLE STATISTICS WEIGHTED BY ESTIMATED CLASS PROBABILITIES FOR CLASS 2


           Means
              JSR_T
              ________
               10.915


           Covariances
              JSR_T
              ________
 JSR_T         67.449


     SAMPLE STATISTICS WEIGHTED BY ESTIMATED CLASS PROBABILITIES FOR CLASS 3


           Means
              JSR_T
              ________
                6.123


           Covariances
              JSR_T
              ________
 JSR_T         34.243


     UNIVARIATE SAMPLE DISTRIBUTIONS FOR CLASS 1

     Variable
     N
       Category 1        0.844
       Category 2        0.117
       Category 3        0.039


     UNIVARIATE SAMPLE DISTRIBUTIONS FOR CLASS 2

     Variable
     N
       Category 1        0.140
       Category 2        0.816
       Category 3        0.044


     UNIVARIATE SAMPLE DISTRIBUTIONS FOR CLASS 3

     Variable
     N
       Category 1        0.174
       Category 2        0.202
       Category 3        0.625


     Beginning Time:  09:56:45
        Ending Time:  09:56:46
       Elapsed Time:  00:00:01



MUTHEN & MUTHEN
3463 Stoner Ave.
Los Angeles, CA  90066

Tel: (310) 391-9971
Fax: (310) 391-8971
Web: www.StatModel.com
Support: Support@StatModel.com

Copyright (c) 1998-2021 Muthen & Muthen
