Mplus VERSION 8.6 (Mac)
MUTHEN & MUTHEN
07/25/2023   3:01 AM

INPUT INSTRUCTIONS

  TITLE:
  GMM_CV_isq@0cub@0_CT
  DATA:
  FILE = "/Users/olivierpercie/Desktop/MplusLGM/SAPS/Results/GMM/CV/isq@0cub@0/GMM8.dat";

  VARIABLE:
  NAMES = pin SAPS_0 SAPS_1 SAPS_2 SAPS_3 SAPS_6 SAPS_9 SAPS_12 SAPS_18 SAPS_24;
   MISSING=.;
   USEVAR = SAPS_0 SAPS_1 SAPS_2 SAPS_3 SAPS_6 SAPS_9 SAPS_12 SAPS_18 SAPS_24;
  IDVAR = pin;
  CLASSES = c(2);
  ANALYSIS:
  TYPE = MIXTURE;
  STARTS = 500 125;
  K-1STARTS = 250 62.5;
  DISTRIBUTION = SKEWNORMAL;
  PROCESSORS = 8;
  MODEL:
  %OVERALL%
  i s q cub | SAPS_0@0 SAPS_1@1 SAPS_2@2 SAPS_3@3 SAPS_6@6 SAPS_9@9 SAPS_12@12 SAPS_18@18
  SAPS_24@24;
  i s q@0 cub@0;
  i WITH s q cub;
  s WITH q cub;
  q WITH cub;
  SAPS_0 SAPS_1 SAPS_2 SAPS_3 SAPS_6 SAPS_9 SAPS_12 SAPS_18 SAPS_24;
  %C#1%
  i s q@0 cub@0;
  i WITH s q cub;
  s WITH q cub;
  q WITH cub;
  SAPS_0 (1);
  SAPS_1 (2);
  SAPS_2 (3);
  SAPS_3 (4);
  SAPS_6 (5);
  SAPS_9 (6);
  SAPS_12 (7);
  SAPS_18 (8);
  SAPS_24 (9);
  %C#2%
  i s q@0 cub@0;
  i WITH s q cub;
  s WITH q cub;
  q WITH cub;
  SAPS_0 (10);
  SAPS_1 (11);
  SAPS_2 (12);
  SAPS_3 (13);
  SAPS_6 (14);
  SAPS_9 (15);
  SAPS_12 (16);
  SAPS_18 (17);
  SAPS_24 (18);
  OUTPUT:
  TECH7;
  TECH11;
  SAMPSTAT;
  STANDARDIZED;
  CINTERVAL;
  SAVEDATA:
  FILE = GMM_CV_isq@0cub@0_CT_CP.dat;
  SAVE = CPROBABILITIES;



*** WARNING in MODEL command
  All continuous latent variable covariances involving Q have been fixed to 0
  because the variance of Q is fixed at 0.
*** WARNING in MODEL command
  All continuous latent variable covariances involving CUB have been fixed to 0
  because the variance of CUB is fixed at 0.
*** WARNING in MODEL command
  All continuous latent variable covariances involving Q have been fixed to 0
  because the variance of Q is fixed at 0.
*** WARNING in MODEL command
  All continuous latent variable covariances involving CUB have been fixed to 0
  because the variance of CUB is fixed at 0.
*** WARNING in MODEL command
  All continuous latent variable covariances involving Q have been fixed to 0
  because the variance of Q is fixed at 0.
*** WARNING in MODEL command
  All continuous latent variable covariances involving CUB have been fixed to 0
  because the variance of CUB is fixed at 0.
   6 WARNING(S) FOUND IN THE INPUT INSTRUCTIONS




GMM_CV_isq@0cub@0_CT

SUMMARY OF ANALYSIS

Number of groups                                                 1
Number of observations                                         404

Number of dependent variables                                    9
Number of independent variables                                  0
Number of continuous latent variables                            4
Number of categorical latent variables                           1

Observed dependent variables

  Continuous
   SAPS_0      SAPS_1      SAPS_2      SAPS_3      SAPS_6      SAPS_9
   SAPS_12     SAPS_18     SAPS_24

Continuous latent variables
   I           S           Q           CUB

Categorical latent variables
   C

Variables with special functions

  ID variable           PIN

Estimator                                                      MLR
Information matrix                                        OBSERVED
Optimization Specifications for the Quasi-Newton Algorithm for
Continuous Outcomes
  Maximum number of iterations                                 100
  Convergence criterion                                  0.100D-03
Optimization Specifications for the EM Algorithm
  Maximum number of iterations                                 500
  Convergence criteria
    Loglikelihood change                                 0.100D-02
    Relative loglikelihood change                        0.100D-05
    Derivative                                           0.100D-03
Optimization Specifications for the M step of the EM Algorithm for
Categorical Latent variables
  Number of M step iterations                                    1
  M step convergence criterion                           0.100D-03
  Basis for M step termination                           ITERATION
Optimization Specifications for the M step of the EM Algorithm for
Censored, Binary or Ordered Categorical (Ordinal), Unordered
Categorical (Nominal) and Count Outcomes
  Number of M step iterations                                    1
  M step convergence criterion                           0.100D-03
  Basis for M step termination                           ITERATION
  Maximum value for logit thresholds                            15
  Minimum value for logit thresholds                           -15
  Minimum expected cell size for chi-square              0.100D-01
Maximum number of iterations for H1                           2000
Convergence criterion for H1                             0.100D-03
Optimization algorithm                                         EMA
Random Starts Specifications
  Number of initial stage random starts                        500
  Number of final stage optimizations                          125
  Number of initial stage iterations                            10
  Initial stage convergence criterion                    0.100D+01
  Random starts scale                                    0.500D+01
  Random seed for generating random starts                       0
Distribution Specifications
  Distribution                                          SKEWNORMAL

Input data file(s)
  /Users/olivierpercie/Desktop/MplusLGM/SAPS/Results/GMM/CV/isq@0cub@0/GMM8.dat
Input data format  FREE


SUMMARY OF DATA

     Number of missing data patterns            63
     Number of y missing data patterns          63
     Number of u missing data patterns           0


COVARIANCE COVERAGE OF DATA

Minimum covariance coverage value   0.100


     PROPORTION OF DATA PRESENT FOR Y


           Covariance Coverage
              SAPS_0        SAPS_1        SAPS_2        SAPS_3        SAPS_6
              ________      ________      ________      ________      ________
 SAPS_0         0.998
 SAPS_1         0.673         0.676
 SAPS_2         0.844         0.597         0.847
 SAPS_3         0.943         0.634         0.822         0.946
 SAPS_6         0.906         0.606         0.777         0.871         0.908
 SAPS_9         0.861         0.579         0.750         0.812         0.795
 SAPS_12        0.866         0.574         0.723         0.817         0.790
 SAPS_18        0.819         0.540         0.683         0.772         0.745
 SAPS_24        0.790         0.520         0.691         0.748         0.720


           Covariance Coverage
              SAPS_9        SAPS_12       SAPS_18       SAPS_24
              ________      ________      ________      ________
 SAPS_9         0.864
 SAPS_12        0.772         0.869
 SAPS_18        0.725         0.745         0.822
 SAPS_24        0.723         0.720         0.708         0.792


SAMPLE STATISTICS


     ESTIMATED SAMPLE STATISTICS


           Means
              SAPS_0        SAPS_1        SAPS_2        SAPS_3        SAPS_6
              ________      ________      ________      ________      ________
               11.475         5.546         4.114         3.495         3.555


           Means
              SAPS_9        SAPS_12       SAPS_18       SAPS_24
              ________      ________      ________      ________
                3.371         3.555         3.350         3.332


           Covariances
              SAPS_0        SAPS_1        SAPS_2        SAPS_3        SAPS_6
              ________      ________      ________      ________      ________
 SAPS_0        10.556
 SAPS_1         3.838        15.000
 SAPS_2         2.583        10.530        13.543
 SAPS_3         2.254         7.337         9.844        13.149
 SAPS_6         2.048         6.066         7.351         7.109        13.625
 SAPS_9         1.161         3.508         5.318         5.892         7.375
 SAPS_12        2.116         3.708         4.011         5.492         6.362
 SAPS_18        1.006         3.215         3.935         4.962         5.383
 SAPS_24        0.983         2.359         3.251         3.783         3.528


           Covariances
              SAPS_9        SAPS_12       SAPS_18       SAPS_24
              ________      ________      ________      ________
 SAPS_9        12.257
 SAPS_12        6.137        14.430
 SAPS_18        4.846         7.162        13.115
 SAPS_24        4.398         5.157         5.749        14.978


           Correlations
              SAPS_0        SAPS_1        SAPS_2        SAPS_3        SAPS_6
              ________      ________      ________      ________      ________
 SAPS_0         1.000
 SAPS_1         0.305         1.000
 SAPS_2         0.216         0.739         1.000
 SAPS_3         0.191         0.522         0.738         1.000
 SAPS_6         0.171         0.424         0.541         0.531         1.000
 SAPS_9         0.102         0.259         0.413         0.464         0.571
 SAPS_12        0.171         0.252         0.287         0.399         0.454
 SAPS_18        0.085         0.229         0.295         0.378         0.403
 SAPS_24        0.078         0.157         0.228         0.270         0.247


           Correlations
              SAPS_9        SAPS_12       SAPS_18       SAPS_24
              ________      ________      ________      ________
 SAPS_9         1.000
 SAPS_12        0.461         1.000
 SAPS_18        0.382         0.521         1.000
 SAPS_24        0.325         0.351         0.410         1.000


     MAXIMUM LOG-LIKELIHOOD VALUE FOR THE UNRESTRICTED (H1) MODEL IS -7898.566


UNIVARIATE SAMPLE STATISTICS


     UNIVARIATE HIGHER-ORDER MOMENT DESCRIPTIVE STATISTICS

         Variable/         Mean/     Skewness/   Minimum/ % with                Percentiles
        Sample Size      Variance    Kurtosis    Maximum  Min/Max      20%/60%    40%/80%    Median

     SAPS_0               11.479      -0.268       2.000    0.50%       9.000     11.000     12.000
             403.000      10.552      -0.259      20.000    0.25%      13.000     14.000
     SAPS_1                5.473       0.416       0.000   10.62%       2.000      4.000      5.000
             273.000      14.491      -0.593      16.000    0.73%       6.000      9.000
     SAPS_2                4.009       0.987       0.000   18.13%       1.000      2.000      3.000
             342.000      13.377       0.578      18.000    0.29%       4.000      7.000
     SAPS_3                3.442       1.067       0.000   28.80%       0.000      1.000      2.000
             382.000      12.933       0.497      16.000    0.26%       3.000      6.000
     SAPS_6                3.542       0.982       0.000   30.79%       0.000      1.000      2.000
             367.000      13.736       0.170      16.000    0.27%       4.000      6.000
     SAPS_9                3.318       1.129       0.000   30.37%       0.000      1.000      2.000
             349.000      12.395       0.858      16.000    0.29%       3.000      6.000
     SAPS_12               3.587       1.270       0.000   27.07%       0.000      2.000      3.000
             351.000      14.527       1.138      18.000    0.28%       3.000      6.000
     SAPS_18               3.250       1.304       0.000   30.42%       0.000      1.000      2.000
             332.000      12.820       1.292      17.000    0.30%       3.000      6.000
     SAPS_24               3.297       1.339       0.000   33.44%       0.000      1.000      2.000
             320.000      15.040       1.095      17.000    0.31%       3.000      6.000

RANDOM STARTS RESULTS RANKED FROM THE BEST TO THE WORST LOGLIKELIHOOD VALUES


386 perturbed starting value run(s) did not converge or were rejected in the third stage.
Final stage loglikelihood values at local maxima, seeds, and initial stage start numbers:

           -7843.674  580405           286
           -7857.732  714997           399
           -7857.732  264935           281
           -7873.975  188640           451
           -7873.975  416463           467
           -7875.482  798839           312
           -7889.651  997222           229
           -7905.929  15715            274
           -8283.244  292884           103
           -8283.244  118421           139
           -8283.244  25127            107
           -8283.244  569131           26
           -8283.244  483369           270
           -8283.244  688839           273
           -8283.244  68985            17
           -8283.244  790059           469
           -8283.244  848331           137
           -8283.244  263049           454
           -8283.244  376411           473
           -8283.244  422103           62
           -8283.244  392418           28
           -8283.244  951709           348
           -8283.244  85114            385
           -8283.244  313407           132
           -8283.244  875667           367
           -8283.244  746978           410
           -8283.244  801065           393
           -8283.244  317640           437
           -8283.244  246575           291
           -8283.244  153394           429
           -8283.244  782200           84
           -8283.244  790452           303
           -8283.244  408713           450
           -8283.244  846194           93
           -8283.244  765392           382
           -8283.244  301180           236
           -8283.244  930872           277
           -8283.244  195873           6
           -8283.244  36714            201
           -8283.244  931874           141
           -8283.244  534864           307
           -8283.244  156536           245
           -8283.244  669634           335
           -8283.244  282464           283
           -8283.244  440841           118
           -8283.244  801717           364
           -8283.244  335485           496
           -8283.244  418686           338
           -8283.244  871851           257
           -8283.244  533738           11
           -8309.043  414828           322
           -8309.043  425982           485
           -8309.043  70118            104
           -8309.043  455617           242
           -8309.043  732596           320
           -8309.043  227563           63
           -8309.043  948615           140
           -8309.043  168762           200
           -8309.043  273992           349
           -8309.043  701525           239
           -8309.043  918558           412
           -8309.043  441191           361
           -8310.710  320494           465
           -8310.710  173191           422
           -8310.710  851945           18
           -8310.710  354208           196
           -8310.710  857799           315
           -8310.711  370466           41
           -8310.713  674171           195
           -8383.692  468036           131
           -8383.692  39136            226
           -8415.414  190339           102

53 perturbed starting value run(s) did not converge or were rejected in the third stage.



     WARNING:  THE BEST LOGLIKELIHOOD VALUE WAS NOT REPLICATED.  THE
     SOLUTION MAY NOT BE TRUSTWORTHY DUE TO LOCAL MAXIMA.  INCREASE THE
     NUMBER OF RANDOM STARTS.

     ONE OR MORE PARAMETERS WERE FIXED TO AVOID SINGULARITY OF THE
     INFORMATION MATRIX. THE SINGULARITY IS MOST LIKELY BECAUSE THE
     MODEL IS NOT IDENTIFIED, OR BECAUSE OF EMPTY CELLS IN THE JOINT
     DISTRIBUTION OF THE CATEGORICAL VARIABLES IN THE MODEL.
     THE FOLLOWING PARAMETERS WERE FIXED:
     Parameter 8, %C#1%: SAPS_18
     Parameter 14, %C#1%: I
     Parameter 15, %C#1%: S WITH I
     Parameter 16, %C#1%: S

     THIS MAY ALSO BE DUE TO RESIDUAL VARIANCES CONVERGING TO 0.
     THESE RESIDUAL VARIANCES AND CORRESPONDING COVARIANCES ARE FIXED TO 0.


THE MODEL ESTIMATION TERMINATED NORMALLY

     WARNING:  THE LATENT VARIABLE COVARIANCE MATRIX (PSI) IN CLASS 2
     IS NOT POSITIVE DEFINITE.  THIS COULD INDICATE A NEGATIVE VARIANCE/
     RESIDUAL VARIANCE FOR A LATENT VARIABLE, A CORRELATION GREATER OR EQUAL
     TO ONE BETWEEN TWO LATENT VARIABLES, OR A LINEAR DEPENDENCY AMONG MORE
     THAN TWO LATENT VARIABLES.  CHECK THE TECH4 OUTPUT FOR MORE INFORMATION.
     PROBLEM INVOLVING VARIABLE S.




MODEL FIT INFORMATION

Number of Free Parameters                       41

Loglikelihood

          H0 Value                       -7843.674
          H0 Scaling Correction Factor      1.4450
            for MLR

Information Criteria

          Akaike (AIC)                   15769.348
          Bayesian (BIC)                 15933.406
          Sample-Size Adjusted BIC       15803.308
            (n* = (n + 2) / 24)



FINAL CLASS COUNTS AND PROPORTIONS FOR THE LATENT CLASSES
BASED ON THE ESTIMATED MODEL

    Latent
   Classes

       1        121.27745          0.30019
       2        282.72255          0.69981


FINAL CLASS COUNTS AND PROPORTIONS FOR THE LATENT CLASSES
BASED ON ESTIMATED POSTERIOR PROBABILITIES

    Latent
   Classes

       1        121.27745          0.30019
       2        282.72255          0.69981


FINAL CLASS COUNTS AND PROPORTIONS FOR THE LATENT CLASSES
BASED ON THEIR MOST LIKELY LATENT CLASS MEMBERSHIP

Class Counts and Proportions

    Latent
   Classes

       1              124          0.30693
       2              280          0.69307


CLASSIFICATION QUALITY

     Entropy                         0.933


Average Latent Class Probabilities for Most Likely Latent Class Membership (Row)
by Latent Class (Column)

           1        2

    1   0.958    0.042
    2   0.009    0.991


Classification Probabilities for the Most Likely Latent Class Membership (Column)
by Latent Class (Row)

           1        2

    1   0.979    0.021
    2   0.019    0.981


Logits for the Classification Probabilities for the Most Likely Latent Class Membership (Column)
by Latent Class (Row)

              1        2

    1      3.855    0.000
    2     -3.970    0.000


MODEL RESULTS

                                                    Two-Tailed
                    Estimate       S.E.  Est./S.E.    P-Value

Latent Class 1

 I        |
    SAPS_0             1.000      0.000    999.000    999.000
    SAPS_1             1.000      0.000    999.000    999.000
    SAPS_2             1.000      0.000    999.000    999.000
    SAPS_3             1.000      0.000    999.000    999.000
    SAPS_6             1.000      0.000    999.000    999.000
    SAPS_9             1.000      0.000    999.000    999.000
    SAPS_12            1.000      0.000    999.000    999.000
    SAPS_18            1.000      0.000    999.000    999.000
    SAPS_24            1.000      0.000    999.000    999.000

 S        |
    SAPS_0             0.000      0.000    999.000    999.000
    SAPS_1             1.000      0.000    999.000    999.000
    SAPS_2             2.000      0.000    999.000    999.000
    SAPS_3             3.000      0.000    999.000    999.000
    SAPS_6             6.000      0.000    999.000    999.000
    SAPS_9             9.000      0.000    999.000    999.000
    SAPS_12           12.000      0.000    999.000    999.000
    SAPS_18           18.000      0.000    999.000    999.000
    SAPS_24           24.000      0.000    999.000    999.000

 Q        |
    SAPS_0             0.000      0.000    999.000    999.000
    SAPS_1             1.000      0.000    999.000    999.000
    SAPS_2             4.000      0.000    999.000    999.000
    SAPS_3             9.000      0.000    999.000    999.000
    SAPS_6            36.000      0.000    999.000    999.000
    SAPS_9            81.000      0.000    999.000    999.000
    SAPS_12          144.000      0.000    999.000    999.000
    SAPS_18          324.000      0.000    999.000    999.000
    SAPS_24          576.000      0.000    999.000    999.000

 CUB      |
    SAPS_0             0.000      0.000    999.000    999.000
    SAPS_1             1.000      0.000    999.000    999.000
    SAPS_2             8.000      0.000    999.000    999.000
    SAPS_3            27.000      0.000    999.000    999.000
    SAPS_6           216.000      0.000    999.000    999.000
    SAPS_9           729.000      0.000    999.000    999.000
    SAPS_12         1728.000      0.000    999.000    999.000
    SAPS_18         5832.000      0.000    999.000    999.000
    SAPS_24        13824.000      0.000    999.000    999.000

 I        WITH
    S                  0.000      0.000    999.000    999.000
    Q                  0.000      0.000    999.000    999.000
    CUB                0.000      0.000    999.000    999.000

 S        WITH
    Q                  0.000      0.000    999.000    999.000
    CUB                0.000      0.000    999.000    999.000

 Q        WITH
    CUB                0.000      0.000    999.000    999.000

 Means
    I                  2.405      0.399      6.029      0.000
    S                 -0.364      0.087     -4.171      0.000
    Q                  0.013      0.006      2.148      0.032
    CUB                0.000      0.000     -0.578      0.563

 Intercepts
    SAPS_0             0.000      0.000    999.000    999.000
    SAPS_1             0.000      0.000    999.000    999.000
    SAPS_2             0.000      0.000    999.000    999.000
    SAPS_3             0.000      0.000    999.000    999.000
    SAPS_6             0.000      0.000    999.000    999.000
    SAPS_9             0.000      0.000    999.000    999.000
    SAPS_12            0.000      0.000    999.000    999.000
    SAPS_18            0.000      0.000    999.000    999.000
    SAPS_24            0.000      0.000    999.000    999.000

 Variances
    I                  0.000      0.000    999.000    999.000
    S                  0.000      0.000    999.000    999.000
    Q                  0.000      0.000    999.000    999.000
    CUB                0.000      0.000    999.000    999.000

 Residual Variances
    SAPS_0            82.572      7.667     10.770      0.000
    SAPS_1             9.629      2.410      3.995      0.000
    SAPS_2             2.545      0.440      5.788      0.000
    SAPS_3             1.988      0.479      4.151      0.000
    SAPS_6             0.808      0.230      3.509      0.000
    SAPS_9             0.604      0.263      2.295      0.022
    SAPS_12            0.776      0.350      2.217      0.027
    SAPS_18            0.000      0.000    999.000    999.000
    SAPS_24            0.859      0.215      3.994      0.000

Latent Class 2

 I        |
    SAPS_0             1.000      0.000    999.000    999.000
    SAPS_1             1.000      0.000    999.000    999.000
    SAPS_2             1.000      0.000    999.000    999.000
    SAPS_3             1.000      0.000    999.000    999.000
    SAPS_6             1.000      0.000    999.000    999.000
    SAPS_9             1.000      0.000    999.000    999.000
    SAPS_12            1.000      0.000    999.000    999.000
    SAPS_18            1.000      0.000    999.000    999.000
    SAPS_24            1.000      0.000    999.000    999.000

 S        |
    SAPS_0             0.000      0.000    999.000    999.000
    SAPS_1             1.000      0.000    999.000    999.000
    SAPS_2             2.000      0.000    999.000    999.000
    SAPS_3             3.000      0.000    999.000    999.000
    SAPS_6             6.000      0.000    999.000    999.000
    SAPS_9             9.000      0.000    999.000    999.000
    SAPS_12           12.000      0.000    999.000    999.000
    SAPS_18           18.000      0.000    999.000    999.000
    SAPS_24           24.000      0.000    999.000    999.000

 Q        |
    SAPS_0             0.000      0.000    999.000    999.000
    SAPS_1             1.000      0.000    999.000    999.000
    SAPS_2             4.000      0.000    999.000    999.000
    SAPS_3             9.000      0.000    999.000    999.000
    SAPS_6            36.000      0.000    999.000    999.000
    SAPS_9            81.000      0.000    999.000    999.000
    SAPS_12          144.000      0.000    999.000    999.000
    SAPS_18          324.000      0.000    999.000    999.000
    SAPS_24          576.000      0.000    999.000    999.000

 CUB      |
    SAPS_0             0.000      0.000    999.000    999.000
    SAPS_1             1.000      0.000    999.000    999.000
    SAPS_2             8.000      0.000    999.000    999.000
    SAPS_3            27.000      0.000    999.000    999.000
    SAPS_6           216.000      0.000    999.000    999.000
    SAPS_9           729.000      0.000    999.000    999.000
    SAPS_12         1728.000      0.000    999.000    999.000
    SAPS_18         5832.000      0.000    999.000    999.000
    SAPS_24        13824.000      0.000    999.000    999.000

 I        WITH
    S                 -0.341      0.181     -1.884      0.060
    Q                  0.000      0.000    999.000    999.000
    CUB                0.000      0.000    999.000    999.000

 S        WITH
    Q                  0.000      0.000    999.000    999.000
    CUB                0.000      0.000    999.000    999.000

 Q        WITH
    CUB                0.000      0.000    999.000    999.000

 Means
    I                  6.509      1.346      4.834      0.000
    S                 -1.637      0.368     -4.450      0.000
    Q                  0.142      0.056      2.533      0.011
    CUB               -0.003      0.002     -2.113      0.035

 Intercepts
    SAPS_0             0.000      0.000    999.000    999.000
    SAPS_1             0.000      0.000    999.000    999.000
    SAPS_2             0.000      0.000    999.000    999.000
    SAPS_3             0.000      0.000    999.000    999.000
    SAPS_6             0.000      0.000    999.000    999.000
    SAPS_9             0.000      0.000    999.000    999.000
    SAPS_12            0.000      0.000    999.000    999.000
    SAPS_18            0.000      0.000    999.000    999.000
    SAPS_24            0.000      0.000    999.000    999.000

 Variances
    I                  3.671      4.467      0.822      0.411
    S                  0.022      0.006      3.777      0.000
    Q                  0.000      0.000    999.000    999.000
    CUB                0.000      0.000    999.000    999.000

 Residual Variances
    SAPS_0            21.841      7.021      3.111      0.002
    SAPS_1             8.442      2.187      3.860      0.000
    SAPS_2             7.617      1.761      4.326      0.000
    SAPS_3             7.615      1.200      6.344      0.000
    SAPS_6             9.423      1.475      6.389      0.000
    SAPS_9            10.138      1.979      5.122      0.000
    SAPS_12           12.331      2.699      4.568      0.000
    SAPS_18           12.035      3.199      3.762      0.000
    SAPS_24           13.281      4.614      2.878      0.004

Categorical Latent Variables

 Means
    C#1               -0.846      0.177     -4.773      0.000

Skew and Df Parameters

Latent Class 1

    I                  0.188      0.320      0.587      0.557
    S                 -0.187      0.144     -1.298      0.194
    Q                  0.034      0.016      2.143      0.032
    CUB               -0.001      0.000     -2.509      0.012

Latent Class 2

    I                  2.297      1.832      1.254      0.210
    S                  0.424      0.216      1.967      0.049
    Q                 -0.036      0.048     -0.740      0.459
    CUB                0.001      0.002      0.567      0.571


QUALITY OF NUMERICAL RESULTS

     Condition Number for the Information Matrix              0.167E-08
       (ratio of smallest to largest eigenvalue)


STANDARDIZED MODEL RESULTS

                      StdYX       StdY        Std
                    Estimate   Estimate   Estimate

Latent Class 1

 I        |
    SAPS_0             0.013      0.013      0.114
    SAPS_1             0.037      0.037      0.114
    SAPS_2             0.071      0.071      0.114
    SAPS_3             0.080      0.080      0.114
    SAPS_6             0.126      0.126      0.114
    SAPS_9             0.137      0.137      0.114
    SAPS_12            0.107      0.107      0.114
    SAPS_18            0.115      0.115      0.114
    SAPS_24            0.111      0.111      0.114

 S        |
    SAPS_0             0.000      0.000      0.000
    SAPS_1             0.037      0.037      0.113
    SAPS_2             0.142      0.142      0.227
    SAPS_3             0.241      0.241      0.340
    SAPS_6             0.755      0.755      0.680
    SAPS_9             1.230      1.230      1.020
    SAPS_12            1.280      1.280      1.361
    SAPS_18            2.071      2.071      2.041
    SAPS_24            2.649      2.649      2.721

 Q        |
    SAPS_0             0.000      0.000      0.000
    SAPS_1             0.007      0.007      0.020
    SAPS_2             0.051      0.051      0.081
    SAPS_3             0.129      0.129      0.182
    SAPS_6             0.807      0.807      0.727
    SAPS_9             1.972      1.972      1.636
    SAPS_12            2.735      2.735      2.908
    SAPS_18            6.639      6.639      6.543
    SAPS_24           11.324     11.324     11.632

 CUB      |
    SAPS_0             0.000      0.000      0.000
    SAPS_1             0.000      0.000      0.001
    SAPS_2             0.003      0.003      0.005
    SAPS_3             0.012      0.012      0.017
    SAPS_6             0.150      0.150      0.135
    SAPS_9             0.551      0.551      0.457
    SAPS_12            1.018      1.018      1.083
    SAPS_18            3.708      3.708      3.655
    SAPS_24            8.434      8.434      8.663

 I        WITH
    S                  0.000      0.000      0.000
    Q                999.000    999.000    999.000
    CUB              999.000    999.000    999.000

 S        WITH
    Q                999.000    999.000    999.000
    CUB              999.000    999.000    999.000

 Q        WITH
    CUB              999.000    999.000    999.000

 Means
    I                 21.169     21.169     21.169
    S                 -3.213     -3.213     -3.213
    Q                  0.665      0.665      0.665
    CUB               -0.131     -0.131     -0.131

 Intercepts
    SAPS_0             0.000      0.000      0.000
    SAPS_1             0.000      0.000      0.000
    SAPS_2             0.000      0.000      0.000
    SAPS_3             0.000      0.000      0.000
    SAPS_6             0.000      0.000      0.000
    SAPS_9             0.000      0.000      0.000
    SAPS_12            0.000      0.000      0.000
    SAPS_18            0.000      0.000      0.000
    SAPS_24            0.000      0.000      0.000

 Variances
    I                  0.008      0.008      0.008
    S                  0.008      0.008      0.008
    Q                  0.000    999.000    999.000
    CUB                0.000    999.000    999.000

 Residual Variances
    SAPS_0             1.000      1.000     82.572
    SAPS_1             1.000      1.000      9.629
    SAPS_2             0.999      0.999      2.545
    SAPS_3             0.998      0.998      1.988
    SAPS_6             0.995      0.995      0.808
    SAPS_9             0.878      0.878      0.604
    SAPS_12            0.686      0.686      0.776
    SAPS_18            0.000      0.000      0.000
    SAPS_24            0.814      0.814      0.859

Latent Class 2

 I        |
    SAPS_0             0.451      0.451      2.364
    SAPS_1             0.630      0.630      2.364
    SAPS_2             0.648      0.648      2.364
    SAPS_3             0.648      0.648      2.364
    SAPS_6             0.613      0.613      2.364
    SAPS_9             0.613      0.613      2.364
    SAPS_12            0.589      0.589      2.364
    SAPS_18            0.614      0.614      2.364
    SAPS_24            0.546      0.546      2.364

 S        |
    SAPS_0             0.000      0.000      0.000
    SAPS_1             0.079      0.079      0.295
    SAPS_2             0.162      0.162      0.591
    SAPS_3             0.243      0.243      0.886
    SAPS_6             0.459      0.459      1.772
    SAPS_9             0.690      0.690      2.659
    SAPS_12            0.884      0.884      3.545
    SAPS_18            1.382      1.382      5.317
    SAPS_24            1.636      1.636      7.090

 Q        |
    SAPS_0             0.000      0.000      0.000
    SAPS_1             0.006      0.006      0.021
    SAPS_2             0.024      0.024      0.086
    SAPS_3             0.053      0.053      0.193
    SAPS_6             0.201      0.201      0.774
    SAPS_9             0.452      0.452      1.741
    SAPS_12            0.772      0.772      3.096
    SAPS_18            1.810      1.810      6.966
    SAPS_24            2.858      2.858     12.384

 CUB      |
    SAPS_0             0.000      0.000      0.000
    SAPS_1             0.000      0.000      0.001
    SAPS_2             0.001      0.001      0.004
    SAPS_3             0.004      0.004      0.014
    SAPS_6             0.029      0.029      0.113
    SAPS_9             0.099      0.099      0.381
    SAPS_12            0.225      0.225      0.903
    SAPS_18            0.792      0.792      3.048
    SAPS_24            1.667      1.667      7.224

 I        WITH
    S                 -1.202     -1.202     -1.202
    Q                999.000    999.000    999.000
    CUB              999.000    999.000    999.000

 S        WITH
    Q                999.000    999.000    999.000
    CUB              999.000    999.000    999.000

 Q        WITH
    CUB              999.000    999.000    999.000

 Means
    I                  2.754      2.754      2.754
    S                 -5.542     -5.542     -5.542
    Q                  6.604      6.604      6.604
    CUB               -6.661     -6.661     -6.661

 Intercepts
    SAPS_0             0.000      0.000      0.000
    SAPS_1             0.000      0.000      0.000
    SAPS_2             0.000      0.000      0.000
    SAPS_3             0.000      0.000      0.000
    SAPS_6             0.000      0.000      0.000
    SAPS_9             0.000      0.000      0.000
    SAPS_12            0.000      0.000      0.000
    SAPS_18            0.000      0.000      0.000
    SAPS_24            0.000      0.000      0.000

 Variances
    I                  0.657      0.657      0.657
    S                  0.251      0.251      0.251
    Q                  0.000    999.000    999.000
    CUB                0.000    999.000    999.000

 Residual Variances
    SAPS_0             0.796      0.796     21.841
    SAPS_1             0.600      0.600      8.442
    SAPS_2             0.573      0.573      7.617
    SAPS_3             0.571      0.571      7.615
    SAPS_6             0.633      0.633      9.423
    SAPS_9             0.682      0.682     10.138
    SAPS_12            0.767      0.767     12.331
    SAPS_18            0.813      0.813     12.035
    SAPS_24            0.707      0.707     13.281


R-SQUARE

Class 1

    Observed
    Variable        Estimate

    SAPS_0             0.000
    SAPS_1             0.000
    SAPS_2             0.001
    SAPS_3             0.002
    SAPS_6             0.005
    SAPS_9             0.122
    SAPS_12            0.314
    SAPS_18            1.000
    SAPS_24            0.186

Class 2

    Observed
    Variable        Estimate

    SAPS_0             0.204
    SAPS_1             0.400
    SAPS_2             0.427
    SAPS_3             0.429
    SAPS_6             0.367
    SAPS_9             0.318
    SAPS_12            0.233
    SAPS_18            0.187
    SAPS_24            0.293


CONFIDENCE INTERVALS OF MODEL RESULTS

                  Lower .5%  Lower 2.5%    Lower 5%    Estimate    Upper 5%  Upper 2.5%   Upper .5%

Latent Class 1

 I        |
    SAPS_0           1.000       1.000       1.000       1.000       1.000       1.000       1.000
    SAPS_1           1.000       1.000       1.000       1.000       1.000       1.000       1.000
    SAPS_2           1.000       1.000       1.000       1.000       1.000       1.000       1.000
    SAPS_3           1.000       1.000       1.000       1.000       1.000       1.000       1.000
    SAPS_6           1.000       1.000       1.000       1.000       1.000       1.000       1.000
    SAPS_9           1.000       1.000       1.000       1.000       1.000       1.000       1.000
    SAPS_12          1.000       1.000       1.000       1.000       1.000       1.000       1.000
    SAPS_18          1.000       1.000       1.000       1.000       1.000       1.000       1.000
    SAPS_24          1.000       1.000       1.000       1.000       1.000       1.000       1.000

 S        |
    SAPS_0           0.000       0.000       0.000       0.000       0.000       0.000       0.000
    SAPS_1           1.000       1.000       1.000       1.000       1.000       1.000       1.000
    SAPS_2           2.000       2.000       2.000       2.000       2.000       2.000       2.000
    SAPS_3           3.000       3.000       3.000       3.000       3.000       3.000       3.000
    SAPS_6           6.000       6.000       6.000       6.000       6.000       6.000       6.000
    SAPS_9           9.000       9.000       9.000       9.000       9.000       9.000       9.000
    SAPS_12         12.000      12.000      12.000      12.000      12.000      12.000      12.000
    SAPS_18         18.000      18.000      18.000      18.000      18.000      18.000      18.000
    SAPS_24         24.000      24.000      24.000      24.000      24.000      24.000      24.000

 Q        |
    SAPS_0           0.000       0.000       0.000       0.000       0.000       0.000       0.000
    SAPS_1           1.000       1.000       1.000       1.000       1.000       1.000       1.000
    SAPS_2           4.000       4.000       4.000       4.000       4.000       4.000       4.000
    SAPS_3           9.000       9.000       9.000       9.000       9.000       9.000       9.000
    SAPS_6          36.000      36.000      36.000      36.000      36.000      36.000      36.000
    SAPS_9          81.000      81.000      81.000      81.000      81.000      81.000      81.000
    SAPS_12        144.000     144.000     144.000     144.000     144.000     144.000     144.000
    SAPS_18        324.000     324.000     324.000     324.000     324.000     324.000     324.000
    SAPS_24        576.000     576.000     576.000     576.000     576.000     576.000     576.000

 CUB      |
    SAPS_0           0.000       0.000       0.000       0.000       0.000       0.000       0.000
    SAPS_1           1.000       1.000       1.000       1.000       1.000       1.000       1.000
    SAPS_2           8.000       8.000       8.000       8.000       8.000       8.000       8.000
    SAPS_3          27.000      27.000      27.000      27.000      27.000      27.000      27.000
    SAPS_6         216.000     216.000     216.000     216.000     216.000     216.000     216.000
    SAPS_9         729.000     729.000     729.000     729.000     729.000     729.000     729.000
    SAPS_12       1728.000    1728.000    1728.000    1728.000    1728.000    1728.000    1728.000
    SAPS_18       5832.000    5832.000    5832.000    5832.000    5832.000    5832.000    5832.000
    SAPS_24      13824.000   13824.000   13824.000   13824.000   13824.000   13824.000   13824.000

 I        WITH
    S                0.000       0.000       0.000       0.000       0.000       0.000       0.000
    Q                0.000       0.000       0.000       0.000       0.000       0.000       0.000
    CUB              0.000       0.000       0.000       0.000       0.000       0.000       0.000

 S        WITH
    Q                0.000       0.000       0.000       0.000       0.000       0.000       0.000
    CUB              0.000       0.000       0.000       0.000       0.000       0.000       0.000

 Q        WITH
    CUB              0.000       0.000       0.000       0.000       0.000       0.000       0.000

 Means
    I                1.377       1.623       1.749       2.405       3.061       3.186       3.432
    S               -0.589      -0.536      -0.508      -0.364      -0.221      -0.193      -0.139
    Q               -0.003       0.001       0.003       0.013       0.024       0.026       0.030
    CUB              0.000       0.000       0.000       0.000       0.000       0.000       0.000

 Intercepts
    SAPS_0           0.000       0.000       0.000       0.000       0.000       0.000       0.000
    SAPS_1           0.000       0.000       0.000       0.000       0.000       0.000       0.000
    SAPS_2           0.000       0.000       0.000       0.000       0.000       0.000       0.000
    SAPS_3           0.000       0.000       0.000       0.000       0.000       0.000       0.000
    SAPS_6           0.000       0.000       0.000       0.000       0.000       0.000       0.000
    SAPS_9           0.000       0.000       0.000       0.000       0.000       0.000       0.000
    SAPS_12          0.000       0.000       0.000       0.000       0.000       0.000       0.000
    SAPS_18          0.000       0.000       0.000       0.000       0.000       0.000       0.000
    SAPS_24          0.000       0.000       0.000       0.000       0.000       0.000       0.000

 Variances
    I                0.000       0.000       0.000       0.000       0.000       0.000       0.000
    S                0.000       0.000       0.000       0.000       0.000       0.000       0.000
    Q                0.000       0.000       0.000       0.000       0.000       0.000       0.000
    CUB              0.000       0.000       0.000       0.000       0.000       0.000       0.000

 Residual Variances
    SAPS_0          62.825      67.546      69.961      82.572      95.184      97.599     102.320
    SAPS_1           3.420       4.904       5.663       9.629      13.594      14.353      15.838
    SAPS_2           1.412       1.683       1.822       2.545       3.268       3.407       3.678
    SAPS_3           0.754       1.049       1.200       1.988       2.776       2.927       3.222
    SAPS_6           0.215       0.357       0.429       0.808       1.186       1.259       1.401
    SAPS_9          -0.074       0.088       0.171       0.604       1.037       1.120       1.282
    SAPS_12         -0.126       0.090       0.200       0.776       1.352       1.462       1.678
    SAPS_18          0.000       0.000       0.000       0.000       0.000       0.000       0.000
    SAPS_24          0.305       0.437       0.505       0.859       1.213       1.280       1.413

Latent Class 2

 I        |
    SAPS_0           1.000       1.000       1.000       1.000       1.000       1.000       1.000
    SAPS_1           1.000       1.000       1.000       1.000       1.000       1.000       1.000
    SAPS_2           1.000       1.000       1.000       1.000       1.000       1.000       1.000
    SAPS_3           1.000       1.000       1.000       1.000       1.000       1.000       1.000
    SAPS_6           1.000       1.000       1.000       1.000       1.000       1.000       1.000
    SAPS_9           1.000       1.000       1.000       1.000       1.000       1.000       1.000
    SAPS_12          1.000       1.000       1.000       1.000       1.000       1.000       1.000
    SAPS_18          1.000       1.000       1.000       1.000       1.000       1.000       1.000
    SAPS_24          1.000       1.000       1.000       1.000       1.000       1.000       1.000

 S        |
    SAPS_0           0.000       0.000       0.000       0.000       0.000       0.000       0.000
    SAPS_1           1.000       1.000       1.000       1.000       1.000       1.000       1.000
    SAPS_2           2.000       2.000       2.000       2.000       2.000       2.000       2.000
    SAPS_3           3.000       3.000       3.000       3.000       3.000       3.000       3.000
    SAPS_6           6.000       6.000       6.000       6.000       6.000       6.000       6.000
    SAPS_9           9.000       9.000       9.000       9.000       9.000       9.000       9.000
    SAPS_12         12.000      12.000      12.000      12.000      12.000      12.000      12.000
    SAPS_18         18.000      18.000      18.000      18.000      18.000      18.000      18.000
    SAPS_24         24.000      24.000      24.000      24.000      24.000      24.000      24.000

 Q        |
    SAPS_0           0.000       0.000       0.000       0.000       0.000       0.000       0.000
    SAPS_1           1.000       1.000       1.000       1.000       1.000       1.000       1.000
    SAPS_2           4.000       4.000       4.000       4.000       4.000       4.000       4.000
    SAPS_3           9.000       9.000       9.000       9.000       9.000       9.000       9.000
    SAPS_6          36.000      36.000      36.000      36.000      36.000      36.000      36.000
    SAPS_9          81.000      81.000      81.000      81.000      81.000      81.000      81.000
    SAPS_12        144.000     144.000     144.000     144.000     144.000     144.000     144.000
    SAPS_18        324.000     324.000     324.000     324.000     324.000     324.000     324.000
    SAPS_24        576.000     576.000     576.000     576.000     576.000     576.000     576.000

 CUB      |
    SAPS_0           0.000       0.000       0.000       0.000       0.000       0.000       0.000
    SAPS_1           1.000       1.000       1.000       1.000       1.000       1.000       1.000
    SAPS_2           8.000       8.000       8.000       8.000       8.000       8.000       8.000
    SAPS_3          27.000      27.000      27.000      27.000      27.000      27.000      27.000
    SAPS_6         216.000     216.000     216.000     216.000     216.000     216.000     216.000
    SAPS_9         729.000     729.000     729.000     729.000     729.000     729.000     729.000
    SAPS_12       1728.000    1728.000    1728.000    1728.000    1728.000    1728.000    1728.000
    SAPS_18       5832.000    5832.000    5832.000    5832.000    5832.000    5832.000    5832.000
    SAPS_24      13824.000   13824.000   13824.000   13824.000   13824.000   13824.000   13824.000

 I        WITH
    S               -0.807      -0.695      -0.638      -0.341      -0.043       0.014       0.125
    Q                0.000       0.000       0.000       0.000       0.000       0.000       0.000
    CUB              0.000       0.000       0.000       0.000       0.000       0.000       0.000

 S        WITH
    Q                0.000       0.000       0.000       0.000       0.000       0.000       0.000
    CUB              0.000       0.000       0.000       0.000       0.000       0.000       0.000

 Q        WITH
    CUB              0.000       0.000       0.000       0.000       0.000       0.000       0.000

 Means
    I                3.041       3.870       4.294       6.509       8.724       9.148       9.978
    S               -2.585      -2.358      -2.242      -1.637      -1.032      -0.916      -0.690
    Q               -0.002       0.032       0.050       0.142       0.234       0.252       0.286
    CUB             -0.008      -0.007      -0.006      -0.003      -0.001       0.000       0.001

 Intercepts
    SAPS_0           0.000       0.000       0.000       0.000       0.000       0.000       0.000
    SAPS_1           0.000       0.000       0.000       0.000       0.000       0.000       0.000
    SAPS_2           0.000       0.000       0.000       0.000       0.000       0.000       0.000
    SAPS_3           0.000       0.000       0.000       0.000       0.000       0.000       0.000
    SAPS_6           0.000       0.000       0.000       0.000       0.000       0.000       0.000
    SAPS_9           0.000       0.000       0.000       0.000       0.000       0.000       0.000
    SAPS_12          0.000       0.000       0.000       0.000       0.000       0.000       0.000
    SAPS_18          0.000       0.000       0.000       0.000       0.000       0.000       0.000
    SAPS_24          0.000       0.000       0.000       0.000       0.000       0.000       0.000

 Variances
    I               -7.834      -5.083      -3.676       3.671      11.019      12.426      15.176
    S                0.007       0.011       0.012       0.022       0.031       0.033       0.037
    Q                0.000       0.000       0.000       0.000       0.000       0.000       0.000
    CUB              0.000       0.000       0.000       0.000       0.000       0.000       0.000

 Residual Variances
    SAPS_0           3.757       8.081      10.292      21.841      33.391      35.602      39.926
    SAPS_1           2.808       4.155       4.844       8.442      12.040      12.729      14.076
    SAPS_2           3.082       4.166       4.721       7.617      10.514      11.068      12.153
    SAPS_3           4.523       5.262       5.640       7.615       9.589       9.967      10.706
    SAPS_6           5.624       6.532       6.997       9.423      11.849      12.314      13.222
    SAPS_9           5.040       6.259       6.882      10.138      13.394      14.017      15.236
    SAPS_12          5.378       7.040       7.891      12.331      16.772      17.622      19.284
    SAPS_18          3.794       5.764       6.772      12.035      17.298      18.305      20.276
    SAPS_24          1.396       4.237       5.691      13.281      20.872      22.326      25.167

Categorical Latent Variables

 Means
    C#1             -1.303      -1.194      -1.138      -0.846      -0.555      -0.499      -0.390

Skew and Df Parameters

Latent Class 1

    I               -0.636      -0.439      -0.338       0.188       0.714       0.814       1.011
    S               -0.559      -0.470      -0.425      -0.187       0.050       0.096       0.184
    Q               -0.007       0.003       0.008       0.034       0.059       0.064       0.074
    CUB             -0.002      -0.002      -0.002      -0.001       0.000       0.000       0.000

Latent Class 2

    I               -2.422      -1.294      -0.717       2.297       5.310       5.887       7.016
    S               -0.131       0.001       0.069       0.424       0.779       0.847       0.980
    Q               -0.160      -0.130      -0.115      -0.036       0.044       0.059       0.088
    CUB             -0.003      -0.002      -0.002       0.001       0.003       0.004       0.005


TECHNICAL 7 OUTPUT


     SAMPLE STATISTICS WEIGHTED BY ESTIMATED CLASS PROBABILITIES FOR CLASS 1


           Means
              SAPS_0        SAPS_1        SAPS_2        SAPS_3        SAPS_6
              ________      ________      ________      ________      ________
               10.965         3.234         1.571         0.935         0.600


           Means
              SAPS_9        SAPS_12       SAPS_18       SAPS_24
              ________      ________      ________      ________
                0.586         0.699         0.792         0.738


           Covariances
              SAPS_0        SAPS_1        SAPS_2        SAPS_3        SAPS_6
              ________      ________      ________      ________      ________
 SAPS_0        11.706
 SAPS_1         3.961         8.276
 SAPS_2         0.707         2.275         2.556
 SAPS_3        -0.301         0.357         0.551         1.791
 SAPS_6         0.580         0.186         0.372         0.189         0.809
 SAPS_9         0.117         0.109        -0.055         0.100         0.091
 SAPS_12        0.713         0.350        -0.125         0.171         0.128
 SAPS_18        0.782         0.052        -0.344         0.108         0.227
 SAPS_24        0.760         0.082        -0.095        -0.073         0.103


           Covariances
              SAPS_9        SAPS_12       SAPS_18       SAPS_24
              ________      ________      ________      ________
 SAPS_9         0.676
 SAPS_12        0.130         1.143
 SAPS_18        0.413         0.639         1.328
 SAPS_24        0.129         0.331         0.513         1.081


     SAMPLE STATISTICS WEIGHTED BY ESTIMATED CLASS PROBABILITIES FOR CLASS 2


           Means
              SAPS_0        SAPS_1        SAPS_2        SAPS_3        SAPS_6
              ________      ________      ________      ________      ________
               11.697         6.338         5.154         4.574         4.901


           Means
              SAPS_9        SAPS_12       SAPS_18       SAPS_24
              ________      ________      ________      ________
                4.573         4.854         4.380         4.494


           Covariances
              SAPS_0        SAPS_1        SAPS_2        SAPS_3        SAPS_6
              ________      ________      ________      ________      ________
 SAPS_0         9.901
 SAPS_1         4.023        14.207
 SAPS_2         2.933         8.496        14.358
 SAPS_3         2.568         4.212         8.660        13.842
 SAPS_6         2.471         4.737         5.980         5.245        13.864
 SAPS_9         1.234         1.243         4.398         3.948         5.592
 SAPS_12        2.131         3.133         2.573         4.046         4.341
 SAPS_18        0.725         3.338         3.922         2.991         3.403
 SAPS_24        1.228         0.487         0.716         2.227         0.807


           Covariances
              SAPS_9        SAPS_12       SAPS_18       SAPS_24
              ________      ________      ________      ________
 SAPS_9        12.775
 SAPS_12        4.623        15.135
 SAPS_18        2.246         3.062        14.050
 SAPS_24        1.562         3.055         3.178        17.075


TECHNICAL 11 OUTPUT

     Random Starts Specifications for the k-1 Class Analysis Model
        Number of initial stage random starts                 250
        Number of final stage optimizations                    62



     VUONG-LO-MENDELL-RUBIN LIKELIHOOD RATIO TEST FOR 1 (H0) VERSUS 2 CLASSES

          H0 Loglikelihood Value                        -8283.244
          2 Times the Loglikelihood Difference            879.141
          Difference in the Number of Parameters               23
          Mean                                            149.601
          Standard Deviation                              141.258
          P-Value                                          0.0021

     LO-MENDELL-RUBIN ADJUSTED LRT TEST

          Value                                           872.818
          P-Value                                          0.0022


SAVEDATA INFORMATION


  Save file
    GMM_CV_isq@0cub@0_CT_CP.dat

  Order and format of variables

    SAPS_0         F10.3
    SAPS_1         F10.3
    SAPS_2         F10.3
    SAPS_3         F10.3
    SAPS_6         F10.3
    SAPS_9         F10.3
    SAPS_12        F10.3
    SAPS_18        F10.3
    SAPS_24        F10.3
    CPROB1         F10.3
    CPROB2         F10.3
    C              F10.3
    PIN            I4

  Save file format
    12F10.3 I4

  Save file record length    10000

  Save missing symbol        *


     Beginning Time:  03:01:19
        Ending Time:  03:06:45
       Elapsed Time:  00:05:26



MUTHEN & MUTHEN
3463 Stoner Ave.
Los Angeles, CA  90066

Tel: (310) 391-9971
Fax: (310) 391-8971
Web: www.StatModel.com
Support: Support@StatModel.com

Copyright (c) 1998-2021 Muthen & Muthen
