  -4846.93606217274           485635         876
  -4739.68744499659           779820         877
  -4846.93604361640           425149         878
  -4846.93611563331           805768         879
  -4744.16261097425           622290         880
  -4846.93608826621           499347         881
  -4846.93606194550           384199         882
  -4847.68964130774           436806         883
  -4738.97492308262            94610         884
  -4846.93605968528           301428         885
  -4846.93617594079           421731         886
  -4847.68964130773           400319         887
  -4846.93605904475           643311         888
  -4739.31955156750           857122         889
  -4739.35101945019            96941         890
  -4846.93603094089           737601         891
  -4846.93605154499           802928         892
  -4847.68964130772            86698         893
  -4847.68964130773           980970         894
  -4847.65696592608           506113         895
  -4846.93605876813           130541         896
  -4847.68964131175            72344         897
  -4846.93615912931           931558         898
  -4846.93610102130           125727         899
  -4741.54623081909           424223         900
  -4846.93604548074           137888         901
  -4846.73263274565           695453         902
  -4846.93603303648           298201         903
  -4846.93606706613           494209         904
  -4846.93605377273           379823         905
  -4847.68964130794           663090         906
  -4739.07975621791            81951         907
  -4847.68964130772           327927         908
  -4846.93605455511           105656         909
  -4846.93624374279           645052         910
  -4846.93608183168           954914         911
  -4847.02643589723           241299         912
  -4743.84686817475           979450         913
  -4846.93603890015           816435         914
  -4846.93607539084           484116         915
  -4847.68964130775           735928         916
  -4846.93605754236           440395         917
  -4846.93606637623           396614         918
  -4847.68964130773           966603         919
  -4846.93605266036           180889         920
  -4846.93625025722           581196         921
  -4746.84769931575           850112         922
  -4741.56355944744           535303         923
  -4847.68964130772           265218         924
  -4847.68964130772           724087         925
  -4847.68964130772           629720         926
  -4846.93614227722            74518         927
  -4847.68964130772           420910         928
  -4846.93606552288           264521         929
  -4847.68964130772           243346         930
  -4738.91423125961           208797         931
  -4847.20228808010           299700         932
  -4846.93605405631            65952         933
  -4846.93605874947            11984         934
  -4846.93605692543            63231         935
  -4846.93606511195           995648         936
  -4846.93605631659           679448         937
  -4739.09126100122           448829         938
  -4846.93605130928           726744         939
  -4738.90869591355           288738         940
  -4755.20521842997           963967         941
  -4846.93605835657           679615         942
  -4846.93602838532           431271         943
  -4846.93606227114            11397         944
  -4846.93607903916           521770         945
  -4846.93605573836           508445         946
  -4847.68964130772           228459         947
  -4846.93609630870           527050         948
  -4847.68964130800           538872         949
  -4847.68964130772           589483         950
  -4846.93605699316           758647         951
  -4846.93604810515           843555         952
  -4846.93606132512           705224         953
  -4846.72563517037           889774         954
  -4742.98866012929            96617         955
  -4846.93605609505           299977         956
  -4846.93606068913           884242         957
  -4846.93605760840           406935         958
  -4847.68964130772           816765         959
  -4847.68964130773           155749         960
  -4846.93607271714           568534         961
  -4740.20867864780            47719         962
  -4847.68964130783           966499         963
  -4846.93605416788           495366         964
  -4846.93606016114           208620         965
  -4846.93605821905            39810         966
  -4847.68964130772           817298         967
  -4846.93606875484           357866         968
  -4846.93617470604           476295         969
  -4741.88726840453           968846         970
  -4846.93596656954            40327         971
  -4846.93605461007           777492         972
  -4847.68964130820           224151         973
  -4847.68964130785           791678         974
  -4846.93605324061           453915         975
  -4846.93613714649           207917         976
  -4847.69973931634           730868         977
  -4847.68964130819           306768         978
 -3.402823466385289E+038      634782         979
  -4847.68964130772            77571         980
  -4846.93606105120           928624         981
  -4847.68964130773           937068         982
  -4847.68964130772            94573         983
  -4847.68964130772           900921         984
  -4847.68964131748           987560         985
  -4847.68964130772           573367         986
  -4846.93607122908           475419         987
  -4738.88262488032           435506         988
  -4846.93610076442           572637         989
  -4847.69875904331           495490         990
  -4846.93605320042           210139         991
  -4846.93607200244           622173         992
  -4847.68964130772            86651         993
  -4847.68964130772           118958         994
  -4846.93533444390           490123         995
  -4847.71712120805           254551         996
  -4846.93606410993           595759         997
  -4846.93606477286            98068         998
  -4743.52208001559           455410         999
  -4740.21261745597           876056        1000
  -4738.82971596008           876056        1000
  -4738.82971596008            81951         907
  -4738.82971596008           490123         995
  -4738.82971596008           535303         923
  -4738.82971596008           425149         878
  -4738.82971596008           816435         914
  -4738.82971596008           435506         988
  -4738.82971596008            94610         884
  -4738.82971596008           963967         941
  -4738.82971596008           779820         877
  -4738.82971596008           857122         889
  -4738.82971596008           737601         891
  -4738.82971596008           424223         900
  -4738.82971596008           298201         903
  -4738.82971596008           979450         913
  -4738.82971596008            47719         962
  -4738.82971596008           968846         970
  -4738.82971596008           288738         940
  -4738.82971596008           843555         952
  -4738.82971596008           889774         954
  -4738.82971596008            40327         971
  -4738.82971596008           137888         901
  -4738.82971596008           448829         938
  -4738.82971596008           695453         902
  -4738.82971596008           208797         931
  -4738.82971596008           431271         943
  -4738.82971596008           455410         999
  -4738.82971596008           622290         880
  -4738.82971596008            96617         955
  -4738.82971596009            96941         890
  -4738.82971596009           850112         922
   137.250866713654     
   35.3216616549087     
   1.36380076345864     
 -3.288626185146725E-002
   152.428338283044     
   43.5714562484110     
   3.32552443215067     
 -8.214861125721147E-002
 -0.312878620953245     
          68
           0
