  -4847.68964143011           340112         126
  -4846.93604797775           794236         127
  -4846.93605762825           164305         128
  -4847.68964130772           814975         129
  -4847.68964130772           509733         130
  -4847.68964130772           468036         131
  -4738.98215190411           313407         132
  -4775.51540241761           321390         133
  -4846.93605994829           903369         134
  -4847.68964130777           437181         135
  -4846.93606254110           232559         136
  -4810.99403510524           848331         137
  -4847.68964130772           741888         138
  -4847.68964130773           118421         139
  -4847.68964130773           948615         140
  -4847.67633633828           931874         141
  -4847.68964130772           192071         142
  -4846.93604895871            22089         143
  -4745.95487586346           856536         144
  -4763.44616715638           788796         145
  -4846.67931486254           369602         146
  -4763.65496100179           863094         147
  -4847.68964130772            51375         148
  -4847.68964130772           417035         149
  -4847.68964130780           695155         150
  -4846.93606142693           606576         151
  -4846.93605419508           393232         152
  -4847.68964130778            46437         153
  -4739.05480618124           150531         154
  -4847.68964130772            12477         155
  -4846.93606406231           479273         156
  -4847.68964130773           972873         157
  -4847.68964130772           414284         158
  -4847.68964130772           383986         159
  -4847.68964130793           456213         160
  -4846.93605267020           821011         161
  -4847.68964131706           913639         162
  -4846.93603534809           484501         163
  -4739.18701941134           215353         164
  -4738.88285976560           263268         165
  -4846.93605911253           297518         166
  -4846.93605819663           654136         167
  -4846.93605922495           636396         168
  -4847.66692065663           303634         169
  -4847.68964130772           783165         170
  -4847.68964130772           411615         171
  -4846.65126407981           950604         172
  -4846.93606028966           848969         173
  -4747.87722512412           860772         174
  -4847.68964130815           286735         175
  -4847.68964130772           319144         176
  -4846.93607161854           728038         177
  -4847.68964130774           526324         178
  -4846.93605177179           476498         179
  -4847.68964130772           717754         180
  -4846.93605404623           609185         181
  -4767.69567013743           991329         182
  -4846.93606166355           579995         183
  -4847.68964130773           281558         184
  -4847.68964130772           329127         185
  -4847.22761362552           264081         186
  -4739.00677980762           793035         187
  -4847.68964131131            40340         188
  -4739.00850686258           458181         189
  -4846.93605845704           618000         190
  -4847.68964130772           726035         191
  -4846.93605336635           496881         192
  -4739.13783675070           570782         193
  -4847.68964130773           415502         194
  -4847.67422161725           674171         195
  -4847.68964130773           354208         196
  -4846.93607795055           928287         197
  -4847.68964135354           202790         198
  -4846.93605655049            21345         199
  -4847.68964130772           168762         200
  -4757.93638895742            36714         201
  -4847.68964130774           973369         202
  -4846.93605950647           840078         203
  -4846.93606265660           748692         204
  -4846.93606110024            97158         205
  -4847.04977211344           891531         206
  -4846.93605691514           637095         207
  -4740.93623455378            57226         208
  -4847.68964130778            30098         209
  -4846.93605129280           835767         210
  -4780.02130417653            76451         211
  -4846.93605651412           181293         212
  -4847.68964130773            73576         213
  -4739.04222557913            65651         214
  -4846.93607025734           686482         215
  -4846.93606680528           499150         216
  -4846.93605339966            66276         217
  -4847.68964130785           673496         218
  -4846.93605823745           781190         219
  -4752.18028676748           399848         220
  -4846.93607257175           392407         221
  -4846.93606199676           629320         222
  -4846.93602262172            89970         223
  -4846.93605619478           608849         224
  -4847.68964130772           195353         225
  -4846.93610512670            39136         226
  -4847.68964130775            17359         227
  -4847.68964130772           267983         228
  -4846.93607741499           997222         229
  -4847.68964130775           595153         230
  -4846.93606522082           178475         231
  -4846.93605531505           850840         232
  -4741.96724949134           568405         233
  -4846.93605958608           797594         234
  -4846.93606086943           232226         235
  -4846.93605899224           301180         236
  -4846.93605823595           617243         237
  -4846.93605815295           170118         238
  -4847.68964130772           701525         239
  -4741.47431628140            59674         240
  -4846.93605998586           609089         241
  -4846.93606800377           455617         242
  -4846.93605594373           791396         243
  -4739.00474214183           608460         244
  -4847.68964130772           156536         245
  -4847.68964130774            80438         246
  -4846.93605773850           175199         247
  -4847.68964130773           123985         248
  -4847.68964131931           760878         249
  -4846.93606017247           691234         250
  -4738.82971596007           848331         137
  -4738.82971596008            22089         143
  -4738.82971596008           263268         165
  -4738.82971596008           793035         187
  -4738.82971596008            65651         214
  -4738.82971596008           215353         164
  -4738.82971596008           856536         144
  -4738.82971596008           950604         172
  -4738.82971596008           496881         192
  -4738.82971596008           568405         233
  -4738.82971596008           608460         244
  -4738.82971596008           794236         127
  -4738.82971596008           369602         146
  -4738.82971596008           821011         161
  -4738.82971596008           788796         145
  -4738.82971596008           484501         163
  -4738.82971596008           476498         179
  -4738.82971596008           835767         210
  -4738.82971596008            59674         240
  -4738.82971596008           313407         132
  -4738.82971596008           860772         174
  -4738.82971596008           321390         133
  -4738.82971596008           150531         154
  -4738.82971596008           991329         182
  -4738.82971596008           458181         189
  -4738.82971596008            76451         211
  -4738.82971596008           399848         220
  -4738.82971596008            36714         201
  -4738.82971596008            89970         223
  -4738.82971596009           863094         147
  -4738.82971596009           570782         193
  -4738.82971596009            57226         208
   137.250911983854     
   35.3216635714735     
   1.36380118773810     
 -3.288627315604648E-002
   152.428305984338     
   43.5714575986591     
   3.32552482427942     
 -8.214862226876597E-002
 -0.312877827769493     
          88
           0
