Mplus VERSION 8.6 (Mac)
MUTHEN & MUTHEN
02/12/2024  11:38 AM

INPUT INSTRUCTIONS

  TITLE:
  LCGA1_P2_K2_S1000

  DATA:
  FILE = "/Users/olivierpercie/Desktop/LGM/SOFAS/689/Results/LCGA1/P=2/K=2/K2_S1000.dat";

  VARIABLE:
  NAMES = pin SOFAS_0 SOFAS_12 SOFAS_24;
   MISSING=.;
   USEVAR = SOFAS_0 SOFAS_12 SOFAS_24;
  IDVAR = pin;
  CLASSES = c(2);

  ANALYSIS:
  TYPE = MIXTURE;
  STARTS = 1000 250;
  K-1STARTS = 500 125;
  PROCESSORS = 8;

  MODEL:
  %OVERALL%
  i s q |
  SOFAS_0@0 SOFAS_12@12 SOFAS_24@24;
  i-q@0;
  %c#1%
  [i s q];
  SOFAS_0-SOFAS_24 (1);
  %c#2%
  [i s q];
  SOFAS_0-SOFAS_24 (2);

  OUTPUT:
  SAMPSTAT STANDARDIZED;
  TECH1;
  TECH11;

  SAVEDATA:
  FILE = K2_S1000_res.dat;
  SAVE = CPROBABILITIES FSCORES;

  PLOT:
  TYPE = plot3;
  SERIES = SOFAS_0 (s) SOFAS_12 (s) SOFAS_24 (s);




*** WARNING in MODEL command
  All continuous latent variable covariances involving I have been fixed to 0
  because the variance of I is fixed at 0.
*** WARNING in MODEL command
  All continuous latent variable covariances involving S have been fixed to 0
  because the variance of S is fixed at 0.
   2 WARNING(S) FOUND IN THE INPUT INSTRUCTIONS




LCGA1_P2_K2_S1000

