Mplus VERSION 8.6 (Mac)
MUTHEN & MUTHEN
02/16/2024   1:10 AM

INPUT INSTRUCTIONS

  TITLE:
  GMM_CV_isqcub_FIX
  DATA:
  FILE = "/Users/olivierpercie/Desktop/LGM/SANS/456/Results/GMM/CV/isqcub/GMM13.dat";

  VARIABLE:
  NAMES = pin SANS_0 SANS_1 SANS_2 SANS_3 SANS_6 SANS_9 SANS_12 SANS_18 SANS_24;
   MISSING=.;
   USEVAR = SANS_0 SANS_1 SANS_2 SANS_3 SANS_6 SANS_9 SANS_12 SANS_18 SANS_24;
  IDVAR = pin;
  CLASSES = c(3);
  ANALYSIS:
  TYPE = MIXTURE;
  STARTS = 4000 1000;
  K-1STARTS = 2000 500;
  DISTRIBUTION = NORMAL;
  PROCESSORS = 8;
  MODEL:
  %OVERALL%
  i s q cub | SANS_0@0 SANS_1@1 SANS_2@2 SANS_3@3 SANS_6@6 SANS_9@9 SANS_12@12 SANS_18@18
  SANS_24@24;
  i s q cub;
  i WITH s q cub;
  s WITH q cub;
  q WITH cub;
  SANS_0 SANS_1 SANS_2 SANS_3 SANS_6 SANS_9 SANS_12 SANS_18 SANS_24;
  %C#1%
  i s q cub;
  i WITH s q cub;
  s WITH q cub;
  q WITH cub;
  SANS_0 SANS_1 SANS_2 SANS_3 SANS_6 SANS_9 SANS_12 SANS_18 SANS_24 (1);
  %C#2%
  i s q cub;
  i WITH s q cub;
  s WITH q cub;
  q WITH cub;
  SANS_0 SANS_1 SANS_2 SANS_3 SANS_6 SANS_9 SANS_12 SANS_18 SANS_24 (1);
  %C#3%
  i s q cub;
  i WITH s q cub;
  s WITH q cub;
  q WITH cub;
  SANS_0 SANS_1 SANS_2 SANS_3 SANS_6 SANS_9 SANS_12 SANS_18 SANS_24 (1);
  OUTPUT:
  TECH7;
  TECH11;
  SAMPSTAT;
  STANDARDIZED;
  CINTERVAL;
  SAVEDATA:
  FILE = GMM_CV_isqcub_FIX_est.dat;
  SAVE = CPROBABILITIES FSCORES;



INPUT READING TERMINATED NORMALLY




GMM_CV_isqcub_FIX

SUMMARY OF ANALYSIS

Number of groups                                                 1
Number of observations                                         456

Number of dependent variables                                    9
Number of independent variables                                  0
Number of continuous latent variables                            4
Number of categorical latent variables                           1

Observed dependent variables

  Continuous
   SANS_0      SANS_1      SANS_2      SANS_3      SANS_6      SANS_9
   SANS_12     SANS_18     SANS_24

Continuous latent variables
   I           S           Q           CUB

Categorical latent variables
   C

Variables with special functions

  ID variable           PIN

Estimator                                                      MLR
Information matrix                                        OBSERVED
Optimization Specifications for the Quasi-Newton Algorithm for
Continuous Outcomes
  Maximum number of iterations                                 100
  Convergence criterion                                  0.100D-05
Optimization Specifications for the EM Algorithm
  Maximum number of iterations                                 500
  Convergence criteria
    Loglikelihood change                                 0.100D-06
    Relative loglikelihood change                        0.100D-06
    Derivative                                           0.100D-05
Optimization Specifications for the M step of the EM Algorithm for
Categorical Latent variables
  Number of M step iterations                                    1
  M step convergence criterion                           0.100D-05
  Basis for M step termination                           ITERATION
Optimization Specifications for the M step of the EM Algorithm for
Censored, Binary or Ordered Categorical (Ordinal), Unordered
Categorical (Nominal) and Count Outcomes
  Number of M step iterations                                    1
  M step convergence criterion                           0.100D-05
  Basis for M step termination                           ITERATION
  Maximum value for logit thresholds                            15
  Minimum value for logit thresholds                           -15
  Minimum expected cell size for chi-square              0.100D-01
Maximum number of iterations for H1                           2000
Convergence criterion for H1                             0.100D-03
Optimization algorithm                                         EMA
Random Starts Specifications
  Number of initial stage random starts                       4000
  Number of final stage optimizations                         1000
  Number of initial stage iterations                            10
  Initial stage convergence criterion                    0.100D+01
  Random starts scale                                    0.500D+01
  Random seed for generating random starts                       0

Input data file(s)
  /Users/olivierpercie/Desktop/LGM/SANS/456/Results/GMM/CV/isqcub/GMM13.dat
Input data format  FREE


SUMMARY OF DATA

     Number of missing data patterns            53
     Number of y missing data patterns          53
     Number of u missing data patterns           0


COVARIANCE COVERAGE OF DATA

Minimum covariance coverage value   0.100


     PROPORTION OF DATA PRESENT FOR Y


           Covariance Coverage
              SANS_0        SANS_1        SANS_2        SANS_3        SANS_6
              ________      ________      ________      ________      ________
 SANS_0         1.000
 SANS_1         0.682         0.682
 SANS_2         0.893         0.616         0.893
 SANS_3         0.947         0.638         0.860         0.947
 SANS_6         0.925         0.621         0.831         0.886         0.925
 SANS_9         0.910         0.614         0.816         0.860         0.846
 SANS_12        0.895         0.605         0.792         0.842         0.829
 SANS_18        0.855         0.577         0.750         0.805         0.792
 SANS_24        0.844         0.559         0.750         0.798         0.781


           Covariance Coverage
              SANS_9        SANS_12       SANS_18       SANS_24
              ________      ________      ________      ________
 SANS_9         0.910
 SANS_12        0.822         0.895
 SANS_18        0.774         0.774         0.855
 SANS_24        0.765         0.770         0.770         0.844


SAMPLE STATISTICS


     ESTIMATED SAMPLE STATISTICS


           Means
              SANS_0        SANS_1        SANS_2        SANS_3        SANS_6
              ________      ________      ________      ________      ________
               10.219         8.768         8.021         7.868         7.211


           Means
              SANS_9        SANS_12       SANS_18       SANS_24
              ________      ________      ________      ________
                6.819         6.692         6.323         5.857


           Covariances
              SANS_0        SANS_1        SANS_2        SANS_3        SANS_6
              ________      ________      ________      ________      ________
 SANS_0        13.430
 SANS_1         8.213        13.930
 SANS_2         7.555        10.948        14.809
 SANS_3         7.099         9.363        11.313        14.683
 SANS_6         6.482         8.433         9.301         9.539        16.582
 SANS_9         6.431         7.255         8.132         8.391        10.967
 SANS_12        5.813         6.579         7.337         6.947        10.690
 SANS_18        4.852         6.391         6.162         6.118         8.927
 SANS_24        4.403         5.779         5.701         6.403         8.424


           Covariances
              SANS_9        SANS_12       SANS_18       SANS_24
              ________      ________      ________      ________
 SANS_9        17.375
 SANS_12       12.815        18.659
 SANS_18       10.310        11.639        18.209
 SANS_24       10.078        10.437        12.324        18.916


           Correlations
              SANS_0        SANS_1        SANS_2        SANS_3        SANS_6
              ________      ________      ________      ________      ________
 SANS_0         1.000
 SANS_1         0.600         1.000
 SANS_2         0.536         0.762         1.000
 SANS_3         0.506         0.655         0.767         1.000
 SANS_6         0.434         0.555         0.594         0.611         1.000
 SANS_9         0.421         0.466         0.507         0.525         0.646
 SANS_12        0.367         0.408         0.441         0.420         0.608
 SANS_18        0.310         0.401         0.375         0.374         0.514
 SANS_24        0.276         0.356         0.341         0.384         0.476


           Correlations
              SANS_9        SANS_12       SANS_18       SANS_24
              ________      ________      ________      ________
 SANS_9         1.000
 SANS_12        0.712         1.000
 SANS_18        0.580         0.631         1.000
 SANS_24        0.556         0.556         0.664         1.000


     MAXIMUM LOG-LIKELIHOOD VALUE FOR THE UNRESTRICTED (H1) MODEL IS -9146.765


UNIVARIATE SAMPLE STATISTICS


     UNIVARIATE HIGHER-ORDER MOMENT DESCRIPTIVE STATISTICS

         Variable/         Mean/     Skewness/   Minimum/ % with                Percentiles
        Sample Size      Variance    Kurtosis    Maximum  Min/Max      20%/60%    40%/80%    Median

     SANS_0               10.219      -0.185       0.000    0.44%       7.000      9.000     10.000
             456.000      13.430      -0.404      19.000    0.22%      11.000     14.000
     SANS_1                8.884       0.079       0.000    0.64%       6.000      7.000      9.000
             311.000      13.942      -0.418      19.000    0.32%      10.000     12.000
     SANS_2                8.005       0.074       0.000    1.97%       4.000      7.000      8.000
             407.000      14.747      -0.620      19.000    0.25%       9.000     12.000
     SANS_3                7.866       0.126       0.000    2.55%       5.000      7.000      8.000
             432.000      14.695      -0.354      19.000    0.23%       9.000     11.000
     SANS_6                7.182       0.239       0.000    4.03%       3.000      6.000      7.000
             422.000      16.438      -0.544      19.000    0.24%       8.000     11.000
     SANS_9                6.761       0.353       0.000    6.27%       3.000      5.000      6.000
             415.000      17.377      -0.602      17.000    0.96%       7.000     11.000
     SANS_12               6.748       0.414       0.000    6.37%       3.000      5.000      6.000
             408.000      18.444      -0.522      19.000    0.25%       7.000     10.000
     SANS_18               6.385       0.429       0.000    7.69%       2.000      5.000      6.000
             390.000      18.350      -0.569      19.000    0.26%       7.000     10.000
     SANS_24               5.906       0.667       0.000   10.39%       2.000      4.000      5.000
             385.000      18.729      -0.096      20.000    0.26%       6.000     10.000

RANDOM STARTS RESULTS RANKED FROM THE BEST TO THE WORST LOGLIKELIHOOD VALUES


2474 perturbed starting value run(s) did not converge or were rejected in the third stage.
Final stage loglikelihood values at local maxima, seeds, and initial stage start numbers:

           -9244.996  320864           2078
           -9244.996  62835            642
           -9244.996  145786           2785
           -9244.996  65562            1395
           -9244.996  356956           3431
           -9244.996  314551           3955
           -9244.996  927045           1994
           -9244.996  137305           379
           -9244.996  443917           60
           -9244.996  715561           125
           -9244.996  456915           2092
           -9244.996  734100           2162
           -9244.996  848579           2263
           -9244.996  677470           2267
           -9244.996  610340           2272
           -9244.996  858266           2330
           -9244.996  425140           1378
           -9244.996  536551           696
           -9244.996  945711           1419
           -9244.996  769797           1429
           -9244.996  131251           2939
           -9244.996  761302           744
           -9244.996  426169           1544
           -9244.996  691615           1570
           -9244.996  28983            1574
           -9244.996  573574           1703
           -9244.996  251502           3571
           -9244.996  647125           3590
           -9244.996  970838           3615
           -9244.996  576306           3678
           -9244.996  583281           1907
           -9244.996  725670           3837
           -9244.996  225630           3846
           -9244.996  914096           3861
           -9244.996  923601           3890
           -9244.996  193757           3938
           -9244.996  609089           241
           -9244.996  760878           249
           -9244.996  971853           402
           -9244.996  790059           469
           -9244.996  751054           117
           -9244.996  61587            400
           -9244.996  614009           317
           -9244.996  829540           324
           -9244.996  535804           111
           -9244.996  344236           2061
           -9244.996  185329           2145
           -9244.996  781349           1079
           -9244.996  979988           2164
           -9244.996  819932           2180
           -9244.996  907676           1101
           -9244.996  405079           68
           -9244.996  312018           2209
           -9244.996  859380           1113
           -9244.996  34050            2235
           -9244.996  871438           561
           -9244.996  608451           2248
           -9244.996  21260            1125
           -9244.996  706042           1129
           -9244.996  753916           2300
           -9244.996  930654           1156
           -9244.996  545628           2332
           -9244.996  92564            583
           -9244.996  366872           1169
           -9244.996  703783           2346
           -9244.996  250872           2380
           -9244.996  582181           2417
           -9244.996  264316           2420
           -9244.996  988709           2430
           -9244.996  622873           1218
           -9244.996  237742           1219
           -9244.996  665858           1238
           -9244.996  7510             2482
           -9244.996  994934           2500
           -9244.996  410512           1282
           -9244.996  29323            2574
           -9244.996  633681           2580
           -9244.996  226814           2623
           -9244.996  606960           2657
           -9244.996  677720           681
           -9244.996  926494           2727
           -9244.996  940517           2728
           -9244.996  524214           2775
           -9244.996  300844           1405
           -9244.996  703313           1415
           -9244.996  979084           2837
           -9244.996  602306           2856
           -9244.996  655632           2885
           -9244.996  256781           1448
           -9244.996  892583           2900
           -9244.996  113386           2923
           -9244.996  244349           736
           -9244.996  472647           2948
           -9244.996  182524           373
           -9244.996  137719           1504
           -9244.996  838944           3018
           -9244.996  659832           754
           -9244.996  912557           3039
           -9244.996  960766           3046
           -9244.996  354564           3098
           -9244.996  837992           3104
           -9244.996  797493           1563
           -9244.996  358688           1573
           -9244.996  907810           795
           -9244.996  66600            3186
           -9244.996  541342           3201
           -9244.996  21345            199
           -9244.996  95624            1605
           -9244.996  7886             804
           -9244.996  510814           3219
           -9244.996  283715           1610
           -9244.996  128045           1614
           -9244.996  291884           1621
           -9244.996  891510           1625
           -9244.996  128920           1632
           -9244.996  634333           1648
           -9244.996  139881           3304
           -9244.996  850071           3311
           -9244.996  705057           3313
           -9244.996  48057            3318
           -9244.996  220889           3323
           -9244.996  710154           831
           -9244.996  760599           832
           -9244.996  853439           1671
           -9244.996  784646           1687
           -9244.996  271809           846
           -9244.996  172133           1697
           -9244.996  975502           3403
           -9244.996  977800           853
           -9244.996  857751           3415
           -9244.996  88117            3417
           -9244.996  410745           3424
           -9244.996  952886           3428
           -9244.996  435058           3535
           -9244.996  514936           1793
           -9244.996  130541           896
           -9244.996  795690           3592
           -9244.996  340820           3622
           -9244.996  889972           3630
           -9244.996  979450           913
           -9244.996  735928           916
           -9244.996  966603           919
           -9244.996  567252           1843
           -9244.996  853283           1854
           -9244.996  866261           1866
           -9244.996  291344           3756
           -9244.996  431271           943
           -9244.996  401377           1889
           -9244.996  853118           1906
           -9244.996  705224           953
           -9244.996  723642           3817
           -9244.996  406935           958
           -9244.996  72450            1922
           -9244.996  168000           3882
           -9244.996  396607           3897
           -9244.996  619504           3902
           -9244.996  252949           487
           -9244.996  37570            3925
           -9244.996  968256           3948
           -9244.996  551300           3969
           -9244.996  75718            1987
           -9244.996  118958           994
           -9244.996  766903           505
           -9244.996  779882           1012
           -9244.996  931959           2026
           -9244.996  957086           1019
           -9244.996  301301           1020
           -9244.996  879338           309
           -9244.996  846194           93
           -9244.996  93468            3
           -9244.996  534483           290
           -9244.996  253358           2
           -9244.996  714997           399
           -9244.996  314084           81
           -9244.996  848969           173
           -9244.996  951709           348
           -9244.996  273992           349
           -9244.996  21132            351
           -9244.996  848163           47
           -9244.996  376411           473
           -9244.996  605161           409
           -9244.996  652266           490
           -9244.996  366706           29
           -9244.996  595153           230
           -9244.996  416463           467
           -9244.996  972430           491
           -9244.996  140849           515
           -9244.996  156309           2086
           -9244.996  971278           2094
           -9244.996  231581           1048
           -9244.996  259758           1054
           -9244.996  661919           1062
           -9244.996  732140           2131
           -9244.996  88140            1089
           -9244.996  923427           2182
           -9244.996  176837           2193
           -9244.996  137614           2198
           -9244.996  364449           2239
           -9244.996  84672            2255
           -9244.996  16096            1147
           -9244.996  566739           575
           -9244.996  155106           2304
           -9244.996  506886           576
           -9244.996  817813           2324
           -9244.996  8089             2326
           -9244.996  384819           2333
           -9244.996  130011           587
           -9244.996  789171           2365
           -9244.996  158157           1183
           -9244.996  932960           2369
           -9244.996  5262             2370
           -9244.996  775844           2371
           -9244.996  747551           1190
           -9244.996  621441           2398
           -9244.996  276102           599
           -9244.996  132387           1203
           -9244.996  929823           1205
           -9244.996  793674           2413
           -9244.996  725497           2415
           -9244.996  588923           606
           -9244.996  966014           37
           -9244.996  298753           2438
           -9244.996  432950           1244
           -9244.996  252552           2489
           -9244.996  228558           2496
           -9244.996  330591           2510
           -9244.996  712531           631
           -9244.996  853581           2531
           -9244.996  83878            2541
           -9244.996  127215           9
           -9244.996  775884           639
           -9244.996  157832           2560
           -9244.996  670915           2568
           -9244.996  291388           2571
           -9244.996  782781           2587
           -9244.996  606078           1296
           -9244.996  930781           2594
           -9244.996  733775           2617
           -9244.996  337570           1319
           -9244.996  20976            1336
           -9244.996  732904           2739
           -9244.996  204959           695
           -9244.996  97243            2810
           -9244.996  998513           2820
           -9244.996  79890            1413
           -9244.996  392531           2846
           -9244.996  149777           1434
           -9244.996  619388           2871
           -9244.996  374171           2920
           -9244.996  682718           733
           -9244.996  383777           2945
           -9244.996  194728           2949
           -9244.996  553920           2961
           -9244.996  417002           1499
           -9244.996  785068           3000
           -9244.996  271100           3066
           -9244.996  225561           3077
           -9244.996  214821           3108
           -9244.996  403287           1558
           -9244.996  968857           3140
           -9244.996  935426           3142
           -9244.996  710445           792
           -9244.996  638118           1588
           -9244.996  110389           3178
           -9244.996  399539           3218
           -9244.996  272764           3230
           -9244.996  564016           1646
           -9244.996  534052           3298
           -9244.996  81233            825
           -9244.996  296242           3333
           -9244.996  132965           3405
           -9244.996  39756            857
           -9244.996  826811           1721
           -9244.996  182256           3481
           -9244.996  119023           3521
           -9244.996  400319           887
           -9244.996  798658           3600
           -9244.996  899876           1808
           -9244.996  181069           1810
           -9244.996  663090           906
           -9244.996  105656           909
           -9244.996  81954            1823
           -9244.996  41447            3665
           -9244.996  365050           1835
           -9244.996  309926           1841
           -9244.996  265927           3685
           -9244.996  420910           928
           -9244.996  116438           3716
           -9244.996  428893           1859
           -9244.996  768472           3740
           -9244.996  331689           1872
           -9244.996  611668           3776
           -9244.996  11397            944
           -9244.996  418599           3783
           -9244.996  973357           3796
           -9244.996  480649           1900
           -9244.996  533798           3801
           -9244.996  203018           3813
           -9244.996  238736           3820
           -9244.996  131921           3841
           -9244.996  966499           963
           -9244.996  144164           3860
           -9244.996  713148           3878
           -9244.996  587886           3883
           -9244.996  784504           1943
           -9244.996  453915           975
           -9244.996  269688           3911
           -9244.996  275366           3912
           -9244.996  943496           3930
           -9244.996  921550           3934
           -9244.996  12177            3942
           -9244.996  943550           1981
           -9244.996  662162           4000
           -9244.996  788293           1003
           -9244.996  542577           1004
           -9244.996  588887           2025
           -9244.996  155622           507
           -9244.996  770182           1015
           -9244.996  441191           361
           -9244.996  25127            107
           -9244.996  217744           326
           -9244.996  unperturbed      0
           -9244.996  631413           439
           -9244.996  602960           2226
           -9244.996  566687           597
           -9244.996  442158           2644
           -9244.996  350502           1345
           -9244.996  896562           2773
           -9244.996  801526           3747
           -9244.996  424772           3852
           -9244.996  90218            1932
           -9244.996  399097           3921
           -9244.996  112441           3926
           -9244.996  563993           1973

666 perturbed starting value run(s) did not converge or were rejected in the third stage.



THE BEST LOGLIKELIHOOD VALUE HAS BEEN REPLICATED.  RERUN WITH AT LEAST TWICE THE
RANDOM STARTS TO CHECK THAT THE BEST LOGLIKELIHOOD IS STILL OBTAINED AND REPLICATED.

     THE STANDARD ERRORS OF THE MODEL PARAMETER ESTIMATES MAY NOT BE
     TRUSTWORTHY FOR SOME PARAMETERS DUE TO A NON-POSITIVE DEFINITE
     FIRST-ORDER DERIVATIVE PRODUCT MATRIX.  THIS MAY BE DUE TO THE STARTING
     VALUES BUT MAY ALSO BE AN INDICATION OF MODEL NONIDENTIFICATION.  THE
     CONDITION NUMBER IS       0.301D-14.  PROBLEM INVOLVING THE FOLLOWING PARAMETER:
     Parameter 1, %C#1%: SANS_0 (equality/label)

     THE MODEL ESTIMATION DID NOT TERMINATE NORMALLY DUE TO AN ILL-CONDITIONED
     FISHER INFORMATION MATRIX.  CHANGE YOUR MODEL AND/OR STARTING VALUES.

     THE MODEL ESTIMATION DID NOT TERMINATE NORMALLY DUE TO A NON-POSITIVE
     DEFINITE FISHER INFORMATION MATRIX.  THIS MAY BE DUE TO THE STARTING VALUES
     BUT MAY ALSO BE AN INDICATION OF MODEL NONIDENTIFICATION.  THE CONDITION
     NUMBER IS       0.247D-14.

     THE STANDARD ERRORS OF THE MODEL PARAMETER ESTIMATES COULD NOT BE
     COMPUTED.  THIS IS OFTEN DUE TO THE STARTING VALUES BUT MAY ALSO BE
     AN INDICATION OF MODEL NONIDENTIFICATION.  CHANGE YOUR MODEL AND/OR
     STARTING VALUES.  PROBLEM INVOLVING THE FOLLOWING PARAMETER:
     Parameter 1, %C#1%: SANS_0 (equality/label)






FINAL CLASS COUNTS AND PROPORTIONS FOR THE LATENT CLASSES
BASED ON THE ESTIMATED MODEL

    Latent
   Classes

       1        456.00000          1.00000
       2          0.00000          0.00000
       3          0.00000          0.00000


FINAL CLASS COUNTS AND PROPORTIONS FOR THE LATENT CLASSES
BASED ON ESTIMATED POSTERIOR PROBABILITIES

    Latent
   Classes

       1        456.00000          1.00000
       2          0.00000          0.00000
       3          0.00000          0.00000


FINAL CLASS COUNTS AND PROPORTIONS FOR THE LATENT CLASSES
BASED ON THEIR MOST LIKELY LATENT CLASS MEMBERSHIP

Class Counts and Proportions

    Latent
   Classes

       1              456          1.00000
       2                0          0.00000
       3                0          0.00000


CLASSIFICATION QUALITY

     Entropy                         1.000


Average Latent Class Probabilities for Most Likely Latent Class Membership (Row)
by Latent Class (Column)

           1        2        3

    1   1.000    0.000    0.000
    2   0.000    0.000    0.000
    3   0.000    0.000    0.000


Classification Probabilities for the Most Likely Latent Class Membership (Column)
by Latent Class (Row)

           1        2        3

    1   1.000    0.000    0.000
    2   0.000    0.000    0.000
    3   0.000    0.000    0.000


Logits for the Classification Probabilities for the Most Likely Latent Class Membership (Column)
by Latent Class (Row)

              1        2        3

    1     13.816    0.000    0.000
    2      0.000    0.000    0.000
    3      0.000    0.000    0.000


MODEL RESULTS

                    Estimate

Latent Class 1

 I        |
    SANS_0             1.000
    SANS_1             1.000
    SANS_2             1.000
    SANS_3             1.000
    SANS_6             1.000
    SANS_9             1.000
    SANS_12            1.000
    SANS_18            1.000
    SANS_24            1.000

 S        |
    SANS_0             0.000
    SANS_1             1.000
    SANS_2             2.000
    SANS_3             3.000
    SANS_6             6.000
    SANS_9             9.000
    SANS_12           12.000
    SANS_18           18.000
    SANS_24           24.000

 Q        |
    SANS_0             0.000
    SANS_1             1.000
    SANS_2             4.000
    SANS_3             9.000
    SANS_6            36.000
    SANS_9            81.000
    SANS_12          144.000
    SANS_18          324.000
    SANS_24          576.000

 CUB      |
    SANS_0             0.000
    SANS_1             1.000
    SANS_2             8.000
    SANS_3            27.000
    SANS_6           216.000
    SANS_9           729.000
    SANS_12         1728.000
    SANS_18         5832.000
    SANS_24        13824.000

 I        WITH
    S                 -0.228
    Q                 -0.009
    CUB                0.000

 S        WITH
    Q                 -0.037
    CUB                0.001

 Q        WITH
    CUB                0.000

 Means
    I                  9.748
    S                 -0.720
    Q                  0.052
    CUB               -0.001

 Intercepts
    SANS_0             0.000
    SANS_1             0.000
    SANS_2             0.000
    SANS_3             0.000
    SANS_6             0.000
    SANS_9             0.000
    SANS_12            0.000
    SANS_18            0.000
    SANS_24            0.000

 Variances
    I                  8.740
    S                  0.430
    Q                  0.004
    CUB                0.000

 Residual Variances
    SANS_0             5.427
    SANS_1             5.427
    SANS_2             5.427
    SANS_3             5.427
    SANS_6             5.427
    SANS_9             5.427
    SANS_12            5.427
    SANS_18            5.427
    SANS_24            5.427

Latent Class 2

 I        |
    SANS_0             1.000
    SANS_1             1.000
    SANS_2             1.000
    SANS_3             1.000
    SANS_6             1.000
    SANS_9             1.000
    SANS_12            1.000
    SANS_18            1.000
    SANS_24            1.000

 S        |
    SANS_0             0.000
    SANS_1             1.000
    SANS_2             2.000
    SANS_3             3.000
    SANS_6             6.000
    SANS_9             9.000
    SANS_12           12.000
    SANS_18           18.000
    SANS_24           24.000

 Q        |
    SANS_0             0.000
    SANS_1             1.000
    SANS_2             4.000
    SANS_3             9.000
    SANS_6            36.000
    SANS_9            81.000
    SANS_12          144.000
    SANS_18          324.000
    SANS_24          576.000

 CUB      |
    SANS_0             0.000
    SANS_1             1.000
    SANS_2             8.000
    SANS_3            27.000
    SANS_6           216.000
    SANS_9           729.000
    SANS_12         1728.000
    SANS_18         5832.000
    SANS_24        13824.000

 I        WITH
    S                  0.000
    Q                  0.000
    CUB                0.000

 S        WITH
    Q                  0.000
    CUB                0.000

 Q        WITH
    CUB                0.000

 Means
    I                 -6.167
    S                 -2.833
    Q                  2.622
    CUB                2.438

 Intercepts
    SANS_0             0.000
    SANS_1             0.000
    SANS_2             0.000
    SANS_3             0.000
    SANS_6             0.000
    SANS_9             0.000
    SANS_12            0.000
    SANS_18            0.000
    SANS_24            0.000

 Variances
    I                  9.993
    S                  8.282
    Q                  0.645
    CUB                0.003

 Residual Variances
    SANS_0             5.427
    SANS_1             5.427
    SANS_2             5.427
    SANS_3             5.427
    SANS_6             5.427
    SANS_9             5.427
    SANS_12            5.427
    SANS_18            5.427
    SANS_24            5.427

Latent Class 3

 I        |
    SANS_0             1.000
    SANS_1             1.000
    SANS_2             1.000
    SANS_3             1.000
    SANS_6             1.000
    SANS_9             1.000
    SANS_12            1.000
    SANS_18            1.000
    SANS_24            1.000

 S        |
    SANS_0             0.000
    SANS_1             1.000
    SANS_2             2.000
    SANS_3             3.000
    SANS_6             6.000
    SANS_9             9.000
    SANS_12           12.000
    SANS_18           18.000
    SANS_24           24.000

 Q        |
    SANS_0             0.000
    SANS_1             1.000
    SANS_2             4.000
    SANS_3             9.000
    SANS_6            36.000
    SANS_9            81.000
    SANS_12          144.000
    SANS_18          324.000
    SANS_24          576.000

 CUB      |
    SANS_0             0.000
    SANS_1             1.000
    SANS_2             8.000
    SANS_3            27.000
    SANS_6           216.000
    SANS_9           729.000
    SANS_12         1728.000
    SANS_18         5832.000
    SANS_24        13824.000

 I        WITH
    S                  0.000
    Q                  0.000
    CUB                0.000

 S        WITH
    Q                  0.000
    CUB                0.000

 Q        WITH
    CUB                0.000

 Means
    I                 13.303
    S                  4.788
    Q                 -2.746
    CUB               -2.379

 Intercepts
    SANS_0             0.000
    SANS_1             0.000
    SANS_2             0.000
    SANS_3             0.000
    SANS_6             0.000
    SANS_9             0.000
    SANS_12            0.000
    SANS_18            0.000
    SANS_24            0.000

 Variances
    I                  9.993
    S                  8.282
    Q                  0.645
    CUB                0.003

 Residual Variances
    SANS_0             5.427
    SANS_1             5.427
    SANS_2             5.427
    SANS_3             5.427
    SANS_6             5.427
    SANS_9             5.427
    SANS_12            5.427
    SANS_18            5.427
    SANS_24            5.427

Categorical Latent Variables

 Means
    C#1              672.035
    C#2                0.000


MODEL COMMAND WITH FINAL ESTIMATES USED AS STARTING VALUES

     %OVERALL%

     i s q cub | sans_0@0 sans_1@1 sans_2@2 sans_3@3 sans_6@6 sans_9@9 sans_12@12 sans_18@18
     sans_24@24;

     [ c#1*672.03485 ];
     [ c#2*0 ];

     %C#1%

     i WITH s*-0.22821;
     i WITH q*-0.00930;
     i WITH cub*0.00048;
     s WITH q*-0.03657;
     s WITH cub*0.00085;
     q WITH cub*-0.00010;

     [ sans_0@0 ];
     [ sans_1@0 ];
     [ sans_2@0 ];
     [ sans_3@0 ];
     [ sans_6@0 ];
     [ sans_9@0 ];
     [ sans_12@0 ];
     [ sans_18@0 ];
     [ sans_24@0 ];
     [ i*9.74814 ];
     [ s*-0.72032 ];
     [ q*0.05244 ];
     [ cub*-0.00122 ];

     sans_0*5.42673 (1);
     sans_1*5.42673 (1);
     sans_2*5.42673 (1);
     sans_3*5.42673 (1);
     sans_6*5.42673 (1);
     sans_9*5.42673 (1);
     sans_12*5.42673 (1);
     sans_18*5.42673 (1);
     sans_24*5.42673 (1);
     i*8.74032;
     s*0.42989;
     q*0.00397;
     cub*0.00000;

     %C#2%

     i WITH s*0;
     i WITH q*0;
     i WITH cub*0;
     s WITH q*0;
     s WITH cub*0;
     q WITH cub*0;

     [ sans_0@0 ];
     [ sans_1@0 ];
     [ sans_2@0 ];
     [ sans_3@0 ];
     [ sans_6@0 ];
     [ sans_9@0 ];
     [ sans_12@0 ];
     [ sans_18@0 ];
     [ sans_24@0 ];
     [ i*-6.16688 ];
     [ s*-2.83277 ];
     [ q*2.62185 ];
     [ cub*2.43817 ];

     sans_0*5.42673 (1);
     sans_1*5.42673 (1);
     sans_2*5.42673 (1);
     sans_3*5.42673 (1);
     sans_6*5.42673 (1);
     sans_9*5.42673 (1);
     sans_12*5.42673 (1);
     sans_18*5.42673 (1);
     sans_24*5.42673 (1);
     i*9.99321;
     s*8.28229;
     q*0.64501;
     cub*0.00302;

     %C#3%

     i WITH s*0;
     i WITH q*0;
     i WITH cub*0;
     s WITH q*0;
     s WITH cub*0;
     q WITH cub*0;

     [ sans_0@0 ];
     [ sans_1@0 ];
     [ sans_2@0 ];
     [ sans_3@0 ];
     [ sans_6@0 ];
     [ sans_9@0 ];
     [ sans_12@0 ];
     [ sans_18@0 ];
     [ sans_24@0 ];
     [ i*13.30311 ];
     [ s*4.78824 ];
     [ q*-2.74632 ];
     [ cub*-2.37857 ];

     sans_0*5.42673 (1);
     sans_1*5.42673 (1);
     sans_2*5.42673 (1);
     sans_3*5.42673 (1);
     sans_6*5.42673 (1);
     sans_9*5.42673 (1);
     sans_12*5.42673 (1);
     sans_18*5.42673 (1);
     sans_24*5.42673 (1);
     i*9.99321;
     s*8.28229;
     q*0.64501;
     cub*0.00302;



TECHNICAL 1 OUTPUT


     PARAMETER SPECIFICATION FOR LATENT CLASS 1


           NU
              SANS_0        SANS_1        SANS_2        SANS_3        SANS_6
              ________      ________      ________      ________      ________
                    0             0             0             0             0


           NU
              SANS_9        SANS_12       SANS_18       SANS_24
              ________      ________      ________      ________
                    0             0             0             0


           LAMBDA
              I             S             Q             CUB
              ________      ________      ________      ________
 SANS_0             0             0             0             0
 SANS_1             0             0             0             0
 SANS_2             0             0             0             0
 SANS_3             0             0             0             0
 SANS_6             0             0             0             0
 SANS_9             0             0             0             0
 SANS_12            0             0             0             0
 SANS_18            0             0             0             0
 SANS_24            0             0             0             0


           THETA
              SANS_0        SANS_1        SANS_2        SANS_3        SANS_6
              ________      ________      ________      ________      ________
 SANS_0             1
 SANS_1             0             1
 SANS_2             0             0             1
 SANS_3             0             0             0             1
 SANS_6             0             0             0             0             1
 SANS_9             0             0             0             0             0
 SANS_12            0             0             0             0             0
 SANS_18            0             0             0             0             0
 SANS_24            0             0             0             0             0


           THETA
              SANS_9        SANS_12       SANS_18       SANS_24
              ________      ________      ________      ________
 SANS_9             1
 SANS_12            0             1
 SANS_18            0             0             1
 SANS_24            0             0             0             1


           ALPHA
              I             S             Q             CUB
              ________      ________      ________      ________
                    2             3             4             5


           BETA
              I             S             Q             CUB
              ________      ________      ________      ________
 I                  0             0             0             0
 S                  0             0             0             0
 Q                  0             0             0             0
 CUB                0             0             0             0


           PSI
              I             S             Q             CUB
              ________      ________      ________      ________
 I                  6
 S                  7             8
 Q                  9            10            11
 CUB               12            13            14            15


     PARAMETER SPECIFICATION FOR LATENT CLASS 2


           NU
              SANS_0        SANS_1        SANS_2        SANS_3        SANS_6
              ________      ________      ________      ________      ________
                    0             0             0             0             0


           NU
              SANS_9        SANS_12       SANS_18       SANS_24
              ________      ________      ________      ________
                    0             0             0             0


           LAMBDA
              I             S             Q             CUB
              ________      ________      ________      ________
 SANS_0             0             0             0             0
 SANS_1             0             0             0             0
 SANS_2             0             0             0             0
 SANS_3             0             0             0             0
 SANS_6             0             0             0             0
 SANS_9             0             0             0             0
 SANS_12            0             0             0             0
 SANS_18            0             0             0             0
 SANS_24            0             0             0             0


           THETA
              SANS_0        SANS_1        SANS_2        SANS_3        SANS_6
              ________      ________      ________      ________      ________
 SANS_0             1
 SANS_1             0             1
 SANS_2             0             0             1
 SANS_3             0             0             0             1
 SANS_6             0             0             0             0             1
 SANS_9             0             0             0             0             0
 SANS_12            0             0             0             0             0
 SANS_18            0             0             0             0             0
 SANS_24            0             0             0             0             0


           THETA
              SANS_9        SANS_12       SANS_18       SANS_24
              ________      ________      ________      ________
 SANS_9             1
 SANS_12            0             1
 SANS_18            0             0             1
 SANS_24            0             0             0             1


           ALPHA
              I             S             Q             CUB
              ________      ________      ________      ________
                   16            17            18            19


           BETA
              I             S             Q             CUB
              ________      ________      ________      ________
 I                  0             0             0             0
 S                  0             0             0             0
 Q                  0             0             0             0
 CUB                0             0             0             0


           PSI
              I             S             Q             CUB
              ________      ________      ________      ________
 I                 20
 S                 21            22
 Q                 23            24            25
 CUB               26            27            28            29


     PARAMETER SPECIFICATION FOR LATENT CLASS 3


           NU
              SANS_0        SANS_1        SANS_2        SANS_3        SANS_6
              ________      ________      ________      ________      ________
                    0             0             0             0             0


           NU
              SANS_9        SANS_12       SANS_18       SANS_24
              ________      ________      ________      ________
                    0             0             0             0


           LAMBDA
              I             S             Q             CUB
              ________      ________      ________      ________
 SANS_0             0             0             0             0
 SANS_1             0             0             0             0
 SANS_2             0             0             0             0
 SANS_3             0             0             0             0
 SANS_6             0             0             0             0
 SANS_9             0             0             0             0
 SANS_12            0             0             0             0
 SANS_18            0             0             0             0
 SANS_24            0             0             0             0


           THETA
              SANS_0        SANS_1        SANS_2        SANS_3        SANS_6
              ________      ________      ________      ________      ________
 SANS_0             1
 SANS_1             0             1
 SANS_2             0             0             1
 SANS_3             0             0             0             1
 SANS_6             0             0             0             0             1
 SANS_9             0             0             0             0             0
 SANS_12            0             0             0             0             0
 SANS_18            0             0             0             0             0
 SANS_24            0             0             0             0             0


           THETA
              SANS_9        SANS_12       SANS_18       SANS_24
              ________      ________      ________      ________
 SANS_9             1
 SANS_12            0             1
 SANS_18            0             0             1
 SANS_24            0             0             0             1


           ALPHA
              I             S             Q             CUB
              ________      ________      ________      ________
                   30            31            32            33


           BETA
              I             S             Q             CUB
              ________      ________      ________      ________
 I                  0             0             0             0
 S                  0             0             0             0
 Q                  0             0             0             0
 CUB                0             0             0             0


           PSI
              I             S             Q             CUB
              ________      ________      ________      ________
 I                 34
 S                 35            36
 Q                 37            38            39
 CUB               40            41            42            43


     PARAMETER SPECIFICATION FOR LATENT CLASS REGRESSION MODEL PART


           ALPHA(C)
              C#1           C#2           C#3
              ________      ________      ________
                   44            45             0


     STARTING VALUES FOR LATENT CLASS 1


           NU
              SANS_0        SANS_1        SANS_2        SANS_3        SANS_6
              ________      ________      ________      ________      ________
                0.000         0.000         0.000         0.000         0.000


           NU
              SANS_9        SANS_12       SANS_18       SANS_24
              ________      ________      ________      ________
                0.000         0.000         0.000         0.000


           LAMBDA
              I             S             Q             CUB
              ________      ________      ________      ________
 SANS_0         1.000         0.000         0.000         0.000
 SANS_1         1.000         1.000         1.000         1.000
 SANS_2         1.000         2.000         4.000         8.000
 SANS_3         1.000         3.000         9.000        27.000
 SANS_6         1.000         6.000        36.000       216.000
 SANS_9         1.000         9.000        81.000       729.000
 SANS_12        1.000        12.000       144.000      1728.000
 SANS_18        1.000        18.000       324.000      5832.000
 SANS_24        1.000        24.000       576.000     13824.000


           THETA
              SANS_0        SANS_1        SANS_2        SANS_3        SANS_6
              ________      ________      ________      ________      ________
 SANS_0         6.715
 SANS_1         0.000         6.971
 SANS_2         0.000         0.000         7.373
 SANS_3         0.000         0.000         0.000         7.347
 SANS_6         0.000         0.000         0.000         0.000         8.219
 SANS_9         0.000         0.000         0.000         0.000         0.000
 SANS_12        0.000         0.000         0.000         0.000         0.000
 SANS_18        0.000         0.000         0.000         0.000         0.000
 SANS_24        0.000         0.000         0.000         0.000         0.000


           THETA
              SANS_9        SANS_12       SANS_18       SANS_24
              ________      ________      ________      ________
 SANS_9         8.688
 SANS_12        0.000         9.222
 SANS_18        0.000         0.000         9.175
 SANS_24        0.000         0.000         0.000         9.364


           ALPHA
              I             S             Q             CUB
              ________      ________      ________      ________
                8.757        -0.932         0.125        -0.006


           BETA
              I             S             Q             CUB
              ________      ________      ________      ________
 I              0.000         0.000         0.000         0.000
 S              0.000         0.000         0.000         0.000
 Q              0.000         0.000         0.000         0.000
 CUB            0.000         0.000         0.000         0.000


           PSI
              I             S             Q             CUB
              ________      ________      ________      ________
 I              9.993
 S              0.000         8.282
 Q              0.000         0.000         0.645
 CUB            0.000         0.000         0.000         0.003


     STARTING VALUES FOR LATENT CLASS 2


           NU
              SANS_0        SANS_1        SANS_2        SANS_3        SANS_6
              ________      ________      ________      ________      ________
                0.000         0.000         0.000         0.000         0.000


           NU
              SANS_9        SANS_12       SANS_18       SANS_24
              ________      ________      ________      ________
                0.000         0.000         0.000         0.000


           LAMBDA
              I             S             Q             CUB
              ________      ________      ________      ________
 SANS_0         1.000         0.000         0.000         0.000
 SANS_1         1.000         1.000         1.000         1.000
 SANS_2         1.000         2.000         4.000         8.000
 SANS_3         1.000         3.000         9.000        27.000
 SANS_6         1.000         6.000        36.000       216.000
 SANS_9         1.000         9.000        81.000       729.000
 SANS_12        1.000        12.000       144.000      1728.000
 SANS_18        1.000        18.000       324.000      5832.000
 SANS_24        1.000        24.000       576.000     13824.000


           THETA
              SANS_0        SANS_1        SANS_2        SANS_3        SANS_6
              ________      ________      ________      ________      ________
 SANS_0         6.715
 SANS_1         0.000         6.971
 SANS_2         0.000         0.000         7.373
 SANS_3         0.000         0.000         0.000         7.347
 SANS_6         0.000         0.000         0.000         0.000         8.219
 SANS_9         0.000         0.000         0.000         0.000         0.000
 SANS_12        0.000         0.000         0.000         0.000         0.000
 SANS_18        0.000         0.000         0.000         0.000         0.000
 SANS_24        0.000         0.000         0.000         0.000         0.000


           THETA
              SANS_9        SANS_12       SANS_18       SANS_24
              ________      ________      ________      ________
 SANS_9         8.688
 SANS_12        0.000         9.222
 SANS_18        0.000         0.000         9.175
 SANS_24        0.000         0.000         0.000         9.364


           ALPHA
              I             S             Q             CUB
              ________      ________      ________      ________
                8.757        -0.932         0.125        -0.006


           BETA
              I             S             Q             CUB
              ________      ________      ________      ________
 I              0.000         0.000         0.000         0.000
 S              0.000         0.000         0.000         0.000
 Q              0.000         0.000         0.000         0.000
 CUB            0.000         0.000         0.000         0.000


           PSI
              I             S             Q             CUB
              ________      ________      ________      ________
 I              9.993
 S              0.000         8.282
 Q              0.000         0.000         0.645
 CUB            0.000         0.000         0.000         0.003


     STARTING VALUES FOR LATENT CLASS 3


           NU
              SANS_0        SANS_1        SANS_2        SANS_3        SANS_6
              ________      ________      ________      ________      ________
                0.000         0.000         0.000         0.000         0.000


           NU
              SANS_9        SANS_12       SANS_18       SANS_24
              ________      ________      ________      ________
                0.000         0.000         0.000         0.000


           LAMBDA
              I             S             Q             CUB
              ________      ________      ________      ________
 SANS_0         1.000         0.000         0.000         0.000
 SANS_1         1.000         1.000         1.000         1.000
 SANS_2         1.000         2.000         4.000         8.000
 SANS_3         1.000         3.000         9.000        27.000
 SANS_6         1.000         6.000        36.000       216.000
 SANS_9         1.000         9.000        81.000       729.000
 SANS_12        1.000        12.000       144.000      1728.000
 SANS_18        1.000        18.000       324.000      5832.000
 SANS_24        1.000        24.000       576.000     13824.000


           THETA
              SANS_0        SANS_1        SANS_2        SANS_3        SANS_6
              ________      ________      ________      ________      ________
 SANS_0         6.715
 SANS_1         0.000         6.971
 SANS_2         0.000         0.000         7.373
 SANS_3         0.000         0.000         0.000         7.347
 SANS_6         0.000         0.000         0.000         0.000         8.219
 SANS_9         0.000         0.000         0.000         0.000         0.000
 SANS_12        0.000         0.000         0.000         0.000         0.000
 SANS_18        0.000         0.000         0.000         0.000         0.000
 SANS_24        0.000         0.000         0.000         0.000         0.000


           THETA
              SANS_9        SANS_12       SANS_18       SANS_24
              ________      ________      ________      ________
 SANS_9         8.688
 SANS_12        0.000         9.222
 SANS_18        0.000         0.000         9.175
 SANS_24        0.000         0.000         0.000         9.364


           ALPHA
              I             S             Q             CUB
              ________      ________      ________      ________
                8.757        -0.932         0.125        -0.006


           BETA
              I             S             Q             CUB
              ________      ________      ________      ________
 I              0.000         0.000         0.000         0.000
 S              0.000         0.000         0.000         0.000
 Q              0.000         0.000         0.000         0.000
 CUB            0.000         0.000         0.000         0.000


           PSI
              I             S             Q             CUB
              ________      ________      ________      ________
 I              9.993
 S              0.000         8.282
 Q              0.000         0.000         0.645
 CUB            0.000         0.000         0.000         0.003


     STARTING VALUES FOR LATENT CLASS REGRESSION MODEL PART


           ALPHA(C)
              C#1           C#2           C#3
              ________      ________      ________
                0.000         0.000         0.000


TECHNICAL 7 OUTPUT


     SAMPLE STATISTICS WEIGHTED BY ESTIMATED CLASS PROBABILITIES FOR CLASS 1


           Means
              SANS_0        SANS_1        SANS_2        SANS_3        SANS_6
              ________      ________      ________      ________      ________
               10.219         8.884         8.005         7.866         7.182


           Means
              SANS_9        SANS_12       SANS_18       SANS_24
              ________      ________      ________      ________
                6.761         6.748         6.385         5.906


           Covariances
              SANS_0        SANS_1        SANS_2        SANS_3        SANS_6
              ________      ________      ________      ________      ________
 SANS_0        13.430
 SANS_1         8.296        13.942
 SANS_2         7.340        12.701        14.747
 SANS_3         7.312        11.528        11.405        14.695
 SANS_6         6.688        10.998         9.254         9.433        16.438
 SANS_9         6.522         8.383         7.313         7.916         9.757
 SANS_12        6.187         7.434         6.432         7.498         9.779
 SANS_18        5.300        10.734         7.240         7.761         9.182
 SANS_24        5.170         9.737         5.722         7.692         8.057


           Covariances
              SANS_9        SANS_12       SANS_18       SANS_24
              ________      ________      ________      ________
 SANS_9        17.377
 SANS_12       12.659        18.444
 SANS_18       10.658        11.548        18.350
 SANS_24       10.132        10.379        12.694        18.729


     SAMPLE STATISTICS WEIGHTED BY ESTIMATED CLASS PROBABILITIES FOR CLASS 2


           Means
              SANS_0        SANS_1        SANS_2        SANS_3        SANS_6
              ________      ________      ________      ________      ________
               12.931         7.786        12.342         5.389         3.475


           Means
              SANS_9        SANS_12       SANS_18       SANS_24
              ________      ________      ________      ________
               14.625        13.291         1.632        13.026


           Covariances
              SANS_0        SANS_1        SANS_2        SANS_3        SANS_6
              ________      ________      ________      ________      ________
 SANS_0         0.744
 SANS_1        -0.112         2.598
 SANS_2         0.211       -63.965        13.928
 SANS_3         0.117       -24.420         5.131         2.040
 SANS_6         0.217       -19.039         4.402         1.611         1.489
 SANS_9         1.088       -13.736         2.553         1.031         0.964
 SANS_12        0.062        13.160        -2.467        -0.933        -0.805
 SANS_18       -0.110        65.115       -13.697        -5.006        -4.325
 SANS_24        0.986       -83.158        16.072         6.308         5.065


           Covariances
              SANS_9        SANS_12       SANS_18       SANS_24
              ________      ________      ________      ________
 SANS_9         2.096
 SANS_12       -0.337         0.555
 SANS_18       -2.436         2.501        13.581
 SANS_24        4.398        -2.889       -15.821        20.958


     SAMPLE STATISTICS WEIGHTED BY ESTIMATED CLASS PROBABILITIES FOR CLASS 3


           Means
              SANS_0        SANS_1        SANS_2        SANS_3        SANS_6
              ________      ________      ________      ________      ________
               12.931         7.786        12.342         5.389         3.475


           Means
              SANS_9        SANS_12       SANS_18       SANS_24
              ________      ________      ________      ________
               14.625        13.291         1.632        13.026


           Covariances
              SANS_0        SANS_1        SANS_2        SANS_3        SANS_6
              ________      ________      ________      ________      ________
 SANS_0         0.744
 SANS_1        -0.112         2.598
 SANS_2         0.211       -63.965        13.928
 SANS_3         0.117       -24.420         5.131         2.040
 SANS_6         0.217       -19.039         4.402         1.611         1.489
 SANS_9         1.088       -13.736         2.553         1.031         0.964
 SANS_12        0.062        13.160        -2.467        -0.933        -0.805
 SANS_18       -0.110        65.115       -13.697        -5.006        -4.325
 SANS_24        0.986       -83.158        16.072         6.308         5.065


           Covariances
              SANS_9        SANS_12       SANS_18       SANS_24
              ________      ________      ________      ________
 SANS_9         2.096
 SANS_12       -0.337         0.555
 SANS_18       -2.436         2.501        13.581
 SANS_24        4.398        -2.889       -15.821        20.958


TECHNICAL 11 OUTPUT

     Random Starts Specifications for the k-1 Class Analysis Model
        Number of initial stage random starts                2000
        Number of final stage optimizations                   500



SAVEDATA INFORMATION

     Factor scores were not computed.
     Class probabilities were not computed.
     No data were saved.


     Beginning Time:  01:10:06
        Ending Time:  01:17:00
       Elapsed Time:  00:06:54



MUTHEN & MUTHEN
3463 Stoner Ave.
Los Angeles, CA  90066

Tel: (310) 391-9971
Fax: (310) 391-8971
Web: www.StatModel.com
Support: Support@StatModel.com

Copyright (c) 1998-2021 Muthen & Muthen
